Episode: -1, total reward: 1199648.375
each agent reward: 1199648.375
Episode: 1, total reward: 495064.65625
each agent reward: 495064.65625
Episode 0 return: -818614.3125
Episode: 0, total reward: 495064.65625
each agent reward: 495064.65625
Episode 1 return: -846996.4375
Episode: 1, total reward: 495064.65625
each agent reward: 495064.65625
Episode 2 return: -772167.5625
Episode: 2, total reward: 495064.65625
each agent reward: 495064.65625
Episode 3 return: -857455.9375
Episode: 3, total reward: 495064.65625
each agent reward: 495064.65625
Episode 4 return: -816325.4375
Episode: 4, total reward: 495064.65625
each agent reward: 495064.65625
Episode 5 return: -781336.5625
Episode: 5, total reward: 495064.65625
each agent reward: 495064.65625
Episode 6 return: -806828.875
Episode: 6, total reward: 495064.65625
each agent reward: 495064.65625
Episode 7 return: -807948.1875
Episode: 7, total reward: 495064.65625
each agent reward: 495064.65625
Episode 8 return: -807733.8125
Episode: 8, total reward: 495064.65625
each agent reward: 495064.65625
Episode 9 return: -765246.75
Episode: 9, total reward: 495064.65625
each agent reward: 495064.65625
Episode 10 return: -812788.4375
Episode: 10, total reward: 495064.65625
each agent reward: 495064.65625
Episode 11 return: -839034.0
Episode: 11, total reward: 495064.65625
each agent reward: 495064.65625
Episode 12 return: -1029396.1875
Episode: 12, total reward: 846730.75
each agent reward: 846730.75
Episode 13 return: -1085408.0
Episode: 13, total reward: 846730.75
each agent reward: 846730.75
Episode 14 return: -1055206.0
Episode: 14, total reward: 846730.75
each agent reward: 846730.75
Episode 15 return: -1170625.25
Episode: 15, total reward: 846730.75
each agent reward: 846730.75
Episode 16 return: -1172497.0
Episode: 16, total reward: 846730.75
each agent reward: 846730.75
Episode 17 return: -1097048.0
Episode: 17, total reward: 846730.75
each agent reward: 846730.75
Episode 18 return: -1057500.875
Episode: 18, total reward: 846730.75
each agent reward: 846730.75
Episode 19 return: -1094261.125
Episode: 19, total reward: 846730.75
each agent reward: 846730.75
Episode 20 return: -1065906.125
Episode: 20, total reward: 846730.75
each agent reward: 846730.75
Episode 21 return: -1081793.5
Episode: 21, total reward: 846730.75
each agent reward: 846730.75
Episode 22 return: -1090608.625
Episode: 22, total reward: 846730.75
each agent reward: 846730.75
Episode 23 return: -1072791.75
Episode: 23, total reward: 846730.75
each agent reward: 846730.75
Episode 24 return: -1086822.0
Episode: 24, total reward: 846730.75
each agent reward: 846730.75
Episode 25 return: -1049298.875
Episode: 25, total reward: 846730.75
each agent reward: 846730.75
Episode 26 return: -1065335.375
Episode: 26, total reward: 846730.75
each agent reward: 846730.75
Episode 27 return: -1078862.875
Episode: 27, total reward: 846730.75
each agent reward: 846730.75
Episode 28 return: -1072636.375
Episode: 28, total reward: 846730.75
each agent reward: 846730.75
Episode 29 return: -1091579.25
Episode: 29, total reward: 846730.75
each agent reward: 846730.75
Episode 30 return: -1134732.25
Episode: 30, total reward: 846730.75
each agent reward: 846730.75
Episode 31 return: -1113992.5
Episode: 31, total reward: 846730.75
each agent reward: 846730.75
Episode 32 return: -1134554.375
Episode: 32, total reward: 846730.75
each agent reward: 846730.75
Episode 33 return: -1085731.125
Episode: 33, total reward: 846730.75
each agent reward: 846730.75
Episode 34 return: -1117468.125
Episode: 34, total reward: 846730.75
each agent reward: 846730.75
Episode 35 return: -1967872.375
Episode: 35, total reward: 846730.75
each agent reward: 846730.75
Episode 36 return: -1090561.875
Episode: 36, total reward: 846730.75
each agent reward: 846730.75
Episode 37 return: -1109114.375
Episode: 37, total reward: 846730.75
each agent reward: 846730.75
Episode 38 return: -1097523.25
Episode: 38, total reward: 846730.75
each agent reward: 846730.75
Episode 39 return: -1140298.0
Episode: 39, total reward: 846730.75
each agent reward: 846730.75
Episode 40 return: -1108283.125
Episode: 40, total reward: 846730.75
each agent reward: 846730.75
Episode 41 return: -1094212.25
Episode: 41, total reward: 846730.75
each agent reward: 846730.75
Episode 42 return: -1063204.125
Episode: 42, total reward: 846730.75
each agent reward: 846730.75
Episode 43 return: -1087740.875
Episode: 43, total reward: 846730.75
each agent reward: 846730.75
Episode 44 return: -1061742.375
Episode: 44, total reward: 846730.75
each agent reward: 846730.75
Episode 45 return: -1065888.0
Episode: 45, total reward: 846730.75
each agent reward: 846730.75
Episode 46 return: -996974.0
Episode: 46, total reward: 846730.75
each agent reward: 846730.75
Episode 47 return: -1063333.875
Episode: 47, total reward: 846730.75
each agent reward: 846730.75
Episode 48 return: -1081843.125
Episode: 48, total reward: 846730.75
each agent reward: 846730.75
Episode 49 return: -1043448.375
Episode: 49, total reward: 846730.75
each agent reward: 846730.75
Episode 50 return: -1118835.875
Episode: 50, total reward: 846730.75
each agent reward: 846730.75
Episode 51 return: -1065713.375
Episode: 51, total reward: 846730.75
each agent reward: 846730.75
Episode 52 return: -1067027.5
Episode: 52, total reward: 729080.375
each agent reward: 729080.375
Episode 53 return: -1065724.875
Episode: 53, total reward: 729080.375
each agent reward: 729080.375
Episode 54 return: -960388.125
Episode: 54, total reward: 729080.375
each agent reward: 729080.375
Episode 55 return: -984913.6875
Episode: 55, total reward: 729080.375
each agent reward: 729080.375
Episode 56 return: -1018716.0
Episode: 56, total reward: 729080.375
each agent reward: 729080.375
Episode 57 return: -1033556.375
Episode: 57, total reward: 733801.0625
each agent reward: 733801.0625
Episode 58 return: -997609.125
Episode: 58, total reward: 729007.125
each agent reward: 729007.125
Episode 59 return: -997431.3125
Episode: 59, total reward: 729007.125
each agent reward: 729007.125
Episode 60 return: -1026511.4375
Episode: 60, total reward: 729007.125
each agent reward: 729007.125
Episode 61 return: -1029289.0
Episode: 61, total reward: 729007.125
each agent reward: 729007.125
Episode 62 return: -948430.4375
Episode: 62, total reward: 729007.125
each agent reward: 729007.125
Episode 63 return: -1073142.875
Episode: 63, total reward: 729007.125
each agent reward: 729007.125
Episode 64 return: -1048593.0
Episode: 64, total reward: 729007.125
each agent reward: 729007.125
Episode 65 return: -996839.375
Episode: 65, total reward: 729007.125
each agent reward: 729007.125
Episode 66 return: -947841.1875
Episode: 66, total reward: 729007.125
each agent reward: 729007.125
Episode 67 return: -1001628.125
Episode: 67, total reward: 729007.125
each agent reward: 729007.125
Episode 68 return: -999761.625
Episode: 68, total reward: 729007.125
each agent reward: 729007.125
Episode 69 return: -989699.0
Episode: 69, total reward: 729007.125
each agent reward: 729007.125
Episode 70 return: -1131896.625
Episode: 70, total reward: 729007.125
each agent reward: 729007.125
Episode 71 return: -1021362.9375
Episode: 71, total reward: 729007.125
each agent reward: 729007.125
Episode 72 return: -1035457.125
Episode: 72, total reward: 729007.125
each agent reward: 729007.125
Episode 73 return: -999560.8125
Episode: 73, total reward: 729007.125
each agent reward: 729007.125
Episode 74 return: -1052750.375
Episode: 74, total reward: 729007.125
each agent reward: 729007.125
Episode 75 return: -1001505.6875
Episode: 75, total reward: 729007.125
each agent reward: 729007.125
Episode 76 return: -1100410.75
Episode: 76, total reward: 729007.125
each agent reward: 729007.125
Episode 77 return: -996279.5
Episode: 77, total reward: 729007.125
each agent reward: 729007.125
Episode 78 return: -1008571.5625
Episode: 78, total reward: 729007.125
each agent reward: 729007.125
Episode 79 return: -985463.875
Episode: 79, total reward: 729007.125
each agent reward: 729007.125
Episode 80 return: -983848.875
Episode: 80, total reward: 729007.125
each agent reward: 729007.125
Episode 81 return: -964344.9375
Episode: 81, total reward: 730245.5
each agent reward: 730245.5
Episode 82 return: -1043999.3125
Episode: 82, total reward: 733619.0
each agent reward: 733619.0
Episode 83 return: -987094.875
Episode: 83, total reward: 732208.6875
each agent reward: 732208.6875
Episode 84 return: -994783.3125
Episode: 84, total reward: 728037.5625
each agent reward: 728037.5625
Episode 85 return: -962899.875
Episode: 85, total reward: 728037.5625
each agent reward: 728037.5625
Episode 86 return: -962985.8125
Episode: 86, total reward: 728037.5625
each agent reward: 728037.5625
Episode 87 return: -979777.9375
Episode: 87, total reward: 728037.5625
each agent reward: 728037.5625
Episode 88 return: -935519.6875
Episode: 88, total reward: 728037.5625
each agent reward: 728037.5625
Episode 89 return: -987556.5
Episode: 89, total reward: 728037.5625
each agent reward: 728037.5625
Episode 90 return: -1033478.375
Episode: 90, total reward: 728037.5625
each agent reward: 728037.5625
Episode 91 return: -985046.8125
Episode: 91, total reward: 728037.5625
each agent reward: 728037.5625
Episode 92 return: -920288.4375
Episode: 92, total reward: 728037.5625
each agent reward: 728037.5625
Episode 93 return: -973475.8125
Episode: 93, total reward: 728037.5625
each agent reward: 728037.5625
Episode 94 return: -1003189.3125
Episode: 94, total reward: 728037.5625
each agent reward: 728037.5625
Episode 95 return: -997163.375
Episode: 95, total reward: 728037.5625
each agent reward: 728037.5625
Episode 96 return: -1020834.1875
Episode: 96, total reward: 728037.5625
each agent reward: 728037.5625
Episode 97 return: -935054.375
Episode: 97, total reward: 728037.5625
each agent reward: 728037.5625
Episode 98 return: -1054654.75
Episode: 98, total reward: 728037.5625
each agent reward: 728037.5625
Episode 99 return: -964840.8125
Episode: 99, total reward: 728037.5625
each agent reward: 728037.5625
Episode 100 return: -1057943.625
Episode: 100, total reward: 728037.5625
each agent reward: 728037.5625
Episode 101 return: -963825.5625
Episode: 101, total reward: 728037.5625
each agent reward: 728037.5625
Episode 102 return: -995093.875
Episode: 102, total reward: 728037.5625
each agent reward: 728037.5625
Episode 103 return: -1014187.0625
Episode: 103, total reward: 728037.5625
each agent reward: 728037.5625
Episode 104 return: -971552.25
Episode: 104, total reward: 728879.75
each agent reward: 728879.75
Episode 105 return: -1010171.375
Episode: 105, total reward: 728879.75
each agent reward: 728879.75
Episode 106 return: -1020907.0625
Episode: 106, total reward: 730135.125
each agent reward: 730135.125
Episode 107 return: -975756.125
Episode: 107, total reward: 727004.3125
each agent reward: 727004.3125
Episode 108 return: -1018389.125
Episode: 108, total reward: 722657.9375
each agent reward: 722657.9375
Episode 109 return: -1012630.625
Episode: 109, total reward: 698707.875
each agent reward: 698707.875
Episode 110 return: -1026256.75
Episode: 110, total reward: 698707.875
each agent reward: 698707.875
Episode 111 return: -1021863.25
Episode: 111, total reward: 638557.5625
each agent reward: 638557.5625
Episode 112 return: -1067635.0
Episode: 112, total reward: 615785.8125
each agent reward: 615785.8125
Episode 113 return: -1024989.1875
Episode: 113, total reward: 611062.8125
each agent reward: 611062.8125
Episode 114 return: -1099357.75
Episode: 114, total reward: 612204.5
each agent reward: 612204.5
Episode 115 return: -1120795.25
Episode: 115, total reward: 612204.5
each agent reward: 612204.5
Episode 116 return: -1058197.125
Episode: 116, total reward: 602367.9375
each agent reward: 602367.9375
Episode 117 return: -1173564.625
Episode: 117, total reward: 590344.5625
each agent reward: 590344.5625
Episode 118 return: -1202015.125
Episode: 118, total reward: 580374.125
each agent reward: 580374.125
Episode 119 return: -1222201.5
Episode: 119, total reward: 527960.5625
each agent reward: 527960.5625
Episode 120 return: -1239325.875
Episode: 120, total reward: 527960.5625
each agent reward: 527960.5625
Episode 121 return: -1244582.75
Episode: 121, total reward: 496168.0
each agent reward: 496168.0
Episode 122 return: -1280443.25
Episode: 122, total reward: 497080.96875
each agent reward: 497080.96875
Episode 123 return: -1249652.625
Episode: 123, total reward: 498332.40625
each agent reward: 498332.40625
Episode 124 return: -1264695.375
Episode: 124, total reward: 499125.59375
each agent reward: 499125.59375
Episode 125 return: -1264790.25
Episode: 125, total reward: 499125.59375
each agent reward: 499125.59375
Episode 126 return: -1472089.5
Episode: 126, total reward: 506501.25
each agent reward: 506501.25
Episode 127 return: -1419925.5
Episode: 127, total reward: 512216.125
each agent reward: 512216.125
Episode 128 return: -1482135.0
Episode: 128, total reward: 520863.28125
each agent reward: 520863.28125
Episode 129 return: -1464300.5
Episode: 129, total reward: 526592.125
each agent reward: 526592.125
Episode 130 return: -1479990.375
Episode: 130, total reward: 526592.125
each agent reward: 526592.125
Episode 131 return: -1395040.25
Episode: 131, total reward: 536401.3125
each agent reward: 536401.3125
Episode 132 return: -1423995.0
Episode: 132, total reward: 548931.375
each agent reward: 548931.375
Episode 133 return: -1402980.5
Episode: 133, total reward: 562769.375
each agent reward: 562769.375
Episode 134 return: -1465959.375
Episode: 134, total reward: 534129.875
each agent reward: 534129.875
Episode 135 return: -1663060.625
Episode: 135, total reward: 534129.875
each agent reward: 534129.875
Episode 136 return: -1561848.375
Episode: 136, total reward: 532629.625
each agent reward: 532629.625
Episode 137 return: -1481580.5
Episode: 137, total reward: 533812.125
each agent reward: 533812.125
Episode 138 return: -1659045.625
Episode: 138, total reward: 538841.75
each agent reward: 538841.75
Episode 139 return: -1703054.75
Episode: 139, total reward: 540349.8125
each agent reward: 540349.8125
Episode 140 return: -1612990.625
Episode: 140, total reward: 540349.8125
each agent reward: 540349.8125
Episode 141 return: -1650208.375
Episode: 141, total reward: 548950.25
each agent reward: 548950.25
Episode 142 return: -1636698.5
Episode: 142, total reward: 559363.4375
each agent reward: 559363.4375
Episode 143 return: -1648231.125
Episode: 143, total reward: 569452.25
each agent reward: 569452.25
Episode 144 return: -1646494.25
Episode: 144, total reward: 593833.375
each agent reward: 593833.375
Episode 145 return: -1502494.875
Episode: 145, total reward: 593833.375
each agent reward: 593833.375
Episode 146 return: -1633662.25
Episode: 146, total reward: 592666.4375
each agent reward: 592666.4375
Episode 147 return: -1621706.125
Episode: 147, total reward: 628252.875
each agent reward: 628252.875
Episode 148 return: -1549940.5
Episode: 148, total reward: 634839.3125
each agent reward: 634839.3125
Episode 149 return: -1687410.625
Episode: 149, total reward: 654942.75
each agent reward: 654942.75
Episode 150 return: -1679067.625
Episode: 150, total reward: 654942.75
each agent reward: 654942.75
Episode 151 return: -1734595.125
Episode: 151, total reward: 649147.1875
each agent reward: 649147.1875
Episode 152 return: -1636191.375
Episode: 152, total reward: 589581.875
each agent reward: 589581.875
Episode 153 return: -1725583.625
Episode: 153, total reward: 548473.0625
each agent reward: 548473.0625
Episode 154 return: -1774710.75
Episode: 154, total reward: 522085.3125
each agent reward: 522085.3125
Episode 155 return: -1626912.875
Episode: 155, total reward: 522085.3125
each agent reward: 522085.3125
Episode 156 return: -1647891.0
Episode: 156, total reward: 521052.1875
each agent reward: 521052.1875
Episode 157 return: -1628582.625
Episode: 157, total reward: 528741.8125
each agent reward: 528741.8125
Episode 158 return: -1580539.25
Episode: 158, total reward: 552801.5625
each agent reward: 552801.5625
Episode 159 return: -1739687.125
Episode: 159, total reward: 579083.3125
each agent reward: 579083.3125
Episode 160 return: -1723116.0
Episode: 160, total reward: 579083.3125
each agent reward: 579083.3125
Episode 161 return: -1748455.0
Episode: 161, total reward: 672627.375
each agent reward: 672627.375
Episode 162 return: -1529930.25
Episode: 162, total reward: 703270.0
each agent reward: 703270.0
Episode 163 return: -1728151.125
Episode: 163, total reward: 689543.6875
each agent reward: 689543.6875
Episode 164 return: -1698468.0
Episode: 164, total reward: 638555.75
each agent reward: 638555.75
Episode 165 return: -1720811.25
Episode: 165, total reward: 638555.75
each agent reward: 638555.75
Episode 166 return: -1505397.625
Episode: 166, total reward: 627375.125
each agent reward: 627375.125
Episode 167 return: -1648340.75
Episode: 167, total reward: 535444.375
each agent reward: 535444.375
Episode 168 return: -1367943.0
Episode: 168, total reward: 430937.0625
each agent reward: 430937.0625
Episode 169 return: -1513665.5
Episode: 169, total reward: 386874.0625
each agent reward: 386874.0625
Episode 170 return: -1657491.125
Episode: 170, total reward: 386874.0625
each agent reward: 386874.0625
Episode 171 return: -1504099.125
Episode: 171, total reward: 397626.71875
each agent reward: 397626.71875
Episode 172 return: -1391361.25
Episode: 172, total reward: 461744.78125
each agent reward: 461744.78125
Episode 173 return: -1552293.5
Episode: 173, total reward: 468562.25
each agent reward: 468562.25
Episode 174 return: -1387653.375
Episode: 174, total reward: 464504.90625
each agent reward: 464504.90625
Episode 175 return: -1506323.75
Episode: 175, total reward: 464504.90625
each agent reward: 464504.90625
Episode 176 return: -1368544.5
Episode: 176, total reward: 473160.59375
each agent reward: 473160.59375
Episode 177 return: -1537060.125
Episode: 177, total reward: 472114.09375
each agent reward: 472114.09375
Episode 178 return: -1544832.25
Episode: 178, total reward: 477107.84375
each agent reward: 477107.84375
Episode 179 return: -1551986.125
Episode: 179, total reward: 471270.65625
each agent reward: 471270.65625
Episode 180 return: -1436934.0
Episode: 180, total reward: 471270.65625
each agent reward: 471270.65625
Episode 181 return: -1517905.75
Episode: 181, total reward: 1395082.375
each agent reward: 1395082.375
Episode 182 return: -1558200.5
Episode: 182, total reward: 1398252.5
each agent reward: 1398252.5
Episode 183 return: -1433939.75
Episode: 183, total reward: 1360065.75
each agent reward: 1360065.75
Episode 184 return: -1509513.0
Episode: 184, total reward: 427470.53125
each agent reward: 427470.53125
Episode 185 return: -1452276.5
Episode: 185, total reward: 427470.53125
each agent reward: 427470.53125
Episode 186 return: -1454253.125
Episode: 186, total reward: 397136.25
each agent reward: 397136.25
Episode 187 return: -1522935.875
Episode: 187, total reward: 389408.71875
each agent reward: 389408.71875
Episode 188 return: -1417538.625
Episode: 188, total reward: 391489.75
each agent reward: 391489.75
Episode 189 return: -1551530.625
Episode: 189, total reward: 392547.40625
each agent reward: 392547.40625
Episode 190 return: -1527123.125
Episode: 190, total reward: 392547.40625
each agent reward: 392547.40625
Episode 191 return: -1589779.25
Episode: 191, total reward: 393323.6875
each agent reward: 393323.6875
Episode 192 return: -1579163.375
Episode: 192, total reward: 426709.4375
each agent reward: 426709.4375
Episode 193 return: -1543686.75
Episode: 193, total reward: 452787.28125
each agent reward: 452787.28125
Episode 194 return: -1576708.875
Episode: 194, total reward: 588773.375
each agent reward: 588773.375
Episode 195 return: -1535362.375
Episode: 195, total reward: 588773.375
each agent reward: 588773.375
Episode 196 return: -1572572.0
Episode: 196, total reward: 609630.375
each agent reward: 609630.375
Episode 197 return: -1486818.5
Episode: 197, total reward: 598508.5625
each agent reward: 598508.5625
Episode 198 return: -1419975.5
Episode: 198, total reward: 579337.6875
each agent reward: 579337.6875
Episode 199 return: -1418983.375
Episode: 199, total reward: 561925.3125
each agent reward: 561925.3125
Episode 200 return: -1384340.5
Episode: 200, total reward: 561925.3125
each agent reward: 561925.3125
Episode 201 return: -1347347.375
Episode: 201, total reward: 543935.875
each agent reward: 543935.875
Episode 202 return: -1389184.125
Episode: 202, total reward: 515127.40625
each agent reward: 515127.40625
Episode 203 return: -1456481.375
Episode: 203, total reward: 505840.21875
each agent reward: 505840.21875
Episode 204 return: -1485919.75
Episode: 204, total reward: 498856.96875
each agent reward: 498856.96875
Episode 205 return: -1397559.625
Episode: 205, total reward: 498856.96875
each agent reward: 498856.96875
Episode 206 return: -1301219.875
Episode: 206, total reward: 492419.75
each agent reward: 492419.75
Episode 207 return: -1304077.875
Episode: 207, total reward: 497661.78125
each agent reward: 497661.78125
Episode 208 return: -1349767.75
Episode: 208, total reward: 493604.40625
each agent reward: 493604.40625
Episode 209 return: -1377516.5
Episode: 209, total reward: 496390.96875
each agent reward: 496390.96875
Episode 210 return: -1353421.0
Episode: 210, total reward: 496390.96875
each agent reward: 496390.96875
Episode 211 return: -1284447.625
Episode: 211, total reward: 496962.40625
each agent reward: 496962.40625
Episode 212 return: -1291209.125
Episode: 212, total reward: 496893.46875
each agent reward: 496893.46875
Episode 213 return: -1372770.75
Episode: 213, total reward: 505373.90625
each agent reward: 505373.90625
Episode 214 return: -1365892.25
Episode: 214, total reward: 610511.5625
each agent reward: 610511.5625
Episode 215 return: -1240020.375
Episode: 215, total reward: 610511.5625
each agent reward: 610511.5625
Episode 216 return: -1276354.375
Episode: 216, total reward: 630911.5
each agent reward: 630911.5
Episode 217 return: -1269450.5
Episode: 217, total reward: 665771.8125
each agent reward: 665771.8125
Episode 218 return: -1202333.375
Episode: 218, total reward: 614700.6875
each agent reward: 614700.6875
Episode 219 return: -1162850.0
Episode: 219, total reward: 680064.25
each agent reward: 680064.25
Episode 220 return: -1132448.25
Episode: 220, total reward: 680064.25
each agent reward: 680064.25
Episode 221 return: -1022053.875
Episode: 221, total reward: 666324.75
each agent reward: 666324.75
Episode 222 return: -1172578.625
Episode: 222, total reward: 664891.9375
each agent reward: 664891.9375
Episode 223 return: -1011225.25
Episode: 223, total reward: 734133.6875
each agent reward: 734133.6875
Episode 224 return: -1102425.125
Episode: 224, total reward: 731002.375
each agent reward: 731002.375
Episode 225 return: -1034840.625
Episode: 225, total reward: 731002.375
each agent reward: 731002.375
Episode 226 return: -1047772.1875
Episode: 226, total reward: 729688.6875
each agent reward: 729688.6875
Episode 227 return: -1061370.375
Episode: 227, total reward: 736657.375
each agent reward: 736657.375
Episode 228 return: -1024218.625
Episode: 228, total reward: 715201.4375
each agent reward: 715201.4375
Episode 229 return: -1136604.75
Episode: 229, total reward: 636224.5
each agent reward: 636224.5
Episode 230 return: -1005403.1875
Episode: 230, total reward: 636224.5
each agent reward: 636224.5
Episode 231 return: -1019035.75
Episode: 231, total reward: 632796.5
each agent reward: 632796.5
Episode 232 return: -1072902.0
Episode: 232, total reward: 695963.3125
each agent reward: 695963.3125
Episode 233 return: -1039322.5625
Episode: 233, total reward: 718969.4375
each agent reward: 718969.4375
Episode 234 return: -971756.0625
Episode: 234, total reward: 592805.0
each agent reward: 592805.0
Episode 235 return: -1015285.125
Episode: 235, total reward: 592805.0
each agent reward: 592805.0
Episode 236 return: -984083.25
Episode: 236, total reward: 522592.4375
each agent reward: 522592.4375
Episode 237 return: -1061482.875
Episode: 237, total reward: 492188.875
each agent reward: 492188.875
Episode 238 return: -1065506.875
Episode: 238, total reward: 498505.90625
each agent reward: 498505.90625
Episode 239 return: -997218.75
Episode: 239, total reward: 499063.5625
each agent reward: 499063.5625
Episode 240 return: -982423.1875
Episode: 240, total reward: 499063.5625
each agent reward: 499063.5625
Episode 241 return: -886302.5625
Episode: 241, total reward: 479339.15625
each agent reward: 479339.15625
Episode 242 return: -964229.875
Episode: 242, total reward: 425322.96875
each agent reward: 425322.96875
Episode 243 return: -1023373.3125
Episode: 243, total reward: 404905.75
each agent reward: 404905.75
Episode 244 return: -898138.0625
Episode: 244, total reward: 376182.34375
each agent reward: 376182.34375
Episode 245 return: -968421.0625
Episode: 245, total reward: 376182.34375
each agent reward: 376182.34375
Episode 246 return: -951446.625
Episode: 246, total reward: 376321.34375
each agent reward: 376321.34375
Episode 247 return: -976933.375
Episode: 247, total reward: 376139.4375
each agent reward: 376139.4375
Episode 248 return: -932444.5625
Episode: 248, total reward: 378805.6875
each agent reward: 378805.6875
Episode 249 return: -953666.0
Episode: 249, total reward: 378911.375
each agent reward: 378911.375
Episode 250 return: -904009.8125
Episode: 250, total reward: 378911.375
each agent reward: 378911.375
Episode 251 return: -881840.25
Episode: 251, total reward: 376610.375
each agent reward: 376610.375
Episode 252 return: -936848.3125
Episode: 252, total reward: 378975.6875
each agent reward: 378975.6875
Episode 253 return: -958225.375
Episode: 253, total reward: 381777.0625
each agent reward: 381777.0625
Episode 254 return: -946537.625
Episode: 254, total reward: 386545.28125
each agent reward: 386545.28125
Episode 255 return: -995123.0625
Episode: 255, total reward: 386545.28125
each agent reward: 386545.28125
Episode 256 return: -911879.875
Episode: 256, total reward: 383673.375
each agent reward: 383673.375
Episode 257 return: -931197.875
Episode: 257, total reward: 383547.78125
each agent reward: 383547.78125
Episode 258 return: -944855.0625
Episode: 258, total reward: 380823.65625
each agent reward: 380823.65625
Episode 259 return: -870024.0
Episode: 259, total reward: 376722.84375
each agent reward: 376722.84375
Episode 260 return: -919382.6875
Episode: 260, total reward: 376722.84375
each agent reward: 376722.84375
Episode 261 return: -1004238.375
Episode: 261, total reward: 375398.15625
each agent reward: 375398.15625
Episode 262 return: -1115840.625
Episode: 262, total reward: 376578.8125
each agent reward: 376578.8125
Episode 263 return: -1029879.1875
Episode: 263, total reward: 378436.4375
each agent reward: 378436.4375
Episode 264 return: -991114.375
Episode: 264, total reward: 378193.0625
each agent reward: 378193.0625
Episode 265 return: -1079391.875
Episode: 265, total reward: 378193.0625
each agent reward: 378193.0625
Episode 266 return: -978449.8125
Episode: 266, total reward: 379153.53125
each agent reward: 379153.53125
Episode 267 return: -981992.5
Episode: 267, total reward: 380798.96875
each agent reward: 380798.96875
Episode 268 return: -1043500.0
Episode: 268, total reward: 378096.4375
each agent reward: 378096.4375
Episode 269 return: -978437.5
Episode: 269, total reward: 391310.0625
each agent reward: 391310.0625
Episode 270 return: -1033979.75
Episode: 270, total reward: 391310.0625
each agent reward: 391310.0625
Episode 271 return: -989642.875
Episode: 271, total reward: 432442.75
each agent reward: 432442.75
Episode 272 return: -998158.6875
Episode: 272, total reward: 428813.40625
each agent reward: 428813.40625
Episode 273 return: -1177021.75
Episode: 273, total reward: 419562.375
each agent reward: 419562.375
Episode 274 return: -1036952.875
Episode: 274, total reward: 408506.96875
each agent reward: 408506.96875
Episode 275 return: -1046872.4375
Episode: 275, total reward: 408506.96875
each agent reward: 408506.96875
Episode 276 return: -1115378.375
Episode: 276, total reward: 378263.34375
each agent reward: 378263.34375
Episode 277 return: -1194197.75
Episode: 277, total reward: 380007.625
each agent reward: 380007.625
Episode 278 return: -1094203.25
Episode: 278, total reward: 387405.25
each agent reward: 387405.25
Episode 279 return: -1103059.0
Episode: 279, total reward: 387084.03125
each agent reward: 387084.03125
Episode 280 return: -1153642.125
Episode: 280, total reward: 387084.03125
each agent reward: 387084.03125
Episode 281 return: -1173611.5
Episode: 281, total reward: 378533.09375
each agent reward: 378533.09375
Episode 282 return: -1229520.875
Episode: 282, total reward: 380844.0625
each agent reward: 380844.0625
Episode 283 return: -1168146.375
Episode: 283, total reward: 383293.4375
each agent reward: 383293.4375
Episode 284 return: -1212124.0
Episode: 284, total reward: 393996.46875
each agent reward: 393996.46875
Episode 285 return: -1174818.5
Episode: 285, total reward: 393996.46875
each agent reward: 393996.46875
Episode 286 return: -1192807.25
Episode: 286, total reward: 457681.28125
each agent reward: 457681.28125
Episode 287 return: -1231588.375
Episode: 287, total reward: 477100.8125
each agent reward: 477100.8125
Episode 288 return: -1265297.5
Episode: 288, total reward: 520813.5
each agent reward: 520813.5
Episode 289 return: -1256050.0
Episode: 289, total reward: 484074.96875
each agent reward: 484074.96875
Episode 290 return: -1215821.75
Episode: 290, total reward: 484074.96875
each agent reward: 484074.96875
Episode 291 return: -1196173.125
Episode: 291, total reward: 487216.90625
each agent reward: 487216.90625
Episode 292 return: -1235346.25
Episode: 292, total reward: 460767.15625
each agent reward: 460767.15625
Episode 293 return: -1223199.0
Episode: 293, total reward: 397315.65625
each agent reward: 397315.65625
Episode 294 return: -1117515.25
Episode: 294, total reward: 395524.90625
each agent reward: 395524.90625
Episode 295 return: -1209217.875
Episode: 295, total reward: 395524.90625
each agent reward: 395524.90625
Episode 296 return: -1068293.0
Episode: 296, total reward: 399463.8125
each agent reward: 399463.8125
Episode 297 return: -1112980.875
Episode: 297, total reward: 417048.65625
each agent reward: 417048.65625
Episode 298 return: -1134772.75
Episode: 298, total reward: 403564.875
each agent reward: 403564.875
Episode 299 return: -1122968.125
Episode: 299, total reward: 415037.8125
each agent reward: 415037.8125
Episode 300 return: -1116832.375
Episode: 300, total reward: 415037.8125
each agent reward: 415037.8125
Episode 301 return: -1073049.0
Episode: 301, total reward: 390047.875
each agent reward: 390047.875
Episode 302 return: -1167012.375
Episode: 302, total reward: 383102.28125
each agent reward: 383102.28125
Episode 303 return: -1173166.875
Episode: 303, total reward: 384050.75
each agent reward: 384050.75
Episode 304 return: -1071737.0
Episode: 304, total reward: 387303.90625
each agent reward: 387303.90625
Episode 305 return: -1031851.6875
Episode: 305, total reward: 387303.90625
each agent reward: 387303.90625
Episode 306 return: -1153133.875
Episode: 306, total reward: 387082.15625
each agent reward: 387082.15625
Episode 307 return: -1076008.5
Episode: 307, total reward: 384610.96875
each agent reward: 384610.96875
Episode 308 return: -1168501.0
Episode: 308, total reward: 430246.875
each agent reward: 430246.875
Episode 309 return: -1216637.625
Episode: 309, total reward: 421765.46875
each agent reward: 421765.46875
Episode 310 return: -1315829.625
Episode: 310, total reward: 421765.46875
each agent reward: 421765.46875
Episode 311 return: -1177820.625
Episode: 311, total reward: 425551.625
each agent reward: 425551.625
Episode 312 return: -1174200.375
Episode: 312, total reward: 443456.09375
each agent reward: 443456.09375
Episode 313 return: -1241161.5
Episode: 313, total reward: 460228.25
each agent reward: 460228.25
Episode 314 return: -1117066.375
Episode: 314, total reward: 460892.15625
each agent reward: 460892.15625
Episode 315 return: -1170790.75
Episode: 315, total reward: 460892.15625
each agent reward: 460892.15625
Episode 316 return: -1084458.125
Episode: 316, total reward: 456986.78125
each agent reward: 456986.78125
Episode 317 return: -1157223.125
Episode: 317, total reward: 443824.1875
each agent reward: 443824.1875
Episode 318 return: -1145297.125
Episode: 318, total reward: 402497.40625
each agent reward: 402497.40625
Episode 319 return: -1001225.3125
Episode: 319, total reward: 379834.84375
each agent reward: 379834.84375
Episode 320 return: -1041453.75
Episode: 320, total reward: 379834.84375
each agent reward: 379834.84375
Episode 321 return: -1132074.25
Episode: 321, total reward: 381393.625
each agent reward: 381393.625
Episode 322 return: -1099218.625
Episode: 322, total reward: 381082.90625
each agent reward: 381082.90625
Episode 323 return: -1022211.5
Episode: 323, total reward: 382169.59375
each agent reward: 382169.59375
Episode 324 return: -1028616.8125
Episode: 324, total reward: 379845.46875
each agent reward: 379845.46875
Episode 325 return: -941680.5625
Episode: 325, total reward: 379845.46875
each agent reward: 379845.46875
Episode 326 return: -1057738.75
Episode: 326, total reward: 380279.5
each agent reward: 380279.5
Episode 327 return: -1072472.5
Episode: 327, total reward: 380719.46875
each agent reward: 380719.46875
Episode 328 return: -1034920.0625
Episode: 328, total reward: 382483.09375
each agent reward: 382483.09375
Episode 329 return: -1022685.4375
Episode: 329, total reward: 386823.6875
each agent reward: 386823.6875
Episode 330 return: -1073167.0
Episode: 330, total reward: 386823.6875
each agent reward: 386823.6875
Episode 331 return: -1140986.375
Episode: 331, total reward: 381241.125
each agent reward: 381241.125
Episode 332 return: -1126799.625
Episode: 332, total reward: 392891.4375
each agent reward: 392891.4375
Episode 333 return: -1026154.5625
Episode: 333, total reward: 427239.71875
each agent reward: 427239.71875
Episode 334 return: -1015530.9375
Episode: 334, total reward: 473809.78125
each agent reward: 473809.78125
Episode 335 return: -988236.25
Episode: 335, total reward: 473809.78125
each agent reward: 473809.78125
Episode 336 return: -895753.6875
Episode: 336, total reward: 507274.90625
each agent reward: 507274.90625
Episode 337 return: -856411.3125
Episode: 337, total reward: 467821.4375
each agent reward: 467821.4375
Episode 338 return: -935152.1875
Episode: 338, total reward: 425876.6875
each agent reward: 425876.6875
Episode 339 return: -879989.8125
Episode: 339, total reward: 375660.96875
each agent reward: 375660.96875
Episode 340 return: -876125.25
Episode: 340, total reward: 375660.96875
each agent reward: 375660.96875
Episode 341 return: -880938.8125
Episode: 341, total reward: 378654.3125
each agent reward: 378654.3125
Episode 342 return: -876933.3125
Episode: 342, total reward: 375522.6875
each agent reward: 375522.6875
Episode 343 return: -895608.0
Episode: 343, total reward: 377019.71875
each agent reward: 377019.71875
Episode 344 return: -866001.75
Episode: 344, total reward: 377648.59375
each agent reward: 377648.59375
Episode 345 return: -926374.25
Episode: 345, total reward: 377648.59375
each agent reward: 377648.59375
Episode 346 return: -941732.5625
Episode: 346, total reward: 380368.875
each agent reward: 380368.875
Episode 347 return: -940841.625
Episode: 347, total reward: 381818.78125
each agent reward: 381818.78125
Episode 348 return: -942838.9375
Episode: 348, total reward: 385086.59375
each agent reward: 385086.59375
Episode 349 return: -1071431.125
Episode: 349, total reward: 382704.4375
each agent reward: 382704.4375
Episode 350 return: -905829.0
Episode: 350, total reward: 382704.4375
each agent reward: 382704.4375
Episode 351 return: -799968.0625
Episode: 351, total reward: 378127.4375
each agent reward: 378127.4375
Episode 352 return: -908825.625
Episode: 352, total reward: 378415.34375
each agent reward: 378415.34375
Episode 353 return: -920561.1875
Episode: 353, total reward: 376258.125
each agent reward: 376258.125
Episode 354 return: -871802.4375
Episode: 354, total reward: 379689.28125
each agent reward: 379689.28125
Episode 355 return: -836138.8125
Episode: 355, total reward: 379689.28125
each agent reward: 379689.28125
Episode 356 return: -828231.5
Episode: 356, total reward: 377959.96875
each agent reward: 377959.96875
Episode 357 return: -876618.5625
Episode: 357, total reward: 378096.21875
each agent reward: 378096.21875
Episode 358 return: -826307.0625
Episode: 358, total reward: 375233.8125
each agent reward: 375233.8125
Episode 359 return: -849505.125
Episode: 359, total reward: 374718.4375
each agent reward: 374718.4375
Episode 360 return: -796527.1875
Episode: 360, total reward: 374718.4375
each agent reward: 374718.4375
Episode 361 return: -839724.3125
Episode: 361, total reward: 377914.96875
each agent reward: 377914.96875
Episode 362 return: -901504.125
Episode: 362, total reward: 376307.1875
each agent reward: 376307.1875
Episode 363 return: -823513.8125
Episode: 363, total reward: 379128.8125
each agent reward: 379128.8125
Episode 364 return: -861247.5625
Episode: 364, total reward: 377557.21875
each agent reward: 377557.21875
Episode 365 return: -921120.1875
Episode: 365, total reward: 377557.21875
each agent reward: 377557.21875
Episode 366 return: -889702.8125
Episode: 366, total reward: 377156.34375
each agent reward: 377156.34375
Episode 367 return: -908384.625
Episode: 367, total reward: 378220.65625
each agent reward: 378220.65625
Episode 368 return: -870933.0625
Episode: 368, total reward: 376735.09375
each agent reward: 376735.09375
Episode 369 return: -1018633.375
Episode: 369, total reward: 378595.15625
each agent reward: 378595.15625
Episode 370 return: -869963.0625
Episode: 370, total reward: 378595.15625
each agent reward: 378595.15625
Episode 371 return: -862566.8125
Episode: 371, total reward: 378047.3125
each agent reward: 378047.3125
Episode 372 return: -761152.4375
Episode: 372, total reward: 378570.8125
each agent reward: 378570.8125
Episode 373 return: -868811.0625
Episode: 373, total reward: 377425.84375
each agent reward: 377425.84375
Episode 374 return: -885502.8125
Episode: 374, total reward: 375300.46875
each agent reward: 375300.46875
Episode 375 return: -820651.1875
Episode: 375, total reward: 375300.46875
each agent reward: 375300.46875
Episode 376 return: -842401.375
Episode: 376, total reward: 375319.875
each agent reward: 375319.875
Episode 377 return: -876430.5
Episode: 377, total reward: 376146.09375
each agent reward: 376146.09375
Episode 378 return: -858187.625
Episode: 378, total reward: 376143.71875
each agent reward: 376143.71875
Episode 379 return: -693577.4375
Episode: 379, total reward: 375098.40625
each agent reward: 375098.40625
Episode 380 return: -827007.1875
Episode: 380, total reward: 375098.40625
each agent reward: 375098.40625
Episode 381 return: -742436.375
Episode: 381, total reward: 379097.6875
each agent reward: 379097.6875
Episode 382 return: -796605.875
Episode: 382, total reward: 382309.3125
each agent reward: 382309.3125
Episode 383 return: -738300.4375
Episode: 383, total reward: 434563.1875
each agent reward: 434563.1875
Episode 384 return: -814531.9375
Episode: 384, total reward: 448935.5
each agent reward: 448935.5
Episode 385 return: -797362.25
Episode: 385, total reward: 448935.5
each agent reward: 448935.5
Episode 386 return: -800673.3125
Episode: 386, total reward: 452354.65625
each agent reward: 452354.65625
Episode 387 return: -775520.6875
Episode: 387, total reward: 456708.65625
each agent reward: 456708.65625
Episode 388 return: -795223.3125
Episode: 388, total reward: 459176.78125
each agent reward: 459176.78125
Episode 389 return: -828325.3125
Episode: 389, total reward: 459121.65625
each agent reward: 459121.65625
Episode 390 return: -804758.875
Episode: 390, total reward: 459121.65625
each agent reward: 459121.65625
Episode 391 return: -809742.8125
Episode: 391, total reward: 454495.5625
each agent reward: 454495.5625
Episode 392 return: -848657.1875
Episode: 392, total reward: 457083.75
each agent reward: 457083.75
Episode 393 return: -750150.875
Episode: 393, total reward: 455810.71875
each agent reward: 455810.71875
Episode 394 return: -772287.3125
Episode: 394, total reward: 447024.71875
each agent reward: 447024.71875
Episode 395 return: -771518.5
Episode: 395, total reward: 447024.71875
each agent reward: 447024.71875
Episode 396 return: -835186.4375
Episode: 396, total reward: 412961.25
each agent reward: 412961.25
Episode 397 return: -793912.875
Episode: 397, total reward: 373472.125
each agent reward: 373472.125
Episode 398 return: -758092.0
Episode: 398, total reward: 380326.75
each agent reward: 380326.75
Episode 399 return: -786450.625
Episode: 399, total reward: 375493.3125
each agent reward: 375493.3125
Episode 400 return: -800911.75
Episode: 400, total reward: 375493.3125
each agent reward: 375493.3125
Episode 401 return: -793443.6875
Episode: 401, total reward: 374959.65625
each agent reward: 374959.65625
Episode 402 return: -811808.875
Episode: 402, total reward: 373930.375
each agent reward: 373930.375
Episode 403 return: -755734.25
Episode: 403, total reward: 379094.78125
each agent reward: 379094.78125
Episode 404 return: -787889.5
Episode: 404, total reward: 380468.0
each agent reward: 380468.0
Episode 405 return: -830946.3125
Episode: 405, total reward: 380468.0
each agent reward: 380468.0
Episode 406 return: -725758.8125
Episode: 406, total reward: 379021.59375
each agent reward: 379021.59375
Episode 407 return: -834267.3125
Episode: 407, total reward: 374209.125
each agent reward: 374209.125
Episode 408 return: -870710.25
Episode: 408, total reward: 374788.21875
each agent reward: 374788.21875
Episode 409 return: -797380.875
Episode: 409, total reward: 374443.21875
each agent reward: 374443.21875
Episode 410 return: -786082.25
Episode: 410, total reward: 374443.21875
each agent reward: 374443.21875
Episode 411 return: -791841.0
Episode: 411, total reward: 373925.375
each agent reward: 373925.375
Episode 412 return: -820902.8125
Episode: 412, total reward: 377549.5
each agent reward: 377549.5
Episode 413 return: -759022.25
Episode: 413, total reward: 378847.9375
each agent reward: 378847.9375
Episode 414 return: -765941.75
Episode: 414, total reward: 380720.6875
each agent reward: 380720.6875
Episode 415 return: -851656.5
Episode: 415, total reward: 380720.6875
each agent reward: 380720.6875
Episode 416 return: -830105.6875
Episode: 416, total reward: 376214.34375
each agent reward: 376214.34375
Episode 417 return: -911955.0625
Episode: 417, total reward: 377692.46875
each agent reward: 377692.46875
Episode 418 return: -895653.6875
Episode: 418, total reward: 380546.46875
each agent reward: 380546.46875
Episode 419 return: -837432.375
Episode: 419, total reward: 385261.03125
each agent reward: 385261.03125
Episode 420 return: -845791.125
Episode: 420, total reward: 385261.03125
each agent reward: 385261.03125
Episode 421 return: -894926.1875
Episode: 421, total reward: 382648.90625
each agent reward: 382648.90625
Episode 422 return: -776509.8125
Episode: 422, total reward: 378594.125
each agent reward: 378594.125
Episode 423 return: -804589.0
Episode: 423, total reward: 377918.625
each agent reward: 377918.625
Episode 424 return: -873238.375
Episode: 424, total reward: 376136.8125
each agent reward: 376136.8125
Episode 425 return: -793019.375
Episode: 425, total reward: 376136.8125
each agent reward: 376136.8125
Episode 426 return: -751092.1875
Episode: 426, total reward: 376271.40625
each agent reward: 376271.40625
Episode 427 return: -792249.5
Episode: 427, total reward: 375271.90625
each agent reward: 375271.90625
Episode 428 return: -848978.125
Episode: 428, total reward: 378718.28125
each agent reward: 378718.28125
Episode 429 return: -844904.0625
Episode: 429, total reward: 378792.65625
each agent reward: 378792.65625
Episode 430 return: -889747.375
Episode: 430, total reward: 378792.65625
each agent reward: 378792.65625
Episode 431 return: -870232.5
Episode: 431, total reward: 376961.3125
each agent reward: 376961.3125
Episode 432 return: -805357.875
Episode: 432, total reward: 375521.1875
each agent reward: 375521.1875
Episode 433 return: -816166.25
Episode: 433, total reward: 379640.9375
each agent reward: 379640.9375
Episode 434 return: -925777.1875
Episode: 434, total reward: 380083.28125
each agent reward: 380083.28125
Episode 435 return: -827439.125
Episode: 435, total reward: 380083.28125
each agent reward: 380083.28125
Episode 436 return: -792750.25
Episode: 436, total reward: 378669.78125
each agent reward: 378669.78125
Episode 437 return: -919940.125
Episode: 437, total reward: 377619.59375
each agent reward: 377619.59375
Episode 438 return: -903122.8125
Episode: 438, total reward: 375511.59375
each agent reward: 375511.59375
Episode 439 return: -866929.3125
Episode: 439, total reward: 378302.75
each agent reward: 378302.75
Episode 440 return: -830172.875
Episode: 440, total reward: 378302.75
each agent reward: 378302.75
Episode 441 return: -786469.5625
Episode: 441, total reward: 373835.25
each agent reward: 373835.25
Episode 442 return: -800693.6875
Episode: 442, total reward: 374013.15625
each agent reward: 374013.15625
Episode 443 return: -804325.875
Episode: 443, total reward: 374888.25
each agent reward: 374888.25
Episode 444 return: -741928.8125
Episode: 444, total reward: 374051.125
each agent reward: 374051.125
Episode 445 return: -777885.1875
Episode: 445, total reward: 374051.125
each agent reward: 374051.125
Episode 446 return: -797045.75
Episode: 446, total reward: 374712.21875
each agent reward: 374712.21875
Episode 447 return: -788266.3125
Episode: 447, total reward: 374394.09375
each agent reward: 374394.09375
Episode 448 return: -765732.375
Episode: 448, total reward: 376283.15625
each agent reward: 376283.15625
Episode 449 return: -732744.4375
Episode: 449, total reward: 374569.28125
each agent reward: 374569.28125
Episode 450 return: -801942.625
Episode: 450, total reward: 374569.28125
each agent reward: 374569.28125
Episode 451 return: -781524.5625
Episode: 451, total reward: 375921.71875
each agent reward: 375921.71875
Episode 452 return: -741808.875
Episode: 452, total reward: 376853.46875
each agent reward: 376853.46875
Episode 453 return: -720779.625
Episode: 453, total reward: 376892.5625
each agent reward: 376892.5625
Episode 454 return: -773938.0625
Episode: 454, total reward: 377734.21875
each agent reward: 377734.21875
Episode 455 return: -796793.125
Episode: 455, total reward: 377734.21875
each agent reward: 377734.21875
Episode 456 return: -742856.5625
Episode: 456, total reward: 376679.1875
each agent reward: 376679.1875
Episode 457 return: -792877.9375
Episode: 457, total reward: 377394.03125
each agent reward: 377394.03125
Episode 458 return: -811705.625
Episode: 458, total reward: 376656.65625
each agent reward: 376656.65625
Episode 459 return: -795398.5625
Episode: 459, total reward: 376355.65625
each agent reward: 376355.65625
Episode 460 return: -719949.0
Episode: 460, total reward: 376355.65625
each agent reward: 376355.65625
Episode 461 return: -751573.8125
Episode: 461, total reward: 375369.28125
each agent reward: 375369.28125
Episode 462 return: -811954.75
Episode: 462, total reward: 373662.25
each agent reward: 373662.25
Episode 463 return: -804855.875
Episode: 463, total reward: 374534.25
each agent reward: 374534.25
Episode 464 return: -802009.625
Episode: 464, total reward: 375839.9375
each agent reward: 375839.9375
Episode 465 return: -793074.625
Episode: 465, total reward: 375839.9375
each agent reward: 375839.9375
Episode 466 return: -848352.0
Episode: 466, total reward: 376862.9375
each agent reward: 376862.9375
Episode 467 return: -825262.75
Episode: 467, total reward: 378870.84375
each agent reward: 378870.84375
Episode 468 return: -748438.5625
Episode: 468, total reward: 379072.28125
each agent reward: 379072.28125
Episode 469 return: -761692.6875
Episode: 469, total reward: 378850.0625
each agent reward: 378850.0625
Episode 470 return: -784641.875
Episode: 470, total reward: 378850.0625
each agent reward: 378850.0625
Episode 471 return: -786380.5
Episode: 471, total reward: 375821.6875
each agent reward: 375821.6875
Episode 472 return: -790075.25
Episode: 472, total reward: 377555.875
each agent reward: 377555.875
Episode 473 return: -776053.125
Episode: 473, total reward: 381676.375
each agent reward: 381676.375
Episode 474 return: -714541.1875
Episode: 474, total reward: 376032.9375
each agent reward: 376032.9375
Episode 475 return: -738537.75
Episode: 475, total reward: 376032.9375
each agent reward: 376032.9375
Episode 476 return: -766180.25
Episode: 476, total reward: 376564.125
each agent reward: 376564.125
Episode 477 return: -835588.0
Episode: 477, total reward: 377090.71875
each agent reward: 377090.71875
Episode 478 return: -824478.625
Episode: 478, total reward: 376039.34375
each agent reward: 376039.34375
Episode 479 return: -793256.875
Episode: 479, total reward: 377715.75
each agent reward: 377715.75
Episode 480 return: -811172.4375
Episode: 480, total reward: 377715.75
each agent reward: 377715.75
Episode 481 return: -755143.75
Episode: 481, total reward: 376527.15625
each agent reward: 376527.15625
Episode 482 return: -923489.4375
Episode: 482, total reward: 377916.25
each agent reward: 377916.25
Episode 483 return: -846003.9375
Episode: 483, total reward: 377851.53125
each agent reward: 377851.53125
Episode 484 return: -860508.1875
Episode: 484, total reward: 379853.8125
each agent reward: 379853.8125
Episode 485 return: -843588.625
Episode: 485, total reward: 379853.8125
each agent reward: 379853.8125
Episode 486 return: -791817.5625
Episode: 486, total reward: 382233.40625
each agent reward: 382233.40625
Episode 487 return: -843606.25
Episode: 487, total reward: 381094.84375
each agent reward: 381094.84375
Episode 488 return: -873623.5625
Episode: 488, total reward: 379613.0625
each agent reward: 379613.0625
Episode 489 return: -920140.625
Episode: 489, total reward: 378056.0625
each agent reward: 378056.0625
Episode 490 return: -795114.1875
Episode: 490, total reward: 378056.0625
each agent reward: 378056.0625
Episode 491 return: -831877.0
Episode: 491, total reward: 378200.0625
each agent reward: 378200.0625
Episode 492 return: -809442.375
Episode: 492, total reward: 381345.8125
each agent reward: 381345.8125
Episode 493 return: -875656.5
Episode: 493, total reward: 381185.5625
each agent reward: 381185.5625
Episode 494 return: -828993.5625
Episode: 494, total reward: 384289.59375
each agent reward: 384289.59375
Episode 495 return: -894959.4375
Episode: 495, total reward: 384289.59375
each agent reward: 384289.59375
Episode 496 return: -872680.1875
Episode: 496, total reward: 389088.53125
each agent reward: 389088.53125
Episode 497 return: -858776.4375
Episode: 497, total reward: 382170.1875
each agent reward: 382170.1875
Episode 498 return: -785624.125
Episode: 498, total reward: 381067.46875
each agent reward: 381067.46875
Episode 499 return: -883863.0
Episode: 499, total reward: 379544.21875
each agent reward: 379544.21875
Episode 500 return: -784729.8125
Episode: 500, total reward: 379544.21875
each agent reward: 379544.21875
Episode 501 return: -802660.875
Episode: 501, total reward: 375626.65625
each agent reward: 375626.65625
Episode 502 return: -894149.5625
Episode: 502, total reward: 378619.90625
each agent reward: 378619.90625
Episode 503 return: -792736.0625
Episode: 503, total reward: 379083.21875
each agent reward: 379083.21875
Episode 504 return: -721748.625
Episode: 504, total reward: 377530.21875
each agent reward: 377530.21875
Episode 505 return: -787978.75
Episode: 505, total reward: 377530.21875
each agent reward: 377530.21875
Episode 506 return: -851040.875
Episode: 506, total reward: 376267.84375
each agent reward: 376267.84375
Episode 507 return: -747759.0
Episode: 507, total reward: 374302.125
each agent reward: 374302.125
Episode 508 return: -849070.75
Episode: 508, total reward: 374733.3125
each agent reward: 374733.3125
Episode 509 return: -763930.8125
Episode: 509, total reward: 379139.40625
each agent reward: 379139.40625
Episode 510 return: -765946.875
Episode: 510, total reward: 379139.40625
each agent reward: 379139.40625
Episode 511 return: -745825.8125
Episode: 511, total reward: 376612.0625
each agent reward: 376612.0625
Episode 512 return: -766137.75
Episode: 512, total reward: 376797.21875
each agent reward: 376797.21875
Episode 513 return: -683946.125
Episode: 513, total reward: 375474.875
each agent reward: 375474.875
Episode 514 return: -730146.75
Episode: 514, total reward: 377779.25
each agent reward: 377779.25
Episode 515 return: -725631.875
Episode: 515, total reward: 377779.25
each agent reward: 377779.25
Episode 516 return: -767725.75
Episode: 516, total reward: 377490.09375
each agent reward: 377490.09375
Episode 517 return: -795517.3125
Episode: 517, total reward: 380615.6875
each agent reward: 380615.6875
Episode 518 return: -703714.4375
Episode: 518, total reward: 379391.8125
each agent reward: 379391.8125
Episode 519 return: -757774.375
Episode: 519, total reward: 374747.5
each agent reward: 374747.5
Episode 520 return: -701745.875
Episode: 520, total reward: 374747.5
each agent reward: 374747.5
Episode 521 return: -704360.5
Episode: 521, total reward: 375244.09375
each agent reward: 375244.09375
Episode 522 return: -669570.875
Episode: 522, total reward: 375533.46875
each agent reward: 375533.46875
Episode 523 return: -747922.0
Episode: 523, total reward: 375310.21875
each agent reward: 375310.21875
Episode 524 return: -680199.9375
Episode: 524, total reward: 375828.875
each agent reward: 375828.875
Episode 525 return: -670263.125
Episode: 525, total reward: 375828.875
each agent reward: 375828.875
Episode 526 return: -773949.8125
Episode: 526, total reward: 375141.25
each agent reward: 375141.25
Episode 527 return: -753357.25
Episode: 527, total reward: 376041.625
each agent reward: 376041.625
Episode 528 return: -712329.3125
Episode: 528, total reward: 374840.0625
each agent reward: 374840.0625
Episode 529 return: -762356.4375
Episode: 529, total reward: 375925.625
each agent reward: 375925.625
Episode 530 return: -718777.5
Episode: 530, total reward: 375925.625
each agent reward: 375925.625
Episode 531 return: -764184.0625
Episode: 531, total reward: 374921.40625
each agent reward: 374921.40625
Episode 532 return: -668365.625
Episode: 532, total reward: 374921.40625
each agent reward: 374921.40625
Episode 533 return: -672975.125
Episode: 533, total reward: 374921.40625
each agent reward: 374921.40625
Episode 534 return: -782659.75
Episode: 534, total reward: 375018.96875
each agent reward: 375018.96875
Episode 535 return: -715055.4375
Episode: 535, total reward: 375018.96875
each agent reward: 375018.96875
Episode 536 return: -704017.75
Episode: 536, total reward: 374318.1875
each agent reward: 374318.1875
Episode 537 return: -761581.6875
Episode: 537, total reward: 376546.75
each agent reward: 376546.75
Episode 538 return: -753431.9375
Episode: 538, total reward: 376225.75
each agent reward: 376225.75
Episode 539 return: -820851.375
Episode: 539, total reward: 373396.78125
each agent reward: 373396.78125
Episode 540 return: -775150.1875
Episode: 540, total reward: 373396.78125
each agent reward: 373396.78125
Episode 541 return: -867048.875
Episode: 541, total reward: 376258.3125
each agent reward: 376258.3125
Episode 542 return: -798414.6875
Episode: 542, total reward: 375822.78125
each agent reward: 375822.78125
Episode 543 return: -816004.0
Episode: 543, total reward: 378832.65625
each agent reward: 378832.65625
Episode 544 return: -818541.125
Episode: 544, total reward: 374392.875
each agent reward: 374392.875
Episode 545 return: -750452.125
Episode: 545, total reward: 374392.875
each agent reward: 374392.875
Episode 546 return: -742574.25
Episode: 546, total reward: 373345.4375
each agent reward: 373345.4375
Episode 547 return: -751571.9375
Episode: 547, total reward: 373345.4375
each agent reward: 373345.4375
Episode 548 return: -778693.75
Episode: 548, total reward: 373826.125
each agent reward: 373826.125
Episode 549 return: -766251.25
Episode: 549, total reward: 374658.09375
each agent reward: 374658.09375
Episode 550 return: -757607.875
Episode: 550, total reward: 374658.09375
each agent reward: 374658.09375
Episode 551 return: -754413.3125
Episode: 551, total reward: 373832.125
each agent reward: 373832.125
Episode 552 return: -800920.375
Episode: 552, total reward: 374441.625
each agent reward: 374441.625
Episode 553 return: -850285.5625
Episode: 553, total reward: 376537.59375
each agent reward: 376537.59375
Episode 554 return: -802029.1875
Episode: 554, total reward: 376610.9375
each agent reward: 376610.9375
Episode 555 return: -858656.5
Episode: 555, total reward: 376610.9375
each agent reward: 376610.9375
Episode 556 return: -850077.5
Episode: 556, total reward: 379065.28125
each agent reward: 379065.28125
Episode 557 return: -725181.8125
Episode: 557, total reward: 373910.71875
each agent reward: 373910.71875
Episode 558 return: -774555.6875
Episode: 558, total reward: 374245.75
each agent reward: 374245.75
Episode 559 return: -745715.25
Episode: 559, total reward: 377150.1875
each agent reward: 377150.1875
Episode 560 return: -745988.9375
Episode: 560, total reward: 377150.1875
each agent reward: 377150.1875
Episode 561 return: -720318.0625
Episode: 561, total reward: 376613.40625
each agent reward: 376613.40625
Episode 562 return: -741006.125
Episode: 562, total reward: 372349.65625
each agent reward: 372349.65625
Episode 563 return: -773895.4375
Episode: 563, total reward: 372705.9375
each agent reward: 372705.9375
Episode 564 return: -743701.75
Episode: 564, total reward: 373106.53125
each agent reward: 373106.53125
Episode 565 return: -708827.625
Episode: 565, total reward: 373106.53125
each agent reward: 373106.53125
Episode 566 return: -708485.625
Episode: 566, total reward: 372984.9375
each agent reward: 372984.9375
Episode 567 return: -674202.5
Episode: 567, total reward: 372984.9375
each agent reward: 372984.9375
Episode 568 return: -726497.9375
Episode: 568, total reward: 372259.375
each agent reward: 372259.375
Episode 569 return: -743683.375
Episode: 569, total reward: 372259.375
each agent reward: 372259.375
Episode 570 return: -733823.0625
Episode: 570, total reward: 372259.375
each agent reward: 372259.375
Episode 571 return: -774263.0
Episode: 571, total reward: 372766.625
each agent reward: 372766.625
Episode 572 return: -717113.75
Episode: 572, total reward: 372766.625
each agent reward: 372766.625
Episode 573 return: -650273.6875
Episode: 573, total reward: 374127.09375
each agent reward: 374127.09375
Episode 574 return: -712617.75
Episode: 574, total reward: 372829.5
each agent reward: 372829.5
Episode 575 return: -724182.625
Episode: 575, total reward: 372829.5
each agent reward: 372829.5
Episode 576 return: -664112.1875
Episode: 576, total reward: 372829.5
each agent reward: 372829.5
Episode 577 return: -710846.6875
Episode: 577, total reward: 372829.5
each agent reward: 372829.5
Episode 578 return: -731110.875
Episode: 578, total reward: 374414.84375
each agent reward: 374414.84375
Episode 579 return: -693408.1875
Episode: 579, total reward: 376122.53125
each agent reward: 376122.53125
Episode 580 return: -723683.375
Episode: 580, total reward: 376122.53125
each agent reward: 376122.53125
Episode 581 return: -752302.5
Episode: 581, total reward: 372140.75
each agent reward: 372140.75
Episode 582 return: -696654.0625
Episode: 582, total reward: 372140.75
each agent reward: 372140.75
Episode 583 return: -701014.875
Episode: 583, total reward: 372388.53125
each agent reward: 372388.53125
Episode 584 return: -682208.4375
Episode: 584, total reward: 374414.53125
each agent reward: 374414.53125
Episode 585 return: -688151.9375
Episode: 585, total reward: 374414.53125
each agent reward: 374414.53125
Episode 586 return: -711430.8125
Episode: 586, total reward: 372808.1875
each agent reward: 372808.1875
Episode 587 return: -695359.875
Episode: 587, total reward: 372332.96875
each agent reward: 372332.96875
Episode 588 return: -746847.1875
Episode: 588, total reward: 372332.96875
each agent reward: 372332.96875
Episode 589 return: -793372.375
Episode: 589, total reward: 372332.96875
each agent reward: 372332.96875
Episode 590 return: -722704.875
Episode: 590, total reward: 372332.96875
each agent reward: 372332.96875
Episode 591 return: -753983.4375
Episode: 591, total reward: 372332.96875
each agent reward: 372332.96875
Episode 592 return: -741440.25
Episode: 592, total reward: 373095.3125
each agent reward: 373095.3125
Episode 593 return: -687886.9375
Episode: 593, total reward: 372691.6875
each agent reward: 372691.6875
Episode 594 return: -714275.375
Episode: 594, total reward: 372691.6875
each agent reward: 372691.6875
Episode 595 return: -658479.9375
Episode: 595, total reward: 372691.6875
each agent reward: 372691.6875
Episode 596 return: -720329.5
Episode: 596, total reward: 372691.6875
each agent reward: 372691.6875
Episode 597 return: -703153.0
Episode: 597, total reward: 372691.6875
each agent reward: 372691.6875
Episode 598 return: -680856.1875
Episode: 598, total reward: 373807.53125
each agent reward: 373807.53125
Episode 599 return: -704241.375
Episode: 599, total reward: 374020.34375
each agent reward: 374020.34375
