Episode: -1, total reward: 10200042.0
each agent reward: 10200042.0
Episode: 1, total reward: 10200042.0
each agent reward: 10200042.0
Episode 0 return: -10674409.0
Episode: 0, total reward: 10200042.0
each agent reward: 10200042.0
Episode 1 return: -10677226.0
Episode: 1, total reward: 10200042.0
each agent reward: 10200042.0
Episode 2 return: -10637842.0
Episode: 2, total reward: 10200042.0
each agent reward: 10200042.0
Episode 3 return: -10336235.0
Episode: 3, total reward: 10200042.0
each agent reward: 10200042.0
Episode 4 return: -10446018.0
Episode: 4, total reward: 10200042.0
each agent reward: 10200042.0
Episode 5 return: -10609806.0
Episode: 5, total reward: 10200042.0
each agent reward: 10200042.0
Episode 6 return: -10419514.0
Episode: 6, total reward: 10200042.0
each agent reward: 10200042.0
Episode 7 return: -10335094.0
Episode: 7, total reward: 10200042.0
each agent reward: 10200042.0
Episode 8 return: -10231819.0
Episode: 8, total reward: 10200042.0
each agent reward: 10200042.0
Episode 9 return: -10649140.0
Episode: 9, total reward: 10200042.0
each agent reward: 10200042.0
Episode 10 return: -10215304.0
Episode: 10, total reward: 10200042.0
each agent reward: 10200042.0
Episode 11 return: -10331201.0
Episode: 11, total reward: 10200042.0
each agent reward: 10200042.0
Episode 12 return: -11133724.0
Episode: 12, total reward: 10802908.0
each agent reward: 10802908.0
Episode 13 return: -11153007.0
Episode: 13, total reward: 10801258.0
each agent reward: 10801258.0
Episode 14 return: -11169747.0
Episode: 14, total reward: 10681107.0
each agent reward: 10681107.0
Episode 15 return: -10985224.0
Episode: 15, total reward: 10681107.0
each agent reward: 10681107.0
Episode 16 return: -10958138.0
Episode: 16, total reward: 10627666.0
each agent reward: 10627666.0
Episode 17 return: -11000828.0
Episode: 17, total reward: 10444611.0
each agent reward: 10444611.0
Episode 18 return: -10931366.0
Episode: 18, total reward: 10496638.0
each agent reward: 10496638.0
Episode 19 return: -10767780.0
Episode: 19, total reward: 10496785.0
each agent reward: 10496785.0
Episode 20 return: -11269954.0
Episode: 20, total reward: 10496785.0
each agent reward: 10496785.0
Episode 21 return: -11048020.0
Episode: 21, total reward: 10501807.0
each agent reward: 10501807.0
Episode 22 return: -10720048.0
Episode: 22, total reward: 10502151.0
each agent reward: 10502151.0
Episode 23 return: -11054356.0
Episode: 23, total reward: 10476432.0
each agent reward: 10476432.0
Episode 24 return: -10707991.0
Episode: 24, total reward: 10289126.0
each agent reward: 10289126.0
Episode 25 return: -10600768.0
Episode: 25, total reward: 10289126.0
each agent reward: 10289126.0
Episode 26 return: -10973680.0
Episode: 26, total reward: 10205260.0
each agent reward: 10205260.0
Episode 27 return: -10588369.0
Episode: 27, total reward: 10096871.0
each agent reward: 10096871.0
Episode 28 return: -10824429.0
Episode: 28, total reward: 10097245.0
each agent reward: 10097245.0
Episode 29 return: -10862001.0
Episode: 29, total reward: 10094553.0
each agent reward: 10094553.0
Episode 30 return: -11142624.0
Episode: 30, total reward: 10094553.0
each agent reward: 10094553.0
Episode 31 return: -10201986.0
Episode: 31, total reward: 10123044.0
each agent reward: 10123044.0
Episode 32 return: -10608925.0
Episode: 32, total reward: 10316969.0
each agent reward: 10316969.0
Episode 33 return: -9717179.0
Episode: 33, total reward: 10369018.0
each agent reward: 10369018.0
Episode 34 return: -10786220.0
Episode: 34, total reward: 10452698.0
each agent reward: 10452698.0
Episode 35 return: -9922058.0
Episode: 35, total reward: 10452698.0
each agent reward: 10452698.0
Episode 36 return: -10547736.0
Episode: 36, total reward: 10455858.0
each agent reward: 10455858.0
Episode 37 return: -9778406.0
Episode: 37, total reward: 10539024.0
each agent reward: 10539024.0
Episode 38 return: -9523922.0
Episode: 38, total reward: 10680023.0
each agent reward: 10680023.0
Episode 39 return: -9668364.0
Episode: 39, total reward: 10791948.0
each agent reward: 10791948.0
Episode 40 return: -10730612.0
Episode: 40, total reward: 10791948.0
each agent reward: 10791948.0
Episode 41 return: -10032486.0
Episode: 41, total reward: 10850318.0
each agent reward: 10850318.0
Episode 42 return: -9423371.0
Episode: 42, total reward: 10851921.0
each agent reward: 10851921.0
Episode 43 return: -10153681.0
Episode: 43, total reward: 10728799.0
each agent reward: 10728799.0
Episode 44 return: -10369872.0
Episode: 44, total reward: 10624836.0
each agent reward: 10624836.0
Episode 45 return: -10091386.0
Episode: 45, total reward: 10624836.0
each agent reward: 10624836.0
Episode 46 return: -9629963.0
Episode: 46, total reward: 10522984.0
each agent reward: 10522984.0
Episode 47 return: -9854396.0
Episode: 47, total reward: 10452187.0
each agent reward: 10452187.0
Episode 48 return: -10423029.0
Episode: 48, total reward: 10373414.0
each agent reward: 10373414.0
Episode 49 return: -9476202.0
Episode: 49, total reward: 10480980.0
each agent reward: 10480980.0
Episode 50 return: -9702321.0
Episode: 50, total reward: 10480980.0
each agent reward: 10480980.0
Episode 51 return: -9471933.0
Episode: 51, total reward: 10376730.0
each agent reward: 10376730.0
Episode 52 return: -9671959.0
Episode: 52, total reward: 10495079.0
each agent reward: 10495079.0
Episode 53 return: -9508862.0
Episode: 53, total reward: 10671599.0
each agent reward: 10671599.0
Episode 54 return: -10995881.0
Episode: 54, total reward: 10870484.0
each agent reward: 10870484.0
Episode 55 return: -10247073.0
Episode: 55, total reward: 10870484.0
each agent reward: 10870484.0
Episode 56 return: -10369423.0
Episode: 56, total reward: 10889748.0
each agent reward: 10889748.0
Episode 57 return: -9163168.0
Episode: 57, total reward: 10969783.0
each agent reward: 10969783.0
Episode 58 return: -10551854.0
Episode: 58, total reward: 11165156.0
each agent reward: 11165156.0
Episode 59 return: -9469132.0
Episode: 59, total reward: 11053874.0
each agent reward: 11053874.0
Episode 60 return: -10129697.0
Episode: 60, total reward: 11053874.0
each agent reward: 11053874.0
Episode 61 return: -9697818.0
Episode: 61, total reward: 10943738.0
each agent reward: 10943738.0
Episode 62 return: -9960605.0
Episode: 62, total reward: 10770256.0
each agent reward: 10770256.0
Episode 63 return: -9440728.0
Episode: 63, total reward: 10499260.0
each agent reward: 10499260.0
Episode 64 return: -9767568.0
Episode: 64, total reward: 10221358.0
each agent reward: 10221358.0
Episode 65 return: -9917807.0
Episode: 65, total reward: 10221358.0
each agent reward: 10221358.0
Episode 66 return: -9689609.0
Episode: 66, total reward: 10208410.0
each agent reward: 10208410.0
Episode 67 return: -10001459.0
Episode: 67, total reward: 10049347.0
each agent reward: 10049347.0
Episode 68 return: -9661907.0
Episode: 68, total reward: 9941329.0
each agent reward: 9941329.0
Episode 69 return: -10066581.0
Episode: 69, total reward: 9863996.0
each agent reward: 9863996.0
Episode 70 return: -9626624.0
Episode: 70, total reward: 9863996.0
each agent reward: 9863996.0
Episode 71 return: -9877156.0
Episode: 71, total reward: 9639799.0
each agent reward: 9639799.0
Episode 72 return: -10093533.0
Episode: 72, total reward: 9597183.0
each agent reward: 9597183.0
Episode 73 return: -9704694.0
Episode: 73, total reward: 9509725.0
each agent reward: 9509725.0
Episode 74 return: -10093509.0
Episode: 74, total reward: 9515620.0
each agent reward: 9515620.0
Episode 75 return: -10031518.0
Episode: 75, total reward: 9515620.0
each agent reward: 9515620.0
Episode 76 return: -9271255.0
Episode: 76, total reward: 9434549.0
each agent reward: 9434549.0
Episode 77 return: -9411850.0
Episode: 77, total reward: 9236621.0
each agent reward: 9236621.0
Episode 78 return: -9743583.0
Episode: 78, total reward: 9285491.0
each agent reward: 9285491.0
Episode 79 return: -9454556.0
Episode: 79, total reward: 9351143.0
each agent reward: 9351143.0
Episode 80 return: -9720404.0
Episode: 80, total reward: 9351143.0
each agent reward: 9351143.0
Episode 81 return: -9461859.0
Episode: 81, total reward: 9181539.0
each agent reward: 9181539.0
Episode 82 return: -9739943.0
Episode: 82, total reward: 9093995.0
each agent reward: 9093995.0
Episode 83 return: -9882582.0
Episode: 83, total reward: 8930270.0
each agent reward: 8930270.0
Episode 84 return: -9641012.0
Episode: 84, total reward: 9016487.0
each agent reward: 9016487.0
Episode 85 return: -9885405.0
Episode: 85, total reward: 9016487.0
each agent reward: 9016487.0
Episode 86 return: -9464696.0
Episode: 86, total reward: 8997930.0
each agent reward: 8997930.0
Episode 87 return: -9219617.0
Episode: 87, total reward: 8865759.0
each agent reward: 8865759.0
Episode 88 return: -9676226.0
Episode: 88, total reward: 8642762.0
each agent reward: 8642762.0
Episode 89 return: -9917162.0
Episode: 89, total reward: 8445898.0
each agent reward: 8445898.0
Episode 90 return: -9965062.0
Episode: 90, total reward: 8445898.0
each agent reward: 8445898.0
Episode 91 return: -10182460.0
Episode: 91, total reward: 8390972.0
each agent reward: 8390972.0
Episode 92 return: -9827755.0
Episode: 92, total reward: 8531894.0
each agent reward: 8531894.0
Episode 93 return: -9487330.0
Episode: 93, total reward: 8480242.0
each agent reward: 8480242.0
Episode 94 return: -9532245.0
Episode: 94, total reward: 8282559.0
each agent reward: 8282559.0
Episode 95 return: -9616458.0
Episode: 95, total reward: 8282559.0
each agent reward: 8282559.0
Episode 96 return: -9695712.0
Episode: 96, total reward: 8218380.5
each agent reward: 8218380.5
Episode 97 return: -9969264.0
Episode: 97, total reward: 8186232.5
each agent reward: 8186232.5
Episode 98 return: -9232576.0
Episode: 98, total reward: 8212023.5
each agent reward: 8212023.5
Episode 99 return: -9718265.0
Episode: 99, total reward: 8100755.0
each agent reward: 8100755.0
Episode 100 return: -9122016.0
Episode: 100, total reward: 8100755.0
each agent reward: 8100755.0
Episode 101 return: -9089696.0
Episode: 101, total reward: 8074953.5
each agent reward: 8074953.5
Episode 102 return: -9520329.0
Episode: 102, total reward: 8207148.5
each agent reward: 8207148.5
Episode 103 return: -9442345.0
Episode: 103, total reward: 8238017.0
each agent reward: 8238017.0
Episode 104 return: -10048110.0
Episode: 104, total reward: 8159839.0
each agent reward: 8159839.0
Episode 105 return: -9513315.0
Episode: 105, total reward: 8159839.0
each agent reward: 8159839.0
Episode 106 return: -9243994.0
Episode: 106, total reward: 8213619.0
each agent reward: 8213619.0
Episode 107 return: -9338957.0
Episode: 107, total reward: 8260484.0
each agent reward: 8260484.0
Episode 108 return: -10218859.0
Episode: 108, total reward: 8269638.0
each agent reward: 8269638.0
Episode 109 return: -9974008.0
Episode: 109, total reward: 8243996.5
each agent reward: 8243996.5
Episode 110 return: -9534803.0
Episode: 110, total reward: 8243996.5
each agent reward: 8243996.5
Episode 111 return: -9817242.0
Episode: 111, total reward: 8051618.0
each agent reward: 8051618.0
Episode 112 return: -8583074.0
Episode: 112, total reward: 7959105.0
each agent reward: 7959105.0
Episode 113 return: -10302817.0
Episode: 113, total reward: 7772685.5
each agent reward: 7772685.5
Episode 114 return: -9795338.0
Episode: 114, total reward: 7495093.5
each agent reward: 7495093.5
Episode 115 return: -8979650.0
Episode: 115, total reward: 7495093.5
each agent reward: 7495093.5
Episode 116 return: -9469371.0
Episode: 116, total reward: 7521007.5
each agent reward: 7521007.5
Episode 117 return: -8696306.0
Episode: 117, total reward: 7324062.5
each agent reward: 7324062.5
Episode 118 return: -9366320.0
Episode: 118, total reward: 7167093.0
each agent reward: 7167093.0
Episode 119 return: -9748785.0
Episode: 119, total reward: 7005255.0
each agent reward: 7005255.0
Episode 120 return: -8944221.0
Episode: 120, total reward: 7005255.0
each agent reward: 7005255.0
Episode 121 return: -9724721.0
Episode: 121, total reward: 6899059.0
each agent reward: 6899059.0
Episode 122 return: -9916704.0
Episode: 122, total reward: 6840407.5
each agent reward: 6840407.5
Episode 123 return: -9372034.0
Episode: 123, total reward: 6758884.0
each agent reward: 6758884.0
Episode 124 return: -9482083.0
Episode: 124, total reward: 6646762.0
each agent reward: 6646762.0
Episode 125 return: -10034455.0
Episode: 125, total reward: 6646762.0
each agent reward: 6646762.0
Episode 126 return: -9704231.0
Episode: 126, total reward: 6541572.0
each agent reward: 6541572.0
Episode 127 return: -9561019.0
Episode: 127, total reward: 6350977.0
each agent reward: 6350977.0
Episode 128 return: -9279032.0
Episode: 128, total reward: 6325580.0
each agent reward: 6325580.0
Episode 129 return: -9175155.0
Episode: 129, total reward: 6509916.5
each agent reward: 6509916.5
Episode 130 return: -9930979.0
Episode: 130, total reward: 6509916.5
each agent reward: 6509916.5
Episode 131 return: -9654469.0
Episode: 131, total reward: 6702568.0
each agent reward: 6702568.0
Episode 132 return: -9551227.0
Episode: 132, total reward: 6675091.5
each agent reward: 6675091.5
Episode 133 return: -9864098.0
Episode: 133, total reward: 6655628.5
each agent reward: 6655628.5
Episode 134 return: -9900807.0
Episode: 134, total reward: 6677176.0
each agent reward: 6677176.0
Episode 135 return: -9553843.0
Episode: 135, total reward: 6677176.0
each agent reward: 6677176.0
Episode 136 return: -9746426.0
Episode: 136, total reward: 6564948.0
each agent reward: 6564948.0
Episode 137 return: -10642604.0
Episode: 137, total reward: 6390246.0
each agent reward: 6390246.0
Episode 138 return: -9141157.0
Episode: 138, total reward: 6277260.5
each agent reward: 6277260.5
Episode 139 return: -9431987.0
Episode: 139, total reward: 6397998.5
each agent reward: 6397998.5
Episode 140 return: -9844854.0
Episode: 140, total reward: 6397998.5
each agent reward: 6397998.5
Episode 141 return: -9996588.0
Episode: 141, total reward: 6647889.5
each agent reward: 6647889.5
Episode 142 return: -9026001.0
Episode: 142, total reward: 6817508.0
each agent reward: 6817508.0
Episode 143 return: -9927255.0
Episode: 143, total reward: 6845580.0
each agent reward: 6845580.0
Episode 144 return: -9631608.0
Episode: 144, total reward: 6906905.0
each agent reward: 6906905.0
Episode 145 return: -9383098.0
Episode: 145, total reward: 6906905.0
each agent reward: 6906905.0
Episode 146 return: -9595223.0
Episode: 146, total reward: 6740228.0
each agent reward: 6740228.0
Episode 147 return: -9383025.0
Episode: 147, total reward: 6685623.0
each agent reward: 6685623.0
Episode 148 return: -9724358.0
Episode: 148, total reward: 6754016.0
each agent reward: 6754016.0
Episode 149 return: -9674247.0
Episode: 149, total reward: 6837402.0
each agent reward: 6837402.0
Episode 150 return: -9585661.0
Episode: 150, total reward: 6837402.0
each agent reward: 6837402.0
Episode 151 return: -9369519.0
Episode: 151, total reward: 6897650.5
each agent reward: 6897650.5
Episode 152 return: -9999735.0
Episode: 152, total reward: 6865291.0
each agent reward: 6865291.0
Episode 153 return: -9399735.0
Episode: 153, total reward: 7056417.5
each agent reward: 7056417.5
Episode 154 return: -9279931.0
Episode: 154, total reward: 7086377.5
each agent reward: 7086377.5
Episode 155 return: -9830909.0
Episode: 155, total reward: 7086377.5
each agent reward: 7086377.5
Episode 156 return: -9417331.0
Episode: 156, total reward: 7196115.0
each agent reward: 7196115.0
Episode 157 return: -9792332.0
Episode: 157, total reward: 7221312.5
each agent reward: 7221312.5
Episode 158 return: -10336066.0
Episode: 158, total reward: 7335819.0
each agent reward: 7335819.0
Episode 159 return: -9680533.0
Episode: 159, total reward: 7303227.5
each agent reward: 7303227.5
Episode 160 return: -9752667.0
Episode: 160, total reward: 7303227.5
each agent reward: 7303227.5
Episode 161 return: -8916498.0
Episode: 161, total reward: 7117666.0
each agent reward: 7117666.0
Episode 162 return: -9850747.0
Episode: 162, total reward: 7092861.0
each agent reward: 7092861.0
Episode 163 return: -9951833.0
Episode: 163, total reward: 7157644.5
each agent reward: 7157644.5
Episode 164 return: -9786611.0
Episode: 164, total reward: 7191209.0
each agent reward: 7191209.0
Episode 165 return: -9533301.0
Episode: 165, total reward: 7191209.0
each agent reward: 7191209.0
Episode 166 return: -9255037.0
Episode: 166, total reward: 7250887.5
each agent reward: 7250887.5
Episode 167 return: -8777148.0
Episode: 167, total reward: 6997777.5
each agent reward: 6997777.5
Episode 168 return: -10464148.0
Episode: 168, total reward: 6607685.5
each agent reward: 6607685.5
Episode 169 return: -9757337.0
Episode: 169, total reward: 6549569.0
each agent reward: 6549569.0
Episode 170 return: -8966956.0
Episode: 170, total reward: 6549569.0
each agent reward: 6549569.0
Episode 171 return: -9130278.0
Episode: 171, total reward: 6305761.0
each agent reward: 6305761.0
Episode 172 return: -9594656.0
Episode: 172, total reward: 6160339.5
each agent reward: 6160339.5
Episode 173 return: -9990240.0
Episode: 173, total reward: 5989943.5
each agent reward: 5989943.5
Episode 174 return: -9940254.0
Episode: 174, total reward: 5858131.5
each agent reward: 5858131.5
Episode 175 return: -9765684.0
Episode: 175, total reward: 5858131.5
each agent reward: 5858131.5
Episode 176 return: -9523910.0
Episode: 176, total reward: 5683193.5
each agent reward: 5683193.5
Episode 177 return: -9276969.0
Episode: 177, total reward: 5172146.5
each agent reward: 5172146.5
Episode 178 return: -9298562.0
Episode: 178, total reward: 4683154.5
each agent reward: 4683154.5
Episode 179 return: -8947555.0
Episode: 179, total reward: 4497898.0
each agent reward: 4497898.0
Episode 180 return: -8710657.0
Episode: 180, total reward: 4497898.0
each agent reward: 4497898.0
Episode 181 return: -9789765.0
Episode: 181, total reward: 4299645.0
each agent reward: 4299645.0
Episode 182 return: -9807035.0
Episode: 182, total reward: 4427825.5
each agent reward: 4427825.5
Episode 183 return: -9484439.0
Episode: 183, total reward: 4505533.5
each agent reward: 4505533.5
Episode 184 return: -9455089.0
Episode: 184, total reward: 4303442.5
each agent reward: 4303442.5
Episode 185 return: -10004832.0
Episode: 185, total reward: 4303442.5
each agent reward: 4303442.5
Episode 186 return: -9626057.0
Episode: 186, total reward: 4306374.0
each agent reward: 4306374.0
Episode 187 return: -9027553.0
Episode: 187, total reward: 4304417.5
each agent reward: 4304417.5
Episode 188 return: -9210861.0
Episode: 188, total reward: 4333548.5
each agent reward: 4333548.5
Episode 189 return: -8794128.0
Episode: 189, total reward: 4310836.5
each agent reward: 4310836.5
Episode 190 return: -9406201.0
Episode: 190, total reward: 4310836.5
each agent reward: 4310836.5
Episode 191 return: -9060292.0
Episode: 191, total reward: 4312355.5
each agent reward: 4312355.5
Episode 192 return: -9073595.0
Episode: 192, total reward: 4352580.0
each agent reward: 4352580.0
Episode 193 return: -9011955.0
Episode: 193, total reward: 4419573.5
each agent reward: 4419573.5
Episode 194 return: -9972847.0
Episode: 194, total reward: 4758684.5
each agent reward: 4758684.5
Episode 195 return: -8822800.0
Episode: 195, total reward: 4758684.5
each agent reward: 4758684.5
Episode 196 return: -8844594.0
Episode: 196, total reward: 4845881.5
each agent reward: 4845881.5
Episode 197 return: -9752054.0
Episode: 197, total reward: 4672174.0
each agent reward: 4672174.0
Episode 198 return: -9038956.0
Episode: 198, total reward: 4534498.0
each agent reward: 4534498.0
Episode 199 return: -9592399.0
Episode: 199, total reward: 4559682.0
each agent reward: 4559682.0
Episode 200 return: -9822248.0
Episode: 200, total reward: 4559682.0
each agent reward: 4559682.0
Episode 201 return: -9473280.0
Episode: 201, total reward: 4614397.5
each agent reward: 4614397.5
Episode 202 return: -9646447.0
Episode: 202, total reward: 4577411.0
each agent reward: 4577411.0
Episode 203 return: -8828943.0
Episode: 203, total reward: 4615088.5
each agent reward: 4615088.5
Episode 204 return: -8962387.0
Episode: 204, total reward: 4498396.5
each agent reward: 4498396.5
Episode 205 return: -9058825.0
Episode: 205, total reward: 4498396.5
each agent reward: 4498396.5
Episode 206 return: -9338189.0
Episode: 206, total reward: 4294911.0
each agent reward: 4294911.0
Episode 207 return: -9906055.0
Episode: 207, total reward: 4419377.5
each agent reward: 4419377.5
Episode 208 return: -9132454.0
Episode: 208, total reward: 4420054.5
each agent reward: 4420054.5
Episode 209 return: -9311823.0
Episode: 209, total reward: 4169841.0
each agent reward: 4169841.0
Episode 210 return: -9132284.0
Episode: 210, total reward: 4169841.0
each agent reward: 4169841.0
Episode 211 return: -9312656.0
Episode: 211, total reward: 4105184.25
each agent reward: 4105184.25
Episode 212 return: -9071380.0
Episode: 212, total reward: 3990321.75
each agent reward: 3990321.75
Episode 213 return: -9481114.0
Episode: 213, total reward: 3756759.25
each agent reward: 3756759.25
Episode 214 return: -8867711.0
Episode: 214, total reward: 3618838.75
each agent reward: 3618838.75
Episode 215 return: -9344466.0
Episode: 215, total reward: 3618838.75
each agent reward: 3618838.75
Episode 216 return: -9534584.0
Episode: 216, total reward: 3514777.0
each agent reward: 3514777.0
Episode 217 return: -9661349.0
Episode: 217, total reward: 3523608.25
each agent reward: 3523608.25
Episode 218 return: -9685442.0
Episode: 218, total reward: 3473461.5
each agent reward: 3473461.5
Episode 219 return: -9404060.0
Episode: 219, total reward: 3500625.0
each agent reward: 3500625.0
Episode 220 return: -8958995.0
Episode: 220, total reward: 3500625.0
each agent reward: 3500625.0
Episode 221 return: -9346165.0
Episode: 221, total reward: 3560470.5
each agent reward: 3560470.5
Episode 222 return: -8937388.0
Episode: 222, total reward: 3780147.5
each agent reward: 3780147.5
Episode 223 return: -9222806.0
Episode: 223, total reward: 3800782.25
each agent reward: 3800782.25
Episode 224 return: -9140993.0
Episode: 224, total reward: 3877233.0
each agent reward: 3877233.0
Episode 225 return: -9394432.0
Episode: 225, total reward: 3877233.0
each agent reward: 3877233.0
Episode 226 return: -8943670.0
Episode: 226, total reward: 3964372.75
each agent reward: 3964372.75
Episode 227 return: -8777205.0
Episode: 227, total reward: 4072119.25
each agent reward: 4072119.25
Episode 228 return: -8613716.0
Episode: 228, total reward: 4124627.5
each agent reward: 4124627.5
Episode 229 return: -9258081.0
Episode: 229, total reward: 4177588.5
each agent reward: 4177588.5
Episode 230 return: -9071430.0
Episode: 230, total reward: 4177588.5
each agent reward: 4177588.5
Episode 231 return: -8962144.0
Episode: 231, total reward: 4050446.5
each agent reward: 4050446.5
Episode 232 return: -8798065.0
Episode: 232, total reward: 4055656.5
each agent reward: 4055656.5
Episode 233 return: -9085678.0
Episode: 233, total reward: 4139112.5
each agent reward: 4139112.5
Episode 234 return: -8941953.0
Episode: 234, total reward: 4195207.5
each agent reward: 4195207.5
Episode 235 return: -8853355.0
Episode: 235, total reward: 4195207.5
each agent reward: 4195207.5
Episode 236 return: -9761890.0
Episode: 236, total reward: 4289738.0
each agent reward: 4289738.0
Episode 237 return: -8752864.0
Episode: 237, total reward: 4343137.5
each agent reward: 4343137.5
Episode 238 return: -8843358.0
Episode: 238, total reward: 4420062.0
each agent reward: 4420062.0
Episode 239 return: -9976090.0
Episode: 239, total reward: 4472371.5
each agent reward: 4472371.5
Episode 240 return: -8996401.0
Episode: 240, total reward: 4472371.5
each agent reward: 4472371.5
Episode 241 return: -9587365.0
Episode: 241, total reward: 4580301.5
each agent reward: 4580301.5
Episode 242 return: -9032215.0
Episode: 242, total reward: 4469926.0
each agent reward: 4469926.0
Episode 243 return: -9259626.0
Episode: 243, total reward: 4525631.0
each agent reward: 4525631.0
Episode 244 return: -9674951.0
Episode: 244, total reward: 4448666.0
each agent reward: 4448666.0
Episode 245 return: -8922668.0
Episode: 245, total reward: 4448666.0
each agent reward: 4448666.0
Episode 246 return: -9702826.0
Episode: 246, total reward: 4371911.0
each agent reward: 4371911.0
Episode 247 return: -9313198.0
Episode: 247, total reward: 4339294.5
each agent reward: 4339294.5
Episode 248 return: -8479501.0
Episode: 248, total reward: 4269425.5
each agent reward: 4269425.5
Episode 249 return: -9715094.0
Episode: 249, total reward: 4273065.0
each agent reward: 4273065.0
Episode 250 return: -9123691.0
Episode: 250, total reward: 4273065.0
each agent reward: 4273065.0
Episode 251 return: -8863798.0
Episode: 251, total reward: 4343145.0
each agent reward: 4343145.0
Episode 252 return: -9329988.0
Episode: 252, total reward: 4418069.0
each agent reward: 4418069.0
Episode 253 return: -9005133.0
Episode: 253, total reward: 4450170.0
each agent reward: 4450170.0
Episode 254 return: -8719797.0
Episode: 254, total reward: 4497169.5
each agent reward: 4497169.5
Episode 255 return: -8733489.0
Episode: 255, total reward: 4497169.5
each agent reward: 4497169.5
Episode 256 return: -8875952.0
Episode: 256, total reward: 4364201.5
each agent reward: 4364201.5
Episode 257 return: -8840434.0
Episode: 257, total reward: 4331894.0
each agent reward: 4331894.0
Episode 258 return: -9903957.0
Episode: 258, total reward: 4211947.5
each agent reward: 4211947.5
Episode 259 return: -9097630.0
Episode: 259, total reward: 4234102.5
each agent reward: 4234102.5
Episode 260 return: -9705764.0
Episode: 260, total reward: 4234102.5
each agent reward: 4234102.5
Episode 261 return: -9301358.0
Episode: 261, total reward: 4229142.0
each agent reward: 4229142.0
Episode 262 return: -9049370.0
Episode: 262, total reward: 4284203.0
each agent reward: 4284203.0
Episode 263 return: -9310132.0
Episode: 263, total reward: 4312909.5
each agent reward: 4312909.5
Episode 264 return: -9087068.0
Episode: 264, total reward: 4258638.0
each agent reward: 4258638.0
Episode 265 return: -8874327.0
Episode: 265, total reward: 4258638.0
each agent reward: 4258638.0
Episode 266 return: -9288618.0
Episode: 266, total reward: 4124308.5
each agent reward: 4124308.5
Episode 267 return: -9168023.0
Episode: 267, total reward: 4101748.5
each agent reward: 4101748.5
Episode 268 return: -9032553.0
Episode: 268, total reward: 4153402.5
each agent reward: 4153402.5
Episode 269 return: -9723746.0
Episode: 269, total reward: 4260563.5
each agent reward: 4260563.5
Episode 270 return: -8795789.0
Episode: 270, total reward: 4260563.5
each agent reward: 4260563.5
Episode 271 return: -9360233.0
Episode: 271, total reward: 4406702.5
each agent reward: 4406702.5
Episode 272 return: -9334522.0
Episode: 272, total reward: 4428843.0
each agent reward: 4428843.0
Episode 273 return: -8473912.0
Episode: 273, total reward: 4514819.0
each agent reward: 4514819.0
Episode 274 return: -9066916.0
Episode: 274, total reward: 4377815.5
each agent reward: 4377815.5
Episode 275 return: -8730640.0
Episode: 275, total reward: 4377815.5
each agent reward: 4377815.5
Episode 276 return: -9121603.0
Episode: 276, total reward: 5008822.5
each agent reward: 5008822.5
Episode 277 return: -9742767.0
Episode: 277, total reward: 5263642.0
each agent reward: 5263642.0
Episode 278 return: -8825022.0
Episode: 278, total reward: 5358446.0
each agent reward: 5358446.0
Episode 279 return: -8751016.0
Episode: 279, total reward: 5343575.0
each agent reward: 5343575.0
Episode 280 return: -9746549.0
Episode: 280, total reward: 5343575.0
each agent reward: 5343575.0
Episode 281 return: -8485605.0
Episode: 281, total reward: 5338122.5
each agent reward: 5338122.5
Episode 282 return: -8679855.0
Episode: 282, total reward: 5345462.0
each agent reward: 5345462.0
Episode 283 return: -9245803.0
Episode: 283, total reward: 6037108.0
each agent reward: 6037108.0
Episode 284 return: -9195826.0
Episode: 284, total reward: 6002028.5
each agent reward: 6002028.5
Episode 285 return: -8666173.0
Episode: 285, total reward: 6002028.5
each agent reward: 6002028.5
Episode 286 return: -9067982.0
Episode: 286, total reward: 5966651.5
each agent reward: 5966651.5
Episode 287 return: -8880355.0
Episode: 287, total reward: 5795533.5
each agent reward: 5795533.5
Episode 288 return: -8716288.0
Episode: 288, total reward: 5480329.5
each agent reward: 5480329.5
Episode 289 return: -8892389.0
Episode: 289, total reward: 5344563.0
each agent reward: 5344563.0
Episode 290 return: -9339159.0
Episode: 290, total reward: 5344563.0
each agent reward: 5344563.0
Episode 291 return: -8577971.0
Episode: 291, total reward: 5295864.0
each agent reward: 5295864.0
Episode 292 return: -9222750.0
Episode: 292, total reward: 5272620.5
each agent reward: 5272620.5
Episode 293 return: -9420290.0
Episode: 293, total reward: 5269477.5
each agent reward: 5269477.5
Episode 294 return: -9662785.0
Episode: 294, total reward: 4312078.0
each agent reward: 4312078.0
Episode 295 return: -9380264.0
Episode: 295, total reward: 4312078.0
each agent reward: 4312078.0
Episode 296 return: -9316484.0
Episode: 296, total reward: 4158142.25
each agent reward: 4158142.25
Episode 297 return: -9492340.0
Episode: 297, total reward: 4771107.0
each agent reward: 4771107.0
Episode 298 return: -9256776.0
Episode: 298, total reward: 5473698.5
each agent reward: 5473698.5
Episode 299 return: -9134937.0
Episode: 299, total reward: 5523141.0
each agent reward: 5523141.0
Episode 300 return: -8809821.0
Episode: 300, total reward: 5523141.0
each agent reward: 5523141.0
Episode 301 return: -8847322.0
Episode: 301, total reward: 4881677.0
each agent reward: 4881677.0
Episode 302 return: -9692553.0
Episode: 302, total reward: 4952754.5
each agent reward: 4952754.5
Episode 303 return: -8845353.0
Episode: 303, total reward: 4138721.0
each agent reward: 4138721.0
Episode 304 return: -8395487.0
Episode: 304, total reward: 4056125.0
each agent reward: 4056125.0
Episode 305 return: -8871701.0
Episode: 305, total reward: 4056125.0
each agent reward: 4056125.0
Episode 306 return: -9356126.0
Episode: 306, total reward: 4118290.5
each agent reward: 4118290.5
Episode 307 return: -9243644.0
Episode: 307, total reward: 4122934.75
each agent reward: 4122934.75
Episode 308 return: -8610312.0
Episode: 308, total reward: 4184757.0
each agent reward: 4184757.0
Episode 309 return: -8570294.0
Episode: 309, total reward: 4307364.0
each agent reward: 4307364.0
Episode 310 return: -8750479.0
Episode: 310, total reward: 4307364.0
each agent reward: 4307364.0
Episode 311 return: -8727173.0
Episode: 311, total reward: 3529070.5
each agent reward: 3529070.5
Episode 312 return: -9562765.0
Episode: 312, total reward: 3441546.25
each agent reward: 3441546.25
Episode 313 return: -8936260.0
Episode: 313, total reward: 3512828.5
each agent reward: 3512828.5
Episode 314 return: -8912154.0
Episode: 314, total reward: 3495398.5
each agent reward: 3495398.5
Episode 315 return: -8736558.0
Episode: 315, total reward: 3495398.5
each agent reward: 3495398.5
Episode 316 return: -9667004.0
Episode: 316, total reward: 3465075.0
each agent reward: 3465075.0
Episode 317 return: -9231922.0
Episode: 317, total reward: 3729149.75
each agent reward: 3729149.75
Episode 318 return: -9260463.0
Episode: 318, total reward: 3877297.0
each agent reward: 3877297.0
Episode 319 return: -8557765.0
Episode: 319, total reward: 3963022.5
each agent reward: 3963022.5
Episode 320 return: -8913788.0
Episode: 320, total reward: 3963022.5
each agent reward: 3963022.5
Episode 321 return: -8588548.0
Episode: 321, total reward: 4044367.5
each agent reward: 4044367.5
Episode 322 return: -9282358.0
Episode: 322, total reward: 4509028.0
each agent reward: 4509028.0
Episode 323 return: -8996345.0
Episode: 323, total reward: 5773008.0
each agent reward: 5773008.0
Episode 324 return: -8389324.0
Episode: 324, total reward: 5684173.0
each agent reward: 5684173.0
Episode 325 return: -9246359.0
Episode: 325, total reward: 5684173.0
each agent reward: 5684173.0
Episode 326 return: -8862414.0
Episode: 326, total reward: 5859242.0
each agent reward: 5859242.0
Episode 327 return: -9344954.0
Episode: 327, total reward: 6528836.0
each agent reward: 6528836.0
Episode 328 return: -9242228.0
Episode: 328, total reward: 5739787.5
each agent reward: 5739787.5
Episode 329 return: -9486484.0
Episode: 329, total reward: 6384117.5
each agent reward: 6384117.5
Episode 330 return: -8293510.0
Episode: 330, total reward: 6384117.5
each agent reward: 6384117.5
Episode 331 return: -9046230.0
Episode: 331, total reward: 5599924.5
each agent reward: 5599924.5
Episode 332 return: -8466599.0
Episode: 332, total reward: 5472945.0
each agent reward: 5472945.0
Episode 333 return: -8628314.0
Episode: 333, total reward: 6193887.0
each agent reward: 6193887.0
Episode 334 return: -8871343.0
Episode: 334, total reward: 5401934.0
each agent reward: 5401934.0
Episode 335 return: -8588396.0
Episode: 335, total reward: 5401934.0
each agent reward: 5401934.0
Episode 336 return: -8858146.0
Episode: 336, total reward: 4607863.0
each agent reward: 4607863.0
Episode 337 return: -8742313.0
Episode: 337, total reward: 4566809.5
each agent reward: 4566809.5
Episode 338 return: -9138755.0
Episode: 338, total reward: 5318362.5
each agent reward: 5318362.5
Episode 339 return: -8976057.0
Episode: 339, total reward: 4588999.5
each agent reward: 4588999.5
Episode 340 return: -8684105.0
Episode: 340, total reward: 4588999.5
each agent reward: 4588999.5
Episode 341 return: -9048566.0
Episode: 341, total reward: 4612220.0
each agent reward: 4612220.0
Episode 342 return: -8923576.0
Episode: 342, total reward: 4638545.5
each agent reward: 4638545.5
Episode 343 return: -8259666.5
Episode: 343, total reward: 5368542.0
each agent reward: 5368542.0
Episode 344 return: -9065987.0
Episode: 344, total reward: 5286568.5
each agent reward: 5286568.5
Episode 345 return: -8724624.0
Episode: 345, total reward: 5286568.5
each agent reward: 5286568.5
Episode 346 return: -9234580.0
Episode: 346, total reward: 5278902.5
each agent reward: 5278902.5
Episode 347 return: -9037595.0
Episode: 347, total reward: 5307941.5
each agent reward: 5307941.5
Episode 348 return: -8456566.0
Episode: 348, total reward: 5249103.0
each agent reward: 5249103.0
Episode 349 return: -8648163.0
Episode: 349, total reward: 5242226.0
each agent reward: 5242226.0
Episode 350 return: -8868426.0
Episode: 350, total reward: 5242226.0
each agent reward: 5242226.0
Episode 351 return: -8527697.0
Episode: 351, total reward: 5250565.5
each agent reward: 5250565.5
Episode 352 return: -8680637.0
Episode: 352, total reward: 5250736.0
each agent reward: 5250736.0
Episode 353 return: -9207611.0
Episode: 353, total reward: 5279241.0
each agent reward: 5279241.0
Episode 354 return: -9230436.0
Episode: 354, total reward: 5259118.0
each agent reward: 5259118.0
Episode 355 return: -9345309.0
Episode: 355, total reward: 5259118.0
each agent reward: 5259118.0
Episode 356 return: -9102399.0
Episode: 356, total reward: 5201828.0
each agent reward: 5201828.0
Episode 357 return: -8893403.0
Episode: 357, total reward: 5203190.0
each agent reward: 5203190.0
Episode 358 return: -9659617.0
Episode: 358, total reward: 4503556.5
each agent reward: 4503556.5
Episode 359 return: -8994265.0
Episode: 359, total reward: 3826384.75
each agent reward: 3826384.75
Episode 360 return: -9138967.0
Episode: 360, total reward: 3826384.75
each agent reward: 3826384.75
Episode 361 return: -8744403.0
Episode: 361, total reward: 3770980.25
each agent reward: 3770980.25
Episode 362 return: -8879478.0
Episode: 362, total reward: 3776909.0
each agent reward: 3776909.0
Episode 363 return: -8601388.0
Episode: 363, total reward: 3742765.25
each agent reward: 3742765.25
Episode 364 return: -8931518.0
Episode: 364, total reward: 3741909.5
each agent reward: 3741909.5
Episode 365 return: -8391406.0
Episode: 365, total reward: 3741909.5
each agent reward: 3741909.5
Episode 366 return: -8805247.0
Episode: 366, total reward: 3065120.0
each agent reward: 3065120.0
Episode 367 return: -8818909.0
Episode: 367, total reward: 3071647.0
each agent reward: 3071647.0
Episode 368 return: -8678378.0
Episode: 368, total reward: 3051112.75
each agent reward: 3051112.75
Episode 369 return: -8992665.0
Episode: 369, total reward: 3078874.75
each agent reward: 3078874.75
Episode 370 return: -8502702.0
Episode: 370, total reward: 3078874.75
each agent reward: 3078874.75
Episode 371 return: -8933553.0
Episode: 371, total reward: 3079815.25
each agent reward: 3079815.25
Episode 372 return: -8424954.0
Episode: 372, total reward: 3105346.0
each agent reward: 3105346.0
Episode 373 return: -9038089.0
Episode: 373, total reward: 3104309.5
each agent reward: 3104309.5
Episode 374 return: -8642434.0
Episode: 374, total reward: 3050666.25
each agent reward: 3050666.25
Episode 375 return: -8640258.0
Episode: 375, total reward: 3050666.25
each agent reward: 3050666.25
Episode 376 return: -8443517.0
Episode: 376, total reward: 3021297.75
each agent reward: 3021297.75
Episode 377 return: -8892831.0
Episode: 377, total reward: 3703438.25
each agent reward: 3703438.25
Episode 378 return: -8982117.0
Episode: 378, total reward: 3691248.25
each agent reward: 3691248.25
Episode 379 return: -8812371.0
Episode: 379, total reward: 3696791.25
each agent reward: 3696791.25
Episode 380 return: -7863598.0
Episode: 380, total reward: 3696791.25
each agent reward: 3696791.25
Episode 381 return: -8488144.0
Episode: 381, total reward: 3669697.25
each agent reward: 3669697.25
Episode 382 return: -8636436.0
Episode: 382, total reward: 3698527.5
each agent reward: 3698527.5
Episode 383 return: -8204071.5
Episode: 383, total reward: 4384075.0
each agent reward: 4384075.0
Episode 384 return: -8397497.0
Episode: 384, total reward: 4393342.5
each agent reward: 4393342.5
Episode 385 return: -8217364.0
Episode: 385, total reward: 4393342.5
each agent reward: 4393342.5
Episode 386 return: -8392544.0
Episode: 386, total reward: 4382204.0
each agent reward: 4382204.0
Episode 387 return: -8518305.0
Episode: 387, total reward: 5074271.5
each agent reward: 5074271.5
Episode 388 return: -8066007.0
Episode: 388, total reward: 5123973.5
each agent reward: 5123973.5
Episode 389 return: -8248953.0
Episode: 389, total reward: 5148799.5
each agent reward: 5148799.5
Episode 390 return: -8419117.0
Episode: 390, total reward: 5148799.5
each agent reward: 5148799.5
Episode 391 return: -8960100.0
Episode: 391, total reward: 5128235.0
each agent reward: 5128235.0
Episode 392 return: -8733175.0
Episode: 392, total reward: 5108906.5
each agent reward: 5108906.5
Episode 393 return: -8317892.0
Episode: 393, total reward: 5065067.5
each agent reward: 5065067.5
Episode 394 return: -8411976.0
Episode: 394, total reward: 5150964.5
each agent reward: 5150964.5
Episode 395 return: -7843279.0
Episode: 395, total reward: 5150964.5
each agent reward: 5150964.5
Episode 396 return: -8243159.0
Episode: 396, total reward: 5207504.0
each agent reward: 5207504.0
Episode 397 return: -8355401.5
Episode: 397, total reward: 5917920.5
each agent reward: 5917920.5
Episode 398 return: -7940748.5
Episode: 398, total reward: 5139666.5
each agent reward: 5139666.5
Episode 399 return: -8412553.0
Episode: 399, total reward: 5110941.5
each agent reward: 5110941.5
Episode 400 return: -8408562.0
Episode: 400, total reward: 5110941.5
each agent reward: 5110941.5
Episode 401 return: -8802185.0
Episode: 401, total reward: 5022866.0
each agent reward: 5022866.0
Episode 402 return: -8689401.0
Episode: 402, total reward: 4326664.0
each agent reward: 4326664.0
Episode 403 return: -8568707.0
Episode: 403, total reward: 4272092.0
each agent reward: 4272092.0
Episode 404 return: -8484066.0
Episode: 404, total reward: 3599331.0
each agent reward: 3599331.0
Episode 405 return: -8624238.0
Episode: 405, total reward: 3599331.0
each agent reward: 3599331.0
Episode 406 return: -9085338.0
Episode: 406, total reward: 2955830.0
each agent reward: 2955830.0
Episode 407 return: -8684552.0
Episode: 407, total reward: 2952385.25
each agent reward: 2952385.25
Episode 408 return: -8147501.5
Episode: 408, total reward: 2971994.5
each agent reward: 2971994.5
Episode 409 return: -8178100.5
Episode: 409, total reward: 2972431.0
each agent reward: 2972431.0
Episode 410 return: -8523065.0
Episode: 410, total reward: 2972431.0
each agent reward: 2972431.0
Episode 411 return: -8553579.0
Episode: 411, total reward: 2971991.0
each agent reward: 2971991.0
Episode 412 return: -8691431.0
Episode: 412, total reward: 2971175.0
each agent reward: 2971175.0
Episode 413 return: -7828040.0
Episode: 413, total reward: 3591216.5
each agent reward: 3591216.5
Episode 414 return: -8111250.0
Episode: 414, total reward: 4254270.0
each agent reward: 4254270.0
Episode 415 return: -8461889.0
Episode: 415, total reward: 4254270.0
each agent reward: 4254270.0
Episode 416 return: -7801240.0
Episode: 416, total reward: 4282775.5
each agent reward: 4282775.5
Episode 417 return: -8261460.5
Episode: 417, total reward: 4286645.0
each agent reward: 4286645.0
Episode 418 return: -7986124.0
Episode: 418, total reward: 4264991.0
each agent reward: 4264991.0
Episode 419 return: -8532151.0
Episode: 419, total reward: 4272691.5
each agent reward: 4272691.5
Episode 420 return: -7979039.5
Episode: 420, total reward: 4272691.5
each agent reward: 4272691.5
Episode 421 return: -8668121.0
Episode: 421, total reward: 4337986.5
each agent reward: 4337986.5
Episode 422 return: -7805321.0
Episode: 422, total reward: 4330125.0
each agent reward: 4330125.0
Episode 423 return: -8312213.0
Episode: 423, total reward: 3675413.0
each agent reward: 3675413.0
Episode 424 return: -8769599.0
Episode: 424, total reward: 3078415.75
each agent reward: 3078415.75
Episode 425 return: -8117055.5
Episode: 425, total reward: 3078415.75
each agent reward: 3078415.75
Episode 426 return: -8387031.0
Episode: 426, total reward: 3178815.0
each agent reward: 3178815.0
Episode 427 return: -8152157.5
Episode: 427, total reward: 3212416.0
each agent reward: 3212416.0
Episode 428 return: -8180928.0
Episode: 428, total reward: 3283285.0
each agent reward: 3283285.0
Episode 429 return: -8439507.0
Episode: 429, total reward: 3284026.0
each agent reward: 3284026.0
Episode 430 return: -7477321.5
Episode: 430, total reward: 3284026.0
each agent reward: 3284026.0
Episode 431 return: -8072899.0
Episode: 431, total reward: 3285260.75
each agent reward: 3285260.75
Episode 432 return: -7446593.5
Episode: 432, total reward: 3262701.75
each agent reward: 3262701.75
Episode 433 return: -8103266.0
Episode: 433, total reward: 3229957.0
each agent reward: 3229957.0
Episode 434 return: -7786950.5
Episode: 434, total reward: 3085042.5
each agent reward: 3085042.5
Episode 435 return: -7584090.5
Episode: 435, total reward: 3085042.5
each agent reward: 3085042.5
Episode 436 return: -7698890.5
Episode: 436, total reward: 3056102.5
each agent reward: 3056102.5
Episode 437 return: -7956730.0
Episode: 437, total reward: 3018902.25
each agent reward: 3018902.25
Episode 438 return: -7899499.0
Episode: 438, total reward: 3013593.75
each agent reward: 3013593.75
Episode 439 return: -8075041.0
Episode: 439, total reward: 3040215.75
each agent reward: 3040215.75
Episode 440 return: -7872354.5
Episode: 440, total reward: 3040215.75
each agent reward: 3040215.75
Episode 441 return: -7577913.5
Episode: 441, total reward: 3015965.0
each agent reward: 3015965.0
Episode 442 return: -7441802.5
Episode: 442, total reward: 3017172.5
each agent reward: 3017172.5
Episode 443 return: -7988371.0
Episode: 443, total reward: 3024213.5
each agent reward: 3024213.5
Episode 444 return: -7700954.5
Episode: 444, total reward: 3033975.5
each agent reward: 3033975.5
Episode 445 return: -7643319.0
Episode: 445, total reward: 3033975.5
each agent reward: 3033975.5
Episode 446 return: -7875975.0
Episode: 446, total reward: 3029113.25
each agent reward: 3029113.25
Episode 447 return: -8606526.0
Episode: 447, total reward: 3027486.25
each agent reward: 3027486.25
Episode 448 return: -8194257.5
Episode: 448, total reward: 3020188.75
each agent reward: 3020188.75
Episode 449 return: -7642192.0
Episode: 449, total reward: 3017670.0
each agent reward: 3017670.0
Episode 450 return: -7515940.0
Episode: 450, total reward: 3017670.0
each agent reward: 3017670.0
Episode 451 return: -7964870.0
Episode: 451, total reward: 3015015.25
each agent reward: 3015015.25
Episode 452 return: -8219201.0
Episode: 452, total reward: 3010005.25
each agent reward: 3010005.25
Episode 453 return: -8320549.0
Episode: 453, total reward: 3010349.5
each agent reward: 3010349.5
Episode 454 return: -8387920.5
Episode: 454, total reward: 3016317.75
each agent reward: 3016317.75
Episode 455 return: -7551689.5
Episode: 455, total reward: 3016317.75
each agent reward: 3016317.75
Episode 456 return: -7846079.5
Episode: 456, total reward: 3020422.0
each agent reward: 3020422.0
Episode 457 return: -7901337.0
Episode: 457, total reward: 3031691.75
each agent reward: 3031691.75
Episode 458 return: -7700586.0
Episode: 458, total reward: 3034667.5
each agent reward: 3034667.5
Episode 459 return: -8216197.5
Episode: 459, total reward: 3022084.75
each agent reward: 3022084.75
Episode 460 return: -8021771.0
Episode: 460, total reward: 3022084.75
each agent reward: 3022084.75
Episode 461 return: -8091181.0
Episode: 461, total reward: 3020826.75
each agent reward: 3020826.75
Episode 462 return: -7433971.5
Episode: 462, total reward: 3021125.75
each agent reward: 3021125.75
Episode 463 return: -7862049.5
Episode: 463, total reward: 3073704.75
each agent reward: 3073704.75
Episode 464 return: -7805176.5
Episode: 464, total reward: 3106685.0
each agent reward: 3106685.0
Episode 465 return: -8122119.5
Episode: 465, total reward: 3106685.0
each agent reward: 3106685.0
Episode 466 return: -7296706.0
Episode: 466, total reward: 3084316.25
each agent reward: 3084316.25
Episode 467 return: -7443198.5
Episode: 467, total reward: 3055400.0
each agent reward: 3055400.0
Episode 468 return: -7711584.5
Episode: 468, total reward: 3030060.75
each agent reward: 3030060.75
Episode 469 return: -8037119.5
Episode: 469, total reward: 3028870.75
each agent reward: 3028870.75
Episode 470 return: -7856975.0
Episode: 470, total reward: 3028870.75
each agent reward: 3028870.75
Episode 471 return: -8359148.5
Episode: 471, total reward: 3027995.0
each agent reward: 3027995.0
Episode 472 return: -8235715.5
Episode: 472, total reward: 3029087.0
each agent reward: 3029087.0
Episode 473 return: -7314370.0
Episode: 473, total reward: 3065117.75
each agent reward: 3065117.75
Episode 474 return: -7769695.5
Episode: 474, total reward: 3036160.0
each agent reward: 3036160.0
Episode 475 return: -7395402.5
Episode: 475, total reward: 3036160.0
each agent reward: 3036160.0
Episode 476 return: -7182727.0
Episode: 476, total reward: 3038776.5
each agent reward: 3038776.5
Episode 477 return: -7916206.0
Episode: 477, total reward: 3054128.5
each agent reward: 3054128.5
Episode 478 return: -7613802.0
Episode: 478, total reward: 3070278.5
each agent reward: 3070278.5
Episode 479 return: -7630024.5
Episode: 479, total reward: 3066302.25
each agent reward: 3066302.25
Episode 480 return: -7674854.5
Episode: 480, total reward: 3066302.25
each agent reward: 3066302.25
Episode 481 return: -7818011.0
Episode: 481, total reward: 3067512.75
each agent reward: 3067512.75
Episode 482 return: -7954647.0
Episode: 482, total reward: 3062780.25
each agent reward: 3062780.25
Episode 483 return: -7532160.5
Episode: 483, total reward: 3065361.5
each agent reward: 3065361.5
Episode 484 return: -7452464.0
Episode: 484, total reward: 3073204.5
each agent reward: 3073204.5
Episode 485 return: -7160371.5
Episode: 485, total reward: 3073204.5
each agent reward: 3073204.5
Episode 486 return: -7724650.5
Episode: 486, total reward: 3073544.75
each agent reward: 3073544.75
Episode 487 return: -7398054.5
Episode: 487, total reward: 3080870.0
each agent reward: 3080870.0
Episode 488 return: -7413862.0
Episode: 488, total reward: 3071218.0
each agent reward: 3071218.0
Episode 489 return: -7712464.5
Episode: 489, total reward: 3068522.0
each agent reward: 3068522.0
Episode 490 return: -7561078.0
Episode: 490, total reward: 3068522.0
each agent reward: 3068522.0
Episode 491 return: -7001558.0
Episode: 491, total reward: 3065209.5
each agent reward: 3065209.5
Episode 492 return: -6794091.5
Episode: 492, total reward: 3086818.75
each agent reward: 3086818.75
Episode 493 return: -7877485.5
Episode: 493, total reward: 3074566.5
each agent reward: 3074566.5
Episode 494 return: -7540264.5
Episode: 494, total reward: 3120945.75
each agent reward: 3120945.75
Episode 495 return: -7556231.0
Episode: 495, total reward: 3120945.75
each agent reward: 3120945.75
Episode 496 return: -7463378.0
Episode: 496, total reward: 3085973.5
each agent reward: 3085973.5
Episode 497 return: -7521396.0
Episode: 497, total reward: 3707537.5
each agent reward: 3707537.5
Episode 498 return: -7158997.0
Episode: 498, total reward: 3705255.25
each agent reward: 3705255.25
Episode 499 return: -7304586.0
Episode: 499, total reward: 3670301.25
each agent reward: 3670301.25
Episode 500 return: -7266775.5
Episode: 500, total reward: 3670301.25
each agent reward: 3670301.25
Episode 501 return: -7149466.5
Episode: 501, total reward: 3760273.75
each agent reward: 3760273.75
Episode 502 return: -7140753.5
Episode: 502, total reward: 3190450.5
each agent reward: 3190450.5
Episode 503 return: -7137940.5
Episode: 503, total reward: 3213410.0
each agent reward: 3213410.0
Episode 504 return: -7973013.0
Episode: 504, total reward: 3212440.75
each agent reward: 3212440.75
Episode 505 return: -7502968.0
Episode: 505, total reward: 3212440.75
each agent reward: 3212440.75
Episode 506 return: -7665881.0
Episode: 506, total reward: 3855032.75
each agent reward: 3855032.75
Episode 507 return: -6983948.5
Episode: 507, total reward: 3303702.5
each agent reward: 3303702.5
Episode 508 return: -7284657.0
Episode: 508, total reward: 3340522.0
each agent reward: 3340522.0
Episode 509 return: -7528521.5
Episode: 509, total reward: 3454383.25
each agent reward: 3454383.25
Episode 510 return: -7454855.5
Episode: 510, total reward: 3454383.25
each agent reward: 3454383.25
Episode 511 return: -6995799.0
Episode: 511, total reward: 3484429.75
each agent reward: 3484429.75
Episode 512 return: -7118167.0
Episode: 512, total reward: 3430367.5
each agent reward: 3430367.5
Episode 513 return: -7585325.5
Episode: 513, total reward: 3289551.75
each agent reward: 3289551.75
Episode 514 return: -7059782.5
Episode: 514, total reward: 3259783.5
each agent reward: 3259783.5
Episode 515 return: -6765241.0
Episode: 515, total reward: 3259783.5
each agent reward: 3259783.5
Episode 516 return: -7155088.5
Episode: 516, total reward: 3252599.0
each agent reward: 3252599.0
Episode 517 return: -7286957.5
Episode: 517, total reward: 3242148.25
each agent reward: 3242148.25
Episode 518 return: -6832932.0
Episode: 518, total reward: 3231324.5
each agent reward: 3231324.5
Episode 519 return: -7459265.5
Episode: 519, total reward: 3236246.75
each agent reward: 3236246.75
Episode 520 return: -7018805.0
Episode: 520, total reward: 3236246.75
each agent reward: 3236246.75
Episode 521 return: -7174195.0
Episode: 521, total reward: 3236315.25
each agent reward: 3236315.25
Episode 522 return: -6937175.5
Episode: 522, total reward: 3213053.5
each agent reward: 3213053.5
Episode 523 return: -7130029.5
Episode: 523, total reward: 3200713.25
each agent reward: 3200713.25
Episode 524 return: -7004817.0
Episode: 524, total reward: 3143412.5
each agent reward: 3143412.5
Episode 525 return: -6716474.0
Episode: 525, total reward: 3143412.5
each agent reward: 3143412.5
Episode 526 return: -7430923.0
Episode: 526, total reward: 3001122.75
each agent reward: 3001122.75
Episode 527 return: -6295241.5
Episode: 527, total reward: 3005566.5
each agent reward: 3005566.5
Episode 528 return: -6892616.0
Episode: 528, total reward: 2998598.75
each agent reward: 2998598.75
Episode 529 return: -6592763.5
Episode: 529, total reward: 3000615.75
each agent reward: 3000615.75
Episode 530 return: -7230855.5
Episode: 530, total reward: 3000615.75
each agent reward: 3000615.75
Episode 531 return: -6486347.0
Episode: 531, total reward: 3001098.5
each agent reward: 3001098.5
Episode 532 return: -6751706.5
Episode: 532, total reward: 3010735.5
each agent reward: 3010735.5
Episode 533 return: -6840043.0
Episode: 533, total reward: 3014447.0
each agent reward: 3014447.0
Episode 534 return: -6723009.5
Episode: 534, total reward: 3019197.5
each agent reward: 3019197.5
Episode 535 return: -6806437.0
Episode: 535, total reward: 3019197.5
each agent reward: 3019197.5
Episode 536 return: -6983983.5
Episode: 536, total reward: 3020485.75
each agent reward: 3020485.75
Episode 537 return: -6839910.0
Episode: 537, total reward: 3034578.0
each agent reward: 3034578.0
Episode 538 return: -7110253.0
Episode: 538, total reward: 3032425.5
each agent reward: 3032425.5
Episode 539 return: -6563192.0
Episode: 539, total reward: 3034495.25
each agent reward: 3034495.25
Episode 540 return: -6555117.0
Episode: 540, total reward: 3034495.25
each agent reward: 3034495.25
Episode 541 return: -6882918.0
Episode: 541, total reward: 3040347.0
each agent reward: 3040347.0
Episode 542 return: -6797045.5
Episode: 542, total reward: 3052570.25
each agent reward: 3052570.25
Episode 543 return: -6408098.0
Episode: 543, total reward: 3060195.25
each agent reward: 3060195.25
Episode 544 return: -6636395.5
Episode: 544, total reward: 3069658.0
each agent reward: 3069658.0
Episode 545 return: -6695864.0
Episode: 545, total reward: 3069658.0
each agent reward: 3069658.0
Episode 546 return: -6827985.0
Episode: 546, total reward: 3068029.5
each agent reward: 3068029.5
Episode 547 return: -7178839.0
Episode: 547, total reward: 3078064.0
each agent reward: 3078064.0
Episode 548 return: -7100782.0
Episode: 548, total reward: 3081859.75
each agent reward: 3081859.75
Episode 549 return: -6740124.5
Episode: 549, total reward: 3075105.0
each agent reward: 3075105.0
Episode 550 return: -6556918.0
Episode: 550, total reward: 3075105.0
each agent reward: 3075105.0
Episode 551 return: -6270605.0
Episode: 551, total reward: 3079163.0
each agent reward: 3079163.0
Episode 552 return: -7208380.0
Episode: 552, total reward: 3063682.5
each agent reward: 3063682.5
Episode 553 return: -6377248.5
Episode: 553, total reward: 3052065.0
each agent reward: 3052065.0
Episode 554 return: -6996163.0
Episode: 554, total reward: 3060549.5
each agent reward: 3060549.5
Episode 555 return: -6517222.0
Episode: 555, total reward: 3060549.5
each agent reward: 3060549.5
Episode 556 return: -6859187.5
Episode: 556, total reward: 3055330.75
each agent reward: 3055330.75
Episode 557 return: -6674824.5
Episode: 557, total reward: 3055901.5
each agent reward: 3055901.5
Episode 558 return: -6821926.0
Episode: 558, total reward: 3069716.25
each agent reward: 3069716.25
Episode 559 return: -6835950.0
Episode: 559, total reward: 3075753.25
each agent reward: 3075753.25
Episode 560 return: -6724093.5
Episode: 560, total reward: 3075753.25
each agent reward: 3075753.25
Episode 561 return: -6341663.5
Episode: 561, total reward: 3165814.75
each agent reward: 3165814.75
Episode 562 return: -6284290.5
Episode: 562, total reward: 3286555.0
each agent reward: 3286555.0
Episode 563 return: -6228975.0
Episode: 563, total reward: 3329699.0
each agent reward: 3329699.0
Episode 564 return: -5910217.0
Episode: 564, total reward: 3332465.5
each agent reward: 3332465.5
Episode 565 return: -6593566.5
Episode: 565, total reward: 3332465.5
each agent reward: 3332465.5
Episode 566 return: -6487983.0
Episode: 566, total reward: 3330330.5
each agent reward: 3330330.5
Episode 567 return: -6781300.5
Episode: 567, total reward: 3326859.0
each agent reward: 3326859.0
Episode 568 return: -6126062.0
Episode: 568, total reward: 3315022.25
each agent reward: 3315022.25
Episode 569 return: -6166736.5
Episode: 569, total reward: 3309099.75
each agent reward: 3309099.75
Episode 570 return: -6206620.0
Episode: 570, total reward: 3309099.75
each agent reward: 3309099.75
Episode 571 return: -6644648.0
Episode: 571, total reward: 3287281.25
each agent reward: 3287281.25
Episode 572 return: -6473561.0
Episode: 572, total reward: 3088261.75
each agent reward: 3088261.75
Episode 573 return: -6458121.0
Episode: 573, total reward: 3092707.75
each agent reward: 3092707.75
Episode 574 return: -6730052.5
Episode: 574, total reward: 3080401.25
each agent reward: 3080401.25
Episode 575 return: -5981968.5
Episode: 575, total reward: 3080401.25
each agent reward: 3080401.25
Episode 576 return: -6695933.0
Episode: 576, total reward: 3083969.25
each agent reward: 3083969.25
Episode 577 return: -6948941.5
Episode: 577, total reward: 3080833.0
each agent reward: 3080833.0
Episode 578 return: -6514823.5
Episode: 578, total reward: 3081896.75
each agent reward: 3081896.75
Episode 579 return: -5993928.5
Episode: 579, total reward: 3081231.5
each agent reward: 3081231.5
Episode 580 return: -6100133.5
Episode: 580, total reward: 3081231.5
each agent reward: 3081231.5
Episode 581 return: -6839669.0
Episode: 581, total reward: 3071595.5
each agent reward: 3071595.5
Episode 582 return: -6367374.5
Episode: 582, total reward: 3063580.0
each agent reward: 3063580.0
Episode 583 return: -6688038.5
Episode: 583, total reward: 3080161.75
each agent reward: 3080161.75
Episode 584 return: -6527487.5
Episode: 584, total reward: 3154118.25
each agent reward: 3154118.25
Episode 585 return: -6663497.5
Episode: 585, total reward: 3154118.25
each agent reward: 3154118.25
Episode 586 return: -6548114.5
Episode: 586, total reward: 3142452.0
each agent reward: 3142452.0
Episode 587 return: -6272408.0
Episode: 587, total reward: 3131679.0
each agent reward: 3131679.0
Episode 588 return: -6228089.5
Episode: 588, total reward: 3117958.75
each agent reward: 3117958.75
Episode 589 return: -5297751.0
Episode: 589, total reward: 3050735.75
each agent reward: 3050735.75
Episode 590 return: -6529733.0
Episode: 590, total reward: 3050735.75
each agent reward: 3050735.75
Episode 591 return: -5850084.0
Episode: 591, total reward: 3076768.25
each agent reward: 3076768.25
Episode 592 return: -5768773.5
Episode: 592, total reward: 3048526.75
each agent reward: 3048526.75
Episode 593 return: -6175979.0
Episode: 593, total reward: 2999877.75
each agent reward: 2999877.75
Episode 594 return: -5902790.0
Episode: 594, total reward: 3003215.75
each agent reward: 3003215.75
Episode 595 return: -5869275.0
Episode: 595, total reward: 3003215.75
each agent reward: 3003215.75
Episode 596 return: -5704234.0
Episode: 596, total reward: 3004159.75
each agent reward: 3004159.75
Episode 597 return: -5780410.0
Episode: 597, total reward: 2999773.75
each agent reward: 2999773.75
Episode 598 return: -5822265.5
Episode: 598, total reward: 2992313.0
each agent reward: 2992313.0
Episode 599 return: -6382937.0
Episode: 599, total reward: 2990637.75
each agent reward: 2990637.75
