Episode: -1, total reward: 10253825.0
each agent reward: 10253825.0
Episode: 1, total reward: 3554761.5
each agent reward: 3554761.5
Episode 0 return: -5541661.0
Episode: 0, total reward: 3554761.5
each agent reward: 3554761.5
Episode 1 return: -5319917.0
Episode: 1, total reward: 3554761.5
each agent reward: 3554761.5
Episode 2 return: -5395831.5
Episode: 2, total reward: 3554761.5
each agent reward: 3554761.5
Episode 3 return: -5000791.5
Episode: 3, total reward: 3554761.5
each agent reward: 3554761.5
Episode 4 return: -5146997.5
Episode: 4, total reward: 3554761.5
each agent reward: 3554761.5
Episode 5 return: -5115458.0
Episode: 5, total reward: 3554761.5
each agent reward: 3554761.5
Episode 6 return: -5132490.0
Episode: 6, total reward: 3554761.5
each agent reward: 3554761.5
Episode 7 return: -5016325.5
Episode: 7, total reward: 3554761.5
each agent reward: 3554761.5
Episode 8 return: -4783731.0
Episode: 8, total reward: 3554761.5
each agent reward: 3554761.5
Episode 9 return: -5371318.5
Episode: 9, total reward: 3554761.5
each agent reward: 3554761.5
Episode 10 return: -4916257.5
Episode: 10, total reward: 3554761.5
each agent reward: 3554761.5
Episode 11 return: -5010082.5
Episode: 11, total reward: 3554761.5
each agent reward: 3554761.5
Episode 12 return: -5572658.0
Episode: 12, total reward: 4179626.5
each agent reward: 4179626.5
Episode 13 return: -5518663.0
Episode: 13, total reward: 4179626.5
each agent reward: 4179626.5
Episode 14 return: -5574268.0
Episode: 14, total reward: 4179626.5
each agent reward: 4179626.5
Episode 15 return: -5257265.0
Episode: 15, total reward: 3508643.5
each agent reward: 3508643.5
Episode 16 return: -5073796.5
Episode: 16, total reward: 3508643.5
each agent reward: 3508643.5
Episode 17 return: -5029379.0
Episode: 17, total reward: 3508643.5
each agent reward: 3508643.5
Episode 18 return: -4726180.0
Episode: 18, total reward: 3508643.5
each agent reward: 3508643.5
Episode 19 return: -5087571.0
Episode: 19, total reward: 3508643.5
each agent reward: 3508643.5
Episode 20 return: -5238868.0
Episode: 20, total reward: 3508643.5
each agent reward: 3508643.5
Episode 21 return: -5068411.0
Episode: 21, total reward: 3508643.5
each agent reward: 3508643.5
Episode 22 return: -4984200.0
Episode: 22, total reward: 3508643.5
each agent reward: 3508643.5
Episode 23 return: -5529185.5
Episode: 23, total reward: 3514894.25
each agent reward: 3514894.25
Episode 24 return: -4996039.0
Episode: 24, total reward: 3534272.75
each agent reward: 3534272.75
Episode 25 return: -5055114.5
Episode: 25, total reward: 3532424.75
each agent reward: 3532424.75
Episode 26 return: -4828178.0
Episode: 26, total reward: 3522537.75
each agent reward: 3522537.75
Episode 27 return: -5073513.0
Episode: 27, total reward: 3515722.25
each agent reward: 3515722.25
Episode 28 return: -5186602.0
Episode: 28, total reward: 3528958.0
each agent reward: 3528958.0
Episode 29 return: -6348007.5
Episode: 29, total reward: 3535595.75
each agent reward: 3535595.75
Episode 30 return: -6603745.5
Episode: 30, total reward: 3536228.0
each agent reward: 3536228.0
Episode 31 return: -6488193.0
Episode: 31, total reward: 3540993.0
each agent reward: 3540993.0
Episode 32 return: -7891706.5
Episode: 32, total reward: 3546819.5
each agent reward: 3546819.5
Episode 33 return: -7921499.0
Episode: 33, total reward: 3651957.75
each agent reward: 3651957.75
Episode 34 return: -9198090.0
Episode: 34, total reward: 3411001.25
each agent reward: 3411001.25
Episode 35 return: -8778522.0
Episode: 35, total reward: 3363398.25
each agent reward: 3363398.25
Episode 36 return: -9969370.0
Episode: 36, total reward: 3191164.0
each agent reward: 3191164.0
Episode 37 return: -9489738.0
Episode: 37, total reward: 3131256.75
each agent reward: 3131256.75
Episode 38 return: -8990793.0
Episode: 38, total reward: 2984796.0
each agent reward: 2984796.0
Episode 39 return: -9333119.0
Episode: 39, total reward: 2848575.25
each agent reward: 2848575.25
Episode 40 return: -9817085.0
Episode: 40, total reward: 2945738.5
each agent reward: 2945738.5
Episode 41 return: -9601130.0
Episode: 41, total reward: 2964510.25
each agent reward: 2964510.25
Episode 42 return: -9230611.0
Episode: 42, total reward: 2846377.75
each agent reward: 2846377.75
Episode 43 return: -9373586.0
Episode: 43, total reward: 2857849.5
each agent reward: 2857849.5
Episode 44 return: -9283629.0
Episode: 44, total reward: 2801593.75
each agent reward: 2801593.75
Episode 45 return: -9428685.0
Episode: 45, total reward: 2972531.75
each agent reward: 2972531.75
Episode 46 return: -9110757.0
Episode: 46, total reward: 3008096.75
each agent reward: 3008096.75
Episode 47 return: -9251368.0
Episode: 47, total reward: 3162693.5
each agent reward: 3162693.5
Episode 48 return: -9477216.0
Episode: 48, total reward: 3346437.5
each agent reward: 3346437.5
Episode 49 return: -9108404.0
Episode: 49, total reward: 3475436.5
each agent reward: 3475436.5
Episode 50 return: -9056069.0
Episode: 50, total reward: 3479780.5
each agent reward: 3479780.5
Episode 51 return: -9351678.0
Episode: 51, total reward: 3581481.0
each agent reward: 3581481.0
Episode 52 return: -8807851.0
Episode: 52, total reward: 3471028.25
each agent reward: 3471028.25
Episode 53 return: -8599094.0
Episode: 53, total reward: 3012244.75
each agent reward: 3012244.75
Episode 54 return: -9967590.0
Episode: 54, total reward: 2965504.75
each agent reward: 2965504.75
Episode 55 return: -9250384.0
Episode: 55, total reward: 2921910.5
each agent reward: 2921910.5
Episode 56 return: -9019381.0
Episode: 56, total reward: 2831958.25
each agent reward: 2831958.25
Episode 57 return: -8306440.0
Episode: 57, total reward: 2934112.25
each agent reward: 2934112.25
Episode 58 return: -9156639.0
Episode: 58, total reward: 3220214.0
each agent reward: 3220214.0
Episode 59 return: -8274160.0
Episode: 59, total reward: 3514476.0
each agent reward: 3514476.0
Episode 60 return: -9105720.0
Episode: 60, total reward: 3299847.5
each agent reward: 3299847.5
Episode 61 return: -8669524.0
Episode: 61, total reward: 3131628.0
each agent reward: 3131628.0
Episode 62 return: -9002727.0
Episode: 62, total reward: 3210477.5
each agent reward: 3210477.5
Episode 63 return: -8484952.0
Episode: 63, total reward: 2956851.5
each agent reward: 2956851.5
Episode 64 return: -8878703.0
Episode: 64, total reward: 2964578.25
each agent reward: 2964578.25
Episode 65 return: -8613370.0
Episode: 65, total reward: 2965855.75
each agent reward: 2965855.75
Episode 66 return: -8620947.0
Episode: 66, total reward: 2964916.0
each agent reward: 2964916.0
Episode 67 return: -8488234.0
Episode: 67, total reward: 2964544.25
each agent reward: 2964544.25
Episode 68 return: -8322368.0
Episode: 68, total reward: 2954660.25
each agent reward: 2954660.25
Episode 69 return: -8780486.0
Episode: 69, total reward: 3246840.25
each agent reward: 3246840.25
Episode 70 return: -8164243.0
Episode: 70, total reward: 3248576.75
each agent reward: 3248576.75
Episode 71 return: -8128311.0
Episode: 71, total reward: 3017745.75
each agent reward: 3017745.75
Episode 72 return: -8632558.0
Episode: 72, total reward: 2884139.75
each agent reward: 2884139.75
Episode 73 return: -8268937.0
Episode: 73, total reward: 2880868.25
each agent reward: 2880868.25
Episode 74 return: -8537380.0
Episode: 74, total reward: 2919803.25
each agent reward: 2919803.25
Episode 75 return: -8312876.0
Episode: 75, total reward: 3006698.5
each agent reward: 3006698.5
Episode 76 return: -7887758.0
Episode: 76, total reward: 3119258.75
each agent reward: 3119258.75
Episode 77 return: -8049153.0
Episode: 77, total reward: 3115921.25
each agent reward: 3115921.25
Episode 78 return: -8716797.0
Episode: 78, total reward: 3073303.5
each agent reward: 3073303.5
Episode 79 return: -7995047.0
Episode: 79, total reward: 2986910.5
each agent reward: 2986910.5
Episode 80 return: -8062001.0
Episode: 80, total reward: 2982586.0
each agent reward: 2982586.0
Episode 81 return: -7421039.5
Episode: 81, total reward: 2945836.0
each agent reward: 2945836.0
Episode 82 return: -7695928.5
Episode: 82, total reward: 2948274.25
each agent reward: 2948274.25
Episode 83 return: -7834135.0
Episode: 83, total reward: 2954528.75
each agent reward: 2954528.75
Episode 84 return: -7863998.0
Episode: 84, total reward: 2938522.75
each agent reward: 2938522.75
Episode 85 return: -8128270.5
Episode: 85, total reward: 2971081.0
each agent reward: 2971081.0
Episode 86 return: -7563838.5
Episode: 86, total reward: 3005585.25
each agent reward: 3005585.25
Episode 87 return: -7654749.0
Episode: 87, total reward: 3030650.0
each agent reward: 3030650.0
Episode 88 return: -7412150.5
Episode: 88, total reward: 2940303.25
each agent reward: 2940303.25
Episode 89 return: -7965453.5
Episode: 89, total reward: 2862077.0
each agent reward: 2862077.0
Episode 90 return: -7707211.0
Episode: 90, total reward: 2886390.0
each agent reward: 2886390.0
Episode 91 return: -7796046.0
Episode: 91, total reward: 2889652.25
each agent reward: 2889652.25
Episode 92 return: -7575989.5
Episode: 92, total reward: 2916768.25
each agent reward: 2916768.25
Episode 93 return: -7546974.0
Episode: 93, total reward: 2997012.75
each agent reward: 2997012.75
Episode 94 return: -7523283.0
Episode: 94, total reward: 3026805.75
each agent reward: 3026805.75
Episode 95 return: -7278374.0
Episode: 95, total reward: 3031735.0
each agent reward: 3031735.0
Episode 96 return: -7180510.5
Episode: 96, total reward: 3016955.5
each agent reward: 3016955.5
Episode 97 return: -7224001.5
Episode: 97, total reward: 3044200.5
each agent reward: 3044200.5
Episode 98 return: -6740943.0
Episode: 98, total reward: 3136757.25
each agent reward: 3136757.25
Episode 99 return: -7009728.0
Episode: 99, total reward: 3051484.5
each agent reward: 3051484.5
Episode 100 return: -6825746.0
Episode: 100, total reward: 2965823.5
each agent reward: 2965823.5
Episode 101 return: -7087860.0
Episode: 101, total reward: 2827157.5
each agent reward: 2827157.5
Episode 102 return: -6865415.0
Episode: 102, total reward: 2825117.5
each agent reward: 2825117.5
Episode 103 return: -7012271.5
Episode: 103, total reward: 2817606.25
each agent reward: 2817606.25
Episode 104 return: -6708891.0
Episode: 104, total reward: 2816468.5
each agent reward: 2816468.5
Episode 105 return: -6065232.5
Episode: 105, total reward: 2817754.0
each agent reward: 2817754.0
Episode 106 return: -6009503.0
Episode: 106, total reward: 2824170.5
each agent reward: 2824170.5
Episode 107 return: -6216147.5
Episode: 107, total reward: 2827191.75
each agent reward: 2827191.75
Episode 108 return: -6781619.0
Episode: 108, total reward: 2877852.75
each agent reward: 2877852.75
Episode 109 return: -6806664.0
Episode: 109, total reward: 2846828.0
each agent reward: 2846828.0
Episode 110 return: -6344904.0
Episode: 110, total reward: 3103791.25
each agent reward: 3103791.25
Episode 111 return: -6145094.0
Episode: 111, total reward: 3140003.25
each agent reward: 3140003.25
Episode 112 return: -5239445.0
Episode: 112, total reward: 3138649.5
each agent reward: 3138649.5
Episode 113 return: -5603509.0
Episode: 113, total reward: 3133617.5
each agent reward: 3133617.5
Episode 114 return: -5401066.0
Episode: 114, total reward: 3138174.25
each agent reward: 3138174.25
Episode 115 return: -5316172.5
Episode: 115, total reward: 3137368.75
each agent reward: 3137368.75
Episode 116 return: -5382162.5
Episode: 116, total reward: 3140362.0
each agent reward: 3140362.0
Episode 117 return: -5243117.5
Episode: 117, total reward: 3139463.25
each agent reward: 3139463.25
Episode 118 return: -5576491.0
Episode: 118, total reward: 3138032.75
each agent reward: 3138032.75
Episode 119 return: -5224831.0
Episode: 119, total reward: 3136137.25
each agent reward: 3136137.25
Episode 120 return: -5736055.0
Episode: 120, total reward: 3132933.5
each agent reward: 3132933.5
Episode 121 return: -5718634.5
Episode: 121, total reward: 3132640.5
each agent reward: 3132640.5
Episode 122 return: -5681053.5
Episode: 122, total reward: 3140224.75
each agent reward: 3140224.75
Episode 123 return: -5370898.5
Episode: 123, total reward: 3132020.5
each agent reward: 3132020.5
Episode 124 return: -5312299.0
Episode: 124, total reward: 3129497.5
each agent reward: 3129497.5
Episode 125 return: -5181610.5
Episode: 125, total reward: 3129497.5
each agent reward: 3129497.5
Episode 126 return: -4752271.5
Episode: 126, total reward: 3130466.5
each agent reward: 3130466.5
Episode 127 return: -5184047.0
Episode: 127, total reward: 3139906.0
each agent reward: 3139906.0
Episode 128 return: -4864720.5
Episode: 128, total reward: 3139844.0
each agent reward: 3139844.0
Episode 129 return: -4543206.5
Episode: 129, total reward: 3132850.0
each agent reward: 3132850.0
Episode 130 return: -5297305.5
Episode: 130, total reward: 3132132.0
each agent reward: 3132132.0
Episode 131 return: -4661209.5
Episode: 131, total reward: 3133780.0
each agent reward: 3133780.0
Episode 132 return: -4499246.0
Episode: 132, total reward: 3131462.0
each agent reward: 3131462.0
Episode 133 return: -4945032.5
Episode: 133, total reward: 3130628.0
each agent reward: 3130628.0
Episode 134 return: -4793761.0
Episode: 134, total reward: 3131517.5
each agent reward: 3131517.5
Episode 135 return: -4906961.0
Episode: 135, total reward: 3131802.0
each agent reward: 3131802.0
Episode 136 return: -4399828.0
Episode: 136, total reward: 3130688.5
each agent reward: 3130688.5
Episode 137 return: -4667573.5
Episode: 137, total reward: 3130688.5
each agent reward: 3130688.5
Episode 138 return: -4611732.5
Episode: 138, total reward: 3130829.0
each agent reward: 3130829.0
Episode 139 return: -4711172.0
Episode: 139, total reward: 3130688.5
each agent reward: 3130688.5
Episode 140 return: -4354334.0
Episode: 140, total reward: 3130688.5
each agent reward: 3130688.5
Episode 141 return: -5123495.5
Episode: 141, total reward: 3130688.5
each agent reward: 3130688.5
Episode 142 return: -4649352.0
Episode: 142, total reward: 3130688.5
each agent reward: 3130688.5
Episode 143 return: -4585823.0
Episode: 143, total reward: 3130688.5
each agent reward: 3130688.5
Episode 144 return: -4623545.5
Episode: 144, total reward: 3140342.5
each agent reward: 3140342.5
Episode 145 return: -4398352.5
Episode: 145, total reward: 3141907.5
each agent reward: 3141907.5
Episode 146 return: -4937632.5
Episode: 146, total reward: 3139800.5
each agent reward: 3139800.5
Episode 147 return: -4583732.0
Episode: 147, total reward: 3140342.5
each agent reward: 3140342.5
Episode 148 return: -4403637.5
Episode: 148, total reward: 3140342.5
each agent reward: 3140342.5
Episode 149 return: -4585617.5
Episode: 149, total reward: 3135734.5
each agent reward: 3135734.5
Episode 150 return: -4543455.5
Episode: 150, total reward: 3130688.5
each agent reward: 3130688.5
Episode 151 return: -4382974.0
Episode: 151, total reward: 3135477.5
each agent reward: 3135477.5
Episode 152 return: -4821992.5
Episode: 152, total reward: 3139116.0
each agent reward: 3139116.0
Episode 153 return: -4669245.5
Episode: 153, total reward: 3139947.5
each agent reward: 3139947.5
Episode 154 return: -4392449.5
Episode: 154, total reward: 3130619.0
each agent reward: 3130619.0
Episode 155 return: -4492541.5
Episode: 155, total reward: 3134866.0
each agent reward: 3134866.0
Episode 156 return: -4494879.5
Episode: 156, total reward: 3139947.5
each agent reward: 3139947.5
Episode 157 return: -4848889.0
Episode: 157, total reward: 3139947.5
each agent reward: 3139947.5
Episode 158 return: -4367076.5
Episode: 158, total reward: 3149850.5
each agent reward: 3149850.5
Episode 159 return: -4734091.0
Episode: 159, total reward: 3140342.5
each agent reward: 3140342.5
Episode 160 return: -4514471.5
Episode: 160, total reward: 3140342.5
each agent reward: 3140342.5
Episode 161 return: -4658824.0
Episode: 161, total reward: 3140342.5
each agent reward: 3140342.5
Episode 162 return: -4868019.5
Episode: 162, total reward: 3139947.5
each agent reward: 3139947.5
Episode 163 return: -4819787.5
Episode: 163, total reward: 3139947.5
each agent reward: 3139947.5
Episode 164 return: -4370022.5
Episode: 164, total reward: 3139947.5
each agent reward: 3139947.5
Episode 165 return: -4568184.5
Episode: 165, total reward: 3130619.0
each agent reward: 3130619.0
Episode 166 return: -4391032.0
Episode: 166, total reward: 3130619.0
each agent reward: 3130619.0
Episode 167 return: -4313457.0
Episode: 167, total reward: 3130619.0
each agent reward: 3130619.0
Episode 168 return: -4791162.0
Episode: 168, total reward: 3124928.0
each agent reward: 3124928.0
Episode 169 return: -4529158.0
Episode: 169, total reward: 3124928.0
each agent reward: 3124928.0
Episode 170 return: -4326884.0
Episode: 170, total reward: 3124928.0
each agent reward: 3124928.0
Episode 171 return: -4266092.0
Episode: 171, total reward: 3124928.0
each agent reward: 3124928.0
Episode 172 return: -4673969.5
Episode: 172, total reward: 3124928.0
each agent reward: 3124928.0
Episode 173 return: -4716759.5
Episode: 173, total reward: 3130688.5
each agent reward: 3130688.5
Episode 174 return: -4543958.5
Episode: 174, total reward: 3130688.5
each agent reward: 3130688.5
Episode 175 return: -4988721.0
Episode: 175, total reward: 3130688.5
each agent reward: 3130688.5
Episode 176 return: -4593596.0
Episode: 176, total reward: 3130688.5
each agent reward: 3130688.5
Episode 177 return: -4457119.0
Episode: 177, total reward: 3130619.0
each agent reward: 3130619.0
Episode 178 return: -4515486.0
Episode: 178, total reward: 3132631.5
each agent reward: 3132631.5
Episode 179 return: -4260480.0
Episode: 179, total reward: 3139393.5
each agent reward: 3139393.5
Episode 180 return: -3940192.75
Episode: 180, total reward: 3131189.5
each agent reward: 3131189.5
Episode 181 return: -4686016.5
Episode: 181, total reward: 3139947.5
each agent reward: 3139947.5
Episode 182 return: -4531294.5
Episode: 182, total reward: 3139947.5
each agent reward: 3139947.5
Episode 183 return: -4067582.5
Episode: 183, total reward: 3130619.0
each agent reward: 3130619.0
Episode 184 return: -4495729.5
Episode: 184, total reward: 3130619.0
each agent reward: 3130619.0
Episode 185 return: -4486680.0
Episode: 185, total reward: 3130619.0
each agent reward: 3130619.0
Episode 186 return: -4625365.5
Episode: 186, total reward: 3139947.5
each agent reward: 3139947.5
Episode 187 return: -4467604.0
Episode: 187, total reward: 3139903.0
each agent reward: 3139903.0
Episode 188 return: -4322185.5
Episode: 188, total reward: 3130688.5
each agent reward: 3130688.5
Episode 189 return: -4458868.0
Episode: 189, total reward: 3130688.5
each agent reward: 3130688.5
Episode 190 return: -4733966.0
Episode: 190, total reward: 3130619.0
each agent reward: 3130619.0
Episode 191 return: -4538087.0
Episode: 191, total reward: 3130619.0
each agent reward: 3130619.0
Episode 192 return: -4407445.0
Episode: 192, total reward: 3130619.0
each agent reward: 3130619.0
Episode 193 return: -4257756.5
Episode: 193, total reward: 3139947.5
each agent reward: 3139947.5
Episode 194 return: -4883945.5
Episode: 194, total reward: 3139947.5
each agent reward: 3139947.5
Episode 195 return: -4227474.5
Episode: 195, total reward: 3139947.5
each agent reward: 3139947.5
Episode 196 return: -4286179.5
Episode: 196, total reward: 3149850.5
each agent reward: 3149850.5
Episode 197 return: -4417511.0
Episode: 197, total reward: 3149850.5
each agent reward: 3149850.5
Episode 198 return: -4479710.5
Episode: 198, total reward: 3150421.0
each agent reward: 3150421.0
Episode 199 return: -4336196.0
Episode: 199, total reward: 3151079.75
each agent reward: 3151079.75
Episode 200 return: -4760029.5
Episode: 200, total reward: 3149850.5
each agent reward: 3149850.5
Episode 201 return: -4499838.5
Episode: 201, total reward: 3149850.5
each agent reward: 3149850.5
Episode 202 return: -4771127.5
Episode: 202, total reward: 3149850.5
each agent reward: 3149850.5
Episode 203 return: -4244455.0
Episode: 203, total reward: 3149850.5
each agent reward: 3149850.5
Episode 204 return: -4588719.0
Episode: 204, total reward: 3150429.0
each agent reward: 3150429.0
Episode 205 return: -4013341.75
Episode: 205, total reward: 3149850.5
each agent reward: 3149850.5
Episode 206 return: -4686739.0
Episode: 206, total reward: 3149850.5
each agent reward: 3149850.5
Episode 207 return: -4463176.0
Episode: 207, total reward: 3149850.5
each agent reward: 3149850.5
Episode 208 return: -4564248.0
Episode: 208, total reward: 3149850.5
each agent reward: 3149850.5
Episode 209 return: -4281484.5
Episode: 209, total reward: 3139947.5
each agent reward: 3139947.5
Episode 210 return: -4106133.5
Episode: 210, total reward: 3139947.5
each agent reward: 3139947.5
Episode 211 return: -4247106.5
Episode: 211, total reward: 3139947.5
each agent reward: 3139947.5
Episode 212 return: -4470872.5
Episode: 212, total reward: 3139947.5
each agent reward: 3139947.5
Episode 213 return: -4510997.0
Episode: 213, total reward: 3139947.5
each agent reward: 3139947.5
Episode 214 return: -4348177.0
Episode: 214, total reward: 3139947.5
each agent reward: 3139947.5
Episode 215 return: -4341397.5
Episode: 215, total reward: 3139947.5
each agent reward: 3139947.5
Episode 216 return: -4586830.0
Episode: 216, total reward: 3139947.5
each agent reward: 3139947.5
Episode 217 return: -4616882.0
Episode: 217, total reward: 3139947.5
each agent reward: 3139947.5
Episode 218 return: -4518430.0
Episode: 218, total reward: 3139903.0
each agent reward: 3139903.0
Episode 219 return: -4204374.5
Episode: 219, total reward: 3149850.5
each agent reward: 3149850.5
Episode 220 return: -4485203.0
Episode: 220, total reward: 3149850.5
each agent reward: 3149850.5
Episode 221 return: -4212107.5
Episode: 221, total reward: 3139947.5
each agent reward: 3139947.5
Episode 222 return: -4162246.0
Episode: 222, total reward: 3149850.5
each agent reward: 3149850.5
Episode 223 return: -4674470.5
Episode: 223, total reward: 3149850.5
each agent reward: 3149850.5
Episode 224 return: -4294308.0
Episode: 224, total reward: 3149850.5
each agent reward: 3149850.5
Episode 225 return: -4390518.5
Episode: 225, total reward: 3149850.5
each agent reward: 3149850.5
Episode 226 return: -4557953.5
Episode: 226, total reward: 3139947.5
each agent reward: 3139947.5
Episode 227 return: -4363940.0
Episode: 227, total reward: 3139947.5
each agent reward: 3139947.5
Episode 228 return: -4651706.0
Episode: 228, total reward: 3139947.5
each agent reward: 3139947.5
Episode 229 return: -4519353.0
Episode: 229, total reward: 3139947.5
each agent reward: 3139947.5
Episode 230 return: -4448121.0
Episode: 230, total reward: 3139947.5
each agent reward: 3139947.5
Episode 231 return: -4635163.5
Episode: 231, total reward: 3139947.5
each agent reward: 3139947.5
Episode 232 return: -4721289.0
Episode: 232, total reward: 3139947.5
each agent reward: 3139947.5
Episode 233 return: -4099571.25
Episode: 233, total reward: 3139947.5
each agent reward: 3139947.5
Episode 234 return: -4535686.5
Episode: 234, total reward: 3149850.5
each agent reward: 3149850.5
Episode 235 return: -4442431.5
Episode: 235, total reward: 3149850.5
each agent reward: 3149850.5
Episode 236 return: -4448895.0
Episode: 236, total reward: 3121321.75
each agent reward: 3121321.75
Episode 237 return: -4370962.0
Episode: 237, total reward: 3121321.75
each agent reward: 3121321.75
Episode 238 return: -4287581.0
Episode: 238, total reward: 3121321.75
each agent reward: 3121321.75
Episode 239 return: -4278962.0
Episode: 239, total reward: 3121321.75
each agent reward: 3121321.75
Episode 240 return: -4581695.5
Episode: 240, total reward: 3121321.75
each agent reward: 3121321.75
Episode 241 return: -4538374.0
Episode: 241, total reward: 3121321.75
each agent reward: 3121321.75
Episode 242 return: -4549650.0
Episode: 242, total reward: 3121321.75
each agent reward: 3121321.75
Episode 243 return: -4559387.0
Episode: 243, total reward: 3111418.75
each agent reward: 3111418.75
Episode 244 return: -4300243.0
Episode: 244, total reward: 3122341.75
each agent reward: 3122341.75
Episode 245 return: -4450477.0
Episode: 245, total reward: 3122341.75
each agent reward: 3122341.75
Episode 246 return: -4721818.0
Episode: 246, total reward: 3122643.0
each agent reward: 3122643.0
Episode 247 return: -4319667.5
Episode: 247, total reward: 2835922.75
each agent reward: 2835922.75
Episode 248 return: -4080752.25
Episode: 248, total reward: 3121321.75
each agent reward: 3121321.75
Episode 249 return: -4612585.5
Episode: 249, total reward: 3121321.75
each agent reward: 3121321.75
Episode 250 return: -4368829.5
Episode: 250, total reward: 3149850.5
each agent reward: 3149850.5
Episode 251 return: -4578306.0
Episode: 251, total reward: 3149850.5
each agent reward: 3149850.5
Episode 252 return: -4442496.0
Episode: 252, total reward: 2834601.5
each agent reward: 2834601.5
Episode 253 return: -4246923.0
Episode: 253, total reward: 2835634.5
each agent reward: 2835634.5
Episode 254 return: -4159730.75
Episode: 254, total reward: 2835634.5
each agent reward: 2835634.5
Episode 255 return: -4177545.75
Episode: 255, total reward: 2835634.5
each agent reward: 2835634.5
Episode 256 return: -4267975.0
Episode: 256, total reward: 2834601.5
each agent reward: 2834601.5
Episode 257 return: -4654112.5
Episode: 257, total reward: 2834601.5
each agent reward: 2834601.5
Episode 258 return: -4404173.0
Episode: 258, total reward: 2834601.5
each agent reward: 2834601.5
Episode 259 return: -4677028.0
Episode: 259, total reward: 2835171.75
each agent reward: 2835171.75
Episode 260 return: -4493976.0
Episode: 260, total reward: 2835621.5
each agent reward: 2835621.5
Episode 261 return: -4281115.0
Episode: 261, total reward: 2835621.5
each agent reward: 2835621.5
Episode 262 return: -4493854.0
Episode: 262, total reward: 2835621.5
each agent reward: 2835621.5
Episode 263 return: -4488547.0
Episode: 263, total reward: 2835621.5
each agent reward: 2835621.5
Episode 264 return: -4214953.0
Episode: 264, total reward: 2835621.5
each agent reward: 2835621.5
Episode 265 return: -4150373.5
Episode: 265, total reward: 2835621.5
each agent reward: 2835621.5
Episode 266 return: -4199313.5
Episode: 266, total reward: 2835634.5
each agent reward: 2835634.5
Episode 267 return: -4145405.25
Episode: 267, total reward: 2835634.5
each agent reward: 2835634.5
Episode 268 return: -4015390.0
Episode: 268, total reward: 2835634.5
each agent reward: 2835634.5
Episode 269 return: -4632815.0
Episode: 269, total reward: 2835922.75
each agent reward: 2835922.75
Episode 270 return: -4329829.0
Episode: 270, total reward: 2835634.5
each agent reward: 2835634.5
Episode 271 return: -4319080.0
Episode: 271, total reward: 2835922.75
each agent reward: 2835922.75
Episode 272 return: -4075467.0
Episode: 272, total reward: 2835634.5
each agent reward: 2835634.5
Episode 273 return: -4154378.5
Episode: 273, total reward: 2835634.5
each agent reward: 2835634.5
Episode 274 return: -4170752.5
Episode: 274, total reward: 2835634.5
each agent reward: 2835634.5
Episode 275 return: -4204409.0
Episode: 275, total reward: 2835634.5
each agent reward: 2835634.5
Episode 276 return: -4110088.5
Episode: 276, total reward: 2835634.5
each agent reward: 2835634.5
Episode 277 return: -4188799.75
Episode: 277, total reward: 2835922.75
each agent reward: 2835922.75
Episode 278 return: -4174416.5
Episode: 278, total reward: 2835621.5
each agent reward: 2835621.5
Episode 279 return: -4161740.5
Episode: 279, total reward: 2834601.5
each agent reward: 2834601.5
Episode 280 return: -4792412.0
Episode: 280, total reward: 2834601.5
each agent reward: 2834601.5
Episode 281 return: -4004634.0
Episode: 281, total reward: 2834601.5
each agent reward: 2834601.5
Episode 282 return: -4047245.75
Episode: 282, total reward: 2835634.5
each agent reward: 2835634.5
Episode 283 return: -4206151.5
Episode: 283, total reward: 2834601.5
each agent reward: 2834601.5
Episode 284 return: -4437597.5
Episode: 284, total reward: 2834720.75
each agent reward: 2834720.75
Episode 285 return: -3963873.5
Episode: 285, total reward: 2835634.5
each agent reward: 2835634.5
Episode 286 return: -4389801.5
Episode: 286, total reward: 2835621.5
each agent reward: 2835621.5
Episode 287 return: -4212909.5
Episode: 287, total reward: 2835621.5
each agent reward: 2835621.5
Episode 288 return: -3982490.25
Episode: 288, total reward: 2834601.5
each agent reward: 2834601.5
Episode 289 return: -4117640.25
Episode: 289, total reward: 2834601.5
each agent reward: 2834601.5
Episode 290 return: -4334997.0
Episode: 290, total reward: 2835634.5
each agent reward: 2835634.5
Episode 291 return: -4066078.0
Episode: 291, total reward: 2834601.5
each agent reward: 2834601.5
Episode 292 return: -4388158.0
Episode: 292, total reward: 2834601.5
each agent reward: 2834601.5
Episode 293 return: -4576437.5
Episode: 293, total reward: 2835621.5
each agent reward: 2835621.5
Episode 294 return: -4241574.5
Episode: 294, total reward: 2835634.5
each agent reward: 2835634.5
Episode 295 return: -4400631.0
Episode: 295, total reward: 2835634.5
each agent reward: 2835634.5
Episode 296 return: -4079645.0
Episode: 296, total reward: 2835634.5
each agent reward: 2835634.5
Episode 297 return: -4663948.0
Episode: 297, total reward: 2835686.25
each agent reward: 2835686.25
Episode 298 return: -4186748.75
Episode: 298, total reward: 2835686.25
each agent reward: 2835686.25
Episode 299 return: -4261824.0
Episode: 299, total reward: 2835686.25
each agent reward: 2835686.25
Episode 300 return: -4224733.0
Episode: 300, total reward: 2835686.25
each agent reward: 2835686.25
Episode 301 return: -3931026.25
Episode: 301, total reward: 2835961.25
each agent reward: 2835961.25
Episode 302 return: -4558556.0
Episode: 302, total reward: 2835718.25
each agent reward: 2835718.25
Episode 303 return: -4410761.0
Episode: 303, total reward: 2835718.25
each agent reward: 2835718.25
Episode 304 return: -4319555.0
Episode: 304, total reward: 2835974.5
each agent reward: 2835974.5
Episode 305 return: -4347305.0
Episode: 305, total reward: 2835634.5
each agent reward: 2835634.5
Episode 306 return: -4028947.25
Episode: 306, total reward: 2835634.5
each agent reward: 2835634.5
Episode 307 return: -4386507.5
Episode: 307, total reward: 2835634.5
each agent reward: 2835634.5
Episode 308 return: -4320297.5
Episode: 308, total reward: 2835634.5
each agent reward: 2835634.5
Episode 309 return: -4161201.5
Episode: 309, total reward: 2835634.5
each agent reward: 2835634.5
Episode 310 return: -4101809.0
Episode: 310, total reward: 2835634.5
each agent reward: 2835634.5
Episode 311 return: -4123473.75
Episode: 311, total reward: 2834601.5
each agent reward: 2834601.5
Episode 312 return: -4365105.5
Episode: 312, total reward: 2835634.5
each agent reward: 2835634.5
Episode 313 return: -4336563.5
Episode: 313, total reward: 2835961.25
each agent reward: 2835961.25
Episode 314 return: -4234002.0
Episode: 314, total reward: 2836606.0
each agent reward: 2836606.0
Episode 315 return: -4357226.5
Episode: 315, total reward: 2836606.0
each agent reward: 2836606.0
Episode 316 return: -4752761.5
Episode: 316, total reward: 2836606.0
each agent reward: 2836606.0
Episode 317 return: -4262309.5
Episode: 317, total reward: 2836606.0
each agent reward: 2836606.0
Episode 318 return: -4260509.0
Episode: 318, total reward: 2836606.0
each agent reward: 2836606.0
Episode 319 return: -4344357.5
Episode: 319, total reward: 2836606.0
each agent reward: 2836606.0
Episode 320 return: -4147675.25
Episode: 320, total reward: 2836606.0
each agent reward: 2836606.0
Episode 321 return: -3882333.5
Episode: 321, total reward: 2836606.0
each agent reward: 2836606.0
Episode 322 return: -4315237.0
Episode: 322, total reward: 2836899.25
each agent reward: 2836899.25
Episode 323 return: -4571341.0
Episode: 323, total reward: 2835731.5
each agent reward: 2835731.5
Episode 324 return: -4201438.0
Episode: 324, total reward: 2835731.5
each agent reward: 2835731.5
Episode 325 return: -4276151.0
Episode: 325, total reward: 2835731.5
each agent reward: 2835731.5
Episode 326 return: -4416447.0
Episode: 326, total reward: 2836151.25
each agent reward: 2836151.25
Episode 327 return: -4249346.0
Episode: 327, total reward: 2835686.25
each agent reward: 2835686.25
Episode 328 return: -3933765.25
Episode: 328, total reward: 2836899.25
each agent reward: 2836899.25
Episode 329 return: -4611732.0
Episode: 329, total reward: 2836606.0
each agent reward: 2836606.0
Episode 330 return: -4442530.5
Episode: 330, total reward: 2836606.0
each agent reward: 2836606.0
Episode 331 return: -4068763.75
Episode: 331, total reward: 2836606.0
each agent reward: 2836606.0
Episode 332 return: -4306909.0
Episode: 332, total reward: 2836606.0
each agent reward: 2836606.0
Episode 333 return: -4231294.5
Episode: 333, total reward: 2836606.0
each agent reward: 2836606.0
Episode 334 return: -4372895.0
Episode: 334, total reward: 2836606.0
each agent reward: 2836606.0
Episode 335 return: -4334569.0
Episode: 335, total reward: 2836606.0
each agent reward: 2836606.0
Episode 336 return: -4238547.0
Episode: 336, total reward: 2836606.0
each agent reward: 2836606.0
Episode 337 return: -4194072.25
Episode: 337, total reward: 2836606.0
each agent reward: 2836606.0
Episode 338 return: -4263040.5
Episode: 338, total reward: 2836606.0
each agent reward: 2836606.0
Episode 339 return: -4100747.0
Episode: 339, total reward: 2836606.0
each agent reward: 2836606.0
Episode 340 return: -4315851.0
Episode: 340, total reward: 2836606.0
each agent reward: 2836606.0
Episode 341 return: -4399842.5
Episode: 341, total reward: 2836606.0
each agent reward: 2836606.0
Episode 342 return: -4325615.0
Episode: 342, total reward: 2836606.0
each agent reward: 2836606.0
Episode 343 return: -3981008.5
Episode: 343, total reward: 2836606.0
each agent reward: 2836606.0
Episode 344 return: -4592322.5
Episode: 344, total reward: 2836606.0
each agent reward: 2836606.0
Episode 345 return: -4325534.0
Episode: 345, total reward: 2836606.0
each agent reward: 2836606.0
Episode 346 return: -4141375.0
Episode: 346, total reward: 2836606.0
each agent reward: 2836606.0
Episode 347 return: -3979860.0
Episode: 347, total reward: 2836606.0
each agent reward: 2836606.0
Episode 348 return: -4069542.0
Episode: 348, total reward: 2836606.0
each agent reward: 2836606.0
Episode 349 return: -4100495.0
Episode: 349, total reward: 2836606.0
each agent reward: 2836606.0
Episode 350 return: -4460163.5
Episode: 350, total reward: 2836606.0
each agent reward: 2836606.0
Episode 351 return: -4164158.0
Episode: 351, total reward: 2836606.0
each agent reward: 2836606.0
Episode 352 return: -4291580.0
Episode: 352, total reward: 2836606.0
each agent reward: 2836606.0
Episode 353 return: -4306625.0
Episode: 353, total reward: 2836606.0
each agent reward: 2836606.0
Episode 354 return: -4310015.5
Episode: 354, total reward: 2836606.0
each agent reward: 2836606.0
Episode 355 return: -4253636.0
Episode: 355, total reward: 2836606.0
each agent reward: 2836606.0
Episode 356 return: -4174018.25
Episode: 356, total reward: 2836606.0
each agent reward: 2836606.0
Episode 357 return: -4420509.5
Episode: 357, total reward: 2836606.0
each agent reward: 2836606.0
Episode 358 return: -4455357.0
Episode: 358, total reward: 2836606.0
each agent reward: 2836606.0
Episode 359 return: -4690642.0
Episode: 359, total reward: 2836606.0
each agent reward: 2836606.0
Episode 360 return: -4302751.0
Episode: 360, total reward: 2836606.0
each agent reward: 2836606.0
Episode 361 return: -4207727.0
Episode: 361, total reward: 2836606.0
each agent reward: 2836606.0
Episode 362 return: -4355408.5
Episode: 362, total reward: 2836606.0
each agent reward: 2836606.0
Episode 363 return: -4351351.0
Episode: 363, total reward: 2836606.0
each agent reward: 2836606.0
Episode 364 return: -4293713.0
Episode: 364, total reward: 2836606.0
each agent reward: 2836606.0
Episode 365 return: -4146434.0
Episode: 365, total reward: 2836606.0
each agent reward: 2836606.0
Episode 366 return: -4213165.5
Episode: 366, total reward: 2836606.0
each agent reward: 2836606.0
Episode 367 return: -4564070.0
Episode: 367, total reward: 2836606.0
each agent reward: 2836606.0
Episode 368 return: -4232248.5
Episode: 368, total reward: 2836606.0
each agent reward: 2836606.0
Episode 369 return: -4143075.5
Episode: 369, total reward: 2836606.0
each agent reward: 2836606.0
Episode 370 return: -4253766.5
Episode: 370, total reward: 2836606.0
each agent reward: 2836606.0
Episode 371 return: -4653245.0
Episode: 371, total reward: 2836606.0
each agent reward: 2836606.0
Episode 372 return: -4244828.0
Episode: 372, total reward: 2836606.0
each agent reward: 2836606.0
Episode 373 return: -4570596.0
Episode: 373, total reward: 2836606.0
each agent reward: 2836606.0
Episode 374 return: -4041477.0
Episode: 374, total reward: 2836606.0
each agent reward: 2836606.0
Episode 375 return: -4332631.0
Episode: 375, total reward: 2836606.0
each agent reward: 2836606.0
Episode 376 return: -4551560.5
Episode: 376, total reward: 2836606.0
each agent reward: 2836606.0
Episode 377 return: -3879649.25
Episode: 377, total reward: 2836606.0
each agent reward: 2836606.0
Episode 378 return: -4647834.5
Episode: 378, total reward: 2836606.0
each agent reward: 2836606.0
Episode 379 return: -4623769.5
Episode: 379, total reward: 2836899.25
each agent reward: 2836899.25
Episode 380 return: -3723621.25
Episode: 380, total reward: 2836899.25
each agent reward: 2836899.25
Episode 381 return: -4079703.0
Episode: 381, total reward: 2837319.0
each agent reward: 2837319.0
Episode 382 return: -4286353.0
Episode: 382, total reward: 2837319.0
each agent reward: 2837319.0
Episode 383 return: -4332084.5
Episode: 383, total reward: 2837319.0
each agent reward: 2837319.0
Episode 384 return: -4236045.5
Episode: 384, total reward: 2836899.25
each agent reward: 2836899.25
Episode 385 return: -4095998.0
Episode: 385, total reward: 2837319.0
each agent reward: 2837319.0
Episode 386 return: -4228178.5
Episode: 386, total reward: 2836899.25
each agent reward: 2836899.25
Episode 387 return: -4139986.5
Episode: 387, total reward: 2836899.25
each agent reward: 2836899.25
Episode 388 return: -4132054.25
Episode: 388, total reward: 2836899.25
each agent reward: 2836899.25
Episode 389 return: -4112952.0
Episode: 389, total reward: 2836606.0
each agent reward: 2836606.0
Episode 390 return: -4145902.75
Episode: 390, total reward: 2836606.0
each agent reward: 2836606.0
Episode 391 return: -4446187.0
Episode: 391, total reward: 2836606.0
each agent reward: 2836606.0
Episode 392 return: -4179745.5
Episode: 392, total reward: 2836606.0
each agent reward: 2836606.0
Episode 393 return: -4134318.0
Episode: 393, total reward: 2836606.0
each agent reward: 2836606.0
Episode 394 return: -4150232.75
Episode: 394, total reward: 2836606.0
each agent reward: 2836606.0
Episode 395 return: -4045925.5
Episode: 395, total reward: 2836899.25
each agent reward: 2836899.25
Episode 396 return: -4019065.0
Episode: 396, total reward: 2836899.25
each agent reward: 2836899.25
Episode 397 return: -4428257.0
Episode: 397, total reward: 2836899.25
each agent reward: 2836899.25
Episode 398 return: -4255678.5
Episode: 398, total reward: 2836606.0
each agent reward: 2836606.0
Episode 399 return: -3914359.25
Episode: 399, total reward: 2836606.0
each agent reward: 2836606.0
Episode 400 return: -4001238.0
Episode: 400, total reward: 2836606.0
each agent reward: 2836606.0
Episode 401 return: -4619622.0
Episode: 401, total reward: 2836606.0
each agent reward: 2836606.0
Episode 402 return: -4443274.0
Episode: 402, total reward: 2836606.0
each agent reward: 2836606.0
Episode 403 return: -4077655.0
Episode: 403, total reward: 2836606.0
each agent reward: 2836606.0
Episode 404 return: -4131781.25
Episode: 404, total reward: 2836606.0
each agent reward: 2836606.0
Episode 405 return: -4741676.5
Episode: 405, total reward: 2836606.0
each agent reward: 2836606.0
Episode 406 return: -4257143.0
Episode: 406, total reward: 2836606.0
each agent reward: 2836606.0
Episode 407 return: -4255719.5
Episode: 407, total reward: 2836606.0
each agent reward: 2836606.0
Episode 408 return: -4598903.5
Episode: 408, total reward: 2836606.0
each agent reward: 2836606.0
Episode 409 return: -4247652.0
Episode: 409, total reward: 2836606.0
each agent reward: 2836606.0
Episode 410 return: -4271043.0
Episode: 410, total reward: 2836606.0
each agent reward: 2836606.0
Episode 411 return: -4261767.0
Episode: 411, total reward: 2836606.0
each agent reward: 2836606.0
Episode 412 return: -4159548.25
Episode: 412, total reward: 2836606.0
each agent reward: 2836606.0
Episode 413 return: -4219499.0
Episode: 413, total reward: 2836606.0
each agent reward: 2836606.0
Episode 414 return: -4183913.5
Episode: 414, total reward: 2836606.0
each agent reward: 2836606.0
Episode 415 return: -4552942.0
Episode: 415, total reward: 2836606.0
each agent reward: 2836606.0
Episode 416 return: -4101474.75
Episode: 416, total reward: 2836606.0
each agent reward: 2836606.0
Episode 417 return: -4410702.0
Episode: 417, total reward: 2837026.0
each agent reward: 2837026.0
Episode 418 return: -4356389.0
Episode: 418, total reward: 2836606.0
each agent reward: 2836606.0
Episode 419 return: -4187096.25
Episode: 419, total reward: 2836606.0
each agent reward: 2836606.0
Episode 420 return: -4045120.25
Episode: 420, total reward: 2836606.0
each agent reward: 2836606.0
Episode 421 return: -4495953.0
Episode: 421, total reward: 2836606.0
each agent reward: 2836606.0
Episode 422 return: -4283823.5
Episode: 422, total reward: 2836606.0
each agent reward: 2836606.0
Episode 423 return: -4204256.0
Episode: 423, total reward: 2836606.0
each agent reward: 2836606.0
Episode 424 return: -4555675.0
Episode: 424, total reward: 2836606.0
each agent reward: 2836606.0
Episode 425 return: -4141328.75
Episode: 425, total reward: 2836606.0
each agent reward: 2836606.0
Episode 426 return: -4194756.0
Episode: 426, total reward: 2836606.0
each agent reward: 2836606.0
Episode 427 return: -4216633.0
Episode: 427, total reward: 2836606.0
each agent reward: 2836606.0
Episode 428 return: -4239900.5
Episode: 428, total reward: 2836606.0
each agent reward: 2836606.0
Episode 429 return: -4259236.0
Episode: 429, total reward: 2836606.0
each agent reward: 2836606.0
Episode 430 return: -4255806.5
Episode: 430, total reward: 2836606.0
each agent reward: 2836606.0
Episode 431 return: -4183224.5
Episode: 431, total reward: 2836606.0
each agent reward: 2836606.0
Episode 432 return: -4184705.0
Episode: 432, total reward: 2836606.0
each agent reward: 2836606.0
Episode 433 return: -4225724.5
Episode: 433, total reward: 2836606.0
each agent reward: 2836606.0
Episode 434 return: -4503078.0
Episode: 434, total reward: 2836606.0
each agent reward: 2836606.0
Episode 435 return: -4236397.0
Episode: 435, total reward: 2836606.0
each agent reward: 2836606.0
Episode 436 return: -3817151.75
Episode: 436, total reward: 2836606.0
each agent reward: 2836606.0
Episode 437 return: -4427638.0
Episode: 437, total reward: 2836606.0
each agent reward: 2836606.0
Episode 438 return: -4509266.5
Episode: 438, total reward: 2836606.0
each agent reward: 2836606.0
Episode 439 return: -4180154.0
Episode: 439, total reward: 2836606.0
each agent reward: 2836606.0
Episode 440 return: -3977224.0
Episode: 440, total reward: 2836606.0
each agent reward: 2836606.0
Episode 441 return: -4102950.5
Episode: 441, total reward: 2836606.0
each agent reward: 2836606.0
Episode 442 return: -3986683.0
Episode: 442, total reward: 2836606.0
each agent reward: 2836606.0
Episode 443 return: -4187435.0
Episode: 443, total reward: 2836606.0
each agent reward: 2836606.0
Episode 444 return: -4237564.0
Episode: 444, total reward: 2836606.0
each agent reward: 2836606.0
Episode 445 return: -4202720.5
Episode: 445, total reward: 2836606.0
each agent reward: 2836606.0
Episode 446 return: -4172729.25
Episode: 446, total reward: 2836606.0
each agent reward: 2836606.0
Episode 447 return: -3998552.25
Episode: 447, total reward: 2836606.0
each agent reward: 2836606.0
Episode 448 return: -4413626.0
Episode: 448, total reward: 2836606.0
each agent reward: 2836606.0
Episode 449 return: -4134977.5
Episode: 449, total reward: 2836606.0
each agent reward: 2836606.0
Episode 450 return: -4020274.75
Episode: 450, total reward: 2836606.0
each agent reward: 2836606.0
Episode 451 return: -4085407.75
Episode: 451, total reward: 2836606.0
each agent reward: 2836606.0
Episode 452 return: -4206056.0
Episode: 452, total reward: 2836606.0
each agent reward: 2836606.0
Episode 453 return: -4279340.5
Episode: 453, total reward: 2836606.0
each agent reward: 2836606.0
Episode 454 return: -4430557.5
Episode: 454, total reward: 2836899.25
each agent reward: 2836899.25
Episode 455 return: -4120033.5
Episode: 455, total reward: 2836899.25
each agent reward: 2836899.25
Episode 456 return: -4555537.5
Episode: 456, total reward: 2836606.0
each agent reward: 2836606.0
Episode 457 return: -3948376.5
Episode: 457, total reward: 2836606.0
each agent reward: 2836606.0
Episode 458 return: -4130792.75
Episode: 458, total reward: 2836606.0
each agent reward: 2836606.0
Episode 459 return: -4307058.0
Episode: 459, total reward: 2836606.0
each agent reward: 2836606.0
Episode 460 return: -4274177.5
Episode: 460, total reward: 2836606.0
each agent reward: 2836606.0
Episode 461 return: -4141666.75
Episode: 461, total reward: 2836606.0
each agent reward: 2836606.0
Episode 462 return: -3900491.75
Episode: 462, total reward: 2836606.0
each agent reward: 2836606.0
Episode 463 return: -4585123.0
Episode: 463, total reward: 2836606.0
each agent reward: 2836606.0
Episode 464 return: -4319043.5
Episode: 464, total reward: 2836606.0
each agent reward: 2836606.0
Episode 465 return: -4443969.5
Episode: 465, total reward: 2836606.0
each agent reward: 2836606.0
Episode 466 return: -4105426.5
Episode: 466, total reward: 2836606.0
each agent reward: 2836606.0
Episode 467 return: -4059557.25
Episode: 467, total reward: 2836606.0
each agent reward: 2836606.0
Episode 468 return: -4281042.0
Episode: 468, total reward: 2836606.0
each agent reward: 2836606.0
Episode 469 return: -4406042.0
Episode: 469, total reward: 2836606.0
each agent reward: 2836606.0
Episode 470 return: -4013750.75
Episode: 470, total reward: 2836606.0
each agent reward: 2836606.0
Episode 471 return: -4377964.5
Episode: 471, total reward: 2836606.0
each agent reward: 2836606.0
Episode 472 return: -4457252.5
Episode: 472, total reward: 2836606.0
each agent reward: 2836606.0
Episode 473 return: -4274692.0
Episode: 473, total reward: 2836606.0
each agent reward: 2836606.0
Episode 474 return: -4218989.5
Episode: 474, total reward: 2836899.25
each agent reward: 2836899.25
Episode 475 return: -4063733.0
Episode: 475, total reward: 2836606.0
each agent reward: 2836606.0
Episode 476 return: -3863182.0
Episode: 476, total reward: 2836606.0
each agent reward: 2836606.0
Episode 477 return: -4290564.0
Episode: 477, total reward: 2836606.0
each agent reward: 2836606.0
Episode 478 return: -4476422.5
Episode: 478, total reward: 2837026.0
each agent reward: 2837026.0
Episode 479 return: -4338659.0
Episode: 479, total reward: 2837026.0
each agent reward: 2837026.0
Episode 480 return: -4268223.5
Episode: 480, total reward: 2836606.0
each agent reward: 2836606.0
Episode 481 return: -4200468.5
Episode: 481, total reward: 2836606.0
each agent reward: 2836606.0
Episode 482 return: -4357059.5
Episode: 482, total reward: 2836606.0
each agent reward: 2836606.0
Episode 483 return: -4259783.0
Episode: 483, total reward: 2836606.0
each agent reward: 2836606.0
Episode 484 return: -4127147.75
Episode: 484, total reward: 2837026.0
each agent reward: 2837026.0
Episode 485 return: -3977518.75
Episode: 485, total reward: 2837026.0
each agent reward: 2837026.0
Episode 486 return: -4114590.5
Episode: 486, total reward: 2837026.0
each agent reward: 2837026.0
Episode 487 return: -4250375.5
Episode: 487, total reward: 2837026.0
each agent reward: 2837026.0
Episode 488 return: -4346411.0
Episode: 488, total reward: 2837319.0
each agent reward: 2837319.0
Episode 489 return: -4197469.0
Episode: 489, total reward: 2837319.0
each agent reward: 2837319.0
Episode 490 return: -4233789.5
Episode: 490, total reward: 2837319.0
each agent reward: 2837319.0
Episode 491 return: -4012976.5
Episode: 491, total reward: 2836606.0
each agent reward: 2836606.0
Episode 492 return: -4021436.25
Episode: 492, total reward: 2836606.0
each agent reward: 2836606.0
Episode 493 return: -4432397.5
Episode: 493, total reward: 2836606.0
each agent reward: 2836606.0
Episode 494 return: -4367174.5
Episode: 494, total reward: 2836606.0
each agent reward: 2836606.0
Episode 495 return: -4255513.5
Episode: 495, total reward: 2836606.0
each agent reward: 2836606.0
Episode 496 return: -4507662.0
Episode: 496, total reward: 2836606.0
each agent reward: 2836606.0
Episode 497 return: -4295723.0
Episode: 497, total reward: 2836606.0
each agent reward: 2836606.0
Episode 498 return: -4109471.5
Episode: 498, total reward: 2836606.0
each agent reward: 2836606.0
Episode 499 return: -4262005.5
Episode: 499, total reward: 2836606.0
each agent reward: 2836606.0
