Episode: -1, total reward: 3458816.75
each agent reward: 3458816.75
Episode: 1, total reward: 2802228.5
each agent reward: 2802228.5
Episode 0 return: -3009832.0
Episode: 0, total reward: 2802228.5
each agent reward: 2802228.5
Episode 1 return: -2971991.0
Episode: 1, total reward: 2802228.5
each agent reward: 2802228.5
Episode 2 return: -2962573.75
Episode: 2, total reward: 2802228.5
each agent reward: 2802228.5
Episode 3 return: -2983140.25
Episode: 3, total reward: 2802228.5
each agent reward: 2802228.5
Episode 4 return: -2999960.75
Episode: 4, total reward: 2802228.5
each agent reward: 2802228.5
Episode 5 return: -3028959.25
Episode: 5, total reward: 2802228.5
each agent reward: 2802228.5
Episode 6 return: -2992031.5
Episode: 6, total reward: 2802228.5
each agent reward: 2802228.5
Episode 7 return: -2977458.75
Episode: 7, total reward: 2802228.5
each agent reward: 2802228.5
Episode 8 return: -3002042.5
Episode: 8, total reward: 2802228.5
each agent reward: 2802228.5
Episode 9 return: -2985765.25
Episode: 9, total reward: 2802228.5
each agent reward: 2802228.5
Episode 10 return: -3024325.5
Episode: 10, total reward: 2802228.5
each agent reward: 2802228.5
Episode 11 return: -2974875.5
Episode: 11, total reward: 2802228.5
each agent reward: 2802228.5
Episode 12 return: -2949853.75
Episode: 12, total reward: 2800108.75
each agent reward: 2800108.75
Episode 13 return: -2945923.0
Episode: 13, total reward: 2800108.75
each agent reward: 2800108.75
Episode 14 return: -2965175.5
Episode: 14, total reward: 2800108.75
each agent reward: 2800108.75
Episode 15 return: -2950552.25
Episode: 15, total reward: 2800108.75
each agent reward: 2800108.75
Episode 16 return: -2990965.25
Episode: 16, total reward: 2800108.75
each agent reward: 2800108.75
Episode 17 return: -3006721.25
Episode: 17, total reward: 2800108.75
each agent reward: 2800108.75
Episode 18 return: -2982523.0
Episode: 18, total reward: 2800108.75
each agent reward: 2800108.75
Episode 19 return: -2956870.5
Episode: 19, total reward: 2800108.75
each agent reward: 2800108.75
Episode 20 return: -2979067.75
Episode: 20, total reward: 2800108.75
each agent reward: 2800108.75
Episode 21 return: -2966873.0
Episode: 21, total reward: 2800108.75
each agent reward: 2800108.75
Episode 22 return: -3008940.0
Episode: 22, total reward: 2800108.75
each agent reward: 2800108.75
Episode 23 return: -2992641.0
Episode: 23, total reward: 2800108.75
each agent reward: 2800108.75
Episode 24 return: -2977723.0
Episode: 24, total reward: 2800108.75
each agent reward: 2800108.75
Episode 25 return: -3021153.75
Episode: 25, total reward: 2800108.75
each agent reward: 2800108.75
Episode 26 return: -3019214.25
Episode: 26, total reward: 2800108.75
each agent reward: 2800108.75
Episode 27 return: -3005324.5
Episode: 27, total reward: 2800108.75
each agent reward: 2800108.75
Episode 28 return: -3045152.25
Episode: 28, total reward: 2805548.5
each agent reward: 2805548.5
Episode 29 return: -3014076.75
Episode: 29, total reward: 2808442.0
each agent reward: 2808442.0
Episode 30 return: -3072119.25
Episode: 30, total reward: 2819996.0
each agent reward: 2819996.0
Episode 31 return: -3126995.0
Episode: 31, total reward: 2827432.5
each agent reward: 2827432.5
Episode 32 return: -3103016.75
Episode: 32, total reward: 2820595.5
each agent reward: 2820595.5
Episode 33 return: -3146244.0
Episode: 33, total reward: 2812572.5
each agent reward: 2812572.5
Episode 34 return: -3103903.5
Episode: 34, total reward: 2812638.0
each agent reward: 2812638.0
Episode 35 return: -3063583.0
Episode: 35, total reward: 2820177.5
each agent reward: 2820177.5
Episode 36 return: -3133096.25
Episode: 36, total reward: 2826673.0
each agent reward: 2826673.0
Episode 37 return: -3147233.75
Episode: 37, total reward: 2810848.5
each agent reward: 2810848.5
Episode 38 return: -3162302.0
Episode: 38, total reward: 2811144.0
each agent reward: 2811144.0
Episode 39 return: -3114946.5
Episode: 39, total reward: 2814527.25
each agent reward: 2814527.25
Episode 40 return: -3134149.5
Episode: 40, total reward: 2813474.0
each agent reward: 2813474.0
Episode 41 return: -3098347.75
Episode: 41, total reward: 2808712.25
each agent reward: 2808712.25
Episode 42 return: -3143860.0
Episode: 42, total reward: 2799837.5
each agent reward: 2799837.5
Episode 43 return: -3101075.5
Episode: 43, total reward: 2799837.5
each agent reward: 2799837.5
Episode 44 return: -3125439.25
Episode: 44, total reward: 2821736.25
each agent reward: 2821736.25
Episode 45 return: -3212428.25
Episode: 45, total reward: 2831772.75
each agent reward: 2831772.75
Episode 46 return: -3175220.5
Episode: 46, total reward: 2851563.25
each agent reward: 2851563.25
Episode 47 return: -3216469.25
Episode: 47, total reward: 2879326.0
each agent reward: 2879326.0
Episode 48 return: -3184255.5
Episode: 48, total reward: 2876047.75
each agent reward: 2876047.75
Episode 49 return: -3093049.5
Episode: 49, total reward: 2850057.0
each agent reward: 2850057.0
Episode 50 return: -3226045.75
Episode: 50, total reward: 2838931.75
each agent reward: 2838931.75
Episode 51 return: -3167568.5
Episode: 51, total reward: 2834253.25
each agent reward: 2834253.25
Episode 52 return: -3130547.25
Episode: 52, total reward: 2823747.75
each agent reward: 2823747.75
Episode 53 return: -3115778.25
Episode: 53, total reward: 2820809.75
each agent reward: 2820809.75
Episode 54 return: -3052731.75
Episode: 54, total reward: 2811338.75
each agent reward: 2811338.75
Episode 55 return: -3109724.5
Episode: 55, total reward: 2817522.5
each agent reward: 2817522.5
Episode 56 return: -3067708.0
Episode: 56, total reward: 2809409.0
each agent reward: 2809409.0
Episode 57 return: -3006381.5
Episode: 57, total reward: 2805864.0
each agent reward: 2805864.0
Episode 58 return: -3021306.0
Episode: 58, total reward: 2800267.75
each agent reward: 2800267.75
Episode 59 return: -3039920.25
Episode: 59, total reward: 2799739.5
each agent reward: 2799739.5
Episode 60 return: -3026787.25
Episode: 60, total reward: 2801806.25
each agent reward: 2801806.25
Episode 61 return: -3019497.5
Episode: 61, total reward: 2802131.0
each agent reward: 2802131.0
Episode 62 return: -3031788.75
Episode: 62, total reward: 2800267.25
each agent reward: 2800267.25
Episode 63 return: -3030850.25
Episode: 63, total reward: 2800108.75
each agent reward: 2800108.75
Episode 64 return: -3010907.0
Episode: 64, total reward: 2801482.0
each agent reward: 2801482.0
Episode 65 return: -3039375.5
Episode: 65, total reward: 2801482.0
each agent reward: 2801482.0
Episode 66 return: -3104419.5
Episode: 66, total reward: 2800108.75
each agent reward: 2800108.75
Episode 67 return: -3068156.25
Episode: 67, total reward: 2805852.5
each agent reward: 2805852.5
Episode 68 return: -3115179.5
Episode: 68, total reward: 2803144.0
each agent reward: 2803144.0
Episode 69 return: -3144039.0
Episode: 69, total reward: 2803144.0
each agent reward: 2803144.0
Episode 70 return: -3198543.5
Episode: 70, total reward: 2808303.0
each agent reward: 2808303.0
Episode 71 return: -3216206.75
Episode: 71, total reward: 2886819.25
each agent reward: 2886819.25
Episode 72 return: -3200991.25
Episode: 72, total reward: 2870093.25
each agent reward: 2870093.25
Episode 73 return: -3204052.25
Episode: 73, total reward: 2895505.25
each agent reward: 2895505.25
Episode 74 return: -3251120.5
Episode: 74, total reward: 2880482.75
each agent reward: 2880482.75
Episode 75 return: -3237990.5
Episode: 75, total reward: 2877983.25
each agent reward: 2877983.25
Episode 76 return: -3196448.0
Episode: 76, total reward: 2877983.25
each agent reward: 2877983.25
Episode 77 return: -3234460.5
Episode: 77, total reward: 2856495.75
each agent reward: 2856495.75
Episode 78 return: -3157484.75
Episode: 78, total reward: 2858330.25
each agent reward: 2858330.25
Episode 79 return: -3125536.0
Episode: 79, total reward: 2853478.25
each agent reward: 2853478.25
Episode 80 return: -3113648.25
Episode: 80, total reward: 2858969.25
each agent reward: 2858969.25
Episode 81 return: -3155660.75
Episode: 81, total reward: 2863955.25
each agent reward: 2863955.25
Episode 82 return: -3120698.25
Episode: 82, total reward: 2820037.25
each agent reward: 2820037.25
Episode 83 return: -3039698.75
Episode: 83, total reward: 2816704.25
each agent reward: 2816704.25
Episode 84 return: -3042717.25
Episode: 84, total reward: 2820037.25
each agent reward: 2820037.25
Episode 85 return: -3015987.5
Episode: 85, total reward: 2816704.25
each agent reward: 2816704.25
Episode 86 return: -2990254.0
Episode: 86, total reward: 2804841.75
each agent reward: 2804841.75
Episode 87 return: -3030563.0
Episode: 87, total reward: 2798972.25
each agent reward: 2798972.25
Episode 88 return: -2989833.25
Episode: 88, total reward: 2800353.5
each agent reward: 2800353.5
Episode 89 return: -3005013.5
Episode: 89, total reward: 2799443.75
each agent reward: 2799443.75
Episode 90 return: -3027672.0
Episode: 90, total reward: 2799487.75
each agent reward: 2799487.75
Episode 91 return: -2996418.25
Episode: 91, total reward: 2811971.75
each agent reward: 2811971.75
Episode 92 return: -3031024.0
Episode: 92, total reward: 2819203.0
each agent reward: 2819203.0
Episode 93 return: -3042128.5
Episode: 93, total reward: 2802250.25
each agent reward: 2802250.25
Episode 94 return: -3048193.0
Episode: 94, total reward: 2799024.25
each agent reward: 2799024.25
Episode 95 return: -3013869.25
Episode: 95, total reward: 2799024.25
each agent reward: 2799024.25
Episode 96 return: -3006620.75
Episode: 96, total reward: 2799232.75
each agent reward: 2799232.75
Episode 97 return: -3022151.0
Episode: 97, total reward: 2799029.75
each agent reward: 2799029.75
Episode 98 return: -3020668.25
Episode: 98, total reward: 2799029.75
each agent reward: 2799029.75
Episode 99 return: -3029483.0
Episode: 99, total reward: 2799223.75
each agent reward: 2799223.75
Episode 100 return: -3017488.5
Episode: 100, total reward: 2799066.5
each agent reward: 2799066.5
Episode 101 return: -3009492.5
Episode: 101, total reward: 2802125.5
each agent reward: 2802125.5
Episode 102 return: -3008938.5
Episode: 102, total reward: 2800108.75
each agent reward: 2800108.75
Episode 103 return: -3003736.5
Episode: 103, total reward: 2800108.75
each agent reward: 2800108.75
Episode 104 return: -3024452.25
Episode: 104, total reward: 2800108.75
each agent reward: 2800108.75
Episode 105 return: -3009008.5
Episode: 105, total reward: 2800108.75
each agent reward: 2800108.75
Episode 106 return: -3000217.5
Episode: 106, total reward: 2800108.75
each agent reward: 2800108.75
Episode 107 return: -2994248.0
Episode: 107, total reward: 2800108.75
each agent reward: 2800108.75
Episode 108 return: -2978954.25
Episode: 108, total reward: 2802125.5
each agent reward: 2802125.5
Episode 109 return: -3050453.75
Episode: 109, total reward: 2808498.75
each agent reward: 2808498.75
Episode 110 return: -3118868.0
Episode: 110, total reward: 2848986.25
each agent reward: 2848986.25
Episode 111 return: -3062929.25
Episode: 111, total reward: 2802125.5
each agent reward: 2802125.5
Episode 112 return: -3023981.0
Episode: 112, total reward: 2800046.0
each agent reward: 2800046.0
Episode 113 return: -2997438.0
Episode: 113, total reward: 2799431.75
each agent reward: 2799431.75
Episode 114 return: -2989427.75
Episode: 114, total reward: 2799044.5
each agent reward: 2799044.5
Episode 115 return: -3038070.75
Episode: 115, total reward: 2802125.5
each agent reward: 2802125.5
Episode 116 return: -3019615.75
Episode: 116, total reward: 2800998.25
each agent reward: 2800998.25
Episode 117 return: -2979156.75
Episode: 117, total reward: 2800664.25
each agent reward: 2800664.25
Episode 118 return: -3012915.0
Episode: 118, total reward: 2798967.75
each agent reward: 2798967.75
Episode 119 return: -3003989.5
Episode: 119, total reward: 2798967.75
each agent reward: 2798967.75
Episode 120 return: -3038915.0
Episode: 120, total reward: 2798967.75
each agent reward: 2798967.75
Episode 121 return: -3018713.0
Episode: 121, total reward: 2800664.25
each agent reward: 2800664.25
Episode 122 return: -2969264.5
Episode: 122, total reward: 2798967.75
each agent reward: 2798967.75
Episode 123 return: -2984004.0
Episode: 123, total reward: 2827412.75
each agent reward: 2827412.75
Episode 124 return: -3056403.0
Episode: 124, total reward: 2809967.75
each agent reward: 2809967.75
Episode 125 return: -3022872.5
Episode: 125, total reward: 2808320.75
each agent reward: 2808320.75
Episode 126 return: -3001618.75
Episode: 126, total reward: 2812494.75
each agent reward: 2812494.75
Episode 127 return: -3043076.5
Episode: 127, total reward: 2816751.75
each agent reward: 2816751.75
Episode 128 return: -3032790.25
Episode: 128, total reward: 2804367.25
each agent reward: 2804367.25
Episode 129 return: -2993121.0
Episode: 129, total reward: 2802180.25
each agent reward: 2802180.25
Episode 130 return: -2999361.5
Episode: 130, total reward: 2803459.25
each agent reward: 2803459.25
Episode 131 return: -2996482.5
Episode: 131, total reward: 2800800.75
each agent reward: 2800800.75
Episode 132 return: -2969821.25
Episode: 132, total reward: 2798967.75
each agent reward: 2798967.75
Episode 133 return: -2969071.75
Episode: 133, total reward: 2798967.75
each agent reward: 2798967.75
Episode 134 return: -2979594.25
Episode: 134, total reward: 2798967.75
each agent reward: 2798967.75
Episode 135 return: -3002731.25
Episode: 135, total reward: 2800998.25
each agent reward: 2800998.25
Episode 136 return: -2995050.0
Episode: 136, total reward: 2803820.75
each agent reward: 2803820.75
Episode 137 return: -2992883.5
Episode: 137, total reward: 2804365.25
each agent reward: 2804365.25
Episode 138 return: -2982114.25
Episode: 138, total reward: 2803033.25
each agent reward: 2803033.25
Episode 139 return: -2947380.25
Episode: 139, total reward: 2798967.75
each agent reward: 2798967.75
Episode 140 return: -2996800.25
Episode: 140, total reward: 2804228.25
each agent reward: 2804228.25
Episode 141 return: -3010007.75
Episode: 141, total reward: 2806975.75
each agent reward: 2806975.75
Episode 142 return: -3017057.75
Episode: 142, total reward: 2815373.75
each agent reward: 2815373.75
Episode 143 return: -3060326.25
Episode: 143, total reward: 2811945.75
each agent reward: 2811945.75
Episode 144 return: -3075468.75
Episode: 144, total reward: 2824901.25
each agent reward: 2824901.25
Episode 145 return: -3048494.0
Episode: 145, total reward: 2818262.75
each agent reward: 2818262.75
Episode 146 return: -3054007.25
Episode: 146, total reward: 2805234.75
each agent reward: 2805234.75
Episode 147 return: -3014625.25
Episode: 147, total reward: 2802265.75
each agent reward: 2802265.75
Episode 148 return: -2995862.25
Episode: 148, total reward: 2803393.25
each agent reward: 2803393.25
Episode 149 return: -2983037.25
Episode: 149, total reward: 2806225.25
each agent reward: 2806225.25
Episode 150 return: -2970273.75
Episode: 150, total reward: 2806225.25
each agent reward: 2806225.25
Episode 151 return: -3025229.75
Episode: 151, total reward: 2806225.25
each agent reward: 2806225.25
Episode 152 return: -3010143.75
Episode: 152, total reward: 2811790.75
each agent reward: 2811790.75
Episode 153 return: -3002152.0
Episode: 153, total reward: 2808364.75
each agent reward: 2808364.75
Episode 154 return: -3000522.25
Episode: 154, total reward: 2808589.75
each agent reward: 2808589.75
Episode 155 return: -2983973.75
Episode: 155, total reward: 2805494.75
each agent reward: 2805494.75
Episode 156 return: -2985640.5
Episode: 156, total reward: 2802265.75
each agent reward: 2802265.75
Episode 157 return: -2979382.0
Episode: 157, total reward: 2805532.75
each agent reward: 2805532.75
Episode 158 return: -3575847.0
Episode: 158, total reward: 2811415.25
each agent reward: 2811415.25
Episode 159 return: -3012131.0
Episode: 159, total reward: 2816399.75
each agent reward: 2816399.75
Episode 160 return: -2976791.25
Episode: 160, total reward: 2820090.75
each agent reward: 2820090.75
Episode 161 return: -2995358.0
Episode: 161, total reward: 2820090.75
each agent reward: 2820090.75
Episode 162 return: -2993698.0
Episode: 162, total reward: 2820077.25
each agent reward: 2820077.25
Episode 163 return: -2979674.75
Episode: 163, total reward: 2818540.5
each agent reward: 2818540.5
Episode 164 return: -2995039.75
Episode: 164, total reward: 2817278.0
each agent reward: 2817278.0
Episode 165 return: -3001262.75
Episode: 165, total reward: 2817136.25
each agent reward: 2817136.25
Episode 166 return: -3043501.5
Episode: 166, total reward: 2819232.0
each agent reward: 2819232.0
Episode 167 return: -3032289.0
Episode: 167, total reward: 2829696.75
each agent reward: 2829696.75
Episode 168 return: -3037145.75
Episode: 168, total reward: 2826320.5
each agent reward: 2826320.5
Episode 169 return: -3030546.75
Episode: 169, total reward: 2819093.0
each agent reward: 2819093.0
Episode 170 return: -3008561.5
Episode: 170, total reward: 2821474.5
each agent reward: 2821474.5
Episode 171 return: -3032347.0
Episode: 171, total reward: 2825427.25
each agent reward: 2825427.25
Episode 172 return: -3018519.75
Episode: 172, total reward: 2823618.0
each agent reward: 2823618.0
Episode 173 return: -3035536.25
Episode: 173, total reward: 2826546.25
each agent reward: 2826546.25
Episode 174 return: -3055942.5
Episode: 174, total reward: 2830476.25
each agent reward: 2830476.25
Episode 175 return: -3075075.25
Episode: 175, total reward: 2825690.0
each agent reward: 2825690.0
Episode 176 return: -3022461.75
Episode: 176, total reward: 2822336.25
each agent reward: 2822336.25
Episode 177 return: -3009732.25
Episode: 177, total reward: 2817981.0
each agent reward: 2817981.0
Episode 178 return: -3010621.0
Episode: 178, total reward: 2818421.75
each agent reward: 2818421.75
Episode 179 return: -2987365.75
Episode: 179, total reward: 2818873.0
each agent reward: 2818873.0
Episode 180 return: -3007988.75
Episode: 180, total reward: 2825746.75
each agent reward: 2825746.75
Episode 181 return: -3044458.75
Episode: 181, total reward: 2824092.5
each agent reward: 2824092.5
Episode 182 return: -3042773.25
Episode: 182, total reward: 2828130.75
each agent reward: 2828130.75
Episode 183 return: -3012815.5
Episode: 183, total reward: 2822831.25
each agent reward: 2822831.25
Episode 184 return: -3010212.0
Episode: 184, total reward: 2822280.5
each agent reward: 2822280.5
Episode 185 return: -3014764.75
Episode: 185, total reward: 2818421.75
each agent reward: 2818421.75
Episode 186 return: -3004575.75
Episode: 186, total reward: 2821522.75
each agent reward: 2821522.75
Episode 187 return: -3006671.25
Episode: 187, total reward: 2819349.5
each agent reward: 2819349.5
Episode 188 return: -3040679.0
Episode: 188, total reward: 2822144.5
each agent reward: 2822144.5
Episode 189 return: -3039522.0
Episode: 189, total reward: 2823655.0
each agent reward: 2823655.0
Episode 190 return: -3019930.5
Episode: 190, total reward: 2825946.0
each agent reward: 2825946.0
Episode 191 return: -3000310.0
Episode: 191, total reward: 2822841.75
each agent reward: 2822841.75
Episode 192 return: -2998677.75
Episode: 192, total reward: 2821760.25
each agent reward: 2821760.25
Episode 193 return: -2979450.0
Episode: 193, total reward: 2820426.25
each agent reward: 2820426.25
Episode 194 return: -3015239.25
Episode: 194, total reward: 2822307.75
each agent reward: 2822307.75
Episode 195 return: -3003809.75
Episode: 195, total reward: 2818286.5
each agent reward: 2818286.5
Episode 196 return: -2955346.25
Episode: 196, total reward: 2812653.25
each agent reward: 2812653.25
Episode 197 return: -2966179.0
Episode: 197, total reward: 2812653.25
each agent reward: 2812653.25
Episode 198 return: -2993952.5
Episode: 198, total reward: 2812653.25
each agent reward: 2812653.25
Episode 199 return: -2965938.0
Episode: 199, total reward: 2814880.25
each agent reward: 2814880.25
Episode 200 return: -2984744.75
Episode: 200, total reward: 2816282.0
each agent reward: 2816282.0
Episode 201 return: -2999025.0
Episode: 201, total reward: 2818421.75
each agent reward: 2818421.75
Episode 202 return: -2990165.5
Episode: 202, total reward: 2824962.25
each agent reward: 2824962.25
Episode 203 return: -3041228.0
Episode: 203, total reward: 2837185.75
each agent reward: 2837185.75
Episode 204 return: -3033104.25
Episode: 204, total reward: 2833755.25
each agent reward: 2833755.25
Episode 205 return: -2991048.75
Episode: 205, total reward: 2822152.75
each agent reward: 2822152.75
Episode 206 return: -2997131.0
Episode: 206, total reward: 2822839.25
each agent reward: 2822839.25
Episode 207 return: -2976406.25
Episode: 207, total reward: 2825122.5
each agent reward: 2825122.5
Episode 208 return: -3021981.0
Episode: 208, total reward: 2825217.0
each agent reward: 2825217.0
Episode 209 return: -3006078.25
Episode: 209, total reward: 2825994.5
each agent reward: 2825994.5
Episode 210 return: -2994887.0
Episode: 210, total reward: 2823495.0
each agent reward: 2823495.0
Episode 211 return: -2991470.0
Episode: 211, total reward: 2821109.25
each agent reward: 2821109.25
Episode 212 return: -3024407.5
Episode: 212, total reward: 2825900.0
each agent reward: 2825900.0
Episode 213 return: -3026470.5
Episode: 213, total reward: 2825622.5
each agent reward: 2825622.5
Episode 214 return: -2999065.75
Episode: 214, total reward: 2825994.5
each agent reward: 2825994.5
Episode 215 return: -3006247.0
Episode: 215, total reward: 2817505.5
each agent reward: 2817505.5
Episode 216 return: -2998262.25
Episode: 216, total reward: 2818421.75
each agent reward: 2818421.75
Episode 217 return: -2993994.75
Episode: 217, total reward: 2821522.75
each agent reward: 2821522.75
Episode 218 return: -3007262.75
Episode: 218, total reward: 2823703.25
each agent reward: 2823703.25
Episode 219 return: -3014216.5
Episode: 219, total reward: 2830130.0
each agent reward: 2830130.0
Episode 220 return: -3038417.0
Episode: 220, total reward: 2832325.25
each agent reward: 2832325.25
Episode 221 return: -3057390.5
Episode: 221, total reward: 2825685.75
each agent reward: 2825685.75
Episode 222 return: -3026692.25
Episode: 222, total reward: 2822245.5
each agent reward: 2822245.5
Episode 223 return: -3014563.75
Episode: 223, total reward: 2814880.25
each agent reward: 2814880.25
Episode 224 return: -2988706.75
Episode: 224, total reward: 2814880.25
each agent reward: 2814880.25
Episode 225 return: -2980791.25
Episode: 225, total reward: 2819003.5
each agent reward: 2819003.5
Episode 226 return: -3011304.5
Episode: 226, total reward: 2828108.0
each agent reward: 2828108.0
Episode 227 return: -3013521.0
Episode: 227, total reward: 2830235.0
each agent reward: 2830235.0
Episode 228 return: -3015644.25
Episode: 228, total reward: 2830648.0
each agent reward: 2830648.0
Episode 229 return: -3057333.25
Episode: 229, total reward: 2833294.25
each agent reward: 2833294.25
Episode 230 return: -3022588.5
Episode: 230, total reward: 2835248.0
each agent reward: 2835248.0
Episode 231 return: -2998473.25
Episode: 231, total reward: 2832670.0
each agent reward: 2832670.0
Episode 232 return: -2994031.5
Episode: 232, total reward: 2832632.5
each agent reward: 2832632.5
Episode 233 return: -2996636.5
Episode: 233, total reward: 2825048.0
each agent reward: 2825048.0
Episode 234 return: -3002413.75
Episode: 234, total reward: 2825116.0
each agent reward: 2825116.0
Episode 235 return: -3038032.25
Episode: 235, total reward: 2828076.0
each agent reward: 2828076.0
Episode 236 return: -2998348.0
Episode: 236, total reward: 2829733.5
each agent reward: 2829733.5
Episode 237 return: -3031595.5
Episode: 237, total reward: 2824045.5
each agent reward: 2824045.5
Episode 238 return: -3026875.25
Episode: 238, total reward: 2822818.75
each agent reward: 2822818.75
Episode 239 return: -3012333.0
Episode: 239, total reward: 2822678.25
each agent reward: 2822678.25
Episode 240 return: -2978785.0
Episode: 240, total reward: 2819884.75
each agent reward: 2819884.75
Episode 241 return: -3022054.75
Episode: 241, total reward: 2821522.75
each agent reward: 2821522.75
Episode 242 return: -2961809.5
Episode: 242, total reward: 2822176.0
each agent reward: 2822176.0
Episode 243 return: -3001066.0
Episode: 243, total reward: 2818421.75
each agent reward: 2818421.75
Episode 244 return: -2991442.5
Episode: 244, total reward: 2818873.0
each agent reward: 2818873.0
Episode 245 return: -2995329.0
Episode: 245, total reward: 2828269.0
each agent reward: 2828269.0
Episode 246 return: -2999884.75
Episode: 246, total reward: 2830144.0
each agent reward: 2830144.0
Episode 247 return: -2995946.5
Episode: 247, total reward: 2828568.0
each agent reward: 2828568.0
Episode 248 return: -3007086.25
Episode: 248, total reward: 2824216.25
each agent reward: 2824216.25
Episode 249 return: -3010055.75
Episode: 249, total reward: 2822974.5
each agent reward: 2822974.5
Episode 250 return: -3026625.0
Episode: 250, total reward: 2822568.5
each agent reward: 2822568.5
Episode 251 return: -3037698.75
Episode: 251, total reward: 2817406.25
each agent reward: 2817406.25
Episode 252 return: -3013432.25
Episode: 252, total reward: 2812500.0
each agent reward: 2812500.0
Episode 253 return: -3030552.75
Episode: 253, total reward: 2814535.0
each agent reward: 2814535.0
Episode 254 return: -3022650.5
Episode: 254, total reward: 2816822.25
each agent reward: 2816822.25
Episode 255 return: -3010520.25
Episode: 255, total reward: 2818991.75
each agent reward: 2818991.75
Episode 256 return: -3031305.75
Episode: 256, total reward: 2829612.75
each agent reward: 2829612.75
Episode 257 return: -3029418.5
Episode: 257, total reward: 2830848.5
each agent reward: 2830848.5
Episode 258 return: -3023963.25
Episode: 258, total reward: 2832263.0
each agent reward: 2832263.0
Episode 259 return: -3039302.25
Episode: 259, total reward: 2833718.5
each agent reward: 2833718.5
Episode 260 return: -3040565.0
Episode: 260, total reward: 2833112.5
each agent reward: 2833112.5
Episode 261 return: -2998568.5
Episode: 261, total reward: 2833112.5
each agent reward: 2833112.5
Episode 262 return: -2990413.5
Episode: 262, total reward: 2831511.25
each agent reward: 2831511.25
Episode 263 return: -3010227.5
Episode: 263, total reward: 2832008.25
each agent reward: 2832008.25
Episode 264 return: -2977214.75
Episode: 264, total reward: 2828693.0
each agent reward: 2828693.0
Episode 265 return: -2979836.5
Episode: 265, total reward: 2827443.25
each agent reward: 2827443.25
Episode 266 return: -3024008.0
Episode: 266, total reward: 2824943.75
each agent reward: 2824943.75
Episode 267 return: -3020929.75
Episode: 267, total reward: 2825300.75
each agent reward: 2825300.75
Episode 268 return: -3004656.0
Episode: 268, total reward: 2821594.25
each agent reward: 2821594.25
Episode 269 return: -2984679.5
Episode: 269, total reward: 2812653.25
each agent reward: 2812653.25
Episode 270 return: -2989196.25
Episode: 270, total reward: 2812653.25
each agent reward: 2812653.25
Episode 271 return: -2989020.75
Episode: 271, total reward: 2812653.25
each agent reward: 2812653.25
Episode 272 return: -2996944.0
Episode: 272, total reward: 2812653.25
each agent reward: 2812653.25
Episode 273 return: -3011688.0
Episode: 273, total reward: 2827798.75
each agent reward: 2827798.75
Episode 274 return: -2986615.5
Episode: 274, total reward: 2826740.0
each agent reward: 2826740.0
Episode 275 return: -2992852.5
Episode: 275, total reward: 2824029.5
each agent reward: 2824029.5
Episode 276 return: -2993828.25
Episode: 276, total reward: 2812500.0
each agent reward: 2812500.0
Episode 277 return: -2966061.75
Episode: 277, total reward: 2812653.25
each agent reward: 2812653.25
Episode 278 return: -2980171.5
Episode: 278, total reward: 2812653.25
each agent reward: 2812653.25
Episode 279 return: -2970825.0
Episode: 279, total reward: 2812653.25
each agent reward: 2812653.25
Episode 280 return: -2992560.5
Episode: 280, total reward: 2812653.25
each agent reward: 2812653.25
Episode 281 return: -2988627.75
Episode: 281, total reward: 2812653.25
each agent reward: 2812653.25
Episode 282 return: -2980939.75
Episode: 282, total reward: 2812653.25
each agent reward: 2812653.25
Episode 283 return: -2970300.75
Episode: 283, total reward: 2812653.25
each agent reward: 2812653.25
Episode 284 return: -2944698.75
Episode: 284, total reward: 2817729.25
each agent reward: 2817729.25
Episode 285 return: -2972167.25
Episode: 285, total reward: 2817635.75
each agent reward: 2817635.75
Episode 286 return: -3003881.5
Episode: 286, total reward: 2819438.75
each agent reward: 2819438.75
Episode 287 return: -2951268.5
Episode: 287, total reward: 2823110.75
each agent reward: 2823110.75
Episode 288 return: -2983586.0
Episode: 288, total reward: 2822753.75
each agent reward: 2822753.75
Episode 289 return: -3003448.75
Episode: 289, total reward: 2826510.75
each agent reward: 2826510.75
Episode 290 return: -3004582.25
Episode: 290, total reward: 2826168.25
each agent reward: 2826168.25
Episode 291 return: -3034663.0
Episode: 291, total reward: 2826423.75
each agent reward: 2826423.75
Episode 292 return: -3017248.25
Episode: 292, total reward: 2822578.75
each agent reward: 2822578.75
Episode 293 return: -3016546.75
Episode: 293, total reward: 2823245.5
each agent reward: 2823245.5
Episode 294 return: -3002203.75
Episode: 294, total reward: 2822339.25
each agent reward: 2822339.25
Episode 295 return: -2992044.0
Episode: 295, total reward: 2822339.25
each agent reward: 2822339.25
Episode 296 return: -2988827.75
Episode: 296, total reward: 2825320.5
each agent reward: 2825320.5
Episode 297 return: -2994537.5
Episode: 297, total reward: 2822169.75
each agent reward: 2822169.75
Episode 298 return: -2992556.0
Episode: 298, total reward: 2817416.75
each agent reward: 2817416.75
Episode 299 return: -3023732.75
Episode: 299, total reward: 2817773.75
each agent reward: 2817773.75
Episode 300 return: -2980967.75
Episode: 300, total reward: 2817773.75
each agent reward: 2817773.75
Episode 301 return: -2982217.75
Episode: 301, total reward: 2820027.5
each agent reward: 2820027.5
Episode 302 return: -3020135.75
Episode: 302, total reward: 2819670.5
each agent reward: 2819670.5
Episode 303 return: -2990721.75
Episode: 303, total reward: 2820027.5
each agent reward: 2820027.5
Episode 304 return: -2993939.75
Episode: 304, total reward: 2820027.5
each agent reward: 2820027.5
Episode 305 return: -2996619.5
Episode: 305, total reward: 2820027.5
each agent reward: 2820027.5
Episode 306 return: -3048710.25
Episode: 306, total reward: 2816942.0
each agent reward: 2816942.0
Episode 307 return: -2971053.75
Episode: 307, total reward: 2809141.25
each agent reward: 2809141.25
Episode 308 return: -2999868.75
Episode: 308, total reward: 2812653.25
each agent reward: 2812653.25
Episode 309 return: -2980726.25
Episode: 309, total reward: 2812653.25
each agent reward: 2812653.25
Episode 310 return: -3019547.75
Episode: 310, total reward: 2812653.25
each agent reward: 2812653.25
Episode 311 return: -2975807.25
Episode: 311, total reward: 2812653.25
each agent reward: 2812653.25
Episode 312 return: -2963809.75
Episode: 312, total reward: 2812653.25
each agent reward: 2812653.25
Episode 313 return: -2978468.75
Episode: 313, total reward: 2812128.0
each agent reward: 2812128.0
Episode 314 return: -2977800.0
Episode: 314, total reward: 2809141.25
each agent reward: 2809141.25
Episode 315 return: -2988004.25
Episode: 315, total reward: 2812426.0
each agent reward: 2812426.0
Episode 316 return: -2994044.75
Episode: 316, total reward: 2818818.5
each agent reward: 2818818.5
Episode 317 return: -2984538.0
Episode: 317, total reward: 2813233.5
each agent reward: 2813233.5
Episode 318 return: -2988169.5
Episode: 318, total reward: 2812653.25
each agent reward: 2812653.25
Episode 319 return: -2972590.25
Episode: 319, total reward: 2812128.0
each agent reward: 2812128.0
Episode 320 return: -2962706.5
Episode: 320, total reward: 2816434.25
each agent reward: 2816434.25
Episode 321 return: -2975232.0
Episode: 321, total reward: 2817773.75
each agent reward: 2817773.75
Episode 322 return: -2993836.0
Episode: 322, total reward: 2811441.75
each agent reward: 2811441.75
Episode 323 return: -2988230.0
Episode: 323, total reward: 2815108.5
each agent reward: 2815108.5
Episode 324 return: -3027164.75
Episode: 324, total reward: 2813335.5
each agent reward: 2813335.5
Episode 325 return: -3013064.25
Episode: 325, total reward: 2813335.5
each agent reward: 2813335.5
Episode 326 return: -2996304.5
Episode: 326, total reward: 2815431.25
each agent reward: 2815431.25
Episode 327 return: -2992704.75
Episode: 327, total reward: 2816414.75
each agent reward: 2816414.75
Episode 328 return: -3038547.75
Episode: 328, total reward: 2812565.5
each agent reward: 2812565.5
Episode 329 return: -3020395.25
Episode: 329, total reward: 2813398.25
each agent reward: 2813398.25
Episode 330 return: -2969922.5
Episode: 330, total reward: 2816300.5
each agent reward: 2816300.5
Episode 331 return: -3039840.5
Episode: 331, total reward: 2819242.25
each agent reward: 2819242.25
Episode 332 return: -2976872.0
Episode: 332, total reward: 2817324.0
each agent reward: 2817324.0
Episode 333 return: -3032074.75
Episode: 333, total reward: 2819474.25
each agent reward: 2819474.25
Episode 334 return: -3051245.25
Episode: 334, total reward: 2814918.25
each agent reward: 2814918.25
Episode 335 return: -3039514.5
Episode: 335, total reward: 2816414.75
each agent reward: 2816414.75
Episode 336 return: -3022608.75
Episode: 336, total reward: 2813033.0
each agent reward: 2813033.0
Episode 337 return: -3007695.75
Episode: 337, total reward: 2813033.0
each agent reward: 2813033.0
Episode 338 return: -3003968.0
Episode: 338, total reward: 2813033.0
each agent reward: 2813033.0
Episode 339 return: -2997288.0
Episode: 339, total reward: 2813033.0
each agent reward: 2813033.0
Episode 340 return: -2988517.5
Episode: 340, total reward: 2813033.0
each agent reward: 2813033.0
Episode 341 return: -3004087.75
Episode: 341, total reward: 2813033.0
each agent reward: 2813033.0
Episode 342 return: -3003511.25
Episode: 342, total reward: 2813033.0
each agent reward: 2813033.0
Episode 343 return: -2987614.5
Episode: 343, total reward: 2810349.5
each agent reward: 2810349.5
Episode 344 return: -3014676.75
Episode: 344, total reward: 2813033.0
each agent reward: 2813033.0
Episode 345 return: -2973745.75
Episode: 345, total reward: 2813033.0
each agent reward: 2813033.0
Episode 346 return: -2996545.5
Episode: 346, total reward: 2809141.25
each agent reward: 2809141.25
Episode 347 return: -3015333.25
Episode: 347, total reward: 2810349.5
each agent reward: 2810349.5
Episode 348 return: -3032047.75
Episode: 348, total reward: 2812128.0
each agent reward: 2812128.0
Episode 349 return: -2979858.0
Episode: 349, total reward: 2809141.25
each agent reward: 2809141.25
Episode 350 return: -3019861.75
Episode: 350, total reward: 2809141.25
each agent reward: 2809141.25
Episode 351 return: -2984757.75
Episode: 351, total reward: 2812653.25
each agent reward: 2812653.25
Episode 352 return: -2976783.75
Episode: 352, total reward: 2812653.25
each agent reward: 2812653.25
Episode 353 return: -2983634.0
Episode: 353, total reward: 2812653.25
each agent reward: 2812653.25
Episode 354 return: -2998647.75
Episode: 354, total reward: 2812653.25
each agent reward: 2812653.25
Episode 355 return: -2972479.75
Episode: 355, total reward: 2813481.25
each agent reward: 2813481.25
Episode 356 return: -3010727.0
Episode: 356, total reward: 2813438.5
each agent reward: 2813438.5
Episode 357 return: -3016883.75
Episode: 357, total reward: 2817683.0
each agent reward: 2817683.0
Episode 358 return: -3048445.0
Episode: 358, total reward: 2818965.75
each agent reward: 2818965.75
Episode 359 return: -3074114.5
Episode: 359, total reward: 2812404.75
each agent reward: 2812404.75
Episode 360 return: -3030058.75
Episode: 360, total reward: 2814496.5
each agent reward: 2814496.5
Episode 361 return: -3058408.0
Episode: 361, total reward: 2817963.75
each agent reward: 2817963.75
Episode 362 return: -3080321.75
Episode: 362, total reward: 2813641.25
each agent reward: 2813641.25
Episode 363 return: -3031055.75
Episode: 363, total reward: 2818318.75
each agent reward: 2818318.75
Episode 364 return: -3033010.5
Episode: 364, total reward: 2816428.0
each agent reward: 2816428.0
Episode 365 return: -2989045.5
Episode: 365, total reward: 2816976.0
each agent reward: 2816976.0
Episode 366 return: -3002540.5
Episode: 366, total reward: 2819048.0
each agent reward: 2819048.0
Episode 367 return: -3016103.0
Episode: 367, total reward: 2812178.0
each agent reward: 2812178.0
Episode 368 return: -2989931.0
Episode: 368, total reward: 2813174.5
each agent reward: 2813174.5
Episode 369 return: -2995056.0
Episode: 369, total reward: 2815281.25
each agent reward: 2815281.25
Episode 370 return: -3016791.75
Episode: 370, total reward: 2817041.75
each agent reward: 2817041.75
Episode 371 return: -2954075.25
Episode: 371, total reward: 2818886.75
each agent reward: 2818886.75
Episode 372 return: -2982307.75
Episode: 372, total reward: 2814565.75
each agent reward: 2814565.75
Episode 373 return: -2977936.25
Episode: 373, total reward: 2814382.25
each agent reward: 2814382.25
Episode 374 return: -3058054.75
Episode: 374, total reward: 2813174.5
each agent reward: 2813174.5
Episode 375 return: -2986689.25
Episode: 375, total reward: 2813174.5
each agent reward: 2813174.5
Episode 376 return: -2994163.0
Episode: 376, total reward: 2818817.75
each agent reward: 2818817.75
Episode 377 return: -3059809.25
Episode: 377, total reward: 2818418.75
each agent reward: 2818418.75
Episode 378 return: -3024574.5
Episode: 378, total reward: 2816745.5
each agent reward: 2816745.5
Episode 379 return: -2984324.25
Episode: 379, total reward: 2814868.5
each agent reward: 2814868.5
Episode 380 return: -3004083.75
Episode: 380, total reward: 2814442.75
each agent reward: 2814442.75
Episode 381 return: -2947286.0
Episode: 381, total reward: 2815288.0
each agent reward: 2815288.0
Episode 382 return: -3010980.0
Episode: 382, total reward: 2810331.75
each agent reward: 2810331.75
Episode 383 return: -2987466.5
Episode: 383, total reward: 2812128.0
each agent reward: 2812128.0
Episode 384 return: -2982331.25
Episode: 384, total reward: 2809141.25
each agent reward: 2809141.25
Episode 385 return: -2981328.0
Episode: 385, total reward: 2810490.5
each agent reward: 2810490.5
Episode 386 return: -2978708.0
Episode: 386, total reward: 2813061.0
each agent reward: 2813061.0
Episode 387 return: -2967745.5
Episode: 387, total reward: 2813689.25
each agent reward: 2813689.25
Episode 388 return: -2981932.75
Episode: 388, total reward: 2813689.25
each agent reward: 2813689.25
Episode 389 return: -3035669.75
Episode: 389, total reward: 2813689.25
each agent reward: 2813689.25
Episode 390 return: -2985492.25
Episode: 390, total reward: 2813689.25
each agent reward: 2813689.25
Episode 391 return: -3001349.25
Episode: 391, total reward: 2813061.0
each agent reward: 2813061.0
Episode 392 return: -2971988.0
Episode: 392, total reward: 2814382.25
each agent reward: 2814382.25
Episode 393 return: -3014002.5
Episode: 393, total reward: 2813689.25
each agent reward: 2813689.25
Episode 394 return: -2992238.25
Episode: 394, total reward: 2810349.5
each agent reward: 2810349.5
Episode 395 return: -2985014.0
Episode: 395, total reward: 2810349.5
each agent reward: 2810349.5
Episode 396 return: -2974920.25
Episode: 396, total reward: 2814382.25
each agent reward: 2814382.25
Episode 397 return: -2983920.25
Episode: 397, total reward: 2814382.25
each agent reward: 2814382.25
Episode 398 return: -2974316.75
Episode: 398, total reward: 2812128.0
each agent reward: 2812128.0
Episode 399 return: -2962243.25
Episode: 399, total reward: 2812128.0
each agent reward: 2812128.0
Episode 400 return: -2989423.0
Episode: 400, total reward: 2812653.25
each agent reward: 2812653.25
Episode 401 return: -3004093.25
Episode: 401, total reward: 2809141.25
each agent reward: 2809141.25
Episode 402 return: -2988429.25
Episode: 402, total reward: 2819059.0
each agent reward: 2819059.0
Episode 403 return: -2975723.25
Episode: 403, total reward: 2818808.5
each agent reward: 2818808.5
Episode 404 return: -2954159.25
Episode: 404, total reward: 2818808.5
each agent reward: 2818808.5
Episode 405 return: -3012662.25
Episode: 405, total reward: 2818808.5
each agent reward: 2818808.5
Episode 406 return: -2985788.5
Episode: 406, total reward: 2819201.5
each agent reward: 2819201.5
Episode 407 return: -3010644.75
Episode: 407, total reward: 2818849.0
each agent reward: 2818849.0
Episode 408 return: -3024731.25
Episode: 408, total reward: 2820624.5
each agent reward: 2820624.5
Episode 409 return: -2981727.25
Episode: 409, total reward: 2819518.25
each agent reward: 2819518.25
Episode 410 return: -2995460.5
Episode: 410, total reward: 2818808.5
each agent reward: 2818808.5
Episode 411 return: -2991661.0
Episode: 411, total reward: 2815383.75
each agent reward: 2815383.75
Episode 412 return: -2987352.75
Episode: 412, total reward: 2814137.5
each agent reward: 2814137.5
Episode 413 return: -3044409.75
Episode: 413, total reward: 2812323.5
each agent reward: 2812323.5
Episode 414 return: -2996642.75
Episode: 414, total reward: 2812128.0
each agent reward: 2812128.0
Episode 415 return: -2978365.75
Episode: 415, total reward: 2812653.25
each agent reward: 2812653.25
Episode 416 return: -2987992.25
Episode: 416, total reward: 2813336.5
each agent reward: 2813336.5
Episode 417 return: -3003718.5
Episode: 417, total reward: 2820549.5
each agent reward: 2820549.5
Episode 418 return: -2989154.0
Episode: 418, total reward: 2817393.5
each agent reward: 2817393.5
Episode 419 return: -2983989.5
Episode: 419, total reward: 2813689.25
each agent reward: 2813689.25
Episode 420 return: -2977048.5
Episode: 420, total reward: 2813689.25
each agent reward: 2813689.25
Episode 421 return: -3011030.5
Episode: 421, total reward: 2813689.25
each agent reward: 2813689.25
Episode 422 return: -2984015.5
Episode: 422, total reward: 2813689.25
each agent reward: 2813689.25
Episode 423 return: -2996738.25
Episode: 423, total reward: 2813689.25
each agent reward: 2813689.25
Episode 424 return: -2961711.75
Episode: 424, total reward: 2813689.25
each agent reward: 2813689.25
Episode 425 return: -2996910.0
Episode: 425, total reward: 2813689.25
each agent reward: 2813689.25
Episode 426 return: -2989123.5
Episode: 426, total reward: 2813689.25
each agent reward: 2813689.25
Episode 427 return: -2997262.0
Episode: 427, total reward: 2813689.25
each agent reward: 2813689.25
Episode 428 return: -3036829.25
Episode: 428, total reward: 2813689.25
each agent reward: 2813689.25
Episode 429 return: -3038078.0
Episode: 429, total reward: 2813689.25
each agent reward: 2813689.25
Episode 430 return: -2989968.5
Episode: 430, total reward: 2813689.25
each agent reward: 2813689.25
Episode 431 return: -2992136.0
Episode: 431, total reward: 2813689.25
each agent reward: 2813689.25
Episode 432 return: -3018373.0
Episode: 432, total reward: 2813689.25
each agent reward: 2813689.25
Episode 433 return: -2982029.75
Episode: 433, total reward: 2813689.25
each agent reward: 2813689.25
Episode 434 return: -2960266.25
Episode: 434, total reward: 2811698.75
each agent reward: 2811698.75
Episode 435 return: -3040122.5
Episode: 435, total reward: 2813336.5
each agent reward: 2813336.5
Episode 436 return: -2976146.0
Episode: 436, total reward: 2812653.25
each agent reward: 2812653.25
Episode 437 return: -2992997.25
Episode: 437, total reward: 2812653.25
each agent reward: 2812653.25
Episode 438 return: -2981803.5
Episode: 438, total reward: 2812653.25
each agent reward: 2812653.25
Episode 439 return: -2982089.0
Episode: 439, total reward: 2812653.25
each agent reward: 2812653.25
Episode 440 return: -3007663.0
Episode: 440, total reward: 2812653.25
each agent reward: 2812653.25
Episode 441 return: -2985643.0
Episode: 441, total reward: 2812653.25
each agent reward: 2812653.25
Episode 442 return: -2979713.25
Episode: 442, total reward: 2812653.25
each agent reward: 2812653.25
Episode 443 return: -2971134.75
Episode: 443, total reward: 2813336.5
each agent reward: 2813336.5
Episode 444 return: -2966702.5
Episode: 444, total reward: 2813689.25
each agent reward: 2813689.25
Episode 445 return: -3025963.5
Episode: 445, total reward: 2813689.25
each agent reward: 2813689.25
Episode 446 return: -2996322.0
Episode: 446, total reward: 2813689.25
each agent reward: 2813689.25
Episode 447 return: -2991996.5
Episode: 447, total reward: 2813689.25
each agent reward: 2813689.25
Episode 448 return: -2989023.5
Episode: 448, total reward: 2813689.25
each agent reward: 2813689.25
Episode 449 return: -2998845.5
Episode: 449, total reward: 2813689.25
each agent reward: 2813689.25
Episode 450 return: -2995951.0
Episode: 450, total reward: 2813689.25
each agent reward: 2813689.25
Episode 451 return: -2974634.25
Episode: 451, total reward: 2813689.25
each agent reward: 2813689.25
Episode 452 return: -3013933.0
Episode: 452, total reward: 2813689.25
each agent reward: 2813689.25
Episode 453 return: -2978930.75
Episode: 453, total reward: 2811698.75
each agent reward: 2811698.75
Episode 454 return: -2967824.0
Episode: 454, total reward: 2811698.75
each agent reward: 2811698.75
Episode 455 return: -2956245.75
Episode: 455, total reward: 2813689.25
each agent reward: 2813689.25
Episode 456 return: -2997457.5
Episode: 456, total reward: 2813689.25
each agent reward: 2813689.25
Episode 457 return: -2973631.0
Episode: 457, total reward: 2813689.25
each agent reward: 2813689.25
Episode 458 return: -2958860.5
Episode: 458, total reward: 2813689.25
each agent reward: 2813689.25
Episode 459 return: -2986336.25
Episode: 459, total reward: 2813689.25
each agent reward: 2813689.25
Episode 460 return: -2962823.25
Episode: 460, total reward: 2813689.25
each agent reward: 2813689.25
Episode 461 return: -3005515.0
Episode: 461, total reward: 2813689.25
each agent reward: 2813689.25
Episode 462 return: -2965586.25
Episode: 462, total reward: 2813689.25
each agent reward: 2813689.25
Episode 463 return: -2981091.75
Episode: 463, total reward: 2813689.25
each agent reward: 2813689.25
Episode 464 return: -3013024.75
Episode: 464, total reward: 2813689.25
each agent reward: 2813689.25
Episode 465 return: -2974126.5
Episode: 465, total reward: 2813689.25
each agent reward: 2813689.25
Episode 466 return: -2985924.0
Episode: 466, total reward: 2813689.25
each agent reward: 2813689.25
Episode 467 return: -2975809.5
Episode: 467, total reward: 2813689.25
each agent reward: 2813689.25
Episode 468 return: -2982871.5
Episode: 468, total reward: 2813689.25
each agent reward: 2813689.25
Episode 469 return: -2980687.5
Episode: 469, total reward: 2813689.25
each agent reward: 2813689.25
Episode 470 return: -2955357.0
Episode: 470, total reward: 2813689.25
each agent reward: 2813689.25
Episode 471 return: -2979534.25
Episode: 471, total reward: 2813689.25
each agent reward: 2813689.25
Episode 472 return: -2991048.0
Episode: 472, total reward: 2813689.25
each agent reward: 2813689.25
Episode 473 return: -2977803.25
Episode: 473, total reward: 2813689.25
each agent reward: 2813689.25
Episode 474 return: -2988842.5
Episode: 474, total reward: 2813689.25
each agent reward: 2813689.25
Episode 475 return: -3013420.25
Episode: 475, total reward: 2813689.25
each agent reward: 2813689.25
Episode 476 return: -2979114.75
Episode: 476, total reward: 2811698.75
each agent reward: 2811698.75
Episode 477 return: -2997943.5
Episode: 477, total reward: 2811698.75
each agent reward: 2811698.75
Episode 478 return: -3011938.0
Episode: 478, total reward: 2813689.25
each agent reward: 2813689.25
Episode 479 return: -3008730.25
Episode: 479, total reward: 2813689.25
each agent reward: 2813689.25
Episode 480 return: -2979018.0
Episode: 480, total reward: 2813020.0
each agent reward: 2813020.0
Episode 481 return: -3001605.5
Episode: 481, total reward: 2813336.5
each agent reward: 2813336.5
Episode 482 return: -2982105.25
Episode: 482, total reward: 2813336.5
each agent reward: 2813336.5
Episode 483 return: -2970462.5
Episode: 483, total reward: 2812128.0
each agent reward: 2812128.0
Episode 484 return: -2992755.75
Episode: 484, total reward: 2812653.25
each agent reward: 2812653.25
Episode 485 return: -3017003.25
Episode: 485, total reward: 2812653.25
each agent reward: 2812653.25
Episode 486 return: -2997071.75
Episode: 486, total reward: 2812653.25
each agent reward: 2812653.25
Episode 487 return: -3004393.5
Episode: 487, total reward: 2813689.25
each agent reward: 2813689.25
Episode 488 return: -3013881.5
Episode: 488, total reward: 2813689.25
each agent reward: 2813689.25
Episode 489 return: -3028357.5
Episode: 489, total reward: 2813689.25
each agent reward: 2813689.25
Episode 490 return: -2963620.0
Episode: 490, total reward: 2813689.25
each agent reward: 2813689.25
Episode 491 return: -2985536.5
Episode: 491, total reward: 2813689.25
each agent reward: 2813689.25
Episode 492 return: -2972584.75
Episode: 492, total reward: 2813689.25
each agent reward: 2813689.25
Episode 493 return: -2964769.25
Episode: 493, total reward: 2813689.25
each agent reward: 2813689.25
Episode 494 return: -2986372.0
Episode: 494, total reward: 2813689.25
each agent reward: 2813689.25
Episode 495 return: -2983717.25
Episode: 495, total reward: 2813689.25
each agent reward: 2813689.25
Episode 496 return: -2997705.5
Episode: 496, total reward: 2813689.25
each agent reward: 2813689.25
Episode 497 return: -2987843.0
Episode: 497, total reward: 2813689.25
each agent reward: 2813689.25
Episode 498 return: -2969221.5
Episode: 498, total reward: 2813689.25
each agent reward: 2813689.25
Episode 499 return: -2968490.5
Episode: 499, total reward: 2813689.25
each agent reward: 2813689.25
Episode 500 return: -2986243.25
Episode: 500, total reward: 2813689.25
each agent reward: 2813689.25
Episode 501 return: -2999160.5
Episode: 501, total reward: 2814240.5
each agent reward: 2814240.5
Episode 502 return: -2937444.75
Episode: 502, total reward: 2813689.25
each agent reward: 2813689.25
Episode 503 return: -2959651.25
Episode: 503, total reward: 2813689.25
each agent reward: 2813689.25
Episode 504 return: -2976801.5
Episode: 504, total reward: 2813689.25
each agent reward: 2813689.25
Episode 505 return: -3013404.25
Episode: 505, total reward: 2813689.25
each agent reward: 2813689.25
Episode 506 return: -2983474.25
Episode: 506, total reward: 2813689.25
each agent reward: 2813689.25
Episode 507 return: -2967583.0
Episode: 507, total reward: 2813020.0
each agent reward: 2813020.0
Episode 508 return: -2986210.75
Episode: 508, total reward: 2813020.0
each agent reward: 2813020.0
Episode 509 return: -2990041.25
Episode: 509, total reward: 2813336.5
each agent reward: 2813336.5
Episode 510 return: -2952004.25
Episode: 510, total reward: 2812128.0
each agent reward: 2812128.0
Episode 511 return: -2965349.25
Episode: 511, total reward: 2812653.25
each agent reward: 2812653.25
Episode 512 return: -2988430.5
Episode: 512, total reward: 2812653.25
each agent reward: 2812653.25
Episode 513 return: -2950265.25
Episode: 513, total reward: 2812128.0
each agent reward: 2812128.0
Episode 514 return: -2959585.75
Episode: 514, total reward: 2813689.25
each agent reward: 2813689.25
Episode 515 return: -3018117.0
Episode: 515, total reward: 2813689.25
each agent reward: 2813689.25
Episode 516 return: -2978831.75
Episode: 516, total reward: 2813689.25
each agent reward: 2813689.25
Episode 517 return: -2968453.75
Episode: 517, total reward: 2813336.5
each agent reward: 2813336.5
Episode 518 return: -2955663.75
Episode: 518, total reward: 2813689.25
each agent reward: 2813689.25
Episode 519 return: -3011489.25
Episode: 519, total reward: 2812327.0
each agent reward: 2812327.0
Episode 520 return: -3021172.5
Episode: 520, total reward: 2813689.25
each agent reward: 2813689.25
Episode 521 return: -3000627.5
Episode: 521, total reward: 2813689.25
each agent reward: 2813689.25
Episode 522 return: -2966750.75
Episode: 522, total reward: 2813689.25
each agent reward: 2813689.25
Episode 523 return: -3025390.25
Episode: 523, total reward: 2813689.25
each agent reward: 2813689.25
Episode 524 return: -3006133.5
Episode: 524, total reward: 2813689.25
each agent reward: 2813689.25
Episode 525 return: -2940611.5
Episode: 525, total reward: 2811698.75
each agent reward: 2811698.75
Episode 526 return: -2990330.25
Episode: 526, total reward: 2811698.75
each agent reward: 2811698.75
Episode 527 return: -2974919.25
Episode: 527, total reward: 2813689.25
each agent reward: 2813689.25
Episode 528 return: -2987996.0
Episode: 528, total reward: 2813689.25
each agent reward: 2813689.25
Episode 529 return: -2970701.0
Episode: 529, total reward: 2813689.25
each agent reward: 2813689.25
Episode 530 return: -3020054.25
Episode: 530, total reward: 2813689.25
each agent reward: 2813689.25
Episode 531 return: -2960832.5
Episode: 531, total reward: 2813689.25
each agent reward: 2813689.25
Episode 532 return: -3005564.25
Episode: 532, total reward: 2813689.25
each agent reward: 2813689.25
Episode 533 return: -2975624.5
Episode: 533, total reward: 2813689.25
each agent reward: 2813689.25
Episode 534 return: -3004137.75
Episode: 534, total reward: 2813689.25
each agent reward: 2813689.25
Episode 535 return: -2984717.25
Episode: 535, total reward: 2813689.25
each agent reward: 2813689.25
Episode 536 return: -3024963.25
Episode: 536, total reward: 2813689.25
each agent reward: 2813689.25
Episode 537 return: -2990354.5
Episode: 537, total reward: 2813689.25
each agent reward: 2813689.25
Episode 538 return: -2996061.25
Episode: 538, total reward: 2813689.25
each agent reward: 2813689.25
Episode 539 return: -2992558.75
Episode: 539, total reward: 2813689.25
each agent reward: 2813689.25
Episode 540 return: -2979071.5
Episode: 540, total reward: 2813689.25
each agent reward: 2813689.25
Episode 541 return: -3023497.5
Episode: 541, total reward: 2813689.25
each agent reward: 2813689.25
Episode 542 return: -2995769.25
Episode: 542, total reward: 2813689.25
each agent reward: 2813689.25
Episode 543 return: -3008838.75
Episode: 543, total reward: 2813689.25
each agent reward: 2813689.25
Episode 544 return: -2987836.25
Episode: 544, total reward: 2813689.25
each agent reward: 2813689.25
Episode 545 return: -2974769.75
Episode: 545, total reward: 2813577.5
each agent reward: 2813577.5
Episode 546 return: -3006372.75
Episode: 546, total reward: 2815212.25
each agent reward: 2815212.25
Episode 547 return: -2967304.0
Episode: 547, total reward: 2814600.5
each agent reward: 2814600.5
Episode 548 return: -3001397.0
Episode: 548, total reward: 2813689.25
each agent reward: 2813689.25
Episode 549 return: -2999674.5
Episode: 549, total reward: 2813689.25
each agent reward: 2813689.25
Episode 550 return: -2980900.75
Episode: 550, total reward: 2813689.25
each agent reward: 2813689.25
Episode 551 return: -2949783.75
Episode: 551, total reward: 2813689.25
each agent reward: 2813689.25
Episode 552 return: -2985121.5
Episode: 552, total reward: 2813689.25
each agent reward: 2813689.25
Episode 553 return: -3002473.0
Episode: 553, total reward: 2813689.25
each agent reward: 2813689.25
Episode 554 return: -3023845.25
Episode: 554, total reward: 2813689.25
each agent reward: 2813689.25
Episode 555 return: -2982848.0
Episode: 555, total reward: 2813689.25
each agent reward: 2813689.25
Episode 556 return: -2981853.5
Episode: 556, total reward: 2813689.25
each agent reward: 2813689.25
Episode 557 return: -3011161.75
Episode: 557, total reward: 2813689.25
each agent reward: 2813689.25
Episode 558 return: -2992875.0
Episode: 558, total reward: 2813689.25
each agent reward: 2813689.25
Episode 559 return: -2983134.75
Episode: 559, total reward: 2812653.25
each agent reward: 2812653.25
Episode 560 return: -2985960.5
Episode: 560, total reward: 2811540.0
each agent reward: 2811540.0
Episode 561 return: -2987968.5
Episode: 561, total reward: 2813689.25
each agent reward: 2813689.25
Episode 562 return: -2978500.5
Episode: 562, total reward: 2813689.25
each agent reward: 2813689.25
Episode 563 return: -2996636.25
Episode: 563, total reward: 2813689.25
each agent reward: 2813689.25
Episode 564 return: -2992145.0
Episode: 564, total reward: 2813689.25
each agent reward: 2813689.25
Episode 565 return: -2963653.25
Episode: 565, total reward: 2813689.25
each agent reward: 2813689.25
Episode 566 return: -2964883.25
Episode: 566, total reward: 2813689.25
each agent reward: 2813689.25
Episode 567 return: -3012296.25
Episode: 567, total reward: 2813689.25
each agent reward: 2813689.25
Episode 568 return: -2973018.25
Episode: 568, total reward: 2813689.25
each agent reward: 2813689.25
Episode 569 return: -2969791.5
Episode: 569, total reward: 2813689.25
each agent reward: 2813689.25
Episode 570 return: -2994556.25
Episode: 570, total reward: 2813689.25
each agent reward: 2813689.25
Episode 571 return: -2986302.0
Episode: 571, total reward: 2813689.25
each agent reward: 2813689.25
Episode 572 return: -2992066.25
Episode: 572, total reward: 2813689.25
each agent reward: 2813689.25
Episode 573 return: -2966209.5
Episode: 573, total reward: 2813689.25
each agent reward: 2813689.25
Episode 574 return: -3000375.0
Episode: 574, total reward: 2813689.25
each agent reward: 2813689.25
Episode 575 return: -2979575.0
Episode: 575, total reward: 2810349.5
each agent reward: 2810349.5
Episode 576 return: -2965837.0
Episode: 576, total reward: 2811540.0
each agent reward: 2811540.0
Episode 577 return: -2982627.75
Episode: 577, total reward: 2813689.25
each agent reward: 2813689.25
Episode 578 return: -2978327.0
Episode: 578, total reward: 2811698.75
each agent reward: 2811698.75
Episode 579 return: -2983567.5
Episode: 579, total reward: 2813689.25
each agent reward: 2813689.25
Episode 580 return: -2983281.25
Episode: 580, total reward: 2812128.0
each agent reward: 2812128.0
Episode 581 return: -2991723.0
Episode: 581, total reward: 2812653.25
each agent reward: 2812653.25
Episode 582 return: -2962709.5
Episode: 582, total reward: 2811698.75
each agent reward: 2811698.75
Episode 583 return: -2993505.5
Episode: 583, total reward: 2813689.25
each agent reward: 2813689.25
Episode 584 return: -2978663.0
Episode: 584, total reward: 2813689.25
each agent reward: 2813689.25
Episode 585 return: -2975595.25
Episode: 585, total reward: 2813689.25
each agent reward: 2813689.25
Episode 586 return: -3003807.25
Episode: 586, total reward: 2813689.25
each agent reward: 2813689.25
Episode 587 return: -2972917.0
Episode: 587, total reward: 2811698.75
each agent reward: 2811698.75
Episode 588 return: -2966019.75
Episode: 588, total reward: 2812653.25
each agent reward: 2812653.25
Episode 589 return: -2978099.75
Episode: 589, total reward: 2812653.25
each agent reward: 2812653.25
Episode 590 return: -2975024.0
Episode: 590, total reward: 2812653.25
each agent reward: 2812653.25
Episode 591 return: -2942609.25
Episode: 591, total reward: 2812653.25
each agent reward: 2812653.25
Episode 592 return: -2986624.0
Episode: 592, total reward: 2812653.25
each agent reward: 2812653.25
Episode 593 return: -2961902.75
Episode: 593, total reward: 2812653.25
each agent reward: 2812653.25
Episode 594 return: -2988245.0
Episode: 594, total reward: 2812368.0
each agent reward: 2812368.0
Episode 595 return: -2962951.25
Episode: 595, total reward: 2813689.25
each agent reward: 2813689.25
Episode 596 return: -2970236.75
Episode: 596, total reward: 2813689.25
each agent reward: 2813689.25
Episode 597 return: -2990990.5
Episode: 597, total reward: 2813689.25
each agent reward: 2813689.25
Episode 598 return: -3024069.25
Episode: 598, total reward: 2813689.25
each agent reward: 2813689.25
Episode 599 return: -2973945.0
Episode: 599, total reward: 2813689.25
each agent reward: 2813689.25
Episode 600 return: -2969803.75
Episode: 600, total reward: 2813689.25
each agent reward: 2813689.25
Episode 601 return: -2962279.75
Episode: 601, total reward: 2813689.25
each agent reward: 2813689.25
Episode 602 return: -2986348.0
Episode: 602, total reward: 2813689.25
each agent reward: 2813689.25
Episode 603 return: -2987749.0
Episode: 603, total reward: 2813689.25
each agent reward: 2813689.25
Episode 604 return: -3020777.25
Episode: 604, total reward: 2813689.25
each agent reward: 2813689.25
Episode 605 return: -2999599.25
Episode: 605, total reward: 2813689.25
each agent reward: 2813689.25
Episode 606 return: -2991458.0
Episode: 606, total reward: 2813689.25
each agent reward: 2813689.25
Episode 607 return: -2993583.0
Episode: 607, total reward: 2813689.25
each agent reward: 2813689.25
Episode 608 return: -2974894.75
Episode: 608, total reward: 2813689.25
each agent reward: 2813689.25
Episode 609 return: -2934042.25
Episode: 609, total reward: 2813689.25
each agent reward: 2813689.25
Episode 610 return: -3000098.5
Episode: 610, total reward: 2812128.0
each agent reward: 2812128.0
Episode 611 return: -2972779.5
Episode: 611, total reward: 2812653.25
each agent reward: 2812653.25
Episode 612 return: -2972343.5
Episode: 612, total reward: 2812128.0
each agent reward: 2812128.0
Episode 613 return: -2996537.0
Episode: 613, total reward: 2812653.25
each agent reward: 2812653.25
Episode 614 return: -3030042.75
Episode: 614, total reward: 2812653.25
each agent reward: 2812653.25
Episode 615 return: -3018009.25
Episode: 615, total reward: 2812653.25
each agent reward: 2812653.25
Episode 616 return: -2990616.75
Episode: 616, total reward: 2812653.25
each agent reward: 2812653.25
Episode 617 return: -2976101.5
Episode: 617, total reward: 2813689.25
each agent reward: 2813689.25
Episode 618 return: -3014565.75
Episode: 618, total reward: 2813689.25
each agent reward: 2813689.25
Episode 619 return: -2984080.75
Episode: 619, total reward: 2813689.25
each agent reward: 2813689.25
Episode 620 return: -3010162.25
Episode: 620, total reward: 2813689.25
each agent reward: 2813689.25
Episode 621 return: -3000293.5
Episode: 621, total reward: 2813689.25
each agent reward: 2813689.25
Episode 622 return: -2967585.5
Episode: 622, total reward: 2813689.25
each agent reward: 2813689.25
Episode 623 return: -2996077.5
Episode: 623, total reward: 2813689.25
each agent reward: 2813689.25
Episode 624 return: -2979675.0
Episode: 624, total reward: 2813689.25
each agent reward: 2813689.25
Episode 625 return: -3009463.5
Episode: 625, total reward: 2813689.25
each agent reward: 2813689.25
Episode 626 return: -2967155.0
Episode: 626, total reward: 2810331.75
each agent reward: 2810331.75
Episode 627 return: -2991260.25
Episode: 627, total reward: 2811711.75
each agent reward: 2811711.75
Episode 628 return: -3006126.5
Episode: 628, total reward: 2813689.25
each agent reward: 2813689.25
Episode 629 return: -2981898.25
Episode: 629, total reward: 2813689.25
each agent reward: 2813689.25
Episode 630 return: -2961664.75
Episode: 630, total reward: 2813689.25
each agent reward: 2813689.25
Episode 631 return: -2987755.5
Episode: 631, total reward: 2813689.25
each agent reward: 2813689.25
Episode 632 return: -3019030.75
Episode: 632, total reward: 2813689.25
each agent reward: 2813689.25
Episode 633 return: -2985324.0
Episode: 633, total reward: 2813061.0
each agent reward: 2813061.0
Episode 634 return: -2981184.5
Episode: 634, total reward: 2812653.25
each agent reward: 2812653.25
Episode 635 return: -2968656.0
Episode: 635, total reward: 2810331.75
each agent reward: 2810331.75
Episode 636 return: -3013303.5
Episode: 636, total reward: 2813689.25
each agent reward: 2813689.25
Episode 637 return: -2993784.75
Episode: 637, total reward: 2813689.25
each agent reward: 2813689.25
Episode 638 return: -2973179.25
Episode: 638, total reward: 2813689.25
each agent reward: 2813689.25
Episode 639 return: -2969779.0
Episode: 639, total reward: 2813689.25
each agent reward: 2813689.25
Episode 640 return: -2978747.0
Episode: 640, total reward: 2813689.25
each agent reward: 2813689.25
Episode 641 return: -2984688.75
Episode: 641, total reward: 2813689.25
each agent reward: 2813689.25
Episode 642 return: -3008372.5
Episode: 642, total reward: 2813689.25
each agent reward: 2813689.25
Episode 643 return: -2988856.0
Episode: 643, total reward: 2813689.25
each agent reward: 2813689.25
Episode 644 return: -2975242.5
Episode: 644, total reward: 2813689.25
each agent reward: 2813689.25
Episode 645 return: -2993862.0
Episode: 645, total reward: 2814382.25
each agent reward: 2814382.25
Episode 646 return: -3036906.25
Episode: 646, total reward: 2814382.25
each agent reward: 2814382.25
Episode 647 return: -2955997.0
Episode: 647, total reward: 2813689.25
each agent reward: 2813689.25
Episode 648 return: -3552899.5
Episode: 648, total reward: 2813689.25
each agent reward: 2813689.25
Episode 649 return: -2977731.0
Episode: 649, total reward: 2813689.25
each agent reward: 2813689.25
Episode 650 return: -2985857.0
Episode: 650, total reward: 2813689.25
each agent reward: 2813689.25
Episode 651 return: -2973125.25
Episode: 651, total reward: 2813689.25
each agent reward: 2813689.25
Episode 652 return: -2997365.5
Episode: 652, total reward: 2813061.0
each agent reward: 2813061.0
Episode 653 return: -2985138.75
Episode: 653, total reward: 2809141.25
each agent reward: 2809141.25
Episode 654 return: -3059292.0
Episode: 654, total reward: 2813061.0
each agent reward: 2813061.0
Episode 655 return: -2984898.75
Episode: 655, total reward: 2812416.75
each agent reward: 2812416.75
Episode 656 return: -2993755.5
Episode: 656, total reward: 2813689.25
each agent reward: 2813689.25
Episode 657 return: -2985898.75
Episode: 657, total reward: 2813689.25
each agent reward: 2813689.25
Episode 658 return: -2974689.75
Episode: 658, total reward: 2813689.25
each agent reward: 2813689.25
Episode 659 return: -2987215.0
Episode: 659, total reward: 2813689.25
each agent reward: 2813689.25
Episode 660 return: -2968256.25
Episode: 660, total reward: 2813689.25
each agent reward: 2813689.25
Episode 661 return: -2940902.25
Episode: 661, total reward: 2813689.25
each agent reward: 2813689.25
Episode 662 return: -2940675.75
Episode: 662, total reward: 2814382.25
each agent reward: 2814382.25
Episode 663 return: -3000323.25
Episode: 663, total reward: 2814382.25
each agent reward: 2814382.25
Episode 664 return: -2965195.75
Episode: 664, total reward: 2813689.25
each agent reward: 2813689.25
Episode 665 return: -2948994.25
Episode: 665, total reward: 2813689.25
each agent reward: 2813689.25
Episode 666 return: -3012379.75
Episode: 666, total reward: 2813689.25
each agent reward: 2813689.25
Episode 667 return: -2970277.25
Episode: 667, total reward: 2813689.25
each agent reward: 2813689.25
Episode 668 return: -3001220.0
Episode: 668, total reward: 2813689.25
each agent reward: 2813689.25
Episode 669 return: -2944539.25
Episode: 669, total reward: 2813689.25
each agent reward: 2813689.25
Episode 670 return: -3003993.0
Episode: 670, total reward: 2813689.25
each agent reward: 2813689.25
Episode 671 return: -3009558.25
Episode: 671, total reward: 2813689.25
each agent reward: 2813689.25
Episode 672 return: -2963559.0
Episode: 672, total reward: 2813689.25
each agent reward: 2813689.25
Episode 673 return: -2978102.5
Episode: 673, total reward: 2813689.25
each agent reward: 2813689.25
Episode 674 return: -2998546.0
Episode: 674, total reward: 2813689.25
each agent reward: 2813689.25
Episode 675 return: -2999507.0
Episode: 675, total reward: 2813689.25
each agent reward: 2813689.25
Episode 676 return: -2989483.75
Episode: 676, total reward: 2813689.25
each agent reward: 2813689.25
Episode 677 return: -2980998.75
Episode: 677, total reward: 2813689.25
each agent reward: 2813689.25
Episode 678 return: -2989245.5
Episode: 678, total reward: 2813689.25
each agent reward: 2813689.25
Episode 679 return: -2983395.5
Episode: 679, total reward: 2813689.25
each agent reward: 2813689.25
Episode 680 return: -3041650.5
Episode: 680, total reward: 2813689.25
each agent reward: 2813689.25
Episode 681 return: -2989646.0
Episode: 681, total reward: 2813689.25
each agent reward: 2813689.25
Episode 682 return: -3003659.5
Episode: 682, total reward: 2813689.25
each agent reward: 2813689.25
Episode 683 return: -2988394.75
Episode: 683, total reward: 2813689.25
each agent reward: 2813689.25
Episode 684 return: -2995566.0
Episode: 684, total reward: 2813689.25
each agent reward: 2813689.25
Episode 685 return: -3001410.75
Episode: 685, total reward: 2813689.25
each agent reward: 2813689.25
Episode 686 return: -3011264.25
Episode: 686, total reward: 2813689.25
each agent reward: 2813689.25
Episode 687 return: -2980038.0
Episode: 687, total reward: 2813689.25
each agent reward: 2813689.25
Episode 688 return: -2993634.25
Episode: 688, total reward: 2813689.25
each agent reward: 2813689.25
Episode 689 return: -2965633.25
Episode: 689, total reward: 2813689.25
each agent reward: 2813689.25
Episode 690 return: -3008900.0
Episode: 690, total reward: 2813689.25
each agent reward: 2813689.25
Episode 691 return: -3001768.25
Episode: 691, total reward: 2813689.25
each agent reward: 2813689.25
Episode 692 return: -2973609.25
Episode: 692, total reward: 2813689.25
each agent reward: 2813689.25
Episode 693 return: -2991668.0
Episode: 693, total reward: 2813689.25
each agent reward: 2813689.25
Episode 694 return: -2996575.25
Episode: 694, total reward: 2813689.25
each agent reward: 2813689.25
Episode 695 return: -2969574.25
Episode: 695, total reward: 2813689.25
each agent reward: 2813689.25
Episode 696 return: -2994851.75
Episode: 696, total reward: 2813689.25
each agent reward: 2813689.25
Episode 697 return: -2963721.5
Episode: 697, total reward: 2813689.25
each agent reward: 2813689.25
Episode 698 return: -2981212.75
Episode: 698, total reward: 2813689.25
each agent reward: 2813689.25
Episode 699 return: -3012904.25
Episode: 699, total reward: 2813689.25
each agent reward: 2813689.25
Episode 700 return: -3054742.25
Episode: 700, total reward: 2813689.25
each agent reward: 2813689.25
Episode 701 return: -2978583.5
Episode: 701, total reward: 2813689.25
each agent reward: 2813689.25
Episode 702 return: -2967188.0
Episode: 702, total reward: 2813689.25
each agent reward: 2813689.25
Episode 703 return: -2988917.25
Episode: 703, total reward: 2813689.25
each agent reward: 2813689.25
Episode 704 return: -3030990.5
Episode: 704, total reward: 2813689.25
each agent reward: 2813689.25
Episode 705 return: -2988725.5
Episode: 705, total reward: 2813689.25
each agent reward: 2813689.25
Episode 706 return: -2996980.5
Episode: 706, total reward: 2813689.25
each agent reward: 2813689.25
Episode 707 return: -2988442.75
Episode: 707, total reward: 2813689.25
each agent reward: 2813689.25
Episode 708 return: -3009395.0
Episode: 708, total reward: 2813689.25
each agent reward: 2813689.25
Episode 709 return: -2966842.0
Episode: 709, total reward: 2813689.25
each agent reward: 2813689.25
Episode 710 return: -2965934.5
Episode: 710, total reward: 2813061.0
each agent reward: 2813061.0
Episode 711 return: -3004580.5
Episode: 711, total reward: 2814382.25
each agent reward: 2814382.25
Episode 712 return: -2985446.0
Episode: 712, total reward: 2814382.25
each agent reward: 2814382.25
Episode 713 return: -3012204.5
Episode: 713, total reward: 2813689.25
each agent reward: 2813689.25
Episode 714 return: -2998711.5
Episode: 714, total reward: 2813689.25
each agent reward: 2813689.25
Episode 715 return: -2983898.75
Episode: 715, total reward: 2813689.25
each agent reward: 2813689.25
Episode 716 return: -2970410.5
Episode: 716, total reward: 2813689.25
each agent reward: 2813689.25
Episode 717 return: -2987293.0
Episode: 717, total reward: 2813689.25
each agent reward: 2813689.25
Episode 718 return: -3002424.5
Episode: 718, total reward: 2813689.25
each agent reward: 2813689.25
Episode 719 return: -2969820.5
Episode: 719, total reward: 2813689.25
each agent reward: 2813689.25
Episode 720 return: -2981839.25
Episode: 720, total reward: 2813689.25
each agent reward: 2813689.25
Episode 721 return: -2980996.75
Episode: 721, total reward: 2813689.25
each agent reward: 2813689.25
Episode 722 return: -3000403.5
Episode: 722, total reward: 2813689.25
each agent reward: 2813689.25
Episode 723 return: -3032767.75
Episode: 723, total reward: 2813689.25
each agent reward: 2813689.25
Episode 724 return: -3008741.0
Episode: 724, total reward: 2813689.25
each agent reward: 2813689.25
Episode 725 return: -3013618.5
Episode: 725, total reward: 2813689.25
each agent reward: 2813689.25
Episode 726 return: -2990009.5
Episode: 726, total reward: 2813689.25
each agent reward: 2813689.25
Episode 727 return: -3015088.0
Episode: 727, total reward: 2813689.25
each agent reward: 2813689.25
Episode 728 return: -2992593.25
Episode: 728, total reward: 2813689.25
each agent reward: 2813689.25
Episode 729 return: -2993749.75
Episode: 729, total reward: 2813689.25
each agent reward: 2813689.25
Episode 730 return: -3028632.5
Episode: 730, total reward: 2813689.25
each agent reward: 2813689.25
Episode 731 return: -3034769.0
Episode: 731, total reward: 2813689.25
each agent reward: 2813689.25
Episode 732 return: -2975221.0
Episode: 732, total reward: 2814382.25
each agent reward: 2814382.25
Episode 733 return: -2947711.5
Episode: 733, total reward: 2814382.25
each agent reward: 2814382.25
Episode 734 return: -2990938.5
Episode: 734, total reward: 2813689.25
each agent reward: 2813689.25
Episode 735 return: -2999641.0
Episode: 735, total reward: 2813689.25
each agent reward: 2813689.25
Episode 736 return: -2967479.5
Episode: 736, total reward: 2813689.25
each agent reward: 2813689.25
Episode 737 return: -2986897.5
Episode: 737, total reward: 2813689.25
each agent reward: 2813689.25
Episode 738 return: -2956172.0
Episode: 738, total reward: 2813689.25
each agent reward: 2813689.25
Episode 739 return: -3002366.0
Episode: 739, total reward: 2813689.25
each agent reward: 2813689.25
Episode 740 return: -3018966.0
Episode: 740, total reward: 2813689.25
each agent reward: 2813689.25
Episode 741 return: -2983377.5
Episode: 741, total reward: 2813689.25
each agent reward: 2813689.25
Episode 742 return: -2947862.0
Episode: 742, total reward: 2813689.25
each agent reward: 2813689.25
Episode 743 return: -2987341.0
Episode: 743, total reward: 2813689.25
each agent reward: 2813689.25
Episode 744 return: -2986616.0
Episode: 744, total reward: 2813689.25
each agent reward: 2813689.25
Episode 745 return: -2976019.25
Episode: 745, total reward: 2813689.25
each agent reward: 2813689.25
Episode 746 return: -2987666.0
Episode: 746, total reward: 2813689.25
each agent reward: 2813689.25
Episode 747 return: -3004986.25
Episode: 747, total reward: 2813689.25
each agent reward: 2813689.25
Episode 748 return: -2992911.25
Episode: 748, total reward: 2813689.25
each agent reward: 2813689.25
Episode 749 return: -3000059.5
Episode: 749, total reward: 2813689.25
each agent reward: 2813689.25
Episode 750 return: -2973682.25
Episode: 750, total reward: 2813689.25
each agent reward: 2813689.25
Episode 751 return: -3034528.0
Episode: 751, total reward: 2813689.25
each agent reward: 2813689.25
Episode 752 return: -2975454.5
Episode: 752, total reward: 2813689.25
each agent reward: 2813689.25
Episode 753 return: -2973775.0
Episode: 753, total reward: 2813689.25
each agent reward: 2813689.25
Episode 754 return: -2964678.0
Episode: 754, total reward: 2811067.5
each agent reward: 2811067.5
Episode 755 return: -3010878.0
Episode: 755, total reward: 2812653.25
each agent reward: 2812653.25
Episode 756 return: -3027472.75
Episode: 756, total reward: 2811645.75
each agent reward: 2811645.75
Episode 757 return: -2993466.75
Episode: 757, total reward: 2809141.25
each agent reward: 2809141.25
Episode 758 return: -2976048.25
Episode: 758, total reward: 2809141.25
each agent reward: 2809141.25
Episode 759 return: -3038795.0
Episode: 759, total reward: 2810331.75
each agent reward: 2810331.75
Episode 760 return: -2988596.5
Episode: 760, total reward: 2812653.25
each agent reward: 2812653.25
Episode 761 return: -2960292.25
Episode: 761, total reward: 2812653.25
each agent reward: 2812653.25
Episode 762 return: -2981210.75
Episode: 762, total reward: 2812653.25
each agent reward: 2812653.25
Episode 763 return: -2956024.0
Episode: 763, total reward: 2811711.75
each agent reward: 2811711.75
Episode 764 return: -2983298.5
Episode: 764, total reward: 2813689.25
each agent reward: 2813689.25
Episode 765 return: -2993831.0
Episode: 765, total reward: 2813689.25
each agent reward: 2813689.25
Episode 766 return: -2998395.5
Episode: 766, total reward: 2813689.25
each agent reward: 2813689.25
Episode 767 return: -2969905.25
Episode: 767, total reward: 2813689.25
each agent reward: 2813689.25
Episode 768 return: -2981104.5
Episode: 768, total reward: 2814382.25
each agent reward: 2814382.25
Episode 769 return: -2996315.25
Episode: 769, total reward: 2809141.25
each agent reward: 2809141.25
Episode 770 return: -2986209.75
Episode: 770, total reward: 2813033.0
each agent reward: 2813033.0
Episode 771 return: -3011767.5
Episode: 771, total reward: 2814382.25
each agent reward: 2814382.25
Episode 772 return: -2957840.75
Episode: 772, total reward: 2814382.25
each agent reward: 2814382.25
Episode 773 return: -2980138.0
Episode: 773, total reward: 2812653.25
each agent reward: 2812653.25
Episode 774 return: -2992804.0
Episode: 774, total reward: 2809141.25
each agent reward: 2809141.25
Episode 775 return: -2995086.5
Episode: 775, total reward: 2813689.25
each agent reward: 2813689.25
Episode 776 return: -3017272.25
Episode: 776, total reward: 2813689.25
each agent reward: 2813689.25
Episode 777 return: -2968430.25
Episode: 777, total reward: 2813689.25
each agent reward: 2813689.25
Episode 778 return: -3037627.0
Episode: 778, total reward: 2813689.25
each agent reward: 2813689.25
Episode 779 return: -2988845.25
Episode: 779, total reward: 2813689.25
each agent reward: 2813689.25
Episode 780 return: -2985409.25
Episode: 780, total reward: 2813689.25
each agent reward: 2813689.25
Episode 781 return: -2965503.0
Episode: 781, total reward: 2813689.25
each agent reward: 2813689.25
Episode 782 return: -3011010.0
Episode: 782, total reward: 2813689.25
each agent reward: 2813689.25
Episode 783 return: -3007015.5
Episode: 783, total reward: 2813689.25
each agent reward: 2813689.25
Episode 784 return: -2980808.25
Episode: 784, total reward: 2813689.25
each agent reward: 2813689.25
Episode 785 return: -2998661.75
Episode: 785, total reward: 2813689.25
each agent reward: 2813689.25
Episode 786 return: -2997265.0
Episode: 786, total reward: 2813689.25
each agent reward: 2813689.25
Episode 787 return: -2998526.0
Episode: 787, total reward: 2813689.25
each agent reward: 2813689.25
Episode 788 return: -2959864.0
Episode: 788, total reward: 2813689.25
each agent reward: 2813689.25
Episode 789 return: -2984500.0
Episode: 789, total reward: 2813689.25
each agent reward: 2813689.25
Episode 790 return: -2999479.75
Episode: 790, total reward: 2813689.25
each agent reward: 2813689.25
Episode 791 return: -3014706.25
Episode: 791, total reward: 2813689.25
each agent reward: 2813689.25
Episode 792 return: -2990451.5
Episode: 792, total reward: 2813689.25
each agent reward: 2813689.25
Episode 793 return: -2996280.75
Episode: 793, total reward: 2813689.25
each agent reward: 2813689.25
Episode 794 return: -2968966.0
Episode: 794, total reward: 2813689.25
each agent reward: 2813689.25
Episode 795 return: -2976808.5
Episode: 795, total reward: 2813689.25
each agent reward: 2813689.25
Episode 796 return: -2975088.5
Episode: 796, total reward: 2813689.25
each agent reward: 2813689.25
Episode 797 return: -2962747.5
Episode: 797, total reward: 2813689.25
each agent reward: 2813689.25
Episode 798 return: -2961072.75
Episode: 798, total reward: 2813689.25
each agent reward: 2813689.25
Episode 799 return: -2991607.5
Episode: 799, total reward: 2813689.25
each agent reward: 2813689.25
Episode 800 return: -2987210.25
Episode: 800, total reward: 2813689.25
each agent reward: 2813689.25
Episode 801 return: -2983955.5
Episode: 801, total reward: 2813689.25
each agent reward: 2813689.25
Episode 802 return: -2997135.0
Episode: 802, total reward: 2813689.25
each agent reward: 2813689.25
Episode 803 return: -2985787.75
Episode: 803, total reward: 2813689.25
each agent reward: 2813689.25
Episode 804 return: -2970354.75
Episode: 804, total reward: 2813689.25
each agent reward: 2813689.25
Episode 805 return: -2972075.75
Episode: 805, total reward: 2813689.25
each agent reward: 2813689.25
Episode 806 return: -2991728.75
Episode: 806, total reward: 2813689.25
each agent reward: 2813689.25
Episode 807 return: -2960689.75
Episode: 807, total reward: 2813689.25
each agent reward: 2813689.25
Episode 808 return: -3004622.75
Episode: 808, total reward: 2813689.25
each agent reward: 2813689.25
Episode 809 return: -2976919.25
Episode: 809, total reward: 2813689.25
each agent reward: 2813689.25
Episode 810 return: -3000298.25
Episode: 810, total reward: 2813689.25
each agent reward: 2813689.25
Episode 811 return: -2981338.75
Episode: 811, total reward: 2813689.25
each agent reward: 2813689.25
Episode 812 return: -3019304.75
Episode: 812, total reward: 2813689.25
each agent reward: 2813689.25
Episode 813 return: -3005540.5
Episode: 813, total reward: 2813689.25
each agent reward: 2813689.25
Episode 814 return: -3011656.0
Episode: 814, total reward: 2813689.25
each agent reward: 2813689.25
Episode 815 return: -2974701.0
Episode: 815, total reward: 2813689.25
each agent reward: 2813689.25
Episode 816 return: -2981198.5
Episode: 816, total reward: 2813689.25
each agent reward: 2813689.25
Episode 817 return: -3006076.75
Episode: 817, total reward: 2813689.25
each agent reward: 2813689.25
Episode 818 return: -2995960.5
Episode: 818, total reward: 2813689.25
each agent reward: 2813689.25
Episode 819 return: -2985604.25
Episode: 819, total reward: 2813689.25
each agent reward: 2813689.25
Episode 820 return: -2984864.0
Episode: 820, total reward: 2813689.25
each agent reward: 2813689.25
Episode 821 return: -3004801.5
Episode: 821, total reward: 2813689.25
each agent reward: 2813689.25
Episode 822 return: -2961624.75
Episode: 822, total reward: 2813689.25
each agent reward: 2813689.25
Episode 823 return: -2991003.25
Episode: 823, total reward: 2813689.25
each agent reward: 2813689.25
Episode 824 return: -2975684.75
Episode: 824, total reward: 2813689.25
each agent reward: 2813689.25
Episode 825 return: -2997287.25
Episode: 825, total reward: 2813689.25
each agent reward: 2813689.25
Episode 826 return: -2978308.0
Episode: 826, total reward: 2814382.25
each agent reward: 2814382.25
Episode 827 return: -3001415.75
Episode: 827, total reward: 2813033.0
each agent reward: 2813033.0
Episode 828 return: -3001173.75
Episode: 828, total reward: 2811711.75
each agent reward: 2811711.75
Episode 829 return: -2951661.5
Episode: 829, total reward: 2813033.0
each agent reward: 2813033.0
Episode 830 return: -2990255.0
Episode: 830, total reward: 2813689.25
each agent reward: 2813689.25
Episode 831 return: -2986475.25
Episode: 831, total reward: 2813689.25
each agent reward: 2813689.25
Episode 832 return: -2985973.0
Episode: 832, total reward: 2813689.25
each agent reward: 2813689.25
Episode 833 return: -3017697.75
Episode: 833, total reward: 2813689.25
each agent reward: 2813689.25
Episode 834 return: -2950537.75
Episode: 834, total reward: 2813689.25
each agent reward: 2813689.25
Episode 835 return: -2995250.0
Episode: 835, total reward: 2813689.25
each agent reward: 2813689.25
Episode 836 return: -2977992.5
Episode: 836, total reward: 2813689.25
each agent reward: 2813689.25
Episode 837 return: -2978249.0
Episode: 837, total reward: 2813689.25
each agent reward: 2813689.25
Episode 838 return: -2970418.5
Episode: 838, total reward: 2813689.25
each agent reward: 2813689.25
Episode 839 return: -3002961.75
Episode: 839, total reward: 2813689.25
each agent reward: 2813689.25
Episode 840 return: -2977078.0
Episode: 840, total reward: 2813689.25
each agent reward: 2813689.25
Episode 841 return: -2970675.5
Episode: 841, total reward: 2813689.25
each agent reward: 2813689.25
Episode 842 return: -2999636.5
Episode: 842, total reward: 2813689.25
each agent reward: 2813689.25
Episode 843 return: -2987660.75
Episode: 843, total reward: 2813689.25
each agent reward: 2813689.25
Episode 844 return: -3013174.75
Episode: 844, total reward: 2813689.25
each agent reward: 2813689.25
Episode 845 return: -3031302.25
Episode: 845, total reward: 2813689.25
each agent reward: 2813689.25
Episode 846 return: -2984004.0
Episode: 846, total reward: 2813689.25
each agent reward: 2813689.25
Episode 847 return: -2992284.5
Episode: 847, total reward: 2813689.25
each agent reward: 2813689.25
Episode 848 return: -3006103.0
Episode: 848, total reward: 2813689.25
each agent reward: 2813689.25
Episode 849 return: -2971299.5
Episode: 849, total reward: 2813689.25
each agent reward: 2813689.25
Episode 850 return: -2989714.75
Episode: 850, total reward: 2813689.25
each agent reward: 2813689.25
Episode 851 return: -2983917.25
Episode: 851, total reward: 2813689.25
each agent reward: 2813689.25
Episode 852 return: -2981895.0
Episode: 852, total reward: 2813689.25
each agent reward: 2813689.25
Episode 853 return: -2966700.0
Episode: 853, total reward: 2813689.25
each agent reward: 2813689.25
Episode 854 return: -2979357.25
Episode: 854, total reward: 2813689.25
each agent reward: 2813689.25
Episode 855 return: -2979830.75
Episode: 855, total reward: 2813689.25
each agent reward: 2813689.25
Episode 856 return: -2954086.0
Episode: 856, total reward: 2813689.25
each agent reward: 2813689.25
Episode 857 return: -3022699.75
Episode: 857, total reward: 2813689.25
each agent reward: 2813689.25
Episode 858 return: -2975590.75
Episode: 858, total reward: 2813689.25
each agent reward: 2813689.25
Episode 859 return: -2986112.75
Episode: 859, total reward: 2813689.25
each agent reward: 2813689.25
Episode 860 return: -3026850.0
Episode: 860, total reward: 2813689.25
each agent reward: 2813689.25
Episode 861 return: -2985240.75
Episode: 861, total reward: 2813689.25
each agent reward: 2813689.25
Episode 862 return: -2990482.0
Episode: 862, total reward: 2813689.25
each agent reward: 2813689.25
Episode 863 return: -3028377.5
Episode: 863, total reward: 2813689.25
each agent reward: 2813689.25
Episode 864 return: -2992750.75
Episode: 864, total reward: 2813689.25
each agent reward: 2813689.25
Episode 865 return: -2987882.25
Episode: 865, total reward: 2813689.25
each agent reward: 2813689.25
Episode 866 return: -3010889.5
Episode: 866, total reward: 2813689.25
each agent reward: 2813689.25
Episode 867 return: -3009881.25
Episode: 867, total reward: 2813689.25
each agent reward: 2813689.25
Episode 868 return: -2983077.5
Episode: 868, total reward: 2813689.25
each agent reward: 2813689.25
Episode 869 return: -2985459.5
Episode: 869, total reward: 2814382.25
each agent reward: 2814382.25
Episode 870 return: -3007324.0
Episode: 870, total reward: 2814382.25
each agent reward: 2814382.25
Episode 871 return: -2971602.75
Episode: 871, total reward: 2813689.25
each agent reward: 2813689.25
Episode 872 return: -3010619.25
Episode: 872, total reward: 2813689.25
each agent reward: 2813689.25
Episode 873 return: -2982629.75
Episode: 873, total reward: 2813689.25
each agent reward: 2813689.25
Episode 874 return: -2990042.25
Episode: 874, total reward: 2813689.25
each agent reward: 2813689.25
Episode 875 return: -2971791.0
Episode: 875, total reward: 2813689.25
each agent reward: 2813689.25
Episode 876 return: -3000014.75
Episode: 876, total reward: 2813689.25
each agent reward: 2813689.25
Episode 877 return: -2976832.75
Episode: 877, total reward: 2813689.25
each agent reward: 2813689.25
Episode 878 return: -2992091.25
Episode: 878, total reward: 2813689.25
each agent reward: 2813689.25
Episode 879 return: -3020233.0
Episode: 879, total reward: 2813689.25
each agent reward: 2813689.25
Episode 880 return: -2994956.75
Episode: 880, total reward: 2813689.25
each agent reward: 2813689.25
Episode 881 return: -3014708.0
Episode: 881, total reward: 2813689.25
each agent reward: 2813689.25
Episode 882 return: -2973932.5
Episode: 882, total reward: 2813689.25
each agent reward: 2813689.25
Episode 883 return: -2986324.25
Episode: 883, total reward: 2815797.0
each agent reward: 2815797.0
Episode 884 return: -2997691.5
Episode: 884, total reward: 2815797.0
each agent reward: 2815797.0
Episode 885 return: -3003642.0
Episode: 885, total reward: 2813689.25
each agent reward: 2813689.25
Episode 886 return: -3003174.75
Episode: 886, total reward: 2813689.25
each agent reward: 2813689.25
Episode 887 return: -2964251.25
Episode: 887, total reward: 2813689.25
each agent reward: 2813689.25
Episode 888 return: -2962722.25
Episode: 888, total reward: 2813689.25
each agent reward: 2813689.25
Episode 889 return: -2975573.25
Episode: 889, total reward: 2813689.25
each agent reward: 2813689.25
Episode 890 return: -2982021.5
Episode: 890, total reward: 2813689.25
each agent reward: 2813689.25
Episode 891 return: -2963487.25
Episode: 891, total reward: 2813689.25
each agent reward: 2813689.25
Episode 892 return: -2999591.0
Episode: 892, total reward: 2813689.25
each agent reward: 2813689.25
Episode 893 return: -3023128.0
Episode: 893, total reward: 2813689.25
each agent reward: 2813689.25
Episode 894 return: -2980176.75
Episode: 894, total reward: 2813689.25
each agent reward: 2813689.25
Episode 895 return: -3004873.25
Episode: 895, total reward: 2813689.25
each agent reward: 2813689.25
Episode 896 return: -2997789.75
Episode: 896, total reward: 2813689.25
each agent reward: 2813689.25
Episode 897 return: -2973976.0
Episode: 897, total reward: 2813689.25
each agent reward: 2813689.25
Episode 898 return: -2987132.5
Episode: 898, total reward: 2813689.25
each agent reward: 2813689.25
Episode 899 return: -2938810.25
Episode: 899, total reward: 2813689.25
each agent reward: 2813689.25
Episode 900 return: -2980131.75
Episode: 900, total reward: 2813689.25
each agent reward: 2813689.25
Episode 901 return: -3011391.25
Episode: 901, total reward: 2815797.0
each agent reward: 2815797.0
Episode 902 return: -3000567.0
Episode: 902, total reward: 2815797.0
each agent reward: 2815797.0
Episode 903 return: -3018254.25
Episode: 903, total reward: 2815797.0
each agent reward: 2815797.0
Episode 904 return: -2993810.25
Episode: 904, total reward: 2815797.0
each agent reward: 2815797.0
Episode 905 return: -3014800.0
Episode: 905, total reward: 2815797.0
each agent reward: 2815797.0
Episode 906 return: -2969915.0
Episode: 906, total reward: 2815797.0
each agent reward: 2815797.0
Episode 907 return: -2975068.0
Episode: 907, total reward: 2815797.0
each agent reward: 2815797.0
Episode 908 return: -2969674.5
Episode: 908, total reward: 2815797.0
each agent reward: 2815797.0
Episode 909 return: -2976328.0
Episode: 909, total reward: 2815797.0
each agent reward: 2815797.0
Episode 910 return: -3009426.25
Episode: 910, total reward: 2815797.0
each agent reward: 2815797.0
Episode 911 return: -2976871.5
Episode: 911, total reward: 2815797.0
each agent reward: 2815797.0
Episode 912 return: -3024531.75
Episode: 912, total reward: 2813689.25
each agent reward: 2813689.25
Episode 913 return: -2982582.75
Episode: 913, total reward: 2815797.0
each agent reward: 2815797.0
Episode 914 return: -2959453.25
Episode: 914, total reward: 2815797.0
each agent reward: 2815797.0
Episode 915 return: -2976576.75
Episode: 915, total reward: 2815797.0
each agent reward: 2815797.0
Episode 916 return: -2988851.5
Episode: 916, total reward: 2815797.0
each agent reward: 2815797.0
Episode 917 return: -2963543.25
Episode: 917, total reward: 2815797.0
each agent reward: 2815797.0
Episode 918 return: -2982756.5
Episode: 918, total reward: 2815797.0
each agent reward: 2815797.0
Episode 919 return: -2980999.25
Episode: 919, total reward: 2815797.0
each agent reward: 2815797.0
Episode 920 return: -3013772.5
Episode: 920, total reward: 2815797.0
each agent reward: 2815797.0
Episode 921 return: -2967829.5
Episode: 921, total reward: 2815797.0
each agent reward: 2815797.0
Episode 922 return: -2983285.75
Episode: 922, total reward: 2815797.0
each agent reward: 2815797.0
Episode 923 return: -2990826.25
Episode: 923, total reward: 2815797.0
each agent reward: 2815797.0
Episode 924 return: -2976246.0
Episode: 924, total reward: 2815797.0
each agent reward: 2815797.0
Episode 925 return: -3000800.25
Episode: 925, total reward: 2815797.0
each agent reward: 2815797.0
Episode 926 return: -2987767.75
Episode: 926, total reward: 2815797.0
each agent reward: 2815797.0
Episode 927 return: -2977179.5
Episode: 927, total reward: 2815797.0
each agent reward: 2815797.0
Episode 928 return: -2999852.75
Episode: 928, total reward: 2815797.0
each agent reward: 2815797.0
Episode 929 return: -2978674.75
Episode: 929, total reward: 2815797.0
each agent reward: 2815797.0
Episode 930 return: -2999004.75
Episode: 930, total reward: 2815797.0
each agent reward: 2815797.0
Episode 931 return: -2990618.0
Episode: 931, total reward: 2815797.0
each agent reward: 2815797.0
Episode 932 return: -2993258.75
Episode: 932, total reward: 2815797.0
each agent reward: 2815797.0
Episode 933 return: -2983321.5
Episode: 933, total reward: 2815797.0
each agent reward: 2815797.0
Episode 934 return: -2981695.75
Episode: 934, total reward: 2815797.0
each agent reward: 2815797.0
Episode 935 return: -2989104.25
Episode: 935, total reward: 2815797.0
each agent reward: 2815797.0
Episode 936 return: -2965377.0
Episode: 936, total reward: 2815797.0
each agent reward: 2815797.0
Episode 937 return: -3048752.25
Episode: 937, total reward: 2815797.0
each agent reward: 2815797.0
Episode 938 return: -2974701.5
Episode: 938, total reward: 2815797.0
each agent reward: 2815797.0
Episode 939 return: -2955828.5
Episode: 939, total reward: 2815797.0
each agent reward: 2815797.0
Episode 940 return: -2976327.5
Episode: 940, total reward: 2815797.0
each agent reward: 2815797.0
Episode 941 return: -2974790.5
Episode: 941, total reward: 2815797.0
each agent reward: 2815797.0
Episode 942 return: -2998896.5
Episode: 942, total reward: 2813689.25
each agent reward: 2813689.25
Episode 943 return: -2963469.5
Episode: 943, total reward: 2813689.25
each agent reward: 2813689.25
Episode 944 return: -2989025.25
Episode: 944, total reward: 2813689.25
each agent reward: 2813689.25
Episode 945 return: -2996383.0
Episode: 945, total reward: 2813689.25
each agent reward: 2813689.25
Episode 946 return: -2945603.75
Episode: 946, total reward: 2815797.0
each agent reward: 2815797.0
Episode 947 return: -3003961.75
Episode: 947, total reward: 2815797.0
each agent reward: 2815797.0
Episode 948 return: -2973846.5
Episode: 948, total reward: 2815797.0
each agent reward: 2815797.0
Episode 949 return: -2964680.75
Episode: 949, total reward: 2815797.0
each agent reward: 2815797.0
Episode 950 return: -3025477.75
Episode: 950, total reward: 2815797.0
each agent reward: 2815797.0
Episode 951 return: -2984270.0
Episode: 951, total reward: 2815797.0
each agent reward: 2815797.0
Episode 952 return: -3007840.75
Episode: 952, total reward: 2815797.0
each agent reward: 2815797.0
Episode 953 return: -2981438.25
Episode: 953, total reward: 2815797.0
each agent reward: 2815797.0
Episode 954 return: -2995011.5
Episode: 954, total reward: 2815797.0
each agent reward: 2815797.0
Episode 955 return: -3011508.0
Episode: 955, total reward: 2815797.0
each agent reward: 2815797.0
Episode 956 return: -3016547.0
Episode: 956, total reward: 2815797.0
each agent reward: 2815797.0
Episode 957 return: -2977567.75
Episode: 957, total reward: 2815797.0
each agent reward: 2815797.0
Episode 958 return: -2998865.5
Episode: 958, total reward: 2815797.0
each agent reward: 2815797.0
Episode 959 return: -2977097.25
Episode: 959, total reward: 2815797.0
each agent reward: 2815797.0
Episode 960 return: -2990819.0
Episode: 960, total reward: 2815797.0
each agent reward: 2815797.0
Episode 961 return: -3010711.75
Episode: 961, total reward: 2815797.0
each agent reward: 2815797.0
Episode 962 return: -2989903.5
Episode: 962, total reward: 2815797.0
each agent reward: 2815797.0
Episode 963 return: -2978431.25
Episode: 963, total reward: 2815797.0
each agent reward: 2815797.0
Episode 964 return: -3014487.75
Episode: 964, total reward: 2815797.0
each agent reward: 2815797.0
Episode 965 return: -2988775.75
Episode: 965, total reward: 2815797.0
each agent reward: 2815797.0
Episode 966 return: -3003207.25
Episode: 966, total reward: 2815797.0
each agent reward: 2815797.0
Episode 967 return: -2963763.5
Episode: 967, total reward: 2815797.0
each agent reward: 2815797.0
Episode 968 return: -2980947.75
Episode: 968, total reward: 2815797.0
each agent reward: 2815797.0
Episode 969 return: -2992108.75
Episode: 969, total reward: 2815797.0
each agent reward: 2815797.0
Episode 970 return: -2979130.0
Episode: 970, total reward: 2815797.0
each agent reward: 2815797.0
Episode 971 return: -2993945.25
Episode: 971, total reward: 2815797.0
each agent reward: 2815797.0
Episode 972 return: -3009303.25
Episode: 972, total reward: 2815797.0
each agent reward: 2815797.0
Episode 973 return: -2993506.25
Episode: 973, total reward: 2815351.25
each agent reward: 2815351.25
Episode 974 return: -2986040.75
Episode: 974, total reward: 2812653.25
each agent reward: 2812653.25
Episode 975 return: -2984679.0
Episode: 975, total reward: 2813572.0
each agent reward: 2813572.0
Episode 976 return: -2996830.75
Episode: 976, total reward: 2813572.0
each agent reward: 2813572.0
Episode 977 return: -2996427.0
Episode: 977, total reward: 2813385.75
each agent reward: 2813385.75
Episode 978 return: -2981964.25
Episode: 978, total reward: 2815797.0
each agent reward: 2815797.0
Episode 979 return: -2956588.0
Episode: 979, total reward: 2815797.0
each agent reward: 2815797.0
Episode 980 return: -2958119.5
Episode: 980, total reward: 2815797.0
each agent reward: 2815797.0
Episode 981 return: -3016967.5
Episode: 981, total reward: 2815797.0
each agent reward: 2815797.0
Episode 982 return: -2990846.5
Episode: 982, total reward: 2815797.0
each agent reward: 2815797.0
Episode 983 return: -2992098.5
Episode: 983, total reward: 2815797.0
each agent reward: 2815797.0
Episode 984 return: -2982586.75
Episode: 984, total reward: 2815797.0
each agent reward: 2815797.0
Episode 985 return: -2994456.5
Episode: 985, total reward: 2815797.0
each agent reward: 2815797.0
Episode 986 return: -2981416.5
Episode: 986, total reward: 2815797.0
each agent reward: 2815797.0
Episode 987 return: -3016423.5
Episode: 987, total reward: 2815797.0
each agent reward: 2815797.0
Episode 988 return: -2986388.75
Episode: 988, total reward: 2815797.0
each agent reward: 2815797.0
Episode 989 return: -3010744.5
Episode: 989, total reward: 2815797.0
each agent reward: 2815797.0
Episode 990 return: -2987049.75
Episode: 990, total reward: 2815797.0
each agent reward: 2815797.0
Episode 991 return: -3008665.25
Episode: 991, total reward: 2815797.0
each agent reward: 2815797.0
Episode 992 return: -2976691.5
Episode: 992, total reward: 2815797.0
each agent reward: 2815797.0
Episode 993 return: -3022070.75
Episode: 993, total reward: 2815797.0
each agent reward: 2815797.0
Episode 994 return: -2977852.75
Episode: 994, total reward: 2815797.0
each agent reward: 2815797.0
Episode 995 return: -3015456.75
Episode: 995, total reward: 2813385.75
each agent reward: 2813385.75
Episode 996 return: -3004317.25
Episode: 996, total reward: 2813385.75
each agent reward: 2813385.75
Episode 997 return: -2986154.25
Episode: 997, total reward: 2815343.0
each agent reward: 2815343.0
Episode 998 return: -3005230.25
Episode: 998, total reward: 2815351.25
each agent reward: 2815351.25
Episode 999 return: -3001487.75
Episode: 999, total reward: 2813572.0
each agent reward: 2813572.0
