Episode: -1, total reward: 1199648.375
each agent reward: 1199648.375
Episode: 1, total reward: 371944.75
each agent reward: 371944.75
Episode 0 return: -700597.3125
Episode: 0, total reward: 371944.75
each agent reward: 371944.75
Episode 1 return: -748949.75
Episode: 1, total reward: 371944.75
each agent reward: 371944.75
Episode 2 return: -683363.125
Episode: 2, total reward: 371944.75
each agent reward: 371944.75
Episode 3 return: -742515.25
Episode: 3, total reward: 371944.75
each agent reward: 371944.75
Episode 4 return: -690167.1875
Episode: 4, total reward: 371944.75
each agent reward: 371944.75
Episode 5 return: -673270.6875
Episode: 5, total reward: 371944.75
each agent reward: 371944.75
Episode 6 return: -715414.4375
Episode: 6, total reward: 371944.75
each agent reward: 371944.75
Episode 7 return: -721725.1875
Episode: 7, total reward: 371944.75
each agent reward: 371944.75
Episode 8 return: -700420.375
Episode: 8, total reward: 371944.75
each agent reward: 371944.75
Episode 9 return: -657247.5
Episode: 9, total reward: 371944.75
each agent reward: 371944.75
Episode 10 return: -717673.0625
Episode: 10, total reward: 371944.75
each agent reward: 371944.75
Episode 11 return: -734391.5
Episode: 11, total reward: 371944.75
each agent reward: 371944.75
Episode 12 return: -903767.25
Episode: 12, total reward: 1621679.375
each agent reward: 1621679.375
Episode 13 return: -972595.0
Episode: 13, total reward: 1621679.375
each agent reward: 1621679.375
Episode 14 return: -947480.9375
Episode: 14, total reward: 729007.125
each agent reward: 729007.125
Episode 15 return: -1057457.875
Episode: 15, total reward: 729007.125
each agent reward: 729007.125
Episode 16 return: -1065934.0
Episode: 16, total reward: 729007.125
each agent reward: 729007.125
Episode 17 return: -990106.625
Episode: 17, total reward: 729007.125
each agent reward: 729007.125
Episode 18 return: -966850.0625
Episode: 18, total reward: 729007.125
each agent reward: 729007.125
Episode 19 return: -994143.6875
Episode: 19, total reward: 729007.125
each agent reward: 729007.125
Episode 20 return: -962592.125
Episode: 20, total reward: 729007.125
each agent reward: 729007.125
Episode 21 return: -985417.4375
Episode: 21, total reward: 729007.125
each agent reward: 729007.125
Episode 22 return: -1008506.25
Episode: 22, total reward: 729007.125
each agent reward: 729007.125
Episode 23 return: -980732.375
Episode: 23, total reward: 729007.125
each agent reward: 729007.125
Episode 24 return: -981218.75
Episode: 24, total reward: 729007.125
each agent reward: 729007.125
Episode 25 return: -972095.0
Episode: 25, total reward: 729007.125
each agent reward: 729007.125
Episode 26 return: -973750.0625
Episode: 26, total reward: 729007.125
each agent reward: 729007.125
Episode 27 return: -983605.625
Episode: 27, total reward: 1621679.375
each agent reward: 1621679.375
Episode 28 return: -975037.375
Episode: 28, total reward: 1621679.375
each agent reward: 1621679.375
Episode 29 return: -990080.625
Episode: 29, total reward: 1621679.375
each agent reward: 1621679.375
Episode 30 return: -1012505.875
Episode: 30, total reward: 1621679.375
each agent reward: 1621679.375
Episode 31 return: -1036568.375
Episode: 31, total reward: 1621679.375
each agent reward: 1621679.375
Episode 32 return: -1033386.5625
Episode: 32, total reward: 1621679.375
each agent reward: 1621679.375
Episode 33 return: -1002522.0
Episode: 33, total reward: 1621679.375
each agent reward: 1621679.375
Episode 34 return: -1006767.75
Episode: 34, total reward: 1621679.375
each agent reward: 1621679.375
Episode 35 return: -1892344.0
Episode: 35, total reward: 1621679.375
each agent reward: 1621679.375
Episode 36 return: -965745.5625
Episode: 36, total reward: 1621679.375
each agent reward: 1621679.375
Episode 37 return: -1003001.75
Episode: 37, total reward: 1621679.375
each agent reward: 1621679.375
Episode 38 return: -987460.0625
Episode: 38, total reward: 1621679.375
each agent reward: 1621679.375
Episode 39 return: -1011888.0
Episode: 39, total reward: 1621679.375
each agent reward: 1621679.375
Episode 40 return: -978455.875
Episode: 40, total reward: 1621679.375
each agent reward: 1621679.375
Episode 41 return: -983839.25
Episode: 41, total reward: 1621679.375
each agent reward: 1621679.375
Episode 42 return: -958719.8125
Episode: 42, total reward: 1621679.375
each agent reward: 1621679.375
Episode 43 return: -965977.5
Episode: 43, total reward: 1621679.375
each agent reward: 1621679.375
Episode 44 return: -952045.5
Episode: 44, total reward: 1621679.375
each agent reward: 1621679.375
Episode 45 return: -973454.5625
Episode: 45, total reward: 1621679.375
each agent reward: 1621679.375
Episode 46 return: -901849.6875
Episode: 46, total reward: 1621679.375
each agent reward: 1621679.375
Episode 47 return: -958274.625
Episode: 47, total reward: 1621679.375
each agent reward: 1621679.375
Episode 48 return: -979113.0
Episode: 48, total reward: 1621679.375
each agent reward: 1621679.375
Episode 49 return: -943662.6875
Episode: 49, total reward: 1621679.375
each agent reward: 1621679.375
Episode 50 return: -997675.875
Episode: 50, total reward: 1621679.375
each agent reward: 1621679.375
Episode 51 return: -974033.9375
Episode: 51, total reward: 1621679.375
each agent reward: 1621679.375
Episode 52 return: -992900.75
Episode: 52, total reward: 1621679.375
each agent reward: 1621679.375
Episode 53 return: -1021912.3125
Episode: 53, total reward: 1621679.375
each agent reward: 1621679.375
Episode 54 return: -943196.0625
Episode: 54, total reward: 1621679.375
each agent reward: 1621679.375
Episode 55 return: -945596.0
Episode: 55, total reward: 1621679.375
each agent reward: 1621679.375
Episode 56 return: -978265.3125
Episode: 56, total reward: 1621679.375
each agent reward: 1621679.375
Episode 57 return: -971389.1875
Episode: 57, total reward: 1621679.375
each agent reward: 1621679.375
Episode 58 return: -966156.0
Episode: 58, total reward: 1621679.375
each agent reward: 1621679.375
Episode 59 return: -952389.3125
Episode: 59, total reward: 1621679.375
each agent reward: 1621679.375
Episode 60 return: -983150.375
Episode: 60, total reward: 1621679.375
each agent reward: 1621679.375
Episode 61 return: -981024.6875
Episode: 61, total reward: 1621679.375
each agent reward: 1621679.375
Episode 62 return: -896067.25
Episode: 62, total reward: 1621679.375
each agent reward: 1621679.375
Episode 63 return: -1014222.5625
Episode: 63, total reward: 1621679.375
each agent reward: 1621679.375
Episode 64 return: -1007006.75
Episode: 64, total reward: 1621679.375
each agent reward: 1621679.375
Episode 65 return: -925754.75
Episode: 65, total reward: 1621679.375
each agent reward: 1621679.375
Episode 66 return: -905936.8125
Episode: 66, total reward: 1622132.875
each agent reward: 1622132.875
Episode 67 return: -952882.625
Episode: 67, total reward: 1622608.125
each agent reward: 1622608.125
Episode 68 return: -912329.625
Episode: 68, total reward: 1622999.0
each agent reward: 1622999.0
Episode 69 return: -947723.125
Episode: 69, total reward: 1625254.625
each agent reward: 1625254.625
Episode 70 return: -1038004.1875
Episode: 70, total reward: 1625254.625
each agent reward: 1625254.625
Episode 71 return: -962915.9375
Episode: 71, total reward: 1623907.625
each agent reward: 1623907.625
Episode 72 return: -981068.125
Episode: 72, total reward: 1623933.375
each agent reward: 1623933.375
Episode 73 return: -946731.5625
Episode: 73, total reward: 1624347.875
each agent reward: 1624347.875
Episode 74 return: -982764.6875
Episode: 74, total reward: 1624436.375
each agent reward: 1624436.375
Episode 75 return: -930991.6875
Episode: 75, total reward: 1624436.375
each agent reward: 1624436.375
Episode 76 return: -1027016.5
Episode: 76, total reward: 1625254.875
each agent reward: 1625254.875
Episode 77 return: -931859.0
Episode: 77, total reward: 1624253.875
each agent reward: 1624253.875
Episode 78 return: -945309.0625
Episode: 78, total reward: 1625254.625
each agent reward: 1625254.625
Episode 79 return: -920354.5625
Episode: 79, total reward: 1625254.625
each agent reward: 1625254.625
Episode 80 return: -923965.125
Episode: 80, total reward: 1625254.625
each agent reward: 1625254.625
Episode 81 return: -877611.625
Episode: 81, total reward: 1625254.625
each agent reward: 1625254.625
Episode 82 return: -973735.3125
Episode: 82, total reward: 1624860.375
each agent reward: 1624860.375
Episode 83 return: -910206.625
Episode: 83, total reward: 1624767.125
each agent reward: 1624767.125
Episode 84 return: -903472.9375
Episode: 84, total reward: 1621562.625
each agent reward: 1621562.625
Episode 85 return: -877508.125
Episode: 85, total reward: 1621562.625
each agent reward: 1621562.625
Episode 86 return: -887914.75
Episode: 86, total reward: 728114.5
each agent reward: 728114.5
Episode 87 return: -894465.8125
Episode: 87, total reward: 723111.1875
each agent reward: 723111.1875
Episode 88 return: -846173.25
Episode: 88, total reward: 695380.9375
each agent reward: 695380.9375
Episode 89 return: -903732.1875
Episode: 89, total reward: 680939.75
each agent reward: 680939.75
Episode 90 return: -970438.6875
Episode: 90, total reward: 680939.75
each agent reward: 680939.75
Episode 91 return: -901588.375
Episode: 91, total reward: 652472.375
each agent reward: 652472.375
Episode 92 return: -843210.875
Episode: 92, total reward: 602178.875
each agent reward: 602178.875
Episode 93 return: -911918.75
Episode: 93, total reward: 578683.625
each agent reward: 578683.625
Episode 94 return: -901066.8125
Episode: 94, total reward: 573905.375
each agent reward: 573905.375
Episode 95 return: -941697.6875
Episode: 95, total reward: 573905.375
each agent reward: 573905.375
Episode 96 return: -961746.5
Episode: 96, total reward: 543574.75
each agent reward: 543574.75
Episode 97 return: -868631.125
Episode: 97, total reward: 533790.9375
each agent reward: 533790.9375
Episode 98 return: -970529.0625
Episode: 98, total reward: 517889.78125
each agent reward: 517889.78125
Episode 99 return: -940100.25
Episode: 99, total reward: 498585.625
each agent reward: 498585.625
Episode 100 return: -1025710.25
Episode: 100, total reward: 498585.625
each agent reward: 498585.625
Episode 101 return: -939718.3125
Episode: 101, total reward: 493545.4375
each agent reward: 493545.4375
Episode 102 return: -967114.9375
Episode: 102, total reward: 494197.9375
each agent reward: 494197.9375
Episode 103 return: -987824.5625
Episode: 103, total reward: 495051.75
each agent reward: 495051.75
Episode 104 return: -969792.9375
Episode: 104, total reward: 494682.3125
each agent reward: 494682.3125
Episode 105 return: -1950675.875
Episode: 105, total reward: 494682.3125
each agent reward: 494682.3125
Episode 106 return: -1023839.625
Episode: 106, total reward: 1415630.125
each agent reward: 1415630.125
Episode 107 return: -1000024.3125
Episode: 107, total reward: 1420247.0
each agent reward: 1420247.0
Episode 108 return: -1049759.75
Episode: 108, total reward: 1421541.0
each agent reward: 1421541.0
Episode 109 return: -1060051.375
Episode: 109, total reward: 1452483.875
each agent reward: 1452483.875
Episode 110 return: -1076653.75
Episode: 110, total reward: 1452483.875
each agent reward: 1452483.875
Episode 111 return: -1142258.25
Episode: 111, total reward: 1453102.125
each agent reward: 1453102.125
Episode 112 return: -1171015.875
Episode: 112, total reward: 1450360.5
each agent reward: 1450360.5
Episode 113 return: -1117111.375
Episode: 113, total reward: 1454524.875
each agent reward: 1454524.875
Episode 114 return: -1235655.625
Episode: 114, total reward: 1426942.25
each agent reward: 1426942.25
Episode 115 return: -1223609.125
Episode: 115, total reward: 1426942.25
each agent reward: 1426942.25
Episode 116 return: -1196628.625
Episode: 116, total reward: 1426558.25
each agent reward: 1426558.25
Episode 117 return: -1275543.5
Episode: 117, total reward: 1426285.625
each agent reward: 1426285.625
Episode 118 return: -1332070.625
Episode: 118, total reward: 1427576.625
each agent reward: 1427576.625
Episode 119 return: -1323267.5
Episode: 119, total reward: 1427986.5
each agent reward: 1427986.5
Episode 120 return: -1325597.75
Episode: 120, total reward: 1427986.5
each agent reward: 1427986.5
Episode 121 return: -1328430.875
Episode: 121, total reward: 1426979.375
each agent reward: 1426979.375
Episode 122 return: -1373036.875
Episode: 122, total reward: 1425545.625
each agent reward: 1425545.625
Episode 123 return: -1360624.75
Episode: 123, total reward: 1454129.5
each agent reward: 1454129.5
Episode 124 return: -1392163.0
Episode: 124, total reward: 505302.40625
each agent reward: 505302.40625
Episode 125 return: -1342806.125
Episode: 125, total reward: 505302.40625
each agent reward: 505302.40625
Episode 126 return: -1568425.375
Episode: 126, total reward: 505163.625
each agent reward: 505163.625
Episode 127 return: -1495772.875
Episode: 127, total reward: 503247.3125
each agent reward: 503247.3125
Episode 128 return: -1578546.875
Episode: 128, total reward: 505378.8125
each agent reward: 505378.8125
Episode 129 return: -1550209.625
Episode: 129, total reward: 506163.9375
each agent reward: 506163.9375
Episode 130 return: -1560338.375
Episode: 130, total reward: 506163.9375
each agent reward: 506163.9375
Episode 131 return: -1451433.875
Episode: 131, total reward: 499249.375
each agent reward: 499249.375
Episode 132 return: -1492330.0
Episode: 132, total reward: 492776.6875
each agent reward: 492776.6875
Episode 133 return: -1458917.25
Episode: 133, total reward: 1394672.5
each agent reward: 1394672.5
Episode 134 return: -1525668.125
Episode: 134, total reward: 1378270.75
each agent reward: 1378270.75
Episode 135 return: -1714254.625
Episode: 135, total reward: 1378270.75
each agent reward: 1378270.75
Episode 136 return: -1581444.625
Episode: 136, total reward: 1381281.375
each agent reward: 1381281.375
Episode 137 return: -1534285.0
Episode: 137, total reward: 1379891.0
each agent reward: 1379891.0
Episode 138 return: -1675482.125
Episode: 138, total reward: 1381055.125
each agent reward: 1381055.125
Episode 139 return: -1697884.0
Episode: 139, total reward: 1380941.625
each agent reward: 1380941.625
Episode 140 return: -1656819.0
Episode: 140, total reward: 1380941.625
each agent reward: 1380941.625
Episode 141 return: -1637286.375
Episode: 141, total reward: 1365941.0
each agent reward: 1365941.0
Episode 142 return: -1665009.25
Episode: 142, total reward: 1346513.125
each agent reward: 1346513.125
Episode 143 return: -1671740.75
Episode: 143, total reward: 424308.3125
each agent reward: 424308.3125
Episode 144 return: -1591095.0
Episode: 144, total reward: 426364.25
each agent reward: 426364.25
Episode 145 return: -1513872.875
Episode: 145, total reward: 426364.25
each agent reward: 426364.25
Episode 146 return: -1570141.5
Episode: 146, total reward: 425215.53125
each agent reward: 425215.53125
Episode 147 return: -1623792.25
Episode: 147, total reward: 423368.6875
each agent reward: 423368.6875
Episode 148 return: -1506718.25
Episode: 148, total reward: 422795.0625
each agent reward: 422795.0625
Episode 149 return: -1625753.125
Episode: 149, total reward: 405415.4375
each agent reward: 405415.4375
Episode 150 return: -1601900.25
Episode: 150, total reward: 405415.4375
each agent reward: 405415.4375
Episode 151 return: -1655560.75
Episode: 151, total reward: 396933.0625
each agent reward: 396933.0625
Episode 152 return: -1628900.875
Episode: 152, total reward: 395978.8125
each agent reward: 395978.8125
Episode 153 return: -1686167.375
Episode: 153, total reward: 400256.75
each agent reward: 400256.75
Episode 154 return: -1730002.375
Episode: 154, total reward: 416228.5
each agent reward: 416228.5
Episode 155 return: -1587752.5
Episode: 155, total reward: 416228.5
each agent reward: 416228.5
Episode 156 return: -1596892.0
Episode: 156, total reward: 420485.75
each agent reward: 420485.75
Episode 157 return: -1582164.25
Episode: 157, total reward: 434249.0625
each agent reward: 434249.0625
Episode 158 return: -1519461.75
Episode: 158, total reward: 452276.125
each agent reward: 452276.125
Episode 159 return: -1675390.625
Episode: 159, total reward: 469188.125
each agent reward: 469188.125
Episode 160 return: -1689283.5
Episode: 160, total reward: 469188.125
each agent reward: 469188.125
Episode 161 return: -1731805.5
Episode: 161, total reward: 481256.375
each agent reward: 481256.375
Episode 162 return: -1520660.75
Episode: 162, total reward: 465722.6875
each agent reward: 465722.6875
Episode 163 return: -1713316.625
Episode: 163, total reward: 469245.1875
each agent reward: 469245.1875
Episode 164 return: -1700461.0
Episode: 164, total reward: 469299.4375
each agent reward: 469299.4375
Episode 165 return: -1765385.375
Episode: 165, total reward: 469299.4375
each agent reward: 469299.4375
Episode 166 return: -1556123.0
Episode: 166, total reward: 448356.5625
each agent reward: 448356.5625
Episode 167 return: -1748427.125
Episode: 167, total reward: 400334.65625
each agent reward: 400334.65625
Episode 168 return: -1508341.5
Episode: 168, total reward: 415370.9375
each agent reward: 415370.9375
Episode 169 return: -1646305.625
Episode: 169, total reward: 1373236.875
each agent reward: 1373236.875
Episode 170 return: -1787942.125
Episode: 170, total reward: 1373236.875
each agent reward: 1373236.875
Episode 171 return: -1639517.75
Episode: 171, total reward: 1327894.0
each agent reward: 1327894.0
Episode 172 return: -1529976.875
Episode: 172, total reward: 420348.5625
each agent reward: 420348.5625
Episode 173 return: -1720788.0
Episode: 173, total reward: 417991.5
each agent reward: 417991.5
Episode 174 return: -1532602.875
Episode: 174, total reward: 420318.375
each agent reward: 420318.375
Episode 175 return: -1627465.875
Episode: 175, total reward: 420318.375
each agent reward: 420318.375
Episode 176 return: -1477746.5
Episode: 176, total reward: 409622.375
each agent reward: 409622.375
Episode 177 return: -1627629.75
Episode: 177, total reward: 439449.9375
each agent reward: 439449.9375
Episode 178 return: -1628533.375
Episode: 178, total reward: 461526.03125
each agent reward: 461526.03125
Episode 179 return: -1674690.375
Episode: 179, total reward: 461244.875
each agent reward: 461244.875
Episode 180 return: -1565460.25
Episode: 180, total reward: 461244.875
each agent reward: 461244.875
Episode 181 return: -1633974.875
Episode: 181, total reward: 449616.125
each agent reward: 449616.125
Episode 182 return: -1635321.5
Episode: 182, total reward: 467350.53125
each agent reward: 467350.53125
Episode 183 return: -1519880.125
Episode: 183, total reward: 569568.6875
each agent reward: 569568.6875
Episode 184 return: -1537879.75
Episode: 184, total reward: 1492414.75
each agent reward: 1492414.75
Episode 185 return: -1494173.875
Episode: 185, total reward: 1492414.75
each agent reward: 1492414.75
Episode 186 return: -1512982.0
Episode: 186, total reward: 1496404.5
each agent reward: 1496404.5
Episode 187 return: -1549958.25
Episode: 187, total reward: 1473909.75
each agent reward: 1473909.75
Episode 188 return: -1444230.25
Episode: 188, total reward: 580351.1875
each agent reward: 580351.1875
Episode 189 return: -1578639.5
Episode: 189, total reward: 577812.25
each agent reward: 577812.25
Episode 190 return: -1546865.375
Episode: 190, total reward: 577812.25
each agent reward: 577812.25
Episode 191 return: -1582221.0
Episode: 191, total reward: 596233.5
each agent reward: 596233.5
Episode 192 return: -1617540.375
Episode: 192, total reward: 609881.6875
each agent reward: 609881.6875
Episode 193 return: -1536538.5
Episode: 193, total reward: 600845.375
each agent reward: 600845.375
Episode 194 return: -1574693.25
Episode: 194, total reward: 599326.6875
each agent reward: 599326.6875
Episode 195 return: -1513439.25
Episode: 195, total reward: 599326.6875
each agent reward: 599326.6875
Episode 196 return: -1552034.625
Episode: 196, total reward: 595204.375
each agent reward: 595204.375
Episode 197 return: -1424091.875
Episode: 197, total reward: 602736.875
each agent reward: 602736.875
Episode 198 return: -1352647.0
Episode: 198, total reward: 603453.75
each agent reward: 603453.75
Episode 199 return: -1410528.25
Episode: 199, total reward: 537321.0
each agent reward: 537321.0
Episode 200 return: -1341949.375
Episode: 200, total reward: 537321.0
each agent reward: 537321.0
Episode 201 return: -1344714.625
Episode: 201, total reward: 520120.0
each agent reward: 520120.0
Episode 202 return: -1463300.875
Episode: 202, total reward: 586274.6875
each agent reward: 586274.6875
Episode 203 return: -1482553.75
Episode: 203, total reward: 575043.625
each agent reward: 575043.625
Episode 204 return: -1538936.125
Episode: 204, total reward: 541934.75
each agent reward: 541934.75
Episode 205 return: -1505584.875
Episode: 205, total reward: 541934.75
each agent reward: 541934.75
Episode 206 return: -1407803.0
Episode: 206, total reward: 547162.3125
each agent reward: 547162.3125
Episode 207 return: -1379277.375
Episode: 207, total reward: 541427.3125
each agent reward: 541427.3125
Episode 208 return: -1532479.0
Episode: 208, total reward: 572887.25
each agent reward: 572887.25
Episode 209 return: -1553680.875
Episode: 209, total reward: 573363.75
each agent reward: 573363.75
Episode 210 return: -1551766.75
Episode: 210, total reward: 573363.75
each agent reward: 573363.75
Episode 211 return: -1408812.875
Episode: 211, total reward: 621801.9375
each agent reward: 621801.9375
Episode 212 return: -1439342.375
Episode: 212, total reward: 633227.75
each agent reward: 633227.75
Episode 213 return: -1539320.375
Episode: 213, total reward: 610902.25
each agent reward: 610902.25
Episode 214 return: -1496917.125
Episode: 214, total reward: 600347.8125
each agent reward: 600347.8125
Episode 215 return: -1455497.875
Episode: 215, total reward: 600347.8125
each agent reward: 600347.8125
Episode 216 return: -1512325.25
Episode: 216, total reward: 604970.25
each agent reward: 604970.25
Episode 217 return: -1550130.0
Episode: 217, total reward: 1555424.25
each agent reward: 1555424.25
Episode 218 return: -1428324.0
Episode: 218, total reward: 1512805.25
each agent reward: 1512805.25
Episode 219 return: -1396024.5
Episode: 219, total reward: 1533682.375
each agent reward: 1533682.375
Episode 220 return: -1464404.5
Episode: 220, total reward: 1533682.375
each agent reward: 1533682.375
Episode 221 return: -1336538.75
Episode: 221, total reward: 1539399.25
each agent reward: 1539399.25
Episode 222 return: -1375471.5
Episode: 222, total reward: 1507964.625
each agent reward: 1507964.625
Episode 223 return: -1357016.875
Episode: 223, total reward: 1482247.25
each agent reward: 1482247.25
Episode 224 return: -1447956.25
Episode: 224, total reward: 1454687.875
each agent reward: 1454687.875
Episode 225 return: -1276614.25
Episode: 225, total reward: 1454687.875
each agent reward: 1454687.875
Episode 226 return: -1448361.625
Episode: 226, total reward: 1460461.25
each agent reward: 1460461.25
Episode 227 return: -1316346.375
Episode: 227, total reward: 1436852.125
each agent reward: 1436852.125
Episode 228 return: -1321194.75
Episode: 228, total reward: 1433811.875
each agent reward: 1433811.875
Episode 229 return: -1480496.625
Episode: 229, total reward: 1436585.625
each agent reward: 1436585.625
Episode 230 return: -1330870.875
Episode: 230, total reward: 1436585.625
each agent reward: 1436585.625
Episode 231 return: -1271638.375
Episode: 231, total reward: 1531499.125
each agent reward: 1531499.125
Episode 232 return: -1314410.75
Episode: 232, total reward: 1529995.625
each agent reward: 1529995.625
Episode 233 return: -1291028.125
Episode: 233, total reward: 1594730.875
each agent reward: 1594730.875
Episode 234 return: -1202860.5
Episode: 234, total reward: 1586810.5
each agent reward: 1586810.5
Episode 235 return: -1219371.375
Episode: 235, total reward: 1586810.5
each agent reward: 1586810.5
Episode 236 return: -1188778.625
Episode: 236, total reward: 1474846.125
each agent reward: 1474846.125
Episode 237 return: -1281261.5
Episode: 237, total reward: 1463685.375
each agent reward: 1463685.375
Episode 238 return: -1256463.0
Episode: 238, total reward: 1469421.25
each agent reward: 1469421.25
Episode 239 return: -1247333.125
Episode: 239, total reward: 1498958.5
each agent reward: 1498958.5
Episode 240 return: -1319413.25
Episode: 240, total reward: 1498958.5
each agent reward: 1498958.5
Episode 241 return: -1270712.25
Episode: 241, total reward: 1568982.25
each agent reward: 1568982.25
Episode 242 return: -1410168.5
Episode: 242, total reward: 1529588.5
each agent reward: 1529588.5
Episode 243 return: -1381005.625
Episode: 243, total reward: 1511977.875
each agent reward: 1511977.875
Episode 244 return: -1271255.625
Episode: 244, total reward: 1486738.5
each agent reward: 1486738.5
Episode 245 return: -1356256.875
Episode: 245, total reward: 1486738.5
each agent reward: 1486738.5
Episode 246 return: -1433411.5
Episode: 246, total reward: 1501054.125
each agent reward: 1501054.125
Episode 247 return: -1414490.125
Episode: 247, total reward: 1500201.125
each agent reward: 1500201.125
Episode 248 return: -1408825.625
Episode: 248, total reward: 1492533.125
each agent reward: 1492533.125
Episode 249 return: -1372290.5
Episode: 249, total reward: 1483334.375
each agent reward: 1483334.375
Episode 250 return: -1422902.375
Episode: 250, total reward: 1483334.375
each agent reward: 1483334.375
Episode 251 return: -1429125.25
Episode: 251, total reward: 1466001.25
each agent reward: 1466001.25
Episode 252 return: -1367159.5
Episode: 252, total reward: 1507045.375
each agent reward: 1507045.375
Episode 253 return: -1399024.375
Episode: 253, total reward: 1516488.625
each agent reward: 1516488.625
Episode 254 return: -1406140.125
Episode: 254, total reward: 1418071.125
each agent reward: 1418071.125
Episode 255 return: -1372891.375
Episode: 255, total reward: 1418071.125
each agent reward: 1418071.125
Episode 256 return: -1346439.25
Episode: 256, total reward: 1399717.0
each agent reward: 1399717.0
Episode 257 return: -1313557.375
Episode: 257, total reward: 1373578.375
each agent reward: 1373578.375
Episode 258 return: -1251851.125
Episode: 258, total reward: 1365953.25
each agent reward: 1365953.25
Episode 259 return: -1239434.5
Episode: 259, total reward: 1397784.125
each agent reward: 1397784.125
Episode 260 return: -1225873.625
Episode: 260, total reward: 1397784.125
each agent reward: 1397784.125
Episode 261 return: -1271705.625
Episode: 261, total reward: 1365617.5
each agent reward: 1365617.5
Episode 262 return: -1306440.75
Episode: 262, total reward: 1399239.625
each agent reward: 1399239.625
Episode 263 return: -1238446.25
Episode: 263, total reward: 1397991.875
each agent reward: 1397991.875
Episode 264 return: -1245718.875
Episode: 264, total reward: 1428500.25
each agent reward: 1428500.25
Episode 265 return: -1227368.0
Episode: 265, total reward: 1428500.25
each agent reward: 1428500.25
Episode 266 return: -1051583.25
Episode: 266, total reward: 1459097.5
each agent reward: 1459097.5
Episode 267 return: -1086883.375
Episode: 267, total reward: 1492027.0
each agent reward: 1492027.0
Episode 268 return: -1124881.75
Episode: 268, total reward: 1486731.125
each agent reward: 1486731.125
Episode 269 return: -1894338.625
Episode: 269, total reward: 1484136.875
each agent reward: 1484136.875
Episode 270 return: -1092229.875
Episode: 270, total reward: 1484136.875
each agent reward: 1484136.875
Episode 271 return: -1019061.8125
Episode: 271, total reward: 1452641.75
each agent reward: 1452641.75
Episode 272 return: -978885.6875
Episode: 272, total reward: 1455119.375
each agent reward: 1455119.375
Episode 273 return: -1084980.5
Episode: 273, total reward: 1454903.5
each agent reward: 1454903.5
Episode 274 return: -956060.75
Episode: 274, total reward: 1456838.875
each agent reward: 1456838.875
Episode 275 return: -938833.6875
Episode: 275, total reward: 1456838.875
each agent reward: 1456838.875
Episode 276 return: -1009633.5
Episode: 276, total reward: 1483959.75
each agent reward: 1483959.75
Episode 277 return: -1077995.75
Episode: 277, total reward: 1484176.0
each agent reward: 1484176.0
Episode 278 return: -1953246.125
Episode: 278, total reward: 1513709.0
each agent reward: 1513709.0
Episode 279 return: -982083.1875
Episode: 279, total reward: 1482132.625
each agent reward: 1482132.625
Episode 280 return: -2051669.875
Episode: 280, total reward: 1482132.625
each agent reward: 1482132.625
Episode 281 return: -1126158.375
Episode: 281, total reward: 1481050.875
each agent reward: 1481050.875
Episode 282 return: -1181793.375
Episode: 282, total reward: 1424947.375
each agent reward: 1424947.375
Episode 283 return: -1143595.625
Episode: 283, total reward: 1402549.5
each agent reward: 1402549.5
Episode 284 return: -1156702.875
Episode: 284, total reward: 1400142.5
each agent reward: 1400142.5
Episode 285 return: -1133474.0
Episode: 285, total reward: 1400142.5
each agent reward: 1400142.5
Episode 286 return: -1091401.0
Episode: 286, total reward: 1393785.25
each agent reward: 1393785.25
Episode 287 return: -1178693.75
Episode: 287, total reward: 1411257.375
each agent reward: 1411257.375
Episode 288 return: -1149492.625
Episode: 288, total reward: 1442747.125
each agent reward: 1442747.125
Episode 289 return: -1179375.25
Episode: 289, total reward: 1483548.125
each agent reward: 1483548.125
Episode 290 return: -1067422.625
Episode: 290, total reward: 1483548.125
each agent reward: 1483548.125
Episode 291 return: -1054048.375
Episode: 291, total reward: 1473554.0
each agent reward: 1473554.0
Episode 292 return: -1070742.375
Episode: 292, total reward: 1449996.875
each agent reward: 1449996.875
Episode 293 return: -1033604.125
Episode: 293, total reward: 1435135.25
each agent reward: 1435135.25
Episode 294 return: -1010624.5
Episode: 294, total reward: 1375646.625
each agent reward: 1375646.625
Episode 295 return: -1062770.125
Episode: 295, total reward: 1375646.625
each agent reward: 1375646.625
Episode 296 return: -939760.1875
Episode: 296, total reward: 1345975.25
each agent reward: 1345975.25
Episode 297 return: -1034298.5625
Episode: 297, total reward: 1305688.875
each agent reward: 1305688.875
Episode 298 return: -979338.0
Episode: 298, total reward: 1299180.125
each agent reward: 1299180.125
Episode 299 return: -1059352.75
Episode: 299, total reward: 1329699.5
each agent reward: 1329699.5
Episode 300 return: -1067875.125
Episode: 300, total reward: 1329699.5
each agent reward: 1329699.5
Episode 301 return: -960214.75
Episode: 301, total reward: 1329786.25
each agent reward: 1329786.25
Episode 302 return: -1047712.4375
Episode: 302, total reward: 1333295.0
each agent reward: 1333295.0
Episode 303 return: -1921675.125
Episode: 303, total reward: 1333283.0
each agent reward: 1333283.0
Episode 304 return: -931674.5625
Episode: 304, total reward: 1362288.125
each agent reward: 1362288.125
Episode 305 return: -923967.9375
Episode: 305, total reward: 1362288.125
each agent reward: 1362288.125
Episode 306 return: -982688.75
Episode: 306, total reward: 1391787.875
each agent reward: 1391787.875
Episode 307 return: -976048.4375
Episode: 307, total reward: 1362975.25
each agent reward: 1362975.25
Episode 308 return: -919747.375
Episode: 308, total reward: 1334514.875
each agent reward: 1334514.875
Episode 309 return: -941155.25
Episode: 309, total reward: 1362613.0
each agent reward: 1362613.0
Episode 310 return: -986759.8125
Episode: 310, total reward: 1362613.0
each agent reward: 1362613.0
Episode 311 return: -1001331.625
Episode: 311, total reward: 1330973.5
each agent reward: 1330973.5
Episode 312 return: -1042067.125
Episode: 312, total reward: 1389281.375
each agent reward: 1389281.375
Episode 313 return: -1056894.625
Episode: 313, total reward: 1398263.625
each agent reward: 1398263.625
Episode 314 return: -1039160.5
Episode: 314, total reward: 1378971.875
each agent reward: 1378971.875
Episode 315 return: -1047710.0
Episode: 315, total reward: 1378971.875
each agent reward: 1378971.875
Episode 316 return: -1012779.125
Episode: 316, total reward: 1385525.125
each agent reward: 1385525.125
Episode 317 return: -1050409.5
Episode: 317, total reward: 1381886.375
each agent reward: 1381886.375
Episode 318 return: -1033137.625
Episode: 318, total reward: 1410272.875
each agent reward: 1410272.875
Episode 319 return: -1031351.75
Episode: 319, total reward: 1395714.875
each agent reward: 1395714.875
Episode 320 return: -986467.3125
Episode: 320, total reward: 1395714.875
each agent reward: 1395714.875
Episode 321 return: -1059574.125
Episode: 321, total reward: 1391087.375
each agent reward: 1391087.375
Episode 322 return: -1010266.0625
Episode: 322, total reward: 1398016.75
each agent reward: 1398016.75
Episode 323 return: -1021381.5
Episode: 323, total reward: 1393675.875
each agent reward: 1393675.875
Episode 324 return: -985225.1875
Episode: 324, total reward: 1363375.75
each agent reward: 1363375.75
Episode 325 return: -947590.75
Episode: 325, total reward: 1363375.75
each agent reward: 1363375.75
Episode 326 return: -976437.375
Episode: 326, total reward: 1361053.75
each agent reward: 1361053.75
Episode 327 return: -1954355.25
Episode: 327, total reward: 1359041.875
each agent reward: 1359041.875
Episode 328 return: -1840847.75
Episode: 328, total reward: 1362159.25
each agent reward: 1362159.25
Episode 329 return: -936564.6875
Episode: 329, total reward: 1364436.625
each agent reward: 1364436.625
Episode 330 return: -953452.1875
Episode: 330, total reward: 1364436.625
each agent reward: 1364436.625
Episode 331 return: -1030056.6875
Episode: 331, total reward: 1305695.5
each agent reward: 1305695.5
Episode 332 return: -1055579.0
Episode: 332, total reward: 1339025.125
each agent reward: 1339025.125
Episode 333 return: -1059675.0
Episode: 333, total reward: 1373888.5
each agent reward: 1373888.5
Episode 334 return: -1080248.5
Episode: 334, total reward: 1461781.125
each agent reward: 1461781.125
Episode 335 return: -1074360.375
Episode: 335, total reward: 1461781.125
each agent reward: 1461781.125
Episode 336 return: -963405.375
Episode: 336, total reward: 1427163.875
each agent reward: 1427163.875
Episode 337 return: -1022422.125
Episode: 337, total reward: 1425205.125
each agent reward: 1425205.125
Episode 338 return: -1054129.5
Episode: 338, total reward: 1432495.75
each agent reward: 1432495.75
Episode 339 return: -1037766.625
Episode: 339, total reward: 1440711.125
each agent reward: 1440711.125
Episode 340 return: -1085472.625
Episode: 340, total reward: 1440711.125
each agent reward: 1440711.125
Episode 341 return: -1067649.5
Episode: 341, total reward: 1487717.375
each agent reward: 1487717.375
Episode 342 return: -999849.25
Episode: 342, total reward: 1485503.375
each agent reward: 1485503.375
Episode 343 return: -1010871.875
Episode: 343, total reward: 1483056.0
each agent reward: 1483056.0
Episode 344 return: -1954234.375
Episode: 344, total reward: 1543783.375
each agent reward: 1543783.375
Episode 345 return: -2005418.875
Episode: 345, total reward: 1543783.375
each agent reward: 1543783.375
Episode 346 return: -1999650.5
Episode: 346, total reward: 1541932.625
each agent reward: 1541932.625
Episode 347 return: -1934612.125
Episode: 347, total reward: 1514812.125
each agent reward: 1514812.125
Episode 348 return: -1089454.0
Episode: 348, total reward: 1445921.375
each agent reward: 1445921.375
Episode 349 return: -1164960.5
Episode: 349, total reward: 1448844.125
each agent reward: 1448844.125
Episode 350 return: -1116391.75
Episode: 350, total reward: 1448844.125
each agent reward: 1448844.125
Episode 351 return: -935969.4375
Episode: 351, total reward: 1388930.625
each agent reward: 1388930.625
Episode 352 return: -1048679.5
Episode: 352, total reward: 1357373.375
each agent reward: 1357373.375
Episode 353 return: -1030660.3125
Episode: 353, total reward: 1389735.5
each agent reward: 1389735.5
Episode 354 return: -988567.375
Episode: 354, total reward: 1361401.875
each agent reward: 1361401.875
Episode 355 return: -980102.0
Episode: 355, total reward: 1361401.875
each agent reward: 1361401.875
Episode 356 return: -926070.9375
Episode: 356, total reward: 1364120.125
each agent reward: 1364120.125
Episode 357 return: -959452.25
Episode: 357, total reward: 1365632.625
each agent reward: 1365632.625
Episode 358 return: -888765.375
Episode: 358, total reward: 1305253.25
each agent reward: 1305253.25
Episode 359 return: -1027468.5
Episode: 359, total reward: 1305506.875
each agent reward: 1305506.875
Episode 360 return: -1857926.375
Episode: 360, total reward: 1305506.875
each agent reward: 1305506.875
Episode 361 return: -919450.125
Episode: 361, total reward: 1272068.375
each agent reward: 1272068.375
Episode 362 return: -986239.0
Episode: 362, total reward: 1270969.0
each agent reward: 1270969.0
Episode 363 return: -962048.125
Episode: 363, total reward: 1273240.625
each agent reward: 1273240.625
Episode 364 return: -985763.25
Episode: 364, total reward: 1332227.375
each agent reward: 1332227.375
Episode 365 return: -1046560.875
Episode: 365, total reward: 1332227.375
each agent reward: 1332227.375
Episode 366 return: -935515.5625
Episode: 366, total reward: 1362426.625
each agent reward: 1362426.625
Episode 367 return: -1814083.375
Episode: 367, total reward: 1420770.5
each agent reward: 1420770.5
Episode 368 return: -1774777.5
Episode: 368, total reward: 1358401.5
each agent reward: 1358401.5
Episode 369 return: -1852732.5
Episode: 369, total reward: 1359204.5
each agent reward: 1359204.5
Episode 370 return: -1809728.625
Episode: 370, total reward: 1359204.5
each agent reward: 1359204.5
Episode 371 return: -1745035.375
Episode: 371, total reward: 1378606.625
each agent reward: 1378606.625
Episode 372 return: -785173.875
Episode: 372, total reward: 1377784.625
each agent reward: 1377784.625
Episode 373 return: -882324.6875
Episode: 373, total reward: 1397311.0
each agent reward: 1397311.0
Episode 374 return: -937416.5625
Episode: 374, total reward: 1321368.0
each agent reward: 1321368.0
Episode 375 return: -922264.6875
Episode: 375, total reward: 1321368.0
each agent reward: 1321368.0
Episode 376 return: -988372.75
Episode: 376, total reward: 1279635.25
each agent reward: 1279635.25
Episode 377 return: -1048069.1875
Episode: 377, total reward: 1316487.625
each agent reward: 1316487.625
Episode 378 return: -1015176.8125
Episode: 378, total reward: 1308732.0
each agent reward: 1308732.0
Episode 379 return: -917058.0
Episode: 379, total reward: 1361844.875
each agent reward: 1361844.875
Episode 380 return: -1168804.0
Episode: 380, total reward: 1361844.875
each agent reward: 1361844.875
Episode 381 return: -1005309.875
Episode: 381, total reward: 1331428.5
each agent reward: 1331428.5
Episode 382 return: -1111132.875
Episode: 382, total reward: 1358194.875
each agent reward: 1358194.875
Episode 383 return: -1070983.0
Episode: 383, total reward: 1323898.5
each agent reward: 1323898.5
Episode 384 return: -1191401.75
Episode: 384, total reward: 1348581.25
each agent reward: 1348581.25
Episode 385 return: -1087963.875
Episode: 385, total reward: 1348581.25
each agent reward: 1348581.25
Episode 386 return: -1045821.3125
Episode: 386, total reward: 1397435.0
each agent reward: 1397435.0
Episode 387 return: -1026630.625
Episode: 387, total reward: 1449942.125
each agent reward: 1449942.125
Episode 388 return: -1027449.625
Episode: 388, total reward: 1442941.5
each agent reward: 1442941.5
Episode 389 return: -1061367.5
Episode: 389, total reward: 1443862.875
each agent reward: 1443862.875
Episode 390 return: -1077825.375
Episode: 390, total reward: 1443862.875
each agent reward: 1443862.875
Episode 391 return: -1059220.375
Episode: 391, total reward: 1406665.25
each agent reward: 1406665.25
Episode 392 return: -1025204.6875
Episode: 392, total reward: 1378959.375
each agent reward: 1378959.375
Episode 393 return: -948066.5
Episode: 393, total reward: 1425957.375
each agent reward: 1425957.375
Episode 394 return: -956216.125
Episode: 394, total reward: 1337997.25
each agent reward: 1337997.25
Episode 395 return: -963704.125
Episode: 395, total reward: 1337997.25
each agent reward: 1337997.25
Episode 396 return: -1001760.125
Episode: 396, total reward: 1336607.75
each agent reward: 1336607.75
Episode 397 return: -1852997.25
Episode: 397, total reward: 1337972.125
each agent reward: 1337972.125
Episode 398 return: -876191.625
Episode: 398, total reward: 1399047.375
each agent reward: 1399047.375
Episode 399 return: -1795598.75
Episode: 399, total reward: 1367474.5
each agent reward: 1367474.5
Episode 400 return: -976181.8125
Episode: 400, total reward: 1367474.5
each agent reward: 1367474.5
Episode 401 return: -886768.0625
Episode: 401, total reward: 1393899.25
each agent reward: 1393899.25
Episode 402 return: -900920.3125
Episode: 402, total reward: 1394132.5
each agent reward: 1394132.5
Episode 403 return: -879526.625
Episode: 403, total reward: 1335827.5
each agent reward: 1335827.5
Episode 404 return: -856978.625
Episode: 404, total reward: 1392588.25
each agent reward: 1392588.25
Episode 405 return: -899762.375
Episode: 405, total reward: 1392588.25
each agent reward: 1392588.25
Episode 406 return: -784490.5
Episode: 406, total reward: 1393856.125
each agent reward: 1393856.125
Episode 407 return: -845779.1875
Episode: 407, total reward: 1392513.125
each agent reward: 1392513.125
Episode 408 return: -845773.1875
Episode: 408, total reward: 1361388.75
each agent reward: 1361388.75
Episode 409 return: -761366.625
Episode: 409, total reward: 1363158.0
each agent reward: 1363158.0
Episode 410 return: -1673294.625
Episode: 410, total reward: 1363158.0
each agent reward: 1363158.0
Episode 411 return: -807956.9375
Episode: 411, total reward: 1363551.0
each agent reward: 1363551.0
Episode 412 return: -793964.6875
Episode: 412, total reward: 1362204.75
each agent reward: 1362204.75
Episode 413 return: -748542.75
Episode: 413, total reward: 1362734.625
each agent reward: 1362734.625
Episode 414 return: -772130.625
Episode: 414, total reward: 1365852.25
each agent reward: 1365852.25
Episode 415 return: -824602.5
Episode: 415, total reward: 1365852.25
each agent reward: 1365852.25
Episode 416 return: -853522.0
Episode: 416, total reward: 1364525.875
each agent reward: 1364525.875
Episode 417 return: -964848.4375
Episode: 417, total reward: 1363936.375
each agent reward: 1363936.375
Episode 418 return: -951364.8125
Episode: 418, total reward: 1303771.875
each agent reward: 1303771.875
Episode 419 return: -944995.125
Episode: 419, total reward: 1302858.25
each agent reward: 1302858.25
Episode 420 return: -886754.0625
Episode: 420, total reward: 1302858.25
each agent reward: 1302858.25
Episode 421 return: -976444.6875
Episode: 421, total reward: 1335190.125
each agent reward: 1335190.125
Episode 422 return: -886414.5
Episode: 422, total reward: 1337364.125
each agent reward: 1337364.125
Episode 423 return: -1711701.0
Episode: 423, total reward: 1336687.375
each agent reward: 1336687.375
Episode 424 return: -1786064.75
Episode: 424, total reward: 1335583.5
each agent reward: 1335583.5
Episode 425 return: -872333.8125
Episode: 425, total reward: 1335583.5
each agent reward: 1335583.5
Episode 426 return: -1722275.5
Episode: 426, total reward: 1332823.75
each agent reward: 1332823.75
Episode 427 return: -1726254.75
Episode: 427, total reward: 1333939.75
each agent reward: 1333939.75
Episode 428 return: -1792535.25
Episode: 428, total reward: 1333749.625
each agent reward: 1333749.625
Episode 429 return: -857248.0625
Episode: 429, total reward: 1331717.0
each agent reward: 1331717.0
Episode 430 return: -944846.0625
Episode: 430, total reward: 1331717.0
each agent reward: 1331717.0
Episode 431 return: -1809548.25
Episode: 431, total reward: 1333460.0
each agent reward: 1333460.0
Episode 432 return: -883033.5
Episode: 432, total reward: 1336488.0
each agent reward: 1336488.0
Episode 433 return: -1723745.25
Episode: 433, total reward: 1362095.875
each agent reward: 1362095.875
Episode 434 return: -1948206.125
Episode: 434, total reward: 1364144.5
each agent reward: 1364144.5
Episode 435 return: -1782298.5
Episode: 435, total reward: 1364144.5
each agent reward: 1364144.5
Episode 436 return: -880754.3125
Episode: 436, total reward: 1393962.875
each agent reward: 1393962.875
Episode 437 return: -897286.5
Episode: 437, total reward: 1362763.125
each agent reward: 1362763.125
Episode 438 return: -921248.75
Episode: 438, total reward: 1331622.375
each agent reward: 1331622.375
Episode 439 return: -884985.875
Episode: 439, total reward: 1333940.125
each agent reward: 1333940.125
Episode 440 return: -880682.125
Episode: 440, total reward: 1333940.125
each agent reward: 1333940.125
Episode 441 return: -873223.0625
Episode: 441, total reward: 1307151.625
each agent reward: 1307151.625
Episode 442 return: -866259.375
Episode: 442, total reward: 1303058.75
each agent reward: 1303058.75
Episode 443 return: -866977.125
Episode: 443, total reward: 1302385.125
each agent reward: 1302385.125
Episode 444 return: -835311.5
Episode: 444, total reward: 1272902.25
each agent reward: 1272902.25
Episode 445 return: -883187.4375
Episode: 445, total reward: 1272902.25
each agent reward: 1272902.25
Episode 446 return: -924362.0
Episode: 446, total reward: 1274291.25
each agent reward: 1274291.25
Episode 447 return: -897221.0625
Episode: 447, total reward: 1302824.5
each agent reward: 1302824.5
Episode 448 return: -1756127.875
Episode: 448, total reward: 1305131.5
each agent reward: 1305131.5
Episode 449 return: -825105.875
Episode: 449, total reward: 1336126.375
each agent reward: 1336126.375
Episode 450 return: -1761310.875
Episode: 450, total reward: 1336126.375
each agent reward: 1336126.375
Episode 451 return: -880415.875
Episode: 451, total reward: 1365732.125
each agent reward: 1365732.125
Episode 452 return: -1672899.0
Episode: 452, total reward: 1333203.0
each agent reward: 1333203.0
Episode 453 return: -819840.4375
Episode: 453, total reward: 1331904.5
each agent reward: 1331904.5
Episode 454 return: -837517.9375
Episode: 454, total reward: 1331667.25
each agent reward: 1331667.25
Episode 455 return: -1775102.5
Episode: 455, total reward: 1331667.25
each agent reward: 1331667.25
Episode 456 return: -774511.25
Episode: 456, total reward: 1360650.0
each agent reward: 1360650.0
Episode 457 return: -1739591.0
Episode: 457, total reward: 1360571.5
each agent reward: 1360571.5
Episode 458 return: -823620.875
Episode: 458, total reward: 1364864.625
each agent reward: 1364864.625
Episode 459 return: -816315.8125
Episode: 459, total reward: 1362766.75
each agent reward: 1362766.75
Episode 460 return: -750304.3125
Episode: 460, total reward: 1362766.75
each agent reward: 1362766.75
Episode 461 return: -783681.5
Episode: 461, total reward: 1334445.125
each agent reward: 1334445.125
Episode 462 return: -826080.375
Episode: 462, total reward: 1332022.25
each agent reward: 1332022.25
Episode 463 return: -1745720.125
Episode: 463, total reward: 1366609.5
each agent reward: 1366609.5
Episode 464 return: -771739.875
Episode: 464, total reward: 1300124.5
each agent reward: 1300124.5
Episode 465 return: -787987.3125
Episode: 465, total reward: 1300124.5
each agent reward: 1300124.5
Episode 466 return: -853384.125
Episode: 466, total reward: 1332257.75
each agent reward: 1332257.75
Episode 467 return: -841647.9375
Episode: 467, total reward: 1359909.75
each agent reward: 1359909.75
Episode 468 return: -768025.0
Episode: 468, total reward: 1391181.625
each agent reward: 1391181.625
Episode 469 return: -1726546.875
Episode: 469, total reward: 1391793.25
each agent reward: 1391793.25
Episode 470 return: -818114.625
Episode: 470, total reward: 1391793.25
each agent reward: 1391793.25
Episode 471 return: -1733552.125
Episode: 471, total reward: 1390000.0
each agent reward: 1390000.0
Episode 472 return: -789973.5
Episode: 472, total reward: 1387250.875
each agent reward: 1387250.875
Episode 473 return: -804489.125
Episode: 473, total reward: 1358829.25
each agent reward: 1358829.25
Episode 474 return: -1634107.75
Episode: 474, total reward: 1332222.875
each agent reward: 1332222.875
Episode 475 return: -723903.75
Episode: 475, total reward: 1332222.875
each agent reward: 1332222.875
Episode 476 return: -798621.625
Episode: 476, total reward: 1389302.125
each agent reward: 1389302.125
Episode 477 return: -831765.125
Episode: 477, total reward: 1361161.625
each agent reward: 1361161.625
Episode 478 return: -837756.1875
Episode: 478, total reward: 1361201.75
each agent reward: 1361201.75
Episode 479 return: -783073.125
Episode: 479, total reward: 1391752.625
each agent reward: 1391752.625
Episode 480 return: -1687472.375
Episode: 480, total reward: 1391752.625
each agent reward: 1391752.625
Episode 481 return: -1681444.5
Episode: 481, total reward: 1392252.25
each agent reward: 1392252.25
Episode 482 return: -885504.75
Episode: 482, total reward: 1363174.0
each agent reward: 1363174.0
Episode 483 return: -863952.5
Episode: 483, total reward: 1348189.25
each agent reward: 1348189.25
Episode 484 return: -870835.375
Episode: 484, total reward: 1361084.5
each agent reward: 1361084.5
Episode 485 return: -851217.5
Episode: 485, total reward: 1361084.5
each agent reward: 1361084.5
Episode 486 return: -818874.5625
Episode: 486, total reward: 1328744.5
each agent reward: 1328744.5
Episode 487 return: -820687.8125
Episode: 487, total reward: 1403013.5
each agent reward: 1403013.5
Episode 488 return: -802347.9375
Episode: 488, total reward: 1361670.5
each agent reward: 1361670.5
Episode 489 return: -1820642.375
Episode: 489, total reward: 1363120.625
each agent reward: 1363120.625
Episode 490 return: -801971.0625
Episode: 490, total reward: 1363120.625
each agent reward: 1363120.625
Episode 491 return: -775647.9375
Episode: 491, total reward: 1361150.875
each agent reward: 1361150.875
Episode 492 return: -813722.125
Episode: 492, total reward: 1359910.375
each agent reward: 1359910.375
Episode 493 return: -843474.5625
Episode: 493, total reward: 1358312.75
each agent reward: 1358312.75
Episode 494 return: -1750800.75
Episode: 494, total reward: 1357855.75
each agent reward: 1357855.75
Episode 495 return: -1766185.25
Episode: 495, total reward: 1357855.75
each agent reward: 1357855.75
Episode 496 return: -797997.375
Episode: 496, total reward: 1360452.75
each agent reward: 1360452.75
Episode 497 return: -791635.75
Episode: 497, total reward: 1361534.75
each agent reward: 1361534.75
Episode 498 return: -751034.9375
Episode: 498, total reward: 1360486.875
each agent reward: 1360486.875
Episode 499 return: -1801412.875
Episode: 499, total reward: 1359471.0
each agent reward: 1359471.0
Episode 500 return: -796162.3125
Episode: 500, total reward: 1359471.0
each agent reward: 1359471.0
Episode 501 return: -817657.0625
Episode: 501, total reward: 1387645.25
each agent reward: 1387645.25
Episode 502 return: -873935.25
Episode: 502, total reward: 1396038.5
each agent reward: 1396038.5
Episode 503 return: -793831.75
Episode: 503, total reward: 1400172.5
each agent reward: 1400172.5
Episode 504 return: -784872.25
Episode: 504, total reward: 1390025.0
each agent reward: 1390025.0
Episode 505 return: -1801843.875
Episode: 505, total reward: 1390025.0
each agent reward: 1390025.0
Episode 506 return: -879046.25
Episode: 506, total reward: 1382639.625
each agent reward: 1382639.625
Episode 507 return: -811776.8125
Episode: 507, total reward: 1339080.5
each agent reward: 1339080.5
Episode 508 return: -875778.8125
Episode: 508, total reward: 1334942.125
each agent reward: 1334942.125
Episode 509 return: -776146.0
Episode: 509, total reward: 1301251.625
each agent reward: 1301251.625
Episode 510 return: -806064.6875
Episode: 510, total reward: 1301251.625
each agent reward: 1301251.625
Episode 511 return: -761796.75
Episode: 511, total reward: 1333285.625
each agent reward: 1333285.625
Episode 512 return: -806444.8125
Episode: 512, total reward: 1367371.125
each agent reward: 1367371.125
Episode 513 return: -1603822.875
Episode: 513, total reward: 1394222.375
each agent reward: 1394222.375
Episode 514 return: -1777548.0
Episode: 514, total reward: 1393016.625
each agent reward: 1393016.625
Episode 515 return: -781656.75
Episode: 515, total reward: 1393016.625
each agent reward: 1393016.625
Episode 516 return: -802732.0625
Episode: 516, total reward: 1391961.5
each agent reward: 1391961.5
Episode 517 return: -858705.4375
Episode: 517, total reward: 1456550.5
each agent reward: 1456550.5
Episode 518 return: -1731410.625
Episode: 518, total reward: 1394588.25
each agent reward: 1394588.25
Episode 519 return: -844420.4375
Episode: 519, total reward: 1366073.5
each agent reward: 1366073.5
Episode 520 return: -794212.75
Episode: 520, total reward: 1366073.5
each agent reward: 1366073.5
Episode 521 return: -789454.8125
Episode: 521, total reward: 1365665.25
each agent reward: 1365665.25
Episode 522 return: -785686.625
Episode: 522, total reward: 1363723.75
each agent reward: 1363723.75
Episode 523 return: -893170.9375
Episode: 523, total reward: 1335373.125
each agent reward: 1335373.125
Episode 524 return: -792758.5625
Episode: 524, total reward: 1334765.0
each agent reward: 1334765.0
Episode 525 return: -760979.875
Episode: 525, total reward: 1334765.0
each agent reward: 1334765.0
Episode 526 return: -867037.8125
Episode: 526, total reward: 1334476.875
each agent reward: 1334476.875
Episode 527 return: -859173.4375
Episode: 527, total reward: 1366205.25
each agent reward: 1366205.25
Episode 528 return: -811274.8125
Episode: 528, total reward: 1362296.625
each agent reward: 1362296.625
Episode 529 return: -1743776.25
Episode: 529, total reward: 1336380.5
each agent reward: 1336380.5
Episode 530 return: -813113.125
Episode: 530, total reward: 1336380.5
each agent reward: 1336380.5
Episode 531 return: -863623.75
Episode: 531, total reward: 1281277.5
each agent reward: 1281277.5
Episode 532 return: -788175.625
Episode: 532, total reward: 382004.125
each agent reward: 382004.125
Episode 533 return: -786396.375
Episode: 533, total reward: 380426.78125
each agent reward: 380426.78125
Episode 534 return: -950741.0
Episode: 534, total reward: 381972.53125
each agent reward: 381972.53125
Episode 535 return: -822840.75
Episode: 535, total reward: 381972.53125
each agent reward: 381972.53125
Episode 536 return: -824042.5
Episode: 536, total reward: 381236.28125
each agent reward: 381236.28125
Episode 537 return: -872220.3125
Episode: 537, total reward: 1275993.5
each agent reward: 1275993.5
Episode 538 return: -824627.8125
Episode: 538, total reward: 1279932.5
each agent reward: 1279932.5
Episode 539 return: -868991.25
Episode: 539, total reward: 1304711.125
each agent reward: 1304711.125
Episode 540 return: -821664.25
Episode: 540, total reward: 1304711.125
each agent reward: 1304711.125
Episode 541 return: -868645.9375
Episode: 541, total reward: 1303489.25
each agent reward: 1303489.25
Episode 542 return: -786438.9375
Episode: 542, total reward: 1299244.875
each agent reward: 1299244.875
Episode 543 return: -827291.9375
Episode: 543, total reward: 1299244.125
each agent reward: 1299244.125
Episode 544 return: -875923.5625
Episode: 544, total reward: 1299244.125
each agent reward: 1299244.125
Episode 545 return: -800602.5
Episode: 545, total reward: 1299244.125
each agent reward: 1299244.125
Episode 546 return: -801423.875
Episode: 546, total reward: 1299626.375
each agent reward: 1299626.375
Episode 547 return: -857899.9375
Episode: 547, total reward: 1329465.0
each agent reward: 1329465.0
Episode 548 return: -1751497.75
Episode: 548, total reward: 1330079.375
each agent reward: 1330079.375
Episode 549 return: -856716.5625
Episode: 549, total reward: 1331519.625
each agent reward: 1331519.625
Episode 550 return: -824167.9375
Episode: 550, total reward: 1331519.625
each agent reward: 1331519.625
Episode 551 return: -795004.75
Episode: 551, total reward: 1363406.0
each agent reward: 1363406.0
Episode 552 return: -1768095.125
Episode: 552, total reward: 1335735.0
each agent reward: 1335735.0
Episode 553 return: -909262.6875
Episode: 553, total reward: 1363729.125
each agent reward: 1363729.125
Episode 554 return: -892059.875
Episode: 554, total reward: 1334299.0
each agent reward: 1334299.0
Episode 555 return: -911447.0
Episode: 555, total reward: 1334299.0
each agent reward: 1334299.0
Episode 556 return: -910385.0625
Episode: 556, total reward: 1335474.5
each agent reward: 1335474.5
Episode 557 return: -784022.4375
Episode: 557, total reward: 1304807.375
each agent reward: 1304807.375
Episode 558 return: -838444.0
Episode: 558, total reward: 1304922.625
each agent reward: 1304922.625
Episode 559 return: -823620.9375
Episode: 559, total reward: 1305332.0
each agent reward: 1305332.0
Episode 560 return: -879875.875
Episode: 560, total reward: 1305332.0
each agent reward: 1305332.0
Episode 561 return: -824977.25
Episode: 561, total reward: 1302187.875
each agent reward: 1302187.875
Episode 562 return: -824055.8125
Episode: 562, total reward: 1334067.625
each agent reward: 1334067.625
Episode 563 return: -893221.8125
Episode: 563, total reward: 1334991.875
each agent reward: 1334991.875
Episode 564 return: -854392.8125
Episode: 564, total reward: 1334372.5
each agent reward: 1334372.5
Episode 565 return: -1796815.25
Episode: 565, total reward: 1334372.5
each agent reward: 1334372.5
Episode 566 return: -833299.25
Episode: 566, total reward: 1334249.375
each agent reward: 1334249.375
Episode 567 return: -1691232.25
Episode: 567, total reward: 1335208.75
each agent reward: 1335208.75
Episode 568 return: -876830.5625
Episode: 568, total reward: 1335858.5
each agent reward: 1335858.5
Episode 569 return: -880974.875
Episode: 569, total reward: 1366760.375
each agent reward: 1366760.375
Episode 570 return: -847099.875
Episode: 570, total reward: 1366760.375
each agent reward: 1366760.375
Episode 571 return: -889155.0625
Episode: 571, total reward: 1337668.25
each agent reward: 1337668.25
Episode 572 return: -1771847.25
Episode: 572, total reward: 1336607.75
each agent reward: 1336607.75
Episode 573 return: -761403.0
Episode: 573, total reward: 1371648.25
each agent reward: 1371648.25
Episode 574 return: -832101.375
Episode: 574, total reward: 1340512.75
each agent reward: 1340512.75
Episode 575 return: -834106.9375
Episode: 575, total reward: 1340512.75
each agent reward: 1340512.75
Episode 576 return: -1708026.0
Episode: 576, total reward: 1367927.125
each agent reward: 1367927.125
Episode 577 return: -825304.4375
Episode: 577, total reward: 1339377.875
each agent reward: 1339377.875
Episode 578 return: -831648.5
Episode: 578, total reward: 1338030.0
each agent reward: 1338030.0
Episode 579 return: -780166.5625
Episode: 579, total reward: 1335666.375
each agent reward: 1335666.375
Episode 580 return: -828155.4375
Episode: 580, total reward: 1335666.375
each agent reward: 1335666.375
Episode 581 return: -839832.8125
Episode: 581, total reward: 1332802.25
each agent reward: 1332802.25
Episode 582 return: -777281.25
Episode: 582, total reward: 1271872.0
each agent reward: 1271872.0
Episode 583 return: -758244.75
Episode: 583, total reward: 1271313.125
each agent reward: 1271313.125
Episode 584 return: -743331.125
Episode: 584, total reward: 1274371.625
each agent reward: 1274371.625
Episode 585 return: -733694.4375
Episode: 585, total reward: 1274371.625
each agent reward: 1274371.625
Episode 586 return: -779402.3125
Episode: 586, total reward: 1274930.125
each agent reward: 1274930.125
Episode 587 return: -758967.5
Episode: 587, total reward: 1273445.375
each agent reward: 1273445.375
Episode 588 return: -803095.75
Episode: 588, total reward: 1271026.625
each agent reward: 1271026.625
Episode 589 return: -829741.1875
Episode: 589, total reward: 1268874.625
each agent reward: 1268874.625
Episode 590 return: -766841.375
Episode: 590, total reward: 1268874.625
each agent reward: 1268874.625
Episode 591 return: -780085.1875
Episode: 591, total reward: 1270052.375
each agent reward: 1270052.375
Episode 592 return: -796552.125
Episode: 592, total reward: 1270553.5
each agent reward: 1270553.5
Episode 593 return: -732444.875
Episode: 593, total reward: 379923.4375
each agent reward: 379923.4375
Episode 594 return: -767551.9375
Episode: 594, total reward: 377262.96875
each agent reward: 377262.96875
Episode 595 return: -718434.6875
Episode: 595, total reward: 377262.96875
each agent reward: 377262.96875
Episode 596 return: -744083.25
Episode: 596, total reward: 381745.21875
each agent reward: 381745.21875
Episode 597 return: -748947.625
Episode: 597, total reward: 381542.78125
each agent reward: 381542.78125
Episode 598 return: -718056.1875
Episode: 598, total reward: 376392.375
each agent reward: 376392.375
Episode 599 return: -752171.375
Episode: 599, total reward: 376392.375
each agent reward: 376392.375
