Episode: -1, total reward: 1199648.375
each agent reward: 1199648.375
Episode: 1, total reward: 608860.4375
each agent reward: 608860.4375
Episode 0 return: -927013.25
Episode: 0, total reward: 608860.4375
each agent reward: 608860.4375
Episode 1 return: -952452.125
Episode: 1, total reward: 608860.4375
each agent reward: 608860.4375
Episode 2 return: -897406.375
Episode: 2, total reward: 608860.4375
each agent reward: 608860.4375
Episode 3 return: -967445.625
Episode: 3, total reward: 608860.4375
each agent reward: 608860.4375
Episode 4 return: -903960.75
Episode: 4, total reward: 608860.4375
each agent reward: 608860.4375
Episode 5 return: -893306.6875
Episode: 5, total reward: 608860.4375
each agent reward: 608860.4375
Episode 6 return: -901537.25
Episode: 6, total reward: 608860.4375
each agent reward: 608860.4375
Episode 7 return: -923844.5625
Episode: 7, total reward: 608860.4375
each agent reward: 608860.4375
Episode 8 return: -905866.5625
Episode: 8, total reward: 608860.4375
each agent reward: 608860.4375
Episode 9 return: -866449.875
Episode: 9, total reward: 608860.4375
each agent reward: 608860.4375
Episode 10 return: -938342.0
Episode: 10, total reward: 608860.4375
each agent reward: 608860.4375
Episode 11 return: -922798.125
Episode: 11, total reward: 608860.4375
each agent reward: 608860.4375
Episode 12 return: -988442.25
Episode: 12, total reward: 607791.75
each agent reward: 607791.75
Episode 13 return: -924586.3125
Episode: 13, total reward: 607791.75
each agent reward: 607791.75
Episode 14 return: -916447.25
Episode: 14, total reward: 607791.75
each agent reward: 607791.75
Episode 15 return: -975032.3125
Episode: 15, total reward: 607791.75
each agent reward: 607791.75
Episode 16 return: -1022068.5625
Episode: 16, total reward: 607791.75
each agent reward: 607791.75
Episode 17 return: -926481.75
Episode: 17, total reward: 607791.75
each agent reward: 607791.75
Episode 18 return: -887057.875
Episode: 18, total reward: 607791.75
each agent reward: 607791.75
Episode 19 return: -931581.3125
Episode: 19, total reward: 607791.75
each agent reward: 607791.75
Episode 20 return: -905200.8125
Episode: 20, total reward: 607791.75
each agent reward: 607791.75
Episode 21 return: -883966.875
Episode: 21, total reward: 607791.75
each agent reward: 607791.75
Episode 22 return: -922677.75
Episode: 22, total reward: 608245.4375
each agent reward: 608245.4375
Episode 23 return: -902592.8125
Episode: 23, total reward: 608245.4375
each agent reward: 608245.4375
Episode 24 return: -897595.25
Episode: 24, total reward: 608245.4375
each agent reward: 608245.4375
Episode 25 return: -891822.0
Episode: 25, total reward: 608245.4375
each agent reward: 608245.4375
Episode 26 return: -895543.0
Episode: 26, total reward: 608245.4375
each agent reward: 608245.4375
Episode 27 return: -921141.5
Episode: 27, total reward: 608245.4375
each agent reward: 608245.4375
Episode 28 return: -904571.0
Episode: 28, total reward: 608245.4375
each agent reward: 608245.4375
Episode 29 return: -917761.875
Episode: 29, total reward: 608245.4375
each agent reward: 608245.4375
Episode 30 return: -948571.0625
Episode: 30, total reward: 608245.4375
each agent reward: 608245.4375
Episode 31 return: -927428.375
Episode: 31, total reward: 608245.4375
each agent reward: 608245.4375
Episode 32 return: -932995.4375
Episode: 32, total reward: 608245.4375
each agent reward: 608245.4375
Episode 33 return: -951942.0625
Episode: 33, total reward: 608245.4375
each agent reward: 608245.4375
Episode 34 return: -975979.625
Episode: 34, total reward: 608245.4375
each agent reward: 608245.4375
Episode 35 return: -947519.0625
Episode: 35, total reward: 608245.4375
each agent reward: 608245.4375
Episode 36 return: -928885.5625
Episode: 36, total reward: 608245.4375
each agent reward: 608245.4375
Episode 37 return: -944199.0625
Episode: 37, total reward: 608245.4375
each agent reward: 608245.4375
Episode 38 return: -912981.5625
Episode: 38, total reward: 608245.4375
each agent reward: 608245.4375
Episode 39 return: -984509.25
Episode: 39, total reward: 608245.4375
each agent reward: 608245.4375
Episode 40 return: -935195.875
Episode: 40, total reward: 608245.4375
each agent reward: 608245.4375
Episode 41 return: -918199.8125
Episode: 41, total reward: 608245.4375
each agent reward: 608245.4375
Episode 42 return: -857331.4375
Episode: 42, total reward: 608245.4375
each agent reward: 608245.4375
Episode 43 return: -886819.4375
Episode: 43, total reward: 608245.4375
each agent reward: 608245.4375
Episode 44 return: -889438.375
Episode: 44, total reward: 608245.4375
each agent reward: 608245.4375
Episode 45 return: -912879.5625
Episode: 45, total reward: 608245.4375
each agent reward: 608245.4375
Episode 46 return: -875822.5625
Episode: 46, total reward: 608245.4375
each agent reward: 608245.4375
Episode 47 return: -875591.25
Episode: 47, total reward: 608245.4375
each agent reward: 608245.4375
Episode 48 return: -941236.3125
Episode: 48, total reward: 608245.4375
each agent reward: 608245.4375
Episode 49 return: -870458.0
Episode: 49, total reward: 608245.4375
each agent reward: 608245.4375
Episode 50 return: -969196.875
Episode: 50, total reward: 608245.4375
each agent reward: 608245.4375
Episode 51 return: -906293.375
Episode: 51, total reward: 608245.4375
each agent reward: 608245.4375
Episode 52 return: -883677.5
Episode: 52, total reward: 607384.25
each agent reward: 607384.25
Episode 53 return: -944671.3125
Episode: 53, total reward: 511238.1875
each agent reward: 511238.1875
Episode 54 return: -845301.0
Episode: 54, total reward: 490852.84375
each agent reward: 490852.84375
Episode 55 return: -879035.3125
Episode: 55, total reward: 490852.84375
each agent reward: 490852.84375
Episode 56 return: -907579.3125
Episode: 56, total reward: 490852.84375
each agent reward: 490852.84375
Episode 57 return: -902908.4375
Episode: 57, total reward: 490852.84375
each agent reward: 490852.84375
Episode 58 return: -838334.4375
Episode: 58, total reward: 490852.84375
each agent reward: 490852.84375
Episode 59 return: -835930.125
Episode: 59, total reward: 490852.84375
each agent reward: 490852.84375
Episode 60 return: -868119.8125
Episode: 60, total reward: 490852.84375
each agent reward: 490852.84375
Episode 61 return: -826000.75
Episode: 61, total reward: 490852.84375
each agent reward: 490852.84375
Episode 62 return: -777639.125
Episode: 62, total reward: 490852.84375
each agent reward: 490852.84375
Episode 63 return: -877657.4375
Episode: 63, total reward: 490852.84375
each agent reward: 490852.84375
Episode 64 return: -878445.25
Episode: 64, total reward: 490852.84375
each agent reward: 490852.84375
Episode 65 return: -828318.0
Episode: 65, total reward: 490852.84375
each agent reward: 490852.84375
Episode 66 return: -865270.25
Episode: 66, total reward: 490852.84375
each agent reward: 490852.84375
Episode 67 return: -845065.875
Episode: 67, total reward: 490852.84375
each agent reward: 490852.84375
Episode 68 return: -824793.8125
Episode: 68, total reward: 490852.84375
each agent reward: 490852.84375
Episode 69 return: -865009.75
Episode: 69, total reward: 490852.84375
each agent reward: 490852.84375
Episode 70 return: -947989.5
Episode: 70, total reward: 490852.84375
each agent reward: 490852.84375
Episode 71 return: -823505.0
Episode: 71, total reward: 490852.84375
each agent reward: 490852.84375
Episode 72 return: -895203.375
Episode: 72, total reward: 490852.84375
each agent reward: 490852.84375
Episode 73 return: -840570.875
Episode: 73, total reward: 491631.15625
each agent reward: 491631.15625
Episode 74 return: -868726.9375
Episode: 74, total reward: 493611.4375
each agent reward: 493611.4375
Episode 75 return: -843420.3125
Episode: 75, total reward: 493611.4375
each agent reward: 493611.4375
Episode 76 return: -924957.1875
Episode: 76, total reward: 495080.46875
each agent reward: 495080.46875
Episode 77 return: -834605.5625
Episode: 77, total reward: 494857.53125
each agent reward: 494857.53125
Episode 78 return: -854564.6875
Episode: 78, total reward: 492434.59375
each agent reward: 492434.59375
Episode 79 return: -859231.8125
Episode: 79, total reward: 491760.09375
each agent reward: 491760.09375
Episode 80 return: -828520.125
Episode: 80, total reward: 491760.09375
each agent reward: 491760.09375
Episode 81 return: -849863.1875
Episode: 81, total reward: 491760.09375
each agent reward: 491760.09375
Episode 82 return: -885898.25
Episode: 82, total reward: 455193.6875
each agent reward: 455193.6875
Episode 83 return: -854031.375
Episode: 83, total reward: 418737.6875
each agent reward: 418737.6875
Episode 84 return: -845679.8125
Episode: 84, total reward: 399849.625
each agent reward: 399849.625
Episode 85 return: -811921.1875
Episode: 85, total reward: 399849.625
each agent reward: 399849.625
Episode 86 return: -863887.5
Episode: 86, total reward: 389587.9375
each agent reward: 389587.9375
Episode 87 return: -833979.875
Episode: 87, total reward: 382740.6875
each agent reward: 382740.6875
Episode 88 return: -835502.375
Episode: 88, total reward: 375299.125
each agent reward: 375299.125
Episode 89 return: -896537.1875
Episode: 89, total reward: 375582.9375
each agent reward: 375582.9375
Episode 90 return: -894753.6875
Episode: 90, total reward: 375582.9375
each agent reward: 375582.9375
Episode 91 return: -873383.875
Episode: 91, total reward: 375856.0625
each agent reward: 375856.0625
Episode 92 return: -833245.1875
Episode: 92, total reward: 375219.03125
each agent reward: 375219.03125
Episode 93 return: -839703.1875
Episode: 93, total reward: 375523.5
each agent reward: 375523.5
Episode 94 return: -863043.8125
Episode: 94, total reward: 380629.625
each agent reward: 380629.625
Episode 95 return: -895801.0625
Episode: 95, total reward: 380629.625
each agent reward: 380629.625
Episode 96 return: -900685.625
Episode: 96, total reward: 386494.875
each agent reward: 386494.875
Episode 97 return: -825849.9375
Episode: 97, total reward: 388256.25
each agent reward: 388256.25
Episode 98 return: -972465.3125
Episode: 98, total reward: 400141.96875
each agent reward: 400141.96875
Episode 99 return: -904114.3125
Episode: 99, total reward: 395889.875
each agent reward: 395889.875
Episode 100 return: -1069466.0
Episode: 100, total reward: 395889.875
each agent reward: 395889.875
Episode 101 return: -896621.5
Episode: 101, total reward: 395798.4375
each agent reward: 395798.4375
Episode 102 return: -926575.0625
Episode: 102, total reward: 391508.5625
each agent reward: 391508.5625
Episode 103 return: -987352.5625
Episode: 103, total reward: 380715.3125
each agent reward: 380715.3125
Episode 104 return: -926438.375
Episode: 104, total reward: 381242.0
each agent reward: 381242.0
Episode 105 return: -1018117.9375
Episode: 105, total reward: 381242.0
each agent reward: 381242.0
Episode 106 return: -1030501.5625
Episode: 106, total reward: 384731.5625
each agent reward: 384731.5625
Episode 107 return: -1006795.1875
Episode: 107, total reward: 383588.3125
each agent reward: 383588.3125
Episode 108 return: -1047677.375
Episode: 108, total reward: 384592.1875
each agent reward: 384592.1875
Episode 109 return: -1018782.6875
Episode: 109, total reward: 387396.84375
each agent reward: 387396.84375
Episode 110 return: -1101503.5
Episode: 110, total reward: 387396.84375
each agent reward: 387396.84375
Episode 111 return: -1136546.5
Episode: 111, total reward: 389704.15625
each agent reward: 389704.15625
Episode 112 return: -1231829.125
Episode: 112, total reward: 388666.28125
each agent reward: 388666.28125
Episode 113 return: -1154045.75
Episode: 113, total reward: 391676.65625
each agent reward: 391676.65625
Episode 114 return: -1242813.75
Episode: 114, total reward: 393685.46875
each agent reward: 393685.46875
Episode 115 return: -1274307.625
Episode: 115, total reward: 393685.46875
each agent reward: 393685.46875
Episode 116 return: -1253342.25
Episode: 116, total reward: 396637.21875
each agent reward: 396637.21875
Episode 117 return: -1372227.5
Episode: 117, total reward: 392477.03125
each agent reward: 392477.03125
Episode 118 return: -1337216.125
Episode: 118, total reward: 386908.875
each agent reward: 386908.875
Episode 119 return: -1394819.0
Episode: 119, total reward: 402230.1875
each agent reward: 402230.1875
Episode 120 return: -1471163.0
Episode: 120, total reward: 402230.1875
each agent reward: 402230.1875
Episode 121 return: -1391867.875
Episode: 121, total reward: 418360.40625
each agent reward: 418360.40625
Episode 122 return: -1440499.875
Episode: 122, total reward: 432109.84375
each agent reward: 432109.84375
Episode 123 return: -1415257.375
Episode: 123, total reward: 433694.53125
each agent reward: 433694.53125
Episode 124 return: -1380081.25
Episode: 124, total reward: 466238.78125
each agent reward: 466238.78125
Episode 125 return: -1421384.5
Episode: 125, total reward: 466238.78125
each agent reward: 466238.78125
Episode 126 return: -1585721.625
Episode: 126, total reward: 471129.84375
each agent reward: 471129.84375
Episode 127 return: -1533941.875
Episode: 127, total reward: 478859.5
each agent reward: 478859.5
Episode 128 return: -1597516.125
Episode: 128, total reward: 479601.0625
each agent reward: 479601.0625
Episode 129 return: -1593048.125
Episode: 129, total reward: 485159.0
each agent reward: 485159.0
Episode 130 return: -1615356.875
Episode: 130, total reward: 485159.0
each agent reward: 485159.0
Episode 131 return: -1580141.875
Episode: 131, total reward: 1349074.125
each agent reward: 1349074.125
Episode 132 return: -1563678.25
Episode: 132, total reward: 1376986.5
each agent reward: 1376986.5
Episode 133 return: -1570498.5
Episode: 133, total reward: 1375424.125
each agent reward: 1375424.125
Episode 134 return: -1630192.75
Episode: 134, total reward: 478908.53125
each agent reward: 478908.53125
Episode 135 return: -1772670.0
Episode: 135, total reward: 478908.53125
each agent reward: 478908.53125
Episode 136 return: -1668734.5
Episode: 136, total reward: 453229.625
each agent reward: 453229.625
Episode 137 return: -1584999.75
Episode: 137, total reward: 1361483.375
each agent reward: 1361483.375
Episode 138 return: -1812193.5
Episode: 138, total reward: 1376020.75
each agent reward: 1376020.75
Episode 139 return: -1847468.875
Episode: 139, total reward: 1371931.875
each agent reward: 1371931.875
Episode 140 return: -1737693.875
Episode: 140, total reward: 1371931.875
each agent reward: 1371931.875
Episode 141 return: -1729589.5
Episode: 141, total reward: 1349459.75
each agent reward: 1349459.75
Episode 142 return: -1717932.25
Episode: 142, total reward: 1332192.875
each agent reward: 1332192.875
Episode 143 return: -1756584.375
Episode: 143, total reward: 1338609.375
each agent reward: 1338609.375
Episode 144 return: -1681135.125
Episode: 144, total reward: 1329730.75
each agent reward: 1329730.75
Episode 145 return: -1578753.625
Episode: 145, total reward: 1329730.75
each agent reward: 1329730.75
Episode 146 return: -1614298.0
Episode: 146, total reward: 1360970.25
each agent reward: 1360970.25
Episode 147 return: -1646574.125
Episode: 147, total reward: 1375466.125
each agent reward: 1375466.125
Episode 148 return: -1544145.625
Episode: 148, total reward: 1404435.0
each agent reward: 1404435.0
Episode 149 return: -1669187.0
Episode: 149, total reward: 1460527.25
each agent reward: 1460527.25
Episode 150 return: -1635127.75
Episode: 150, total reward: 1460527.25
each agent reward: 1460527.25
Episode 151 return: -1660297.875
Episode: 151, total reward: 1409707.875
each agent reward: 1409707.875
Episode 152 return: -1625953.625
Episode: 152, total reward: 1401933.0
each agent reward: 1401933.0
Episode 153 return: -1691425.875
Episode: 153, total reward: 1443312.875
each agent reward: 1443312.875
Episode 154 return: -1709983.125
Episode: 154, total reward: 1451270.5
each agent reward: 1451270.5
Episode 155 return: -1578750.25
Episode: 155, total reward: 1451270.5
each agent reward: 1451270.5
Episode 156 return: -1563765.375
Episode: 156, total reward: 602358.0625
each agent reward: 602358.0625
Episode 157 return: -1550714.25
Episode: 157, total reward: 1439770.25
each agent reward: 1439770.25
Episode 158 return: -1495093.125
Episode: 158, total reward: 1447321.125
each agent reward: 1447321.125
Episode 159 return: -1607124.5
Episode: 159, total reward: 1447242.75
each agent reward: 1447242.75
Episode 160 return: -1620599.625
Episode: 160, total reward: 1447242.75
each agent reward: 1447242.75
Episode 161 return: -1646926.25
Episode: 161, total reward: 1409820.125
each agent reward: 1409820.125
Episode 162 return: -1481777.0
Episode: 162, total reward: 1446320.375
each agent reward: 1446320.375
Episode 163 return: -1682585.0
Episode: 163, total reward: 1501554.0
each agent reward: 1501554.0
Episode 164 return: -1640507.625
Episode: 164, total reward: 1464602.5
each agent reward: 1464602.5
Episode 165 return: -1700018.625
Episode: 165, total reward: 1464602.5
each agent reward: 1464602.5
Episode 166 return: -1524251.25
Episode: 166, total reward: 1530479.0
each agent reward: 1530479.0
Episode 167 return: -1711985.375
Episode: 167, total reward: 1539627.5
each agent reward: 1539627.5
Episode 168 return: -1451743.25
Episode: 168, total reward: 1602263.25
each agent reward: 1602263.25
Episode 169 return: -1576308.0
Episode: 169, total reward: 1613431.375
each agent reward: 1613431.375
Episode 170 return: -1742694.125
Episode: 170, total reward: 1613431.375
each agent reward: 1613431.375
Episode 171 return: -1584721.125
Episode: 171, total reward: 1587506.25
each agent reward: 1587506.25
Episode 172 return: -1444864.625
Episode: 172, total reward: 1505646.125
each agent reward: 1505646.125
Episode 173 return: -1615056.875
Episode: 173, total reward: 1469953.25
each agent reward: 1469953.25
Episode 174 return: -1457339.625
Episode: 174, total reward: 1502919.5
each agent reward: 1502919.5
Episode 175 return: -1532973.25
Episode: 175, total reward: 1502919.5
each agent reward: 1502919.5
Episode 176 return: -1403720.625
Episode: 176, total reward: 1512181.875
each agent reward: 1512181.875
Episode 177 return: -1581568.375
Episode: 177, total reward: 1541898.75
each agent reward: 1541898.75
Episode 178 return: -1520911.0
Episode: 178, total reward: 1562145.25
each agent reward: 1562145.25
Episode 179 return: -1602719.625
Episode: 179, total reward: 1512330.375
each agent reward: 1512330.375
Episode 180 return: -1507513.25
Episode: 180, total reward: 1512330.375
each agent reward: 1512330.375
Episode 181 return: -1510758.25
Episode: 181, total reward: 524799.25
each agent reward: 524799.25
Episode 182 return: -1608662.875
Episode: 182, total reward: 1411271.25
each agent reward: 1411271.25
Episode 183 return: -1469364.25
Episode: 183, total reward: 1402190.5
each agent reward: 1402190.5
Episode 184 return: -1478385.5
Episode: 184, total reward: 1426556.0
each agent reward: 1426556.0
Episode 185 return: -1448822.25
Episode: 185, total reward: 1426556.0
each agent reward: 1426556.0
Episode 186 return: -1472543.0
Episode: 186, total reward: 1502019.25
each agent reward: 1502019.25
Episode 187 return: -1520959.5
Episode: 187, total reward: 623550.3125
each agent reward: 623550.3125
Episode 188 return: -1470220.125
Episode: 188, total reward: 618160.875
each agent reward: 618160.875
Episode 189 return: -1515408.875
Episode: 189, total reward: 630138.0625
each agent reward: 630138.0625
Episode 190 return: -1547828.0
Episode: 190, total reward: 630138.0625
each agent reward: 630138.0625
Episode 191 return: -1574791.375
Episode: 191, total reward: 548583.9375
each agent reward: 548583.9375
Episode 192 return: -1569597.125
Episode: 192, total reward: 512343.78125
each agent reward: 512343.78125
Episode 193 return: -1483955.25
Episode: 193, total reward: 516971.0
each agent reward: 516971.0
Episode 194 return: -1529945.875
Episode: 194, total reward: 523669.21875
each agent reward: 523669.21875
Episode 195 return: -1536557.125
Episode: 195, total reward: 523669.21875
each agent reward: 523669.21875
Episode 196 return: -1574933.25
Episode: 196, total reward: 491008.90625
each agent reward: 491008.90625
Episode 197 return: -1529540.375
Episode: 197, total reward: 499459.90625
each agent reward: 499459.90625
Episode 198 return: -1477870.625
Episode: 198, total reward: 562039.0625
each agent reward: 562039.0625
Episode 199 return: -1517929.125
Episode: 199, total reward: 615784.6875
each agent reward: 615784.6875
Episode 200 return: -1518130.0
Episode: 200, total reward: 615784.6875
each agent reward: 615784.6875
Episode 201 return: -1432314.375
Episode: 201, total reward: 1384725.625
each agent reward: 1384725.625
Episode 202 return: -1514462.875
Episode: 202, total reward: 1350782.0
each agent reward: 1350782.0
Episode 203 return: -1527801.5
Episode: 203, total reward: 1373247.125
each agent reward: 1373247.125
Episode 204 return: -1600685.75
Episode: 204, total reward: 1401166.125
each agent reward: 1401166.125
Episode 205 return: -1491287.75
Episode: 205, total reward: 1401166.125
each agent reward: 1401166.125
Episode 206 return: -1345726.0
Episode: 206, total reward: 1447797.5
each agent reward: 1447797.5
Episode 207 return: -1420952.75
Episode: 207, total reward: 1460521.0
each agent reward: 1460521.0
Episode 208 return: -1456136.5
Episode: 208, total reward: 1435017.75
each agent reward: 1435017.75
Episode 209 return: -1480093.375
Episode: 209, total reward: 1382230.125
each agent reward: 1382230.125
Episode 210 return: -1428038.375
Episode: 210, total reward: 1382230.125
each agent reward: 1382230.125
Episode 211 return: -1318790.0
Episode: 211, total reward: 1355211.0
each agent reward: 1355211.0
Episode 212 return: -1332540.5
Episode: 212, total reward: 1279691.25
each agent reward: 1279691.25
Episode 213 return: -1424349.375
Episode: 213, total reward: 1343650.875
each agent reward: 1343650.875
Episode 214 return: -1378822.875
Episode: 214, total reward: 1314843.0
each agent reward: 1314843.0
Episode 215 return: -1360342.25
Episode: 215, total reward: 1314843.0
each agent reward: 1314843.0
Episode 216 return: -1443178.375
Episode: 216, total reward: 1312644.75
each agent reward: 1312644.75
Episode 217 return: -1495394.0
Episode: 217, total reward: 1399457.5
each agent reward: 1399457.5
Episode 218 return: -1377158.625
Episode: 218, total reward: 1428311.875
each agent reward: 1428311.875
Episode 219 return: -1419355.0
Episode: 219, total reward: 1380373.375
each agent reward: 1380373.375
Episode 220 return: -1469075.75
Episode: 220, total reward: 1380373.375
each agent reward: 1380373.375
Episode 221 return: -1321120.5
Episode: 221, total reward: 1425936.75
each agent reward: 1425936.75
Episode 222 return: -1461231.0
Episode: 222, total reward: 1427922.75
each agent reward: 1427922.75
Episode 223 return: -1427809.0
Episode: 223, total reward: 576525.875
each agent reward: 576525.875
Episode 224 return: -1511811.875
Episode: 224, total reward: 621879.4375
each agent reward: 621879.4375
Episode 225 return: -1354633.25
Episode: 225, total reward: 621879.4375
each agent reward: 621879.4375
Episode 226 return: -1519495.0
Episode: 226, total reward: 596720.625
each agent reward: 596720.625
Episode 227 return: -1453645.875
Episode: 227, total reward: 538446.0625
each agent reward: 538446.0625
Episode 228 return: -1348899.25
Episode: 228, total reward: 526592.0625
each agent reward: 526592.0625
Episode 229 return: -1539564.0
Episode: 229, total reward: 507220.96875
each agent reward: 507220.96875
Episode 230 return: -1361689.0
Episode: 230, total reward: 507220.96875
each agent reward: 507220.96875
Episode 231 return: -1411139.625
Episode: 231, total reward: 495182.96875
each agent reward: 495182.96875
Episode 232 return: -1402434.25
Episode: 232, total reward: 520032.15625
each agent reward: 520032.15625
Episode 233 return: -1467575.625
Episode: 233, total reward: 510942.375
each agent reward: 510942.375
Episode 234 return: -1376694.375
Episode: 234, total reward: 570596.75
each agent reward: 570596.75
Episode 235 return: -1448902.375
Episode: 235, total reward: 570596.75
each agent reward: 570596.75
Episode 236 return: -1333831.75
Episode: 236, total reward: 558579.0
each agent reward: 558579.0
Episode 237 return: -1418818.5
Episode: 237, total reward: 610069.0625
each agent reward: 610069.0625
Episode 238 return: -1470373.0
Episode: 238, total reward: 831084.1875
each agent reward: 831084.1875
Episode 239 return: -1353832.625
Episode: 239, total reward: 847944.1875
each agent reward: 847944.1875
Episode 240 return: -1428085.875
Episode: 240, total reward: 847944.1875
each agent reward: 847944.1875
Episode 241 return: -1356076.125
Episode: 241, total reward: 872450.125
each agent reward: 872450.125
Episode 242 return: -1479535.375
Episode: 242, total reward: 970846.3125
each agent reward: 970846.3125
Episode 243 return: -1494905.75
Episode: 243, total reward: 925208.125
each agent reward: 925208.125
Episode 244 return: -1470814.5
Episode: 244, total reward: 1017727.75
each agent reward: 1017727.75
Episode 245 return: -1444517.75
Episode: 245, total reward: 1017727.75
each agent reward: 1017727.75
Episode 246 return: -1604424.0
Episode: 246, total reward: 750150.25
each agent reward: 750150.25
Episode 247 return: -1564316.25
Episode: 247, total reward: 720885.6875
each agent reward: 720885.6875
Episode 248 return: -1521581.5
Episode: 248, total reward: 701021.5
each agent reward: 701021.5
Episode 249 return: -1463384.5
Episode: 249, total reward: 695099.875
each agent reward: 695099.875
Episode 250 return: -1455959.625
Episode: 250, total reward: 695099.875
each agent reward: 695099.875
Episode 251 return: -1476764.625
Episode: 251, total reward: 687414.125
each agent reward: 687414.125
Episode 252 return: -1358465.625
Episode: 252, total reward: 1464758.5
each agent reward: 1464758.5
Episode 253 return: -1376472.625
Episode: 253, total reward: 1376022.5
each agent reward: 1376022.5
Episode 254 return: -1316413.75
Episode: 254, total reward: 1418331.375
each agent reward: 1418331.375
Episode 255 return: -1326871.375
Episode: 255, total reward: 1418331.375
each agent reward: 1418331.375
Episode 256 return: -1280656.625
Episode: 256, total reward: 1487107.625
each agent reward: 1487107.625
Episode 257 return: -1213915.375
Episode: 257, total reward: 1484577.375
each agent reward: 1484577.375
Episode 258 return: -1164452.75
Episode: 258, total reward: 1371869.25
each agent reward: 1371869.25
Episode 259 return: -1155324.875
Episode: 259, total reward: 1385711.875
each agent reward: 1385711.875
Episode 260 return: -2006630.5
Episode: 260, total reward: 1385711.875
each agent reward: 1385711.875
Episode 261 return: -1164143.0
Episode: 261, total reward: 1382168.125
each agent reward: 1382168.125
Episode 262 return: -1155878.75
Episode: 262, total reward: 1451460.625
each agent reward: 1451460.625
Episode 263 return: -1137529.25
Episode: 263, total reward: 1402088.5
each agent reward: 1402088.5
Episode 264 return: -1179040.75
Episode: 264, total reward: 1393207.375
each agent reward: 1393207.375
Episode 265 return: -1141037.875
Episode: 265, total reward: 1393207.375
each agent reward: 1393207.375
Episode 266 return: -991907.25
Episode: 266, total reward: 1369832.5
each agent reward: 1369832.5
Episode 267 return: -1014305.5
Episode: 267, total reward: 1391369.125
each agent reward: 1391369.125
Episode 268 return: -1061696.625
Episode: 268, total reward: 1378781.875
each agent reward: 1378781.875
Episode 269 return: -1017717.875
Episode: 269, total reward: 1418971.875
each agent reward: 1418971.875
Episode 270 return: -1091227.625
Episode: 270, total reward: 1418971.875
each agent reward: 1418971.875
Episode 271 return: -981451.5
Episode: 271, total reward: 1390034.75
each agent reward: 1390034.75
Episode 272 return: -956797.75
Episode: 272, total reward: 1381320.75
each agent reward: 1381320.75
Episode 273 return: -1029426.8125
Episode: 273, total reward: 1452656.625
each agent reward: 1452656.625
Episode 274 return: -936324.4375
Episode: 274, total reward: 1452428.75
each agent reward: 1452428.75
Episode 275 return: -883453.6875
Episode: 275, total reward: 1452428.75
each agent reward: 1452428.75
Episode 276 return: -960161.9375
Episode: 276, total reward: 1492234.625
each agent reward: 1492234.625
Episode 277 return: -987635.4375
Episode: 277, total reward: 1534595.625
each agent reward: 1534595.625
Episode 278 return: -1032266.25
Episode: 278, total reward: 1612344.375
each agent reward: 1612344.375
Episode 279 return: -1005284.4375
Episode: 279, total reward: 1573010.625
each agent reward: 1573010.625
Episode 280 return: -954989.375
Episode: 280, total reward: 1573010.625
each agent reward: 1573010.625
Episode 281 return: -945976.1875
Episode: 281, total reward: 1504576.0
each agent reward: 1504576.0
Episode 282 return: -1033408.75
Episode: 282, total reward: 1588986.625
each agent reward: 1588986.625
Episode 283 return: -1073138.75
Episode: 283, total reward: 1539327.0
each agent reward: 1539327.0
Episode 284 return: -1047206.125
Episode: 284, total reward: 1491335.5
each agent reward: 1491335.5
Episode 285 return: -1017263.6875
Episode: 285, total reward: 1491335.5
each agent reward: 1491335.5
Episode 286 return: -1000506.0
Episode: 286, total reward: 1482122.875
each agent reward: 1482122.875
Episode 287 return: -1054725.375
Episode: 287, total reward: 1452859.25
each agent reward: 1452859.25
Episode 288 return: -1048516.6875
Episode: 288, total reward: 1449499.5
each agent reward: 1449499.5
Episode 289 return: -1103740.125
Episode: 289, total reward: 1448444.0
each agent reward: 1448444.0
Episode 290 return: -1020077.875
Episode: 290, total reward: 1448444.0
each agent reward: 1448444.0
Episode 291 return: -991802.5625
Episode: 291, total reward: 1471429.25
each agent reward: 1471429.25
Episode 292 return: -1060724.625
Episode: 292, total reward: 1564708.75
each agent reward: 1564708.75
Episode 293 return: -1062385.875
Episode: 293, total reward: 1656880.75
each agent reward: 1656880.75
Episode 294 return: -1059715.25
Episode: 294, total reward: 1583832.25
each agent reward: 1583832.25
Episode 295 return: -1126190.0
Episode: 295, total reward: 1583832.25
each agent reward: 1583832.25
Episode 296 return: -1017056.0
Episode: 296, total reward: 1471693.125
each agent reward: 1471693.125
Episode 297 return: -1095601.375
Episode: 297, total reward: 1495784.125
each agent reward: 1495784.125
Episode 298 return: -1068653.375
Episode: 298, total reward: 1433490.375
each agent reward: 1433490.375
Episode 299 return: -1138006.375
Episode: 299, total reward: 1372556.0
each agent reward: 1372556.0
Episode 300 return: -1118410.25
Episode: 300, total reward: 1372556.0
each agent reward: 1372556.0
Episode 301 return: -1037708.375
Episode: 301, total reward: 1320941.25
each agent reward: 1320941.25
Episode 302 return: -1098120.875
Episode: 302, total reward: 1311203.375
each agent reward: 1311203.375
Episode 303 return: -1081179.125
Episode: 303, total reward: 1339715.0
each agent reward: 1339715.0
Episode 304 return: -986248.375
Episode: 304, total reward: 1339018.5
each agent reward: 1339018.5
Episode 305 return: -944224.0
Episode: 305, total reward: 1339018.5
each agent reward: 1339018.5
Episode 306 return: -1009391.875
Episode: 306, total reward: 1335802.375
each agent reward: 1335802.375
Episode 307 return: -982530.5625
Episode: 307, total reward: 1369929.875
each agent reward: 1369929.875
Episode 308 return: -998192.0625
Episode: 308, total reward: 1368683.875
each agent reward: 1368683.875
Episode 309 return: -1033477.625
Episode: 309, total reward: 1395265.75
each agent reward: 1395265.75
Episode 310 return: -2021620.375
Episode: 310, total reward: 1395265.75
each agent reward: 1395265.75
Episode 311 return: -993543.4375
Episode: 311, total reward: 1453002.0
each agent reward: 1453002.0
Episode 312 return: -1021488.8125
Episode: 312, total reward: 1427467.0
each agent reward: 1427467.0
Episode 313 return: -999453.625
Episode: 313, total reward: 1403196.625
each agent reward: 1403196.625
Episode 314 return: -961096.5
Episode: 314, total reward: 1488378.875
each agent reward: 1488378.875
Episode 315 return: -991687.5
Episode: 315, total reward: 1488378.875
each agent reward: 1488378.875
Episode 316 return: -911938.875
Episode: 316, total reward: 1521817.625
each agent reward: 1521817.625
Episode 317 return: -1877762.5
Episode: 317, total reward: 1507900.0
each agent reward: 1507900.0
Episode 318 return: -1972901.5
Episode: 318, total reward: 1525385.125
each agent reward: 1525385.125
Episode 319 return: -1885406.125
Episode: 319, total reward: 1503505.0
each agent reward: 1503505.0
Episode 320 return: -951945.6875
Episode: 320, total reward: 1503505.0
each agent reward: 1503505.0
Episode 321 return: -1013497.3125
Episode: 321, total reward: 1501129.125
each agent reward: 1501129.125
Episode 322 return: -950665.75
Episode: 322, total reward: 1438590.875
each agent reward: 1438590.875
Episode 323 return: -946933.125
Episode: 323, total reward: 1377241.875
each agent reward: 1377241.875
Episode 324 return: -934264.625
Episode: 324, total reward: 1375500.0
each agent reward: 1375500.0
Episode 325 return: -882926.75
Episode: 325, total reward: 1375500.0
each agent reward: 1375500.0
Episode 326 return: -934117.0
Episode: 326, total reward: 1348869.625
each agent reward: 1348869.625
Episode 327 return: -1920097.375
Episode: 327, total reward: 1351798.625
each agent reward: 1351798.625
Episode 328 return: -928597.875
Episode: 328, total reward: 1355546.25
each agent reward: 1355546.25
Episode 329 return: -964552.1875
Episode: 329, total reward: 1446052.875
each agent reward: 1446052.875
Episode 330 return: -1029765.125
Episode: 330, total reward: 1446052.875
each agent reward: 1446052.875
Episode 331 return: -1039897.9375
Episode: 331, total reward: 1520371.0
each agent reward: 1520371.0
Episode 332 return: -1040000.0625
Episode: 332, total reward: 1508470.75
each agent reward: 1508470.75
Episode 333 return: -1028367.0
Episode: 333, total reward: 1500176.375
each agent reward: 1500176.375
Episode 334 return: -1059423.125
Episode: 334, total reward: 1501932.625
each agent reward: 1501932.625
Episode 335 return: -976497.3125
Episode: 335, total reward: 1501932.625
each agent reward: 1501932.625
Episode 336 return: -1805868.375
Episode: 336, total reward: 1559649.625
each agent reward: 1559649.625
Episode 337 return: -907201.625
Episode: 337, total reward: 1512530.625
each agent reward: 1512530.625
Episode 338 return: -952932.25
Episode: 338, total reward: 1511178.25
each agent reward: 1511178.25
Episode 339 return: -951240.8125
Episode: 339, total reward: 1486999.375
each agent reward: 1486999.375
Episode 340 return: -975483.875
Episode: 340, total reward: 1486999.375
each agent reward: 1486999.375
Episode 341 return: -1001116.625
Episode: 341, total reward: 1452229.625
each agent reward: 1452229.625
Episode 342 return: -940225.375
Episode: 342, total reward: 1395474.875
each agent reward: 1395474.875
Episode 343 return: -971637.3125
Episode: 343, total reward: 1398543.5
each agent reward: 1398543.5
Episode 344 return: -951185.0
Episode: 344, total reward: 1395327.875
each agent reward: 1395327.875
Episode 345 return: -975109.0
Episode: 345, total reward: 1395327.875
each agent reward: 1395327.875
Episode 346 return: -1891246.0
Episode: 346, total reward: 1421057.625
each agent reward: 1421057.625
Episode 347 return: -978230.0625
Episode: 347, total reward: 1431315.5
each agent reward: 1431315.5
Episode 348 return: -952586.5625
Episode: 348, total reward: 1464287.5
each agent reward: 1464287.5
Episode 349 return: -1106534.125
Episode: 349, total reward: 1461172.0
each agent reward: 1461172.0
Episode 350 return: -997838.6875
Episode: 350, total reward: 1461172.0
each agent reward: 1461172.0
Episode 351 return: -894065.4375
Episode: 351, total reward: 1345772.625
each agent reward: 1345772.625
Episode 352 return: -1025051.8125
Episode: 352, total reward: 1379157.375
each agent reward: 1379157.375
Episode 353 return: -1010424.4375
Episode: 353, total reward: 1509340.875
each agent reward: 1509340.875
Episode 354 return: -1061591.125
Episode: 354, total reward: 1490385.5
each agent reward: 1490385.5
Episode 355 return: -997335.75
Episode: 355, total reward: 1490385.5
each agent reward: 1490385.5
Episode 356 return: -986543.3125
Episode: 356, total reward: 1490747.625
each agent reward: 1490747.625
Episode 357 return: -1054642.0
Episode: 357, total reward: 1482771.125
each agent reward: 1482771.125
Episode 358 return: -1008941.4375
Episode: 358, total reward: 1455341.125
each agent reward: 1455341.125
Episode 359 return: -1073643.125
Episode: 359, total reward: 1484784.25
each agent reward: 1484784.25
Episode 360 return: -1869092.5
Episode: 360, total reward: 1484784.25
each agent reward: 1484784.25
Episode 361 return: -1001216.75
Episode: 361, total reward: 1482242.625
each agent reward: 1482242.625
Episode 362 return: -1001230.5
Episode: 362, total reward: 1529113.875
each agent reward: 1529113.875
Episode 363 return: -970296.375
Episode: 363, total reward: 1445497.5
each agent reward: 1445497.5
Episode 364 return: -1008021.875
Episode: 364, total reward: 1424558.0
each agent reward: 1424558.0
Episode 365 return: -1051982.75
Episode: 365, total reward: 1424558.0
each agent reward: 1424558.0
Episode 366 return: -987533.75
Episode: 366, total reward: 1392307.5
each agent reward: 1392307.5
Episode 367 return: -1911892.375
Episode: 367, total reward: 1390070.0
each agent reward: 1390070.0
Episode 368 return: -905294.375
Episode: 368, total reward: 1361202.25
each agent reward: 1361202.25
Episode 369 return: -1135205.0
Episode: 369, total reward: 1361691.75
each agent reward: 1361691.75
Episode 370 return: -1915542.5
Episode: 370, total reward: 1361691.75
each agent reward: 1361691.75
Episode 371 return: -945373.0625
Episode: 371, total reward: 1390391.625
each agent reward: 1390391.625
Episode 372 return: -941455.5625
Episode: 372, total reward: 1392377.5
each agent reward: 1392377.5
Episode 373 return: -972157.5
Episode: 373, total reward: 1371736.25
each agent reward: 1371736.25
Episode 374 return: -971924.375
Episode: 374, total reward: 1373210.875
each agent reward: 1373210.875
Episode 375 return: -931318.6875
Episode: 375, total reward: 1373210.875
each agent reward: 1373210.875
Episode 376 return: -923861.1875
Episode: 376, total reward: 1343225.75
each agent reward: 1343225.75
Episode 377 return: -1025490.3125
Episode: 377, total reward: 1309659.25
each agent reward: 1309659.25
Episode 378 return: -981002.6875
Episode: 378, total reward: 1341214.75
each agent reward: 1341214.75
Episode 379 return: -820068.0
Episode: 379, total reward: 1367136.125
each agent reward: 1367136.125
Episode 380 return: -1014981.0
Episode: 380, total reward: 1367136.125
each agent reward: 1367136.125
Episode 381 return: -896054.0625
Episode: 381, total reward: 1333003.0
each agent reward: 1333003.0
Episode 382 return: -905508.6875
Episode: 382, total reward: 1332291.75
each agent reward: 1332291.75
Episode 383 return: -936502.8125
Episode: 383, total reward: 1332748.125
each agent reward: 1332748.125
Episode 384 return: -1015754.875
Episode: 384, total reward: 1337496.5
each agent reward: 1337496.5
Episode 385 return: -927748.625
Episode: 385, total reward: 1337496.5
each agent reward: 1337496.5
Episode 386 return: -938036.0
Episode: 386, total reward: 1402416.625
each agent reward: 1402416.625
Episode 387 return: -913302.8125
Episode: 387, total reward: 1413178.125
each agent reward: 1413178.125
Episode 388 return: -932339.125
Episode: 388, total reward: 1451278.125
each agent reward: 1451278.125
Episode 389 return: -915600.1875
Episode: 389, total reward: 1462969.0
each agent reward: 1462969.0
Episode 390 return: -926528.6875
Episode: 390, total reward: 1462969.0
each agent reward: 1462969.0
Episode 391 return: -934448.3125
Episode: 391, total reward: 1387497.0
each agent reward: 1387497.0
Episode 392 return: -926553.5
Episode: 392, total reward: 1402270.625
each agent reward: 1402270.625
Episode 393 return: -809959.8125
Episode: 393, total reward: 1328942.75
each agent reward: 1328942.75
Episode 394 return: -901769.3125
Episode: 394, total reward: 1331669.0
each agent reward: 1331669.0
Episode 395 return: -904197.875
Episode: 395, total reward: 1331669.0
each agent reward: 1331669.0
Episode 396 return: -952513.5
Episode: 396, total reward: 1362250.125
each agent reward: 1362250.125
Episode 397 return: -888509.0625
Episode: 397, total reward: 1366895.0
each agent reward: 1366895.0
Episode 398 return: -1768416.5
Episode: 398, total reward: 1393255.375
each agent reward: 1393255.375
Episode 399 return: -1712983.875
Episode: 399, total reward: 1392661.5
each agent reward: 1392661.5
Episode 400 return: -891794.4375
Episode: 400, total reward: 1392661.5
each agent reward: 1392661.5
Episode 401 return: -1788617.5
Episode: 401, total reward: 1392100.5
each agent reward: 1392100.5
Episode 402 return: -1726758.5
Episode: 402, total reward: 1392107.25
each agent reward: 1392107.25
Episode 403 return: -819022.6875
Episode: 403, total reward: 1390829.75
each agent reward: 1390829.75
Episode 404 return: -851483.25
Episode: 404, total reward: 1420003.75
each agent reward: 1420003.75
Episode 405 return: -876710.125
Episode: 405, total reward: 1420003.75
each agent reward: 1420003.75
Episode 406 return: -765565.0625
Episode: 406, total reward: 1394614.25
each agent reward: 1394614.25
Episode 407 return: -1783697.25
Episode: 407, total reward: 1423844.375
each agent reward: 1423844.375
Episode 408 return: -1719367.5
Episode: 408, total reward: 1452599.25
each agent reward: 1452599.25
Episode 409 return: -745420.375
Episode: 409, total reward: 1453289.625
each agent reward: 1453289.625
Episode 410 return: -1689354.625
Episode: 410, total reward: 1453289.625
each agent reward: 1453289.625
Episode 411 return: -1711327.25
Episode: 411, total reward: 1452170.625
each agent reward: 1452170.625
Episode 412 return: -1704452.875
Episode: 412, total reward: 1420721.0
each agent reward: 1420721.0
Episode 413 return: -1715252.75
Episode: 413, total reward: 1449724.625
each agent reward: 1449724.625
Episode 414 return: -1641298.25
Episode: 414, total reward: 1451569.875
each agent reward: 1451569.875
Episode 415 return: -1689081.25
Episode: 415, total reward: 1451569.875
each agent reward: 1451569.875
Episode 416 return: -733262.0625
Episode: 416, total reward: 1421472.375
each agent reward: 1421472.375
Episode 417 return: -1768509.5
Episode: 417, total reward: 1421494.375
each agent reward: 1421494.375
Episode 418 return: -1740194.5
Episode: 418, total reward: 1420340.625
each agent reward: 1420340.625
Episode 419 return: -779644.5625
Episode: 419, total reward: 1423712.125
each agent reward: 1423712.125
Episode 420 return: -744844.0625
Episode: 420, total reward: 1423712.125
each agent reward: 1423712.125
Episode 421 return: -1793117.5
Episode: 421, total reward: 1452197.125
each agent reward: 1452197.125
Episode 422 return: -752554.75
Episode: 422, total reward: 1452922.875
each agent reward: 1452922.875
Episode 423 return: -1834229.875
Episode: 423, total reward: 1452241.125
each agent reward: 1452241.125
Episode 424 return: -1867934.125
Episode: 424, total reward: 1452004.25
each agent reward: 1452004.25
Episode 425 return: -1723509.75
Episode: 425, total reward: 1452004.25
each agent reward: 1452004.25
Episode 426 return: -1670311.625
Episode: 426, total reward: 1450462.875
each agent reward: 1450462.875
Episode 427 return: -1657794.375
Episode: 427, total reward: 1451602.125
each agent reward: 1451602.125
Episode 428 return: -1722407.625
Episode: 428, total reward: 1480490.625
each agent reward: 1480490.625
Episode 429 return: -782297.8125
Episode: 429, total reward: 1508626.875
each agent reward: 1508626.875
Episode 430 return: -1792054.0
Episode: 430, total reward: 1508626.875
each agent reward: 1508626.875
Episode 431 return: -1765956.0
Episode: 431, total reward: 1479246.375
each agent reward: 1479246.375
Episode 432 return: -1745823.75
Episode: 432, total reward: 1478004.0
each agent reward: 1478004.0
Episode 433 return: -1643868.125
Episode: 433, total reward: 1479195.125
each agent reward: 1479195.125
Episode 434 return: -1825334.625
Episode: 434, total reward: 1479738.625
each agent reward: 1479738.625
Episode 435 return: -1695346.125
Episode: 435, total reward: 1479738.625
each agent reward: 1479738.625
Episode 436 return: -1691292.875
Episode: 436, total reward: 1451401.75
each agent reward: 1451401.75
Episode 437 return: -1740714.0
Episode: 437, total reward: 1421893.25
each agent reward: 1421893.25
Episode 438 return: -807364.0
Episode: 438, total reward: 1421142.125
each agent reward: 1421142.125
Episode 439 return: -1658265.0
Episode: 439, total reward: 1420420.875
each agent reward: 1420420.875
Episode 440 return: -1676692.125
Episode: 440, total reward: 1420420.875
each agent reward: 1420420.875
Episode 441 return: -731521.4375
Episode: 441, total reward: 1419561.75
each agent reward: 1419561.75
Episode 442 return: -1675439.0
Episode: 442, total reward: 1419987.5
each agent reward: 1419987.5
Episode 443 return: -1706593.5
Episode: 443, total reward: 1419596.625
each agent reward: 1419596.625
Episode 444 return: -1671885.0
Episode: 444, total reward: 1455258.5
each agent reward: 1455258.5
Episode 445 return: -1799606.75
Episode: 445, total reward: 1455258.5
each agent reward: 1455258.5
Episode 446 return: -874980.9375
Episode: 446, total reward: 1488992.5
each agent reward: 1488992.5
Episode 447 return: -887054.375
Episode: 447, total reward: 1490080.25
each agent reward: 1490080.25
Episode 448 return: -1710659.625
Episode: 448, total reward: 1419873.375
each agent reward: 1419873.375
Episode 449 return: -805902.8125
Episode: 449, total reward: 1419656.5
each agent reward: 1419656.5
Episode 450 return: -1758781.75
Episode: 450, total reward: 1419656.5
each agent reward: 1419656.5
Episode 451 return: -809347.3125
Episode: 451, total reward: 1420579.25
each agent reward: 1420579.25
Episode 452 return: -1699515.0
Episode: 452, total reward: 1419679.75
each agent reward: 1419679.75
Episode 453 return: -757136.0
Episode: 453, total reward: 1418402.25
each agent reward: 1418402.25
Episode 454 return: -1669036.75
Episode: 454, total reward: 1418998.625
each agent reward: 1418998.625
Episode 455 return: -1792401.5
Episode: 455, total reward: 1418998.625
each agent reward: 1418998.625
Episode 456 return: -776904.0
Episode: 456, total reward: 1420369.75
each agent reward: 1420369.75
Episode 457 return: -807313.625
Episode: 457, total reward: 1452844.0
each agent reward: 1452844.0
Episode 458 return: -827332.6875
Episode: 458, total reward: 1453817.625
each agent reward: 1453817.625
Episode 459 return: -773139.375
Episode: 459, total reward: 1453990.125
each agent reward: 1453990.125
Episode 460 return: -1600735.0
Episode: 460, total reward: 1453990.125
each agent reward: 1453990.125
Episode 461 return: -729141.75
Episode: 461, total reward: 1452390.375
each agent reward: 1452390.375
Episode 462 return: -771183.625
Episode: 462, total reward: 1450095.375
each agent reward: 1450095.375
Episode 463 return: -1651333.375
Episode: 463, total reward: 1450042.75
each agent reward: 1450042.75
Episode 464 return: -777605.5
Episode: 464, total reward: 1450008.125
each agent reward: 1450008.125
Episode 465 return: -764443.625
Episode: 465, total reward: 1450008.125
each agent reward: 1450008.125
Episode 466 return: -1767376.125
Episode: 466, total reward: 1450171.375
each agent reward: 1450171.375
Episode 467 return: -1710384.75
Episode: 467, total reward: 1448865.875
each agent reward: 1448865.875
Episode 468 return: -739482.625
Episode: 468, total reward: 1448873.0
each agent reward: 1448873.0
Episode 469 return: -1742964.25
Episode: 469, total reward: 1448873.0
each agent reward: 1448873.0
Episode 470 return: -787523.1875
Episode: 470, total reward: 1448873.0
each agent reward: 1448873.0
Episode 471 return: -1740073.0
Episode: 471, total reward: 1450441.0
each agent reward: 1450441.0
Episode 472 return: -761923.9375
Episode: 472, total reward: 1450431.125
each agent reward: 1450431.125
Episode 473 return: -1644424.875
Episode: 473, total reward: 1450756.625
each agent reward: 1450756.625
Episode 474 return: -1606562.25
Episode: 474, total reward: 1450104.375
each agent reward: 1450104.375
Episode 475 return: -1628353.375
Episode: 475, total reward: 1450104.375
each agent reward: 1450104.375
Episode 476 return: -1696876.25
Episode: 476, total reward: 1448666.375
each agent reward: 1448666.375
Episode 477 return: -823947.5625
Episode: 477, total reward: 1448666.375
each agent reward: 1448666.375
Episode 478 return: -1713801.75
Episode: 478, total reward: 1448666.375
each agent reward: 1448666.375
Episode 479 return: -771633.25
Episode: 479, total reward: 1450130.375
each agent reward: 1450130.375
Episode 480 return: -735211.625
Episode: 480, total reward: 1450130.375
each agent reward: 1450130.375
Episode 481 return: -1569957.125
Episode: 481, total reward: 1451904.5
each agent reward: 1451904.5
Episode 482 return: -1717493.75
Episode: 482, total reward: 1451845.75
each agent reward: 1451845.75
Episode 483 return: -1756471.5
Episode: 483, total reward: 1451511.125
each agent reward: 1451511.125
Episode 484 return: -1722375.75
Episode: 484, total reward: 1449122.75
each agent reward: 1449122.75
Episode 485 return: -1693315.125
Episode: 485, total reward: 1449122.75
each agent reward: 1449122.75
Episode 486 return: -751629.5625
Episode: 486, total reward: 1449133.0
each agent reward: 1449133.0
Episode 487 return: -802303.875
Episode: 487, total reward: 1450879.75
each agent reward: 1450879.75
Episode 488 return: -1751075.5
Episode: 488, total reward: 1452799.625
each agent reward: 1452799.625
Episode 489 return: -1856755.125
Episode: 489, total reward: 1450431.875
each agent reward: 1450431.875
Episode 490 return: -798745.375
Episode: 490, total reward: 1450431.875
each agent reward: 1450431.875
Episode 491 return: -1744036.375
Episode: 491, total reward: 1451171.125
each agent reward: 1451171.125
Episode 492 return: -846493.625
Episode: 492, total reward: 1453445.25
each agent reward: 1453445.25
Episode 493 return: -1833349.875
Episode: 493, total reward: 1451055.125
each agent reward: 1451055.125
Episode 494 return: -1777636.5
Episode: 494, total reward: 1452248.25
each agent reward: 1452248.25
Episode 495 return: -2004201.75
Episode: 495, total reward: 1452248.25
each agent reward: 1452248.25
Episode 496 return: -906631.9375
Episode: 496, total reward: 1451274.25
each agent reward: 1451274.25
Episode 497 return: -1748005.375
Episode: 497, total reward: 1452242.875
each agent reward: 1452242.875
Episode 498 return: -1737890.375
Episode: 498, total reward: 1451138.0
each agent reward: 1451138.0
Episode 499 return: -1809117.75
Episode: 499, total reward: 1450009.625
each agent reward: 1450009.625
Episode 500 return: -896524.8125
Episode: 500, total reward: 1450009.625
each agent reward: 1450009.625
Episode 501 return: -918243.8125
Episode: 501, total reward: 1450839.75
each agent reward: 1450839.75
Episode 502 return: -1940079.375
Episode: 502, total reward: 1452805.125
each agent reward: 1452805.125
Episode 503 return: -939383.6875
Episode: 503, total reward: 1453563.625
each agent reward: 1453563.625
Episode 504 return: -828560.9375
Episode: 504, total reward: 1453278.5
each agent reward: 1453278.5
Episode 505 return: -1887714.0
Episode: 505, total reward: 1453278.5
each agent reward: 1453278.5
Episode 506 return: -1884466.5
Episode: 506, total reward: 1454438.0
each agent reward: 1454438.0
Episode 507 return: -898407.8125
Episode: 507, total reward: 1453727.375
each agent reward: 1453727.375
Episode 508 return: -947839.0
Episode: 508, total reward: 1453366.25
each agent reward: 1453366.25
Episode 509 return: -942701.25
Episode: 509, total reward: 1453416.875
each agent reward: 1453416.875
Episode 510 return: -920784.9375
Episode: 510, total reward: 1453416.875
each agent reward: 1453416.875
Episode 511 return: -904114.125
Episode: 511, total reward: 1452750.125
each agent reward: 1452750.125
Episode 512 return: -973573.0625
Episode: 512, total reward: 1453145.5
each agent reward: 1453145.5
Episode 513 return: -1876656.0
Episode: 513, total reward: 1453707.875
each agent reward: 1453707.875
Episode 514 return: -1925787.5
Episode: 514, total reward: 1455630.125
each agent reward: 1455630.125
Episode 515 return: -933867.5625
Episode: 515, total reward: 1455630.125
each agent reward: 1455630.125
Episode 516 return: -970593.0
Episode: 516, total reward: 1456832.25
each agent reward: 1456832.25
Episode 517 return: -1035782.875
Episode: 517, total reward: 1460430.25
each agent reward: 1460430.25
Episode 518 return: -1931381.625
Episode: 518, total reward: 1458281.875
each agent reward: 1458281.875
Episode 519 return: -1030107.25
Episode: 519, total reward: 1458579.0
each agent reward: 1458579.0
Episode 520 return: -934920.75
Episode: 520, total reward: 1458579.0
each agent reward: 1458579.0
Episode 521 return: -1857214.75
Episode: 521, total reward: 1459161.5
each agent reward: 1459161.5
Episode 522 return: -1905070.25
Episode: 522, total reward: 1456572.875
each agent reward: 1456572.875
Episode 523 return: -1096020.0
Episode: 523, total reward: 1453893.5
each agent reward: 1453893.5
Episode 524 return: -1962579.625
Episode: 524, total reward: 1451368.75
each agent reward: 1451368.75
Episode 525 return: -1007960.375
Episode: 525, total reward: 1451368.75
each agent reward: 1451368.75
Episode 526 return: -1037543.25
Episode: 526, total reward: 1450619.25
each agent reward: 1450619.25
Episode 527 return: -1061932.625
Episode: 527, total reward: 1452316.5
each agent reward: 1452316.5
Episode 528 return: -998513.625
Episode: 528, total reward: 1452880.5
each agent reward: 1452880.5
Episode 529 return: -1998950.375
Episode: 529, total reward: 1451455.125
each agent reward: 1451455.125
Episode 530 return: -1877174.25
Episode: 530, total reward: 1451455.125
each agent reward: 1451455.125
Episode 531 return: -1032720.1875
Episode: 531, total reward: 1450854.125
each agent reward: 1450854.125
Episode 532 return: -1820098.125
Episode: 532, total reward: 1452038.5
each agent reward: 1452038.5
Episode 533 return: -1894297.375
Episode: 533, total reward: 1451890.25
each agent reward: 1451890.25
Episode 534 return: -1977843.375
Episode: 534, total reward: 1450345.875
each agent reward: 1450345.875
Episode 535 return: -1933770.5
Episode: 535, total reward: 1450345.875
each agent reward: 1450345.875
Episode 536 return: -1899944.75
Episode: 536, total reward: 1450734.0
each agent reward: 1450734.0
Episode 537 return: -1973508.375
Episode: 537, total reward: 1451370.75
each agent reward: 1451370.75
Episode 538 return: -1008974.625
Episode: 538, total reward: 1450888.75
each agent reward: 1450888.75
Episode 539 return: -1048544.6875
Episode: 539, total reward: 1453981.875
each agent reward: 1453981.875
Episode 540 return: -991964.625
Episode: 540, total reward: 1453981.875
each agent reward: 1453981.875
Episode 541 return: -2099305.5
Episode: 541, total reward: 1454914.25
each agent reward: 1454914.25
Episode 542 return: -2034735.5
Episode: 542, total reward: 1457703.75
each agent reward: 1457703.75
Episode 543 return: -1062543.625
Episode: 543, total reward: 1428318.25
each agent reward: 1428318.25
Episode 544 return: -1130012.25
Episode: 544, total reward: 1425988.125
each agent reward: 1425988.125
Episode 545 return: -1959041.375
Episode: 545, total reward: 1425988.125
each agent reward: 1425988.125
Episode 546 return: -1091202.25
Episode: 546, total reward: 1427721.125
each agent reward: 1427721.125
Episode 547 return: -1033133.8125
Episode: 547, total reward: 1426367.375
each agent reward: 1426367.375
Episode 548 return: -2005388.25
Episode: 548, total reward: 1424175.125
each agent reward: 1424175.125
Episode 549 return: -1002487.8125
Episode: 549, total reward: 1422365.125
each agent reward: 1422365.125
Episode 550 return: -1057656.25
Episode: 550, total reward: 1422365.125
each agent reward: 1422365.125
Episode 551 return: -1898752.5
Episode: 551, total reward: 1422742.625
each agent reward: 1422742.625
Episode 552 return: -2113225.5
Episode: 552, total reward: 1423755.25
each agent reward: 1423755.25
Episode 553 return: -1158112.625
Episode: 553, total reward: 1425150.625
each agent reward: 1425150.625
Episode 554 return: -2121858.5
Episode: 554, total reward: 1425835.125
each agent reward: 1425835.125
Episode 555 return: -1104023.25
Episode: 555, total reward: 1425835.125
each agent reward: 1425835.125
Episode 556 return: -1190306.25
Episode: 556, total reward: 1424386.5
each agent reward: 1424386.5
Episode 557 return: -1089791.625
Episode: 557, total reward: 1424665.5
each agent reward: 1424665.5
Episode 558 return: -2019677.125
Episode: 558, total reward: 1427251.75
each agent reward: 1427251.75
Episode 559 return: -1081473.875
Episode: 559, total reward: 1426352.0
each agent reward: 1426352.0
Episode 560 return: -1085911.875
Episode: 560, total reward: 1426352.0
each agent reward: 1426352.0
Episode 561 return: -1072477.0
Episode: 561, total reward: 1424647.0
each agent reward: 1424647.0
Episode 562 return: -1081814.5
Episode: 562, total reward: 1424412.5
each agent reward: 1424412.5
Episode 563 return: -1164818.5
Episode: 563, total reward: 1429316.875
each agent reward: 1429316.875
Episode 564 return: -1101144.25
Episode: 564, total reward: 1427586.875
each agent reward: 1427586.875
Episode 565 return: -2022713.5
Episode: 565, total reward: 1427586.875
each agent reward: 1427586.875
Episode 566 return: -2005174.625
Episode: 566, total reward: 1427685.875
each agent reward: 1427685.875
Episode 567 return: -1957482.375
Episode: 567, total reward: 1430361.25
each agent reward: 1430361.25
Episode 568 return: -1069351.875
Episode: 568, total reward: 1429189.375
each agent reward: 1429189.375
Episode 569 return: -1039191.75
Episode: 569, total reward: 1429372.0
each agent reward: 1429372.0
Episode 570 return: -2067985.5
Episode: 570, total reward: 1429372.0
each agent reward: 1429372.0
Episode 571 return: -1000641.5
Episode: 571, total reward: 1427999.75
each agent reward: 1427999.75
Episode 572 return: -2031917.125
Episode: 572, total reward: 1430078.625
each agent reward: 1430078.625
Episode 573 return: -934917.3125
Episode: 573, total reward: 1431546.25
each agent reward: 1431546.25
Episode 574 return: -980841.8125
Episode: 574, total reward: 1430695.375
each agent reward: 1430695.375
Episode 575 return: -1947720.875
Episode: 575, total reward: 1430695.375
each agent reward: 1430695.375
Episode 576 return: -1867772.125
Episode: 576, total reward: 1430138.5
each agent reward: 1430138.5
Episode 577 return: -1013382.0625
Episode: 577, total reward: 1426283.125
each agent reward: 1426283.125
Episode 578 return: -1049337.25
Episode: 578, total reward: 1425210.0
each agent reward: 1425210.0
Episode 579 return: -1076627.5
Episode: 579, total reward: 1425975.375
each agent reward: 1425975.375
Episode 580 return: -1019853.0
Episode: 580, total reward: 1425975.375
each agent reward: 1425975.375
Episode 581 return: -1184941.625
Episode: 581, total reward: 1429130.875
each agent reward: 1429130.875
Episode 582 return: -1050491.0
Episode: 582, total reward: 1430027.75
each agent reward: 1430027.75
Episode 583 return: -1072281.375
Episode: 583, total reward: 1435195.125
each agent reward: 1435195.125
Episode 584 return: -1958709.875
Episode: 584, total reward: 1432050.875
each agent reward: 1432050.875
Episode 585 return: -2012556.25
Episode: 585, total reward: 1432050.875
each agent reward: 1432050.875
Episode 586 return: -1122359.75
Episode: 586, total reward: 1435113.0
each agent reward: 1435113.0
Episode 587 return: -1119604.0
Episode: 587, total reward: 1431396.375
each agent reward: 1431396.375
Episode 588 return: -1188335.5
Episode: 588, total reward: 1431606.375
each agent reward: 1431606.375
Episode 589 return: -1137269.75
Episode: 589, total reward: 1400101.0
each agent reward: 1400101.0
Episode 590 return: -1167860.25
Episode: 590, total reward: 1400101.0
each agent reward: 1400101.0
Episode 591 return: -1997170.75
Episode: 591, total reward: 1401044.5
each agent reward: 1401044.5
Episode 592 return: -1983838.75
Episode: 592, total reward: 1398018.125
each agent reward: 1398018.125
Episode 593 return: -968790.5625
Episode: 593, total reward: 1398408.75
each agent reward: 1398408.75
Episode 594 return: -1044278.9375
Episode: 594, total reward: 1397423.125
each agent reward: 1397423.125
Episode 595 return: -957348.5
Episode: 595, total reward: 1397423.125
each agent reward: 1397423.125
Episode 596 return: -983088.5
Episode: 596, total reward: 1400030.75
each agent reward: 1400030.75
Episode 597 return: -970103.5
Episode: 597, total reward: 1401047.625
each agent reward: 1401047.625
Episode 598 return: -1006469.9375
Episode: 598, total reward: 1397500.25
each agent reward: 1397500.25
Episode 599 return: -1021411.8125
Episode: 599, total reward: 1394755.75
each agent reward: 1394755.75
