Episode: 100, total reward: 125.06
each agent reward: [41.96, 66.15, 33.99, -2.7, -5.05, -5.56, -0.15, -0.6, -0.26, 0.37, 1.34, 1.04, -5.47]
Episode: 200, total reward: 85.44999999999999
each agent reward: [42.03, 34.67, 34.39, -2.6, -0.47, -4.37, -0.44, -6.15, 0.86, -3.01, -1.17, -2.87, -5.42]
Episode: 300, total reward: 76.59
each agent reward: [25.82, 33.65, 34.03, -0.27, -0.62, -0.39, -2.83, -0.66, -3.1, -5.95, -1.86, -0.93, -0.3]
Episode: 400, total reward: 138.11999999999998
each agent reward: [50.04, 58.03, 34.01, 4.02, -0.44, -0.08, 1.19, -3.07, 0.76, -0.25, 0.25, -0.53, -5.81]
Episode: 500, total reward: 137.15999999999997
each agent reward: [50.34, 58.0, 34.09, 4.11, -5.36, 2.54, 1.47, -1.61, -4.53, -0.19, -1.27, -0.22, -0.21]
Episode: 600, total reward: 107.67000000000002
each agent reward: [50.26, 33.84, 32.95, -1.52, 0.01, 0.89, -2.8, -0.32, 1.4, 1.03, 0.85, -3.25, -5.67]
Episode: 700, total reward: 109.1
each agent reward: [50.32, 33.61, 34.08, -1.6, 0.05, 0.84, -0.5, -1.9, 1.2, 0.82, -4.23, -3.11, -0.48]
Episode: 800, total reward: 104.57
each agent reward: [49.76, 34.31, 34.15, -1.63, -5.49, -0.42, -0.41, -0.43, 2.46, -0.37, -1.45, -0.6, -5.31]
Episode: 900, total reward: 105.63999999999997
each agent reward: [50.54, 34.36, 34.01, -4.08, 2.24, -3.98, -2.79, -1.65, 2.54, 1.22, -3.56, -3.03, -0.18]
Episode: 1000, total reward: 101.74000000000001
each agent reward: [49.93, 34.12, 34.58, -4.07, -0.25, -1.54, -3.43, -0.58, 1.18, -0.63, -1.58, -0.58, -5.41]
Episode: 1100, total reward: 127.35
each agent reward: [58.11, 34.48, 33.76, 0.89, -5.71, 1.16, 5.14, 1.13, 1.42, -0.21, -0.09, -2.38, -0.35]
Episode: 1200, total reward: 152.27000000000004
each agent reward: [57.65, 33.72, 56.39, 1.12, 0.99, 0.24, 0.3, 0.78, 5.57, -2.64, -3.66, 0.15, 1.66]
Episode: 1300, total reward: 99.88000000000001
each agent reward: [41.9, 33.6, 33.84, -4.8, -0.16, -1.73, -0.51, -1.35, 5.26, -1.79, -3.21, -1.51, 0.34]
Episode: 1400, total reward: 105.9
each agent reward: [52.5, 33.87, 34.33, -4.12, -1.64, -0.49, -2.95, 0.63, 0.5, -0.35, 2.18, -3.14, -5.42]
Episode: 1500, total reward: 114.78
each agent reward: [56.88, 33.97, 33.77, 0.26, -1.58, -0.18, -3.2, 1.34, 1.12, -2.9, -3.08, -1.94, 0.32]
Episode: 1600, total reward: 118.22
each agent reward: [57.24, 33.8, 33.09, 2.24, -0.16, -1.47, -0.4, 0.59, -5.59, -0.36, 3.68, -2.89, -1.55]
Episode: 1700, total reward: 112.18999999999998
each agent reward: [58.07, 34.05, 34.32, -3.23, -0.01, -1.23, 0.26, 1.35, -2.94, -0.28, -2.76, -2.49, -2.92]
Episode: 1800, total reward: 116.42000000000002
each agent reward: [57.91, 34.09, 33.79, -4.77, -2.52, 0.4, -2.19, -0.05, 1.02, 0.39, 3.31, -3.6, -1.36]
Episode: 1900, total reward: 112.71000000000001
each agent reward: [57.7, 33.77, 33.81, -2.88, -2.09, -1.73, -3.28, 0.73, 1.59, -0.25, 1.34, -3.43, -2.57]
Episode: 2000, total reward: 122.43999999999998
each agent reward: [57.63, 34.22, 34.17, 1.28, -0.93, -0.81, -0.38, 0.23, -2.97, 0.05, 2.85, -3.18, 0.28]
Episode: 2100, total reward: 116.36
each agent reward: [58.0, 34.34, 34.31, -3.02, -2.52, -1.51, -0.95, 0.38, 0.32, -2.36, 3.72, -3.55, -0.8]
Episode: 2200, total reward: 117.47999999999998
each agent reward: [57.58, 33.94, 33.5, -2.93, -2.67, -0.81, -2.42, 0.74, 1.46, -1.59, 3.51, -3.13, 0.3]
Episode: 2300, total reward: 115.58
each agent reward: [58.16, 34.56, 33.44, -2.63, -2.74, -2.04, -2.28, 0.87, -0.37, -1.97, 4.16, -3.41, -0.17]
Episode: 2400, total reward: 115.32000000000001
each agent reward: [57.94, 33.77, 34.17, -2.36, -2.57, -1.62, -1.15, 0.44, -0.56, -1.45, 3.79, -2.8, -2.28]
Episode: 2500, total reward: 113.11
each agent reward: [57.55, 33.45, 34.28, -2.75, -2.55, -1.41, -2.14, 0.47, -0.53, -2.23, 3.36, -3.77, -0.62]
Episode: 2600, total reward: 114.80000000000001
each agent reward: [57.65, 33.77, 33.92, -2.68, -2.74, -1.74, -1.75, 0.39, -0.25, -1.64, 3.73, -3.59, -0.27]
Episode: 2700, total reward: 114.31
each agent reward: [57.92, 33.55, 33.81, -0.76, -2.69, -1.83, -2.09, 0.23, -0.05, -2.5, 4.05, -3.08, -2.25]
Episode: 2800, total reward: 112.77
each agent reward: [57.41, 33.7, 33.9, -1.46, -2.84, -1.96, -2.37, 0.48, -0.16, -1.48, 0.97, -3.25, -0.17]
Episode: 2900, total reward: 114.49
each agent reward: [58.24, 33.89, 33.57, -0.97, -2.32, -1.88, -1.98, 0.02, -2.4, -0.89, 3.68, -3.22, -1.25]
Episode: 3000, total reward: 114.96999999999998
each agent reward: [58.23, 34.16, 34.19, -1.05, -2.2, -2.06, -2.27, 0.08, -2.2, -0.45, 3.54, -3.69, -1.31]
Episode: 3100, total reward: 111.60000000000001
each agent reward: [57.9, 33.97, 33.86, -2.03, -2.75, -2.14, -2.37, -0.38, -2.8, -0.88, 3.67, -3.04, -1.41]
Episode: 3200, total reward: 113.76999999999997
each agent reward: [57.44, 34.2, 34.12, -1.65, -2.67, -2.38, -1.89, 0.34, -2.14, -0.48, 3.82, -3.43, -1.51]
Episode: 3300, total reward: 112.90000000000002
each agent reward: [58.13, 33.95, 33.47, -2.19, -2.9, -1.78, -1.41, -0.35, -2.22, -1.46, 4.12, -2.92, -1.54]
Episode: 3400, total reward: 113.95999999999997
each agent reward: [57.91, 34.06, 34.05, -1.39, -2.86, -2.14, -1.43, -0.28, -2.12, -1.68, 4.19, -3.31, -1.04]
Episode: 3500, total reward: 113.60000000000001
each agent reward: [58.15, 33.84, 34.13, -2.22, -2.8, -1.98, -1.12, -0.49, -2.19, -0.86, 3.75, -3.51, -1.1]
Episode: 3600, total reward: 114.61999999999999
each agent reward: [58.22, 34.25, 34.44, -1.56, -2.65, -1.8, -1.09, -0.55, -2.11, -1.37, 3.5, -3.14, -1.52]
Episode: 3700, total reward: 114.11999999999999
each agent reward: [57.78, 34.14, 34.04, -1.56, -3.02, -1.48, -1.39, -0.54, -1.85, -1.04, 3.59, -3.51, -1.04]
Episode: 3800, total reward: 136.42
each agent reward: [57.9, 33.98, 49.95, -1.28, -2.99, -1.84, 1.03, 0.13, -1.66, 0.12, 3.6, -1.48, -1.04]
Episode: 3900, total reward: 138.35999999999999
each agent reward: [57.65, 34.11, 49.88, -1.31, -2.73, -0.54, 1.39, 0.41, -1.57, 0.61, 3.94, -2.4, -1.08]
Episode: 4000, total reward: 138.49
each agent reward: [56.94, 34.28, 49.99, -1.21, -2.31, -0.59, 2.83, -0.42, -1.6, -0.11, 3.79, -2.48, -0.62]
Episode: 4100, total reward: 137.73999999999992
each agent reward: [57.78, 33.85, 50.08, -1.25, -2.61, -1.69, 2.35, -0.11, -1.75, 1.25, 3.2, -2.0, -1.36]
Episode: 4200, total reward: 139.17000000000004
each agent reward: [57.89, 33.59, 49.88, -1.21, -2.07, -0.88, 2.14, -0.45, -1.72, 0.74, 4.22, -1.82, -1.14]
Episode: 4300, total reward: 138.97999999999996
each agent reward: [57.39, 34.97, 49.89, -1.11, -2.66, 0.23, 0.85, 0.04, -1.7, -0.52, 4.17, -1.75, -0.82]
Episode: 4400, total reward: 138.25
each agent reward: [57.73, 34.07, 50.27, -0.8, -2.73, -0.45, 0.5, -0.36, -1.51, 0.44, 4.31, -2.23, -0.99]
Episode: 4500, total reward: 138.83
each agent reward: [57.73, 34.45, 50.39, -0.23, -2.3, -1.75, 1.61, -0.46, -1.7, -0.44, 4.29, -1.73, -1.03]
Episode: 4600, total reward: 137.13
each agent reward: [58.05, 33.88, 49.78, -1.21, -2.75, -0.31, 0.58, 0.25, -1.83, 0.55, 3.53, -1.99, -1.4]
Episode: 4700, total reward: 139.91000000000003
each agent reward: [57.9, 33.81, 50.08, -0.61, -2.54, -0.48, 2.05, 0.1, -1.62, -0.1, 4.07, -1.66, -1.09]
Episode: 4800, total reward: 139.66999999999996
each agent reward: [57.69, 34.2, 49.72, -1.09, -2.71, -0.78, 1.57, -0.05, -1.19, 0.7, 4.2, -1.55, -1.04]
Episode: 4900, total reward: 138.05000000000004
each agent reward: [57.69, 33.64, 50.07, -1.13, -2.58, -0.42, 0.74, -0.26, -1.46, -0.03, 4.15, -1.48, -0.88]
Episode: 5000, total reward: 140.63000000000002
each agent reward: [57.66, 33.44, 50.09, -0.3, -2.7, -0.17, 1.99, 0.25, -1.54, 0.69, 4.16, -1.9, -1.04]
Episode: 5100, total reward: 137.59
each agent reward: [57.47, 34.21, 49.82, -0.84, -2.7, -1.07, 1.46, 0.2, -1.94, -0.61, 4.13, -1.54, -1.0]
Episode: 5200, total reward: 143.07
each agent reward: [57.48, 34.25, 49.96, 0.1, -2.2, -0.25, 1.64, -0.22, -1.76, 0.51, 4.22, -0.78, 0.12]
Episode: 5300, total reward: 141.38000000000002
each agent reward: [57.92, 34.29, 49.95, -0.47, -2.78, 0.13, 1.55, -0.33, -1.23, 0.17, 4.35, -1.64, -0.53]
Episode: 5400, total reward: 134.77
each agent reward: [57.63, 34.53, 49.24, -1.05, -2.85, -0.48, 0.41, 0.42, -1.73, -0.51, 4.18, -1.69, -3.33]
Episode: 5500, total reward: 138.59000000000003
each agent reward: [57.6, 33.66, 49.9, -2.38, -2.8, -0.59, 1.43, 0.27, -1.76, -0.04, 4.24, -1.27, 0.33]
Episode: 5600, total reward: 139.21000000000004
each agent reward: [57.95, 34.05, 50.17, -1.07, -2.78, 0.09, 1.27, -0.69, -1.38, -0.18, 4.45, -1.28, -1.39]
Episode: 5700, total reward: 136.39999999999998
each agent reward: [57.95, 33.67, 49.54, -0.4, -2.56, -1.34, 0.57, -0.62, -1.78, -0.27, 4.46, -2.18, -0.64]
Episode: 5800, total reward: 140.63
each agent reward: [57.93, 34.61, 49.8, -1.28, -2.5, 1.0, 1.27, 0.23, -1.38, -0.88, 4.3, -1.77, -0.7]
Episode: 5900, total reward: 139.54
each agent reward: [58.32, 33.51, 49.99, -1.14, -2.44, 0.51, 1.8, 0.19, -2.02, -1.07, 4.26, -1.27, -1.1]
Episode: 6000, total reward: 140.46
each agent reward: [57.41, 34.43, 49.91, -1.08, -2.64, 0.26, 1.37, 0.46, -1.34, 0.32, 4.08, -1.82, -0.9]
Episode: 6100, total reward: 139.79999999999998
each agent reward: [57.86, 33.88, 50.0, -1.49, -2.16, 1.11, 1.26, -0.84, -1.34, -0.13, 4.07, -1.71, -0.71]
Episode: 6200, total reward: 140.8
each agent reward: [58.22, 34.09, 49.7, -0.92, -2.57, -0.4, 1.55, 0.36, -1.23, -0.81, 4.42, -1.43, -0.18]
Episode: 6300, total reward: 138.54
each agent reward: [57.52, 34.28, 49.94, -1.07, -2.51, 0.61, 1.1, -0.36, -1.55, -1.36, 3.78, -1.33, -0.51]
Episode: 6400, total reward: 140.88
each agent reward: [57.63, 34.11, 49.98, -1.62, -2.74, 0.82, 1.07, 0.51, -1.32, -0.39, 4.41, -1.26, -0.32]
Episode: 6500, total reward: 141.69
each agent reward: [58.03, 34.14, 49.93, -1.06, -2.7, 0.64, 1.46, 0.13, -1.2, -0.67, 4.63, -1.37, -0.27]
Episode: 6600, total reward: 138.29999999999995
each agent reward: [57.88, 33.74, 49.85, -0.09, -2.24, -2.3, 1.14, 0.51, -1.31, -0.69, 3.91, -0.75, -1.35]
Episode: 6700, total reward: 139.24000000000004
each agent reward: [57.77, 33.8, 49.94, -0.96, -2.51, 1.46, 0.96, -0.37, -1.78, -0.6, 3.93, -1.48, -0.92]
Episode: 6800, total reward: 137.73000000000002
each agent reward: [58.5, 34.01, 49.9, -1.2, -2.38, -2.24, 1.11, -0.64, -1.61, -1.03, 4.98, -1.47, -0.2]
Episode: 6900, total reward: 141.53000000000003
each agent reward: [58.04, 33.56, 50.26, -1.1, -2.76, 0.81, 1.32, 0.74, -1.16, -0.41, 4.08, -1.17, -0.68]
Episode: 7000, total reward: 141.08999999999997
each agent reward: [57.48, 34.12, 50.29, -1.3, -2.62, 1.13, 1.43, -0.53, -1.38, -0.4, 4.23, -1.63, 0.27]
Episode: 7100, total reward: 139.97000000000003
each agent reward: [57.6, 34.26, 50.02, -1.16, -2.7, 0.92, 1.57, -0.63, -1.0, -1.04, 4.08, -1.01, -0.94]
Episode: 7200, total reward: 141.63
each agent reward: [58.22, 34.41, 49.8, -1.64, -2.77, 1.28, 1.49, 0.42, -1.33, -0.38, 4.05, -1.52, -0.4]
Episode: 7300, total reward: 139.26000000000002
each agent reward: [57.56, 34.21, 49.79, -1.47, -2.62, 0.56, 1.18, 0.39, -1.5, -0.44, 4.33, -1.66, -1.07]
Episode: 7400, total reward: 141.79999999999998
each agent reward: [57.76, 35.0, 50.47, -0.96, -2.77, 1.46, 1.86, -0.4, -1.05, -1.0, 4.03, -1.57, -1.03]
Episode: 7500, total reward: 140.48999999999998
each agent reward: [57.48, 33.68, 50.24, -0.42, -3.01, 1.01, 1.89, 0.44, -1.78, -0.04, 4.1, -1.77, -1.33]
Episode: 7600, total reward: 140.25
each agent reward: [57.52, 34.53, 49.98, -1.39, -2.4, 0.98, 1.34, -0.44, -1.13, -0.58, 4.15, -1.26, -1.05]
Episode: 7700, total reward: 141.9
each agent reward: [58.2, 34.15, 49.98, -0.59, -2.19, 1.17, 1.46, 0.11, -1.63, -0.52, 4.07, -1.42, -0.89]
Episode: 7800, total reward: 141.40999999999997
each agent reward: [58.2, 33.96, 49.98, 0.03, -2.56, 1.26, 1.33, -0.51, -1.21, -1.1, 4.14, -2.08, -0.03]
Episode: 7900, total reward: 143.35000000000002
each agent reward: [57.61, 34.13, 50.1, -0.03, -2.73, 0.84, 1.31, 0.53, -1.28, -0.31, 4.4, -1.41, 0.19]
Episode: 8000, total reward: 142.69
each agent reward: [57.4, 34.92, 49.75, -0.32, -2.63, 0.87, 1.13, 1.01, -1.14, -0.08, 4.02, -1.11, -1.13]
Episode: 8100, total reward: 141.85
each agent reward: [57.65, 33.4, 49.79, -0.87, -2.11, 1.17, 1.59, 0.08, -1.13, -0.98, 4.5, -1.31, 0.07]
Episode: 8200, total reward: 141.51
each agent reward: [57.71, 33.92, 50.09, -0.43, -2.84, 1.09, 1.84, 0.07, -0.95, -0.69, 4.44, -1.59, -1.15]
Episode: 8300, total reward: 140.88000000000002
each agent reward: [57.67, 34.03, 49.93, -0.2, -2.8, 1.21, 1.51, 0.08, -1.4, -0.63, 4.27, -1.95, -0.84]
Episode: 8400, total reward: 142.81999999999994
each agent reward: [57.72, 33.98, 49.91, -0.02, -2.79, 1.22, 1.23, 0.39, -1.41, -0.19, 4.32, -1.02, -0.52]
Episode: 8500, total reward: 139.47000000000003
each agent reward: [57.46, 33.07, 50.32, -0.68, -2.39, 0.68, 1.24, -0.08, -1.37, -1.1, 4.22, -0.89, -1.01]
Episode: 8600, total reward: 139.85999999999999
each agent reward: [57.6, 33.47, 49.64, -0.07, -2.73, 0.78, 1.36, 0.45, -1.3, -0.71, 3.94, -1.47, -1.1]
Episode: 8700, total reward: 140.21
each agent reward: [57.98, 33.57, 49.89, -0.12, -2.23, 0.81, 0.93, 0.25, -1.71, -1.2, 4.52, -2.05, -0.43]
Episode: 8800, total reward: 141.42000000000004
each agent reward: [57.81, 34.23, 49.95, -0.42, -2.04, 0.99, 1.56, -0.32, -1.39, -0.49, 4.04, -1.82, -0.68]
Episode: 8900, total reward: 142.58999999999995
each agent reward: [57.69, 34.07, 50.16, -0.35, -2.33, 1.39, 1.44, 0.29, -1.34, -0.94, 4.32, -1.49, -0.32]
Episode: 9000, total reward: 138.46
each agent reward: [57.15, 33.98, 49.88, -0.35, -2.78, 0.83, 1.44, -0.64, -1.34, -0.91, 3.59, -1.28, -1.11]
Episode: 9100, total reward: 141.23000000000002
each agent reward: [57.74, 33.76, 49.99, -0.21, -2.78, 1.3, 1.4, 0.36, -1.33, -0.69, 3.62, -1.52, -0.41]
Episode: 9200, total reward: 142.06999999999996
each agent reward: [57.72, 33.8, 50.25, -0.33, -2.59, 1.12, 1.63, 0.21, -1.21, -0.06, 4.04, -1.42, -1.09]
Episode: 9300, total reward: 141.27
each agent reward: [57.72, 33.41, 50.25, -0.38, -2.47, 1.12, 1.45, 0.33, -1.33, -0.97, 4.58, -1.7, -0.74]
Episode: 9400, total reward: 142.54
each agent reward: [58.19, 34.36, 50.01, 0.27, -2.63, 1.57, 1.09, 0.14, -1.35, -0.92, 4.45, -2.06, -0.58]
Episode: 9500, total reward: 138.6
each agent reward: [57.15, 33.69, 50.06, -0.12, -2.72, 0.6, 1.47, -0.61, -1.09, -0.59, 3.75, -1.64, -1.35]
Episode: 9600, total reward: 141.60999999999999
each agent reward: [57.82, 33.77, 50.1, 0.44, -2.68, 0.95, 0.98, 0.4, -1.29, -1.07, 4.2, -0.92, -1.09]
Episode: 9700, total reward: 141.99999999999997
each agent reward: [57.55, 33.94, 50.11, 0.91, -2.39, 0.83, 1.23, -0.11, -1.18, -0.59, 3.89, -0.98, -1.21]
Episode: 9800, total reward: 142.25
each agent reward: [57.81, 34.51, 50.21, -0.34, -2.48, 1.35, 1.21, 0.22, -1.23, -1.22, 4.32, -0.9, -1.21]
Episode: 9900, total reward: 142.54
each agent reward: [57.75, 34.05, 49.68, 0.76, -2.34, 0.7, 1.31, 0.24, -1.55, -0.57, 4.19, -0.89, -0.79]
Episode: 10000, total reward: 138.65000000000006
each agent reward: [57.32, 34.36, 49.92, -0.73, -2.65, 0.79, 1.37, -0.45, -1.14, -0.93, 4.12, -1.41, -1.92]
Episode: 10100, total reward: 144.17000000000002
each agent reward: [57.43, 33.57, 50.55, 1.34, -2.37, 0.72, 1.52, 0.79, -1.5, -0.49, 3.93, -0.84, -0.48]
Episode: 10200, total reward: 141.54000000000002
each agent reward: [57.64, 34.28, 50.24, 0.18, -2.53, 1.12, 1.74, -0.61, -1.1, -0.96, 4.05, -2.09, -0.42]
Episode: 10300, total reward: 141.89999999999998
each agent reward: [57.36, 34.44, 50.09, 0.48, -2.77, 1.02, 1.25, -0.1, -1.24, -0.62, 3.74, -1.38, -0.37]
Episode: 10400, total reward: 138.01999999999998
each agent reward: [58.01, 33.29, 49.9, -0.1, -2.76, 0.77, 1.45, -0.02, -1.24, -0.41, 4.37, -1.38, -3.86]
Episode: 10500, total reward: 139.17
each agent reward: [58.16, 34.4, 49.67, 0.04, -2.56, 0.84, 1.13, -0.52, -1.35, -0.76, 4.07, -2.27, -1.68]
Episode: 10600, total reward: 139.73999999999995
each agent reward: [57.54, 33.8, 49.78, 0.24, -2.71, 0.98, 0.92, 0.54, -1.43, -1.04, 4.35, -1.93, -1.3]
Episode: 10700, total reward: 140.47
each agent reward: [57.84, 33.77, 50.37, -0.31, -2.46, 0.89, 1.19, -0.42, -1.59, -0.77, 4.33, -1.25, -1.12]
Episode: 10800, total reward: 136.54000000000002
each agent reward: [58.13, 33.1, 49.65, -0.72, -2.85, 0.84, 1.35, 0.3, -1.11, -1.03, 3.8, -1.85, -3.07]
Episode: 10900, total reward: 140.6
each agent reward: [57.89, 33.98, 50.17, 0.98, -1.86, 1.07, 1.17, -0.22, -1.4, -0.66, 3.99, -0.97, -3.54]
Episode: 11000, total reward: 138.25999999999996
each agent reward: [57.63, 33.21, 49.44, 0.44, -1.95, 0.95, 1.04, 0.42, -1.46, -0.43, 3.82, -0.62, -4.23]
Episode: 11100, total reward: 137.81999999999994
each agent reward: [57.65, 34.57, 49.8, -0.53, -2.49, 0.66, 1.29, 0.35, -1.28, -1.27, 4.0, -2.13, -2.8]
Episode: 11200, total reward: 137.61000000000004
each agent reward: [57.49, 33.53, 49.92, 0.58, -2.95, 1.4, 1.52, -0.2, -1.61, -1.16, 4.28, -1.24, -3.95]
Episode: 11300, total reward: 139.6
each agent reward: [57.27, 33.57, 50.52, 0.76, -2.83, 1.04, 1.24, 0.36, -1.65, -1.36, 4.18, -0.73, -2.77]
Episode: 11400, total reward: 142.18999999999997
each agent reward: [58.18, 34.16, 50.11, 0.0, -1.84, 0.67, 1.26, 0.53, -1.29, -0.23, 4.1, -0.83, -2.63]
Episode: 11500, total reward: 140.06000000000003
each agent reward: [58.14, 33.78, 49.83, 0.49, -2.17, 1.43, 1.15, 0.37, -1.22, -1.27, 4.54, -1.32, -3.69]
Episode: 11600, total reward: 137.88999999999996
each agent reward: [57.59, 33.59, 49.94, -0.6, -1.86, 0.65, 1.06, -0.43, -1.68, -1.36, 4.31, -0.83, -2.49]
Episode: 11700, total reward: 140.14000000000001
each agent reward: [57.88, 34.3, 50.02, 0.08, -1.96, 1.08, 1.38, -0.38, -1.36, -0.31, 4.39, -1.39, -3.59]
Episode: 11800, total reward: 138.89
each agent reward: [58.0, 34.22, 50.19, -0.82, -2.56, 1.0, 1.13, 0.41, -1.11, -0.76, 3.96, -0.86, -3.91]
Episode: 11900, total reward: 137.59
each agent reward: [57.47, 34.21, 50.22, -0.67, -2.76, 0.73, 0.82, 0.14, -1.83, -0.67, 4.28, -0.63, -3.72]
Episode: 12000, total reward: 138.54000000000005
each agent reward: [57.8, 34.52, 50.3, -0.88, -2.01, 1.08, 1.25, 0.06, -1.48, -0.84, 4.19, -1.31, -4.14]
Episode: 12100, total reward: 137.08
each agent reward: [57.11, 34.18, 49.79, -0.42, -2.19, 0.8, 1.11, -0.71, -0.92, 0.02, 4.1, -1.71, -4.08]
Episode: 12200, total reward: 139.59
each agent reward: [57.84, 33.48, 49.55, -0.83, -1.75, 1.02, 1.46, -0.01, -1.18, 0.29, 3.99, -1.12, -3.15]
Episode: 12300, total reward: 139.37
each agent reward: [57.67, 33.87, 50.32, 0.12, -2.64, 0.85, 1.55, 0.21, -1.12, -1.25, 4.07, -2.28, -2.0]
Episode: 12400, total reward: 137.83
each agent reward: [58.14, 33.82, 49.68, -0.39, -2.68, 1.22, 1.01, 0.23, -1.72, -1.17, 4.54, -1.94, -2.91]
Episode: 12500, total reward: 139.88
each agent reward: [57.54, 34.27, 49.97, -0.35, -2.5, 1.0, 1.3, -0.18, -1.53, -0.5, 4.37, -1.33, -2.18]
Episode: 12600, total reward: 137.30000000000004
each agent reward: [57.68, 33.54, 50.02, -0.49, -2.63, 0.8, 1.02, -0.04, -1.5, -0.94, 4.5, -1.53, -3.13]
Episode: 12700, total reward: 139.23999999999998
each agent reward: [57.36, 34.26, 49.86, -0.41, -1.54, 0.72, 1.01, 0.22, -1.02, -1.18, 4.14, -1.13, -3.05]
Episode: 12800, total reward: 141.81999999999996
each agent reward: [57.55, 34.16, 50.27, -0.21, -1.85, 1.12, 1.25, 0.73, -1.58, -0.92, 4.07, -0.86, -1.91]
Episode: 12900, total reward: 139.65000000000003
each agent reward: [57.61, 34.0, 49.84, -0.47, -2.26, 1.19, 1.91, -0.26, -1.53, -1.03, 4.27, -1.42, -2.2]
Episode: 13000, total reward: 141.17999999999998
each agent reward: [57.57, 34.51, 49.77, -0.95, -2.41, 1.33, 1.2, 0.82, -1.12, -0.96, 4.48, -1.63, -1.43]
Episode: 13100, total reward: 140.98
each agent reward: [57.83, 33.97, 49.83, -0.99, -2.22, 1.17, 1.58, 0.49, -0.85, -0.58, 3.69, -1.53, -1.41]
Episode: 13200, total reward: 139.50999999999996
each agent reward: [57.37, 33.29, 49.96, -1.04, -1.97, 1.45, 1.01, 0.73, -1.36, -0.98, 3.82, -0.56, -2.21]
Episode: 13300, total reward: 139.89999999999998
each agent reward: [57.46, 33.57, 50.13, -0.82, -2.56, 1.22, 1.19, 0.47, -1.24, -0.58, 4.28, -1.57, -1.65]
Episode: 13400, total reward: 140.6
each agent reward: [57.59, 34.56, 50.13, -0.7, -2.17, 0.79, 1.32, 0.38, -1.14, -0.8, 4.28, -0.81, -2.83]
Episode: 13500, total reward: 139.36
each agent reward: [57.65, 33.42, 50.45, -1.13, -2.47, 0.76, 1.24, 0.87, -0.98, -1.23, 4.2, -0.91, -2.51]
Episode: 13600, total reward: 140.17
each agent reward: [57.53, 33.89, 49.85, -0.58, -2.59, 0.77, 1.17, 0.82, -1.64, -0.87, 4.49, -0.81, -1.86]
Episode: 13700, total reward: 139.92000000000002
each agent reward: [57.91, 33.87, 49.97, -0.57, -1.16, 1.3, 1.68, -0.53, -0.86, -0.74, 4.36, -2.09, -3.22]
Episode: 13800, total reward: 140.89000000000001
each agent reward: [58.19, 33.94, 50.04, -0.38, -1.91, 1.31, 0.93, 0.71, -1.78, -0.6, 4.69, -1.19, -3.06]
Episode: 13900, total reward: 140.26
each agent reward: [58.12, 34.13, 50.52, -0.89, -1.59, 1.42, 1.8, 0.7, -1.59, -1.19, 4.06, -1.93, -3.3]
Episode: 14000, total reward: 139.08999999999997
each agent reward: [57.83, 33.75, 50.14, -0.46, -1.97, 0.82, 1.34, 0.86, -1.9, -1.16, 4.07, -1.4, -2.83]
Episode: 14100, total reward: 141.21000000000004
each agent reward: [58.0, 33.93, 50.05, -1.21, -2.38, 1.3, 1.47, 0.77, -1.35, -0.43, 3.97, -1.24, -1.67]
Episode: 14200, total reward: 141.2
each agent reward: [57.73, 34.14, 49.94, -0.4, -2.5, 0.7, 1.9, -0.23, -1.03, -0.32, 4.42, -1.91, -1.24]
Episode: 14300, total reward: 140.16
each agent reward: [57.93, 33.95, 50.19, -0.64, -2.81, 0.92, 1.47, 0.5, -1.13, -0.62, 4.4, -1.0, -3.0]
Episode: 14400, total reward: 140.88
each agent reward: [58.24, 34.67, 49.97, -0.63, -2.59, 1.39, 1.27, 0.6, -1.41, -1.39, 4.63, -1.54, -2.33]
Episode: 14500, total reward: 140.62
each agent reward: [58.27, 34.4, 49.63, -0.9, -2.71, 1.1, 1.54, 0.71, -1.59, -0.76, 4.05, -0.81, -2.31]
Episode: 14600, total reward: 139.81
each agent reward: [57.76, 34.37, 50.15, -0.77, -1.7, 1.36, 1.35, -0.34, -1.16, 0.03, 4.33, -1.36, -4.21]
Episode: 14700, total reward: 137.09
each agent reward: [57.97, 33.39, 50.25, -0.82, -2.71, 0.8, 1.5, 0.35, -0.94, -1.09, 4.34, -1.74, -4.21]
Episode: 14800, total reward: 139.74000000000004
each agent reward: [57.82, 34.36, 49.96, -0.57, -1.92, 0.99, 1.5, 0.35, -1.59, -0.97, 4.11, -1.15, -3.15]
Episode: 14900, total reward: 139.86
each agent reward: [57.32, 34.22, 50.18, -0.83, -2.7, 1.02, 1.02, 0.63, -1.28, -1.03, 4.19, -0.71, -2.17]
Episode: 15000, total reward: 142.33999999999997
each agent reward: [57.55, 34.56, 50.16, -0.36, -2.43, 1.05, 1.4, 0.76, -1.14, -0.81, 4.33, -1.46, -1.27]
Episode: 15100, total reward: 138.48000000000002
each agent reward: [57.74, 34.06, 50.17, -0.99, -1.36, 1.09, 1.84, 0.24, -1.53, -1.08, 4.09, -1.5, -4.29]
Episode: 15200, total reward: 140.8
each agent reward: [58.31, 34.0, 49.87, -0.27, -2.71, 1.27, 1.06, 0.88, -1.26, -1.01, 4.72, -1.05, -3.01]
Episode: 15300, total reward: 138.81999999999996
each agent reward: [57.26, 33.65, 49.74, -1.05, -1.9, 1.25, 0.98, 0.54, -1.35, -1.0, 4.39, -0.97, -2.72]
Episode: 15400, total reward: 141.75999999999996
each agent reward: [57.74, 34.61, 50.0, -1.34, -1.87, 1.1, 1.98, 0.7, -1.21, -0.94, 4.29, -0.35, -2.95]
Episode: 15500, total reward: 138.35999999999999
each agent reward: [57.49, 34.14, 49.69, -0.34, -2.41, 1.12, 1.3, -0.15, -1.33, -1.3, 4.34, -1.71, -2.48]
Episode: 15600, total reward: 142.26999999999998
each agent reward: [57.37, 34.48, 49.69, -0.1, -1.73, 1.16, 1.28, 0.92, -1.13, -1.12, 4.41, -1.66, -1.3]
Episode: 15700, total reward: 139.09
each agent reward: [57.44, 34.06, 50.08, -0.57, -2.59, 0.81, 1.43, 0.53, -0.97, -1.3, 3.97, -1.26, -2.54]
Episode: 15800, total reward: 141.73
each agent reward: [57.7, 33.94, 49.85, -0.63, -2.68, 1.16, 1.22, 0.82, -1.3, -0.57, 4.43, -0.99, -1.22]
Episode: 15900, total reward: 140.52
each agent reward: [57.38, 34.19, 49.6, -0.73, -1.96, 1.05, 1.33, 1.37, -1.22, -0.71, 4.28, -1.87, -2.19]
Episode: 16000, total reward: 138.59000000000003
each agent reward: [57.39, 33.7, 50.13, -0.87, -2.59, 0.8, 1.52, 0.61, -1.18, -0.95, 4.29, -1.23, -3.03]
Episode: 16100, total reward: 140.24
each agent reward: [57.49, 33.99, 50.15, -1.25, -2.42, 0.27, 1.96, 0.19, -1.31, -0.91, 4.42, -1.16, -1.18]
Episode: 16200, total reward: 140.93
each agent reward: [57.28, 33.65, 50.0, -0.75, -1.53, 1.05, 1.54, 0.46, -1.41, -1.33, 4.32, -0.72, -1.63]
Episode: 16300, total reward: 142.08999999999997
each agent reward: [57.58, 34.3, 49.95, -0.4, -1.71, 1.34, 1.4, 1.21, -1.36, -0.73, 4.18, -1.8, -1.87]
Episode: 16400, total reward: 139.95999999999992
each agent reward: [57.55, 33.54, 50.02, -0.84, -2.02, 1.2, 1.03, 1.32, -1.61, -0.55, 4.23, -1.11, -2.8]
Episode: 16500, total reward: 143.17000000000002
each agent reward: [58.17, 34.31, 49.73, -0.59, -1.85, 1.04, 2.5, 1.32, -0.94, -1.39, 4.65, -1.76, -2.02]
Episode: 16600, total reward: 138.38
each agent reward: [57.58, 34.31, 49.68, -1.24, -2.45, 1.02, 0.88, 0.48, -1.25, -0.81, 4.11, -1.44, -2.49]
Episode: 16700, total reward: 140.18
each agent reward: [58.23, 34.3, 50.04, -0.21, -2.89, 1.27, 1.09, 0.85, -0.97, -1.08, 4.31, -1.47, -3.29]
Episode: 16800, total reward: 141.71999999999997
each agent reward: [57.47, 34.15, 49.98, 0.26, -2.67, 0.98, 0.95, 1.01, -1.07, -0.95, 4.13, -0.75, -1.77]
Episode: 16900, total reward: 140.84000000000003
each agent reward: [57.89, 34.19, 49.8, -0.36, -2.39, 1.42, 1.27, 0.05, -1.79, -0.23, 4.06, -1.32, -1.75]
Episode: 17000, total reward: 142.33999999999997
each agent reward: [57.2, 33.86, 49.69, -0.58, -1.54, 1.59, 2.23, 0.56, -1.8, -0.86, 4.16, -0.92, -1.25]
Episode: 17100, total reward: 139.98
each agent reward: [57.65, 34.09, 50.07, -0.19, -1.61, 1.1, -0.2, 1.04, -1.28, -0.89, 4.14, -1.85, -2.09]
Episode: 17200, total reward: 142.35999999999996
each agent reward: [57.74, 34.24, 49.66, -0.27, -1.84, 1.41, 2.01, 1.42, -1.59, -1.17, 4.52, -0.59, -3.18]
Episode: 17300, total reward: 138.98999999999995
each agent reward: [57.16, 34.0, 50.1, -0.3, -2.94, 0.98, 0.17, 0.56, -0.96, -0.89, 4.35, -1.22, -2.02]
Episode: 17400, total reward: 138.61
each agent reward: [57.82, 33.82, 49.69, -0.08, -2.08, 1.36, -0.07, 0.33, -1.29, -0.92, 4.03, -1.52, -2.48]
Episode: 17500, total reward: 140.09
each agent reward: [57.39, 34.03, 49.79, -0.23, -2.66, 1.17, 1.67, 0.76, -1.35, -1.09, 4.18, -1.95, -1.62]
Episode: 17600, total reward: 138.51000000000005
each agent reward: [57.37, 33.34, 50.46, -0.11, -2.7, 1.16, 0.96, 1.21, -1.36, -0.1, 3.99, -1.73, -3.98]
Episode: 17700, total reward: 161.10999999999996
each agent reward: [57.83, 49.66, 50.1, 1.71, -2.25, 1.26, 2.2, 0.63, -0.9, -0.3, 4.55, -1.05, -2.33]
Episode: 17800, total reward: 158.11
each agent reward: [57.93, 49.81, 50.17, 2.35, -2.52, 1.11, 2.1, 0.8, -0.93, -1.06, 4.1, -2.36, -3.39]
Episode: 17900, total reward: 164.35999999999999
each agent reward: [58.25, 49.95, 50.07, 2.22, -1.91, 1.48, 2.08, 1.95, -1.11, -0.4, 4.62, -1.75, -1.09]
Episode: 18000, total reward: 161.98
each agent reward: [57.62, 49.93, 50.31, 2.2, -2.1, 1.55, 1.66, 1.42, -0.4, -1.15, 4.39, -1.89, -1.56]
Episode: 18100, total reward: 161.34999999999994
each agent reward: [57.53, 50.3, 50.19, 2.04, -1.93, 0.92, 2.21, 1.39, -1.2, -1.11, 4.28, -1.77, -1.5]
Episode: 18200, total reward: 158.71999999999997
each agent reward: [57.93, 50.32, 50.0, 1.76, -2.09, 1.22, 1.92, 1.12, -1.43, -0.96, 4.55, -1.29, -4.33]
Episode: 18300, total reward: 159.07999999999998
each agent reward: [57.39, 50.01, 49.86, 1.59, -1.96, 1.17, 1.8, 1.34, -1.62, -0.45, 4.07, -1.32, -2.8]
Episode: 18400, total reward: 161.07000000000002
each agent reward: [57.8, 50.22, 50.13, 2.15, -1.6, 1.54, 1.48, 1.4, -1.12, -0.12, 4.8, -1.19, -4.42]
Episode: 18500, total reward: 159.84
each agent reward: [58.03, 49.83, 49.91, 2.11, -1.5, 1.58, 2.0, 1.36, -1.11, -1.28, 4.54, -0.91, -4.72]
Episode: 18600, total reward: 157.8
each agent reward: [57.26, 49.54, 49.83, 2.1, -1.06, 1.42, 1.8, 1.58, -1.64, -1.46, 4.4, -1.28, -4.69]
Episode: 18700, total reward: 158.98
each agent reward: [57.94, 49.58, 50.13, 1.78, -1.3, 1.36, 2.13, 1.45, -1.29, -0.65, 4.06, -1.85, -4.36]
Episode: 18800, total reward: 162.45
each agent reward: [57.7, 49.68, 50.1, 2.56, -1.59, 1.68, 1.92, 0.8, -1.28, 0.18, 4.41, -1.52, -2.19]
Episode: 18900, total reward: 160.14000000000001
each agent reward: [58.0, 49.67, 50.02, 1.3, -2.21, 1.34, 1.72, 1.05, -1.2, -0.02, 4.71, -1.44, -2.8]
Episode: 19000, total reward: 160.35999999999996
each agent reward: [57.87, 49.66, 50.27, 1.89, -2.34, 1.5, 2.1, 0.26, -1.41, -0.38, 4.39, -1.49, -1.96]
Episode: 19100, total reward: 161.43
each agent reward: [58.19, 50.01, 49.81, 1.96, -2.09, 1.63, 1.45, 0.58, -1.41, 0.02, 4.19, -1.09, -1.82]
Episode: 19200, total reward: 156.61000000000004
each agent reward: [57.86, 49.72, 49.59, 1.68, -2.3, 1.18, 1.31, 1.39, -1.19, -0.41, 4.3, -1.79, -4.73]
Episode: 19300, total reward: 158.07000000000005
each agent reward: [57.67, 49.74, 50.08, 1.65, -1.95, 1.27, 2.15, 1.02, -1.34, -0.99, 4.21, -1.18, -4.26]
Episode: 19400, total reward: 160.54000000000005
each agent reward: [57.92, 50.03, 50.34, 1.84, -2.73, 1.59, 1.75, 1.59, -1.13, -1.01, 4.57, -0.94, -3.28]
Episode: 19500, total reward: 159.26000000000005
each agent reward: [57.79, 49.86, 49.77, 1.36, -2.05, 1.31, 1.61, 0.85, -1.31, -1.14, 4.45, -1.14, -2.1]
Episode: 19600, total reward: 160.59
each agent reward: [58.12, 49.9, 49.92, 1.68, -2.47, 1.74, 2.01, 1.38, -0.76, -0.69, 3.23, -2.05, -1.42]
Episode: 19700, total reward: 159.08
each agent reward: [57.42, 50.26, 50.22, 2.19, -2.56, 0.96, 1.92, 0.85, -1.23, -0.82, 4.28, -2.24, -2.17]
Episode: 19800, total reward: 160.28999999999996
each agent reward: [57.29, 50.28, 50.31, 1.53, -1.52, 1.49, 1.85, 0.82, -1.11, -0.77, 4.25, -2.31, -1.82]
Episode: 19900, total reward: 159.11
each agent reward: [57.36, 49.9, 49.55, 1.47, -2.06, 1.3, 1.93, 1.23, -1.08, -1.09, 4.37, -2.07, -1.7]
Episode: 20000, total reward: 161.47000000000003
each agent reward: [57.49, 50.37, 50.29, 1.81, -2.27, 1.25, 2.3, 0.37, -1.68, -0.26, 4.3, -0.95, -1.55]
