Episode: -1, total reward: 10200042.0
each agent reward: 10200042.0
Episode: 1, total reward: 10200042.0
each agent reward: 10200042.0
Episode 0 return: -10674409.0
Episode: 0, total reward: 10200042.0
each agent reward: 10200042.0
Episode 1 return: -10677226.0
Episode: 1, total reward: 10200042.0
each agent reward: 10200042.0
Episode 2 return: -10637842.0
Episode: 2, total reward: 10200042.0
each agent reward: 10200042.0
Episode 3 return: -10336235.0
Episode: 3, total reward: 10200042.0
each agent reward: 10200042.0
Episode 4 return: -10446018.0
Episode: 4, total reward: 10200042.0
each agent reward: 10200042.0
Episode 5 return: -10609806.0
Episode: 5, total reward: 10200042.0
each agent reward: 10200042.0
Episode 6 return: -10419514.0
Episode: 6, total reward: 10200042.0
each agent reward: 10200042.0
Episode 7 return: -10335094.0
Episode: 7, total reward: 10200042.0
each agent reward: 10200042.0
Episode 8 return: -10231819.0
Episode: 8, total reward: 10200042.0
each agent reward: 10200042.0
Episode 9 return: -10649140.0
Episode: 9, total reward: 10200042.0
each agent reward: 10200042.0
Episode 10 return: -10215304.0
Episode: 10, total reward: 10200042.0
each agent reward: 10200042.0
Episode 11 return: -10331201.0
Episode: 11, total reward: 10200042.0
each agent reward: 10200042.0
Episode 12 return: -11158903.0
Episode: 12, total reward: 10802946.0
each agent reward: 10802946.0
Episode 13 return: -11209268.0
Episode: 13, total reward: 10802908.0
each agent reward: 10802908.0
Episode 14 return: -11220065.0
Episode: 14, total reward: 10804728.0
each agent reward: 10804728.0
Episode 15 return: -11040186.0
Episode: 15, total reward: 10804728.0
each agent reward: 10804728.0
Episode 16 return: -11014933.0
Episode: 16, total reward: 10707598.0
each agent reward: 10707598.0
Episode 17 return: -11108483.0
Episode: 17, total reward: 10605046.0
each agent reward: 10605046.0
Episode 18 return: -10959756.0
Episode: 18, total reward: 10631177.0
each agent reward: 10631177.0
Episode 19 return: -10824102.0
Episode: 19, total reward: 10550372.0
each agent reward: 10550372.0
Episode 20 return: -11324820.0
Episode: 20, total reward: 10550372.0
each agent reward: 10550372.0
Episode 21 return: -11018050.0
Episode: 21, total reward: 10498872.0
each agent reward: 10498872.0
Episode 22 return: -10691860.0
Episode: 22, total reward: 10418376.0
each agent reward: 10418376.0
Episode 23 return: -10973911.0
Episode: 23, total reward: 10201490.0
each agent reward: 10201490.0
Episode 24 return: -10678353.0
Episode: 24, total reward: 10123185.0
each agent reward: 10123185.0
Episode 25 return: -10521627.0
Episode: 25, total reward: 10123185.0
each agent reward: 10123185.0
Episode 26 return: -10752720.0
Episode: 26, total reward: 10042163.0
each agent reward: 10042163.0
Episode 27 return: -10452314.0
Episode: 27, total reward: 10042163.0
each agent reward: 10042163.0
Episode 28 return: -10749807.0
Episode: 28, total reward: 10042163.0
each agent reward: 10042163.0
Episode 29 return: -10644123.0
Episode: 29, total reward: 10042675.0
each agent reward: 10042675.0
Episode 30 return: -11056865.0
Episode: 30, total reward: 10042675.0
each agent reward: 10042675.0
Episode 31 return: -10064356.0
Episode: 31, total reward: 10043559.0
each agent reward: 10043559.0
Episode 32 return: -10450029.0
Episode: 32, total reward: 10044317.0
each agent reward: 10044317.0
Episode 33 return: -9861529.0
Episode: 33, total reward: 10074603.0
each agent reward: 10074603.0
Episode 34 return: -10571419.0
Episode: 34, total reward: 10053275.0
each agent reward: 10053275.0
Episode 35 return: -9681948.0
Episode: 35, total reward: 10053275.0
each agent reward: 10053275.0
Episode 36 return: -10607315.0
Episode: 36, total reward: 10005273.0
each agent reward: 10005273.0
Episode 37 return: -9862256.0
Episode: 37, total reward: 10009413.0
each agent reward: 10009413.0
Episode 38 return: -9499510.0
Episode: 38, total reward: 9987905.0
each agent reward: 9987905.0
Episode 39 return: -9703381.0
Episode: 39, total reward: 9940294.0
each agent reward: 9940294.0
Episode 40 return: -10648347.0
Episode: 40, total reward: 9940294.0
each agent reward: 9940294.0
Episode 41 return: -10120112.0
Episode: 41, total reward: 9915967.0
each agent reward: 9915967.0
Episode 42 return: -9449240.0
Episode: 42, total reward: 9795050.0
each agent reward: 9795050.0
Episode 43 return: -10453449.0
Episode: 43, total reward: 9784649.0
each agent reward: 9784649.0
Episode 44 return: -10090377.0
Episode: 44, total reward: 9869734.0
each agent reward: 9869734.0
Episode 45 return: -9956886.0
Episode: 45, total reward: 9869734.0
each agent reward: 9869734.0
Episode 46 return: -9741726.0
Episode: 46, total reward: 9959011.0
each agent reward: 9959011.0
Episode 47 return: -10128715.0
Episode: 47, total reward: 9998568.0
each agent reward: 9998568.0
Episode 48 return: -10243074.0
Episode: 48, total reward: 10055227.0
each agent reward: 10055227.0
Episode 49 return: -9474651.0
Episode: 49, total reward: 10133049.0
each agent reward: 10133049.0
Episode 50 return: -9533719.0
Episode: 50, total reward: 10133049.0
each agent reward: 10133049.0
Episode 51 return: -9689233.0
Episode: 51, total reward: 9995014.0
each agent reward: 9995014.0
Episode 52 return: -9647406.0
Episode: 52, total reward: 10032906.0
each agent reward: 10032906.0
Episode 53 return: -9453039.0
Episode: 53, total reward: 10137130.0
each agent reward: 10137130.0
Episode 54 return: -10971971.0
Episode: 54, total reward: 9974500.0
each agent reward: 9974500.0
Episode 55 return: -10108773.0
Episode: 55, total reward: 9974500.0
each agent reward: 9974500.0
Episode 56 return: -10343597.0
Episode: 56, total reward: 9944091.0
each agent reward: 9944091.0
Episode 57 return: -9245816.0
Episode: 57, total reward: 10063950.0
each agent reward: 10063950.0
Episode 58 return: -10525008.0
Episode: 58, total reward: 10011409.0
each agent reward: 10011409.0
Episode 59 return: -9477862.0
Episode: 59, total reward: 9818113.0
each agent reward: 9818113.0
Episode 60 return: -10169157.0
Episode: 60, total reward: 9818113.0
each agent reward: 9818113.0
Episode 61 return: -9685095.0
Episode: 61, total reward: 9852888.0
each agent reward: 9852888.0
Episode 62 return: -10014422.0
Episode: 62, total reward: 9936335.0
each agent reward: 9936335.0
Episode 63 return: -9574634.0
Episode: 63, total reward: 9745709.0
each agent reward: 9745709.0
Episode 64 return: -9849221.0
Episode: 64, total reward: 9548872.0
each agent reward: 9548872.0
Episode 65 return: -9971802.0
Episode: 65, total reward: 9548872.0
each agent reward: 9548872.0
Episode 66 return: -9777022.0
Episode: 66, total reward: 9464264.0
each agent reward: 9464264.0
Episode 67 return: -9883852.0
Episode: 67, total reward: 9384526.0
each agent reward: 9384526.0
Episode 68 return: -9439870.0
Episode: 68, total reward: 9347321.0
each agent reward: 9347321.0
Episode 69 return: -10095937.0
Episode: 69, total reward: 9253544.0
each agent reward: 9253544.0
Episode 70 return: -9678917.0
Episode: 70, total reward: 9253544.0
each agent reward: 9253544.0
Episode 71 return: -9878336.0
Episode: 71, total reward: 9289164.0
each agent reward: 9289164.0
Episode 72 return: -10088033.0
Episode: 72, total reward: 9207750.0
each agent reward: 9207750.0
Episode 73 return: -9835202.0
Episode: 73, total reward: 9090230.0
each agent reward: 9090230.0
Episode 74 return: -10145756.0
Episode: 74, total reward: 9200444.0
each agent reward: 9200444.0
Episode 75 return: -10306591.0
Episode: 75, total reward: 9200444.0
each agent reward: 9200444.0
Episode 76 return: -9165483.0
Episode: 76, total reward: 9143853.0
each agent reward: 9143853.0
Episode 77 return: -9607965.0
Episode: 77, total reward: 9005036.0
each agent reward: 9005036.0
Episode 78 return: -9716922.0
Episode: 78, total reward: 8808188.0
each agent reward: 8808188.0
Episode 79 return: -9531837.0
Episode: 79, total reward: 8790074.0
each agent reward: 8790074.0
Episode 80 return: -9668688.0
Episode: 80, total reward: 8790074.0
each agent reward: 8790074.0
Episode 81 return: -9603103.0
Episode: 81, total reward: 8507355.0
each agent reward: 8507355.0
Episode 82 return: -9826033.0
Episode: 82, total reward: 8514827.0
each agent reward: 8514827.0
Episode 83 return: -9714399.0
Episode: 83, total reward: 8298815.0
each agent reward: 8298815.0
Episode 84 return: -9582763.0
Episode: 84, total reward: 8087010.5
each agent reward: 8087010.5
Episode 85 return: -10007260.0
Episode: 85, total reward: 8087010.5
each agent reward: 8087010.5
Episode 86 return: -9404521.0
Episode: 86, total reward: 8100542.0
each agent reward: 8100542.0
Episode 87 return: -9239663.0
Episode: 87, total reward: 8043534.5
each agent reward: 8043534.5
Episode 88 return: -9779008.0
Episode: 88, total reward: 8049032.5
each agent reward: 8049032.5
Episode 89 return: -9913009.0
Episode: 89, total reward: 7932469.0
each agent reward: 7932469.0
Episode 90 return: -9906001.0
Episode: 90, total reward: 7932469.0
each agent reward: 7932469.0
Episode 91 return: -10191760.0
Episode: 91, total reward: 7895513.0
each agent reward: 7895513.0
Episode 92 return: -9903899.0
Episode: 92, total reward: 7919773.0
each agent reward: 7919773.0
Episode 93 return: -9536736.0
Episode: 93, total reward: 8038344.5
each agent reward: 8038344.5
Episode 94 return: -9445450.0
Episode: 94, total reward: 7901793.5
each agent reward: 7901793.5
Episode 95 return: -9535326.0
Episode: 95, total reward: 7901793.5
each agent reward: 7901793.5
Episode 96 return: -9890393.0
Episode: 96, total reward: 7730033.5
each agent reward: 7730033.5
Episode 97 return: -9912313.0
Episode: 97, total reward: 7764436.5
each agent reward: 7764436.5
Episode 98 return: -9345326.0
Episode: 98, total reward: 7993753.5
each agent reward: 7993753.5
Episode 99 return: -9748953.0
Episode: 99, total reward: 7888428.5
each agent reward: 7888428.5
Episode 100 return: -9259988.0
Episode: 100, total reward: 7888428.5
each agent reward: 7888428.5
Episode 101 return: -9171998.0
Episode: 101, total reward: 7864320.5
each agent reward: 7864320.5
Episode 102 return: -9468538.0
Episode: 102, total reward: 7819677.0
each agent reward: 7819677.0
Episode 103 return: -9524147.0
Episode: 103, total reward: 7652595.5
each agent reward: 7652595.5
Episode 104 return: -10025904.0
Episode: 104, total reward: 7618368.5
each agent reward: 7618368.5
Episode 105 return: -9536796.0
Episode: 105, total reward: 7618368.5
each agent reward: 7618368.5
Episode 106 return: -9220649.0
Episode: 106, total reward: 7565457.5
each agent reward: 7565457.5
Episode 107 return: -9453721.0
Episode: 107, total reward: 7590564.5
each agent reward: 7590564.5
Episode 108 return: -10190395.0
Episode: 108, total reward: 7650632.0
each agent reward: 7650632.0
Episode 109 return: -9948749.0
Episode: 109, total reward: 7635337.5
each agent reward: 7635337.5
Episode 110 return: -9479327.0
Episode: 110, total reward: 7635337.5
each agent reward: 7635337.5
Episode 111 return: -9901799.0
Episode: 111, total reward: 7747169.5
each agent reward: 7747169.5
Episode 112 return: -8698203.0
Episode: 112, total reward: 7888981.5
each agent reward: 7888981.5
Episode 113 return: -10332444.0
Episode: 113, total reward: 7848899.0
each agent reward: 7848899.0
Episode 114 return: -9826578.0
Episode: 114, total reward: 7931368.5
each agent reward: 7931368.5
Episode 115 return: -8943651.0
Episode: 115, total reward: 7931368.5
each agent reward: 7931368.5
Episode 116 return: -9413894.0
Episode: 116, total reward: 7790674.5
each agent reward: 7790674.5
Episode 117 return: -8803747.0
Episode: 117, total reward: 7817234.5
each agent reward: 7817234.5
Episode 118 return: -9520530.0
Episode: 118, total reward: 7656049.0
each agent reward: 7656049.0
Episode 119 return: -9858296.0
Episode: 119, total reward: 7682325.5
each agent reward: 7682325.5
Episode 120 return: -9020687.0
Episode: 120, total reward: 7682325.5
each agent reward: 7682325.5
Episode 121 return: -9725544.0
Episode: 121, total reward: 7683851.0
each agent reward: 7683851.0
Episode 122 return: -9949806.0
Episode: 122, total reward: 7653244.5
each agent reward: 7653244.5
Episode 123 return: -9516498.0
Episode: 123, total reward: 7660766.5
each agent reward: 7660766.5
Episode 124 return: -9565022.0
Episode: 124, total reward: 7746674.0
each agent reward: 7746674.0
Episode 125 return: -9984583.0
Episode: 125, total reward: 7746674.0
each agent reward: 7746674.0
Episode 126 return: -9757190.0
Episode: 126, total reward: 7610328.5
each agent reward: 7610328.5
Episode 127 return: -9610257.0
Episode: 127, total reward: 7500624.5
each agent reward: 7500624.5
Episode 128 return: -9387687.0
Episode: 128, total reward: 7562684.5
each agent reward: 7562684.5
Episode 129 return: -9290412.0
Episode: 129, total reward: 7671612.5
each agent reward: 7671612.5
Episode 130 return: -9988581.0
Episode: 130, total reward: 7671612.5
each agent reward: 7671612.5
Episode 131 return: -9715192.0
Episode: 131, total reward: 7568517.5
each agent reward: 7568517.5
Episode 132 return: -9558515.0
Episode: 132, total reward: 7484071.5
each agent reward: 7484071.5
Episode 133 return: -9921993.0
Episode: 133, total reward: 7431339.0
each agent reward: 7431339.0
Episode 134 return: -9900606.0
Episode: 134, total reward: 7261788.0
each agent reward: 7261788.0
Episode 135 return: -9390333.0
Episode: 135, total reward: 7261788.0
each agent reward: 7261788.0
Episode 136 return: -9788218.0
Episode: 136, total reward: 7210788.0
each agent reward: 7210788.0
Episode 137 return: -10563780.0
Episode: 137, total reward: 7202952.0
each agent reward: 7202952.0
Episode 138 return: -8977342.0
Episode: 138, total reward: 7262371.5
each agent reward: 7262371.5
Episode 139 return: -9367179.0
Episode: 139, total reward: 7265249.5
each agent reward: 7265249.5
Episode 140 return: -9818548.0
Episode: 140, total reward: 7265249.5
each agent reward: 7265249.5
Episode 141 return: -9978080.0
Episode: 141, total reward: 7292325.0
each agent reward: 7292325.0
Episode 142 return: -9078122.0
Episode: 142, total reward: 7295690.5
each agent reward: 7295690.5
Episode 143 return: -9929249.0
Episode: 143, total reward: 7350777.0
each agent reward: 7350777.0
Episode 144 return: -9775032.0
Episode: 144, total reward: 7269498.0
each agent reward: 7269498.0
Episode 145 return: -9433949.0
Episode: 145, total reward: 7269498.0
each agent reward: 7269498.0
Episode 146 return: -9479322.0
Episode: 146, total reward: 7355140.0
each agent reward: 7355140.0
Episode 147 return: -9377844.0
Episode: 147, total reward: 7323947.0
each agent reward: 7323947.0
Episode 148 return: -9645556.0
Episode: 148, total reward: 7319609.5
each agent reward: 7319609.5
Episode 149 return: -9672566.0
Episode: 149, total reward: 7321962.0
each agent reward: 7321962.0
Episode 150 return: -9690287.0
Episode: 150, total reward: 7321962.0
each agent reward: 7321962.0
Episode 151 return: -9372266.0
Episode: 151, total reward: 7397133.0
each agent reward: 7397133.0
Episode 152 return: -10058196.0
Episode: 152, total reward: 7548513.5
each agent reward: 7548513.5
Episode 153 return: -9436216.0
Episode: 153, total reward: 7548840.5
each agent reward: 7548840.5
Episode 154 return: -9307843.0
Episode: 154, total reward: 7271793.0
each agent reward: 7271793.0
Episode 155 return: -9744751.0
Episode: 155, total reward: 7271793.0
each agent reward: 7271793.0
Episode 156 return: -9449954.0
Episode: 156, total reward: 7435353.5
each agent reward: 7435353.5
Episode 157 return: -9984505.0
Episode: 157, total reward: 7374231.5
each agent reward: 7374231.5
Episode 158 return: -10537688.0
Episode: 158, total reward: 7254992.5
each agent reward: 7254992.5
Episode 159 return: -9785766.0
Episode: 159, total reward: 7122230.5
each agent reward: 7122230.5
Episode 160 return: -9878794.0
Episode: 160, total reward: 7122230.5
each agent reward: 7122230.5
Episode 161 return: -8977116.0
Episode: 161, total reward: 6792328.0
each agent reward: 6792328.0
Episode 162 return: -9872125.0
Episode: 162, total reward: 6716316.0
each agent reward: 6716316.0
Episode 163 return: -10035515.0
Episode: 163, total reward: 6880424.0
each agent reward: 6880424.0
Episode 164 return: -9739485.0
Episode: 164, total reward: 6708039.5
each agent reward: 6708039.5
Episode 165 return: -9558502.0
Episode: 165, total reward: 6708039.5
each agent reward: 6708039.5
Episode 166 return: -9307758.0
Episode: 166, total reward: 6700427.0
each agent reward: 6700427.0
Episode 167 return: -8783097.0
Episode: 167, total reward: 6981374.0
each agent reward: 6981374.0
Episode 168 return: -10437187.0
Episode: 168, total reward: 6977546.0
each agent reward: 6977546.0
Episode 169 return: -9819173.0
Episode: 169, total reward: 6984578.0
each agent reward: 6984578.0
Episode 170 return: -9042833.0
Episode: 170, total reward: 6984578.0
each agent reward: 6984578.0
Episode 171 return: -9342435.0
Episode: 171, total reward: 7134495.5
each agent reward: 7134495.5
Episode 172 return: -9792658.0
Episode: 172, total reward: 7059714.0
each agent reward: 7059714.0
Episode 173 return: -10053295.0
Episode: 173, total reward: 6998331.5
each agent reward: 6998331.5
Episode 174 return: -10187796.0
Episode: 174, total reward: 6752341.5
each agent reward: 6752341.5
Episode 175 return: -9714067.0
Episode: 175, total reward: 6752341.5
each agent reward: 6752341.5
Episode 176 return: -9467402.0
Episode: 176, total reward: 6717219.5
each agent reward: 6717219.5
Episode 177 return: -9368984.0
Episode: 177, total reward: 6769498.0
each agent reward: 6769498.0
Episode 178 return: -9269229.0
Episode: 178, total reward: 6712798.0
each agent reward: 6712798.0
Episode 179 return: -8979242.0
Episode: 179, total reward: 6734469.0
each agent reward: 6734469.0
Episode 180 return: -8968847.0
Episode: 180, total reward: 6734469.0
each agent reward: 6734469.0
Episode 181 return: -9906645.0
Episode: 181, total reward: 6593146.5
each agent reward: 6593146.5
Episode 182 return: -9916809.0
Episode: 182, total reward: 6626497.5
each agent reward: 6626497.5
Episode 183 return: -9461214.0
Episode: 183, total reward: 6667772.0
each agent reward: 6667772.0
Episode 184 return: -9484661.0
Episode: 184, total reward: 6677546.0
each agent reward: 6677546.0
Episode 185 return: -10167763.0
Episode: 185, total reward: 6677546.0
each agent reward: 6677546.0
Episode 186 return: -9800055.0
Episode: 186, total reward: 6872498.0
each agent reward: 6872498.0
Episode 187 return: -9070276.0
Episode: 187, total reward: 6710242.5
each agent reward: 6710242.5
Episode 188 return: -9304397.0
Episode: 188, total reward: 6663960.5
each agent reward: 6663960.5
Episode 189 return: -9026985.0
Episode: 189, total reward: 6670140.0
each agent reward: 6670140.0
Episode 190 return: -9501565.0
Episode: 190, total reward: 6670140.0
each agent reward: 6670140.0
Episode 191 return: -9203654.0
Episode: 191, total reward: 6869366.0
each agent reward: 6869366.0
Episode 192 return: -9257003.0
Episode: 192, total reward: 6688548.0
each agent reward: 6688548.0
Episode 193 return: -9090904.0
Episode: 193, total reward: 6555870.5
each agent reward: 6555870.5
Episode 194 return: -10037059.0
Episode: 194, total reward: 6592697.0
each agent reward: 6592697.0
Episode 195 return: -8822519.0
Episode: 195, total reward: 6592697.0
each agent reward: 6592697.0
Episode 196 return: -8870074.0
Episode: 196, total reward: 6815642.5
each agent reward: 6815642.5
Episode 197 return: -9887522.0
Episode: 197, total reward: 6779367.5
each agent reward: 6779367.5
Episode 198 return: -9326767.0
Episode: 198, total reward: 6657087.5
each agent reward: 6657087.5
Episode 199 return: -9698780.0
Episode: 199, total reward: 6528572.0
each agent reward: 6528572.0
Episode 200 return: -9810899.0
Episode: 200, total reward: 6528572.0
each agent reward: 6528572.0
Episode 201 return: -9650713.0
Episode: 201, total reward: 6442739.0
each agent reward: 6442739.0
Episode 202 return: -9410634.0
Episode: 202, total reward: 6301989.0
each agent reward: 6301989.0
Episode 203 return: -8714901.0
Episode: 203, total reward: 6219360.5
each agent reward: 6219360.5
Episode 204 return: -9185994.0
Episode: 204, total reward: 6185292.0
each agent reward: 6185292.0
Episode 205 return: -9396236.0
Episode: 205, total reward: 6185292.0
each agent reward: 6185292.0
Episode 206 return: -9428617.0
Episode: 206, total reward: 6386081.5
each agent reward: 6386081.5
Episode 207 return: -10083143.0
Episode: 207, total reward: 6410887.5
each agent reward: 6410887.5
Episode 208 return: -9328913.0
Episode: 208, total reward: 6333071.0
each agent reward: 6333071.0
Episode 209 return: -9426822.0
Episode: 209, total reward: 6158868.0
each agent reward: 6158868.0
Episode 210 return: -9104651.0
Episode: 210, total reward: 6158868.0
each agent reward: 6158868.0
Episode 211 return: -9319111.0
Episode: 211, total reward: 6034916.5
each agent reward: 6034916.5
Episode 212 return: -9122164.0
Episode: 212, total reward: 5825630.0
each agent reward: 5825630.0
Episode 213 return: -9587559.0
Episode: 213, total reward: 5745927.0
each agent reward: 5745927.0
Episode 214 return: -8877760.0
Episode: 214, total reward: 5419413.0
each agent reward: 5419413.0
Episode 215 return: -9337002.0
Episode: 215, total reward: 5419413.0
each agent reward: 5419413.0
Episode 216 return: -9625791.0
Episode: 216, total reward: 5230736.0
each agent reward: 5230736.0
Episode 217 return: -9593880.0
Episode: 217, total reward: 5201393.0
each agent reward: 5201393.0
Episode 218 return: -9639840.0
Episode: 218, total reward: 5295054.0
each agent reward: 5295054.0
Episode 219 return: -9385120.0
Episode: 219, total reward: 5273135.0
each agent reward: 5273135.0
Episode 220 return: -9102653.0
Episode: 220, total reward: 5273135.0
each agent reward: 5273135.0
Episode 221 return: -9409282.0
Episode: 221, total reward: 5021657.5
each agent reward: 5021657.5
Episode 222 return: -8843798.0
Episode: 222, total reward: 4865869.5
each agent reward: 4865869.5
Episode 223 return: -9358832.0
Episode: 223, total reward: 4617268.0
each agent reward: 4617268.0
Episode 224 return: -9116658.0
Episode: 224, total reward: 4514811.0
each agent reward: 4514811.0
Episode 225 return: -9225824.0
Episode: 225, total reward: 4514811.0
each agent reward: 4514811.0
Episode 226 return: -8972038.0
Episode: 226, total reward: 4622961.5
each agent reward: 4622961.5
Episode 227 return: -8783888.0
Episode: 227, total reward: 4455539.0
each agent reward: 4455539.0
Episode 228 return: -8458763.0
Episode: 228, total reward: 4307659.0
each agent reward: 4307659.0
Episode 229 return: -9385838.0
Episode: 229, total reward: 4278681.5
each agent reward: 4278681.5
Episode 230 return: -9169258.0
Episode: 230, total reward: 4278681.5
each agent reward: 4278681.5
Episode 231 return: -8996528.0
Episode: 231, total reward: 4199550.0
each agent reward: 4199550.0
Episode 232 return: -8796185.0
Episode: 232, total reward: 4417819.5
each agent reward: 4417819.5
Episode 233 return: -8969717.0
Episode: 233, total reward: 4814061.0
each agent reward: 4814061.0
Episode 234 return: -9077683.0
Episode: 234, total reward: 4787731.0
each agent reward: 4787731.0
Episode 235 return: -8862485.0
Episode: 235, total reward: 4787731.0
each agent reward: 4787731.0
Episode 236 return: -9803192.0
Episode: 236, total reward: 4975289.0
each agent reward: 4975289.0
Episode 237 return: -8780611.0
Episode: 237, total reward: 5048925.5
each agent reward: 5048925.5
Episode 238 return: -8859443.0
Episode: 238, total reward: 5105654.0
each agent reward: 5105654.0
Episode 239 return: -9876885.0
Episode: 239, total reward: 5275833.5
each agent reward: 5275833.5
Episode 240 return: -8977098.0
Episode: 240, total reward: 5275833.5
each agent reward: 5275833.5
Episode 241 return: -9448810.0
Episode: 241, total reward: 5138871.5
each agent reward: 5138871.5
Episode 242 return: -8836163.0
Episode: 242, total reward: 4865369.0
each agent reward: 4865369.0
Episode 243 return: -9473384.0
Episode: 243, total reward: 4665920.0
each agent reward: 4665920.0
Episode 244 return: -9683068.0
Episode: 244, total reward: 4471200.5
each agent reward: 4471200.5
Episode 245 return: -9006957.0
Episode: 245, total reward: 4471200.5
each agent reward: 4471200.5
Episode 246 return: -9455858.0
Episode: 246, total reward: 4384236.5
each agent reward: 4384236.5
Episode 247 return: -9550907.0
Episode: 247, total reward: 4138190.25
each agent reward: 4138190.25
Episode 248 return: -8526169.0
Episode: 248, total reward: 4167960.5
each agent reward: 4167960.5
Episode 249 return: -9762456.0
Episode: 249, total reward: 4273254.0
each agent reward: 4273254.0
Episode 250 return: -9197133.0
Episode: 250, total reward: 4273254.0
each agent reward: 4273254.0
Episode 251 return: -8919170.0
Episode: 251, total reward: 4329365.5
each agent reward: 4329365.5
Episode 252 return: -9502868.0
Episode: 252, total reward: 4177016.0
each agent reward: 4177016.0
Episode 253 return: -9143883.0
Episode: 253, total reward: 4019787.75
each agent reward: 4019787.75
Episode 254 return: -8777960.0
Episode: 254, total reward: 3942346.0
each agent reward: 3942346.0
Episode 255 return: -8698709.0
Episode: 255, total reward: 3942346.0
each agent reward: 3942346.0
Episode 256 return: -8967924.0
Episode: 256, total reward: 3828697.0
each agent reward: 3828697.0
Episode 257 return: -8924107.0
Episode: 257, total reward: 3739650.5
each agent reward: 3739650.5
Episode 258 return: -9635513.0
Episode: 258, total reward: 3706076.5
each agent reward: 3706076.5
Episode 259 return: -9123431.0
Episode: 259, total reward: 3675726.75
each agent reward: 3675726.75
Episode 260 return: -9486721.0
Episode: 260, total reward: 3675726.75
each agent reward: 3675726.75
Episode 261 return: -9067465.0
Episode: 261, total reward: 3586023.75
each agent reward: 3586023.75
Episode 262 return: -8932236.0
Episode: 262, total reward: 3640928.0
each agent reward: 3640928.0
Episode 263 return: -9463034.0
Episode: 263, total reward: 3586834.25
each agent reward: 3586834.25
Episode 264 return: -8945167.0
Episode: 264, total reward: 3553829.75
each agent reward: 3553829.75
Episode 265 return: -8639116.0
Episode: 265, total reward: 3553829.75
each agent reward: 3553829.75
Episode 266 return: -9120312.0
Episode: 266, total reward: 3607128.5
each agent reward: 3607128.5
Episode 267 return: -9202050.0
Episode: 267, total reward: 3671563.0
each agent reward: 3671563.0
Episode 268 return: -8919269.0
Episode: 268, total reward: 3716829.25
each agent reward: 3716829.25
Episode 269 return: -9451962.0
Episode: 269, total reward: 3716920.5
each agent reward: 3716920.5
Episode 270 return: -8714146.0
Episode: 270, total reward: 3716920.5
each agent reward: 3716920.5
Episode 271 return: -9174274.0
Episode: 271, total reward: 3779647.25
each agent reward: 3779647.25
Episode 272 return: -9174851.0
Episode: 272, total reward: 3839004.5
each agent reward: 3839004.5
Episode 273 return: -8524192.0
Episode: 273, total reward: 3895062.25
each agent reward: 3895062.25
Episode 274 return: -9049536.0
Episode: 274, total reward: 4005281.25
each agent reward: 4005281.25
Episode 275 return: -8854631.0
Episode: 275, total reward: 4005281.25
each agent reward: 4005281.25
Episode 276 return: -9248337.0
Episode: 276, total reward: 3978933.5
each agent reward: 3978933.5
Episode 277 return: -9523311.0
Episode: 277, total reward: 4034943.25
each agent reward: 4034943.25
Episode 278 return: -8897626.0
Episode: 278, total reward: 3989370.25
each agent reward: 3989370.25
Episode 279 return: -8746768.0
Episode: 279, total reward: 3873489.75
each agent reward: 3873489.75
Episode 280 return: -9756914.0
Episode: 280, total reward: 3873489.75
each agent reward: 3873489.75
Episode 281 return: -8729632.0
Episode: 281, total reward: 3841372.5
each agent reward: 3841372.5
Episode 282 return: -8816138.0
Episode: 282, total reward: 3899470.25
each agent reward: 3899470.25
Episode 283 return: -9281667.0
Episode: 283, total reward: 3841722.0
each agent reward: 3841722.0
Episode 284 return: -9244368.0
Episode: 284, total reward: 3929952.0
each agent reward: 3929952.0
Episode 285 return: -8891646.0
Episode: 285, total reward: 3929952.0
each agent reward: 3929952.0
Episode 286 return: -9297565.0
Episode: 286, total reward: 4013222.0
each agent reward: 4013222.0
Episode 287 return: -9093472.0
Episode: 287, total reward: 4069144.25
each agent reward: 4069144.25
Episode 288 return: -8745769.0
Episode: 288, total reward: 4101369.0
each agent reward: 4101369.0
Episode 289 return: -8948500.0
Episode: 289, total reward: 4218897.5
each agent reward: 4218897.5
Episode 290 return: -9203932.0
Episode: 290, total reward: 4218897.5
each agent reward: 4218897.5
Episode 291 return: -8625842.0
Episode: 291, total reward: 4079991.5
each agent reward: 4079991.5
Episode 292 return: -9566850.0
Episode: 292, total reward: 4136315.0
each agent reward: 4136315.0
Episode 293 return: -9663514.0
Episode: 293, total reward: 3997726.5
each agent reward: 3997726.5
Episode 294 return: -9683182.0
Episode: 294, total reward: 3807490.5
each agent reward: 3807490.5
Episode 295 return: -9306783.0
Episode: 295, total reward: 3807490.5
each agent reward: 3807490.5
Episode 296 return: -9137563.0
Episode: 296, total reward: 3694283.25
each agent reward: 3694283.25
Episode 297 return: -9690728.0
Episode: 297, total reward: 3691929.5
each agent reward: 3691929.5
Episode 298 return: -9334775.0
Episode: 298, total reward: 3638427.0
each agent reward: 3638427.0
Episode 299 return: -9233117.0
Episode: 299, total reward: 3610233.0
each agent reward: 3610233.0
Episode 300 return: -8716354.0
Episode: 300, total reward: 3610233.0
each agent reward: 3610233.0
Episode 301 return: -8576532.0
Episode: 301, total reward: 3616298.75
each agent reward: 3616298.75
Episode 302 return: -9745388.0
Episode: 302, total reward: 3587618.75
each agent reward: 3587618.75
Episode 303 return: -8943307.0
Episode: 303, total reward: 3617841.0
each agent reward: 3617841.0
Episode 304 return: -8285628.5
Episode: 304, total reward: 3543111.25
each agent reward: 3543111.25
Episode 305 return: -9112180.0
Episode: 305, total reward: 3543111.25
each agent reward: 3543111.25
Episode 306 return: -9378402.0
Episode: 306, total reward: 3485323.5
each agent reward: 3485323.5
Episode 307 return: -9108659.0
Episode: 307, total reward: 3578918.75
each agent reward: 3578918.75
Episode 308 return: -8707838.0
Episode: 308, total reward: 3691133.5
each agent reward: 3691133.5
Episode 309 return: -8545610.0
Episode: 309, total reward: 3720616.0
each agent reward: 3720616.0
Episode 310 return: -8843898.0
Episode: 310, total reward: 3720616.0
each agent reward: 3720616.0
Episode 311 return: -8901832.0
Episode: 311, total reward: 3810797.75
each agent reward: 3810797.75
Episode 312 return: -9386406.0
Episode: 312, total reward: 3783471.25
each agent reward: 3783471.25
Episode 313 return: -8910854.0
Episode: 313, total reward: 3680085.5
each agent reward: 3680085.5
Episode 314 return: -8992525.0
Episode: 314, total reward: 3732102.0
each agent reward: 3732102.0
Episode 315 return: -8664743.0
Episode: 315, total reward: 3732102.0
each agent reward: 3732102.0
Episode 316 return: -9735752.0
Episode: 316, total reward: 3666102.0
each agent reward: 3666102.0
Episode 317 return: -9128174.0
Episode: 317, total reward: 3570675.5
each agent reward: 3570675.5
Episode 318 return: -9235752.0
Episode: 318, total reward: 3482547.75
each agent reward: 3482547.75
Episode 319 return: -8699705.0
Episode: 319, total reward: 3487349.0
each agent reward: 3487349.0
Episode 320 return: -8865617.0
Episode: 320, total reward: 3487349.0
each agent reward: 3487349.0
Episode 321 return: -8579087.0
Episode: 321, total reward: 3437868.5
each agent reward: 3437868.5
Episode 322 return: -9166188.0
Episode: 322, total reward: 3405366.5
each agent reward: 3405366.5
Episode 323 return: -9125286.0
Episode: 323, total reward: 3495044.25
each agent reward: 3495044.25
Episode 324 return: -8304990.0
Episode: 324, total reward: 3551399.25
each agent reward: 3551399.25
Episode 325 return: -9129431.0
Episode: 325, total reward: 3551399.25
each agent reward: 3551399.25
Episode 326 return: -8679445.0
Episode: 326, total reward: 3544836.75
each agent reward: 3544836.75
Episode 327 return: -9493384.0
Episode: 327, total reward: 3694574.25
each agent reward: 3694574.25
Episode 328 return: -9334755.0
Episode: 328, total reward: 3692422.5
each agent reward: 3692422.5
Episode 329 return: -9472637.0
Episode: 329, total reward: 3661134.75
each agent reward: 3661134.75
Episode 330 return: -8162033.0
Episode: 330, total reward: 3661134.75
each agent reward: 3661134.75
Episode 331 return: -9143029.0
Episode: 331, total reward: 3751093.25
each agent reward: 3751093.25
Episode 332 return: -8549834.0
Episode: 332, total reward: 3611570.75
each agent reward: 3611570.75
Episode 333 return: -8590669.0
Episode: 333, total reward: 3526365.25
each agent reward: 3526365.25
Episode 334 return: -9147629.0
Episode: 334, total reward: 3538868.75
each agent reward: 3538868.75
Episode 335 return: -8641943.0
Episode: 335, total reward: 3538868.75
each agent reward: 3538868.75
Episode 336 return: -8665286.0
Episode: 336, total reward: 3569121.0
each agent reward: 3569121.0
Episode 337 return: -8709848.0
Episode: 337, total reward: 3629799.25
each agent reward: 3629799.25
Episode 338 return: -8899583.0
Episode: 338, total reward: 3600588.0
each agent reward: 3600588.0
Episode 339 return: -8829802.0
Episode: 339, total reward: 3565221.75
each agent reward: 3565221.75
Episode 340 return: -8688410.0
Episode: 340, total reward: 3565221.75
each agent reward: 3565221.75
Episode 341 return: -9089886.0
Episode: 341, total reward: 3535660.5
each agent reward: 3535660.5
Episode 342 return: -8708081.0
Episode: 342, total reward: 3557667.75
each agent reward: 3557667.75
Episode 343 return: -8333473.0
Episode: 343, total reward: 3558376.5
each agent reward: 3558376.5
Episode 344 return: -8949445.0
Episode: 344, total reward: 3558213.5
each agent reward: 3558213.5
Episode 345 return: -8588463.0
Episode: 345, total reward: 3558213.5
each agent reward: 3558213.5
Episode 346 return: -9265475.0
Episode: 346, total reward: 3580548.0
each agent reward: 3580548.0
Episode 347 return: -8938032.0
Episode: 347, total reward: 3616997.25
each agent reward: 3616997.25
Episode 348 return: -8320910.5
Episode: 348, total reward: 3670935.75
each agent reward: 3670935.75
Episode 349 return: -8460382.0
Episode: 349, total reward: 3758416.75
each agent reward: 3758416.75
Episode 350 return: -8661813.0
Episode: 350, total reward: 3758416.75
each agent reward: 3758416.75
Episode 351 return: -8477406.0
Episode: 351, total reward: 3874631.25
each agent reward: 3874631.25
Episode 352 return: -8686131.0
Episode: 352, total reward: 3818169.75
each agent reward: 3818169.75
Episode 353 return: -8913177.0
Episode: 353, total reward: 3758122.25
each agent reward: 3758122.25
Episode 354 return: -9232364.0
Episode: 354, total reward: 3641975.0
each agent reward: 3641975.0
Episode 355 return: -9385298.0
Episode: 355, total reward: 3641975.0
each agent reward: 3641975.0
Episode 356 return: -8929626.0
Episode: 356, total reward: 3533888.25
each agent reward: 3533888.25
Episode 357 return: -8862343.0
Episode: 357, total reward: 3474801.75
each agent reward: 3474801.75
Episode 358 return: -9276540.0
Episode: 358, total reward: 3441169.5
each agent reward: 3441169.5
Episode 359 return: -8692724.0
Episode: 359, total reward: 3409789.75
each agent reward: 3409789.75
Episode 360 return: -9184991.0
Episode: 360, total reward: 3409789.75
each agent reward: 3409789.75
Episode 361 return: -8658945.0
Episode: 361, total reward: 3406375.5
each agent reward: 3406375.5
Episode 362 return: -8797628.0
Episode: 362, total reward: 3407043.5
each agent reward: 3407043.5
Episode 363 return: -8425341.0
Episode: 363, total reward: 3411301.25
each agent reward: 3411301.25
Episode 364 return: -8752555.0
Episode: 364, total reward: 3409265.25
each agent reward: 3409265.25
Episode 365 return: -8455197.0
Episode: 365, total reward: 3409265.25
each agent reward: 3409265.25
Episode 366 return: -8851994.0
Episode: 366, total reward: 3434538.25
each agent reward: 3434538.25
Episode 367 return: -8770847.0
Episode: 367, total reward: 3433584.25
each agent reward: 3433584.25
Episode 368 return: -8551592.0
Episode: 368, total reward: 3433379.25
each agent reward: 3433379.25
Episode 369 return: -9036843.0
Episode: 369, total reward: 3457842.5
each agent reward: 3457842.5
Episode 370 return: -8501170.0
Episode: 370, total reward: 3457842.5
each agent reward: 3457842.5
Episode 371 return: -9050400.0
Episode: 371, total reward: 3547233.75
each agent reward: 3547233.75
Episode 372 return: -8466941.0
Episode: 372, total reward: 3630234.25
each agent reward: 3630234.25
Episode 373 return: -9076324.0
Episode: 373, total reward: 3898456.5
each agent reward: 3898456.5
Episode 374 return: -8547200.0
Episode: 374, total reward: 3865700.0
each agent reward: 3865700.0
Episode 375 return: -8756143.0
Episode: 375, total reward: 3865700.0
each agent reward: 3865700.0
Episode 376 return: -8382667.0
Episode: 376, total reward: 4025911.75
each agent reward: 4025911.75
Episode 377 return: -8527705.0
Episode: 377, total reward: 3910513.0
each agent reward: 3910513.0
Episode 378 return: -8979573.0
Episode: 378, total reward: 3992393.5
each agent reward: 3992393.5
Episode 379 return: -8899402.0
Episode: 379, total reward: 3993482.75
each agent reward: 3993482.75
Episode 380 return: -7754873.0
Episode: 380, total reward: 3993482.75
each agent reward: 3993482.75
Episode 381 return: -8441848.0
Episode: 381, total reward: 3932666.5
each agent reward: 3932666.5
Episode 382 return: -8535319.0
Episode: 382, total reward: 3874115.25
each agent reward: 3874115.25
Episode 383 return: -8336976.0
Episode: 383, total reward: 3819280.5
each agent reward: 3819280.5
Episode 384 return: -8661520.0
Episode: 384, total reward: 3857784.0
each agent reward: 3857784.0
Episode 385 return: -8273867.0
Episode: 385, total reward: 3857784.0
each agent reward: 3857784.0
Episode 386 return: -8380022.0
Episode: 386, total reward: 3891437.0
each agent reward: 3891437.0
Episode 387 return: -8512669.0
Episode: 387, total reward: 3861233.0
each agent reward: 3861233.0
Episode 388 return: -8038750.5
Episode: 388, total reward: 3827570.0
each agent reward: 3827570.0
Episode 389 return: -8391976.0
Episode: 389, total reward: 3853272.75
each agent reward: 3853272.75
Episode 390 return: -8182576.5
Episode: 390, total reward: 3853272.75
each agent reward: 3853272.75
Episode 391 return: -8661633.0
Episode: 391, total reward: 3911501.5
each agent reward: 3911501.5
Episode 392 return: -8494656.0
Episode: 392, total reward: 4033816.0
each agent reward: 4033816.0
Episode 393 return: -8297180.5
Episode: 393, total reward: 4063191.5
each agent reward: 4063191.5
Episode 394 return: -8180291.5
Episode: 394, total reward: 4099346.5
each agent reward: 4099346.5
Episode 395 return: -8061102.0
Episode: 395, total reward: 4099346.5
each agent reward: 4099346.5
Episode 396 return: -8302087.0
Episode: 396, total reward: 4141159.75
each agent reward: 4141159.75
Episode 397 return: -8271653.0
Episode: 397, total reward: 4099304.0
each agent reward: 4099304.0
Episode 398 return: -8007890.0
Episode: 398, total reward: 4046281.0
each agent reward: 4046281.0
Episode 399 return: -8437114.0
Episode: 399, total reward: 4059595.0
each agent reward: 4059595.0
Episode 400 return: -8525783.0
Episode: 400, total reward: 4059595.0
each agent reward: 4059595.0
Episode 401 return: -8746692.0
Episode: 401, total reward: 3860737.5
each agent reward: 3860737.5
Episode 402 return: -8840383.0
Episode: 402, total reward: 3878259.0
each agent reward: 3878259.0
Episode 403 return: -8492457.0
Episode: 403, total reward: 3845484.0
each agent reward: 3845484.0
Episode 404 return: -8256059.5
Episode: 404, total reward: 3658709.75
each agent reward: 3658709.75
Episode 405 return: -8693756.0
Episode: 405, total reward: 3658709.75
each agent reward: 3658709.75
Episode 406 return: -8894793.0
Episode: 406, total reward: 3374374.0
each agent reward: 3374374.0
Episode 407 return: -8613102.0
Episode: 407, total reward: 3334041.75
each agent reward: 3334041.75
Episode 408 return: -8045882.0
Episode: 408, total reward: 3186795.75
each agent reward: 3186795.75
Episode 409 return: -8296126.0
Episode: 409, total reward: 3143828.25
each agent reward: 3143828.25
Episode 410 return: -8648975.0
Episode: 410, total reward: 3143828.25
each agent reward: 3143828.25
Episode 411 return: -8642629.0
Episode: 411, total reward: 3144370.25
each agent reward: 3144370.25
Episode 412 return: -8361365.0
Episode: 412, total reward: 3117185.5
each agent reward: 3117185.5
Episode 413 return: -7710325.5
Episode: 413, total reward: 3121612.0
each agent reward: 3121612.0
Episode 414 return: -8273824.5
Episode: 414, total reward: 3128254.75
each agent reward: 3128254.75
Episode 415 return: -8771062.0
Episode: 415, total reward: 3128254.75
each agent reward: 3128254.75
Episode 416 return: -8144221.5
Episode: 416, total reward: 3042764.0
each agent reward: 3042764.0
Episode 417 return: -8032288.5
Episode: 417, total reward: 3046686.5
each agent reward: 3046686.5
Episode 418 return: -7769060.0
Episode: 418, total reward: 3085225.25
each agent reward: 3085225.25
Episode 419 return: -8299602.0
Episode: 419, total reward: 3083494.25
each agent reward: 3083494.25
Episode 420 return: -7934223.5
Episode: 420, total reward: 3083494.25
each agent reward: 3083494.25
Episode 421 return: -8777398.0
Episode: 421, total reward: 3100376.0
each agent reward: 3100376.0
Episode 422 return: -7837623.5
Episode: 422, total reward: 3055928.0
each agent reward: 3055928.0
Episode 423 return: -8372708.5
Episode: 423, total reward: 3093921.5
each agent reward: 3093921.5
Episode 424 return: -8816915.0
Episode: 424, total reward: 3102422.75
each agent reward: 3102422.75
Episode 425 return: -8162476.5
Episode: 425, total reward: 3102422.75
each agent reward: 3102422.75
Episode 426 return: -8514892.0
Episode: 426, total reward: 3148340.25
each agent reward: 3148340.25
Episode 427 return: -8364358.0
Episode: 427, total reward: 3171570.0
each agent reward: 3171570.0
Episode 428 return: -8340619.0
Episode: 428, total reward: 3227012.5
each agent reward: 3227012.5
Episode 429 return: -8595769.0
Episode: 429, total reward: 3221585.25
each agent reward: 3221585.25
Episode 430 return: -7780868.0
Episode: 430, total reward: 3221585.25
each agent reward: 3221585.25
Episode 431 return: -8270434.0
Episode: 431, total reward: 3158571.25
each agent reward: 3158571.25
Episode 432 return: -7815879.5
Episode: 432, total reward: 3051434.0
each agent reward: 3051434.0
Episode 433 return: -8480590.0
Episode: 433, total reward: 3056886.5
each agent reward: 3056886.5
Episode 434 return: -8244168.0
Episode: 434, total reward: 3061025.25
each agent reward: 3061025.25
Episode 435 return: -7623845.0
Episode: 435, total reward: 3061025.25
each agent reward: 3061025.25
Episode 436 return: -7923148.5
Episode: 436, total reward: 3060860.75
each agent reward: 3060860.75
Episode 437 return: -7991757.0
Episode: 437, total reward: 3093359.0
each agent reward: 3093359.0
Episode 438 return: -8181944.0
Episode: 438, total reward: 3060351.5
each agent reward: 3060351.5
Episode 439 return: -8523941.0
Episode: 439, total reward: 3049998.0
each agent reward: 3049998.0
Episode 440 return: -7736242.0
Episode: 440, total reward: 3049998.0
each agent reward: 3049998.0
Episode 441 return: -7655960.5
Episode: 441, total reward: 3051998.25
each agent reward: 3051998.25
Episode 442 return: -7606423.0
Episode: 442, total reward: 3047211.0
each agent reward: 3047211.0
Episode 443 return: -7860912.0
Episode: 443, total reward: 3050739.5
each agent reward: 3050739.5
Episode 444 return: -7946624.0
Episode: 444, total reward: 3107958.0
each agent reward: 3107958.0
Episode 445 return: -7506069.0
Episode: 445, total reward: 3107958.0
each agent reward: 3107958.0
Episode 446 return: -7833680.5
Episode: 446, total reward: 3217747.25
each agent reward: 3217747.25
Episode 447 return: -8716139.0
Episode: 447, total reward: 3224308.0
each agent reward: 3224308.0
Episode 448 return: -8089165.0
Episode: 448, total reward: 3312587.5
each agent reward: 3312587.5
Episode 449 return: -7436760.5
Episode: 449, total reward: 3315216.0
each agent reward: 3315216.0
Episode 450 return: -7511702.0
Episode: 450, total reward: 3315216.0
each agent reward: 3315216.0
Episode 451 return: -7882367.0
Episode: 451, total reward: 3260825.5
each agent reward: 3260825.5
Episode 452 return: -7998114.0
Episode: 452, total reward: 3213637.0
each agent reward: 3213637.0
Episode 453 return: -8618063.0
Episode: 453, total reward: 3152443.75
each agent reward: 3152443.75
Episode 454 return: -7941449.5
Episode: 454, total reward: 3117598.75
each agent reward: 3117598.75
Episode 455 return: -7615840.0
Episode: 455, total reward: 3117598.75
each agent reward: 3117598.75
Episode 456 return: -7840755.5
Episode: 456, total reward: 3102777.25
each agent reward: 3102777.25
Episode 457 return: -7870849.5
Episode: 457, total reward: 3071406.0
each agent reward: 3071406.0
Episode 458 return: -7821462.5
Episode: 458, total reward: 3037266.25
each agent reward: 3037266.25
Episode 459 return: -7985440.5
Episode: 459, total reward: 3035241.5
each agent reward: 3035241.5
Episode 460 return: -7757215.0
Episode: 460, total reward: 3035241.5
each agent reward: 3035241.5
Episode 461 return: -7728402.0
Episode: 461, total reward: 3041097.75
each agent reward: 3041097.75
Episode 462 return: -7356873.5
Episode: 462, total reward: 3034332.0
each agent reward: 3034332.0
Episode 463 return: -8027329.0
Episode: 463, total reward: 3045839.0
each agent reward: 3045839.0
Episode 464 return: -7754982.5
Episode: 464, total reward: 3044964.75
each agent reward: 3044964.75
Episode 465 return: -7893766.0
Episode: 465, total reward: 3044964.75
each agent reward: 3044964.75
Episode 466 return: -7061990.0
Episode: 466, total reward: 3042695.75
each agent reward: 3042695.75
Episode 467 return: -7413074.0
Episode: 467, total reward: 3042707.5
each agent reward: 3042707.5
Episode 468 return: -7474803.5
Episode: 468, total reward: 3040544.25
each agent reward: 3040544.25
Episode 469 return: -7918987.5
Episode: 469, total reward: 3035753.5
each agent reward: 3035753.5
Episode 470 return: -7583193.5
Episode: 470, total reward: 3035753.5
each agent reward: 3035753.5
Episode 471 return: -8030714.5
Episode: 471, total reward: 3035506.25
each agent reward: 3035506.25
Episode 472 return: -8027320.0
Episode: 472, total reward: 3036958.25
each agent reward: 3036958.25
Episode 473 return: -7081045.0
Episode: 473, total reward: 3046386.0
each agent reward: 3046386.0
Episode 474 return: -7847862.5
Episode: 474, total reward: 3051024.25
each agent reward: 3051024.25
Episode 475 return: -7280022.5
Episode: 475, total reward: 3051024.25
each agent reward: 3051024.25
Episode 476 return: -7224661.0
Episode: 476, total reward: 3061391.5
each agent reward: 3061391.5
Episode 477 return: -7637593.0
Episode: 477, total reward: 3064854.5
each agent reward: 3064854.5
Episode 478 return: -7525909.0
Episode: 478, total reward: 3075664.5
each agent reward: 3075664.5
Episode 479 return: -7270255.5
Episode: 479, total reward: 3086598.0
each agent reward: 3086598.0
Episode 480 return: -7779388.0
Episode: 480, total reward: 3086598.0
each agent reward: 3086598.0
Episode 481 return: -7429280.0
Episode: 481, total reward: 3107460.5
each agent reward: 3107460.5
Episode 482 return: -8095806.5
Episode: 482, total reward: 3103656.0
each agent reward: 3103656.0
Episode 483 return: -7424304.0
Episode: 483, total reward: 3096340.75
each agent reward: 3096340.75
Episode 484 return: -7344695.5
Episode: 484, total reward: 3094940.0
each agent reward: 3094940.0
Episode 485 return: -7243632.0
Episode: 485, total reward: 3094940.0
each agent reward: 3094940.0
Episode 486 return: -7509807.5
Episode: 486, total reward: 3094940.75
each agent reward: 3094940.75
Episode 487 return: -7431961.0
Episode: 487, total reward: 3098568.25
each agent reward: 3098568.25
Episode 488 return: -7259102.5
Episode: 488, total reward: 3122432.75
each agent reward: 3122432.75
Episode 489 return: -7358131.0
Episode: 489, total reward: 3125776.0
each agent reward: 3125776.0
Episode 490 return: -7417142.0
Episode: 490, total reward: 3125776.0
each agent reward: 3125776.0
Episode 491 return: -6771027.5
Episode: 491, total reward: 3122945.0
each agent reward: 3122945.0
Episode 492 return: -7107705.5
Episode: 492, total reward: 3181351.25
each agent reward: 3181351.25
Episode 493 return: -8122277.5
Episode: 493, total reward: 3159073.75
each agent reward: 3159073.75
Episode 494 return: -7365027.0
Episode: 494, total reward: 3158735.5
each agent reward: 3158735.5
Episode 495 return: -7219203.0
Episode: 495, total reward: 3158735.5
each agent reward: 3158735.5
Episode 496 return: -7150943.5
Episode: 496, total reward: 3223342.5
each agent reward: 3223342.5
Episode 497 return: -7351442.0
Episode: 497, total reward: 3282434.5
each agent reward: 3282434.5
Episode 498 return: -7028553.0
Episode: 498, total reward: 3389595.25
each agent reward: 3389595.25
Episode 499 return: -7208907.0
Episode: 499, total reward: 3443011.0
each agent reward: 3443011.0
Episode 500 return: -7013349.0
Episode: 500, total reward: 3443011.0
each agent reward: 3443011.0
Episode 501 return: -7114957.0
Episode: 501, total reward: 3464119.75
each agent reward: 3464119.75
Episode 502 return: -7311064.0
Episode: 502, total reward: 3491581.75
each agent reward: 3491581.75
Episode 503 return: -7088408.5
Episode: 503, total reward: 3499312.0
each agent reward: 3499312.0
Episode 504 return: -7992818.5
Episode: 504, total reward: 3507308.0
each agent reward: 3507308.0
Episode 505 return: -7578101.0
Episode: 505, total reward: 3507308.0
each agent reward: 3507308.0
Episode 506 return: -7654356.0
Episode: 506, total reward: 3517940.75
each agent reward: 3517940.75
Episode 507 return: -7183328.5
Episode: 507, total reward: 3484714.5
each agent reward: 3484714.5
Episode 508 return: -7004728.0
Episode: 508, total reward: 3482513.75
each agent reward: 3482513.75
Episode 509 return: -7860297.5
Episode: 509, total reward: 3478204.5
each agent reward: 3478204.5
Episode 510 return: -7445411.5
Episode: 510, total reward: 3478204.5
each agent reward: 3478204.5
Episode 511 return: -6982046.5
Episode: 511, total reward: 3455771.75
each agent reward: 3455771.75
Episode 512 return: -6861104.5
Episode: 512, total reward: 3444777.0
each agent reward: 3444777.0
Episode 513 return: -7284853.0
Episode: 513, total reward: 3447034.75
each agent reward: 3447034.75
Episode 514 return: -7105884.0
Episode: 514, total reward: 3420491.5
each agent reward: 3420491.5
Episode 515 return: -6696855.0
Episode: 515, total reward: 3420491.5
each agent reward: 3420491.5
Episode 516 return: -7601122.0
Episode: 516, total reward: 3424818.5
each agent reward: 3424818.5
Episode 517 return: -7615042.5
Episode: 517, total reward: 3397532.5
each agent reward: 3397532.5
Episode 518 return: -7004190.5
Episode: 518, total reward: 3138441.75
each agent reward: 3138441.75
Episode 519 return: -7545522.5
Episode: 519, total reward: 3060683.0
each agent reward: 3060683.0
Episode 520 return: -7225588.0
Episode: 520, total reward: 3060683.0
each agent reward: 3060683.0
Episode 521 return: -7058963.0
Episode: 521, total reward: 3057849.0
each agent reward: 3057849.0
Episode 522 return: -7147513.0
Episode: 522, total reward: 3053874.5
each agent reward: 3053874.5
Episode 523 return: -7382625.5
Episode: 523, total reward: 3054189.0
each agent reward: 3054189.0
Episode 524 return: -7108209.5
Episode: 524, total reward: 3058425.25
each agent reward: 3058425.25
Episode 525 return: -7029797.0
Episode: 525, total reward: 3058425.25
each agent reward: 3058425.25
Episode 526 return: -7465872.0
Episode: 526, total reward: 3065190.5
each agent reward: 3065190.5
Episode 527 return: -6581468.0
Episode: 527, total reward: 3076015.25
each agent reward: 3076015.25
Episode 528 return: -7372686.5
Episode: 528, total reward: 3064692.0
each agent reward: 3064692.0
Episode 529 return: -6843508.0
Episode: 529, total reward: 3062536.5
each agent reward: 3062536.5
Episode 530 return: -7609676.5
Episode: 530, total reward: 3062536.5
each agent reward: 3062536.5
Episode 531 return: -6788040.5
Episode: 531, total reward: 3068551.0
each agent reward: 3068551.0
Episode 532 return: -7104171.0
Episode: 532, total reward: 3102868.75
each agent reward: 3102868.75
Episode 533 return: -6747352.0
Episode: 533, total reward: 3136733.0
each agent reward: 3136733.0
Episode 534 return: -6877108.0
Episode: 534, total reward: 3136134.0
each agent reward: 3136134.0
Episode 535 return: -7041663.0
Episode: 535, total reward: 3136134.0
each agent reward: 3136134.0
Episode 536 return: -6967615.5
Episode: 536, total reward: 3107155.75
each agent reward: 3107155.75
Episode 537 return: -6769021.0
Episode: 537, total reward: 3098838.0
each agent reward: 3098838.0
Episode 538 return: -7294952.5
Episode: 538, total reward: 3084343.25
each agent reward: 3084343.25
Episode 539 return: -6750108.5
Episode: 539, total reward: 3063612.25
each agent reward: 3063612.25
Episode 540 return: -6559930.5
Episode: 540, total reward: 3063612.25
each agent reward: 3063612.25
Episode 541 return: -6792978.0
Episode: 541, total reward: 3059121.75
each agent reward: 3059121.75
Episode 542 return: -6923484.0
Episode: 542, total reward: 3060746.5
each agent reward: 3060746.5
Episode 543 return: -6399003.5
Episode: 543, total reward: 3034442.0
each agent reward: 3034442.0
Episode 544 return: -6477013.5
Episode: 544, total reward: 3049585.5
each agent reward: 3049585.5
Episode 545 return: -6612727.5
Episode: 545, total reward: 3049585.5
each agent reward: 3049585.5
Episode 546 return: -7124668.5
Episode: 546, total reward: 3060760.75
each agent reward: 3060760.75
Episode 547 return: -6962381.0
Episode: 547, total reward: 3051562.75
each agent reward: 3051562.75
Episode 548 return: -7055773.0
Episode: 548, total reward: 3051538.75
each agent reward: 3051538.75
Episode 549 return: -6654601.0
Episode: 549, total reward: 3052685.75
each agent reward: 3052685.75
Episode 550 return: -6641707.0
Episode: 550, total reward: 3052685.75
each agent reward: 3052685.75
Episode 551 return: -6196742.5
Episode: 551, total reward: 3053018.0
each agent reward: 3053018.0
Episode 552 return: -7223684.0
Episode: 552, total reward: 3162945.0
each agent reward: 3162945.0
Episode 553 return: -6375023.0
Episode: 553, total reward: 3399959.5
each agent reward: 3399959.5
Episode 554 return: -7092598.5
Episode: 554, total reward: 3387843.25
each agent reward: 3387843.25
Episode 555 return: -6522635.5
Episode: 555, total reward: 3387843.25
each agent reward: 3387843.25
Episode 556 return: -7125382.5
Episode: 556, total reward: 3225577.5
each agent reward: 3225577.5
Episode 557 return: -6938093.5
Episode: 557, total reward: 3139161.25
each agent reward: 3139161.25
Episode 558 return: -6837218.5
Episode: 558, total reward: 3085455.75
each agent reward: 3085455.75
Episode 559 return: -6772041.5
Episode: 559, total reward: 3064606.0
each agent reward: 3064606.0
Episode 560 return: -6595109.0
Episode: 560, total reward: 3064606.0
each agent reward: 3064606.0
Episode 561 return: -6690502.0
Episode: 561, total reward: 3267410.5
each agent reward: 3267410.5
Episode 562 return: -6329747.5
Episode: 562, total reward: 3398290.0
each agent reward: 3398290.0
Episode 563 return: -6593431.5
Episode: 563, total reward: 3300225.75
each agent reward: 3300225.75
Episode 564 return: -6215972.0
Episode: 564, total reward: 3410945.75
each agent reward: 3410945.75
Episode 565 return: -6551824.0
Episode: 565, total reward: 3410945.75
each agent reward: 3410945.75
Episode 566 return: -6312461.5
Episode: 566, total reward: 3431180.25
each agent reward: 3431180.25
Episode 567 return: -7005042.0
Episode: 567, total reward: 3441503.0
each agent reward: 3441503.0
Episode 568 return: -6265737.0
Episode: 568, total reward: 3452787.75
each agent reward: 3452787.75
Episode 569 return: -6668934.0
Episode: 569, total reward: 3317983.0
each agent reward: 3317983.0
Episode 570 return: -6896655.5
Episode: 570, total reward: 3317983.0
each agent reward: 3317983.0
Episode 571 return: -7227340.0
Episode: 571, total reward: 3173894.5
each agent reward: 3173894.5
Episode 572 return: -6719586.0
Episode: 572, total reward: 3118900.0
each agent reward: 3118900.0
Episode 573 return: -6221080.5
Episode: 573, total reward: 3145072.75
each agent reward: 3145072.75
Episode 574 return: -6597767.0
Episode: 574, total reward: 3088041.5
each agent reward: 3088041.5
Episode 575 return: -6024190.5
Episode: 575, total reward: 3088041.5
each agent reward: 3088041.5
Episode 576 return: -6966271.0
Episode: 576, total reward: 3092343.75
each agent reward: 3092343.75
Episode 577 return: -6984502.5
Episode: 577, total reward: 3083876.25
each agent reward: 3083876.25
Episode 578 return: -6630333.0
Episode: 578, total reward: 3051421.0
each agent reward: 3051421.0
Episode 579 return: -6412652.0
Episode: 579, total reward: 3048885.0
each agent reward: 3048885.0
Episode 580 return: -6359073.0
Episode: 580, total reward: 3048885.0
each agent reward: 3048885.0
Episode 581 return: -6913353.0
Episode: 581, total reward: 3056204.5
each agent reward: 3056204.5
Episode 582 return: -6667773.0
Episode: 582, total reward: 3059251.0
each agent reward: 3059251.0
Episode 583 return: -7001876.5
Episode: 583, total reward: 3049609.25
each agent reward: 3049609.25
Episode 584 return: -7080204.0
Episode: 584, total reward: 3054756.0
each agent reward: 3054756.0
Episode 585 return: -6898156.0
Episode: 585, total reward: 3054756.0
each agent reward: 3054756.0
Episode 586 return: -6974446.5
Episode: 586, total reward: 3061667.25
each agent reward: 3061667.25
Episode 587 return: -6825229.5
Episode: 587, total reward: 3061861.5
each agent reward: 3061861.5
Episode 588 return: -7033655.5
Episode: 588, total reward: 3065549.0
each agent reward: 3065549.0
Episode 589 return: -6133987.0
Episode: 589, total reward: 3082428.5
each agent reward: 3082428.5
Episode 590 return: -6670971.0
Episode: 590, total reward: 3082428.5
each agent reward: 3082428.5
Episode 591 return: -6390214.0
Episode: 591, total reward: 3086385.0
each agent reward: 3086385.0
Episode 592 return: -6330490.5
Episode: 592, total reward: 3098694.5
each agent reward: 3098694.5
Episode 593 return: -6743889.0
Episode: 593, total reward: 3103558.25
each agent reward: 3103558.25
Episode 594 return: -6333262.5
Episode: 594, total reward: 3109947.25
each agent reward: 3109947.25
Episode 595 return: -6437743.0
Episode: 595, total reward: 3109947.25
each agent reward: 3109947.25
Episode 596 return: -6366337.0
Episode: 596, total reward: 3108770.75
each agent reward: 3108770.75
Episode 597 return: -5977141.0
Episode: 597, total reward: 3088027.25
each agent reward: 3088027.25
Episode 598 return: -6207027.5
Episode: 598, total reward: 3081472.75
each agent reward: 3081472.75
Episode 599 return: -6617952.5
Episode: 599, total reward: 3063052.5
each agent reward: 3063052.5
