Episode: -1, total reward: 4604188.5
each agent reward: 4604188.5
Episode: 1, total reward: 4359690.0
each agent reward: 4359690.0
Episode 0 return: -4455443.0
Episode: 0, total reward: 4359690.0
each agent reward: 4359690.0
Episode 1 return: -4463702.0
Episode: 1, total reward: 4359690.0
each agent reward: 4359690.0
Episode 2 return: -4454296.5
Episode: 2, total reward: 4359690.0
each agent reward: 4359690.0
Episode 3 return: -4427550.0
Episode: 3, total reward: 4359690.0
each agent reward: 4359690.0
Episode 4 return: -4455869.0
Episode: 4, total reward: 4359690.0
each agent reward: 4359690.0
Episode 5 return: -4472950.5
Episode: 5, total reward: 4359690.0
each agent reward: 4359690.0
Episode 6 return: -4487220.5
Episode: 6, total reward: 4359690.0
each agent reward: 4359690.0
Episode 7 return: -4506723.0
Episode: 7, total reward: 4359690.0
each agent reward: 4359690.0
Episode 8 return: -4488114.0
Episode: 8, total reward: 4359690.0
each agent reward: 4359690.0
Episode 9 return: -4428497.0
Episode: 9, total reward: 4359690.0
each agent reward: 4359690.0
Episode 10 return: -4464231.5
Episode: 10, total reward: 4359690.0
each agent reward: 4359690.0
Episode 11 return: -4478095.0
Episode: 11, total reward: 4359690.0
each agent reward: 4359690.0
Episode 12 return: -4552782.0
Episode: 12, total reward: 4395665.5
each agent reward: 4395665.5
Episode 13 return: -4554129.5
Episode: 13, total reward: 4367661.0
each agent reward: 4367661.0
Episode 14 return: -4588552.5
Episode: 14, total reward: 4354605.0
each agent reward: 4354605.0
Episode 15 return: -4694060.5
Episode: 15, total reward: 4365754.0
each agent reward: 4365754.0
Episode 16 return: -4606970.5
Episode: 16, total reward: 4353171.5
each agent reward: 4353171.5
Episode 17 return: -4629584.0
Episode: 17, total reward: 4303757.0
each agent reward: 4303757.0
Episode 18 return: -4626972.5
Episode: 18, total reward: 4263674.5
each agent reward: 4263674.5
Episode 19 return: -4606345.0
Episode: 19, total reward: 4284203.5
each agent reward: 4284203.5
Episode 20 return: -4544058.0
Episode: 20, total reward: 4309469.5
each agent reward: 4309469.5
Episode 21 return: -4671191.0
Episode: 21, total reward: 4361236.0
each agent reward: 4361236.0
Episode 22 return: -4620273.5
Episode: 22, total reward: 4321204.5
each agent reward: 4321204.5
Episode 23 return: -4569657.5
Episode: 23, total reward: 4249926.0
each agent reward: 4249926.0
Episode 24 return: -4584335.0
Episode: 24, total reward: 4223511.5
each agent reward: 4223511.5
Episode 25 return: -4644330.5
Episode: 25, total reward: 4193923.5
each agent reward: 4193923.5
Episode 26 return: -4644044.5
Episode: 26, total reward: 4386382.0
each agent reward: 4386382.0
Episode 27 return: -4583630.0
Episode: 27, total reward: 4188380.0
each agent reward: 4188380.0
Episode 28 return: -4620838.5
Episode: 28, total reward: 4204777.0
each agent reward: 4204777.0
Episode 29 return: -4507411.0
Episode: 29, total reward: 4192352.5
each agent reward: 4192352.5
Episode 30 return: -4602476.5
Episode: 30, total reward: 4157032.5
each agent reward: 4157032.5
Episode 31 return: -4570360.0
Episode: 31, total reward: 4125904.25
each agent reward: 4125904.25
Episode 32 return: -4601655.5
Episode: 32, total reward: 4131645.25
each agent reward: 4131645.25
Episode 33 return: -4575389.0
Episode: 33, total reward: 4302326.5
each agent reward: 4302326.5
Episode 34 return: -4592229.0
Episode: 34, total reward: 4290463.0
each agent reward: 4290463.0
Episode 35 return: -4609716.5
Episode: 35, total reward: 4315545.0
each agent reward: 4315545.0
Episode 36 return: -4602697.0
Episode: 36, total reward: 4304146.0
each agent reward: 4304146.0
Episode 37 return: -4581997.0
Episode: 37, total reward: 4481075.0
each agent reward: 4481075.0
Episode 38 return: -4668637.0
Episode: 38, total reward: 4413717.5
each agent reward: 4413717.5
Episode 39 return: -4661768.0
Episode: 39, total reward: 4251486.0
each agent reward: 4251486.0
Episode 40 return: -4607507.0
Episode: 40, total reward: 4639292.5
each agent reward: 4639292.5
Episode 41 return: -4607957.0
Episode: 41, total reward: 4437365.5
each agent reward: 4437365.5
Episode 42 return: -4584980.5
Episode: 42, total reward: 4027585.0
each agent reward: 4027585.0
Episode 43 return: -4689687.0
Episode: 43, total reward: 4558406.5
each agent reward: 4558406.5
Episode 44 return: -4626427.0
Episode: 44, total reward: 4365520.5
each agent reward: 4365520.5
Episode 45 return: -4610906.0
Episode: 45, total reward: 5097487.0
each agent reward: 5097487.0
Episode 46 return: -4570475.5
Episode: 46, total reward: 5314477.0
each agent reward: 5314477.0
Episode 47 return: -4618065.5
Episode: 47, total reward: 5329733.5
each agent reward: 5329733.5
Episode 48 return: -4579110.0
Episode: 48, total reward: 5556468.5
each agent reward: 5556468.5
Episode 49 return: -4569465.5
Episode: 49, total reward: 4617544.5
each agent reward: 4617544.5
Episode 50 return: -4593237.0
Episode: 50, total reward: 5215988.5
each agent reward: 5215988.5
Episode 51 return: -4594054.0
Episode: 51, total reward: 4965011.5
each agent reward: 4965011.5
Episode 52 return: -4610583.5
Episode: 52, total reward: 4583531.5
each agent reward: 4583531.5
Episode 53 return: -4545274.5
Episode: 53, total reward: 5626124.5
each agent reward: 5626124.5
Episode 54 return: -4612814.0
Episode: 54, total reward: 6053187.0
each agent reward: 6053187.0
Episode 55 return: -4595223.5
Episode: 55, total reward: 6290582.5
each agent reward: 6290582.5
Episode 56 return: -4669534.5
Episode: 56, total reward: 6119025.0
each agent reward: 6119025.0
Episode 57 return: -4572068.5
Episode: 57, total reward: 5855007.0
each agent reward: 5855007.0
Episode 58 return: -4622924.5
Episode: 58, total reward: 6536909.0
each agent reward: 6536909.0
Episode 59 return: -4521493.0
Episode: 59, total reward: 6535053.5
each agent reward: 6535053.5
Episode 60 return: -4657235.5
Episode: 60, total reward: 5964855.0
each agent reward: 5964855.0
Episode 61 return: -4582809.0
Episode: 61, total reward: 6648135.5
each agent reward: 6648135.5
Episode 62 return: -4599709.0
Episode: 62, total reward: 6642724.5
each agent reward: 6642724.5
Episode 63 return: -4622664.0
Episode: 63, total reward: 5843890.0
each agent reward: 5843890.0
Episode 64 return: -4636883.0
Episode: 64, total reward: 5728019.5
each agent reward: 5728019.5
Episode 65 return: -4579031.0
Episode: 65, total reward: 5370014.0
each agent reward: 5370014.0
Episode 66 return: -4648792.0
Episode: 66, total reward: 4783710.0
each agent reward: 4783710.0
Episode 67 return: -4655847.0
Episode: 67, total reward: 4929437.0
each agent reward: 4929437.0
Episode 68 return: -4627333.5
Episode: 68, total reward: 4482291.5
each agent reward: 4482291.5
Episode 69 return: -4611206.5
Episode: 69, total reward: 4681157.5
each agent reward: 4681157.5
Episode 70 return: -4547346.5
Episode: 70, total reward: 4667149.0
each agent reward: 4667149.0
Episode 71 return: -4615466.0
Episode: 71, total reward: 4003272.75
each agent reward: 4003272.75
Episode 72 return: -4627755.0
Episode: 72, total reward: 4167591.0
each agent reward: 4167591.0
Episode 73 return: -4620982.0
Episode: 73, total reward: 4148628.5
each agent reward: 4148628.5
Episode 74 return: -4614676.5
Episode: 74, total reward: 4141561.5
each agent reward: 4141561.5
Episode 75 return: -4568067.5
Episode: 75, total reward: 4142837.75
each agent reward: 4142837.75
Episode 76 return: -4575929.0
Episode: 76, total reward: 3989326.5
each agent reward: 3989326.5
Episode 77 return: -4656460.0
Episode: 77, total reward: 4066348.25
each agent reward: 4066348.25
Episode 78 return: -4632254.0
Episode: 78, total reward: 4283533.5
each agent reward: 4283533.5
Episode 79 return: -4626668.0
Episode: 79, total reward: 3978211.0
each agent reward: 3978211.0
Episode 80 return: -4608739.5
Episode: 80, total reward: 4129842.25
each agent reward: 4129842.25
Episode 81 return: -4605892.5
Episode: 81, total reward: 4143359.25
each agent reward: 4143359.25
Episode 82 return: -4516922.0
Episode: 82, total reward: 4301185.0
each agent reward: 4301185.0
Episode 83 return: -4622516.0
Episode: 83, total reward: 3888126.75
each agent reward: 3888126.75
Episode 84 return: -4561456.5
Episode: 84, total reward: 3897132.5
each agent reward: 3897132.5
Episode 85 return: -4563746.5
Episode: 85, total reward: 3872042.0
each agent reward: 3872042.0
Episode 86 return: -4621578.0
Episode: 86, total reward: 4092868.25
each agent reward: 4092868.25
Episode 87 return: -4503258.5
Episode: 87, total reward: 3922741.25
each agent reward: 3922741.25
Episode 88 return: -4598054.0
Episode: 88, total reward: 3981822.75
each agent reward: 3981822.75
Episode 89 return: -4517065.0
Episode: 89, total reward: 4079582.5
each agent reward: 4079582.5
Episode 90 return: -4588543.5
Episode: 90, total reward: 4028913.5
each agent reward: 4028913.5
Episode 91 return: -4540695.0
Episode: 91, total reward: 3964238.25
each agent reward: 3964238.25
Episode 92 return: -4576775.0
Episode: 92, total reward: 3847023.0
each agent reward: 3847023.0
Episode 93 return: -4632091.5
Episode: 93, total reward: 3839341.25
each agent reward: 3839341.25
Episode 94 return: -4538686.0
Episode: 94, total reward: 3828345.5
each agent reward: 3828345.5
Episode 95 return: -4527000.5
Episode: 95, total reward: 3811038.5
each agent reward: 3811038.5
Episode 96 return: -4494018.0
Episode: 96, total reward: 3766368.5
each agent reward: 3766368.5
Episode 97 return: -4437828.0
Episode: 97, total reward: 3754206.75
each agent reward: 3754206.75
Episode 98 return: -4554061.0
Episode: 98, total reward: 3785262.25
each agent reward: 3785262.25
Episode 99 return: -4527251.5
Episode: 99, total reward: 3840640.75
each agent reward: 3840640.75
Episode 100 return: -4538909.0
Episode: 100, total reward: 3876193.75
each agent reward: 3876193.75
Episode 101 return: -4531772.5
Episode: 101, total reward: 3813351.5
each agent reward: 3813351.5
Episode 102 return: -4430153.5
Episode: 102, total reward: 3755551.0
each agent reward: 3755551.0
Episode 103 return: -4480523.0
Episode: 103, total reward: 3721569.5
each agent reward: 3721569.5
Episode 104 return: -4479917.0
Episode: 104, total reward: 3745664.75
each agent reward: 3745664.75
Episode 105 return: -4380097.0
Episode: 105, total reward: 3747798.0
each agent reward: 3747798.0
Episode 106 return: -4415460.5
Episode: 106, total reward: 3732179.25
each agent reward: 3732179.25
Episode 107 return: -4491494.0
Episode: 107, total reward: 3735565.0
each agent reward: 3735565.0
Episode 108 return: -4358936.0
Episode: 108, total reward: 3745734.5
each agent reward: 3745734.5
Episode 109 return: -4369949.5
Episode: 109, total reward: 3741997.75
each agent reward: 3741997.75
Episode 110 return: -4366078.5
Episode: 110, total reward: 3728572.25
each agent reward: 3728572.25
Episode 111 return: -4388413.5
Episode: 111, total reward: 3714758.5
each agent reward: 3714758.5
Episode 112 return: -4404270.5
Episode: 112, total reward: 3730495.5
each agent reward: 3730495.5
Episode 113 return: -4346622.5
Episode: 113, total reward: 3738737.5
each agent reward: 3738737.5
Episode 114 return: -4423874.0
Episode: 114, total reward: 3747309.0
each agent reward: 3747309.0
Episode 115 return: -4375815.5
Episode: 115, total reward: 3743455.5
each agent reward: 3743455.5
Episode 116 return: -4307076.0
Episode: 116, total reward: 3708863.0
each agent reward: 3708863.0
Episode 117 return: -4310043.5
Episode: 117, total reward: 3717008.25
each agent reward: 3717008.25
Episode 118 return: -4276131.5
Episode: 118, total reward: 3716174.75
each agent reward: 3716174.75
Episode 119 return: -4290154.0
Episode: 119, total reward: 3745881.75
each agent reward: 3745881.75
Episode 120 return: -4437757.5
Episode: 120, total reward: 3782842.25
each agent reward: 3782842.25
Episode 121 return: -4339581.5
Episode: 121, total reward: 3784044.0
each agent reward: 3784044.0
Episode 122 return: -4308060.0
Episode: 122, total reward: 3792109.0
each agent reward: 3792109.0
Episode 123 return: -4338877.0
Episode: 123, total reward: 3793188.25
each agent reward: 3793188.25
Episode 124 return: -4306078.5
Episode: 124, total reward: 3788269.75
each agent reward: 3788269.75
Episode 125 return: -4310733.5
Episode: 125, total reward: 3779834.0
each agent reward: 3779834.0
Episode 126 return: -4347681.0
Episode: 126, total reward: 3770716.75
each agent reward: 3770716.75
Episode 127 return: -4263468.0
Episode: 127, total reward: 3769572.25
each agent reward: 3769572.25
Episode 128 return: -4268840.0
Episode: 128, total reward: 3737489.5
each agent reward: 3737489.5
Episode 129 return: -4210281.5
Episode: 129, total reward: 3717146.5
each agent reward: 3717146.5
Episode 130 return: -4233984.0
Episode: 130, total reward: 3706096.0
each agent reward: 3706096.0
Episode 131 return: -4269036.0
Episode: 131, total reward: 3747682.25
each agent reward: 3747682.25
Episode 132 return: -4189788.0
Episode: 132, total reward: 3767455.75
each agent reward: 3767455.75
Episode 133 return: -4220240.0
Episode: 133, total reward: 3772040.25
each agent reward: 3772040.25
Episode 134 return: -4242854.5
Episode: 134, total reward: 3759190.75
each agent reward: 3759190.75
Episode 135 return: -4227066.5
Episode: 135, total reward: 3747693.0
each agent reward: 3747693.0
Episode 136 return: -4174162.0
Episode: 136, total reward: 3754183.5
each agent reward: 3754183.5
Episode 137 return: -4189516.0
Episode: 137, total reward: 3726611.25
each agent reward: 3726611.25
Episode 138 return: -4175364.5
Episode: 138, total reward: 3723598.75
each agent reward: 3723598.75
Episode 139 return: -4160002.25
Episode: 139, total reward: 3736484.0
each agent reward: 3736484.0
Episode 140 return: -4162589.5
Episode: 140, total reward: 3747446.5
each agent reward: 3747446.5
Episode 141 return: -4268738.0
Episode: 141, total reward: 3747664.75
each agent reward: 3747664.75
Episode 142 return: -4213671.0
Episode: 142, total reward: 3752268.5
each agent reward: 3752268.5
Episode 143 return: -4198875.5
Episode: 143, total reward: 3742562.0
each agent reward: 3742562.0
Episode 144 return: -4192187.0
Episode: 144, total reward: 3710781.0
each agent reward: 3710781.0
Episode 145 return: -4155251.0
Episode: 145, total reward: 3711822.25
each agent reward: 3711822.25
Episode 146 return: -4046274.0
Episode: 146, total reward: 3705149.0
each agent reward: 3705149.0
Episode 147 return: -4082562.25
Episode: 147, total reward: 3698469.75
each agent reward: 3698469.75
Episode 148 return: -4128253.0
Episode: 148, total reward: 3701416.5
each agent reward: 3701416.5
Episode 149 return: -4074516.25
Episode: 149, total reward: 3698782.25
each agent reward: 3698782.25
Episode 150 return: -4116595.5
Episode: 150, total reward: 3700247.75
each agent reward: 3700247.75
Episode 151 return: -4049244.75
Episode: 151, total reward: 3746153.5
each agent reward: 3746153.5
Episode 152 return: -4089136.25
Episode: 152, total reward: 3743449.5
each agent reward: 3743449.5
Episode 153 return: -4042675.0
Episode: 153, total reward: 3721006.5
each agent reward: 3721006.5
Episode 154 return: -4079077.25
Episode: 154, total reward: 3722355.75
each agent reward: 3722355.75
Episode 155 return: -4088301.25
Episode: 155, total reward: 3711641.0
each agent reward: 3711641.0
Episode 156 return: -4079680.0
Episode: 156, total reward: 3710181.25
each agent reward: 3710181.25
Episode 157 return: -4031222.25
Episode: 157, total reward: 3709893.5
each agent reward: 3709893.5
Episode 158 return: -4038882.5
Episode: 158, total reward: 3710147.0
each agent reward: 3710147.0
Episode 159 return: -4087154.5
Episode: 159, total reward: 3708828.0
each agent reward: 3708828.0
Episode 160 return: -4005527.0
Episode: 160, total reward: 3712797.0
each agent reward: 3712797.0
Episode 161 return: -4015633.75
Episode: 161, total reward: 3712168.0
each agent reward: 3712168.0
Episode 162 return: -4062980.5
Episode: 162, total reward: 3710279.25
each agent reward: 3710279.25
Episode 163 return: -4032632.75
Episode: 163, total reward: 3709653.5
each agent reward: 3709653.5
Episode 164 return: -4026347.75
Episode: 164, total reward: 3714370.75
each agent reward: 3714370.75
Episode 165 return: -4114192.0
Episode: 165, total reward: 3710155.0
each agent reward: 3710155.0
Episode 166 return: -4092980.0
Episode: 166, total reward: 3707335.0
each agent reward: 3707335.0
Episode 167 return: -4108579.5
Episode: 167, total reward: 3708342.25
each agent reward: 3708342.25
Episode 168 return: -4036942.75
Episode: 168, total reward: 3703912.5
each agent reward: 3703912.5
Episode 169 return: -4037828.0
Episode: 169, total reward: 3702001.75
each agent reward: 3702001.75
Episode 170 return: -4081101.5
Episode: 170, total reward: 3703268.25
each agent reward: 3703268.25
Episode 171 return: -4013858.0
Episode: 171, total reward: 3704490.25
each agent reward: 3704490.25
Episode 172 return: -4020040.75
Episode: 172, total reward: 3708109.25
each agent reward: 3708109.25
Episode 173 return: -4069932.25
Episode: 173, total reward: 3695929.75
each agent reward: 3695929.75
Episode 174 return: -4100163.5
Episode: 174, total reward: 3696203.75
each agent reward: 3696203.75
Episode 175 return: -4049103.0
Episode: 175, total reward: 3697347.75
each agent reward: 3697347.75
Episode 176 return: -4002282.5
Episode: 176, total reward: 3702436.25
each agent reward: 3702436.25
Episode 177 return: -4054045.5
Episode: 177, total reward: 3703893.75
each agent reward: 3703893.75
Episode 178 return: -3995120.25
Episode: 178, total reward: 3706204.25
each agent reward: 3706204.25
Episode 179 return: -3974403.75
Episode: 179, total reward: 3709315.0
each agent reward: 3709315.0
Episode 180 return: -4018466.0
Episode: 180, total reward: 3700745.25
each agent reward: 3700745.25
Episode 181 return: -3976356.25
Episode: 181, total reward: 3700727.5
each agent reward: 3700727.5
Episode 182 return: -3987136.25
Episode: 182, total reward: 3697035.75
each agent reward: 3697035.75
Episode 183 return: -3957599.25
Episode: 183, total reward: 3695611.75
each agent reward: 3695611.75
Episode 184 return: -3966136.25
Episode: 184, total reward: 3698943.5
each agent reward: 3698943.5
Episode 185 return: -3957320.5
Episode: 185, total reward: 3705144.75
each agent reward: 3705144.75
Episode 186 return: -3952501.25
Episode: 186, total reward: 3706003.5
each agent reward: 3706003.5
Episode 187 return: -3930813.25
Episode: 187, total reward: 3705128.75
each agent reward: 3705128.75
Episode 188 return: -3940658.25
Episode: 188, total reward: 3704613.75
each agent reward: 3704613.75
Episode 189 return: -3936019.0
Episode: 189, total reward: 3704323.25
each agent reward: 3704323.25
Episode 190 return: -3969663.0
Episode: 190, total reward: 3702505.5
each agent reward: 3702505.5
Episode 191 return: -3965226.5
Episode: 191, total reward: 3701023.75
each agent reward: 3701023.75
Episode 192 return: -3941575.75
Episode: 192, total reward: 3704473.5
each agent reward: 3704473.5
Episode 193 return: -3948336.0
Episode: 193, total reward: 3702997.0
each agent reward: 3702997.0
Episode 194 return: -3948474.5
Episode: 194, total reward: 3699166.25
each agent reward: 3699166.25
Episode 195 return: -3927840.5
Episode: 195, total reward: 3699177.75
each agent reward: 3699177.75
Episode 196 return: -3937263.0
Episode: 196, total reward: 3703883.5
each agent reward: 3703883.5
Episode 197 return: -3941583.75
Episode: 197, total reward: 3703551.25
each agent reward: 3703551.25
Episode 198 return: -3930524.0
Episode: 198, total reward: 3702999.5
each agent reward: 3702999.5
Episode 199 return: -4020562.25
Episode: 199, total reward: 3702269.5
each agent reward: 3702269.5
Episode 200 return: -4059075.75
Episode: 200, total reward: 3705778.0
each agent reward: 3705778.0
Episode 201 return: -3975676.75
Episode: 201, total reward: 3694731.5
each agent reward: 3694731.5
Episode 202 return: -3997332.0
Episode: 202, total reward: 3699504.75
each agent reward: 3699504.75
Episode 203 return: -4003591.5
Episode: 203, total reward: 3704478.0
each agent reward: 3704478.0
Episode 204 return: -3954694.75
Episode: 204, total reward: 3704459.25
each agent reward: 3704459.25
Episode 205 return: -3942698.5
Episode: 205, total reward: 3703474.0
each agent reward: 3703474.0
Episode 206 return: -3887475.25
Episode: 206, total reward: 3704207.5
each agent reward: 3704207.5
Episode 207 return: -3914011.5
Episode: 207, total reward: 3698479.75
each agent reward: 3698479.75
Episode 208 return: -3978297.25
Episode: 208, total reward: 3698479.75
each agent reward: 3698479.75
Episode 209 return: -3945415.75
Episode: 209, total reward: 3699420.25
each agent reward: 3699420.25
Episode 210 return: -3913487.0
Episode: 210, total reward: 3698479.75
each agent reward: 3698479.75
Episode 211 return: -3957451.75
Episode: 211, total reward: 3696939.0
each agent reward: 3696939.0
Episode 212 return: -3890536.25
Episode: 212, total reward: 3700003.5
each agent reward: 3700003.5
Episode 213 return: -3965872.75
Episode: 213, total reward: 3698429.0
each agent reward: 3698429.0
Episode 214 return: -3951286.0
Episode: 214, total reward: 3699928.5
each agent reward: 3699928.5
Episode 215 return: -3894110.0
Episode: 215, total reward: 3698388.5
each agent reward: 3698388.5
Episode 216 return: -3869682.0
Episode: 216, total reward: 3698703.5
each agent reward: 3698703.5
Episode 217 return: -3944114.5
Episode: 217, total reward: 3698970.0
each agent reward: 3698970.0
Episode 218 return: -3891902.5
Episode: 218, total reward: 3699941.75
each agent reward: 3699941.75
Episode 219 return: -3957702.5
Episode: 219, total reward: 3699427.0
each agent reward: 3699427.0
Episode 220 return: -3962079.75
Episode: 220, total reward: 3700176.75
each agent reward: 3700176.75
Episode 221 return: -3940660.75
Episode: 221, total reward: 3701767.0
each agent reward: 3701767.0
Episode 222 return: -3936523.0
Episode: 222, total reward: 3702364.0
each agent reward: 3702364.0
Episode 223 return: -3896549.75
Episode: 223, total reward: 3705752.25
each agent reward: 3705752.25
Episode 224 return: -3919315.5
Episode: 224, total reward: 3704153.75
each agent reward: 3704153.75
Episode 225 return: -3924297.5
Episode: 225, total reward: 3701025.5
each agent reward: 3701025.5
Episode 226 return: -3928656.5
Episode: 226, total reward: 3702678.25
each agent reward: 3702678.25
Episode 227 return: -3917852.25
Episode: 227, total reward: 3698409.75
each agent reward: 3698409.75
Episode 228 return: -3910664.0
Episode: 228, total reward: 3698390.5
each agent reward: 3698390.5
Episode 229 return: -3924432.5
Episode: 229, total reward: 3701394.25
each agent reward: 3701394.25
Episode 230 return: -3942529.25
Episode: 230, total reward: 3702848.75
each agent reward: 3702848.75
Episode 231 return: -3980847.0
Episode: 231, total reward: 3701947.25
each agent reward: 3701947.25
Episode 232 return: -3954969.5
Episode: 232, total reward: 3695823.0
each agent reward: 3695823.0
Episode 233 return: -3967012.25
Episode: 233, total reward: 3704176.5
each agent reward: 3704176.5
Episode 234 return: -3946593.5
Episode: 234, total reward: 3702520.75
each agent reward: 3702520.75
Episode 235 return: -3939165.75
Episode: 235, total reward: 3701190.25
each agent reward: 3701190.25
Episode 236 return: -3911810.0
Episode: 236, total reward: 3700262.75
each agent reward: 3700262.75
Episode 237 return: -3949691.0
Episode: 237, total reward: 3702697.75
each agent reward: 3702697.75
Episode 238 return: -3921145.5
Episode: 238, total reward: 3704342.5
each agent reward: 3704342.5
Episode 239 return: -3951746.25
Episode: 239, total reward: 3700237.0
each agent reward: 3700237.0
Episode 240 return: -3910270.5
Episode: 240, total reward: 3700552.0
each agent reward: 3700552.0
Episode 241 return: -3915510.0
Episode: 241, total reward: 3700552.0
each agent reward: 3700552.0
Episode 242 return: -3928839.0
Episode: 242, total reward: 3700552.0
each agent reward: 3700552.0
Episode 243 return: -3907747.0
Episode: 243, total reward: 3700552.0
each agent reward: 3700552.0
Episode 244 return: -3895925.5
Episode: 244, total reward: 3700552.0
each agent reward: 3700552.0
Episode 245 return: -3942263.75
Episode: 245, total reward: 3700552.0
each agent reward: 3700552.0
Episode 246 return: -3933993.25
Episode: 246, total reward: 3700552.0
each agent reward: 3700552.0
Episode 247 return: -3908383.0
Episode: 247, total reward: 3705709.5
each agent reward: 3705709.5
Episode 248 return: -3956531.0
Episode: 248, total reward: 3702979.0
each agent reward: 3702979.0
Episode 249 return: -3926686.5
Episode: 249, total reward: 3703412.0
each agent reward: 3703412.0
Episode 250 return: -3915679.25
Episode: 250, total reward: 3705958.25
each agent reward: 3705958.25
Episode 251 return: -3940788.25
Episode: 251, total reward: 3702188.5
each agent reward: 3702188.5
Episode 252 return: -3950651.25
Episode: 252, total reward: 3699629.5
each agent reward: 3699629.5
Episode 253 return: -3917069.0
Episode: 253, total reward: 3701748.5
each agent reward: 3701748.5
Episode 254 return: -3951239.0
Episode: 254, total reward: 3702813.5
each agent reward: 3702813.5
Episode 255 return: -3903274.0
Episode: 255, total reward: 3706323.5
each agent reward: 3706323.5
Episode 256 return: -3954202.5
Episode: 256, total reward: 3703992.5
each agent reward: 3703992.5
Episode 257 return: -3934473.25
Episode: 257, total reward: 3705936.25
each agent reward: 3705936.25
Episode 258 return: -3908757.25
Episode: 258, total reward: 3708281.25
each agent reward: 3708281.25
Episode 259 return: -3953186.0
Episode: 259, total reward: 3708606.25
each agent reward: 3708606.25
Episode 260 return: -3937931.5
Episode: 260, total reward: 3707331.75
each agent reward: 3707331.75
Episode 261 return: -3960375.75
Episode: 261, total reward: 3705591.0
each agent reward: 3705591.0
Episode 262 return: -3917977.75
Episode: 262, total reward: 3705403.0
each agent reward: 3705403.0
Episode 263 return: -3915374.25
Episode: 263, total reward: 3704776.0
each agent reward: 3704776.0
Episode 264 return: -3915724.0
Episode: 264, total reward: 3705497.25
each agent reward: 3705497.25
Episode 265 return: -3906782.0
Episode: 265, total reward: 3704827.5
each agent reward: 3704827.5
Episode 266 return: -3957551.75
Episode: 266, total reward: 3704827.5
each agent reward: 3704827.5
Episode 267 return: -3942108.5
Episode: 267, total reward: 3704827.5
each agent reward: 3704827.5
Episode 268 return: -3921717.5
Episode: 268, total reward: 3704929.0
each agent reward: 3704929.0
Episode 269 return: -3908853.75
Episode: 269, total reward: 3708739.5
each agent reward: 3708739.5
Episode 270 return: -3945551.0
Episode: 270, total reward: 3706184.75
each agent reward: 3706184.75
Episode 271 return: -3923918.75
Episode: 271, total reward: 3703649.25
each agent reward: 3703649.25
Episode 272 return: -3928618.25
Episode: 272, total reward: 3703516.5
each agent reward: 3703516.5
Episode 273 return: -3928362.5
Episode: 273, total reward: 3703314.5
each agent reward: 3703314.5
Episode 274 return: -3914912.5
Episode: 274, total reward: 3702979.0
each agent reward: 3702979.0
Episode 275 return: -3970765.5
Episode: 275, total reward: 3703314.5
each agent reward: 3703314.5
Episode 276 return: -3910680.5
Episode: 276, total reward: 3703279.0
each agent reward: 3703279.0
Episode 277 return: -3977465.5
Episode: 277, total reward: 3703793.5
each agent reward: 3703793.5
Episode 278 return: -3957996.75
Episode: 278, total reward: 3705850.25
each agent reward: 3705850.25
Episode 279 return: -3935988.0
Episode: 279, total reward: 3705784.75
each agent reward: 3705784.75
Episode 280 return: -3916295.5
Episode: 280, total reward: 3705925.25
each agent reward: 3705925.25
Episode 281 return: -3918275.5
Episode: 281, total reward: 3704786.75
each agent reward: 3704786.75
Episode 282 return: -3895286.25
Episode: 282, total reward: 3704499.75
each agent reward: 3704499.75
Episode 283 return: -3909141.25
Episode: 283, total reward: 3704499.75
each agent reward: 3704499.75
Episode 284 return: -3945898.0
Episode: 284, total reward: 3704499.75
each agent reward: 3704499.75
Episode 285 return: -3916215.5
Episode: 285, total reward: 3704776.0
each agent reward: 3704776.0
Episode 286 return: -3914611.25
Episode: 286, total reward: 3702927.5
each agent reward: 3702927.5
Episode 287 return: -3912364.5
Episode: 287, total reward: 3702927.5
each agent reward: 3702927.5
Episode 288 return: -3929133.75
Episode: 288, total reward: 3704507.25
each agent reward: 3704507.25
Episode 289 return: -3941753.0
Episode: 289, total reward: 3702927.5
each agent reward: 3702927.5
Episode 290 return: -3895684.25
Episode: 290, total reward: 3703023.0
each agent reward: 3703023.0
Episode 291 return: -3947757.25
Episode: 291, total reward: 3705129.0
each agent reward: 3705129.0
Episode 292 return: -3930228.5
Episode: 292, total reward: 3704737.75
each agent reward: 3704737.75
Episode 293 return: -3937580.25
Episode: 293, total reward: 3704658.5
each agent reward: 3704658.5
Episode 294 return: -3985583.0
Episode: 294, total reward: 3702979.0
each agent reward: 3702979.0
Episode 295 return: -3895594.25
Episode: 295, total reward: 3704500.0
each agent reward: 3704500.0
Episode 296 return: -3948578.75
Episode: 296, total reward: 3703912.5
each agent reward: 3703912.5
Episode 297 return: -3939880.0
Episode: 297, total reward: 3703861.0
each agent reward: 3703861.0
Episode 298 return: -3902748.0
Episode: 298, total reward: 3704799.5
each agent reward: 3704799.5
Episode 299 return: -3906333.5
Episode: 299, total reward: 3704799.5
each agent reward: 3704799.5
Episode 300 return: -3842139.0
Episode: 300, total reward: 3703883.0
each agent reward: 3703883.0
Episode 301 return: -3923009.75
Episode: 301, total reward: 3703883.0
each agent reward: 3703883.0
Episode 302 return: -3953564.75
Episode: 302, total reward: 3702979.0
each agent reward: 3702979.0
Episode 303 return: -3920805.5
Episode: 303, total reward: 3702979.0
each agent reward: 3702979.0
Episode 304 return: -3926173.75
Episode: 304, total reward: 3702979.0
each agent reward: 3702979.0
Episode 305 return: -3868028.0
Episode: 305, total reward: 3702979.0
each agent reward: 3702979.0
Episode 306 return: -3923708.75
Episode: 306, total reward: 3702979.0
each agent reward: 3702979.0
Episode 307 return: -3910349.25
Episode: 307, total reward: 3702979.0
each agent reward: 3702979.0
Episode 308 return: -3915401.25
Episode: 308, total reward: 3702979.0
each agent reward: 3702979.0
Episode 309 return: -3914451.0
Episode: 309, total reward: 3702979.0
each agent reward: 3702979.0
Episode 310 return: -3944593.75
Episode: 310, total reward: 3702979.0
each agent reward: 3702979.0
Episode 311 return: -3914837.5
Episode: 311, total reward: 3702979.0
each agent reward: 3702979.0
Episode 312 return: -3934230.5
Episode: 312, total reward: 3702979.0
each agent reward: 3702979.0
Episode 313 return: -3905980.0
Episode: 313, total reward: 3702979.0
each agent reward: 3702979.0
Episode 314 return: -3913971.25
Episode: 314, total reward: 3703113.25
each agent reward: 3703113.25
Episode 315 return: -3902364.75
Episode: 315, total reward: 3703431.75
each agent reward: 3703431.75
Episode 316 return: -3964184.25
Episode: 316, total reward: 3703980.0
each agent reward: 3703980.0
Episode 317 return: -3921358.25
Episode: 317, total reward: 3704520.0
each agent reward: 3704520.0
Episode 318 return: -3910568.5
Episode: 318, total reward: 3704021.75
each agent reward: 3704021.75
Episode 319 return: -3932947.75
Episode: 319, total reward: 3702979.0
each agent reward: 3702979.0
Episode 320 return: -3905783.0
Episode: 320, total reward: 3702979.0
each agent reward: 3702979.0
Episode 321 return: -3914834.75
Episode: 321, total reward: 3702979.0
each agent reward: 3702979.0
Episode 322 return: -3906350.5
Episode: 322, total reward: 3702979.0
each agent reward: 3702979.0
Episode 323 return: -3939091.5
Episode: 323, total reward: 3702979.0
each agent reward: 3702979.0
Episode 324 return: -3935869.5
Episode: 324, total reward: 3702979.0
each agent reward: 3702979.0
Episode 325 return: -3886312.5
Episode: 325, total reward: 3702979.0
each agent reward: 3702979.0
Episode 326 return: -3969689.5
Episode: 326, total reward: 3702979.0
each agent reward: 3702979.0
Episode 327 return: -3915045.25
Episode: 327, total reward: 3703080.5
each agent reward: 3703080.5
Episode 328 return: -3872186.25
Episode: 328, total reward: 3704058.0
each agent reward: 3704058.0
Episode 329 return: -3902650.0
Episode: 329, total reward: 3703080.5
each agent reward: 3703080.5
Episode 330 return: -3920689.5
Episode: 330, total reward: 3702979.0
each agent reward: 3702979.0
Episode 331 return: -3909270.0
Episode: 331, total reward: 3702979.0
each agent reward: 3702979.0
Episode 332 return: -3924603.0
Episode: 332, total reward: 3702979.0
each agent reward: 3702979.0
Episode 333 return: -3910578.75
Episode: 333, total reward: 3702979.0
each agent reward: 3702979.0
Episode 334 return: -3956312.5
Episode: 334, total reward: 3702979.0
each agent reward: 3702979.0
Episode 335 return: -3894914.0
Episode: 335, total reward: 3702979.0
each agent reward: 3702979.0
Episode 336 return: -3913745.5
Episode: 336, total reward: 3702979.0
each agent reward: 3702979.0
Episode 337 return: -3932212.5
Episode: 337, total reward: 3702979.0
each agent reward: 3702979.0
Episode 338 return: -3919449.75
Episode: 338, total reward: 3702979.0
each agent reward: 3702979.0
Episode 339 return: -3906164.75
Episode: 339, total reward: 3702979.0
each agent reward: 3702979.0
Episode 340 return: -3934033.75
Episode: 340, total reward: 3702979.0
each agent reward: 3702979.0
Episode 341 return: -3945306.75
Episode: 341, total reward: 3702979.0
each agent reward: 3702979.0
Episode 342 return: -3963715.5
Episode: 342, total reward: 3702979.0
each agent reward: 3702979.0
Episode 343 return: -3941907.0
Episode: 343, total reward: 3702979.0
each agent reward: 3702979.0
Episode 344 return: -3930197.25
Episode: 344, total reward: 3702979.0
each agent reward: 3702979.0
Episode 345 return: -3888141.5
Episode: 345, total reward: 3702979.0
each agent reward: 3702979.0
Episode 346 return: -3891385.75
Episode: 346, total reward: 3702979.0
each agent reward: 3702979.0
Episode 347 return: -3941492.25
Episode: 347, total reward: 3702979.0
each agent reward: 3702979.0
Episode 348 return: -3892115.0
Episode: 348, total reward: 3702979.0
each agent reward: 3702979.0
Episode 349 return: -3918100.5
Episode: 349, total reward: 3702979.0
each agent reward: 3702979.0
Episode 350 return: -3892288.0
Episode: 350, total reward: 3702979.0
each agent reward: 3702979.0
Episode 351 return: -3945176.25
Episode: 351, total reward: 3702979.0
each agent reward: 3702979.0
Episode 352 return: -3916951.75
Episode: 352, total reward: 3702979.0
each agent reward: 3702979.0
Episode 353 return: -3943756.25
Episode: 353, total reward: 3703080.5
each agent reward: 3703080.5
Episode 354 return: -3900856.0
Episode: 354, total reward: 3703080.5
each agent reward: 3703080.5
Episode 355 return: -3931592.5
Episode: 355, total reward: 3702979.0
each agent reward: 3702979.0
Episode 356 return: -3940231.0
Episode: 356, total reward: 3702979.0
each agent reward: 3702979.0
Episode 357 return: -3966387.25
Episode: 357, total reward: 3702979.0
each agent reward: 3702979.0
Episode 358 return: -3930498.75
Episode: 358, total reward: 3702979.0
each agent reward: 3702979.0
Episode 359 return: -3920147.75
Episode: 359, total reward: 3702979.0
each agent reward: 3702979.0
Episode 360 return: -3938636.25
Episode: 360, total reward: 3702979.0
each agent reward: 3702979.0
Episode 361 return: -3904929.25
Episode: 361, total reward: 3703134.25
each agent reward: 3703134.25
Episode 362 return: -3903232.0
Episode: 362, total reward: 3703134.25
each agent reward: 3703134.25
Episode 363 return: -3882723.0
Episode: 363, total reward: 3703134.25
each agent reward: 3703134.25
Episode 364 return: -3896037.0
Episode: 364, total reward: 3702979.0
each agent reward: 3702979.0
Episode 365 return: -3933114.25
Episode: 365, total reward: 3702979.0
each agent reward: 3702979.0
Episode 366 return: -3961686.5
Episode: 366, total reward: 3702979.0
each agent reward: 3702979.0
Episode 367 return: -3884861.75
Episode: 367, total reward: 3702979.0
each agent reward: 3702979.0
Episode 368 return: -3902563.5
Episode: 368, total reward: 3702979.0
each agent reward: 3702979.0
Episode 369 return: -3900096.75
Episode: 369, total reward: 3703525.0
each agent reward: 3703525.0
Episode 370 return: -3921707.0
Episode: 370, total reward: 3704668.75
each agent reward: 3704668.75
Episode 371 return: -3890689.75
Episode: 371, total reward: 3704086.25
each agent reward: 3704086.25
Episode 372 return: -3927215.0
Episode: 372, total reward: 3704410.75
each agent reward: 3704410.75
Episode 373 return: -3907066.25
Episode: 373, total reward: 3704410.75
each agent reward: 3704410.75
Episode 374 return: -3899270.5
Episode: 374, total reward: 3704410.75
each agent reward: 3704410.75
Episode 375 return: -3937591.25
Episode: 375, total reward: 3704410.75
each agent reward: 3704410.75
Episode 376 return: -3910575.0
Episode: 376, total reward: 3704410.75
each agent reward: 3704410.75
Episode 377 return: -3902006.0
Episode: 377, total reward: 3704086.25
each agent reward: 3704086.25
Episode 378 return: -3940033.25
Episode: 378, total reward: 3702979.0
each agent reward: 3702979.0
Episode 379 return: -3936312.75
Episode: 379, total reward: 3702979.0
each agent reward: 3702979.0
Episode 380 return: -3920148.75
Episode: 380, total reward: 3702979.0
each agent reward: 3702979.0
Episode 381 return: -3979805.5
Episode: 381, total reward: 3702979.0
each agent reward: 3702979.0
Episode 382 return: -3930196.25
Episode: 382, total reward: 3702979.0
each agent reward: 3702979.0
Episode 383 return: -3956186.0
Episode: 383, total reward: 3702979.0
each agent reward: 3702979.0
Episode 384 return: -3921230.5
Episode: 384, total reward: 3702979.0
each agent reward: 3702979.0
Episode 385 return: -3905981.25
Episode: 385, total reward: 3702979.0
each agent reward: 3702979.0
Episode 386 return: -3945149.0
Episode: 386, total reward: 3702979.0
each agent reward: 3702979.0
Episode 387 return: -3924898.0
Episode: 387, total reward: 3702979.0
each agent reward: 3702979.0
Episode 388 return: -3911077.25
Episode: 388, total reward: 3704002.0
each agent reward: 3704002.0
Episode 389 return: -3921853.5
Episode: 389, total reward: 3704578.0
each agent reward: 3704578.0
Episode 390 return: -3912274.75
Episode: 390, total reward: 3704092.75
each agent reward: 3704092.75
Episode 391 return: -3926682.0
Episode: 391, total reward: 3704086.25
each agent reward: 3704086.25
Episode 392 return: -3926076.75
Episode: 392, total reward: 3704086.25
each agent reward: 3704086.25
Episode 393 return: -3918232.0
Episode: 393, total reward: 3704086.25
each agent reward: 3704086.25
Episode 394 return: -3936385.5
Episode: 394, total reward: 3704086.25
each agent reward: 3704086.25
Episode 395 return: -3936217.75
Episode: 395, total reward: 3705199.25
each agent reward: 3705199.25
Episode 396 return: -3920562.25
Episode: 396, total reward: 3704410.75
each agent reward: 3704410.75
Episode 397 return: -3951894.75
Episode: 397, total reward: 3704501.75
each agent reward: 3704501.75
Episode 398 return: -3930321.5
Episode: 398, total reward: 3705081.75
each agent reward: 3705081.75
Episode 399 return: -3939154.75
Episode: 399, total reward: 3704410.75
each agent reward: 3704410.75
Episode 400 return: -3944093.25
Episode: 400, total reward: 3704086.25
each agent reward: 3704086.25
Episode 401 return: -3921494.25
Episode: 401, total reward: 3704410.75
each agent reward: 3704410.75
Episode 402 return: -3946457.5
Episode: 402, total reward: 3704410.75
each agent reward: 3704410.75
Episode 403 return: -3895393.0
Episode: 403, total reward: 3704410.75
each agent reward: 3704410.75
Episode 404 return: -3922040.0
Episode: 404, total reward: 3704410.75
each agent reward: 3704410.75
Episode 405 return: -3897025.0
Episode: 405, total reward: 3704490.75
each agent reward: 3704490.75
Episode 406 return: -3943056.0
Episode: 406, total reward: 3703883.0
each agent reward: 3703883.0
Episode 407 return: -3941191.0
Episode: 407, total reward: 3703883.0
each agent reward: 3703883.0
Episode 408 return: -3871203.0
Episode: 408, total reward: 3704230.5
each agent reward: 3704230.5
Episode 409 return: -3980145.5
Episode: 409, total reward: 3704230.5
each agent reward: 3704230.5
Episode 410 return: -3896435.5
Episode: 410, total reward: 3704230.5
each agent reward: 3704230.5
Episode 411 return: -3911890.25
Episode: 411, total reward: 3704281.75
each agent reward: 3704281.75
Episode 412 return: -3929491.5
Episode: 412, total reward: 3704578.0
each agent reward: 3704578.0
Episode 413 return: -3930733.0
Episode: 413, total reward: 3704794.75
each agent reward: 3704794.75
Episode 414 return: -3906375.5
Episode: 414, total reward: 3704794.75
each agent reward: 3704794.75
Episode 415 return: -3888549.25
Episode: 415, total reward: 3704410.75
each agent reward: 3704410.75
Episode 416 return: -3918058.0
Episode: 416, total reward: 3704410.75
each agent reward: 3704410.75
Episode 417 return: -3896157.0
Episode: 417, total reward: 3704410.75
each agent reward: 3704410.75
Episode 418 return: -3929286.0
Episode: 418, total reward: 3704410.75
each agent reward: 3704410.75
Episode 419 return: -3952125.25
Episode: 419, total reward: 3704410.75
each agent reward: 3704410.75
Episode 420 return: -3913105.0
Episode: 420, total reward: 3704737.5
each agent reward: 3704737.5
Episode 421 return: -3901539.0
Episode: 421, total reward: 3704410.75
each agent reward: 3704410.75
Episode 422 return: -3950010.5
Episode: 422, total reward: 3704410.75
each agent reward: 3704410.75
Episode 423 return: -3931246.5
Episode: 423, total reward: 3703724.5
each agent reward: 3703724.5
Episode 424 return: -3892981.0
Episode: 424, total reward: 3704177.25
each agent reward: 3704177.25
Episode 425 return: -3892727.25
Episode: 425, total reward: 3704501.75
each agent reward: 3704501.75
Episode 426 return: -3951907.5
Episode: 426, total reward: 3704501.75
each agent reward: 3704501.75
Episode 427 return: -3909278.0
Episode: 427, total reward: 3704086.25
each agent reward: 3704086.25
Episode 428 return: -3943209.75
Episode: 428, total reward: 3703883.0
each agent reward: 3703883.0
Episode 429 return: -3887234.5
Episode: 429, total reward: 3705058.0
each agent reward: 3705058.0
Episode 430 return: -3923461.25
Episode: 430, total reward: 3703428.0
each agent reward: 3703428.0
Episode 431 return: -3932086.25
Episode: 431, total reward: 3703428.0
each agent reward: 3703428.0
Episode 432 return: -3924406.0
Episode: 432, total reward: 3703127.75
each agent reward: 3703127.75
Episode 433 return: -3905252.75
Episode: 433, total reward: 3703955.5
each agent reward: 3703955.5
Episode 434 return: -3927558.25
Episode: 434, total reward: 3703955.5
each agent reward: 3703955.5
Episode 435 return: -3894538.75
Episode: 435, total reward: 3703631.0
each agent reward: 3703631.0
Episode 436 return: -3941904.0
Episode: 436, total reward: 3703955.5
each agent reward: 3703955.5
Episode 437 return: -3872529.25
Episode: 437, total reward: 3703955.5
each agent reward: 3703955.5
Episode 438 return: -3942218.0
Episode: 438, total reward: 3698904.0
each agent reward: 3698904.0
Episode 439 return: -3939420.0
Episode: 439, total reward: 3698615.75
each agent reward: 3698615.75
Episode 440 return: -3924640.75
Episode: 440, total reward: 3698387.5
each agent reward: 3698387.5
Episode 441 return: -3947464.5
Episode: 441, total reward: 3698904.0
each agent reward: 3698904.0
Episode 442 return: -3929124.5
Episode: 442, total reward: 3698904.0
each agent reward: 3698904.0
Episode 443 return: -3919249.5
Episode: 443, total reward: 3698904.0
each agent reward: 3698904.0
Episode 444 return: -3843797.75
Episode: 444, total reward: 3698904.0
each agent reward: 3698904.0
Episode 445 return: -3897588.0
Episode: 445, total reward: 3698904.0
each agent reward: 3698904.0
Episode 446 return: -3874524.0
Episode: 446, total reward: 3698904.0
each agent reward: 3698904.0
Episode 447 return: -3920594.0
Episode: 447, total reward: 3698904.0
each agent reward: 3698904.0
Episode 448 return: -3934449.0
Episode: 448, total reward: 3698904.0
each agent reward: 3698904.0
Episode 449 return: -3929006.5
Episode: 449, total reward: 3698904.0
each agent reward: 3698904.0
Episode 450 return: -3925513.25
Episode: 450, total reward: 3698904.0
each agent reward: 3698904.0
Episode 451 return: -3921302.25
Episode: 451, total reward: 3696491.5
each agent reward: 3696491.5
Episode 452 return: -3920871.75
Episode: 452, total reward: 3696770.5
each agent reward: 3696770.5
Episode 453 return: -3908155.75
Episode: 453, total reward: 3696491.5
each agent reward: 3696491.5
Episode 454 return: -3896890.25
Episode: 454, total reward: 3696575.75
each agent reward: 3696575.75
Episode 455 return: -3877243.0
Episode: 455, total reward: 3697369.75
each agent reward: 3697369.75
Episode 456 return: -3910272.0
Episode: 456, total reward: 3696575.75
each agent reward: 3696575.75
Episode 457 return: -3952798.0
Episode: 457, total reward: 3697369.75
each agent reward: 3697369.75
Episode 458 return: -3910556.0
Episode: 458, total reward: 3699556.25
each agent reward: 3699556.25
Episode 459 return: -3949278.0
Episode: 459, total reward: 3698904.0
each agent reward: 3698904.0
Episode 460 return: -3894185.0
Episode: 460, total reward: 3699556.25
each agent reward: 3699556.25
Episode 461 return: -3894677.75
Episode: 461, total reward: 3696575.75
each agent reward: 3696575.75
Episode 462 return: -3917269.0
Episode: 462, total reward: 3696575.75
each agent reward: 3696575.75
Episode 463 return: -3944574.75
Episode: 463, total reward: 3697497.75
each agent reward: 3697497.75
Episode 464 return: -3906807.5
Episode: 464, total reward: 3697171.25
each agent reward: 3697171.25
Episode 465 return: -3891134.0
Episode: 465, total reward: 3696575.75
each agent reward: 3696575.75
Episode 466 return: -3915842.25
Episode: 466, total reward: 3696575.75
each agent reward: 3696575.75
Episode 467 return: -3881238.0
Episode: 467, total reward: 3696575.75
each agent reward: 3696575.75
Episode 468 return: -3874737.75
Episode: 468, total reward: 3696575.75
each agent reward: 3696575.75
Episode 469 return: -3895875.0
Episode: 469, total reward: 3696575.75
each agent reward: 3696575.75
Episode 470 return: -3934242.5
Episode: 470, total reward: 3696575.75
each agent reward: 3696575.75
Episode 471 return: -3875420.25
Episode: 471, total reward: 3696575.75
each agent reward: 3696575.75
Episode 472 return: -3925462.5
Episode: 472, total reward: 3696575.75
each agent reward: 3696575.75
Episode 473 return: -3901552.25
Episode: 473, total reward: 3696575.75
each agent reward: 3696575.75
Episode 474 return: -3918220.75
Episode: 474, total reward: 3698904.0
each agent reward: 3698904.0
Episode 475 return: -3901554.5
Episode: 475, total reward: 3698904.0
each agent reward: 3698904.0
Episode 476 return: -3964969.75
Episode: 476, total reward: 3698904.0
each agent reward: 3698904.0
Episode 477 return: -3904398.0
Episode: 477, total reward: 3696329.75
each agent reward: 3696329.75
Episode 478 return: -3903176.5
Episode: 478, total reward: 3696575.75
each agent reward: 3696575.75
Episode 479 return: -3876231.75
Episode: 479, total reward: 3696575.75
each agent reward: 3696575.75
Episode 480 return: -3927944.0
Episode: 480, total reward: 3696575.75
each agent reward: 3696575.75
Episode 481 return: -3911363.0
Episode: 481, total reward: 3696575.75
each agent reward: 3696575.75
Episode 482 return: -3877125.5
Episode: 482, total reward: 3696575.75
each agent reward: 3696575.75
Episode 483 return: -3903545.75
Episode: 483, total reward: 3696575.75
each agent reward: 3696575.75
Episode 484 return: -3937519.0
Episode: 484, total reward: 3696575.75
each agent reward: 3696575.75
Episode 485 return: -3874973.75
Episode: 485, total reward: 3696575.75
each agent reward: 3696575.75
Episode 486 return: -3904568.5
Episode: 486, total reward: 3696575.75
each agent reward: 3696575.75
Episode 487 return: -3915119.5
Episode: 487, total reward: 3697171.25
each agent reward: 3697171.25
Episode 488 return: -3941075.0
Episode: 488, total reward: 3696575.75
each agent reward: 3696575.75
Episode 489 return: -3972927.0
Episode: 489, total reward: 3699233.25
each agent reward: 3699233.25
Episode 490 return: -3953487.75
Episode: 490, total reward: 3698424.0
each agent reward: 3698424.0
Episode 491 return: -3905817.0
Episode: 491, total reward: 3698026.75
each agent reward: 3698026.75
Episode 492 return: -3892981.5
Episode: 492, total reward: 3698026.75
each agent reward: 3698026.75
Episode 493 return: -3925274.25
Episode: 493, total reward: 3698099.5
each agent reward: 3698099.5
Episode 494 return: -3902588.0
Episode: 494, total reward: 3698424.0
each agent reward: 3698424.0
Episode 495 return: -3915361.75
Episode: 495, total reward: 3698424.0
each agent reward: 3698424.0
Episode 496 return: -3986487.25
Episode: 496, total reward: 3696575.75
each agent reward: 3696575.75
Episode 497 return: -3936168.5
Episode: 497, total reward: 3696575.75
each agent reward: 3696575.75
Episode 498 return: -3934610.0
Episode: 498, total reward: 3698519.25
each agent reward: 3698519.25
Episode 499 return: -3889171.75
Episode: 499, total reward: 3696953.25
each agent reward: 3696953.25
Episode 500 return: -3915574.0
Episode: 500, total reward: 3698424.0
each agent reward: 3698424.0
Episode 501 return: -3948490.5
Episode: 501, total reward: 3698424.0
each agent reward: 3698424.0
Episode 502 return: -3904200.0
Episode: 502, total reward: 3698424.0
each agent reward: 3698424.0
Episode 503 return: -3911585.5
Episode: 503, total reward: 3697171.25
each agent reward: 3697171.25
Episode 504 return: -3904878.0
Episode: 504, total reward: 3696575.75
each agent reward: 3696575.75
Episode 505 return: -3910628.0
Episode: 505, total reward: 3697171.25
each agent reward: 3697171.25
Episode 506 return: -3916681.5
Episode: 506, total reward: 3698424.0
each agent reward: 3698424.0
Episode 507 return: -3899652.75
Episode: 507, total reward: 3698424.0
each agent reward: 3698424.0
Episode 508 return: -3926085.5
Episode: 508, total reward: 3696575.75
each agent reward: 3696575.75
Episode 509 return: -3915547.5
Episode: 509, total reward: 3696575.75
each agent reward: 3696575.75
Episode 510 return: -3929143.25
Episode: 510, total reward: 3696575.75
each agent reward: 3696575.75
Episode 511 return: -3939576.75
Episode: 511, total reward: 3698424.0
each agent reward: 3698424.0
Episode 512 return: -3932777.5
Episode: 512, total reward: 3698424.0
each agent reward: 3698424.0
Episode 513 return: -3880604.25
Episode: 513, total reward: 3698424.0
each agent reward: 3698424.0
Episode 514 return: -3900602.25
Episode: 514, total reward: 3698424.0
each agent reward: 3698424.0
Episode 515 return: -3948832.25
Episode: 515, total reward: 3698424.0
each agent reward: 3698424.0
Episode 516 return: -3925524.75
Episode: 516, total reward: 3696575.75
each agent reward: 3696575.75
Episode 517 return: -3912357.5
Episode: 517, total reward: 3696575.75
each agent reward: 3696575.75
Episode 518 return: -3912783.5
Episode: 518, total reward: 3696575.75
each agent reward: 3696575.75
Episode 519 return: -3925386.0
Episode: 519, total reward: 3696575.75
each agent reward: 3696575.75
Episode 520 return: -3929935.5
Episode: 520, total reward: 3696575.75
each agent reward: 3696575.75
Episode 521 return: -3940578.75
Episode: 521, total reward: 3696575.75
each agent reward: 3696575.75
Episode 522 return: -3886021.0
Episode: 522, total reward: 3696575.75
each agent reward: 3696575.75
Episode 523 return: -3890496.75
Episode: 523, total reward: 3696575.75
each agent reward: 3696575.75
Episode 524 return: -3903710.25
Episode: 524, total reward: 3696575.75
each agent reward: 3696575.75
Episode 525 return: -3901967.75
Episode: 525, total reward: 3696575.75
each agent reward: 3696575.75
Episode 526 return: -3929917.0
Episode: 526, total reward: 3696575.75
each agent reward: 3696575.75
Episode 527 return: -3931487.0
Episode: 527, total reward: 3696575.75
each agent reward: 3696575.75
Episode 528 return: -3903028.0
Episode: 528, total reward: 3696593.25
each agent reward: 3696593.25
Episode 529 return: -3928231.75
Episode: 529, total reward: 3696593.25
each agent reward: 3696593.25
Episode 530 return: -3935427.75
Episode: 530, total reward: 3696575.75
each agent reward: 3696575.75
Episode 531 return: -3943119.5
Episode: 531, total reward: 3698424.0
each agent reward: 3698424.0
Episode 532 return: -3949552.5
Episode: 532, total reward: 3698424.0
each agent reward: 3698424.0
Episode 533 return: -3914186.0
Episode: 533, total reward: 3698424.0
each agent reward: 3698424.0
Episode 534 return: -3900538.75
Episode: 534, total reward: 3698426.0
each agent reward: 3698426.0
Episode 535 return: -3893007.5
Episode: 535, total reward: 3698441.5
each agent reward: 3698441.5
Episode 536 return: -3888956.5
Episode: 536, total reward: 3698424.0
each agent reward: 3698424.0
Episode 537 return: -3918715.0
Episode: 537, total reward: 3698426.0
each agent reward: 3698426.0
Episode 538 return: -3925481.5
Episode: 538, total reward: 3697436.75
each agent reward: 3697436.75
Episode 539 return: -3911389.75
Episode: 539, total reward: 3697459.75
each agent reward: 3697459.75
Episode 540 return: -3934675.25
Episode: 540, total reward: 3697459.75
each agent reward: 3697459.75
Episode 541 return: -3922059.75
Episode: 541, total reward: 3697459.75
each agent reward: 3697459.75
Episode 542 return: -3910529.25
Episode: 542, total reward: 3697763.25
each agent reward: 3697763.25
Episode 543 return: -3920869.5
Episode: 543, total reward: 3697436.75
each agent reward: 3697436.75
Episode 544 return: -3884323.75
Episode: 544, total reward: 3698426.0
each agent reward: 3698426.0
Episode 545 return: -3916531.5
Episode: 545, total reward: 3697436.75
each agent reward: 3697436.75
Episode 546 return: -3930991.0
Episode: 546, total reward: 3698097.75
each agent reward: 3698097.75
Episode 547 return: -3910050.5
Episode: 547, total reward: 3698426.0
each agent reward: 3698426.0
Episode 548 return: -3910699.75
Episode: 548, total reward: 3697330.75
each agent reward: 3697330.75
Episode 549 return: -3899025.0
Episode: 549, total reward: 3691805.25
each agent reward: 3691805.25
Episode 550 return: -3915500.75
Episode: 550, total reward: 3695482.25
each agent reward: 3695482.25
Episode 551 return: -3904067.25
Episode: 551, total reward: 3696577.75
each agent reward: 3696577.75
Episode 552 return: -3899033.5
Episode: 552, total reward: 3695588.25
each agent reward: 3695588.25
Episode 553 return: -3879891.25
Episode: 553, total reward: 3697436.75
each agent reward: 3697436.75
Episode 554 return: -3948509.0
Episode: 554, total reward: 3697436.75
each agent reward: 3697436.75
Episode 555 return: -3907172.75
Episode: 555, total reward: 3697436.75
each agent reward: 3697436.75
Episode 556 return: -3931934.0
Episode: 556, total reward: 3697133.25
each agent reward: 3697133.25
Episode 557 return: -3910948.75
Episode: 557, total reward: 3697133.25
each agent reward: 3697133.25
Episode 558 return: -3951669.0
Episode: 558, total reward: 3695509.75
each agent reward: 3695509.75
Episode 559 return: -3925591.25
Episode: 559, total reward: 3695509.75
each agent reward: 3695509.75
Episode 560 return: -3907350.0
Episode: 560, total reward: 3695509.75
each agent reward: 3695509.75
Episode 561 return: -3945862.0
Episode: 561, total reward: 3697133.25
each agent reward: 3697133.25
Episode 562 return: -3932157.5
Episode: 562, total reward: 3697133.25
each agent reward: 3697133.25
Episode 563 return: -3918084.5
Episode: 563, total reward: 3697133.25
each agent reward: 3697133.25
Episode 564 return: -3890648.75
Episode: 564, total reward: 3697133.25
each agent reward: 3697133.25
Episode 565 return: -3930799.5
Episode: 565, total reward: 3697133.25
each agent reward: 3697133.25
Episode 566 return: -3930190.25
Episode: 566, total reward: 3697133.25
each agent reward: 3697133.25
Episode 567 return: -3898649.25
Episode: 567, total reward: 3697133.25
each agent reward: 3697133.25
Episode 568 return: -3877395.5
Episode: 568, total reward: 3697133.25
each agent reward: 3697133.25
Episode 569 return: -3893302.0
Episode: 569, total reward: 3697133.25
each agent reward: 3697133.25
Episode 570 return: -3916687.75
Episode: 570, total reward: 3697133.25
each agent reward: 3697133.25
Episode 571 return: -3933048.25
Episode: 571, total reward: 3697133.25
each agent reward: 3697133.25
Episode 572 return: -3925453.0
Episode: 572, total reward: 3697133.25
each agent reward: 3697133.25
Episode 573 return: -3945012.0
Episode: 573, total reward: 3697133.25
each agent reward: 3697133.25
Episode 574 return: -3916501.5
Episode: 574, total reward: 3697133.25
each agent reward: 3697133.25
Episode 575 return: -3965433.75
Episode: 575, total reward: 3697133.25
each agent reward: 3697133.25
Episode 576 return: -3887347.0
Episode: 576, total reward: 3697133.25
each agent reward: 3697133.25
Episode 577 return: -3893398.0
Episode: 577, total reward: 3697133.25
each agent reward: 3697133.25
Episode 578 return: -3959060.75
Episode: 578, total reward: 3697133.25
each agent reward: 3697133.25
Episode 579 return: -3888053.75
Episode: 579, total reward: 3697133.25
each agent reward: 3697133.25
Episode 580 return: -3914073.5
Episode: 580, total reward: 3697133.25
each agent reward: 3697133.25
Episode 581 return: -3913215.5
Episode: 581, total reward: 3697133.25
each agent reward: 3697133.25
Episode 582 return: -3887442.5
Episode: 582, total reward: 3697133.25
each agent reward: 3697133.25
Episode 583 return: -3904082.75
Episode: 583, total reward: 3697459.75
each agent reward: 3697459.75
Episode 584 return: -3919514.75
Episode: 584, total reward: 3695348.5
each agent reward: 3695348.5
Episode 585 return: -3916991.75
Episode: 585, total reward: 3693105.25
each agent reward: 3693105.25
Episode 586 return: -3903736.5
Episode: 586, total reward: 3696287.75
each agent reward: 3696287.75
Episode 587 return: -3913016.0
Episode: 587, total reward: 3697459.75
each agent reward: 3697459.75
Episode 588 return: -3948605.25
Episode: 588, total reward: 3697459.75
each agent reward: 3697459.75
Episode 589 return: -3934952.5
Episode: 589, total reward: 3693105.25
each agent reward: 3693105.25
Episode 590 return: -3926674.25
Episode: 590, total reward: 3693105.25
each agent reward: 3693105.25
Episode 591 return: -3943125.25
Episode: 591, total reward: 3693105.25
each agent reward: 3693105.25
Episode 592 return: -3897445.75
Episode: 592, total reward: 3693105.25
each agent reward: 3693105.25
Episode 593 return: -3931337.25
Episode: 593, total reward: 3693105.25
each agent reward: 3693105.25
Episode 594 return: -3902558.0
Episode: 594, total reward: 3693105.25
each agent reward: 3693105.25
Episode 595 return: -3903081.0
Episode: 595, total reward: 3693105.25
each agent reward: 3693105.25
Episode 596 return: -3921415.75
Episode: 596, total reward: 3693105.25
each agent reward: 3693105.25
Episode 597 return: -3919683.0
Episode: 597, total reward: 3693105.25
each agent reward: 3693105.25
Episode 598 return: -3926841.25
Episode: 598, total reward: 3693105.25
each agent reward: 3693105.25
Episode 599 return: -3909765.5
Episode: 599, total reward: 3693105.25
each agent reward: 3693105.25
Episode 600 return: -3908860.5
Episode: 600, total reward: 3693105.25
each agent reward: 3693105.25
Episode 601 return: -3931083.0
Episode: 601, total reward: 3693105.25
each agent reward: 3693105.25
Episode 602 return: -3930008.75
Episode: 602, total reward: 3693105.25
each agent reward: 3693105.25
Episode 603 return: -3923158.25
Episode: 603, total reward: 3693105.25
each agent reward: 3693105.25
Episode 604 return: -3919282.5
Episode: 604, total reward: 3693105.25
each agent reward: 3693105.25
Episode 605 return: -3956005.0
Episode: 605, total reward: 3693105.25
each agent reward: 3693105.25
Episode 606 return: -3945931.75
Episode: 606, total reward: 3693105.25
each agent reward: 3693105.25
Episode 607 return: -3933312.5
Episode: 607, total reward: 3693105.25
each agent reward: 3693105.25
Episode 608 return: -3955436.25
Episode: 608, total reward: 3693105.25
each agent reward: 3693105.25
Episode 609 return: -3902516.5
Episode: 609, total reward: 3693105.25
each agent reward: 3693105.25
Episode 610 return: -3947021.25
Episode: 610, total reward: 3693105.25
each agent reward: 3693105.25
Episode 611 return: -3895708.0
Episode: 611, total reward: 3693105.25
each agent reward: 3693105.25
Episode 612 return: -3913581.0
Episode: 612, total reward: 3693105.25
each agent reward: 3693105.25
Episode 613 return: -3911803.75
Episode: 613, total reward: 3693105.25
each agent reward: 3693105.25
Episode 614 return: -3938287.75
Episode: 614, total reward: 3692778.75
each agent reward: 3692778.75
Episode 615 return: -3941091.25
Episode: 615, total reward: 3692778.75
each agent reward: 3692778.75
Episode 616 return: -3958575.5
Episode: 616, total reward: 3692778.75
each agent reward: 3692778.75
Episode 617 return: -3889627.5
Episode: 617, total reward: 3692778.75
each agent reward: 3692778.75
Episode 618 return: -3924621.75
Episode: 618, total reward: 3692778.75
each agent reward: 3692778.75
Episode 619 return: -3928507.25
Episode: 619, total reward: 3690361.5
each agent reward: 3690361.5
Episode 620 return: -3948539.0
Episode: 620, total reward: 3690361.5
each agent reward: 3690361.5
Episode 621 return: -3904073.5
Episode: 621, total reward: 3690361.5
each agent reward: 3690361.5
Episode 622 return: -3916714.0
Episode: 622, total reward: 3690688.0
each agent reward: 3690688.0
Episode 623 return: -3912469.75
Episode: 623, total reward: 3690688.0
each agent reward: 3690688.0
Episode 624 return: -3942182.75
Episode: 624, total reward: 3690688.0
each agent reward: 3690688.0
Episode 625 return: -3928797.75
Episode: 625, total reward: 3690688.0
each agent reward: 3690688.0
Episode 626 return: -3904688.0
Episode: 626, total reward: 3690361.5
each agent reward: 3690361.5
Episode 627 return: -3936264.0
Episode: 627, total reward: 3690361.5
each agent reward: 3690361.5
Episode 628 return: -3930497.75
Episode: 628, total reward: 3690688.0
each agent reward: 3690688.0
Episode 629 return: -3947589.25
Episode: 629, total reward: 3690361.5
each agent reward: 3690361.5
Episode 630 return: -3901285.75
Episode: 630, total reward: 3690361.5
each agent reward: 3690361.5
Episode 631 return: -3902093.0
Episode: 631, total reward: 3690361.5
each agent reward: 3690361.5
Episode 632 return: -3925274.5
Episode: 632, total reward: 3690361.5
each agent reward: 3690361.5
Episode 633 return: -3897333.5
Episode: 633, total reward: 3690361.5
each agent reward: 3690361.5
Episode 634 return: -3874278.5
Episode: 634, total reward: 3690361.5
each agent reward: 3690361.5
Episode 635 return: -3940183.75
Episode: 635, total reward: 3690361.5
each agent reward: 3690361.5
Episode 636 return: -3937187.75
Episode: 636, total reward: 3690361.5
each agent reward: 3690361.5
Episode 637 return: -3924335.0
Episode: 637, total reward: 3690361.5
each agent reward: 3690361.5
Episode 638 return: -3901602.5
Episode: 638, total reward: 3690361.5
each agent reward: 3690361.5
Episode 639 return: -3907942.5
Episode: 639, total reward: 3690361.5
each agent reward: 3690361.5
Episode 640 return: -3932135.5
Episode: 640, total reward: 3690361.5
each agent reward: 3690361.5
Episode 641 return: -3884694.5
Episode: 641, total reward: 3690361.5
each agent reward: 3690361.5
Episode 642 return: -3908321.25
Episode: 642, total reward: 3690361.5
each agent reward: 3690361.5
Episode 643 return: -3894343.5
Episode: 643, total reward: 3690688.0
each agent reward: 3690688.0
Episode 644 return: -3977434.5
Episode: 644, total reward: 3690688.0
each agent reward: 3690688.0
Episode 645 return: -3949214.25
Episode: 645, total reward: 3690688.0
each agent reward: 3690688.0
Episode 646 return: -3913467.0
Episode: 646, total reward: 3690688.0
each agent reward: 3690688.0
Episode 647 return: -3915599.5
Episode: 647, total reward: 3690688.0
each agent reward: 3690688.0
Episode 648 return: -3932324.25
Episode: 648, total reward: 3690688.0
each agent reward: 3690688.0
Episode 649 return: -3923927.5
Episode: 649, total reward: 3690688.0
each agent reward: 3690688.0
Episode 650 return: -3895159.25
Episode: 650, total reward: 3690688.0
each agent reward: 3690688.0
Episode 651 return: -3864252.75
Episode: 651, total reward: 3690688.0
each agent reward: 3690688.0
Episode 652 return: -3916821.25
Episode: 652, total reward: 3690688.0
each agent reward: 3690688.0
Episode 653 return: -3915517.75
Episode: 653, total reward: 3690361.5
each agent reward: 3690361.5
Episode 654 return: -3909230.75
Episode: 654, total reward: 3690361.5
each agent reward: 3690361.5
Episode 655 return: -3916615.25
Episode: 655, total reward: 3690361.5
each agent reward: 3690361.5
Episode 656 return: -3894152.0
Episode: 656, total reward: 3690361.5
each agent reward: 3690361.5
Episode 657 return: -3899813.75
Episode: 657, total reward: 3690361.5
each agent reward: 3690361.5
Episode 658 return: -3945045.75
Episode: 658, total reward: 3690688.0
each agent reward: 3690688.0
Episode 659 return: -3920570.25
Episode: 659, total reward: 3690688.0
each agent reward: 3690688.0
Episode 660 return: -3885303.5
Episode: 660, total reward: 3690688.0
each agent reward: 3690688.0
Episode 661 return: -3922483.25
Episode: 661, total reward: 3690361.5
each agent reward: 3690361.5
Episode 662 return: -3903042.75
Episode: 662, total reward: 3690361.5
each agent reward: 3690361.5
Episode 663 return: -3884904.0
Episode: 663, total reward: 3690361.5
each agent reward: 3690361.5
Episode 664 return: -3898870.5
Episode: 664, total reward: 3690361.5
each agent reward: 3690361.5
Episode 665 return: -3898508.0
Episode: 665, total reward: 3690688.0
each agent reward: 3690688.0
Episode 666 return: -3919352.5
Episode: 666, total reward: 3690688.0
each agent reward: 3690688.0
Episode 667 return: -3907936.25
Episode: 667, total reward: 3692087.5
each agent reward: 3692087.5
Episode 668 return: -3905711.75
Episode: 668, total reward: 3692087.5
each agent reward: 3692087.5
Episode 669 return: -3924374.25
Episode: 669, total reward: 3692381.25
each agent reward: 3692381.25
Episode 670 return: -3957002.0
Episode: 670, total reward: 3690688.0
each agent reward: 3690688.0
Episode 671 return: -3906833.25
Episode: 671, total reward: 3690688.0
each agent reward: 3690688.0
Episode 672 return: -3925923.5
Episode: 672, total reward: 3690688.0
each agent reward: 3690688.0
Episode 673 return: -3896005.75
Episode: 673, total reward: 3690361.5
each agent reward: 3690361.5
Episode 674 return: -3917880.0
Episode: 674, total reward: 3690361.5
each agent reward: 3690361.5
Episode 675 return: -3919188.5
Episode: 675, total reward: 3690361.5
each agent reward: 3690361.5
Episode 676 return: -3923484.25
Episode: 676, total reward: 3690361.5
each agent reward: 3690361.5
Episode 677 return: -3942778.0
Episode: 677, total reward: 3690361.5
each agent reward: 3690361.5
Episode 678 return: -3896180.25
Episode: 678, total reward: 3690361.5
each agent reward: 3690361.5
Episode 679 return: -3873509.5
Episode: 679, total reward: 3690361.5
each agent reward: 3690361.5
Episode 680 return: -3906538.0
Episode: 680, total reward: 3691761.0
each agent reward: 3691761.0
Episode 681 return: -3920402.25
Episode: 681, total reward: 3691761.0
each agent reward: 3691761.0
Episode 682 return: -3892431.75
Episode: 682, total reward: 3690361.5
each agent reward: 3690361.5
Episode 683 return: -3890988.25
Episode: 683, total reward: 3690361.5
each agent reward: 3690361.5
Episode 684 return: -3878057.0
Episode: 684, total reward: 3690361.5
each agent reward: 3690361.5
Episode 685 return: -3907402.0
Episode: 685, total reward: 3690361.5
each agent reward: 3690361.5
Episode 686 return: -3957476.75
Episode: 686, total reward: 3690361.5
each agent reward: 3690361.5
Episode 687 return: -3913966.25
Episode: 687, total reward: 3690361.5
each agent reward: 3690361.5
Episode 688 return: -3916388.5
Episode: 688, total reward: 3690361.5
each agent reward: 3690361.5
Episode 689 return: -3908623.5
Episode: 689, total reward: 3690361.5
each agent reward: 3690361.5
Episode 690 return: -3926491.0
Episode: 690, total reward: 3690361.5
each agent reward: 3690361.5
Episode 691 return: -3892018.25
Episode: 691, total reward: 3690361.5
each agent reward: 3690361.5
Episode 692 return: -3946079.25
Episode: 692, total reward: 3690361.5
each agent reward: 3690361.5
Episode 693 return: -3909508.0
Episode: 693, total reward: 3690361.5
each agent reward: 3690361.5
Episode 694 return: -3901551.5
Episode: 694, total reward: 3690361.5
each agent reward: 3690361.5
Episode 695 return: -3879169.0
Episode: 695, total reward: 3690361.5
each agent reward: 3690361.5
Episode 696 return: -3921317.25
Episode: 696, total reward: 3691761.0
each agent reward: 3691761.0
Episode 697 return: -3933981.25
Episode: 697, total reward: 3688087.25
each agent reward: 3688087.25
Episode 698 return: -3917803.25
Episode: 698, total reward: 3691745.0
each agent reward: 3691745.0
Episode 699 return: -3945286.5
Episode: 699, total reward: 3691761.0
each agent reward: 3691761.0
Episode 700 return: -3935691.5
Episode: 700, total reward: 3691761.0
each agent reward: 3691761.0
Episode 701 return: -3901684.5
Episode: 701, total reward: 3691761.0
each agent reward: 3691761.0
Episode 702 return: -3912860.25
Episode: 702, total reward: 3690361.5
each agent reward: 3690361.5
Episode 703 return: -3974528.0
Episode: 703, total reward: 3690361.5
each agent reward: 3690361.5
Episode 704 return: -3916611.75
Episode: 704, total reward: 3690361.5
each agent reward: 3690361.5
Episode 705 return: -3886217.25
Episode: 705, total reward: 3690361.5
each agent reward: 3690361.5
Episode 706 return: -3888746.25
Episode: 706, total reward: 3690361.5
each agent reward: 3690361.5
Episode 707 return: -3924393.5
Episode: 707, total reward: 3690481.75
each agent reward: 3690481.75
Episode 708 return: -3914250.0
Episode: 708, total reward: 3691761.0
each agent reward: 3691761.0
Episode 709 return: -3937749.0
Episode: 709, total reward: 3691761.0
each agent reward: 3691761.0
Episode 710 return: -3897837.25
Episode: 710, total reward: 3687314.5
each agent reward: 3687314.5
Episode 711 return: -3870284.5
Episode: 711, total reward: 3687314.5
each agent reward: 3687314.5
Episode 712 return: -3907045.0
Episode: 712, total reward: 3687314.5
each agent reward: 3687314.5
Episode 713 return: -3951246.0
Episode: 713, total reward: 3687314.5
each agent reward: 3687314.5
Episode 714 return: -3870146.75
Episode: 714, total reward: 3687314.5
each agent reward: 3687314.5
Episode 715 return: -3910957.0
Episode: 715, total reward: 3687314.5
each agent reward: 3687314.5
Episode 716 return: -3883105.0
Episode: 716, total reward: 3691761.0
each agent reward: 3691761.0
Episode 717 return: -3950722.25
Episode: 717, total reward: 3690445.25
each agent reward: 3690445.25
Episode 718 return: -3911008.75
Episode: 718, total reward: 3690361.5
each agent reward: 3690361.5
Episode 719 return: -3911187.5
Episode: 719, total reward: 3690361.5
each agent reward: 3690361.5
Episode 720 return: -3934721.25
Episode: 720, total reward: 3690361.5
each agent reward: 3690361.5
Episode 721 return: -3911861.25
Episode: 721, total reward: 3692087.5
each agent reward: 3692087.5
Episode 722 return: -3889531.0
Episode: 722, total reward: 3692087.5
each agent reward: 3692087.5
Episode 723 return: -3911116.5
Episode: 723, total reward: 3691761.0
each agent reward: 3691761.0
Episode 724 return: -3904861.0
Episode: 724, total reward: 3692087.5
each agent reward: 3692087.5
Episode 725 return: -3894254.75
Episode: 725, total reward: 3692087.5
each agent reward: 3692087.5
Episode 726 return: -3935719.25
Episode: 726, total reward: 3690533.0
each agent reward: 3690533.0
Episode 727 return: -3897108.75
Episode: 727, total reward: 3690889.75
each agent reward: 3690889.75
Episode 728 return: -3907327.25
Episode: 728, total reward: 3692087.5
each agent reward: 3692087.5
Episode 729 return: -3886736.0
Episode: 729, total reward: 3691761.0
each agent reward: 3691761.0
Episode 730 return: -3939331.75
Episode: 730, total reward: 3687314.5
each agent reward: 3687314.5
Episode 731 return: -3929609.0
Episode: 731, total reward: 3687314.5
each agent reward: 3687314.5
Episode 732 return: -3941820.5
Episode: 732, total reward: 3687314.5
each agent reward: 3687314.5
Episode 733 return: -3916748.25
Episode: 733, total reward: 3687314.5
each agent reward: 3687314.5
Episode 734 return: -3915058.25
Episode: 734, total reward: 3687314.5
each agent reward: 3687314.5
Episode 735 return: -3893960.25
Episode: 735, total reward: 3687314.5
each agent reward: 3687314.5
Episode 736 return: -3900798.5
Episode: 736, total reward: 3687314.5
each agent reward: 3687314.5
Episode 737 return: -3908480.75
Episode: 737, total reward: 3687314.5
each agent reward: 3687314.5
Episode 738 return: -3914984.75
Episode: 738, total reward: 3687314.5
each agent reward: 3687314.5
Episode 739 return: -3883630.25
Episode: 739, total reward: 3687314.5
each agent reward: 3687314.5
Episode 740 return: -3922148.75
Episode: 740, total reward: 3687314.5
each agent reward: 3687314.5
Episode 741 return: -3915112.25
Episode: 741, total reward: 3687314.5
each agent reward: 3687314.5
Episode 742 return: -3896888.75
Episode: 742, total reward: 3687314.5
each agent reward: 3687314.5
Episode 743 return: -3923487.0
Episode: 743, total reward: 3687314.5
each agent reward: 3687314.5
Episode 744 return: -3940209.25
Episode: 744, total reward: 3687314.5
each agent reward: 3687314.5
Episode 745 return: -3926461.25
Episode: 745, total reward: 3687314.5
each agent reward: 3687314.5
Episode 746 return: -3909193.75
Episode: 746, total reward: 3687314.5
each agent reward: 3687314.5
Episode 747 return: -3893373.25
Episode: 747, total reward: 3687314.5
each agent reward: 3687314.5
Episode 748 return: -3921187.75
Episode: 748, total reward: 3687314.5
each agent reward: 3687314.5
Episode 749 return: -3915108.25
Episode: 749, total reward: 3687314.5
each agent reward: 3687314.5
Episode 750 return: -3945154.25
Episode: 750, total reward: 3687314.5
each agent reward: 3687314.5
Episode 751 return: -3938038.75
Episode: 751, total reward: 3687314.5
each agent reward: 3687314.5
Episode 752 return: -3911000.75
Episode: 752, total reward: 3687314.5
each agent reward: 3687314.5
Episode 753 return: -3944973.75
Episode: 753, total reward: 3687314.5
each agent reward: 3687314.5
Episode 754 return: -3897244.5
Episode: 754, total reward: 3687314.5
each agent reward: 3687314.5
Episode 755 return: -3943321.0
Episode: 755, total reward: 3687314.5
each agent reward: 3687314.5
Episode 756 return: -3890523.75
Episode: 756, total reward: 3687314.5
each agent reward: 3687314.5
Episode 757 return: -3914372.25
Episode: 757, total reward: 3687314.5
each agent reward: 3687314.5
Episode 758 return: -3904808.25
Episode: 758, total reward: 3687314.5
each agent reward: 3687314.5
Episode 759 return: -3972047.25
Episode: 759, total reward: 3687314.5
each agent reward: 3687314.5
Episode 760 return: -3929860.0
Episode: 760, total reward: 3687314.5
each agent reward: 3687314.5
Episode 761 return: -3903226.5
Episode: 761, total reward: 3685466.0
each agent reward: 3685466.0
Episode 762 return: -3901065.0
Episode: 762, total reward: 3685466.0
each agent reward: 3685466.0
Episode 763 return: -3920004.75
Episode: 763, total reward: 3685466.0
each agent reward: 3685466.0
Episode 764 return: -3880959.0
Episode: 764, total reward: 3685466.0
each agent reward: 3685466.0
Episode 765 return: -3904571.0
Episode: 765, total reward: 3685466.0
each agent reward: 3685466.0
Episode 766 return: -3893356.0
Episode: 766, total reward: 3687904.5
each agent reward: 3687904.5
Episode 767 return: -3898721.75
Episode: 767, total reward: 3687904.5
each agent reward: 3687904.5
Episode 768 return: -3918287.5
Episode: 768, total reward: 3688109.25
each agent reward: 3688109.25
Episode 769 return: -3929418.5
Episode: 769, total reward: 3687314.5
each agent reward: 3687314.5
Episode 770 return: -3917151.0
Episode: 770, total reward: 3687314.5
each agent reward: 3687314.5
Episode 771 return: -3894271.0
Episode: 771, total reward: 3687314.5
each agent reward: 3687314.5
Episode 772 return: -3911194.25
Episode: 772, total reward: 3687314.5
each agent reward: 3687314.5
Episode 773 return: -3912427.75
Episode: 773, total reward: 3685466.0
each agent reward: 3685466.0
Episode 774 return: -3885045.75
Episode: 774, total reward: 3685466.0
each agent reward: 3685466.0
Episode 775 return: -3920513.5
Episode: 775, total reward: 3687314.5
each agent reward: 3687314.5
Episode 776 return: -3920968.5
Episode: 776, total reward: 3687314.5
each agent reward: 3687314.5
Episode 777 return: -3880900.75
Episode: 777, total reward: 3687314.5
each agent reward: 3687314.5
Episode 778 return: -3952446.75
Episode: 778, total reward: 3687314.5
each agent reward: 3687314.5
Episode 779 return: -3913564.0
Episode: 779, total reward: 3687314.5
each agent reward: 3687314.5
Episode 780 return: -3927483.25
Episode: 780, total reward: 3687641.0
each agent reward: 3687641.0
Episode 781 return: -3857006.0
Episode: 781, total reward: 3687641.0
each agent reward: 3687641.0
Episode 782 return: -3911931.25
Episode: 782, total reward: 3687641.0
each agent reward: 3687641.0
Episode 783 return: -3937900.25
Episode: 783, total reward: 3687641.0
each agent reward: 3687641.0
Episode 784 return: -3969267.0
Episode: 784, total reward: 3687314.5
each agent reward: 3687314.5
Episode 785 return: -3897746.0
Episode: 785, total reward: 3687314.5
each agent reward: 3687314.5
Episode 786 return: -3922461.0
Episode: 786, total reward: 3687314.5
each agent reward: 3687314.5
Episode 787 return: -3939400.5
Episode: 787, total reward: 3687314.5
each agent reward: 3687314.5
Episode 788 return: -3912316.0
Episode: 788, total reward: 3687314.5
each agent reward: 3687314.5
Episode 789 return: -3900200.0
Episode: 789, total reward: 3687314.5
each agent reward: 3687314.5
Episode 790 return: -3925381.5
Episode: 790, total reward: 3687314.5
each agent reward: 3687314.5
Episode 791 return: -3897157.25
Episode: 791, total reward: 3687314.5
each agent reward: 3687314.5
Episode 792 return: -3938795.5
Episode: 792, total reward: 3687314.5
each agent reward: 3687314.5
Episode 793 return: -3920821.25
Episode: 793, total reward: 3687641.0
each agent reward: 3687641.0
Episode 794 return: -3878417.0
Episode: 794, total reward: 3687314.5
each agent reward: 3687314.5
Episode 795 return: -3893824.0
Episode: 795, total reward: 3687314.5
each agent reward: 3687314.5
Episode 796 return: -3958620.5
Episode: 796, total reward: 3687314.5
each agent reward: 3687314.5
Episode 797 return: -3973672.25
Episode: 797, total reward: 3687641.0
each agent reward: 3687641.0
Episode 798 return: -3921840.5
Episode: 798, total reward: 3687641.0
each agent reward: 3687641.0
Episode 799 return: -3907738.0
Episode: 799, total reward: 3687641.0
each agent reward: 3687641.0
Episode 800 return: -3929429.75
Episode: 800, total reward: 3687314.5
each agent reward: 3687314.5
Episode 801 return: -3901330.5
Episode: 801, total reward: 3687641.0
each agent reward: 3687641.0
Episode 802 return: -3887287.5
Episode: 802, total reward: 3687641.0
each agent reward: 3687641.0
Episode 803 return: -3940718.25
Episode: 803, total reward: 3687641.0
each agent reward: 3687641.0
Episode 804 return: -3939298.75
Episode: 804, total reward: 3687641.0
each agent reward: 3687641.0
Episode 805 return: -3951534.5
Episode: 805, total reward: 3687641.0
each agent reward: 3687641.0
Episode 806 return: -3936840.75
Episode: 806, total reward: 3687641.0
each agent reward: 3687641.0
Episode 807 return: -3917856.5
Episode: 807, total reward: 3687641.0
each agent reward: 3687641.0
Episode 808 return: -3947632.25
Episode: 808, total reward: 3687641.0
each agent reward: 3687641.0
Episode 809 return: -3931719.75
Episode: 809, total reward: 3687641.0
each agent reward: 3687641.0
Episode 810 return: -3883712.75
Episode: 810, total reward: 3687641.0
each agent reward: 3687641.0
Episode 811 return: -3917570.0
Episode: 811, total reward: 3687641.0
each agent reward: 3687641.0
Episode 812 return: -3901515.0
Episode: 812, total reward: 3687641.0
each agent reward: 3687641.0
Episode 813 return: -3906762.25
Episode: 813, total reward: 3687641.0
each agent reward: 3687641.0
Episode 814 return: -3905148.75
Episode: 814, total reward: 3687641.0
each agent reward: 3687641.0
Episode 815 return: -3881482.25
Episode: 815, total reward: 3687641.0
each agent reward: 3687641.0
Episode 816 return: -3897225.25
Episode: 816, total reward: 3687641.0
each agent reward: 3687641.0
Episode 817 return: -3903127.0
Episode: 817, total reward: 3687314.5
each agent reward: 3687314.5
Episode 818 return: -3905732.0
Episode: 818, total reward: 3687641.0
each agent reward: 3687641.0
Episode 819 return: -3902648.25
Episode: 819, total reward: 3687641.0
each agent reward: 3687641.0
Episode 820 return: -3922532.75
Episode: 820, total reward: 3687641.0
each agent reward: 3687641.0
Episode 821 return: -3901530.25
Episode: 821, total reward: 3687641.0
each agent reward: 3687641.0
Episode 822 return: -3904569.5
Episode: 822, total reward: 3687641.0
each agent reward: 3687641.0
Episode 823 return: -3861337.0
Episode: 823, total reward: 3687641.0
each agent reward: 3687641.0
Episode 824 return: -3926916.0
Episode: 824, total reward: 3687641.0
each agent reward: 3687641.0
Episode 825 return: -3928570.25
Episode: 825, total reward: 3687641.0
each agent reward: 3687641.0
Episode 826 return: -3905089.75
Episode: 826, total reward: 3687641.0
each agent reward: 3687641.0
Episode 827 return: -3908789.0
Episode: 827, total reward: 3687641.0
each agent reward: 3687641.0
Episode 828 return: -3902749.0
Episode: 828, total reward: 3687641.0
each agent reward: 3687641.0
Episode 829 return: -3910043.75
Episode: 829, total reward: 3687641.0
each agent reward: 3687641.0
Episode 830 return: -3910686.75
Episode: 830, total reward: 3687641.0
each agent reward: 3687641.0
Episode 831 return: -3944103.25
Episode: 831, total reward: 3687641.0
each agent reward: 3687641.0
Episode 832 return: -3878208.75
Episode: 832, total reward: 3687641.0
each agent reward: 3687641.0
Episode 833 return: -3914274.0
Episode: 833, total reward: 3687641.0
each agent reward: 3687641.0
Episode 834 return: -3913579.5
Episode: 834, total reward: 3687641.0
each agent reward: 3687641.0
Episode 835 return: -3888471.5
Episode: 835, total reward: 3687641.0
each agent reward: 3687641.0
Episode 836 return: -3895566.25
Episode: 836, total reward: 3687641.0
each agent reward: 3687641.0
Episode 837 return: -3953252.25
Episode: 837, total reward: 3687641.0
each agent reward: 3687641.0
Episode 838 return: -3885998.25
Episode: 838, total reward: 3687641.0
each agent reward: 3687641.0
Episode 839 return: -3919905.25
Episode: 839, total reward: 3687641.0
each agent reward: 3687641.0
Episode 840 return: -3926093.25
Episode: 840, total reward: 3687641.0
each agent reward: 3687641.0
Episode 841 return: -3932025.5
Episode: 841, total reward: 3687641.0
each agent reward: 3687641.0
Episode 842 return: -3943017.0
Episode: 842, total reward: 3687641.0
each agent reward: 3687641.0
Episode 843 return: -3920298.5
Episode: 843, total reward: 3687641.0
each agent reward: 3687641.0
Episode 844 return: -3892230.75
Episode: 844, total reward: 3687641.0
each agent reward: 3687641.0
Episode 845 return: -3915901.0
Episode: 845, total reward: 3687641.0
each agent reward: 3687641.0
Episode 846 return: -3918574.0
Episode: 846, total reward: 3687641.0
each agent reward: 3687641.0
Episode 847 return: -3874064.5
Episode: 847, total reward: 3687641.0
each agent reward: 3687641.0
Episode 848 return: -3904056.0
Episode: 848, total reward: 3687641.0
each agent reward: 3687641.0
Episode 849 return: -3911409.0
Episode: 849, total reward: 3687641.0
each agent reward: 3687641.0
Episode 850 return: -3909706.25
Episode: 850, total reward: 3687641.0
each agent reward: 3687641.0
Episode 851 return: -3942431.25
Episode: 851, total reward: 3687612.0
each agent reward: 3687612.0
Episode 852 return: -3918508.0
Episode: 852, total reward: 3687612.0
each agent reward: 3687612.0
Episode 853 return: -3916048.25
Episode: 853, total reward: 3687612.0
each agent reward: 3687612.0
Episode 854 return: -3934170.75
Episode: 854, total reward: 3687612.0
each agent reward: 3687612.0
Episode 855 return: -3909720.0
Episode: 855, total reward: 3686893.25
each agent reward: 3686893.25
Episode 856 return: -3927618.0
Episode: 856, total reward: 3686893.25
each agent reward: 3686893.25
Episode 857 return: -3907122.75
Episode: 857, total reward: 3686893.25
each agent reward: 3686893.25
Episode 858 return: -3863462.25
Episode: 858, total reward: 3686893.25
each agent reward: 3686893.25
Episode 859 return: -3922887.25
Episode: 859, total reward: 3686893.25
each agent reward: 3686893.25
Episode 860 return: -3890275.25
Episode: 860, total reward: 3686893.25
each agent reward: 3686893.25
Episode 861 return: -3911343.0
Episode: 861, total reward: 3686893.25
each agent reward: 3686893.25
Episode 862 return: -3882846.0
Episode: 862, total reward: 3686893.25
each agent reward: 3686893.25
Episode 863 return: -3916557.0
Episode: 863, total reward: 3686893.25
each agent reward: 3686893.25
Episode 864 return: -3916039.75
Episode: 864, total reward: 3686893.25
each agent reward: 3686893.25
Episode 865 return: -3918022.25
Episode: 865, total reward: 3686893.25
each agent reward: 3686893.25
Episode 866 return: -3885111.5
Episode: 866, total reward: 3686893.25
each agent reward: 3686893.25
Episode 867 return: -3918653.75
Episode: 867, total reward: 3686893.25
each agent reward: 3686893.25
Episode 868 return: -3882951.25
Episode: 868, total reward: 3686893.25
each agent reward: 3686893.25
Episode 869 return: -3928869.75
Episode: 869, total reward: 3686893.25
each agent reward: 3686893.25
Episode 870 return: -3849692.0
Episode: 870, total reward: 3686893.25
each agent reward: 3686893.25
Episode 871 return: -3918350.0
Episode: 871, total reward: 3686893.25
each agent reward: 3686893.25
Episode 872 return: -3909954.0
Episode: 872, total reward: 3686893.25
each agent reward: 3686893.25
Episode 873 return: -3899463.75
Episode: 873, total reward: 3686893.25
each agent reward: 3686893.25
Episode 874 return: -3927188.25
Episode: 874, total reward: 3686893.25
each agent reward: 3686893.25
Episode 875 return: -3894718.0
Episode: 875, total reward: 3686893.25
each agent reward: 3686893.25
Episode 876 return: -3865439.0
Episode: 876, total reward: 3686893.25
each agent reward: 3686893.25
Episode 877 return: -3889392.5
Episode: 877, total reward: 3686893.25
each agent reward: 3686893.25
Episode 878 return: -3898926.0
Episode: 878, total reward: 3686893.25
each agent reward: 3686893.25
Episode 879 return: -3894936.75
Episode: 879, total reward: 3686893.25
each agent reward: 3686893.25
Episode 880 return: -3904144.25
Episode: 880, total reward: 3686893.25
each agent reward: 3686893.25
Episode 881 return: -3914401.75
Episode: 881, total reward: 3686893.25
each agent reward: 3686893.25
Episode 882 return: -3895635.0
Episode: 882, total reward: 3686893.25
each agent reward: 3686893.25
Episode 883 return: -3897515.5
Episode: 883, total reward: 3686893.25
each agent reward: 3686893.25
Episode 884 return: -3915674.25
Episode: 884, total reward: 3686893.25
each agent reward: 3686893.25
Episode 885 return: -3953537.25
Episode: 885, total reward: 3686893.25
each agent reward: 3686893.25
Episode 886 return: -3930073.0
Episode: 886, total reward: 3686893.25
each agent reward: 3686893.25
Episode 887 return: -3925251.75
Episode: 887, total reward: 3686893.25
each agent reward: 3686893.25
Episode 888 return: -3883242.75
Episode: 888, total reward: 3686893.25
each agent reward: 3686893.25
Episode 889 return: -3886464.0
Episode: 889, total reward: 3686893.25
each agent reward: 3686893.25
Episode 890 return: -3892865.75
Episode: 890, total reward: 3686893.25
each agent reward: 3686893.25
Episode 891 return: -3926014.0
Episode: 891, total reward: 3686893.25
each agent reward: 3686893.25
Episode 892 return: -3900547.25
Episode: 892, total reward: 3686893.25
each agent reward: 3686893.25
Episode 893 return: -3885568.25
Episode: 893, total reward: 3686893.25
each agent reward: 3686893.25
Episode 894 return: -3919601.75
Episode: 894, total reward: 3686893.25
each agent reward: 3686893.25
Episode 895 return: -3903726.0
Episode: 895, total reward: 3686893.25
each agent reward: 3686893.25
Episode 896 return: -3934088.0
Episode: 896, total reward: 3686893.25
each agent reward: 3686893.25
Episode 897 return: -3911736.25
Episode: 897, total reward: 3686893.25
each agent reward: 3686893.25
Episode 898 return: -3902427.25
Episode: 898, total reward: 3686893.25
each agent reward: 3686893.25
Episode 899 return: -3918925.0
Episode: 899, total reward: 3686893.25
each agent reward: 3686893.25
Episode 900 return: -3898571.25
Episode: 900, total reward: 3686893.25
each agent reward: 3686893.25
Episode 901 return: -3910957.25
Episode: 901, total reward: 3686893.25
each agent reward: 3686893.25
Episode 902 return: -3940674.0
Episode: 902, total reward: 3686893.25
each agent reward: 3686893.25
Episode 903 return: -3930865.25
Episode: 903, total reward: 3686893.25
each agent reward: 3686893.25
Episode 904 return: -3911174.5
Episode: 904, total reward: 3686893.25
each agent reward: 3686893.25
Episode 905 return: -3882558.25
Episode: 905, total reward: 3686893.25
each agent reward: 3686893.25
Episode 906 return: -3905737.75
Episode: 906, total reward: 3686893.25
each agent reward: 3686893.25
Episode 907 return: -3911064.0
Episode: 907, total reward: 3686893.25
each agent reward: 3686893.25
Episode 908 return: -3923344.5
Episode: 908, total reward: 3686893.25
each agent reward: 3686893.25
Episode 909 return: -3931665.0
Episode: 909, total reward: 3686893.25
each agent reward: 3686893.25
Episode 910 return: -3927177.75
Episode: 910, total reward: 3686893.25
each agent reward: 3686893.25
Episode 911 return: -3881231.5
Episode: 911, total reward: 3686893.25
each agent reward: 3686893.25
Episode 912 return: -3914041.0
Episode: 912, total reward: 3686893.25
each agent reward: 3686893.25
Episode 913 return: -3919510.75
Episode: 913, total reward: 3686893.25
each agent reward: 3686893.25
Episode 914 return: -3904810.0
Episode: 914, total reward: 3686893.25
each agent reward: 3686893.25
Episode 915 return: -3906524.25
Episode: 915, total reward: 3686893.25
each agent reward: 3686893.25
Episode 916 return: -3923217.0
Episode: 916, total reward: 3686893.25
each agent reward: 3686893.25
Episode 917 return: -3889951.25
Episode: 917, total reward: 3686893.25
each agent reward: 3686893.25
Episode 918 return: -3908854.75
Episode: 918, total reward: 3686893.25
each agent reward: 3686893.25
Episode 919 return: -3927857.5
Episode: 919, total reward: 3686893.25
each agent reward: 3686893.25
Episode 920 return: -3918295.5
Episode: 920, total reward: 3686893.25
each agent reward: 3686893.25
Episode 921 return: -3911983.25
Episode: 921, total reward: 3686893.25
each agent reward: 3686893.25
Episode 922 return: -3918017.25
Episode: 922, total reward: 3686893.25
each agent reward: 3686893.25
Episode 923 return: -3876184.25
Episode: 923, total reward: 3686893.25
each agent reward: 3686893.25
Episode 924 return: -3941153.5
Episode: 924, total reward: 3686893.25
each agent reward: 3686893.25
Episode 925 return: -3927016.25
Episode: 925, total reward: 3686893.25
each agent reward: 3686893.25
Episode 926 return: -3877059.75
Episode: 926, total reward: 3686893.25
each agent reward: 3686893.25
Episode 927 return: -3866977.5
Episode: 927, total reward: 3686893.25
each agent reward: 3686893.25
Episode 928 return: -3868978.75
Episode: 928, total reward: 3686893.25
each agent reward: 3686893.25
Episode 929 return: -3885851.25
Episode: 929, total reward: 3686893.25
each agent reward: 3686893.25
Episode 930 return: -3876991.25
Episode: 930, total reward: 3686893.25
each agent reward: 3686893.25
Episode 931 return: -3895130.5
Episode: 931, total reward: 3686893.25
each agent reward: 3686893.25
Episode 932 return: -3928099.5
Episode: 932, total reward: 3686893.25
each agent reward: 3686893.25
Episode 933 return: -3893669.25
Episode: 933, total reward: 3686893.25
each agent reward: 3686893.25
Episode 934 return: -3966032.5
Episode: 934, total reward: 3686893.25
each agent reward: 3686893.25
Episode 935 return: -3983836.0
Episode: 935, total reward: 3686893.25
each agent reward: 3686893.25
Episode 936 return: -3891376.75
Episode: 936, total reward: 3686893.25
each agent reward: 3686893.25
Episode 937 return: -3937618.5
Episode: 937, total reward: 3686893.25
each agent reward: 3686893.25
Episode 938 return: -3927073.25
Episode: 938, total reward: 3686893.25
each agent reward: 3686893.25
Episode 939 return: -3868559.5
Episode: 939, total reward: 3686893.25
each agent reward: 3686893.25
Episode 940 return: -3893917.5
Episode: 940, total reward: 3686893.25
each agent reward: 3686893.25
Episode 941 return: -3871827.25
Episode: 941, total reward: 3686893.25
each agent reward: 3686893.25
Episode 942 return: -3911297.75
Episode: 942, total reward: 3686893.25
each agent reward: 3686893.25
Episode 943 return: -3905087.5
Episode: 943, total reward: 3686893.25
each agent reward: 3686893.25
Episode 944 return: -3889792.0
Episode: 944, total reward: 3686893.25
each agent reward: 3686893.25
Episode 945 return: -3873738.5
Episode: 945, total reward: 3686893.25
each agent reward: 3686893.25
Episode 946 return: -3921880.25
Episode: 946, total reward: 3686893.25
each agent reward: 3686893.25
Episode 947 return: -3914988.0
Episode: 947, total reward: 3686893.25
each agent reward: 3686893.25
Episode 948 return: -3901932.75
Episode: 948, total reward: 3686893.25
each agent reward: 3686893.25
Episode 949 return: -3886671.5
Episode: 949, total reward: 3686893.25
each agent reward: 3686893.25
Episode 950 return: -3870965.5
Episode: 950, total reward: 3686893.25
each agent reward: 3686893.25
Episode 951 return: -3912711.75
Episode: 951, total reward: 3686893.25
each agent reward: 3686893.25
Episode 952 return: -3929967.25
Episode: 952, total reward: 3686893.25
each agent reward: 3686893.25
Episode 953 return: -3904627.0
Episode: 953, total reward: 3686893.25
each agent reward: 3686893.25
Episode 954 return: -3970951.75
Episode: 954, total reward: 3686893.25
each agent reward: 3686893.25
Episode 955 return: -3906145.5
Episode: 955, total reward: 3686893.25
each agent reward: 3686893.25
Episode 956 return: -3913399.5
Episode: 956, total reward: 3686893.25
each agent reward: 3686893.25
Episode 957 return: -3903426.75
Episode: 957, total reward: 3686893.25
each agent reward: 3686893.25
Episode 958 return: -3931704.75
Episode: 958, total reward: 3686893.25
each agent reward: 3686893.25
Episode 959 return: -3894750.5
Episode: 959, total reward: 3686893.25
each agent reward: 3686893.25
Episode 960 return: -3938373.75
Episode: 960, total reward: 3686893.25
each agent reward: 3686893.25
Episode 961 return: -3879881.5
Episode: 961, total reward: 3686893.25
each agent reward: 3686893.25
Episode 962 return: -3908771.0
Episode: 962, total reward: 3686893.25
each agent reward: 3686893.25
Episode 963 return: -3892732.0
Episode: 963, total reward: 3686893.25
each agent reward: 3686893.25
Episode 964 return: -3929227.5
Episode: 964, total reward: 3686893.25
each agent reward: 3686893.25
Episode 965 return: -3891909.75
Episode: 965, total reward: 3686893.25
each agent reward: 3686893.25
Episode 966 return: -3910321.0
Episode: 966, total reward: 3686893.25
each agent reward: 3686893.25
Episode 967 return: -3899738.5
Episode: 967, total reward: 3686893.25
each agent reward: 3686893.25
Episode 968 return: -3900127.75
Episode: 968, total reward: 3686893.25
each agent reward: 3686893.25
Episode 969 return: -3903372.0
Episode: 969, total reward: 3686893.25
each agent reward: 3686893.25
Episode 970 return: -3871362.0
Episode: 970, total reward: 3686893.25
each agent reward: 3686893.25
Episode 971 return: -3908396.25
Episode: 971, total reward: 3686893.25
each agent reward: 3686893.25
Episode 972 return: -3897063.75
Episode: 972, total reward: 3686893.25
each agent reward: 3686893.25
Episode 973 return: -3894592.0
Episode: 973, total reward: 3686893.25
each agent reward: 3686893.25
Episode 974 return: -3917744.0
Episode: 974, total reward: 3686893.25
each agent reward: 3686893.25
Episode 975 return: -3917680.25
Episode: 975, total reward: 3686893.25
each agent reward: 3686893.25
Episode 976 return: -3881481.0
Episode: 976, total reward: 3686893.25
each agent reward: 3686893.25
Episode 977 return: -3885624.25
Episode: 977, total reward: 3686893.25
each agent reward: 3686893.25
Episode 978 return: -3919544.0
Episode: 978, total reward: 3686893.25
each agent reward: 3686893.25
Episode 979 return: -3891783.75
Episode: 979, total reward: 3686893.25
each agent reward: 3686893.25
Episode 980 return: -3895917.0
Episode: 980, total reward: 3686893.25
each agent reward: 3686893.25
Episode 981 return: -3896014.75
Episode: 981, total reward: 3686893.25
each agent reward: 3686893.25
Episode 982 return: -3882574.75
Episode: 982, total reward: 3686893.25
each agent reward: 3686893.25
Episode 983 return: -3907159.75
Episode: 983, total reward: 3686893.25
each agent reward: 3686893.25
Episode 984 return: -3900236.25
Episode: 984, total reward: 3686893.25
each agent reward: 3686893.25
Episode 985 return: -3933769.5
Episode: 985, total reward: 3686893.25
each agent reward: 3686893.25
Episode 986 return: -3912635.5
Episode: 986, total reward: 3686893.25
each agent reward: 3686893.25
Episode 987 return: -3945891.5
Episode: 987, total reward: 3686893.25
each agent reward: 3686893.25
Episode 988 return: -3898082.5
Episode: 988, total reward: 3686893.25
each agent reward: 3686893.25
Episode 989 return: -3892510.25
Episode: 989, total reward: 3686893.25
each agent reward: 3686893.25
Episode 990 return: -3900225.75
Episode: 990, total reward: 3686893.25
each agent reward: 3686893.25
Episode 991 return: -3882461.75
Episode: 991, total reward: 3686893.25
each agent reward: 3686893.25
Episode 992 return: -3896526.75
Episode: 992, total reward: 3686893.25
each agent reward: 3686893.25
Episode 993 return: -3868039.75
Episode: 993, total reward: 3686893.25
each agent reward: 3686893.25
Episode 994 return: -3891454.75
Episode: 994, total reward: 3686893.25
each agent reward: 3686893.25
Episode 995 return: -3923027.5
Episode: 995, total reward: 3686893.25
each agent reward: 3686893.25
Episode 996 return: -3904297.75
Episode: 996, total reward: 3686893.25
each agent reward: 3686893.25
Episode 997 return: -3932265.0
Episode: 997, total reward: 3686893.25
each agent reward: 3686893.25
Episode 998 return: -3908735.25
Episode: 998, total reward: 3686893.25
each agent reward: 3686893.25
Episode 999 return: -3963336.0
Episode: 999, total reward: 3686893.25
each agent reward: 3686893.25
