Episode: -1, total reward: 1314196.875
each agent reward: 1314196.875
Episode: 1, total reward: 728141.8125
each agent reward: 728141.8125
Episode 0 return: -841914.6875
Episode: 0, total reward: 728141.8125
each agent reward: 728141.8125
Episode 1 return: -854688.625
Episode: 1, total reward: 728141.8125
each agent reward: 728141.8125
Episode 2 return: -827511.0
Episode: 2, total reward: 728141.8125
each agent reward: 728141.8125
Episode 3 return: -818317.5
Episode: 3, total reward: 728141.8125
each agent reward: 728141.8125
Episode 4 return: -872739.5
Episode: 4, total reward: 728141.8125
each agent reward: 728141.8125
Episode 5 return: -832269.9375
Episode: 5, total reward: 728141.8125
each agent reward: 728141.8125
Episode 6 return: -905732.125
Episode: 6, total reward: 728141.8125
each agent reward: 728141.8125
Episode 7 return: -850639.5625
Episode: 7, total reward: 728141.8125
each agent reward: 728141.8125
Episode 8 return: -850435.5625
Episode: 8, total reward: 728141.8125
each agent reward: 728141.8125
Episode 9 return: -858577.9375
Episode: 9, total reward: 728141.8125
each agent reward: 728141.8125
Episode 10 return: -843667.5625
Episode: 10, total reward: 728141.8125
each agent reward: 728141.8125
Episode 11 return: -818819.625
Episode: 11, total reward: 728141.8125
each agent reward: 728141.8125
Episode 12 return: -1020651.9375
Episode: 12, total reward: 1194667.0
each agent reward: 1194667.0
Episode 13 return: -1288234.625
Episode: 13, total reward: 1289421.0
each agent reward: 1289421.0
Episode 14 return: -1350651.5
Episode: 14, total reward: 1313040.25
each agent reward: 1313040.25
Episode 15 return: -1321705.25
Episode: 15, total reward: 1313040.25
each agent reward: 1313040.25
Episode 16 return: -1299358.0
Episode: 16, total reward: 1313040.25
each agent reward: 1313040.25
Episode 17 return: -1279786.625
Episode: 17, total reward: 1289227.125
each agent reward: 1289227.125
Episode 18 return: -1342884.0
Episode: 18, total reward: 1194881.5
each agent reward: 1194881.5
Episode 19 return: -1220206.25
Episode: 19, total reward: 1194881.5
each agent reward: 1194881.5
Episode 20 return: -1330288.25
Episode: 20, total reward: 1194881.5
each agent reward: 1194881.5
Episode 21 return: -1228894.375
Episode: 21, total reward: 1190146.75
each agent reward: 1190146.75
Episode 22 return: -1265724.625
Episode: 22, total reward: 1161724.75
each agent reward: 1161724.75
Episode 23 return: -1186597.75
Episode: 23, total reward: 1102343.75
each agent reward: 1102343.75
Episode 24 return: -1249973.5
Episode: 24, total reward: 1076489.75
each agent reward: 1076489.75
Episode 25 return: -1221720.75
Episode: 25, total reward: 1076489.75
each agent reward: 1076489.75
Episode 26 return: -1203798.625
Episode: 26, total reward: 1076489.75
each agent reward: 1076489.75
Episode 27 return: -1181477.25
Episode: 27, total reward: 1076489.75
each agent reward: 1076489.75
Episode 28 return: -1196440.25
Episode: 28, total reward: 1076489.75
each agent reward: 1076489.75
Episode 29 return: -1206146.625
Episode: 29, total reward: 1076489.75
each agent reward: 1076489.75
Episode 30 return: -1263163.375
Episode: 30, total reward: 1076489.75
each agent reward: 1076489.75
Episode 31 return: -1232041.125
Episode: 31, total reward: 1076489.75
each agent reward: 1076489.75
Episode 32 return: -1241704.125
Episode: 32, total reward: 1076489.75
each agent reward: 1076489.75
Episode 33 return: -1204524.875
Episode: 33, total reward: 1076489.75
each agent reward: 1076489.75
Episode 34 return: -1211838.25
Episode: 34, total reward: 1076489.75
each agent reward: 1076489.75
Episode 35 return: -1148638.375
Episode: 35, total reward: 1076489.75
each agent reward: 1076489.75
Episode 36 return: -1159310.75
Episode: 36, total reward: 1076489.75
each agent reward: 1076489.75
Episode 37 return: -1105800.625
Episode: 37, total reward: 1076489.75
each agent reward: 1076489.75
Episode 38 return: -1142333.0
Episode: 38, total reward: 1081693.5
each agent reward: 1081693.5
Episode 39 return: -1269852.375
Episode: 39, total reward: 1102343.75
each agent reward: 1102343.75
Episode 40 return: -1172432.0
Episode: 40, total reward: 1102343.75
each agent reward: 1102343.75
Episode 41 return: -1212090.5
Episode: 41, total reward: 1137251.0
each agent reward: 1137251.0
Episode 42 return: -1278950.5
Episode: 42, total reward: 1147092.0
each agent reward: 1147092.0
Episode 43 return: -1329225.25
Episode: 43, total reward: 1171365.125
each agent reward: 1171365.125
Episode 44 return: -1238870.0
Episode: 44, total reward: 1180775.5
each agent reward: 1180775.5
Episode 45 return: -1183167.0
Episode: 45, total reward: 1180775.5
each agent reward: 1180775.5
Episode 46 return: -1162532.375
Episode: 46, total reward: 1180775.5
each agent reward: 1180775.5
Episode 47 return: -1195218.125
Episode: 47, total reward: 1190146.75
each agent reward: 1190146.75
Episode 48 return: -1180626.625
Episode: 48, total reward: 1190146.75
each agent reward: 1190146.75
Episode 49 return: -1192827.625
Episode: 49, total reward: 1190146.75
each agent reward: 1190146.75
Episode 50 return: -1197637.5
Episode: 50, total reward: 1190146.75
each agent reward: 1190146.75
Episode 51 return: -1245220.625
Episode: 51, total reward: 1194881.5
each agent reward: 1194881.5
Episode 52 return: -1207944.25
Episode: 52, total reward: 1195660.625
each agent reward: 1195660.625
Episode 53 return: -1197444.375
Episode: 53, total reward: 1196046.0
each agent reward: 1196046.0
Episode 54 return: -1243084.25
Episode: 54, total reward: 1196896.875
each agent reward: 1196896.875
Episode 55 return: -1240307.875
Episode: 55, total reward: 1196896.875
each agent reward: 1196896.875
Episode 56 return: -1144508.25
Episode: 56, total reward: 1200086.5
each agent reward: 1200086.5
Episode 57 return: -1229803.5
Episode: 57, total reward: 1198492.875
each agent reward: 1198492.875
Episode 58 return: -1152113.125
Episode: 58, total reward: 1196075.5
each agent reward: 1196075.5
Episode 59 return: -1156494.0
Episode: 59, total reward: 1195232.0
each agent reward: 1195232.0
Episode 60 return: -1187562.0
Episode: 60, total reward: 1195232.0
each agent reward: 1195232.0
Episode 61 return: -1215133.125
Episode: 61, total reward: 1195232.0
each agent reward: 1195232.0
Episode 62 return: -1141547.375
Episode: 62, total reward: 1195232.0
each agent reward: 1195232.0
Episode 63 return: -1175320.125
Episode: 63, total reward: 1195232.0
each agent reward: 1195232.0
Episode 64 return: -1184034.25
Episode: 64, total reward: 1195232.0
each agent reward: 1195232.0
Episode 65 return: -1147942.0
Episode: 65, total reward: 1195232.0
each agent reward: 1195232.0
Episode 66 return: -1126530.75
Episode: 66, total reward: 1195232.0
each agent reward: 1195232.0
Episode 67 return: -1203966.625
Episode: 67, total reward: 1195232.0
each agent reward: 1195232.0
Episode 68 return: -1201415.875
Episode: 68, total reward: 1195232.0
each agent reward: 1195232.0
Episode 69 return: -1168693.875
Episode: 69, total reward: 1185843.375
each agent reward: 1185843.375
Episode 70 return: -1158288.75
Episode: 70, total reward: 1185843.375
each agent reward: 1185843.375
Episode 71 return: -1231869.875
Episode: 71, total reward: 1181330.875
each agent reward: 1181330.875
Episode 72 return: -1175843.75
Episode: 72, total reward: 1177471.625
each agent reward: 1177471.625
Episode 73 return: -1188260.75
Episode: 73, total reward: 1149501.625
each agent reward: 1149501.625
Episode 74 return: -1208258.875
Episode: 74, total reward: 1119312.875
each agent reward: 1119312.875
Episode 75 return: -1132591.25
Episode: 75, total reward: 1119312.875
each agent reward: 1119312.875
Episode 76 return: -1259491.0
Episode: 76, total reward: 1099169.875
each agent reward: 1099169.875
Episode 77 return: -1190763.75
Episode: 77, total reward: 1084086.5
each agent reward: 1084086.5
Episode 78 return: -1239010.625
Episode: 78, total reward: 1069818.125
each agent reward: 1069818.125
Episode 79 return: -1192042.875
Episode: 79, total reward: 1069604.375
each agent reward: 1069604.375
Episode 80 return: -1161986.125
Episode: 80, total reward: 1069604.375
each agent reward: 1069604.375
Episode 81 return: -1273751.875
Episode: 81, total reward: 1096465.875
each agent reward: 1096465.875
Episode 82 return: -1222731.75
Episode: 82, total reward: 1131780.25
each agent reward: 1131780.25
Episode 83 return: -1139584.75
Episode: 83, total reward: 1146786.875
each agent reward: 1146786.875
Episode 84 return: -1160531.25
Episode: 84, total reward: 1139277.25
each agent reward: 1139277.25
Episode 85 return: -1190125.25
Episode: 85, total reward: 1139277.25
each agent reward: 1139277.25
Episode 86 return: -1189329.125
Episode: 86, total reward: 1149405.75
each agent reward: 1149405.75
Episode 87 return: -1199210.125
Episode: 87, total reward: 1149345.375
each agent reward: 1149345.375
Episode 88 return: -1181218.375
Episode: 88, total reward: 1146269.0
each agent reward: 1146269.0
Episode 89 return: -1093970.5
Episode: 89, total reward: 1113083.875
each agent reward: 1113083.875
Episode 90 return: -1108989.0
Episode: 90, total reward: 1113083.875
each agent reward: 1113083.875
Episode 91 return: -1178407.125
Episode: 91, total reward: 1092072.0
each agent reward: 1092072.0
Episode 92 return: -1191075.625
Episode: 92, total reward: 1039378.1875
each agent reward: 1039378.1875
Episode 93 return: -1192773.875
Episode: 93, total reward: 1012350.3125
each agent reward: 1012350.3125
Episode 94 return: -1208830.0
Episode: 94, total reward: 992812.375
each agent reward: 992812.375
Episode 95 return: -1147852.875
Episode: 95, total reward: 992812.375
each agent reward: 992812.375
Episode 96 return: -1200468.75
Episode: 96, total reward: 1010639.8125
each agent reward: 1010639.8125
Episode 97 return: -1191746.75
Episode: 97, total reward: 1013393.3125
each agent reward: 1013393.3125
Episode 98 return: -1215376.5
Episode: 98, total reward: 987248.9375
each agent reward: 987248.9375
Episode 99 return: -1149690.875
Episode: 99, total reward: 942153.375
each agent reward: 942153.375
Episode 100 return: -1206511.25
Episode: 100, total reward: 942153.375
each agent reward: 942153.375
Episode 101 return: -1133626.0
Episode: 101, total reward: 919783.5625
each agent reward: 919783.5625
Episode 102 return: -1155541.5
Episode: 102, total reward: 925106.875
each agent reward: 925106.875
Episode 103 return: -1157844.5
Episode: 103, total reward: 937470.375
each agent reward: 937470.375
Episode 104 return: -1174530.0
Episode: 104, total reward: 961673.4375
each agent reward: 961673.4375
Episode 105 return: -1168280.625
Episode: 105, total reward: 961673.4375
each agent reward: 961673.4375
Episode 106 return: -1191438.375
Episode: 106, total reward: 1005536.1875
each agent reward: 1005536.1875
Episode 107 return: -1287548.875
Episode: 107, total reward: 1029549.125
each agent reward: 1029549.125
Episode 108 return: -1211157.75
Episode: 108, total reward: 1025062.625
each agent reward: 1025062.625
Episode 109 return: -1104004.25
Episode: 109, total reward: 973360.0625
each agent reward: 973360.0625
Episode 110 return: -1191620.125
Episode: 110, total reward: 973360.0625
each agent reward: 973360.0625
Episode 111 return: -1114867.5
Episode: 111, total reward: 869027.875
each agent reward: 869027.875
Episode 112 return: -1177368.625
Episode: 112, total reward: 740767.8125
each agent reward: 740767.8125
Episode 113 return: -1191604.25
Episode: 113, total reward: 624237.625
each agent reward: 624237.625
Episode 114 return: -1127906.5
Episode: 114, total reward: 616933.5625
each agent reward: 616933.5625
Episode 115 return: -1188684.625
Episode: 115, total reward: 616933.5625
each agent reward: 616933.5625
Episode 116 return: -1124120.875
Episode: 116, total reward: 579600.125
each agent reward: 579600.125
Episode 117 return: -1286802.625
Episode: 117, total reward: 592217.75
each agent reward: 592217.75
Episode 118 return: -1151439.375
Episode: 118, total reward: 666712.4375
each agent reward: 666712.4375
Episode 119 return: -1082651.0
Episode: 119, total reward: 717728.125
each agent reward: 717728.125
Episode 120 return: -1281331.75
Episode: 120, total reward: 717728.125
each agent reward: 717728.125
Episode 121 return: -1126028.875
Episode: 121, total reward: 700438.75
each agent reward: 700438.75
Episode 122 return: -1091301.375
Episode: 122, total reward: 698936.125
each agent reward: 698936.125
Episode 123 return: -1176098.125
Episode: 123, total reward: 684898.75
each agent reward: 684898.75
Episode 124 return: -1092151.75
Episode: 124, total reward: 664697.1875
each agent reward: 664697.1875
Episode 125 return: -1174699.125
Episode: 125, total reward: 664697.1875
each agent reward: 664697.1875
Episode 126 return: -1008017.8125
Episode: 126, total reward: 629361.4375
each agent reward: 629361.4375
Episode 127 return: -1045706.3125
Episode: 127, total reward: 569053.375
each agent reward: 569053.375
Episode 128 return: -1180117.75
Episode: 128, total reward: 472225.09375
each agent reward: 472225.09375
Episode 129 return: -1126632.5
Episode: 129, total reward: 426223.09375
each agent reward: 426223.09375
Episode 130 return: -1196063.25
Episode: 130, total reward: 426223.09375
each agent reward: 426223.09375
Episode 131 return: -1092277.125
Episode: 131, total reward: 412106.71875
each agent reward: 412106.71875
Episode 132 return: -1051301.375
Episode: 132, total reward: 404413.125
each agent reward: 404413.125
Episode 133 return: -1139361.625
Episode: 133, total reward: 382771.4375
each agent reward: 382771.4375
Episode 134 return: -965189.0
Episode: 134, total reward: 369993.71875
each agent reward: 369993.71875
Episode 135 return: -1071413.0
Episode: 135, total reward: 369993.71875
each agent reward: 369993.71875
Episode 136 return: -997673.6875
Episode: 136, total reward: 359095.65625
each agent reward: 359095.65625
Episode 137 return: -1051865.0
Episode: 137, total reward: 350775.96875
each agent reward: 350775.96875
Episode 138 return: -926378.5
Episode: 138, total reward: 345568.4375
each agent reward: 345568.4375
Episode 139 return: -983503.3125
Episode: 139, total reward: 329967.5625
each agent reward: 329967.5625
Episode 140 return: -1061623.0
Episode: 140, total reward: 329967.5625
each agent reward: 329967.5625
Episode 141 return: -913972.25
Episode: 141, total reward: 304628.25
each agent reward: 304628.25
Episode 142 return: -965020.4375
Episode: 142, total reward: 291026.59375
each agent reward: 291026.59375
Episode 143 return: -973447.4375
Episode: 143, total reward: 265845.65625
each agent reward: 265845.65625
Episode 144 return: -954610.875
Episode: 144, total reward: 261575.953125
each agent reward: 261575.953125
Episode 145 return: -1063716.5
Episode: 145, total reward: 261575.953125
each agent reward: 261575.953125
Episode 146 return: -1038848.375
Episode: 146, total reward: 262706.0
each agent reward: 262706.0
Episode 147 return: -999124.375
Episode: 147, total reward: 265765.4375
each agent reward: 265765.4375
Episode 148 return: -905572.375
Episode: 148, total reward: 261461.53125
each agent reward: 261461.53125
Episode 149 return: -832115.6875
Episode: 149, total reward: 272375.0
each agent reward: 272375.0
Episode 150 return: -904819.5
Episode: 150, total reward: 272375.0
each agent reward: 272375.0
Episode 151 return: -971588.0
Episode: 151, total reward: 295191.96875
each agent reward: 295191.96875
Episode 152 return: -991727.0625
Episode: 152, total reward: 360276.59375
each agent reward: 360276.59375
Episode 153 return: -931426.875
Episode: 153, total reward: 375589.625
each agent reward: 375589.625
Episode 154 return: -903541.375
Episode: 154, total reward: 377517.375
each agent reward: 377517.375
Episode 155 return: -992914.5
Episode: 155, total reward: 377517.375
each agent reward: 377517.375
Episode 156 return: -923098.75
Episode: 156, total reward: 377198.375
each agent reward: 377198.375
Episode 157 return: -910882.4375
Episode: 157, total reward: 371640.6875
each agent reward: 371640.6875
Episode 158 return: -923523.0
Episode: 158, total reward: 352713.78125
each agent reward: 352713.78125
Episode 159 return: -924787.125
Episode: 159, total reward: 291037.15625
each agent reward: 291037.15625
Episode 160 return: -1073675.125
Episode: 160, total reward: 291037.15625
each agent reward: 291037.15625
Episode 161 return: -955175.375
Episode: 161, total reward: 260090.046875
each agent reward: 260090.046875
Episode 162 return: -936578.375
Episode: 162, total reward: 271367.03125
each agent reward: 271367.03125
Episode 163 return: -983467.4375
Episode: 163, total reward: 262149.84375
each agent reward: 262149.84375
Episode 164 return: -895290.8125
Episode: 164, total reward: 262314.78125
each agent reward: 262314.78125
Episode 165 return: -932029.125
Episode: 165, total reward: 262314.78125
each agent reward: 262314.78125
Episode 166 return: -880173.25
Episode: 166, total reward: 290016.0
each agent reward: 290016.0
Episode 167 return: -925245.5625
Episode: 167, total reward: 288769.21875
each agent reward: 288769.21875
Episode 168 return: -887373.125
Episode: 168, total reward: 293383.125
each agent reward: 293383.125
Episode 169 return: -919277.25
Episode: 169, total reward: 302538.03125
each agent reward: 302538.03125
Episode 170 return: -919485.4375
Episode: 170, total reward: 302538.03125
each agent reward: 302538.03125
Episode 171 return: -1004132.375
Episode: 171, total reward: 327845.03125
each agent reward: 327845.03125
Episode 172 return: -1004320.5625
Episode: 172, total reward: 357968.1875
each agent reward: 357968.1875
Episode 173 return: -921029.5
Episode: 173, total reward: 437436.78125
each agent reward: 437436.78125
Episode 174 return: -979512.25
Episode: 174, total reward: 535282.3125
each agent reward: 535282.3125
Episode 175 return: -954248.125
Episode: 175, total reward: 535282.3125
each agent reward: 535282.3125
Episode 176 return: -993660.0
Episode: 176, total reward: 527617.6875
each agent reward: 527617.6875
Episode 177 return: -1032573.25
Episode: 177, total reward: 551690.875
each agent reward: 551690.875
Episode 178 return: -1069482.375
Episode: 178, total reward: 536745.8125
each agent reward: 536745.8125
Episode 179 return: -1156167.25
Episode: 179, total reward: 568263.5
each agent reward: 568263.5
Episode 180 return: -1035608.8125
Episode: 180, total reward: 568263.5
each agent reward: 568263.5
Episode 181 return: -1052499.125
Episode: 181, total reward: 527484.4375
each agent reward: 527484.4375
Episode 182 return: -1024985.25
Episode: 182, total reward: 471777.875
each agent reward: 471777.875
Episode 183 return: -1048417.9375
Episode: 183, total reward: 485672.25
each agent reward: 485672.25
Episode 184 return: -1038881.3125
Episode: 184, total reward: 489182.5
each agent reward: 489182.5
Episode 185 return: -951046.125
Episode: 185, total reward: 489182.5
each agent reward: 489182.5
Episode 186 return: -1036088.6875
Episode: 186, total reward: 480788.25
each agent reward: 480788.25
Episode 187 return: -1070421.875
Episode: 187, total reward: 474009.90625
each agent reward: 474009.90625
Episode 188 return: -1064293.0
Episode: 188, total reward: 469092.4375
each agent reward: 469092.4375
Episode 189 return: -1037794.0
Episode: 189, total reward: 467437.71875
each agent reward: 467437.71875
Episode 190 return: -1057386.375
Episode: 190, total reward: 467437.71875
each agent reward: 467437.71875
Episode 191 return: -1076953.5
Episode: 191, total reward: 443436.5
each agent reward: 443436.5
Episode 192 return: -1119857.625
Episode: 192, total reward: 421247.96875
each agent reward: 421247.96875
Episode 193 return: -1002345.3125
Episode: 193, total reward: 426126.125
each agent reward: 426126.125
Episode 194 return: -993532.3125
Episode: 194, total reward: 424211.8125
each agent reward: 424211.8125
Episode 195 return: -1071279.375
Episode: 195, total reward: 424211.8125
each agent reward: 424211.8125
Episode 196 return: -977718.1875
Episode: 196, total reward: 428646.21875
each agent reward: 428646.21875
Episode 197 return: -965648.875
Episode: 197, total reward: 429555.8125
each agent reward: 429555.8125
Episode 198 return: -1076361.625
Episode: 198, total reward: 383726.84375
each agent reward: 383726.84375
Episode 199 return: -1008984.5
Episode: 199, total reward: 365136.8125
each agent reward: 365136.8125
Episode 200 return: -1033994.75
Episode: 200, total reward: 365136.8125
each agent reward: 365136.8125
Episode 201 return: -974693.3125
Episode: 201, total reward: 356556.0
each agent reward: 356556.0
Episode 202 return: -986974.8125
Episode: 202, total reward: 306506.78125
each agent reward: 306506.78125
Episode 203 return: -929103.625
Episode: 203, total reward: 265680.375
each agent reward: 265680.375
Episode 204 return: -1087202.375
Episode: 204, total reward: 267398.8125
each agent reward: 267398.8125
Episode 205 return: -950672.6875
Episode: 205, total reward: 267398.8125
each agent reward: 267398.8125
Episode 206 return: -926790.3125
Episode: 206, total reward: 281312.125
each agent reward: 281312.125
Episode 207 return: -1018065.6875
Episode: 207, total reward: 276239.4375
each agent reward: 276239.4375
Episode 208 return: -983423.125
Episode: 208, total reward: 272488.84375
each agent reward: 272488.84375
Episode 209 return: -942447.9375
Episode: 209, total reward: 270826.90625
each agent reward: 270826.90625
Episode 210 return: -922869.0
Episode: 210, total reward: 270826.90625
each agent reward: 270826.90625
Episode 211 return: -915494.25
Episode: 211, total reward: 272583.5625
each agent reward: 272583.5625
Episode 212 return: -806625.125
Episode: 212, total reward: 275286.3125
each agent reward: 275286.3125
Episode 213 return: -954742.625
Episode: 213, total reward: 273111.6875
each agent reward: 273111.6875
Episode 214 return: -818923.9375
Episode: 214, total reward: 273909.5625
each agent reward: 273909.5625
Episode 215 return: -914206.0
Episode: 215, total reward: 273909.5625
each agent reward: 273909.5625
Episode 216 return: -914849.9375
Episode: 216, total reward: 281150.9375
each agent reward: 281150.9375
Episode 217 return: -851953.375
Episode: 217, total reward: 272874.125
each agent reward: 272874.125
Episode 218 return: -912835.6875
Episode: 218, total reward: 275078.625
each agent reward: 275078.625
Episode 219 return: -987062.25
Episode: 219, total reward: 278410.71875
each agent reward: 278410.71875
Episode 220 return: -937379.6875
Episode: 220, total reward: 278410.71875
each agent reward: 278410.71875
Episode 221 return: -996950.125
Episode: 221, total reward: 271155.34375
each agent reward: 271155.34375
Episode 222 return: -968315.625
Episode: 222, total reward: 268798.03125
each agent reward: 268798.03125
Episode 223 return: -1017346.4375
Episode: 223, total reward: 271997.8125
each agent reward: 271997.8125
Episode 224 return: -895673.5625
Episode: 224, total reward: 276086.25
each agent reward: 276086.25
Episode 225 return: -988211.25
Episode: 225, total reward: 276086.25
each agent reward: 276086.25
Episode 226 return: -1054098.625
Episode: 226, total reward: 276679.0
each agent reward: 276679.0
Episode 227 return: -1020776.5625
Episode: 227, total reward: 300678.15625
each agent reward: 300678.15625
Episode 228 return: -984922.625
Episode: 228, total reward: 352410.84375
each agent reward: 352410.84375
Episode 229 return: -973105.4375
Episode: 229, total reward: 459139.40625
each agent reward: 459139.40625
Episode 230 return: -1038412.75
Episode: 230, total reward: 459139.40625
each agent reward: 459139.40625
Episode 231 return: -900782.125
Episode: 231, total reward: 484402.0
each agent reward: 484402.0
Episode 232 return: -936953.8125
Episode: 232, total reward: 495736.3125
each agent reward: 495736.3125
Episode 233 return: -1082001.5
Episode: 233, total reward: 487790.78125
each agent reward: 487790.78125
Episode 234 return: -947264.5
Episode: 234, total reward: 459010.15625
each agent reward: 459010.15625
Episode 235 return: -988141.0
Episode: 235, total reward: 459010.15625
each agent reward: 459010.15625
Episode 236 return: -988335.875
Episode: 236, total reward: 452232.8125
each agent reward: 452232.8125
Episode 237 return: -998810.4375
Episode: 237, total reward: 442714.46875
each agent reward: 442714.46875
Episode 238 return: -1022189.875
Episode: 238, total reward: 414411.78125
each agent reward: 414411.78125
Episode 239 return: -1010384.9375
Episode: 239, total reward: 401661.875
each agent reward: 401661.875
Episode 240 return: -1019042.375
Episode: 240, total reward: 401661.875
each agent reward: 401661.875
Episode 241 return: -1056169.0
Episode: 241, total reward: 392317.78125
each agent reward: 392317.78125
Episode 242 return: -967631.125
Episode: 242, total reward: 370122.90625
each agent reward: 370122.90625
Episode 243 return: -936939.5
Episode: 243, total reward: 338244.625
each agent reward: 338244.625
Episode 244 return: -941508.5
Episode: 244, total reward: 283865.28125
each agent reward: 283865.28125
Episode 245 return: -957418.75
Episode: 245, total reward: 283865.28125
each agent reward: 283865.28125
Episode 246 return: -877175.375
Episode: 246, total reward: 271071.21875
each agent reward: 271071.21875
Episode 247 return: -957721.125
Episode: 247, total reward: 266760.375
each agent reward: 266760.375
Episode 248 return: -923195.9375
Episode: 248, total reward: 265524.875
each agent reward: 265524.875
Episode 249 return: -944603.375
Episode: 249, total reward: 269347.65625
each agent reward: 269347.65625
Episode 250 return: -957672.0625
Episode: 250, total reward: 269347.65625
each agent reward: 269347.65625
Episode 251 return: -905679.5
Episode: 251, total reward: 272635.34375
each agent reward: 272635.34375
Episode 252 return: -952581.0
Episode: 252, total reward: 289217.25
each agent reward: 289217.25
Episode 253 return: -941862.5
Episode: 253, total reward: 311335.53125
each agent reward: 311335.53125
Episode 254 return: -940663.875
Episode: 254, total reward: 343962.34375
each agent reward: 343962.34375
Episode 255 return: -966960.625
Episode: 255, total reward: 343962.34375
each agent reward: 343962.34375
Episode 256 return: -949255.375
Episode: 256, total reward: 360825.21875
each agent reward: 360825.21875
Episode 257 return: -900184.625
Episode: 257, total reward: 368391.3125
each agent reward: 368391.3125
Episode 258 return: -916941.375
Episode: 258, total reward: 370758.21875
each agent reward: 370758.21875
Episode 259 return: -844314.125
Episode: 259, total reward: 370437.0
each agent reward: 370437.0
Episode 260 return: -958939.25
Episode: 260, total reward: 370437.0
each agent reward: 370437.0
Episode 261 return: -900837.8125
Episode: 261, total reward: 374162.03125
each agent reward: 374162.03125
Episode 262 return: -903766.875
Episode: 262, total reward: 347382.875
each agent reward: 347382.875
Episode 263 return: -914461.625
Episode: 263, total reward: 328619.8125
each agent reward: 328619.8125
Episode 264 return: -854370.875
Episode: 264, total reward: 309224.125
each agent reward: 309224.125
Episode 265 return: -884485.6875
Episode: 265, total reward: 309224.125
each agent reward: 309224.125
Episode 266 return: -927360.0
Episode: 266, total reward: 313957.0
each agent reward: 313957.0
Episode 267 return: -785576.8125
Episode: 267, total reward: 295248.625
each agent reward: 295248.625
Episode 268 return: -873679.1875
Episode: 268, total reward: 270846.15625
each agent reward: 270846.15625
Episode 269 return: -875661.25
Episode: 269, total reward: 261398.375
each agent reward: 261398.375
Episode 270 return: -984419.4375
Episode: 270, total reward: 261398.375
each agent reward: 261398.375
Episode 271 return: -919156.5625
Episode: 271, total reward: 264115.65625
each agent reward: 264115.65625
Episode 272 return: -805056.0
Episode: 272, total reward: 267787.3125
each agent reward: 267787.3125
Episode 273 return: -809921.3125
Episode: 273, total reward: 278291.5625
each agent reward: 278291.5625
Episode 274 return: -859812.375
Episode: 274, total reward: 281778.09375
each agent reward: 281778.09375
Episode 275 return: -765203.375
Episode: 275, total reward: 281778.09375
each agent reward: 281778.09375
Episode 276 return: -826507.8125
Episode: 276, total reward: 277236.21875
each agent reward: 277236.21875
Episode 277 return: -875146.8125
Episode: 277, total reward: 271787.78125
each agent reward: 271787.78125
Episode 278 return: -877177.4375
Episode: 278, total reward: 268437.5625
each agent reward: 268437.5625
Episode 279 return: -807679.375
Episode: 279, total reward: 271181.8125
each agent reward: 271181.8125
Episode 280 return: -747553.8125
Episode: 280, total reward: 271181.8125
each agent reward: 271181.8125
Episode 281 return: -731625.3125
Episode: 281, total reward: 271708.375
each agent reward: 271708.375
Episode 282 return: -783255.3125
Episode: 282, total reward: 270941.0625
each agent reward: 270941.0625
Episode 283 return: -762305.8125
Episode: 283, total reward: 267612.96875
each agent reward: 267612.96875
Episode 284 return: -726325.5625
Episode: 284, total reward: 268730.0
each agent reward: 268730.0
Episode 285 return: -793108.125
Episode: 285, total reward: 268730.0
each agent reward: 268730.0
Episode 286 return: -727261.1875
Episode: 286, total reward: 268612.40625
each agent reward: 268612.40625
Episode 287 return: -696279.4375
Episode: 287, total reward: 263167.46875
each agent reward: 263167.46875
Episode 288 return: -726833.3125
Episode: 288, total reward: 262852.6875
each agent reward: 262852.6875
Episode 289 return: -660537.6875
Episode: 289, total reward: 258595.671875
each agent reward: 258595.671875
Episode 290 return: -753742.8125
Episode: 290, total reward: 258595.671875
each agent reward: 258595.671875
Episode 291 return: -707966.9375
Episode: 291, total reward: 264072.28125
each agent reward: 264072.28125
Episode 292 return: -693585.25
Episode: 292, total reward: 264390.46875
each agent reward: 264390.46875
Episode 293 return: -704253.5
Episode: 293, total reward: 262714.5
each agent reward: 262714.5
Episode 294 return: -713112.4375
Episode: 294, total reward: 259911.015625
each agent reward: 259911.015625
Episode 295 return: -709688.625
Episode: 295, total reward: 259911.015625
each agent reward: 259911.015625
Episode 296 return: -707157.4375
Episode: 296, total reward: 261054.140625
each agent reward: 261054.140625
Episode 297 return: -798135.875
Episode: 297, total reward: 260412.0
each agent reward: 260412.0
Episode 298 return: -753349.5
Episode: 298, total reward: 261992.84375
each agent reward: 261992.84375
Episode 299 return: -686809.75
Episode: 299, total reward: 265067.53125
each agent reward: 265067.53125
Episode 300 return: -724259.5
Episode: 300, total reward: 265067.53125
each agent reward: 265067.53125
Episode 301 return: -665242.25
Episode: 301, total reward: 271619.46875
each agent reward: 271619.46875
Episode 302 return: -776878.6875
Episode: 302, total reward: 276056.0625
each agent reward: 276056.0625
Episode 303 return: -744371.0625
Episode: 303, total reward: 274132.46875
each agent reward: 274132.46875
Episode 304 return: -739682.875
Episode: 304, total reward: 278756.5
each agent reward: 278756.5
Episode 305 return: -775927.8125
Episode: 305, total reward: 278756.5
each agent reward: 278756.5
Episode 306 return: -872450.375
Episode: 306, total reward: 278530.625
each agent reward: 278530.625
Episode 307 return: -771749.0
Episode: 307, total reward: 272859.78125
each agent reward: 272859.78125
Episode 308 return: -808092.0
Episode: 308, total reward: 271671.375
each agent reward: 271671.375
Episode 309 return: -798854.125
Episode: 309, total reward: 273128.09375
each agent reward: 273128.09375
Episode 310 return: -791929.0625
Episode: 310, total reward: 273128.09375
each agent reward: 273128.09375
Episode 311 return: -823346.375
Episode: 311, total reward: 275133.4375
each agent reward: 275133.4375
Episode 312 return: -846330.8125
Episode: 312, total reward: 274964.40625
each agent reward: 274964.40625
Episode 313 return: -914874.1875
Episode: 313, total reward: 282004.96875
each agent reward: 282004.96875
Episode 314 return: -907489.0625
Episode: 314, total reward: 285762.15625
each agent reward: 285762.15625
Episode 315 return: -921952.125
Episode: 315, total reward: 285762.15625
each agent reward: 285762.15625
Episode 316 return: -829163.3125
Episode: 316, total reward: 291780.375
each agent reward: 291780.375
Episode 317 return: -906559.1875
Episode: 317, total reward: 297071.96875
each agent reward: 297071.96875
Episode 318 return: -851936.375
Episode: 318, total reward: 317267.34375
each agent reward: 317267.34375
Episode 319 return: -799910.625
Episode: 319, total reward: 322891.1875
each agent reward: 322891.1875
Episode 320 return: -893886.4375
Episode: 320, total reward: 322891.1875
each agent reward: 322891.1875
Episode 321 return: -881197.5625
Episode: 321, total reward: 314575.0625
each agent reward: 314575.0625
Episode 322 return: -810957.5625
Episode: 322, total reward: 295725.375
each agent reward: 295725.375
Episode 323 return: -801202.5
Episode: 323, total reward: 290327.3125
each agent reward: 290327.3125
Episode 324 return: -934227.0
Episode: 324, total reward: 284939.34375
each agent reward: 284939.34375
Episode 325 return: -836913.5
Episode: 325, total reward: 284939.34375
each agent reward: 284939.34375
Episode 326 return: -869128.6875
Episode: 326, total reward: 272935.375
each agent reward: 272935.375
Episode 327 return: -799502.75
Episode: 327, total reward: 274032.90625
each agent reward: 274032.90625
Episode 328 return: -796994.4375
Episode: 328, total reward: 274080.78125
each agent reward: 274080.78125
Episode 329 return: -865472.1875
Episode: 329, total reward: 270348.90625
each agent reward: 270348.90625
Episode 330 return: -916027.75
Episode: 330, total reward: 270348.90625
each agent reward: 270348.90625
Episode 331 return: -823588.6875
Episode: 331, total reward: 270020.65625
each agent reward: 270020.65625
Episode 332 return: -766717.4375
Episode: 332, total reward: 266290.4375
each agent reward: 266290.4375
Episode 333 return: -792438.6875
Episode: 333, total reward: 266000.78125
each agent reward: 266000.78125
Episode 334 return: -740628.125
Episode: 334, total reward: 264398.875
each agent reward: 264398.875
Episode 335 return: -876601.875
Episode: 335, total reward: 264398.875
each agent reward: 264398.875
Episode 336 return: -784273.5
Episode: 336, total reward: 267119.28125
each agent reward: 267119.28125
Episode 337 return: -738471.25
Episode: 337, total reward: 272197.03125
each agent reward: 272197.03125
Episode 338 return: -726917.625
Episode: 338, total reward: 276395.53125
each agent reward: 276395.53125
Episode 339 return: -749949.25
Episode: 339, total reward: 277883.75
each agent reward: 277883.75
Episode 340 return: -782636.5
Episode: 340, total reward: 277883.75
each agent reward: 277883.75
Episode 341 return: -715669.8125
Episode: 341, total reward: 284491.625
each agent reward: 284491.625
Episode 342 return: -717855.3125
Episode: 342, total reward: 286339.21875
each agent reward: 286339.21875
Episode 343 return: -712720.625
Episode: 343, total reward: 285507.25
each agent reward: 285507.25
Episode 344 return: -705053.9375
Episode: 344, total reward: 287833.84375
each agent reward: 287833.84375
Episode 345 return: -688249.75
Episode: 345, total reward: 287833.84375
each agent reward: 287833.84375
Episode 346 return: -794612.4375
Episode: 346, total reward: 291825.09375
each agent reward: 291825.09375
Episode 347 return: -700143.125
Episode: 347, total reward: 287485.625
each agent reward: 287485.625
Episode 348 return: -717625.125
Episode: 348, total reward: 279650.6875
each agent reward: 279650.6875
Episode 349 return: -692153.875
Episode: 349, total reward: 277325.03125
each agent reward: 277325.03125
Episode 350 return: -728758.9375
Episode: 350, total reward: 277325.03125
each agent reward: 277325.03125
Episode 351 return: -762908.0625
Episode: 351, total reward: 273097.15625
each agent reward: 273097.15625
Episode 352 return: -695971.3125
Episode: 352, total reward: 272188.5
each agent reward: 272188.5
Episode 353 return: -687096.875
Episode: 353, total reward: 271345.8125
each agent reward: 271345.8125
Episode 354 return: -742583.375
Episode: 354, total reward: 268300.71875
each agent reward: 268300.71875
Episode 355 return: -678041.625
Episode: 355, total reward: 268300.71875
each agent reward: 268300.71875
Episode 356 return: -612492.5625
Episode: 356, total reward: 271214.1875
each agent reward: 271214.1875
Episode 357 return: -660636.0
Episode: 357, total reward: 266354.96875
each agent reward: 266354.96875
Episode 358 return: -678077.6875
Episode: 358, total reward: 264509.15625
each agent reward: 264509.15625
Episode 359 return: -699112.9375
Episode: 359, total reward: 263434.875
each agent reward: 263434.875
Episode 360 return: -670363.125
Episode: 360, total reward: 263434.875
each agent reward: 263434.875
Episode 361 return: -776711.1875
Episode: 361, total reward: 260085.515625
each agent reward: 260085.515625
Episode 362 return: -642792.125
Episode: 362, total reward: 259080.015625
each agent reward: 259080.015625
Episode 363 return: -720447.0
Episode: 363, total reward: 258589.0
each agent reward: 258589.0
Episode 364 return: -630745.5
Episode: 364, total reward: 256904.234375
each agent reward: 256904.234375
Episode 365 return: -737963.5625
Episode: 365, total reward: 256904.234375
each agent reward: 256904.234375
Episode 366 return: -773435.4375
Episode: 366, total reward: 260308.125
each agent reward: 260308.125
Episode 367 return: -671453.625
Episode: 367, total reward: 266901.75
each agent reward: 266901.75
Episode 368 return: -730951.875
Episode: 368, total reward: 268641.375
each agent reward: 268641.375
Episode 369 return: -700109.5625
Episode: 369, total reward: 271218.78125
each agent reward: 271218.78125
Episode 370 return: -753310.8125
Episode: 370, total reward: 271218.78125
each agent reward: 271218.78125
Episode 371 return: -830977.75
Episode: 371, total reward: 273686.125
each agent reward: 273686.125
Episode 372 return: -712974.1875
Episode: 372, total reward: 271777.6875
each agent reward: 271777.6875
Episode 373 return: -778242.5625
Episode: 373, total reward: 266900.71875
each agent reward: 266900.71875
Episode 374 return: -745375.0
Episode: 374, total reward: 267020.875
each agent reward: 267020.875
Episode 375 return: -718321.4375
Episode: 375, total reward: 267020.875
each agent reward: 267020.875
Episode 376 return: -825522.25
Episode: 376, total reward: 268041.375
each agent reward: 268041.375
Episode 377 return: -696137.0
Episode: 377, total reward: 273756.40625
each agent reward: 273756.40625
Episode 378 return: -775364.75
Episode: 378, total reward: 280386.6875
each agent reward: 280386.6875
Episode 379 return: -656870.4375
Episode: 379, total reward: 281948.0625
each agent reward: 281948.0625
Episode 380 return: -734188.9375
Episode: 380, total reward: 281948.0625
each agent reward: 281948.0625
Episode 381 return: -793886.375
Episode: 381, total reward: 272175.65625
each agent reward: 272175.65625
Episode 382 return: -659840.5625
Episode: 382, total reward: 267138.15625
each agent reward: 267138.15625
Episode 383 return: -713694.125
Episode: 383, total reward: 265311.3125
each agent reward: 265311.3125
Episode 384 return: -755071.5
Episode: 384, total reward: 267489.3125
each agent reward: 267489.3125
Episode 385 return: -702257.0
Episode: 385, total reward: 267489.3125
each agent reward: 267489.3125
Episode 386 return: -682621.125
Episode: 386, total reward: 265405.71875
each agent reward: 265405.71875
Episode 387 return: -620344.4375
Episode: 387, total reward: 265165.34375
each agent reward: 265165.34375
Episode 388 return: -652639.5
Episode: 388, total reward: 264513.28125
each agent reward: 264513.28125
Episode 389 return: -703746.25
Episode: 389, total reward: 263798.1875
each agent reward: 263798.1875
Episode 390 return: -744840.125
Episode: 390, total reward: 263798.1875
each agent reward: 263798.1875
Episode 391 return: -597328.375
Episode: 391, total reward: 261788.125
each agent reward: 261788.125
Episode 392 return: -671556.0
Episode: 392, total reward: 261170.484375
each agent reward: 261170.484375
Episode 393 return: -674840.375
Episode: 393, total reward: 261081.046875
each agent reward: 261081.046875
Episode 394 return: -681533.5625
Episode: 394, total reward: 263460.59375
each agent reward: 263460.59375
Episode 395 return: -667288.0625
Episode: 395, total reward: 263460.59375
each agent reward: 263460.59375
Episode 396 return: -618157.3125
Episode: 396, total reward: 265372.46875
each agent reward: 265372.46875
Episode 397 return: -737058.5625
Episode: 397, total reward: 268926.40625
each agent reward: 268926.40625
Episode 398 return: -766910.75
Episode: 398, total reward: 267804.0
each agent reward: 267804.0
Episode 399 return: -691586.5625
Episode: 399, total reward: 267834.90625
each agent reward: 267834.90625
Episode 400 return: -795346.5
Episode: 400, total reward: 267834.90625
each agent reward: 267834.90625
Episode 401 return: -796016.0625
Episode: 401, total reward: 268330.0625
each agent reward: 268330.0625
Episode 402 return: -731209.375
Episode: 402, total reward: 271631.84375
each agent reward: 271631.84375
Episode 403 return: -736499.625
Episode: 403, total reward: 275813.6875
each agent reward: 275813.6875
Episode 404 return: -713888.0625
Episode: 404, total reward: 276109.125
each agent reward: 276109.125
Episode 405 return: -722435.625
Episode: 405, total reward: 276109.125
each agent reward: 276109.125
Episode 406 return: -739673.25
Episode: 406, total reward: 274826.40625
each agent reward: 274826.40625
Episode 407 return: -670358.875
Episode: 407, total reward: 276243.5625
each agent reward: 276243.5625
Episode 408 return: -808571.75
Episode: 408, total reward: 276809.9375
each agent reward: 276809.9375
Episode 409 return: -713308.3125
Episode: 409, total reward: 275793.5
each agent reward: 275793.5
Episode 410 return: -726489.875
Episode: 410, total reward: 275793.5
each agent reward: 275793.5
Episode 411 return: -688805.75
Episode: 411, total reward: 273231.0
each agent reward: 273231.0
Episode 412 return: -785743.9375
Episode: 412, total reward: 273232.46875
each agent reward: 273232.46875
Episode 413 return: -744144.3125
Episode: 413, total reward: 272292.125
each agent reward: 272292.125
Episode 414 return: -735324.9375
Episode: 414, total reward: 271243.4375
each agent reward: 271243.4375
Episode 415 return: -765082.9375
Episode: 415, total reward: 271243.4375
each agent reward: 271243.4375
Episode 416 return: -773228.375
Episode: 416, total reward: 274854.875
each agent reward: 274854.875
Episode 417 return: -717760.0
Episode: 417, total reward: 271322.25
each agent reward: 271322.25
Episode 418 return: -634423.875
Episode: 418, total reward: 275752.46875
each agent reward: 275752.46875
Episode 419 return: -703426.25
Episode: 419, total reward: 275284.8125
each agent reward: 275284.8125
Episode 420 return: -749061.6875
Episode: 420, total reward: 275284.8125
each agent reward: 275284.8125
Episode 421 return: -691117.625
Episode: 421, total reward: 272179.3125
each agent reward: 272179.3125
Episode 422 return: -675717.625
Episode: 422, total reward: 271933.34375
each agent reward: 271933.34375
Episode 423 return: -658481.75
Episode: 423, total reward: 275529.8125
each agent reward: 275529.8125
Episode 424 return: -625612.0625
Episode: 424, total reward: 274539.34375
each agent reward: 274539.34375
Episode 425 return: -687424.9375
Episode: 425, total reward: 274539.34375
each agent reward: 274539.34375
Episode 426 return: -657139.4375
Episode: 426, total reward: 276317.34375
each agent reward: 276317.34375
Episode 427 return: -690214.8125
Episode: 427, total reward: 277844.8125
each agent reward: 277844.8125
Episode 428 return: -579480.0625
Episode: 428, total reward: 274478.28125
each agent reward: 274478.28125
Episode 429 return: -623785.1875
Episode: 429, total reward: 273376.4375
each agent reward: 273376.4375
Episode 430 return: -724561.8125
Episode: 430, total reward: 273376.4375
each agent reward: 273376.4375
Episode 431 return: -613708.5
Episode: 431, total reward: 271571.96875
each agent reward: 271571.96875
Episode 432 return: -685095.375
Episode: 432, total reward: 266699.375
each agent reward: 266699.375
Episode 433 return: -680623.5
Episode: 433, total reward: 268624.03125
each agent reward: 268624.03125
Episode 434 return: -693326.8125
Episode: 434, total reward: 262007.546875
each agent reward: 262007.546875
Episode 435 return: -686478.5625
Episode: 435, total reward: 262007.546875
each agent reward: 262007.546875
Episode 436 return: -702841.125
Episode: 436, total reward: 261314.15625
each agent reward: 261314.15625
Episode 437 return: -731903.8125
Episode: 437, total reward: 263937.84375
each agent reward: 263937.84375
Episode 438 return: -773215.0625
Episode: 438, total reward: 270320.53125
each agent reward: 270320.53125
Episode 439 return: -682032.75
Episode: 439, total reward: 279039.53125
each agent reward: 279039.53125
Episode 440 return: -815687.9375
Episode: 440, total reward: 279039.53125
each agent reward: 279039.53125
Episode 441 return: -843454.5625
Episode: 441, total reward: 280104.25
each agent reward: 280104.25
Episode 442 return: -764098.625
Episode: 442, total reward: 283173.78125
each agent reward: 283173.78125
Episode 443 return: -784086.875
Episode: 443, total reward: 275112.28125
each agent reward: 275112.28125
Episode 444 return: -729238.625
Episode: 444, total reward: 268591.59375
each agent reward: 268591.59375
Episode 445 return: -793038.625
Episode: 445, total reward: 268591.59375
each agent reward: 268591.59375
Episode 446 return: -732505.875
Episode: 446, total reward: 264379.46875
each agent reward: 264379.46875
Episode 447 return: -667516.0
Episode: 447, total reward: 261078.984375
each agent reward: 261078.984375
Episode 448 return: -680099.0625
Episode: 448, total reward: 263184.25
each agent reward: 263184.25
Episode 449 return: -604246.375
Episode: 449, total reward: 265943.46875
each agent reward: 265943.46875
Episode 450 return: -722492.8125
Episode: 450, total reward: 265943.46875
each agent reward: 265943.46875
Episode 451 return: -722073.9375
Episode: 451, total reward: 268750.03125
each agent reward: 268750.03125
Episode 452 return: -632333.5625
Episode: 452, total reward: 269605.75
each agent reward: 269605.75
Episode 453 return: -633518.0
Episode: 453, total reward: 270482.25
each agent reward: 270482.25
Episode 454 return: -644463.875
Episode: 454, total reward: 270418.0
each agent reward: 270418.0
Episode 455 return: -590245.875
Episode: 455, total reward: 270418.0
each agent reward: 270418.0
Episode 456 return: -658034.75
Episode: 456, total reward: 274481.625
each agent reward: 274481.625
Episode 457 return: -614544.5
Episode: 457, total reward: 272197.40625
each agent reward: 272197.40625
Episode 458 return: -642849.5
Episode: 458, total reward: 270550.40625
each agent reward: 270550.40625
Episode 459 return: -652986.0625
Episode: 459, total reward: 272265.96875
each agent reward: 272265.96875
Episode 460 return: -659363.125
Episode: 460, total reward: 272265.96875
each agent reward: 272265.96875
Episode 461 return: -633629.0
Episode: 461, total reward: 273437.71875
each agent reward: 273437.71875
Episode 462 return: -693372.4375
Episode: 462, total reward: 270171.40625
each agent reward: 270171.40625
Episode 463 return: -644799.125
Episode: 463, total reward: 273024.90625
each agent reward: 273024.90625
Episode 464 return: -700642.375
Episode: 464, total reward: 276006.03125
each agent reward: 276006.03125
Episode 465 return: -765183.25
Episode: 465, total reward: 276006.03125
each agent reward: 276006.03125
Episode 466 return: -663594.75
Episode: 466, total reward: 271937.8125
each agent reward: 271937.8125
Episode 467 return: -682103.0
Episode: 467, total reward: 272881.53125
each agent reward: 272881.53125
Episode 468 return: -674603.375
Episode: 468, total reward: 270204.6875
each agent reward: 270204.6875
Episode 469 return: -693786.875
Episode: 469, total reward: 272729.40625
each agent reward: 272729.40625
Episode 470 return: -705773.875
Episode: 470, total reward: 272729.40625
each agent reward: 272729.40625
Episode 471 return: -689442.25
Episode: 471, total reward: 277113.09375
each agent reward: 277113.09375
Episode 472 return: -697146.625
Episode: 472, total reward: 276479.9375
each agent reward: 276479.9375
Episode 473 return: -704796.75
Episode: 473, total reward: 279505.25
each agent reward: 279505.25
Episode 474 return: -777824.0625
Episode: 474, total reward: 280585.375
each agent reward: 280585.375
Episode 475 return: -736542.125
Episode: 475, total reward: 280585.375
each agent reward: 280585.375
Episode 476 return: -701525.875
Episode: 476, total reward: 285995.0625
each agent reward: 285995.0625
Episode 477 return: -669911.5
Episode: 477, total reward: 285329.40625
each agent reward: 285329.40625
Episode 478 return: -704185.25
Episode: 478, total reward: 280282.0
each agent reward: 280282.0
Episode 479 return: -637590.5625
Episode: 479, total reward: 280056.3125
each agent reward: 280056.3125
Episode 480 return: -631523.5625
Episode: 480, total reward: 280056.3125
each agent reward: 280056.3125
Episode 481 return: -698019.4375
Episode: 481, total reward: 282587.375
each agent reward: 282587.375
Episode 482 return: -661865.5
Episode: 482, total reward: 285800.3125
each agent reward: 285800.3125
Episode 483 return: -678828.75
Episode: 483, total reward: 281686.6875
each agent reward: 281686.6875
Episode 484 return: -685329.8125
Episode: 484, total reward: 274125.46875
each agent reward: 274125.46875
Episode 485 return: -645554.375
Episode: 485, total reward: 274125.46875
each agent reward: 274125.46875
Episode 486 return: -610782.375
Episode: 486, total reward: 270206.125
each agent reward: 270206.125
Episode 487 return: -660571.1875
Episode: 487, total reward: 274095.9375
each agent reward: 274095.9375
Episode 488 return: -617112.75
Episode: 488, total reward: 274090.5625
each agent reward: 274090.5625
Episode 489 return: -650655.3125
Episode: 489, total reward: 274614.375
each agent reward: 274614.375
Episode 490 return: -645766.5
Episode: 490, total reward: 274614.375
each agent reward: 274614.375
Episode 491 return: -618871.3125
Episode: 491, total reward: 273209.0625
each agent reward: 273209.0625
Episode 492 return: -622214.0625
Episode: 492, total reward: 272707.75
each agent reward: 272707.75
Episode 493 return: -660598.5625
Episode: 493, total reward: 270130.25
each agent reward: 270130.25
Episode 494 return: -719081.3125
Episode: 494, total reward: 272548.625
each agent reward: 272548.625
Episode 495 return: -601210.875
Episode: 495, total reward: 272548.625
each agent reward: 272548.625
Episode 496 return: -656435.3125
Episode: 496, total reward: 273316.28125
each agent reward: 273316.28125
Episode 497 return: -643396.375
Episode: 497, total reward: 269511.40625
each agent reward: 269511.40625
Episode 498 return: -686059.9375
Episode: 498, total reward: 270741.75
each agent reward: 270741.75
Episode 499 return: -571563.75
Episode: 499, total reward: 272473.90625
each agent reward: 272473.90625
