Episode: -1, total reward: 10253825.0
each agent reward: 10253825.0
Episode: 1, total reward: 3554761.5
each agent reward: 3554761.5
Episode 0 return: -5541661.0
Episode: 0, total reward: 3554761.5
each agent reward: 3554761.5
Episode 1 return: -5319917.0
Episode: 1, total reward: 3554761.5
each agent reward: 3554761.5
Episode 2 return: -5395831.5
Episode: 2, total reward: 3554761.5
each agent reward: 3554761.5
Episode 3 return: -5000791.5
Episode: 3, total reward: 3554761.5
each agent reward: 3554761.5
Episode 4 return: -5146997.5
Episode: 4, total reward: 3554761.5
each agent reward: 3554761.5
Episode 5 return: -5115458.0
Episode: 5, total reward: 3554761.5
each agent reward: 3554761.5
Episode 6 return: -5132490.0
Episode: 6, total reward: 3554761.5
each agent reward: 3554761.5
Episode 7 return: -5016325.5
Episode: 7, total reward: 3554761.5
each agent reward: 3554761.5
Episode 8 return: -4783731.0
Episode: 8, total reward: 3554761.5
each agent reward: 3554761.5
Episode 9 return: -5371318.5
Episode: 9, total reward: 3554761.5
each agent reward: 3554761.5
Episode 10 return: -4916257.5
Episode: 10, total reward: 3554761.5
each agent reward: 3554761.5
Episode 11 return: -5010082.5
Episode: 11, total reward: 3554761.5
each agent reward: 3554761.5
Episode 12 return: -5572658.0
Episode: 12, total reward: 4179626.5
each agent reward: 4179626.5
Episode 13 return: -5518663.0
Episode: 13, total reward: 4179626.5
each agent reward: 4179626.5
Episode 14 return: -5574268.0
Episode: 14, total reward: 4179626.5
each agent reward: 4179626.5
Episode 15 return: -5200571.0
Episode: 15, total reward: 3508643.5
each agent reward: 3508643.5
Episode 16 return: -5082402.5
Episode: 16, total reward: 3527398.25
each agent reward: 3527398.25
Episode 17 return: -5041634.5
Episode: 17, total reward: 3532424.75
each agent reward: 3532424.75
Episode 18 return: -4745462.0
Episode: 18, total reward: 3532424.75
each agent reward: 3532424.75
Episode 19 return: -5106787.0
Episode: 19, total reward: 3550911.5
each agent reward: 3550911.5
Episode 20 return: -5267854.0
Episode: 20, total reward: 3550911.5
each agent reward: 3550911.5
Episode 21 return: -5097610.5
Episode: 21, total reward: 3550911.5
each agent reward: 3550911.5
Episode 22 return: -5007126.5
Episode: 22, total reward: 3550911.5
each agent reward: 3550911.5
Episode 23 return: -5551844.0
Episode: 23, total reward: 3550911.5
each agent reward: 3550911.5
Episode 24 return: -5019494.5
Episode: 24, total reward: 3550911.5
each agent reward: 3550911.5
Episode 25 return: -5069532.0
Episode: 25, total reward: 3578187.5
each agent reward: 3578187.5
Episode 26 return: -4884582.5
Episode: 26, total reward: 3577873.75
each agent reward: 3577873.75
Episode 27 return: -5203023.0
Episode: 27, total reward: 3796933.75
each agent reward: 3796933.75
Episode 28 return: -5430109.0
Episode: 28, total reward: 4158084.0
each agent reward: 4158084.0
Episode 29 return: -6312582.0
Episode: 29, total reward: 4191864.5
each agent reward: 4191864.5
Episode 30 return: -6810761.0
Episode: 30, total reward: 4163983.5
each agent reward: 4163983.5
Episode 31 return: -6483766.0
Episode: 31, total reward: 4364772.0
each agent reward: 4364772.0
Episode 32 return: -7905975.0
Episode: 32, total reward: 4621072.5
each agent reward: 4621072.5
Episode 33 return: -8071969.5
Episode: 33, total reward: 4545312.0
each agent reward: 4545312.0
Episode 34 return: -9277730.0
Episode: 34, total reward: 4534217.0
each agent reward: 4534217.0
Episode 35 return: -8751361.0
Episode: 35, total reward: 4055395.75
each agent reward: 4055395.75
Episode 36 return: -10052025.0
Episode: 36, total reward: 4065833.25
each agent reward: 4065833.25
Episode 37 return: -9546203.0
Episode: 37, total reward: 3773796.25
each agent reward: 3773796.25
Episode 38 return: -9045012.0
Episode: 38, total reward: 3688654.25
each agent reward: 3688654.25
Episode 39 return: -9331311.0
Episode: 39, total reward: 3482817.25
each agent reward: 3482817.25
Episode 40 return: -9840950.0
Episode: 40, total reward: 3447707.75
each agent reward: 3447707.75
Episode 41 return: -9513591.0
Episode: 41, total reward: 3324342.25
each agent reward: 3324342.25
Episode 42 return: -9035313.0
Episode: 42, total reward: 3254856.0
each agent reward: 3254856.0
Episode 43 return: -9181726.0
Episode: 43, total reward: 3185015.0
each agent reward: 3185015.0
Episode 44 return: -9194595.0
Episode: 44, total reward: 3047931.5
each agent reward: 3047931.5
Episode 45 return: -9262897.0
Episode: 45, total reward: 3339351.75
each agent reward: 3339351.75
Episode 46 return: -8989865.0
Episode: 46, total reward: 3961295.5
each agent reward: 3961295.5
Episode 47 return: -9148172.0
Episode: 47, total reward: 3807664.25
each agent reward: 3807664.25
Episode 48 return: -9331888.0
Episode: 48, total reward: 3806624.75
each agent reward: 3806624.75
Episode 49 return: -9085568.0
Episode: 49, total reward: 3737876.5
each agent reward: 3737876.5
Episode 50 return: -8758615.0
Episode: 50, total reward: 3472947.5
each agent reward: 3472947.5
Episode 51 return: -8716308.0
Episode: 51, total reward: 3540458.0
each agent reward: 3540458.0
Episode 52 return: -8486157.0
Episode: 52, total reward: 3550289.25
each agent reward: 3550289.25
Episode 53 return: -8505364.0
Episode: 53, total reward: 3747145.25
each agent reward: 3747145.25
Episode 54 return: -9786755.0
Episode: 54, total reward: 3264484.75
each agent reward: 3264484.75
Episode 55 return: -8998525.0
Episode: 55, total reward: 2993778.25
each agent reward: 2993778.25
Episode 56 return: -9359206.0
Episode: 56, total reward: 3033343.75
each agent reward: 3033343.75
Episode 57 return: -8289516.5
Episode: 57, total reward: 3017821.75
each agent reward: 3017821.75
Episode 58 return: -8969796.0
Episode: 58, total reward: 2931644.25
each agent reward: 2931644.25
Episode 59 return: -8469037.0
Episode: 59, total reward: 2940000.25
each agent reward: 2940000.25
Episode 60 return: -9056543.0
Episode: 60, total reward: 2852878.25
each agent reward: 2852878.25
Episode 61 return: -8633385.0
Episode: 61, total reward: 2857093.5
each agent reward: 2857093.5
Episode 62 return: -8762725.0
Episode: 62, total reward: 2892159.25
each agent reward: 2892159.25
Episode 63 return: -8297867.0
Episode: 63, total reward: 3024233.75
each agent reward: 3024233.75
Episode 64 return: -8765825.0
Episode: 64, total reward: 3047303.5
each agent reward: 3047303.5
Episode 65 return: -8288084.0
Episode: 65, total reward: 3016409.75
each agent reward: 3016409.75
Episode 66 return: -8430782.0
Episode: 66, total reward: 3185824.0
each agent reward: 3185824.0
Episode 67 return: -8102707.5
Episode: 67, total reward: 3269915.0
each agent reward: 3269915.0
Episode 68 return: -8175703.0
Episode: 68, total reward: 3186772.75
each agent reward: 3186772.75
Episode 69 return: -8557520.0
Episode: 69, total reward: 3041559.5
each agent reward: 3041559.5
Episode 70 return: -8362562.0
Episode: 70, total reward: 2921839.25
each agent reward: 2921839.25
Episode 71 return: -8440390.0
Episode: 71, total reward: 3036036.25
each agent reward: 3036036.25
Episode 72 return: -8412808.0
Episode: 72, total reward: 2852839.75
each agent reward: 2852839.75
Episode 73 return: -8428084.0
Episode: 73, total reward: 2958268.75
each agent reward: 2958268.75
Episode 74 return: -8002320.0
Episode: 74, total reward: 2936973.0
each agent reward: 2936973.0
Episode 75 return: -8272328.5
Episode: 75, total reward: 2905397.5
each agent reward: 2905397.5
Episode 76 return: -7279993.0
Episode: 76, total reward: 2953868.0
each agent reward: 2953868.0
Episode 77 return: -7930968.0
Episode: 77, total reward: 3008325.25
each agent reward: 3008325.25
Episode 78 return: -8323821.0
Episode: 78, total reward: 3322807.25
each agent reward: 3322807.25
Episode 79 return: -7956628.0
Episode: 79, total reward: 3124598.0
each agent reward: 3124598.0
Episode 80 return: -8016422.0
Episode: 80, total reward: 3083158.0
each agent reward: 3083158.0
Episode 81 return: -7536114.5
Episode: 81, total reward: 3036212.0
each agent reward: 3036212.0
Episode 82 return: -7656381.5
Episode: 82, total reward: 3226205.0
each agent reward: 3226205.0
Episode 83 return: -7741841.5
Episode: 83, total reward: 3458150.0
each agent reward: 3458150.0
Episode 84 return: -7331860.0
Episode: 84, total reward: 3488749.75
each agent reward: 3488749.75
Episode 85 return: -7311048.0
Episode: 85, total reward: 3357451.0
each agent reward: 3357451.0
Episode 86 return: -6609137.0
Episode: 86, total reward: 3175435.75
each agent reward: 3175435.75
Episode 87 return: -7156700.0
Episode: 87, total reward: 3144184.5
each agent reward: 3144184.5
Episode 88 return: -6690777.0
Episode: 88, total reward: 3090522.0
each agent reward: 3090522.0
Episode 89 return: -7067754.0
Episode: 89, total reward: 3122695.25
each agent reward: 3122695.25
Episode 90 return: -6986360.5
Episode: 90, total reward: 3151798.5
each agent reward: 3151798.5
Episode 91 return: -6906490.0
Episode: 91, total reward: 3293763.75
each agent reward: 3293763.75
Episode 92 return: -6494723.0
Episode: 92, total reward: 3295584.5
each agent reward: 3295584.5
Episode 93 return: -6452769.5
Episode: 93, total reward: 3364019.75
each agent reward: 3364019.75
Episode 94 return: -7109695.5
Episode: 94, total reward: 3254517.5
each agent reward: 3254517.5
Episode 95 return: -6911711.0
Episode: 95, total reward: 3259986.25
each agent reward: 3259986.25
Episode 96 return: -7084695.5
Episode: 96, total reward: 3419553.25
each agent reward: 3419553.25
Episode 97 return: -6714523.0
Episode: 97, total reward: 3169771.25
each agent reward: 3169771.25
Episode 98 return: -6228681.0
Episode: 98, total reward: 3049813.25
each agent reward: 3049813.25
Episode 99 return: -6549169.0
Episode: 99, total reward: 2917910.5
each agent reward: 2917910.5
Episode 100 return: -6192875.5
Episode: 100, total reward: 2887638.5
each agent reward: 2887638.5
Episode 101 return: -6276979.5
Episode: 101, total reward: 2954015.5
each agent reward: 2954015.5
Episode 102 return: -6259186.5
Episode: 102, total reward: 3085337.5
each agent reward: 3085337.5
Episode 103 return: -6469393.0
Episode: 103, total reward: 3076277.75
each agent reward: 3076277.75
Episode 104 return: -6226249.0
Episode: 104, total reward: 3078617.75
each agent reward: 3078617.75
Episode 105 return: -5530569.0
Episode: 105, total reward: 3084176.25
each agent reward: 3084176.25
Episode 106 return: -5751150.0
Episode: 106, total reward: 3023852.5
each agent reward: 3023852.5
Episode 107 return: -5928155.0
Episode: 107, total reward: 3053382.5
each agent reward: 3053382.5
Episode 108 return: -6295670.0
Episode: 108, total reward: 3047196.75
each agent reward: 3047196.75
Episode 109 return: -6446780.0
Episode: 109, total reward: 3066088.5
each agent reward: 3066088.5
Episode 110 return: -6515672.5
Episode: 110, total reward: 3041943.5
each agent reward: 3041943.5
Episode 111 return: -5669331.5
Episode: 111, total reward: 3014275.25
each agent reward: 3014275.25
Episode 112 return: -5100435.0
Episode: 112, total reward: 2852533.25
each agent reward: 2852533.25
Episode 113 return: -5793361.0
Episode: 113, total reward: 2880807.5
each agent reward: 2880807.5
Episode 114 return: -5381761.0
Episode: 114, total reward: 2853700.0
each agent reward: 2853700.0
Episode 115 return: -5435650.5
Episode: 115, total reward: 2854748.25
each agent reward: 2854748.25
Episode 116 return: -5379269.5
Episode: 116, total reward: 2854835.75
each agent reward: 2854835.75
Episode 117 return: -5553348.0
Episode: 117, total reward: 2856434.5
each agent reward: 2856434.5
Episode 118 return: -5577775.0
Episode: 118, total reward: 2859125.75
each agent reward: 2859125.75
Episode 119 return: -5587430.0
Episode: 119, total reward: 2860242.75
each agent reward: 2860242.75
Episode 120 return: -5867848.0
Episode: 120, total reward: 2860482.0
each agent reward: 2860482.0
Episode 121 return: -5805213.0
Episode: 121, total reward: 2859733.0
each agent reward: 2859733.0
Episode 122 return: -5513020.5
Episode: 122, total reward: 2860414.25
each agent reward: 2860414.25
Episode 123 return: -5389627.5
Episode: 123, total reward: 2856106.0
each agent reward: 2856106.0
Episode 124 return: -5716835.0
Episode: 124, total reward: 2855670.25
each agent reward: 2855670.25
Episode 125 return: -5546105.5
Episode: 125, total reward: 2857087.75
each agent reward: 2857087.75
Episode 126 return: -4980820.5
Episode: 126, total reward: 2855638.25
each agent reward: 2855638.25
Episode 127 return: -5179918.0
Episode: 127, total reward: 2854091.75
each agent reward: 2854091.75
Episode 128 return: -4887786.5
Episode: 128, total reward: 2844808.75
each agent reward: 2844808.75
Episode 129 return: -4587820.0
Episode: 129, total reward: 2842926.5
each agent reward: 2842926.5
Episode 130 return: -5409474.5
Episode: 130, total reward: 2831572.0
each agent reward: 2831572.0
Episode 131 return: -5136495.5
Episode: 131, total reward: 2835363.75
each agent reward: 2835363.75
Episode 132 return: -4898863.5
Episode: 132, total reward: 2836819.5
each agent reward: 2836819.5
Episode 133 return: -5255156.0
Episode: 133, total reward: 2848174.0
each agent reward: 2848174.0
Episode 134 return: -4968407.0
Episode: 134, total reward: 2848755.5
each agent reward: 2848755.5
Episode 135 return: -5175261.0
Episode: 135, total reward: 2848174.0
each agent reward: 2848174.0
Episode 136 return: -4714943.5
Episode: 136, total reward: 2848807.75
each agent reward: 2848807.75
Episode 137 return: -5080467.0
Episode: 137, total reward: 2847556.25
each agent reward: 2847556.25
Episode 138 return: -4663800.0
Episode: 138, total reward: 2859400.75
each agent reward: 2859400.75
Episode 139 return: -5274555.0
Episode: 139, total reward: 2871416.5
each agent reward: 2871416.5
Episode 140 return: -4660246.0
Episode: 140, total reward: 2858067.75
each agent reward: 2858067.75
Episode 141 return: -5079622.0
Episode: 141, total reward: 2848807.75
each agent reward: 2848807.75
Episode 142 return: -4776759.0
Episode: 142, total reward: 2848174.0
each agent reward: 2848174.0
Episode 143 return: -4739784.0
Episode: 143, total reward: 2836819.5
each agent reward: 2836819.5
Episode 144 return: -4724090.0
Episode: 144, total reward: 2843070.0
each agent reward: 2843070.0
Episode 145 return: -4228684.5
Episode: 145, total reward: 2848174.0
each agent reward: 2848174.0
Episode 146 return: -4778910.5
Episode: 146, total reward: 2848174.0
each agent reward: 2848174.0
Episode 147 return: -4595297.0
Episode: 147, total reward: 2848174.0
each agent reward: 2848174.0
Episode 148 return: -4502265.5
Episode: 148, total reward: 2849685.0
each agent reward: 2849685.0
Episode 149 return: -4779693.0
Episode: 149, total reward: 2844887.25
each agent reward: 2844887.25
Episode 150 return: -4618452.5
Episode: 150, total reward: 2837401.0
each agent reward: 2837401.0
Episode 151 return: -4349666.5
Episode: 151, total reward: 2836819.5
each agent reward: 2836819.5
Episode 152 return: -4811960.5
Episode: 152, total reward: 2844315.75
each agent reward: 2844315.75
Episode 153 return: -4622453.0
Episode: 153, total reward: 3161277.0
each agent reward: 3161277.0
Episode 154 return: -4380342.5
Episode: 154, total reward: 3162265.5
each agent reward: 3162265.5
Episode 155 return: -4544657.0
Episode: 155, total reward: 2844315.75
each agent reward: 2844315.75
Episode 156 return: -4305735.5
Episode: 156, total reward: 2851999.0
each agent reward: 2851999.0
Episode 157 return: -4708536.0
Episode: 157, total reward: 2853927.0
each agent reward: 2853927.0
Episode 158 return: -4284324.5
Episode: 158, total reward: 2852795.0
each agent reward: 2852795.0
Episode 159 return: -4748113.5
Episode: 159, total reward: 2848984.75
each agent reward: 2848984.75
Episode 160 return: -4621642.5
Episode: 160, total reward: 2846487.25
each agent reward: 2846487.25
Episode 161 return: -4764710.0
Episode: 161, total reward: 2846409.0
each agent reward: 2846409.0
Episode 162 return: -4946697.5
Episode: 162, total reward: 2848446.5
each agent reward: 2848446.5
Episode 163 return: -4720514.0
Episode: 163, total reward: 2855670.25
each agent reward: 2855670.25
Episode 164 return: -4371131.0
Episode: 164, total reward: 2855972.25
each agent reward: 2855972.25
Episode 165 return: -4539173.0
Episode: 165, total reward: 2860704.0
each agent reward: 2860704.0
Episode 166 return: -4668607.5
Episode: 166, total reward: 2856213.0
each agent reward: 2856213.0
Episode 167 return: -4218098.0
Episode: 167, total reward: 2855670.25
each agent reward: 2855670.25
Episode 168 return: -4777642.0
Episode: 168, total reward: 2848628.0
each agent reward: 2848628.0
Episode 169 return: -4532860.5
Episode: 169, total reward: 2837530.5
each agent reward: 2837530.5
Episode 170 return: -4250849.5
Episode: 170, total reward: 2851503.25
each agent reward: 2851503.25
Episode 171 return: -4290557.0
Episode: 171, total reward: 2855670.25
each agent reward: 2855670.25
Episode 172 return: -4632604.5
Episode: 172, total reward: 2856213.0
each agent reward: 2856213.0
Episode 173 return: -4585814.0
Episode: 173, total reward: 2851160.25
each agent reward: 2851160.25
Episode 174 return: -4583742.0
Episode: 174, total reward: 2842390.0
each agent reward: 2842390.0
Episode 175 return: -4865378.0
Episode: 175, total reward: 2839058.75
each agent reward: 2839058.75
Episode 176 return: -4460320.5
Episode: 176, total reward: 2842631.75
each agent reward: 2842631.75
Episode 177 return: -4469851.5
Episode: 177, total reward: 2852849.5
each agent reward: 2852849.5
Episode 178 return: -4407066.0
Episode: 178, total reward: 2846214.75
each agent reward: 2846214.75
Episode 179 return: -4396523.0
Episode: 179, total reward: 2837064.75
each agent reward: 2837064.75
Episode 180 return: -3930510.5
Episode: 180, total reward: 2848934.5
each agent reward: 2848934.5
Episode 181 return: -4754722.0
Episode: 181, total reward: 2846214.75
each agent reward: 2846214.75
Episode 182 return: -4404334.5
Episode: 182, total reward: 2844315.75
each agent reward: 2844315.75
Episode 183 return: -3989611.75
Episode: 183, total reward: 2844315.75
each agent reward: 2844315.75
Episode 184 return: -4526688.5
Episode: 184, total reward: 2844315.75
each agent reward: 2844315.75
Episode 185 return: -4381576.0
Episode: 185, total reward: 2844315.75
each agent reward: 2844315.75
Episode 186 return: -4550689.0
Episode: 186, total reward: 2844315.75
each agent reward: 2844315.75
Episode 187 return: -4541021.0
Episode: 187, total reward: 2836657.75
each agent reward: 2836657.75
Episode 188 return: -4364960.5
Episode: 188, total reward: 2834044.25
each agent reward: 2834044.25
Episode 189 return: -4450353.0
Episode: 189, total reward: 2831331.0
each agent reward: 2831331.0
Episode 190 return: -4683716.5
Episode: 190, total reward: 2821150.5
each agent reward: 2821150.5
Episode 191 return: -4456973.5
Episode: 191, total reward: 2813943.25
each agent reward: 2813943.25
Episode 192 return: -4390028.5
Episode: 192, total reward: 2818403.75
each agent reward: 2818403.75
Episode 193 return: -4186530.5
Episode: 193, total reward: 2828593.25
each agent reward: 2828593.25
Episode 194 return: -5017934.0
Episode: 194, total reward: 2831572.0
each agent reward: 2831572.0
Episode 195 return: -4287589.0
Episode: 195, total reward: 2860506.75
each agent reward: 2860506.75
Episode 196 return: -4448608.0
Episode: 196, total reward: 2955601.75
each agent reward: 2955601.75
Episode 197 return: -4699006.0
Episode: 197, total reward: 2845916.5
each agent reward: 2845916.5
Episode 198 return: -4576821.0
Episode: 198, total reward: 2855670.25
each agent reward: 2855670.25
Episode 199 return: -4270372.5
Episode: 199, total reward: 2844315.75
each agent reward: 2844315.75
Episode 200 return: -4799597.0
Episode: 200, total reward: 2844315.75
each agent reward: 2844315.75
Episode 201 return: -4546247.5
Episode: 201, total reward: 2852004.5
each agent reward: 2852004.5
Episode 202 return: -4552899.0
Episode: 202, total reward: 2849743.5
each agent reward: 2849743.5
Episode 203 return: -4160033.5
Episode: 203, total reward: 2845702.75
each agent reward: 2845702.75
Episode 204 return: -4514450.5
Episode: 204, total reward: 2850617.5
each agent reward: 2850617.5
Episode 205 return: -3948480.5
Episode: 205, total reward: 2849054.0
each agent reward: 2849054.0
Episode 206 return: -4676901.0
Episode: 206, total reward: 2852849.5
each agent reward: 2852849.5
Episode 207 return: -4393274.5
Episode: 207, total reward: 2852849.5
each agent reward: 2852849.5
Episode 208 return: -4587181.5
Episode: 208, total reward: 2844315.75
each agent reward: 2844315.75
Episode 209 return: -4178684.25
Episode: 209, total reward: 2842783.0
each agent reward: 2842783.0
Episode 210 return: -3948470.5
Episode: 210, total reward: 2844315.75
each agent reward: 2844315.75
Episode 211 return: -4173464.75
Episode: 211, total reward: 2844315.75
each agent reward: 2844315.75
Episode 212 return: -4427087.5
Episode: 212, total reward: 2844315.75
each agent reward: 2844315.75
Episode 213 return: -4277547.5
Episode: 213, total reward: 2843656.0
each agent reward: 2843656.0
Episode 214 return: -4302161.5
Episode: 214, total reward: 2841184.5
each agent reward: 2841184.5
Episode 215 return: -4210307.5
Episode: 215, total reward: 2842783.0
each agent reward: 2842783.0
Episode 216 return: -4402105.5
Episode: 216, total reward: 2852160.0
each agent reward: 2852160.0
Episode 217 return: -4550754.0
Episode: 217, total reward: 2855670.25
each agent reward: 2855670.25
Episode 218 return: -4308734.5
Episode: 218, total reward: 2854543.25
each agent reward: 2854543.25
Episode 219 return: -4231553.5
Episode: 219, total reward: 2852865.0
each agent reward: 2852865.0
Episode 220 return: -4447684.5
Episode: 220, total reward: 2854543.25
each agent reward: 2854543.25
Episode 221 return: -4063346.5
Episode: 221, total reward: 2852160.0
each agent reward: 2852160.0
Episode 222 return: -4039041.5
Episode: 222, total reward: 2844315.75
each agent reward: 2844315.75
Episode 223 return: -4605986.5
Episode: 223, total reward: 2851286.0
each agent reward: 2851286.0
Episode 224 return: -4157078.75
Episode: 224, total reward: 2855670.25
each agent reward: 2855670.25
Episode 225 return: -4330719.0
Episode: 225, total reward: 2855670.25
each agent reward: 2855670.25
Episode 226 return: -4586463.0
Episode: 226, total reward: 2857768.0
each agent reward: 2857768.0
Episode 227 return: -4365791.0
Episode: 227, total reward: 2861081.75
each agent reward: 2861081.75
Episode 228 return: -4708712.5
Episode: 228, total reward: 2862841.75
each agent reward: 2862841.75
Episode 229 return: -4405501.5
Episode: 229, total reward: 2856039.75
each agent reward: 2856039.75
Episode 230 return: -4435423.5
Episode: 230, total reward: 2855670.25
each agent reward: 2855670.25
Episode 231 return: -4562566.5
Episode: 231, total reward: 2855670.25
each agent reward: 2855670.25
Episode 232 return: -4598018.5
Episode: 232, total reward: 2853897.25
each agent reward: 2853897.25
Episode 233 return: -4004700.0
Episode: 233, total reward: 2851569.5
each agent reward: 2851569.5
Episode 234 return: -4557774.5
Episode: 234, total reward: 2848379.0
each agent reward: 2848379.0
Episode 235 return: -4351350.0
Episode: 235, total reward: 2847295.5
each agent reward: 2847295.5
Episode 236 return: -4272348.5
Episode: 236, total reward: 2840110.5
each agent reward: 2840110.5
Episode 237 return: -4319063.0
Episode: 237, total reward: 2844372.5
each agent reward: 2844372.5
Episode 238 return: -4213761.0
Episode: 238, total reward: 2838115.0
each agent reward: 2838115.0
Episode 239 return: -4171255.0
Episode: 239, total reward: 2831563.75
each agent reward: 2831563.75
Episode 240 return: -4454163.0
Episode: 240, total reward: 2837090.5
each agent reward: 2837090.5
Episode 241 return: -4496488.0
Episode: 241, total reward: 2844712.0
each agent reward: 2844712.0
Episode 242 return: -4480890.0
Episode: 242, total reward: 2853635.75
each agent reward: 2853635.75
Episode 243 return: -4426525.0
Episode: 243, total reward: 2852914.5
each agent reward: 2852914.5
Episode 244 return: -4291304.0
Episode: 244, total reward: 2845215.5
each agent reward: 2845215.5
Episode 245 return: -4377802.5
Episode: 245, total reward: 2844165.75
each agent reward: 2844165.75
Episode 246 return: -4560897.0
Episode: 246, total reward: 2844165.75
each agent reward: 2844165.75
Episode 247 return: -4136478.0
Episode: 247, total reward: 2843554.5
each agent reward: 2843554.5
Episode 248 return: -3971230.0
Episode: 248, total reward: 2843554.5
each agent reward: 2843554.5
Episode 249 return: -4518810.5
Episode: 249, total reward: 2844165.75
each agent reward: 2844165.75
Episode 250 return: -4300398.5
Episode: 250, total reward: 2847029.75
each agent reward: 2847029.75
Episode 251 return: -4480349.5
Episode: 251, total reward: 2849337.5
each agent reward: 2849337.5
Episode 252 return: -4365148.0
Episode: 252, total reward: 2851984.5
each agent reward: 2851984.5
Episode 253 return: -4153033.75
Episode: 253, total reward: 2854508.5
each agent reward: 2854508.5
Episode 254 return: -4054501.5
Episode: 254, total reward: 2853897.25
each agent reward: 2853897.25
Episode 255 return: -4140464.25
Episode: 255, total reward: 2855670.25
each agent reward: 2855670.25
Episode 256 return: -4212165.5
Episode: 256, total reward: 2854359.25
each agent reward: 2854359.25
Episode 257 return: -4680658.5
Episode: 257, total reward: 2854481.25
each agent reward: 2854481.25
Episode 258 return: -4373346.5
Episode: 258, total reward: 2861205.25
each agent reward: 2861205.25
Episode 259 return: -4640792.0
Episode: 259, total reward: 2861542.25
each agent reward: 2861542.25
Episode 260 return: -4479366.0
Episode: 260, total reward: 2856499.0
each agent reward: 2856499.0
Episode 261 return: -4325711.5
Episode: 261, total reward: 2854980.75
each agent reward: 2854980.75
Episode 262 return: -4485682.0
Episode: 262, total reward: 2853897.25
each agent reward: 2853897.25
Episode 263 return: -4363757.5
Episode: 263, total reward: 2854980.75
each agent reward: 2854980.75
Episode 264 return: -4149484.0
Episode: 264, total reward: 2853897.25
each agent reward: 2853897.25
Episode 265 return: -4195648.0
Episode: 265, total reward: 2854508.5
each agent reward: 2854508.5
Episode 266 return: -4166032.75
Episode: 266, total reward: 2854508.5
each agent reward: 2854508.5
Episode 267 return: -4138639.75
Episode: 267, total reward: 2854508.5
each agent reward: 2854508.5
Episode 268 return: -3964982.25
Episode: 268, total reward: 2854980.75
each agent reward: 2854980.75
Episode 269 return: -4648885.5
Episode: 269, total reward: 2854980.75
each agent reward: 2854980.75
Episode 270 return: -4313032.0
Episode: 270, total reward: 2854980.75
each agent reward: 2854980.75
Episode 271 return: -4338019.0
Episode: 271, total reward: 2854980.75
each agent reward: 2854980.75
Episode 272 return: -4057949.5
Episode: 272, total reward: 2853635.75
each agent reward: 2853635.75
Episode 273 return: -4175505.0
Episode: 273, total reward: 2853635.75
each agent reward: 2853635.75
Episode 274 return: -4166769.75
Episode: 274, total reward: 2852340.75
each agent reward: 2852340.75
Episode 275 return: -4186667.5
Episode: 275, total reward: 2852340.75
each agent reward: 2852340.75
Episode 276 return: -4125731.25
Episode: 276, total reward: 2852340.75
each agent reward: 2852340.75
Episode 277 return: -4198307.5
Episode: 277, total reward: 2853635.75
each agent reward: 2853635.75
Episode 278 return: -4169719.5
Episode: 278, total reward: 2853635.75
each agent reward: 2853635.75
Episode 279 return: -4177399.75
Episode: 279, total reward: 2853635.75
each agent reward: 2853635.75
Episode 280 return: -4811293.5
Episode: 280, total reward: 2852340.75
each agent reward: 2852340.75
Episode 281 return: -4022375.0
Episode: 281, total reward: 2852340.75
each agent reward: 2852340.75
Episode 282 return: -4057484.0
Episode: 282, total reward: 2851201.75
each agent reward: 2851201.75
Episode 283 return: -4153720.75
Episode: 283, total reward: 2851841.25
each agent reward: 2851841.25
Episode 284 return: -4427061.0
Episode: 284, total reward: 2855591.75
each agent reward: 2855591.75
Episode 285 return: -3976890.75
Episode: 285, total reward: 2855591.75
each agent reward: 2855591.75
Episode 286 return: -4405204.0
Episode: 286, total reward: 2854980.75
each agent reward: 2854980.75
Episode 287 return: -4235412.0
Episode: 287, total reward: 2854980.75
each agent reward: 2854980.75
Episode 288 return: -4008066.75
Episode: 288, total reward: 2854980.75
each agent reward: 2854980.75
Episode 289 return: -4135237.75
Episode: 289, total reward: 2854980.75
each agent reward: 2854980.75
Episode 290 return: -4355587.5
Episode: 290, total reward: 2854980.75
each agent reward: 2854980.75
Episode 291 return: -4077935.25
Episode: 291, total reward: 2855670.25
each agent reward: 2855670.25
Episode 292 return: -4398841.5
Episode: 292, total reward: 2855670.25
each agent reward: 2855670.25
Episode 293 return: -4563247.5
Episode: 293, total reward: 2854980.75
each agent reward: 2854980.75
Episode 294 return: -4265768.5
Episode: 294, total reward: 2854980.75
each agent reward: 2854980.75
Episode 295 return: -4422985.5
Episode: 295, total reward: 2854980.75
each agent reward: 2854980.75
Episode 296 return: -4095672.75
Episode: 296, total reward: 2854980.75
each agent reward: 2854980.75
Episode 297 return: -4683629.0
Episode: 297, total reward: 2854980.75
each agent reward: 2854980.75
Episode 298 return: -4203180.5
Episode: 298, total reward: 2854980.75
each agent reward: 2854980.75
Episode 299 return: -4277964.0
Episode: 299, total reward: 2854980.75
each agent reward: 2854980.75
Episode 300 return: -4238846.5
Episode: 300, total reward: 2853897.25
each agent reward: 2853897.25
Episode 301 return: -3945141.5
Episode: 301, total reward: 2853897.25
each agent reward: 2853897.25
Episode 302 return: -4568481.5
Episode: 302, total reward: 2853897.25
each agent reward: 2853897.25
Episode 303 return: -4434001.0
Episode: 303, total reward: 2853897.25
each agent reward: 2853897.25
Episode 304 return: -4326299.0
Episode: 304, total reward: 2853897.25
each agent reward: 2853897.25
Episode 305 return: -4363576.5
Episode: 305, total reward: 2854980.75
each agent reward: 2854980.75
Episode 306 return: -4042333.0
Episode: 306, total reward: 2853897.25
each agent reward: 2853897.25
Episode 307 return: -4397515.0
Episode: 307, total reward: 2853897.25
each agent reward: 2853897.25
Episode 308 return: -4329495.0
Episode: 308, total reward: 2854980.75
each agent reward: 2854980.75
Episode 309 return: -4174578.0
Episode: 309, total reward: 2853897.25
each agent reward: 2853897.25
Episode 310 return: -4107613.5
Episode: 310, total reward: 2853635.75
each agent reward: 2853635.75
Episode 311 return: -4139329.0
Episode: 311, total reward: 2853635.75
each agent reward: 2853635.75
Episode 312 return: -4371645.0
Episode: 312, total reward: 2853635.75
each agent reward: 2853635.75
Episode 313 return: -4348182.0
Episode: 313, total reward: 2855591.75
each agent reward: 2855591.75
Episode 314 return: -4248731.0
Episode: 314, total reward: 2854980.75
each agent reward: 2854980.75
Episode 315 return: -4367090.0
Episode: 315, total reward: 2854980.75
each agent reward: 2854980.75
Episode 316 return: -4764450.5
Episode: 316, total reward: 2854980.75
each agent reward: 2854980.75
Episode 317 return: -4275609.0
Episode: 317, total reward: 2854980.75
each agent reward: 2854980.75
Episode 318 return: -4283691.0
Episode: 318, total reward: 2854980.75
each agent reward: 2854980.75
Episode 319 return: -4357744.5
Episode: 319, total reward: 2854980.75
each agent reward: 2854980.75
Episode 320 return: -4159755.0
Episode: 320, total reward: 2854980.75
each agent reward: 2854980.75
Episode 321 return: -3898977.25
Episode: 321, total reward: 2854980.75
each agent reward: 2854980.75
Episode 322 return: -4335330.0
Episode: 322, total reward: 2854980.75
each agent reward: 2854980.75
Episode 323 return: -4581891.5
Episode: 323, total reward: 2854980.75
each agent reward: 2854980.75
Episode 324 return: -4224875.0
Episode: 324, total reward: 2854980.75
each agent reward: 2854980.75
Episode 325 return: -4291664.0
Episode: 325, total reward: 2854980.75
each agent reward: 2854980.75
Episode 326 return: -4430643.5
Episode: 326, total reward: 2854980.75
each agent reward: 2854980.75
Episode 327 return: -4263675.5
Episode: 327, total reward: 2854980.75
each agent reward: 2854980.75
Episode 328 return: -3951386.0
Episode: 328, total reward: 2854219.5
each agent reward: 2854219.5
Episode 329 return: -4625608.5
Episode: 329, total reward: 2854830.75
each agent reward: 2854830.75
Episode 330 return: -4464615.0
Episode: 330, total reward: 2854830.75
each agent reward: 2854830.75
Episode 331 return: -4089587.75
Episode: 331, total reward: 2853897.25
each agent reward: 2853897.25
Episode 332 return: -4318023.0
Episode: 332, total reward: 2853635.75
each agent reward: 2853635.75
Episode 333 return: -4248322.0
Episode: 333, total reward: 2853635.75
each agent reward: 2853635.75
Episode 334 return: -4395193.5
Episode: 334, total reward: 2854980.75
each agent reward: 2854980.75
Episode 335 return: -4346221.0
Episode: 335, total reward: 2854830.75
each agent reward: 2854830.75
Episode 336 return: -4256267.0
Episode: 336, total reward: 2854830.75
each agent reward: 2854830.75
Episode 337 return: -4211193.5
Episode: 337, total reward: 2853635.75
each agent reward: 2853635.75
Episode 338 return: -4277879.0
Episode: 338, total reward: 2854980.75
each agent reward: 2854980.75
Episode 339 return: -4108788.5
Episode: 339, total reward: 2854980.75
each agent reward: 2854980.75
Episode 340 return: -4337658.5
Episode: 340, total reward: 2855523.5
each agent reward: 2855523.5
Episode 341 return: -4412469.5
Episode: 341, total reward: 2855591.75
each agent reward: 2855591.75
Episode 342 return: -4343758.5
Episode: 342, total reward: 2855591.75
each agent reward: 2855591.75
Episode 343 return: -3995817.0
Episode: 343, total reward: 2855591.75
each agent reward: 2855591.75
Episode 344 return: -4601859.0
Episode: 344, total reward: 2854830.75
each agent reward: 2854830.75
Episode 345 return: -4343098.0
Episode: 345, total reward: 2854830.75
each agent reward: 2854830.75
Episode 346 return: -4155711.75
Episode: 346, total reward: 2853635.75
each agent reward: 2853635.75
Episode 347 return: -3995841.25
Episode: 347, total reward: 2853635.75
each agent reward: 2853635.75
Episode 348 return: -4082313.25
Episode: 348, total reward: 2853635.75
each agent reward: 2853635.75
Episode 349 return: -4118815.5
Episode: 349, total reward: 2853635.75
each agent reward: 2853635.75
Episode 350 return: -4470656.0
Episode: 350, total reward: 2853635.75
each agent reward: 2853635.75
Episode 351 return: -4173052.25
Episode: 351, total reward: 2853635.75
each agent reward: 2853635.75
Episode 352 return: -4306347.0
Episode: 352, total reward: 2853635.75
each agent reward: 2853635.75
Episode 353 return: -4316833.0
Episode: 353, total reward: 2853635.75
each agent reward: 2853635.75
Episode 354 return: -4323566.5
Episode: 354, total reward: 2853635.75
each agent reward: 2853635.75
Episode 355 return: -4272529.5
Episode: 355, total reward: 2853635.75
each agent reward: 2853635.75
Episode 356 return: -4186728.5
Episode: 356, total reward: 2853635.75
each agent reward: 2853635.75
Episode 357 return: -4432985.5
Episode: 357, total reward: 2853635.75
each agent reward: 2853635.75
Episode 358 return: -4463321.5
Episode: 358, total reward: 2853635.75
each agent reward: 2853635.75
Episode 359 return: -4714086.0
Episode: 359, total reward: 2853635.75
each agent reward: 2853635.75
Episode 360 return: -4325683.5
Episode: 360, total reward: 2853635.75
each agent reward: 2853635.75
Episode 361 return: -4225080.0
Episode: 361, total reward: 2853635.75
each agent reward: 2853635.75
Episode 362 return: -4366397.0
Episode: 362, total reward: 2853635.75
each agent reward: 2853635.75
Episode 363 return: -4363437.0
Episode: 363, total reward: 2853635.75
each agent reward: 2853635.75
Episode 364 return: -4306829.0
Episode: 364, total reward: 2853635.75
each agent reward: 2853635.75
Episode 365 return: -4164115.25
Episode: 365, total reward: 2853635.75
each agent reward: 2853635.75
Episode 366 return: -4228226.5
Episode: 366, total reward: 2853635.75
each agent reward: 2853635.75
Episode 367 return: -4579632.0
Episode: 367, total reward: 2853635.75
each agent reward: 2853635.75
Episode 368 return: -4246142.5
Episode: 368, total reward: 2853635.75
each agent reward: 2853635.75
Episode 369 return: -4160767.0
Episode: 369, total reward: 2853635.75
each agent reward: 2853635.75
Episode 370 return: -4259694.0
Episode: 370, total reward: 2853635.75
each agent reward: 2853635.75
Episode 371 return: -4663645.5
Episode: 371, total reward: 2853635.75
each agent reward: 2853635.75
Episode 372 return: -4257715.5
Episode: 372, total reward: 2853635.75
each agent reward: 2853635.75
Episode 373 return: -4588316.5
Episode: 373, total reward: 2853635.75
each agent reward: 2853635.75
Episode 374 return: -4051714.75
Episode: 374, total reward: 2853635.75
each agent reward: 2853635.75
Episode 375 return: -4348302.0
Episode: 375, total reward: 2853635.75
each agent reward: 2853635.75
Episode 376 return: -4566189.5
Episode: 376, total reward: 2853635.75
each agent reward: 2853635.75
Episode 377 return: -3891316.75
Episode: 377, total reward: 2853635.75
each agent reward: 2853635.75
Episode 378 return: -4657128.5
Episode: 378, total reward: 2853635.75
each agent reward: 2853635.75
Episode 379 return: -4637703.0
Episode: 379, total reward: 2853635.75
each agent reward: 2853635.75
Episode 380 return: -3736087.25
Episode: 380, total reward: 2853635.75
each agent reward: 2853635.75
Episode 381 return: -4094484.5
Episode: 381, total reward: 2853635.75
each agent reward: 2853635.75
Episode 382 return: -4302652.0
Episode: 382, total reward: 2853635.75
each agent reward: 2853635.75
Episode 383 return: -4349278.5
Episode: 383, total reward: 2853635.75
each agent reward: 2853635.75
Episode 384 return: -4247618.0
Episode: 384, total reward: 2853635.75
each agent reward: 2853635.75
Episode 385 return: -4115265.25
Episode: 385, total reward: 2853635.75
each agent reward: 2853635.75
Episode 386 return: -4242193.5
Episode: 386, total reward: 2853635.75
each agent reward: 2853635.75
Episode 387 return: -4154142.25
Episode: 387, total reward: 2853635.75
each agent reward: 2853635.75
Episode 388 return: -4143894.25
Episode: 388, total reward: 2853635.75
each agent reward: 2853635.75
Episode 389 return: -4126546.75
Episode: 389, total reward: 2853635.75
each agent reward: 2853635.75
Episode 390 return: -4158021.25
Episode: 390, total reward: 2853635.75
each agent reward: 2853635.75
Episode 391 return: -4463144.0
Episode: 391, total reward: 2853635.75
each agent reward: 2853635.75
Episode 392 return: -4200551.0
Episode: 392, total reward: 2854419.5
each agent reward: 2854419.5
Episode 393 return: -4154298.0
Episode: 393, total reward: 2853635.75
each agent reward: 2853635.75
Episode 394 return: -4169403.5
Episode: 394, total reward: 2853635.75
each agent reward: 2853635.75
Episode 395 return: -4068347.25
Episode: 395, total reward: 2854419.5
each agent reward: 2854419.5
Episode 396 return: -4037977.0
Episode: 396, total reward: 2854591.75
each agent reward: 2854591.75
Episode 397 return: -4439635.0
Episode: 397, total reward: 2854591.75
each agent reward: 2854591.75
Episode 398 return: -4268567.0
Episode: 398, total reward: 2854419.5
each agent reward: 2854419.5
Episode 399 return: -3929925.25
Episode: 399, total reward: 2853635.75
each agent reward: 2853635.75
Episode 400 return: -4011221.5
Episode: 400, total reward: 2853635.75
each agent reward: 2853635.75
Episode 401 return: -4636760.0
Episode: 401, total reward: 2853635.75
each agent reward: 2853635.75
Episode 402 return: -4462625.0
Episode: 402, total reward: 2854419.5
each agent reward: 2854419.5
Episode 403 return: -4093528.75
Episode: 403, total reward: 2854419.5
each agent reward: 2854419.5
Episode 404 return: -4147884.0
Episode: 404, total reward: 2853635.75
each agent reward: 2853635.75
Episode 405 return: -4760903.0
Episode: 405, total reward: 2853635.75
each agent reward: 2853635.75
Episode 406 return: -4275151.5
Episode: 406, total reward: 2854419.5
each agent reward: 2854419.5
Episode 407 return: -4274768.0
Episode: 407, total reward: 2854419.5
each agent reward: 2854419.5
Episode 408 return: -4618531.0
Episode: 408, total reward: 2854419.5
each agent reward: 2854419.5
Episode 409 return: -4263633.5
Episode: 409, total reward: 2853635.75
each agent reward: 2853635.75
Episode 410 return: -4277668.5
Episode: 410, total reward: 2853635.75
each agent reward: 2853635.75
Episode 411 return: -4269426.0
Episode: 411, total reward: 2853635.75
each agent reward: 2853635.75
Episode 412 return: -4177885.25
Episode: 412, total reward: 2853635.75
each agent reward: 2853635.75
Episode 413 return: -4237866.0
Episode: 413, total reward: 2853635.75
each agent reward: 2853635.75
Episode 414 return: -4205437.5
Episode: 414, total reward: 2853635.75
each agent reward: 2853635.75
Episode 415 return: -4568090.0
Episode: 415, total reward: 2853635.75
each agent reward: 2853635.75
Episode 416 return: -4119041.25
Episode: 416, total reward: 2853635.75
each agent reward: 2853635.75
Episode 417 return: -4426748.5
Episode: 417, total reward: 2853635.75
each agent reward: 2853635.75
Episode 418 return: -4371152.0
Episode: 418, total reward: 2853635.75
each agent reward: 2853635.75
Episode 419 return: -4199623.5
Episode: 419, total reward: 2853635.75
each agent reward: 2853635.75
Episode 420 return: -4063432.5
Episode: 420, total reward: 2853635.75
each agent reward: 2853635.75
Episode 421 return: -4514380.0
Episode: 421, total reward: 2853635.75
each agent reward: 2853635.75
Episode 422 return: -4300218.5
Episode: 422, total reward: 2853635.75
each agent reward: 2853635.75
Episode 423 return: -4217739.0
Episode: 423, total reward: 2853635.75
each agent reward: 2853635.75
Episode 424 return: -4566138.5
Episode: 424, total reward: 2853635.75
each agent reward: 2853635.75
Episode 425 return: -4156099.25
Episode: 425, total reward: 2853635.75
each agent reward: 2853635.75
Episode 426 return: -4201162.5
Episode: 426, total reward: 2853635.75
each agent reward: 2853635.75
Episode 427 return: -4231423.5
Episode: 427, total reward: 2853635.75
each agent reward: 2853635.75
Episode 428 return: -4256281.0
Episode: 428, total reward: 2853635.75
each agent reward: 2853635.75
Episode 429 return: -4272227.0
Episode: 429, total reward: 2853635.75
each agent reward: 2853635.75
Episode 430 return: -4276173.0
Episode: 430, total reward: 2853635.75
each agent reward: 2853635.75
Episode 431 return: -4195452.5
Episode: 431, total reward: 2853635.75
each agent reward: 2853635.75
Episode 432 return: -4198409.5
Episode: 432, total reward: 2853635.75
each agent reward: 2853635.75
Episode 433 return: -4236025.5
Episode: 433, total reward: 2853635.75
each agent reward: 2853635.75
Episode 434 return: -4523976.5
Episode: 434, total reward: 2853635.75
each agent reward: 2853635.75
Episode 435 return: -4248774.5
Episode: 435, total reward: 2853635.75
each agent reward: 2853635.75
Episode 436 return: -3826411.0
Episode: 436, total reward: 2853635.75
each agent reward: 2853635.75
Episode 437 return: -4439429.0
Episode: 437, total reward: 2853635.75
each agent reward: 2853635.75
Episode 438 return: -4532339.5
Episode: 438, total reward: 2853635.75
each agent reward: 2853635.75
Episode 439 return: -4198428.5
Episode: 439, total reward: 2853635.75
each agent reward: 2853635.75
Episode 440 return: -3993739.5
Episode: 440, total reward: 2853635.75
each agent reward: 2853635.75
Episode 441 return: -4112694.5
Episode: 441, total reward: 2853635.75
each agent reward: 2853635.75
Episode 442 return: -3996976.75
Episode: 442, total reward: 2853635.75
each agent reward: 2853635.75
Episode 443 return: -4201924.5
Episode: 443, total reward: 2853635.75
each agent reward: 2853635.75
Episode 444 return: -4253759.5
Episode: 444, total reward: 2853635.75
each agent reward: 2853635.75
Episode 445 return: -4215715.5
Episode: 445, total reward: 2853635.75
each agent reward: 2853635.75
Episode 446 return: -4184863.0
Episode: 446, total reward: 2853635.75
each agent reward: 2853635.75
Episode 447 return: -4013908.0
Episode: 447, total reward: 2853635.75
each agent reward: 2853635.75
Episode 448 return: -4424528.5
Episode: 448, total reward: 2853635.75
each agent reward: 2853635.75
Episode 449 return: -4143638.5
Episode: 449, total reward: 2853635.75
each agent reward: 2853635.75
Episode 450 return: -4032061.25
Episode: 450, total reward: 2853635.75
each agent reward: 2853635.75
Episode 451 return: -4095889.5
Episode: 451, total reward: 2853635.75
each agent reward: 2853635.75
Episode 452 return: -4232898.0
Episode: 452, total reward: 2854419.5
each agent reward: 2854419.5
Episode 453 return: -4304472.5
Episode: 453, total reward: 2854419.5
each agent reward: 2854419.5
Episode 454 return: -4447100.0
Episode: 454, total reward: 2854419.5
each agent reward: 2854419.5
Episode 455 return: -4137160.25
Episode: 455, total reward: 2854419.5
each agent reward: 2854419.5
Episode 456 return: -4572830.0
Episode: 456, total reward: 2854419.5
each agent reward: 2854419.5
Episode 457 return: -3963927.0
Episode: 457, total reward: 2854419.5
each agent reward: 2854419.5
Episode 458 return: -4156128.0
Episode: 458, total reward: 2854419.5
each agent reward: 2854419.5
Episode 459 return: -4325241.0
Episode: 459, total reward: 2853635.75
each agent reward: 2853635.75
Episode 460 return: -4287731.5
Episode: 460, total reward: 2854419.5
each agent reward: 2854419.5
Episode 461 return: -4150997.75
Episode: 461, total reward: 2853635.75
each agent reward: 2853635.75
Episode 462 return: -3917375.25
Episode: 462, total reward: 2853635.75
each agent reward: 2853635.75
Episode 463 return: -4602214.5
Episode: 463, total reward: 2853635.75
each agent reward: 2853635.75
Episode 464 return: -4337090.0
Episode: 464, total reward: 2854419.5
each agent reward: 2854419.5
Episode 465 return: -4464204.5
Episode: 465, total reward: 2854419.5
each agent reward: 2854419.5
Episode 466 return: -4122817.0
Episode: 466, total reward: 2854419.5
each agent reward: 2854419.5
Episode 467 return: -4076053.25
Episode: 467, total reward: 2854419.5
each agent reward: 2854419.5
Episode 468 return: -4297671.5
Episode: 468, total reward: 2854419.5
each agent reward: 2854419.5
Episode 469 return: -4420248.0
Episode: 469, total reward: 2854419.5
each agent reward: 2854419.5
Episode 470 return: -4033374.25
Episode: 470, total reward: 2854419.5
each agent reward: 2854419.5
Episode 471 return: -4394599.5
Episode: 471, total reward: 2854419.5
each agent reward: 2854419.5
Episode 472 return: -4463535.0
Episode: 472, total reward: 2854419.5
each agent reward: 2854419.5
Episode 473 return: -4287345.5
Episode: 473, total reward: 2854419.5
each agent reward: 2854419.5
Episode 474 return: -4237305.0
Episode: 474, total reward: 2854419.5
each agent reward: 2854419.5
Episode 475 return: -4078903.5
Episode: 475, total reward: 2854419.5
each agent reward: 2854419.5
Episode 476 return: -3877753.75
Episode: 476, total reward: 2853635.75
each agent reward: 2853635.75
Episode 477 return: -4318436.0
Episode: 477, total reward: 2853635.75
each agent reward: 2853635.75
Episode 478 return: -4494518.5
Episode: 478, total reward: 2853635.75
each agent reward: 2853635.75
Episode 479 return: -4350726.0
Episode: 479, total reward: 2853635.75
each agent reward: 2853635.75
Episode 480 return: -4282862.0
Episode: 480, total reward: 2853635.75
each agent reward: 2853635.75
Episode 481 return: -4217756.0
Episode: 481, total reward: 2853635.75
each agent reward: 2853635.75
Episode 482 return: -4374792.0
Episode: 482, total reward: 2853635.75
each agent reward: 2853635.75
Episode 483 return: -4272082.0
Episode: 483, total reward: 2853635.75
each agent reward: 2853635.75
Episode 484 return: -4142798.75
Episode: 484, total reward: 2853635.75
each agent reward: 2853635.75
Episode 485 return: -4000200.75
Episode: 485, total reward: 2854419.5
each agent reward: 2854419.5
Episode 486 return: -4135792.5
Episode: 486, total reward: 2854419.5
each agent reward: 2854419.5
Episode 487 return: -4271255.0
Episode: 487, total reward: 2854419.5
each agent reward: 2854419.5
Episode 488 return: -4362367.5
Episode: 488, total reward: 2853635.75
each agent reward: 2853635.75
Episode 489 return: -4214038.5
Episode: 489, total reward: 2853635.75
each agent reward: 2853635.75
Episode 490 return: -4242424.5
Episode: 490, total reward: 2853635.75
each agent reward: 2853635.75
Episode 491 return: -4032446.75
Episode: 491, total reward: 2853635.75
each agent reward: 2853635.75
Episode 492 return: -4035572.25
Episode: 492, total reward: 2853635.75
each agent reward: 2853635.75
Episode 493 return: -4442550.0
Episode: 493, total reward: 2853635.75
each agent reward: 2853635.75
Episode 494 return: -4383547.0
Episode: 494, total reward: 2853635.75
each agent reward: 2853635.75
Episode 495 return: -4264588.5
Episode: 495, total reward: 2853635.75
each agent reward: 2853635.75
Episode 496 return: -4527543.0
Episode: 496, total reward: 2853635.75
each agent reward: 2853635.75
Episode 497 return: -4307443.5
Episode: 497, total reward: 2854419.5
each agent reward: 2854419.5
Episode 498 return: -4135109.5
Episode: 498, total reward: 2854419.5
each agent reward: 2854419.5
Episode 499 return: -4271307.0
Episode: 499, total reward: 2853635.75
each agent reward: 2853635.75
