Episode: -1, total reward: 10253825.0
each agent reward: 10253825.0
Episode: 1, total reward: 3446034.0
each agent reward: 3446034.0
Episode 0 return: -4064759.0
Episode: 0, total reward: 3446034.0
each agent reward: 3446034.0
Episode 1 return: -4204685.0
Episode: 1, total reward: 3446034.0
each agent reward: 3446034.0
Episode 2 return: -4221912.0
Episode: 2, total reward: 3446034.0
each agent reward: 3446034.0
Episode 3 return: -3981613.0
Episode: 3, total reward: 3446034.0
each agent reward: 3446034.0
Episode 4 return: -5043657.0
Episode: 4, total reward: 3446034.0
each agent reward: 3446034.0
Episode 5 return: -4417244.5
Episode: 5, total reward: 3446034.0
each agent reward: 3446034.0
Episode 6 return: -4112163.0
Episode: 6, total reward: 3446034.0
each agent reward: 3446034.0
Episode 7 return: -5030269.5
Episode: 7, total reward: 3446034.0
each agent reward: 3446034.0
Episode 8 return: -3897259.0
Episode: 8, total reward: 3446034.0
each agent reward: 3446034.0
Episode 9 return: -3896580.0
Episode: 9, total reward: 3446034.0
each agent reward: 3446034.0
Episode 10 return: -4151308.25
Episode: 10, total reward: 3446034.0
each agent reward: 3446034.0
Episode 11 return: -3996314.0
Episode: 11, total reward: 3446034.0
each agent reward: 3446034.0
Episode 12 return: -4505419.5
Episode: 12, total reward: 4128710.5
each agent reward: 4128710.5
Episode 13 return: -4835698.5
Episode: 13, total reward: 4128710.5
each agent reward: 4128710.5
Episode 14 return: -4846173.0
Episode: 14, total reward: 4128710.5
each agent reward: 4128710.5
Episode 15 return: -4610737.5
Episode: 15, total reward: 4128710.5
each agent reward: 4128710.5
Episode 16 return: -4644192.5
Episode: 16, total reward: 4128710.5
each agent reward: 4128710.5
Episode 17 return: -4677224.0
Episode: 17, total reward: 4128710.5
each agent reward: 4128710.5
Episode 18 return: -4681548.0
Episode: 18, total reward: 4128710.5
each agent reward: 4128710.5
Episode 19 return: -4878751.5
Episode: 19, total reward: 4151569.5
each agent reward: 4151569.5
Episode 20 return: -4950790.0
Episode: 20, total reward: 4151569.5
each agent reward: 4151569.5
Episode 21 return: -5185379.0
Episode: 21, total reward: 4151569.5
each agent reward: 4151569.5
Episode 22 return: -4765752.5
Episode: 22, total reward: 4151569.5
each agent reward: 4151569.5
Episode 23 return: -5007496.5
Episode: 23, total reward: 4151569.5
each agent reward: 4151569.5
Episode 24 return: -4697304.0
Episode: 24, total reward: 4151569.5
each agent reward: 4151569.5
Episode 25 return: -4669810.5
Episode: 25, total reward: 4151569.5
each agent reward: 4151569.5
Episode 26 return: -5043511.0
Episode: 26, total reward: 4154699.5
each agent reward: 4154699.5
Episode 27 return: -4794532.5
Episode: 27, total reward: 4154950.75
each agent reward: 4154950.75
Episode 28 return: -4972724.0
Episode: 28, total reward: 4154936.25
each agent reward: 4154936.25
Episode 29 return: -5177883.5
Episode: 29, total reward: 4156766.5
each agent reward: 4156766.5
Episode 30 return: -5043232.5
Episode: 30, total reward: 4156766.5
each agent reward: 4156766.5
Episode 31 return: -4748246.5
Episode: 31, total reward: 4157675.5
each agent reward: 4157675.5
Episode 32 return: -5143108.5
Episode: 32, total reward: 4158710.5
each agent reward: 4158710.5
Episode 33 return: -5191907.5
Episode: 33, total reward: 4158710.5
each agent reward: 4158710.5
Episode 34 return: -5205708.0
Episode: 34, total reward: 4159027.5
each agent reward: 4159027.5
Episode 35 return: -5391169.5
Episode: 35, total reward: 4162026.25
each agent reward: 4162026.25
Episode 36 return: -5130463.5
Episode: 36, total reward: 4159003.0
each agent reward: 4159003.0
Episode 37 return: -5283377.0
Episode: 37, total reward: 4167833.0
each agent reward: 4167833.0
Episode 38 return: -5393843.0
Episode: 38, total reward: 4163412.0
each agent reward: 4163412.0
Episode 39 return: -5962044.5
Episode: 39, total reward: 4214821.0
each agent reward: 4214821.0
Episode 40 return: -6345142.5
Episode: 40, total reward: 4214299.0
each agent reward: 4214299.0
Episode 41 return: -6665383.0
Episode: 41, total reward: 4238109.5
each agent reward: 4238109.5
Episode 42 return: -7153765.5
Episode: 42, total reward: 4224957.5
each agent reward: 4224957.5
Episode 43 return: -7544143.5
Episode: 43, total reward: 4227996.0
each agent reward: 4227996.0
Episode 44 return: -8794403.0
Episode: 44, total reward: 4197904.0
each agent reward: 4197904.0
Episode 45 return: -8504128.0
Episode: 45, total reward: 4173442.25
each agent reward: 4173442.25
Episode 46 return: -8412987.0
Episode: 46, total reward: 4035990.75
each agent reward: 4035990.75
Episode 47 return: -9024985.0
Episode: 47, total reward: 5375434.5
each agent reward: 5375434.5
Episode 48 return: -8714266.0
Episode: 48, total reward: 4455803.5
each agent reward: 4455803.5
Episode 49 return: -9228469.0
Episode: 49, total reward: 4308006.5
each agent reward: 4308006.5
Episode 50 return: -8126444.0
Episode: 50, total reward: 4391983.0
each agent reward: 4391983.0
Episode 51 return: -9109561.0
Episode: 51, total reward: 5134206.5
each agent reward: 5134206.5
Episode 52 return: -8769003.0
Episode: 52, total reward: 4294346.0
each agent reward: 4294346.0
Episode 53 return: -8982894.0
Episode: 53, total reward: 4100012.5
each agent reward: 4100012.5
Episode 54 return: -8604026.0
Episode: 54, total reward: 3872870.25
each agent reward: 3872870.25
Episode 55 return: -9472277.0
Episode: 55, total reward: 3764805.75
each agent reward: 3764805.75
Episode 56 return: -8524025.0
Episode: 56, total reward: 3736401.75
each agent reward: 3736401.75
Episode 57 return: -9126598.0
Episode: 57, total reward: 3563232.75
each agent reward: 3563232.75
Episode 58 return: -8792757.0
Episode: 58, total reward: 3613430.0
each agent reward: 3613430.0
Episode 59 return: -8828991.0
Episode: 59, total reward: 3586506.5
each agent reward: 3586506.5
Episode 60 return: -8702806.0
Episode: 60, total reward: 3644371.5
each agent reward: 3644371.5
Episode 61 return: -7956215.5
Episode: 61, total reward: 3646783.5
each agent reward: 3646783.5
Episode 62 return: -8470637.0
Episode: 62, total reward: 2827988.0
each agent reward: 2827988.0
Episode 63 return: -8339954.5
Episode: 63, total reward: 2823612.25
each agent reward: 2823612.25
Episode 64 return: -8073122.0
Episode: 64, total reward: 2767292.25
each agent reward: 2767292.25
Episode 65 return: -7938443.5
Episode: 65, total reward: 2778001.0
each agent reward: 2778001.0
Episode 66 return: -8099287.0
Episode: 66, total reward: 2779184.75
each agent reward: 2779184.75
Episode 67 return: -8403535.0
Episode: 67, total reward: 2771290.25
each agent reward: 2771290.25
Episode 68 return: -7759198.0
Episode: 68, total reward: 2772206.75
each agent reward: 2772206.75
Episode 69 return: -7080279.0
Episode: 69, total reward: 2766149.0
each agent reward: 2766149.0
Episode 70 return: -7667150.0
Episode: 70, total reward: 2765810.75
each agent reward: 2765810.75
Episode 71 return: -7553205.5
Episode: 71, total reward: 2764084.75
each agent reward: 2764084.75
Episode 72 return: -7201751.5
Episode: 72, total reward: 2761296.5
each agent reward: 2761296.5
Episode 73 return: -7464198.5
Episode: 73, total reward: 2761537.0
each agent reward: 2761537.0
Episode 74 return: -7908898.5
Episode: 74, total reward: 2776069.75
each agent reward: 2776069.75
Episode 75 return: -8330523.0
Episode: 75, total reward: 2810339.0
each agent reward: 2810339.0
Episode 76 return: -8392659.0
Episode: 76, total reward: 2781400.25
each agent reward: 2781400.25
Episode 77 return: -8104499.0
Episode: 77, total reward: 4264272.0
each agent reward: 4264272.0
Episode 78 return: -8550272.0
Episode: 78, total reward: 4288065.0
each agent reward: 4288065.0
Episode 79 return: -8223340.0
Episode: 79, total reward: 4280478.5
each agent reward: 4280478.5
Episode 80 return: -8141550.5
Episode: 80, total reward: 4276650.0
each agent reward: 4276650.0
Episode 81 return: -8365355.0
Episode: 81, total reward: 4339229.5
each agent reward: 4339229.5
Episode 82 return: -8522652.0
Episode: 82, total reward: 4309504.5
each agent reward: 4309504.5
Episode 83 return: -7624350.5
Episode: 83, total reward: 4278974.5
each agent reward: 4278974.5
Episode 84 return: -8013809.0
Episode: 84, total reward: 4309142.0
each agent reward: 4309142.0
Episode 85 return: -7621022.0
Episode: 85, total reward: 4281523.5
each agent reward: 4281523.5
Episode 86 return: -7569460.0
Episode: 86, total reward: 4280444.5
each agent reward: 4280444.5
Episode 87 return: -8088990.0
Episode: 87, total reward: 4390314.5
each agent reward: 4390314.5
Episode 88 return: -7785160.0
Episode: 88, total reward: 3691677.5
each agent reward: 3691677.5
Episode 89 return: -7792276.0
Episode: 89, total reward: 3748303.75
each agent reward: 3748303.75
Episode 90 return: -8001000.5
Episode: 90, total reward: 3714694.0
each agent reward: 3714694.0
Episode 91 return: -7451538.0
Episode: 91, total reward: 3685368.5
each agent reward: 3685368.5
Episode 92 return: -7524311.0
Episode: 92, total reward: 3629318.5
each agent reward: 3629318.5
Episode 93 return: -7169576.0
Episode: 93, total reward: 3568607.5
each agent reward: 3568607.5
Episode 94 return: -7746366.5
Episode: 94, total reward: 3570740.0
each agent reward: 3570740.0
Episode 95 return: -7868988.0
Episode: 95, total reward: 3570424.25
each agent reward: 3570424.25
Episode 96 return: -7434585.0
Episode: 96, total reward: 3599314.25
each agent reward: 3599314.25
Episode 97 return: -7396074.5
Episode: 97, total reward: 3628539.25
each agent reward: 3628539.25
Episode 98 return: -7268599.5
Episode: 98, total reward: 3797482.5
each agent reward: 3797482.5
Episode 99 return: -7655563.0
Episode: 99, total reward: 3771367.5
each agent reward: 3771367.5
Episode 100 return: -7499411.5
Episode: 100, total reward: 3743216.25
each agent reward: 3743216.25
Episode 101 return: -7056887.5
Episode: 101, total reward: 3801502.0
each agent reward: 3801502.0
Episode 102 return: -7019683.5
Episode: 102, total reward: 4088251.0
each agent reward: 4088251.0
Episode 103 return: -7680560.0
Episode: 103, total reward: 4087261.0
each agent reward: 4087261.0
Episode 104 return: -6996488.0
Episode: 104, total reward: 4086387.25
each agent reward: 4086387.25
Episode 105 return: -7999628.5
Episode: 105, total reward: 4114300.25
each agent reward: 4114300.25
Episode 106 return: -7562244.0
Episode: 106, total reward: 4115983.25
each agent reward: 4115983.25
Episode 107 return: -7566892.0
Episode: 107, total reward: 4004369.0
each agent reward: 4004369.0
Episode 108 return: -7921876.0
Episode: 108, total reward: 3948091.25
each agent reward: 3948091.25
Episode 109 return: -8168903.5
Episode: 109, total reward: 3832180.75
each agent reward: 3832180.75
Episode 110 return: -7524962.0
Episode: 110, total reward: 3774465.75
each agent reward: 3774465.75
Episode 111 return: -7779182.5
Episode: 111, total reward: 3743005.5
each agent reward: 3743005.5
Episode 112 return: -7310245.0
Episode: 112, total reward: 3830383.5
each agent reward: 3830383.5
Episode 113 return: -8538102.0
Episode: 113, total reward: 3828490.0
each agent reward: 3828490.0
Episode 114 return: -7654303.5
Episode: 114, total reward: 3859726.0
each agent reward: 3859726.0
Episode 115 return: -7195222.5
Episode: 115, total reward: 3799732.5
each agent reward: 3799732.5
Episode 116 return: -7543198.5
Episode: 116, total reward: 3771884.5
each agent reward: 3771884.5
Episode 117 return: -8437832.0
Episode: 117, total reward: 3741486.0
each agent reward: 3741486.0
Episode 118 return: -7181168.5
Episode: 118, total reward: 3742194.0
each agent reward: 3742194.0
Episode 119 return: -7061430.5
Episode: 119, total reward: 3570935.75
each agent reward: 3570935.75
Episode 120 return: -6542710.5
Episode: 120, total reward: 3517223.0
each agent reward: 3517223.0
Episode 121 return: -7223827.0
Episode: 121, total reward: 3604255.0
each agent reward: 3604255.0
Episode 122 return: -8693164.0
Episode: 122, total reward: 3546721.25
each agent reward: 3546721.25
Episode 123 return: -7326559.5
Episode: 123, total reward: 3550848.0
each agent reward: 3550848.0
Episode 124 return: -7087039.5
Episode: 124, total reward: 3551754.0
each agent reward: 3551754.0
Episode 125 return: -7261318.5
Episode: 125, total reward: 3553069.5
each agent reward: 3553069.5
Episode 126 return: -6766007.0
Episode: 126, total reward: 3556153.0
each agent reward: 3556153.0
Episode 127 return: -6773297.0
Episode: 127, total reward: 3554986.0
each agent reward: 3554986.0
Episode 128 return: -7416990.0
Episode: 128, total reward: 3527398.75
each agent reward: 3527398.75
Episode 129 return: -6581014.0
Episode: 129, total reward: 3527300.5
each agent reward: 3527300.5
Episode 130 return: -6343190.0
Episode: 130, total reward: 3555657.75
each agent reward: 3555657.75
Episode 131 return: -6551671.0
Episode: 131, total reward: 2905925.75
each agent reward: 2905925.75
Episode 132 return: -6635947.5
Episode: 132, total reward: 2854519.0
each agent reward: 2854519.0
Episode 133 return: -6566175.0
Episode: 133, total reward: 4365109.0
each agent reward: 4365109.0
Episode 134 return: -6214624.0
Episode: 134, total reward: 3530836.75
each agent reward: 3530836.75
Episode 135 return: -6575374.5
Episode: 135, total reward: 3504565.5
each agent reward: 3504565.5
Episode 136 return: -7425940.0
Episode: 136, total reward: 3503763.5
each agent reward: 3503763.5
Episode 137 return: -6655675.0
Episode: 137, total reward: 3562154.75
each agent reward: 3562154.75
Episode 138 return: -6880389.5
Episode: 138, total reward: 3615618.75
each agent reward: 3615618.75
Episode 139 return: -7081541.0
Episode: 139, total reward: 3645337.75
each agent reward: 3645337.75
Episode 140 return: -7273983.0
Episode: 140, total reward: 3559373.25
each agent reward: 3559373.25
Episode 141 return: -6846512.0
Episode: 141, total reward: 4337896.5
each agent reward: 4337896.5
Episode 142 return: -7457357.5
Episode: 142, total reward: 4280248.5
each agent reward: 4280248.5
Episode 143 return: -6524280.5
Episode: 143, total reward: 4281450.5
each agent reward: 4281450.5
Episode 144 return: -6542086.5
Episode: 144, total reward: 4269997.0
each agent reward: 4269997.0
Episode 145 return: -6254785.5
Episode: 145, total reward: 4268656.0
each agent reward: 4268656.0
Episode 146 return: -6727428.5
Episode: 146, total reward: 4325708.5
each agent reward: 4325708.5
Episode 147 return: -6881533.5
Episode: 147, total reward: 3513537.25
each agent reward: 3513537.25
Episode 148 return: -6017580.0
Episode: 148, total reward: 3512854.0
each agent reward: 3512854.0
Episode 149 return: -6436525.0
Episode: 149, total reward: 3513864.75
each agent reward: 3513864.75
Episode 150 return: -6571895.0
Episode: 150, total reward: 3518701.75
each agent reward: 3518701.75
Episode 151 return: -6873432.5
Episode: 151, total reward: 3517275.5
each agent reward: 3517275.5
Episode 152 return: -6153913.5
Episode: 152, total reward: 3514706.5
each agent reward: 3514706.5
Episode 153 return: -6268326.0
Episode: 153, total reward: 3514706.5
each agent reward: 3514706.5
Episode 154 return: -6363347.0
Episode: 154, total reward: 3513461.5
each agent reward: 3513461.5
Episode 155 return: -6057950.5
Episode: 155, total reward: 3515114.75
each agent reward: 3515114.75
Episode 156 return: -6801339.0
Episode: 156, total reward: 3517383.0
each agent reward: 3517383.0
Episode 157 return: -6401298.5
Episode: 157, total reward: 3516641.5
each agent reward: 3516641.5
Episode 158 return: -6451251.0
Episode: 158, total reward: 3515329.0
each agent reward: 3515329.0
Episode 159 return: -5915871.5
Episode: 159, total reward: 3539703.75
each agent reward: 3539703.75
Episode 160 return: -6217107.5
Episode: 160, total reward: 3567691.0
each agent reward: 3567691.0
Episode 161 return: -5342915.0
Episode: 161, total reward: 3597016.0
each agent reward: 3597016.0
Episode 162 return: -6290968.0
Episode: 162, total reward: 3595771.75
each agent reward: 3595771.75
Episode 163 return: -5613718.0
Episode: 163, total reward: 3508705.75
each agent reward: 3508705.75
Episode 164 return: -5726691.0
Episode: 164, total reward: 3508705.75
each agent reward: 3508705.75
Episode 165 return: -5321491.5
Episode: 165, total reward: 3510377.0
each agent reward: 3510377.0
Episode 166 return: -5748501.5
Episode: 166, total reward: 3513868.5
each agent reward: 3513868.5
Episode 167 return: -5515953.5
Episode: 167, total reward: 3512048.5
each agent reward: 3512048.5
Episode 168 return: -4894831.5
Episode: 168, total reward: 3512802.0
each agent reward: 3512802.0
Episode 169 return: -5175501.0
Episode: 169, total reward: 3514336.5
each agent reward: 3514336.5
Episode 170 return: -5577782.0
Episode: 170, total reward: 3512870.5
each agent reward: 3512870.5
Episode 171 return: -5240753.5
Episode: 171, total reward: 3513409.5
each agent reward: 3513409.5
Episode 172 return: -5480993.0
Episode: 172, total reward: 3513569.75
each agent reward: 3513569.75
Episode 173 return: -5999719.5
Episode: 173, total reward: 3515361.25
each agent reward: 3515361.25
Episode 174 return: -5342116.0
Episode: 174, total reward: 3489454.25
each agent reward: 3489454.25
Episode 175 return: -5272422.0
Episode: 175, total reward: 3489335.25
each agent reward: 3489335.25
Episode 176 return: -5318548.0
Episode: 176, total reward: 3487469.75
each agent reward: 3487469.75
Episode 177 return: -5508814.0
Episode: 177, total reward: 3487084.25
each agent reward: 3487084.25
Episode 178 return: -5009070.0
Episode: 178, total reward: 3488127.0
each agent reward: 3488127.0
Episode 179 return: -4876133.0
Episode: 179, total reward: 4263733.0
each agent reward: 4263733.0
Episode 180 return: -4798870.0
Episode: 180, total reward: 4266826.0
each agent reward: 4266826.0
Episode 181 return: -5043008.0
Episode: 181, total reward: 4273999.5
each agent reward: 4273999.5
Episode 182 return: -4816250.0
Episode: 182, total reward: 4283257.0
each agent reward: 4283257.0
Episode 183 return: -6937965.5
Episode: 183, total reward: 4268028.0
each agent reward: 4268028.0
Episode 184 return: -5927591.0
Episode: 184, total reward: 4263851.5
each agent reward: 4263851.5
Episode 185 return: -5271413.5
Episode: 185, total reward: 4263851.5
each agent reward: 4263851.5
Episode 186 return: -5171241.0
Episode: 186, total reward: 4264606.5
each agent reward: 4264606.5
Episode 187 return: -5309955.5
Episode: 187, total reward: 4264154.0
each agent reward: 4264154.0
Episode 188 return: -5111458.5
Episode: 188, total reward: 4264786.0
each agent reward: 4264786.0
Episode 189 return: -5037774.0
Episode: 189, total reward: 4273927.0
each agent reward: 4273927.0
Episode 190 return: -5672655.5
Episode: 190, total reward: 4280863.0
each agent reward: 4280863.0
Episode 191 return: -5956572.0
Episode: 191, total reward: 4281616.0
each agent reward: 4281616.0
Episode 192 return: -5110324.0
Episode: 192, total reward: 3504256.5
each agent reward: 3504256.5
Episode 193 return: -4638498.5
Episode: 193, total reward: 3504788.75
each agent reward: 3504788.75
Episode 194 return: -5339712.0
Episode: 194, total reward: 3503442.25
each agent reward: 3503442.25
Episode 195 return: -5675066.0
Episode: 195, total reward: 3503199.0
each agent reward: 3503199.0
Episode 196 return: -5331645.0
Episode: 196, total reward: 3503199.0
each agent reward: 3503199.0
Episode 197 return: -4658290.5
Episode: 197, total reward: 3504346.0
each agent reward: 3504346.0
Episode 198 return: -5827190.0
Episode: 198, total reward: 3503894.5
each agent reward: 3503894.5
Episode 199 return: -5555011.5
Episode: 199, total reward: 3489472.75
each agent reward: 3489472.75
Episode 200 return: -4967549.0
Episode: 200, total reward: 3484234.25
each agent reward: 3484234.25
Episode 201 return: -4438289.5
Episode: 201, total reward: 3481377.0
each agent reward: 3481377.0
Episode 202 return: -4424851.0
Episode: 202, total reward: 3482967.25
each agent reward: 3482967.25
Episode 203 return: -4925450.0
Episode: 203, total reward: 3484829.0
each agent reward: 3484829.0
Episode 204 return: -4735587.5
Episode: 204, total reward: 3484950.5
each agent reward: 3484950.5
Episode 205 return: -4752165.0
Episode: 205, total reward: 3488127.75
each agent reward: 3488127.75
Episode 206 return: -4621634.5
Episode: 206, total reward: 3488746.5
each agent reward: 3488746.5
Episode 207 return: -5422177.5
Episode: 207, total reward: 4266889.5
each agent reward: 4266889.5
Episode 208 return: -4915768.5
Episode: 208, total reward: 4263648.5
each agent reward: 4263648.5
Episode 209 return: -5135597.5
Episode: 209, total reward: 4262964.0
each agent reward: 4262964.0
Episode 210 return: -4983789.5
Episode: 210, total reward: 4264009.5
each agent reward: 4264009.5
Episode 211 return: -4600357.0
Episode: 211, total reward: 3487308.5
each agent reward: 3487308.5
Episode 212 return: -4718274.0
Episode: 212, total reward: 3489978.75
each agent reward: 3489978.75
Episode 213 return: -4472352.5
Episode: 213, total reward: 3487770.0
each agent reward: 3487770.0
Episode 214 return: -4213432.5
Episode: 214, total reward: 3486939.75
each agent reward: 3486939.75
Episode 215 return: -4126136.25
Episode: 215, total reward: 3514527.0
each agent reward: 3514527.0
Episode 216 return: -4247003.5
Episode: 216, total reward: 3513726.5
each agent reward: 3513726.5
Episode 217 return: -4156144.5
Episode: 217, total reward: 3514224.0
each agent reward: 3514224.0
Episode 218 return: -4899163.0
Episode: 218, total reward: 3513040.0
each agent reward: 3513040.0
Episode 219 return: -4225973.5
Episode: 219, total reward: 3513040.0
each agent reward: 3513040.0
Episode 220 return: -5003763.5
Episode: 220, total reward: 3516180.0
each agent reward: 3516180.0
Episode 221 return: -4790091.0
Episode: 221, total reward: 3518034.5
each agent reward: 3518034.5
Episode 222 return: -4120913.5
Episode: 222, total reward: 3518034.5
each agent reward: 3518034.5
Episode 223 return: -3789312.5
Episode: 223, total reward: 3518189.25
each agent reward: 3518189.25
Episode 224 return: -3908495.25
Episode: 224, total reward: 3520763.75
each agent reward: 3520763.75
Episode 225 return: -3814508.5
Episode: 225, total reward: 3520265.25
each agent reward: 3520265.25
Episode 226 return: -3955075.25
Episode: 226, total reward: 3519959.75
each agent reward: 3519959.75
Episode 227 return: -4135817.25
Episode: 227, total reward: 3492139.25
each agent reward: 3492139.25
Episode 228 return: -4118195.0
Episode: 228, total reward: 3496346.5
each agent reward: 3496346.5
Episode 229 return: -4138100.75
Episode: 229, total reward: 3495389.25
each agent reward: 3495389.25
Episode 230 return: -5072396.0
Episode: 230, total reward: 3493880.25
each agent reward: 3493880.25
Episode 231 return: -4350075.0
Episode: 231, total reward: 3492499.0
each agent reward: 3492499.0
Episode 232 return: -4549745.0
Episode: 232, total reward: 3488919.25
each agent reward: 3488919.25
Episode 233 return: -4172849.25
Episode: 233, total reward: 3486755.5
each agent reward: 3486755.5
Episode 234 return: -4273853.0
Episode: 234, total reward: 3496073.0
each agent reward: 3496073.0
Episode 235 return: -5134882.0
Episode: 235, total reward: 3491396.5
each agent reward: 3491396.5
Episode 236 return: -4059413.5
Episode: 236, total reward: 3504768.0
each agent reward: 3504768.0
Episode 237 return: -4075496.5
Episode: 237, total reward: 3495929.0
each agent reward: 3495929.0
Episode 238 return: -3996719.25
Episode: 238, total reward: 3497940.0
each agent reward: 3497940.0
Episode 239 return: -4069831.25
Episode: 239, total reward: 3503859.25
each agent reward: 3503859.25
Episode 240 return: -4183302.5
Episode: 240, total reward: 3505410.25
each agent reward: 3505410.25
Episode 241 return: -3861281.5
Episode: 241, total reward: 3505216.75
each agent reward: 3505216.75
Episode 242 return: -3904076.75
Episode: 242, total reward: 3504679.75
each agent reward: 3504679.75
Episode 243 return: -3945548.75
Episode: 243, total reward: 3505216.75
each agent reward: 3505216.75
Episode 244 return: -3908844.25
Episode: 244, total reward: 3505216.75
each agent reward: 3505216.75
Episode 245 return: -3742854.0
Episode: 245, total reward: 3504029.75
each agent reward: 3504029.75
Episode 246 return: -3813770.25
Episode: 246, total reward: 3504029.75
each agent reward: 3504029.75
Episode 247 return: -3910671.75
Episode: 247, total reward: 3499853.5
each agent reward: 3499853.5
Episode 248 return: -3807984.75
Episode: 248, total reward: 3486737.25
each agent reward: 3486737.25
Episode 249 return: -4030114.5
Episode: 249, total reward: 3486737.25
each agent reward: 3486737.25
Episode 250 return: -4117511.5
Episode: 250, total reward: 4241799.5
each agent reward: 4241799.5
Episode 251 return: -3996723.0
Episode: 251, total reward: 3504243.25
each agent reward: 3504243.25
Episode 252 return: -4055937.0
Episode: 252, total reward: 3503895.75
each agent reward: 3503895.75
Episode 253 return: -4178188.0
Episode: 253, total reward: 3503895.75
each agent reward: 3503895.75
Episode 254 return: -4225350.0
Episode: 254, total reward: 3505867.25
each agent reward: 3505867.25
Episode 255 return: -4703560.0
Episode: 255, total reward: 3508615.75
each agent reward: 3508615.75
Episode 256 return: -4900069.0
Episode: 256, total reward: 4250400.5
each agent reward: 4250400.5
Episode 257 return: -3980567.75
Episode: 257, total reward: 4262112.5
each agent reward: 4262112.5
Episode 258 return: -4671838.5
Episode: 258, total reward: 4262112.5
each agent reward: 4262112.5
Episode 259 return: -3810137.5
Episode: 259, total reward: 4262112.5
each agent reward: 4262112.5
Episode 260 return: -3862213.75
Episode: 260, total reward: 4262227.0
each agent reward: 4262227.0
Episode 261 return: -4147982.5
Episode: 261, total reward: 4266947.5
each agent reward: 4266947.5
Episode 262 return: -4328661.0
Episode: 262, total reward: 3492904.75
each agent reward: 3492904.75
Episode 263 return: -3818552.25
Episode: 263, total reward: 3490891.25
each agent reward: 3490891.25
Episode 264 return: -4295409.5
Episode: 264, total reward: 3487628.0
each agent reward: 3487628.0
Episode 265 return: -4510780.0
Episode: 265, total reward: 3488280.75
each agent reward: 3488280.75
Episode 266 return: -4663818.0
Episode: 266, total reward: 3488214.0
each agent reward: 3488214.0
Episode 267 return: -5068171.0
Episode: 267, total reward: 3487092.75
each agent reward: 3487092.75
Episode 268 return: -4461575.0
Episode: 268, total reward: 3517359.25
each agent reward: 3517359.25
Episode 269 return: -4665046.0
Episode: 269, total reward: 3511999.0
each agent reward: 3511999.0
Episode 270 return: -4482151.0
Episode: 270, total reward: 3511994.0
each agent reward: 3511994.0
Episode 271 return: -5129549.0
Episode: 271, total reward: 3511060.0
each agent reward: 3511060.0
Episode 272 return: -4170379.0
Episode: 272, total reward: 3510784.0
each agent reward: 3510784.0
Episode 273 return: -4040964.25
Episode: 273, total reward: 3516415.75
each agent reward: 3516415.75
Episode 274 return: -3562701.75
Episode: 274, total reward: 3518034.5
each agent reward: 3518034.5
Episode 275 return: -3902767.0
Episode: 275, total reward: 3518034.5
each agent reward: 3518034.5
Episode 276 return: -4524930.5
Episode: 276, total reward: 3518034.5
each agent reward: 3518034.5
Episode 277 return: -4210920.0
Episode: 277, total reward: 3518034.5
each agent reward: 3518034.5
Episode 278 return: -4674949.0
Episode: 278, total reward: 3513542.5
each agent reward: 3513542.5
Episode 279 return: -3896428.25
Episode: 279, total reward: 3513542.5
each agent reward: 3513542.5
Episode 280 return: -3931493.25
Episode: 280, total reward: 3511677.0
each agent reward: 3511677.0
Episode 281 return: -3983430.25
Episode: 281, total reward: 3511677.0
each agent reward: 3511677.0
Episode 282 return: -4553951.0
Episode: 282, total reward: 3511677.0
each agent reward: 3511677.0
Episode 283 return: -3606047.25
Episode: 283, total reward: 3513542.5
each agent reward: 3513542.5
Episode 284 return: -3624931.0
Episode: 284, total reward: 3513542.5
each agent reward: 3513542.5
Episode 285 return: -3680760.25
Episode: 285, total reward: 3513542.5
each agent reward: 3513542.5
Episode 286 return: -3774163.0
Episode: 286, total reward: 3513542.5
each agent reward: 3513542.5
Episode 287 return: -4300715.5
Episode: 287, total reward: 3515999.75
each agent reward: 3515999.75
Episode 288 return: -3683183.0
Episode: 288, total reward: 3515999.75
each agent reward: 3515999.75
Episode 289 return: -3415329.5
Episode: 289, total reward: 3486141.0
each agent reward: 3486141.0
Episode 290 return: -3693336.25
Episode: 290, total reward: 3485768.5
each agent reward: 3485768.5
Episode 291 return: -3511325.5
Episode: 291, total reward: 3486849.75
each agent reward: 3486849.75
Episode 292 return: -3509634.5
Episode: 292, total reward: 3491330.75
each agent reward: 3491330.75
Episode 293 return: -3591001.5
Episode: 293, total reward: 3519080.25
each agent reward: 3519080.25
Episode 294 return: -3721213.5
Episode: 294, total reward: 3486967.5
each agent reward: 3486967.5
Episode 295 return: -3701602.0
Episode: 295, total reward: 3487467.75
each agent reward: 3487467.75
Episode 296 return: -3509596.0
Episode: 296, total reward: 3488851.25
each agent reward: 3488851.25
Episode 297 return: -3752558.5
Episode: 297, total reward: 3488911.0
each agent reward: 3488911.0
Episode 298 return: -3621313.0
Episode: 298, total reward: 3487702.25
each agent reward: 3487702.25
Episode 299 return: -3542008.0
Episode: 299, total reward: 3487171.25
each agent reward: 3487171.25
Episode 300 return: -3716683.0
Episode: 300, total reward: 3487171.25
each agent reward: 3487171.25
Episode 301 return: -3637859.0
Episode: 301, total reward: 3487171.25
each agent reward: 3487171.25
Episode 302 return: -3564012.75
Episode: 302, total reward: 3487395.0
each agent reward: 3487395.0
Episode 303 return: -3874933.0
Episode: 303, total reward: 3491553.75
each agent reward: 3491553.75
Episode 304 return: -3821529.25
Episode: 304, total reward: 3506035.5
each agent reward: 3506035.5
Episode 305 return: -4122966.25
Episode: 305, total reward: 3493824.0
each agent reward: 3493824.0
Episode 306 return: -4476280.0
Episode: 306, total reward: 3519599.25
each agent reward: 3519599.25
Episode 307 return: -4066730.25
Episode: 307, total reward: 3533299.25
each agent reward: 3533299.25
Episode 308 return: -4464656.5
Episode: 308, total reward: 3532389.25
each agent reward: 3532389.25
Episode 309 return: -3538776.0
Episode: 309, total reward: 3532389.25
each agent reward: 3532389.25
Episode 310 return: -3637279.25
Episode: 310, total reward: 3536091.25
each agent reward: 3536091.25
Episode 311 return: -3678340.0
Episode: 311, total reward: 3536881.75
each agent reward: 3536881.75
Episode 312 return: -3711800.0
Episode: 312, total reward: 3519599.25
each agent reward: 3519599.25
Episode 313 return: -3498072.5
Episode: 313, total reward: 3518808.25
each agent reward: 3518808.25
Episode 314 return: -3358189.75
Episode: 314, total reward: 3515106.75
each agent reward: 3515106.75
Episode 315 return: -3678311.0
Episode: 315, total reward: 3519788.25
each agent reward: 3519788.25
Episode 316 return: -4490844.0
Episode: 316, total reward: 3515220.25
each agent reward: 3515220.25
Episode 317 return: -4429638.5
Episode: 317, total reward: 3488374.5
each agent reward: 3488374.5
Episode 318 return: -3641337.75
Episode: 318, total reward: 3489563.0
each agent reward: 3489563.0
Episode 319 return: -3594783.75
Episode: 319, total reward: 3507455.25
each agent reward: 3507455.25
Episode 320 return: -3723711.25
Episode: 320, total reward: 3499143.25
each agent reward: 3499143.25
Episode 321 return: -3853691.0
Episode: 321, total reward: 3488075.0
each agent reward: 3488075.0
Episode 322 return: -3488831.5
Episode: 322, total reward: 3488973.5
each agent reward: 3488973.5
Episode 323 return: -3609671.75
Episode: 323, total reward: 3486917.5
each agent reward: 3486917.5
Episode 324 return: -3580458.5
Episode: 324, total reward: 3486917.5
each agent reward: 3486917.5
Episode 325 return: -3683393.25
Episode: 325, total reward: 3489177.0
each agent reward: 3489177.0
Episode 326 return: -3567384.5
Episode: 326, total reward: 3490665.75
each agent reward: 3490665.75
Episode 327 return: -3605351.0
Episode: 327, total reward: 3487521.0
each agent reward: 3487521.0
Episode 328 return: -3408318.0
Episode: 328, total reward: 3485293.5
each agent reward: 3485293.5
Episode 329 return: -3943165.5
Episode: 329, total reward: 3486254.0
each agent reward: 3486254.0
Episode 330 return: -3534808.5
Episode: 330, total reward: 3486254.0
each agent reward: 3486254.0
Episode 331 return: -3975486.5
Episode: 331, total reward: 3486254.0
each agent reward: 3486254.0
Episode 332 return: -3602177.75
Episode: 332, total reward: 3485297.25
each agent reward: 3485297.25
Episode 333 return: -3517885.0
Episode: 333, total reward: 3485297.25
each agent reward: 3485297.25
Episode 334 return: -4420243.5
Episode: 334, total reward: 3485297.25
each agent reward: 3485297.25
Episode 335 return: -4202508.5
Episode: 335, total reward: 3488381.0
each agent reward: 3488381.0
Episode 336 return: -3353666.25
Episode: 336, total reward: 3488381.0
each agent reward: 3488381.0
Episode 337 return: -3218794.5
Episode: 337, total reward: 3487763.0
each agent reward: 3487763.0
Episode 338 return: -4438295.5
Episode: 338, total reward: 3487763.0
each agent reward: 3487763.0
Episode 339 return: -3562758.0
Episode: 339, total reward: 3488635.75
each agent reward: 3488635.75
Episode 340 return: -4319916.5
Episode: 340, total reward: 3488696.25
each agent reward: 3488696.25
Episode 341 return: -4036930.25
Episode: 341, total reward: 3487675.25
each agent reward: 3487675.25
Episode 342 return: -3761935.5
Episode: 342, total reward: 3487934.0
each agent reward: 3487934.0
Episode 343 return: -4223440.0
Episode: 343, total reward: 3486224.5
each agent reward: 3486224.5
Episode 344 return: -3757386.75
Episode: 344, total reward: 3486224.5
each agent reward: 3486224.5
Episode 345 return: -4357275.5
Episode: 345, total reward: 3486224.5
each agent reward: 3486224.5
Episode 346 return: -3716056.0
Episode: 346, total reward: 3486224.5
each agent reward: 3486224.5
Episode 347 return: -3589643.5
Episode: 347, total reward: 3486224.5
each agent reward: 3486224.5
Episode 348 return: -3778105.75
Episode: 348, total reward: 3486224.5
each agent reward: 3486224.5
Episode 349 return: -3809861.0
Episode: 349, total reward: 3485755.0
each agent reward: 3485755.0
Episode 350 return: -3568268.75
Episode: 350, total reward: 3488384.75
each agent reward: 3488384.75
Episode 351 return: -3651619.5
Episode: 351, total reward: 3489047.5
each agent reward: 3489047.5
Episode 352 return: -3794828.5
Episode: 352, total reward: 3489047.5
each agent reward: 3489047.5
Episode 353 return: -3606918.0
Episode: 353, total reward: 3488585.5
each agent reward: 3488585.5
Episode 354 return: -3451553.0
Episode: 354, total reward: 3488391.75
each agent reward: 3488391.75
Episode 355 return: -3743192.0
Episode: 355, total reward: 3488391.75
each agent reward: 3488391.75
Episode 356 return: -3561367.0
Episode: 356, total reward: 3493112.0
each agent reward: 3493112.0
Episode 357 return: -3749829.5
Episode: 357, total reward: 3488391.75
each agent reward: 3488391.75
Episode 358 return: -3539106.75
Episode: 358, total reward: 3488391.75
each agent reward: 3488391.75
Episode 359 return: -3527034.0
Episode: 359, total reward: 3493440.0
each agent reward: 3493440.0
Episode 360 return: -3662548.0
Episode: 360, total reward: 3493440.0
each agent reward: 3493440.0
Episode 361 return: -3727857.0
Episode: 361, total reward: 3494501.5
each agent reward: 3494501.5
Episode 362 return: -3569588.0
Episode: 362, total reward: 3494078.5
each agent reward: 3494078.5
Episode 363 return: -3633150.75
Episode: 363, total reward: 3489603.75
each agent reward: 3489603.75
Episode 364 return: -3550661.25
Episode: 364, total reward: 3489603.75
each agent reward: 3489603.75
Episode 365 return: -3659067.5
Episode: 365, total reward: 3489603.75
each agent reward: 3489603.75
Episode 366 return: -4189320.75
Episode: 366, total reward: 3489086.25
each agent reward: 3489086.25
Episode 367 return: -3784570.25
Episode: 367, total reward: 3489086.25
each agent reward: 3489086.25
Episode 368 return: -3592022.5
Episode: 368, total reward: 3489086.25
each agent reward: 3489086.25
Episode 369 return: -4270730.5
Episode: 369, total reward: 3489217.0
each agent reward: 3489217.0
Episode 370 return: -3319890.75
Episode: 370, total reward: 3487660.5
each agent reward: 3487660.5
Episode 371 return: -3431241.5
Episode: 371, total reward: 3487660.5
each agent reward: 3487660.5
Episode 372 return: -4305836.0
Episode: 372, total reward: 3487815.25
each agent reward: 3487815.25
Episode 373 return: -3649967.25
Episode: 373, total reward: 3487660.5
each agent reward: 3487660.5
Episode 374 return: -3377754.5
Episode: 374, total reward: 3487727.0
each agent reward: 3487727.0
Episode 375 return: -3519487.75
Episode: 375, total reward: 3488699.5
each agent reward: 3488699.5
Episode 376 return: -3420771.75
Episode: 376, total reward: 3488699.5
each agent reward: 3488699.5
Episode 377 return: -3542750.75
Episode: 377, total reward: 3489086.25
each agent reward: 3489086.25
Episode 378 return: -4246015.0
Episode: 378, total reward: 3489086.25
each agent reward: 3489086.25
Episode 379 return: -3244800.0
Episode: 379, total reward: 3490945.75
each agent reward: 3490945.75
Episode 380 return: -3375246.75
Episode: 380, total reward: 3488391.75
each agent reward: 3488391.75
Episode 381 return: -4390512.5
Episode: 381, total reward: 3488374.25
each agent reward: 3488374.25
Episode 382 return: -3681958.25
Episode: 382, total reward: 3493112.0
each agent reward: 3493112.0
Episode 383 return: -4326418.5
Episode: 383, total reward: 3493440.0
each agent reward: 3493440.0
Episode 384 return: -3417139.0
Episode: 384, total reward: 3493440.0
each agent reward: 3493440.0
Episode 385 return: -3317035.25
Episode: 385, total reward: 3493440.0
each agent reward: 3493440.0
Episode 386 return: -3425880.0
Episode: 386, total reward: 3492496.25
each agent reward: 3492496.25
Episode 387 return: -3689162.0
Episode: 387, total reward: 3492535.5
each agent reward: 3492535.5
Episode 388 return: -3599634.5
Episode: 388, total reward: 3492535.5
each agent reward: 3492535.5
Episode 389 return: -3443035.5
Episode: 389, total reward: 3492535.5
each agent reward: 3492535.5
Episode 390 return: -3418297.0
Episode: 390, total reward: 3492535.5
each agent reward: 3492535.5
Episode 391 return: -3726534.25
Episode: 391, total reward: 3494614.0
each agent reward: 3494614.0
Episode 392 return: -3583484.25
Episode: 392, total reward: 3518653.0
each agent reward: 3518653.0
Episode 393 return: -3635183.0
Episode: 393, total reward: 3518653.0
each agent reward: 3518653.0
Episode 394 return: -3483799.75
Episode: 394, total reward: 3518653.0
each agent reward: 3518653.0
Episode 395 return: -3468930.25
Episode: 395, total reward: 3518653.0
each agent reward: 3518653.0
Episode 396 return: -3617635.0
Episode: 396, total reward: 3517835.0
each agent reward: 3517835.0
Episode 397 return: -3425985.25
Episode: 397, total reward: 2764819.5
each agent reward: 2764819.5
Episode 398 return: -3672794.75
Episode: 398, total reward: 2764854.5
each agent reward: 2764854.5
Episode 399 return: -3594663.75
Episode: 399, total reward: 2764854.5
each agent reward: 2764854.5
Episode 400 return: -3454058.75
Episode: 400, total reward: 2764854.5
each agent reward: 2764854.5
Episode 401 return: -3501669.5
Episode: 401, total reward: 3522397.75
each agent reward: 3522397.75
Episode 402 return: -3638771.75
Episode: 402, total reward: 3490307.0
each agent reward: 3490307.0
Episode 403 return: -3396674.25
Episode: 403, total reward: 3490307.0
each agent reward: 3490307.0
Episode 404 return: -3428213.5
Episode: 404, total reward: 3490307.0
each agent reward: 3490307.0
Episode 405 return: -3320946.25
Episode: 405, total reward: 3488841.25
each agent reward: 3488841.25
Episode 406 return: -3230270.5
Episode: 406, total reward: 3488822.0
each agent reward: 3488822.0
Episode 407 return: -3638074.5
Episode: 407, total reward: 3487713.25
each agent reward: 3487713.25
Episode 408 return: -3719335.0
Episode: 408, total reward: 3487713.25
each agent reward: 3487713.25
Episode 409 return: -3421383.0
Episode: 409, total reward: 3487887.25
each agent reward: 3487887.25
Episode 410 return: -3486702.25
Episode: 410, total reward: 3489911.25
each agent reward: 3489911.25
Episode 411 return: -3582801.5
Episode: 411, total reward: 3489911.25
each agent reward: 3489911.25
Episode 412 return: -4486499.0
Episode: 412, total reward: 3495077.25
each agent reward: 3495077.25
Episode 413 return: -4223182.0
Episode: 413, total reward: 3491352.25
each agent reward: 3491352.25
Episode 414 return: -4137940.75
Episode: 414, total reward: 3489911.25
each agent reward: 3489911.25
Episode 415 return: -3516549.75
Episode: 415, total reward: 3490194.75
each agent reward: 3490194.75
Episode 416 return: -3466698.25
Episode: 416, total reward: 3490194.75
each agent reward: 3490194.75
Episode 417 return: -3461730.0
Episode: 417, total reward: 3488841.25
each agent reward: 3488841.25
Episode 418 return: -3453801.0
Episode: 418, total reward: 3490326.0
each agent reward: 3490326.0
Episode 419 return: -3768939.0
Episode: 419, total reward: 3489892.0
each agent reward: 3489892.0
Episode 420 return: -3462309.75
Episode: 420, total reward: 3489892.0
each agent reward: 3489892.0
Episode 421 return: -3814884.25
Episode: 421, total reward: 3489892.0
each agent reward: 3489892.0
Episode 422 return: -3684803.75
Episode: 422, total reward: 3516208.5
each agent reward: 3516208.5
Episode 423 return: -3357999.25
Episode: 423, total reward: 3515590.0
each agent reward: 3515590.0
Episode 424 return: -3541824.75
Episode: 424, total reward: 3514010.5
each agent reward: 3514010.5
Episode 425 return: -3455988.0
Episode: 425, total reward: 2773164.75
each agent reward: 2773164.75
Episode 426 return: -3844851.0
Episode: 426, total reward: 2772891.0
each agent reward: 2772891.0
Episode 427 return: -3451145.25
Episode: 427, total reward: 2772891.0
each agent reward: 2772891.0
Episode 428 return: -4325548.0
Episode: 428, total reward: 2794257.75
each agent reward: 2794257.75
Episode 429 return: -3545101.0
Episode: 429, total reward: 2794422.25
each agent reward: 2794422.25
Episode 430 return: -4154803.0
Episode: 430, total reward: 2793510.75
each agent reward: 2793510.75
Episode 431 return: -3607501.25
Episode: 431, total reward: 2793510.75
each agent reward: 2793510.75
Episode 432 return: -3695638.75
Episode: 432, total reward: 2793510.75
each agent reward: 2793510.75
Episode 433 return: -3529592.5
Episode: 433, total reward: 2793510.75
each agent reward: 2793510.75
Episode 434 return: -3144454.0
Episode: 434, total reward: 2776371.75
each agent reward: 2776371.75
Episode 435 return: -3515117.75
Episode: 435, total reward: 2776371.75
each agent reward: 2776371.75
Episode 436 return: -3452100.75
Episode: 436, total reward: 2776371.75
each agent reward: 2776371.75
Episode 437 return: -3524399.25
Episode: 437, total reward: 2776371.75
each agent reward: 2776371.75
Episode 438 return: -3652434.25
Episode: 438, total reward: 2776371.75
each agent reward: 2776371.75
Episode 439 return: -4126297.0
Episode: 439, total reward: 2775860.25
each agent reward: 2775860.25
Episode 440 return: -3344263.0
Episode: 440, total reward: 2775860.25
each agent reward: 2775860.25
Episode 441 return: -3565408.25
Episode: 441, total reward: 2775860.25
each agent reward: 2775860.25
Episode 442 return: -3530955.25
Episode: 442, total reward: 2775860.25
each agent reward: 2775860.25
Episode 443 return: -3665764.0
Episode: 443, total reward: 2776371.75
each agent reward: 2776371.75
Episode 444 return: -3544133.0
Episode: 444, total reward: 2777485.75
each agent reward: 2777485.75
Episode 445 return: -3534304.5
Episode: 445, total reward: 2777485.75
each agent reward: 2777485.75
Episode 446 return: -3408981.5
Episode: 446, total reward: 2777485.75
each agent reward: 2777485.75
Episode 447 return: -3441098.5
Episode: 447, total reward: 2776473.25
each agent reward: 2776473.25
Episode 448 return: -3559787.25
Episode: 448, total reward: 2776473.25
each agent reward: 2776473.25
Episode 449 return: -3489780.0
Episode: 449, total reward: 2776473.25
each agent reward: 2776473.25
Episode 450 return: -3343069.75
Episode: 450, total reward: 2776473.25
each agent reward: 2776473.25
Episode 451 return: -3508668.5
Episode: 451, total reward: 2772546.5
each agent reward: 2772546.5
Episode 452 return: -3427328.0
Episode: 452, total reward: 2767342.0
each agent reward: 2767342.0
Episode 453 return: -3474579.0
Episode: 453, total reward: 2770518.5
each agent reward: 2770518.5
Episode 454 return: -3673782.75
Episode: 454, total reward: 2776779.5
each agent reward: 2776779.5
Episode 455 return: -3538289.5
Episode: 455, total reward: 2776779.5
each agent reward: 2776779.5
Episode 456 return: -3527995.25
Episode: 456, total reward: 2776779.5
each agent reward: 2776779.5
Episode 457 return: -4119046.75
Episode: 457, total reward: 2776779.5
each agent reward: 2776779.5
Episode 458 return: -3260288.0
Episode: 458, total reward: 2776974.25
each agent reward: 2776974.25
Episode 459 return: -4179617.25
Episode: 459, total reward: 2776974.25
each agent reward: 2776974.25
Episode 460 return: -3439995.0
Episode: 460, total reward: 2777485.75
each agent reward: 2777485.75
Episode 461 return: -3402943.25
Episode: 461, total reward: 2777485.75
each agent reward: 2777485.75
Episode 462 return: -3378852.25
Episode: 462, total reward: 2777485.75
each agent reward: 2777485.75
Episode 463 return: -3641874.75
Episode: 463, total reward: 2776371.75
each agent reward: 2776371.75
Episode 464 return: -3362298.5
Episode: 464, total reward: 2775359.25
each agent reward: 2775359.25
Episode 465 return: -3314552.0
Episode: 465, total reward: 2775665.5
each agent reward: 2775665.5
Episode 466 return: -3311810.25
Episode: 466, total reward: 2775665.5
each agent reward: 2775665.5
Episode 467 return: -3570060.0
Episode: 467, total reward: 2791758.25
each agent reward: 2791758.25
Episode 468 return: -3450445.0
Episode: 468, total reward: 2790438.75
each agent reward: 2790438.75
Episode 469 return: -4341200.5
Episode: 469, total reward: 2766323.0
each agent reward: 2766323.0
Episode 470 return: -3508095.75
Episode: 470, total reward: 2764707.25
each agent reward: 2764707.25
Episode 471 return: -3591791.75
Episode: 471, total reward: 2764707.25
each agent reward: 2764707.25
Episode 472 return: -4417923.5
Episode: 472, total reward: 2764707.25
each agent reward: 2764707.25
Episode 473 return: -3772255.0
Episode: 473, total reward: 2764707.25
each agent reward: 2764707.25
Episode 474 return: -4136202.75
Episode: 474, total reward: 2775860.25
each agent reward: 2775860.25
Episode 475 return: -3646213.5
Episode: 475, total reward: 2775860.25
each agent reward: 2775860.25
Episode 476 return: -3703713.25
Episode: 476, total reward: 2775860.25
each agent reward: 2775860.25
Episode 477 return: -3461235.5
Episode: 477, total reward: 2775860.25
each agent reward: 2775860.25
Episode 478 return: -3526642.25
Episode: 478, total reward: 2776371.75
each agent reward: 2776371.75
Episode 479 return: -3978643.0
Episode: 479, total reward: 2776371.75
each agent reward: 2776371.75
Episode 480 return: -3580835.5
Episode: 480, total reward: 2777485.75
each agent reward: 2777485.75
Episode 481 return: -3510643.5
Episode: 481, total reward: 2777330.0
each agent reward: 2777330.0
Episode 482 return: -4506101.0
Episode: 482, total reward: 2777330.0
each agent reward: 2777330.0
Episode 483 return: -3465745.25
Episode: 483, total reward: 2777330.0
each agent reward: 2777330.0
Episode 484 return: -3348267.5
Episode: 484, total reward: 2777065.75
each agent reward: 2777065.75
Episode 485 return: -3531461.0
Episode: 485, total reward: 2777065.75
each agent reward: 2777065.75
Episode 486 return: -4289675.5
Episode: 486, total reward: 2783386.5
each agent reward: 2783386.5
Episode 487 return: -3502991.25
Episode: 487, total reward: 2778078.0
each agent reward: 2778078.0
Episode 488 return: -3446301.0
Episode: 488, total reward: 2778078.0
each agent reward: 2778078.0
Episode 489 return: -3759166.0
Episode: 489, total reward: 2777485.75
each agent reward: 2777485.75
Episode 490 return: -4555542.5
Episode: 490, total reward: 2777485.75
each agent reward: 2777485.75
Episode 491 return: -3659510.0
Episode: 491, total reward: 2777485.75
each agent reward: 2777485.75
Episode 492 return: -3768040.0
Episode: 492, total reward: 2777485.75
each agent reward: 2777485.75
Episode 493 return: -3387179.25
Episode: 493, total reward: 2777485.75
each agent reward: 2777485.75
Episode 494 return: -3534591.25
Episode: 494, total reward: 2777330.0
each agent reward: 2777330.0
Episode 495 return: -3607312.75
Episode: 495, total reward: 2777922.25
each agent reward: 2777922.25
Episode 496 return: -3493325.25
Episode: 496, total reward: 2777922.25
each agent reward: 2777922.25
Episode 497 return: -3693472.75
Episode: 497, total reward: 2778078.0
each agent reward: 2778078.0
Episode 498 return: -3410789.0
Episode: 498, total reward: 2778078.0
each agent reward: 2778078.0
Episode 499 return: -3636402.0
Episode: 499, total reward: 2776808.5
each agent reward: 2776808.5
