Episode: -1, total reward: 21651324.0
each agent reward: 21651324.0
Episode: 1, total reward: 21655072.0
each agent reward: 21655072.0
Episode 0 return: -19764524.0
Episode: 0, total reward: 21655072.0
each agent reward: 21655072.0
Episode 1 return: -20898334.0
Episode: 1, total reward: 21655072.0
each agent reward: 21655072.0
Episode 2 return: -19383502.0
Episode: 2, total reward: 21655072.0
each agent reward: 21655072.0
Episode 3 return: -19969378.0
Episode: 3, total reward: 21655072.0
each agent reward: 21655072.0
Episode 4 return: -20410396.0
Episode: 4, total reward: 21655072.0
each agent reward: 21655072.0
Episode 5 return: -20369678.0
Episode: 5, total reward: 21655072.0
each agent reward: 21655072.0
Episode 6 return: -19505358.0
Episode: 6, total reward: 21655072.0
each agent reward: 21655072.0
Episode 7 return: -19585958.0
Episode: 7, total reward: 21655072.0
each agent reward: 21655072.0
Episode 8 return: -19745358.0
Episode: 8, total reward: 21655072.0
each agent reward: 21655072.0
Episode 9 return: -20263638.0
Episode: 9, total reward: 21655072.0
each agent reward: 21655072.0
Episode 10 return: -19431584.0
Episode: 10, total reward: 21655072.0
each agent reward: 21655072.0
Episode 11 return: -19498744.0
Episode: 11, total reward: 21655072.0
each agent reward: 21655072.0
Episode 12 return: -19428918.0
Episode: 12, total reward: 21162246.0
each agent reward: 21162246.0
Episode 13 return: -20072638.0
Episode: 13, total reward: 21211336.0
each agent reward: 21211336.0
Episode 14 return: -19397754.0
Episode: 14, total reward: 21277184.0
each agent reward: 21277184.0
Episode 15 return: -20094428.0
Episode: 15, total reward: 21245826.0
each agent reward: 21245826.0
Episode 16 return: -19892402.0
Episode: 16, total reward: 21150330.0
each agent reward: 21150330.0
Episode 17 return: -19490700.0
Episode: 17, total reward: 20740754.0
each agent reward: 20740754.0
Episode 18 return: -18714508.0
Episode: 18, total reward: 20740754.0
each agent reward: 20740754.0
Episode 19 return: -18201242.0
Episode: 19, total reward: 20813684.0
each agent reward: 20813684.0
Episode 20 return: -19510316.0
Episode: 20, total reward: 20665258.0
each agent reward: 20665258.0
Episode 21 return: -19063312.0
Episode: 21, total reward: 20953130.0
each agent reward: 20953130.0
Episode 22 return: -18790164.0
Episode: 22, total reward: 21173190.0
each agent reward: 21173190.0
Episode 23 return: -18143340.0
Episode: 23, total reward: 21326744.0
each agent reward: 21326744.0
Episode 24 return: -19554716.0
Episode: 24, total reward: 21399500.0
each agent reward: 21399500.0
Episode 25 return: -18787566.0
Episode: 25, total reward: 21458362.0
each agent reward: 21458362.0
Episode 26 return: -19260994.0
Episode: 26, total reward: 21214838.0
each agent reward: 21214838.0
Episode 27 return: -17817832.0
Episode: 27, total reward: 21490646.0
each agent reward: 21490646.0
Episode 28 return: -18562544.0
Episode: 28, total reward: 20952234.0
each agent reward: 20952234.0
Episode 29 return: -17139934.0
Episode: 29, total reward: 20807082.0
each agent reward: 20807082.0
Episode 30 return: -18072650.0
Episode: 30, total reward: 20831006.0
each agent reward: 20831006.0
Episode 31 return: -17955528.0
Episode: 31, total reward: 21366592.0
each agent reward: 21366592.0
Episode 32 return: -17619896.0
Episode: 32, total reward: 20873074.0
each agent reward: 20873074.0
Episode 33 return: -18245826.0
Episode: 33, total reward: 21814986.0
each agent reward: 21814986.0
Episode 34 return: -18196066.0
Episode: 34, total reward: 20510050.0
each agent reward: 20510050.0
Episode 35 return: -18063512.0
Episode: 35, total reward: 20252676.0
each agent reward: 20252676.0
Episode 36 return: -19080306.0
Episode: 36, total reward: 20522582.0
each agent reward: 20522582.0
Episode 37 return: -18001524.0
Episode: 37, total reward: 19729062.0
each agent reward: 19729062.0
Episode 38 return: -18556880.0
Episode: 38, total reward: 20512626.0
each agent reward: 20512626.0
Episode 39 return: -18677984.0
Episode: 39, total reward: 20679892.0
each agent reward: 20679892.0
Episode 40 return: -18238022.0
Episode: 40, total reward: 19614436.0
each agent reward: 19614436.0
Episode 41 return: -16921338.0
Episode: 41, total reward: 19433420.0
each agent reward: 19433420.0
Episode 42 return: -17234010.0
Episode: 42, total reward: 19686124.0
each agent reward: 19686124.0
Episode 43 return: -17766496.0
Episode: 43, total reward: 19139324.0
each agent reward: 19139324.0
Episode 44 return: -18240292.0
Episode: 44, total reward: 18753296.0
each agent reward: 18753296.0
Episode 45 return: -17989830.0
Episode: 45, total reward: 18121818.0
each agent reward: 18121818.0
Episode 46 return: -17671754.0
Episode: 46, total reward: 18458474.0
each agent reward: 18458474.0
Episode 47 return: -19530956.0
Episode: 47, total reward: 18453304.0
each agent reward: 18453304.0
Episode 48 return: -17790010.0
Episode: 48, total reward: 17348584.0
each agent reward: 17348584.0
Episode 49 return: -17947076.0
Episode: 49, total reward: 17953282.0
each agent reward: 17953282.0
Episode 50 return: -16545854.0
Episode: 50, total reward: 17708888.0
each agent reward: 17708888.0
Episode 51 return: -17718008.0
Episode: 51, total reward: 18327508.0
each agent reward: 18327508.0
Episode 52 return: -17626394.0
Episode: 52, total reward: 17836056.0
each agent reward: 17836056.0
Episode 53 return: -18322614.0
Episode: 53, total reward: 17519098.0
each agent reward: 17519098.0
Episode 54 return: -17002006.0
Episode: 54, total reward: 17101030.0
each agent reward: 17101030.0
Episode 55 return: -16936540.0
Episode: 55, total reward: 17008474.0
each agent reward: 17008474.0
Episode 56 return: -18893738.0
Episode: 56, total reward: 18078792.0
each agent reward: 18078792.0
Episode 57 return: -17322682.0
Episode: 57, total reward: 17115690.0
each agent reward: 17115690.0
Episode 58 return: -17391668.0
Episode: 58, total reward: 16776338.0
each agent reward: 16776338.0
Episode 59 return: -17658764.0
Episode: 59, total reward: 17139852.0
each agent reward: 17139852.0
Episode 60 return: -17748254.0
Episode: 60, total reward: 17308362.0
each agent reward: 17308362.0
Episode 61 return: -18663298.0
Episode: 61, total reward: 17720316.0
each agent reward: 17720316.0
Episode 62 return: -17041404.0
Episode: 62, total reward: 17219612.0
each agent reward: 17219612.0
Episode 63 return: -18258028.0
Episode: 63, total reward: 17353554.0
each agent reward: 17353554.0
Episode 64 return: -17400902.0
Episode: 64, total reward: 16944646.0
each agent reward: 16944646.0
Episode 65 return: -18471598.0
Episode: 65, total reward: 16756611.0
each agent reward: 16756611.0
Episode 66 return: -16500665.0
Episode: 66, total reward: 15580342.0
each agent reward: 15580342.0
Episode 67 return: -17156660.0
Episode: 67, total reward: 15277802.0
each agent reward: 15277802.0
Episode 68 return: -17539058.0
Episode: 68, total reward: 15879861.0
each agent reward: 15879861.0
Episode 69 return: -16902578.0
Episode: 69, total reward: 16683632.0
each agent reward: 16683632.0
Episode 70 return: -18068916.0
Episode: 70, total reward: 15878817.0
each agent reward: 15878817.0
Episode 71 return: -17112202.0
Episode: 71, total reward: 14757107.0
each agent reward: 14757107.0
Episode 72 return: -18071634.0
Episode: 72, total reward: 15229774.0
each agent reward: 15229774.0
Episode 73 return: -15556123.0
Episode: 73, total reward: 13951747.0
each agent reward: 13951747.0
Episode 74 return: -17695996.0
Episode: 74, total reward: 14875932.0
each agent reward: 14875932.0
Episode 75 return: -17353972.0
Episode: 75, total reward: 14911110.0
each agent reward: 14911110.0
Episode 76 return: -17152442.0
Episode: 76, total reward: 13702066.0
each agent reward: 13702066.0
Episode 77 return: -16606256.0
Episode: 77, total reward: 13739264.0
each agent reward: 13739264.0
Episode 78 return: -16676999.0
Episode: 78, total reward: 13807595.0
each agent reward: 13807595.0
Episode 79 return: -17041260.0
Episode: 79, total reward: 14221104.0
each agent reward: 14221104.0
Episode 80 return: -17537728.0
Episode: 80, total reward: 14056238.0
each agent reward: 14056238.0
Episode 81 return: -16876166.0
Episode: 81, total reward: 14190911.0
each agent reward: 14190911.0
Episode 82 return: -16833958.0
Episode: 82, total reward: 14235346.0
each agent reward: 14235346.0
Episode 83 return: -16286379.0
Episode: 83, total reward: 14808471.0
each agent reward: 14808471.0
Episode 84 return: -16503731.0
Episode: 84, total reward: 14403118.0
each agent reward: 14403118.0
Episode 85 return: -17299906.0
Episode: 85, total reward: 14494497.0
each agent reward: 14494497.0
Episode 86 return: -16165283.0
Episode: 86, total reward: 13067473.0
each agent reward: 13067473.0
Episode 87 return: -16527002.0
Episode: 87, total reward: 12497506.0
each agent reward: 12497506.0
Episode 88 return: -17194786.0
Episode: 88, total reward: 12494712.0
each agent reward: 12494712.0
Episode 89 return: -15083913.0
Episode: 89, total reward: 12092953.0
each agent reward: 12092953.0
Episode 90 return: -16496042.0
Episode: 90, total reward: 12149575.0
each agent reward: 12149575.0
Episode 91 return: -15293159.0
Episode: 91, total reward: 12804758.0
each agent reward: 12804758.0
Episode 92 return: -16137219.0
Episode: 92, total reward: 12663340.0
each agent reward: 12663340.0
Episode 93 return: -15233847.0
Episode: 93, total reward: 13371563.0
each agent reward: 13371563.0
Episode 94 return: -15478247.0
Episode: 94, total reward: 13452423.0
each agent reward: 13452423.0
Episode 95 return: -15394999.0
Episode: 95, total reward: 13488306.0
each agent reward: 13488306.0
Episode 96 return: -16063090.0
Episode: 96, total reward: 12527684.0
each agent reward: 12527684.0
Episode 97 return: -15973959.0
Episode: 97, total reward: 11556029.0
each agent reward: 11556029.0
Episode 98 return: -15473670.0
Episode: 98, total reward: 11782608.0
each agent reward: 11782608.0
Episode 99 return: -16736332.0
Episode: 99, total reward: 11422697.0
each agent reward: 11422697.0
Episode 100 return: -15783936.0
Episode: 100, total reward: 11597486.0
each agent reward: 11597486.0
Episode 101 return: -15241681.0
Episode: 101, total reward: 11621454.0
each agent reward: 11621454.0
Episode 102 return: -14748923.0
Episode: 102, total reward: 11601954.0
each agent reward: 11601954.0
Episode 103 return: -15627502.0
Episode: 103, total reward: 11113677.0
each agent reward: 11113677.0
Episode 104 return: -15301690.0
Episode: 104, total reward: 11352244.0
each agent reward: 11352244.0
Episode 105 return: -14015542.0
Episode: 105, total reward: 11544388.0
each agent reward: 11544388.0
Episode 106 return: -14048968.0
Episode: 106, total reward: 11571080.0
each agent reward: 11571080.0
Episode 107 return: -14295828.0
Episode: 107, total reward: 11147814.0
each agent reward: 11147814.0
Episode 108 return: -13702062.0
Episode: 108, total reward: 10944590.0
each agent reward: 10944590.0
Episode 109 return: -14358962.0
Episode: 109, total reward: 11364089.0
each agent reward: 11364089.0
Episode 110 return: -13470752.0
Episode: 110, total reward: 11178699.0
each agent reward: 11178699.0
Episode 111 return: -13700181.0
Episode: 111, total reward: 11393138.0
each agent reward: 11393138.0
Episode 112 return: -13302902.0
Episode: 112, total reward: 11818543.0
each agent reward: 11818543.0
Episode 113 return: -13951356.0
Episode: 113, total reward: 11360913.0
each agent reward: 11360913.0
Episode 114 return: -13865424.0
Episode: 114, total reward: 11153036.0
each agent reward: 11153036.0
Episode 115 return: -14765709.0
Episode: 115, total reward: 11157106.0
each agent reward: 11157106.0
Episode 116 return: -14226038.0
Episode: 116, total reward: 10476049.0
each agent reward: 10476049.0
Episode 117 return: -13764708.0
Episode: 117, total reward: 10695728.0
each agent reward: 10695728.0
Episode 118 return: -14561828.0
Episode: 118, total reward: 9878817.0
each agent reward: 9878817.0
Episode 119 return: -14161673.0
Episode: 119, total reward: 9879006.0
each agent reward: 9879006.0
Episode 120 return: -13467114.0
Episode: 120, total reward: 9860172.0
each agent reward: 9860172.0
Episode 121 return: -13436705.0
Episode: 121, total reward: 9837405.0
each agent reward: 9837405.0
Episode 122 return: -13405298.0
Episode: 122, total reward: 9630015.0
each agent reward: 9630015.0
Episode 123 return: -12726546.0
Episode: 123, total reward: 10470603.0
each agent reward: 10470603.0
Episode 124 return: -14345598.0
Episode: 124, total reward: 11183752.0
each agent reward: 11183752.0
Episode 125 return: -13092228.0
Episode: 125, total reward: 10291250.0
each agent reward: 10291250.0
Episode 126 return: -11851727.0
Episode: 126, total reward: 11381922.0
each agent reward: 11381922.0
Episode 127 return: -12813968.0
Episode: 127, total reward: 10514628.0
each agent reward: 10514628.0
Episode 128 return: -12436696.0
Episode: 128, total reward: 10280106.0
each agent reward: 10280106.0
Episode 129 return: -12865423.0
Episode: 129, total reward: 10054228.0
each agent reward: 10054228.0
Episode 130 return: -12767266.0
Episode: 130, total reward: 10047094.0
each agent reward: 10047094.0
Episode 131 return: -12034627.0
Episode: 131, total reward: 9868514.0
each agent reward: 9868514.0
Episode 132 return: -13631000.0
Episode: 132, total reward: 10435589.0
each agent reward: 10435589.0
Episode 133 return: -12884446.0
Episode: 133, total reward: 10929209.0
each agent reward: 10929209.0
Episode 134 return: -12819878.0
Episode: 134, total reward: 11978559.0
each agent reward: 11978559.0
Episode 135 return: -11852266.0
Episode: 135, total reward: 11297619.0
each agent reward: 11297619.0
Episode 136 return: -13116384.0
Episode: 136, total reward: 11117291.0
each agent reward: 11117291.0
Episode 137 return: -12504204.0
Episode: 137, total reward: 11154086.0
each agent reward: 11154086.0
Episode 138 return: -13044230.0
Episode: 138, total reward: 11123406.0
each agent reward: 11123406.0
Episode 139 return: -12621745.0
Episode: 139, total reward: 10865108.0
each agent reward: 10865108.0
Episode 140 return: -12116662.0
Episode: 140, total reward: 10406817.0
each agent reward: 10406817.0
Episode 141 return: -11706683.0
Episode: 141, total reward: 10449224.0
each agent reward: 10449224.0
Episode 142 return: -11833635.0
Episode: 142, total reward: 10239881.0
each agent reward: 10239881.0
Episode 143 return: -11705130.0
Episode: 143, total reward: 10031625.0
each agent reward: 10031625.0
Episode 144 return: -12365712.0
Episode: 144, total reward: 10015075.0
each agent reward: 10015075.0
Episode 145 return: -12948746.0
Episode: 145, total reward: 10596746.0
each agent reward: 10596746.0
Episode 146 return: -12133118.0
Episode: 146, total reward: 10784687.0
each agent reward: 10784687.0
Episode 147 return: -11039921.0
Episode: 147, total reward: 10443890.0
each agent reward: 10443890.0
Episode 148 return: -12561533.0
Episode: 148, total reward: 11112258.0
each agent reward: 11112258.0
Episode 149 return: -12046453.0
Episode: 149, total reward: 10665950.0
each agent reward: 10665950.0
Episode 150 return: -11474346.0
Episode: 150, total reward: 10672766.0
each agent reward: 10672766.0
Episode 151 return: -11275225.0
Episode: 151, total reward: 10666112.0
each agent reward: 10666112.0
Episode 152 return: -11867503.0
Episode: 152, total reward: 10853287.0
each agent reward: 10853287.0
Episode 153 return: -12213097.0
Episode: 153, total reward: 10459761.0
each agent reward: 10459761.0
Episode 154 return: -11982479.0
Episode: 154, total reward: 10669837.0
each agent reward: 10669837.0
Episode 155 return: -11424035.0
Episode: 155, total reward: 10473530.0
each agent reward: 10473530.0
Episode 156 return: -11621866.0
Episode: 156, total reward: 10705633.0
each agent reward: 10705633.0
Episode 157 return: -11844065.0
Episode: 157, total reward: 10716073.0
each agent reward: 10716073.0
Episode 158 return: -11770995.0
Episode: 158, total reward: 10445800.0
each agent reward: 10445800.0
Episode 159 return: -12069188.0
Episode: 159, total reward: 10220606.0
each agent reward: 10220606.0
Episode 160 return: -12386732.0
Episode: 160, total reward: 10857275.0
each agent reward: 10857275.0
Episode 161 return: -11468648.0
Episode: 161, total reward: 10837469.0
each agent reward: 10837469.0
Episode 162 return: -11168127.0
Episode: 162, total reward: 10836943.0
each agent reward: 10836943.0
Episode 163 return: -11026141.0
Episode: 163, total reward: 10643901.0
each agent reward: 10643901.0
Episode 164 return: -11450781.0
Episode: 164, total reward: 11124317.0
each agent reward: 11124317.0
Episode 165 return: -11225758.0
Episode: 165, total reward: 10677630.0
each agent reward: 10677630.0
Episode 166 return: -11001402.0
Episode: 166, total reward: 11333309.0
each agent reward: 11333309.0
Episode 167 return: -11903959.0
Episode: 167, total reward: 11097803.0
each agent reward: 11097803.0
Episode 168 return: -10809473.0
Episode: 168, total reward: 10666392.0
each agent reward: 10666392.0
Episode 169 return: -12353550.0
Episode: 169, total reward: 10509921.0
each agent reward: 10509921.0
Episode 170 return: -12083148.0
Episode: 170, total reward: 10487897.0
each agent reward: 10487897.0
Episode 171 return: -11357290.0
Episode: 171, total reward: 10909782.0
each agent reward: 10909782.0
Episode 172 return: -11353988.0
Episode: 172, total reward: 10937639.0
each agent reward: 10937639.0
Episode 173 return: -11274426.0
Episode: 173, total reward: 10933760.0
each agent reward: 10933760.0
Episode 174 return: -10819093.0
Episode: 174, total reward: 10921868.0
each agent reward: 10921868.0
Episode 175 return: -12225656.0
Episode: 175, total reward: 10907273.0
each agent reward: 10907273.0
Episode 176 return: -11455966.0
Episode: 176, total reward: 10925443.0
each agent reward: 10925443.0
Episode 177 return: -11265733.0
Episode: 177, total reward: 10935946.0
each agent reward: 10935946.0
Episode 178 return: -11785539.0
Episode: 178, total reward: 10912085.0
each agent reward: 10912085.0
Episode 179 return: -11399960.0
Episode: 179, total reward: 10917301.0
each agent reward: 10917301.0
Episode 180 return: -10360851.0
Episode: 180, total reward: 10958190.0
each agent reward: 10958190.0
Episode 181 return: -11641819.0
Episode: 181, total reward: 10889443.0
each agent reward: 10889443.0
Episode 182 return: -11747888.0
Episode: 182, total reward: 10251049.0
each agent reward: 10251049.0
Episode 183 return: -11079895.0
Episode: 183, total reward: 10250096.0
each agent reward: 10250096.0
Episode 184 return: -11203995.0
Episode: 184, total reward: 11326966.0
each agent reward: 11326966.0
Episode 185 return: -12067190.0
Episode: 185, total reward: 10258843.0
each agent reward: 10258843.0
Episode 186 return: -10595233.0
Episode: 186, total reward: 10441341.0
each agent reward: 10441341.0
Episode 187 return: -12659180.0
Episode: 187, total reward: 10663681.0
each agent reward: 10663681.0
Episode 188 return: -11232106.0
Episode: 188, total reward: 10850366.0
each agent reward: 10850366.0
Episode 189 return: -10783418.0
Episode: 189, total reward: 10880289.0
each agent reward: 10880289.0
Episode 190 return: -11632226.0
Episode: 190, total reward: 10687322.0
each agent reward: 10687322.0
Episode 191 return: -11254423.0
Episode: 191, total reward: 10495917.0
each agent reward: 10495917.0
Episode 192 return: -11004310.0
Episode: 192, total reward: 10473126.0
each agent reward: 10473126.0
Episode 193 return: -11020571.0
Episode: 193, total reward: 10479072.0
each agent reward: 10479072.0
Episode 194 return: -10972726.0
Episode: 194, total reward: 10677254.0
each agent reward: 10677254.0
Episode 195 return: -10830236.0
Episode: 195, total reward: 10693448.0
each agent reward: 10693448.0
Episode 196 return: -11160253.0
Episode: 196, total reward: 10695552.0
each agent reward: 10695552.0
Episode 197 return: -10411935.0
Episode: 197, total reward: 10447066.0
each agent reward: 10447066.0
Episode 198 return: -12204902.0
Episode: 198, total reward: 9884860.0
each agent reward: 9884860.0
Episode 199 return: -11437271.0
Episode: 199, total reward: 9882092.0
each agent reward: 9882092.0
Episode 200 return: -11906464.0
Episode: 200, total reward: 9874163.0
each agent reward: 9874163.0
Episode 201 return: -10773128.0
Episode: 201, total reward: 9872442.0
each agent reward: 9872442.0
Episode 202 return: -11919829.0
Episode: 202, total reward: 9905981.0
each agent reward: 9905981.0
Episode 203 return: -11613972.0
Episode: 203, total reward: 9883862.0
each agent reward: 9883862.0
Episode 204 return: -11106677.0
Episode: 204, total reward: 10479619.0
each agent reward: 10479619.0
Episode 205 return: -11449419.0
Episode: 205, total reward: 10478634.0
each agent reward: 10478634.0
Episode 206 return: -10914847.0
Episode: 206, total reward: 10694318.0
each agent reward: 10694318.0
Episode 207 return: -10983040.0
Episode: 207, total reward: 10676756.0
each agent reward: 10676756.0
Episode 208 return: -11670136.0
Episode: 208, total reward: 10674558.0
each agent reward: 10674558.0
Episode 209 return: -10786640.0
Episode: 209, total reward: 10675489.0
each agent reward: 10675489.0
Episode 210 return: -11172492.0
Episode: 210, total reward: 10918322.0
each agent reward: 10918322.0
Episode 211 return: -10799969.0
Episode: 211, total reward: 10697530.0
each agent reward: 10697530.0
Episode 212 return: -11791584.0
Episode: 212, total reward: 10692943.0
each agent reward: 10692943.0
Episode 213 return: -10195761.0
Episode: 213, total reward: 10290218.0
each agent reward: 10290218.0
Episode 214 return: -11382939.0
Episode: 214, total reward: 10461247.0
each agent reward: 10461247.0
Episode 215 return: -10412063.0
Episode: 215, total reward: 10280751.0
each agent reward: 10280751.0
Episode 216 return: -11003567.0
Episode: 216, total reward: 10278484.0
each agent reward: 10278484.0
Episode 217 return: -11120212.0
Episode: 217, total reward: 10279097.0
each agent reward: 10279097.0
Episode 218 return: -11437943.0
Episode: 218, total reward: 10289705.0
each agent reward: 10289705.0
Episode 219 return: -10593366.0
Episode: 219, total reward: 10274470.0
each agent reward: 10274470.0
Episode 220 return: -11001121.0
Episode: 220, total reward: 10273867.0
each agent reward: 10273867.0
Episode 221 return: -10985203.0
Episode: 221, total reward: 10264024.0
each agent reward: 10264024.0
Episode 222 return: -10360722.0
Episode: 222, total reward: 10265099.0
each agent reward: 10265099.0
Episode 223 return: -11140284.0
Episode: 223, total reward: 10260923.0
each agent reward: 10260923.0
Episode 224 return: -11028856.0
Episode: 224, total reward: 10260951.0
each agent reward: 10260951.0
Episode 225 return: -11649298.0
Episode: 225, total reward: 10088306.0
each agent reward: 10088306.0
Episode 226 return: -10534836.0
Episode: 226, total reward: 10087937.0
each agent reward: 10087937.0
Episode 227 return: -10835877.0
Episode: 227, total reward: 10257732.0
each agent reward: 10257732.0
Episode 228 return: -10227786.0
Episode: 228, total reward: 10266899.0
each agent reward: 10266899.0
Episode 229 return: -10579768.0
Episode: 229, total reward: 10281197.0
each agent reward: 10281197.0
Episode 230 return: -10951957.0
Episode: 230, total reward: 9902829.0
each agent reward: 9902829.0
Episode 231 return: -11376255.0
Episode: 231, total reward: 9722861.0
each agent reward: 9722861.0
Episode 232 return: -10785826.0
Episode: 232, total reward: 10648707.0
each agent reward: 10648707.0
Episode 233 return: -11409790.0
Episode: 233, total reward: 10675923.0
each agent reward: 10675923.0
Episode 234 return: -11670362.0
Episode: 234, total reward: 10274598.0
each agent reward: 10274598.0
Episode 235 return: -10359086.0
Episode: 235, total reward: 10488418.0
each agent reward: 10488418.0
Episode 236 return: -10896438.0
Episode: 236, total reward: 10488418.0
each agent reward: 10488418.0
Episode 237 return: -11139902.0
Episode: 237, total reward: 10270960.0
each agent reward: 10270960.0
Episode 238 return: -10587705.0
Episode: 238, total reward: 10271588.0
each agent reward: 10271588.0
Episode 239 return: -11018797.0
Episode: 239, total reward: 10306659.0
each agent reward: 10306659.0
Episode 240 return: -10807489.0
Episode: 240, total reward: 10298703.0
each agent reward: 10298703.0
Episode 241 return: -10966288.0
Episode: 241, total reward: 10299400.0
each agent reward: 10299400.0
Episode 242 return: -11272838.0
Episode: 242, total reward: 9718761.0
each agent reward: 9718761.0
Episode 243 return: -10760562.0
Episode: 243, total reward: 9905000.0
each agent reward: 9905000.0
Episode 244 return: -10859868.0
Episode: 244, total reward: 9733676.0
each agent reward: 9733676.0
Episode 245 return: -10867391.0
Episode: 245, total reward: 9748183.0
each agent reward: 9748183.0
Episode 246 return: -11137572.0
Episode: 246, total reward: 9732623.0
each agent reward: 9732623.0
Episode 247 return: -10740025.0
Episode: 247, total reward: 9729840.0
each agent reward: 9729840.0
Episode 248 return: -9978361.0
Episode: 248, total reward: 9728126.0
each agent reward: 9728126.0
Episode 249 return: -11020225.0
Episode: 249, total reward: 10104140.0
each agent reward: 10104140.0
Episode 250 return: -10776057.0
Episode: 250, total reward: 9725712.0
each agent reward: 9725712.0
Episode 251 return: -10580506.0
Episode: 251, total reward: 9734929.0
each agent reward: 9734929.0
Episode 252 return: -10569718.0
Episode: 252, total reward: 9738366.0
each agent reward: 9738366.0
Episode 253 return: -10781451.0
Episode: 253, total reward: 9736183.0
each agent reward: 9736183.0
Episode 254 return: -10164572.0
Episode: 254, total reward: 9736183.0
each agent reward: 9736183.0
Episode 255 return: -10530130.0
Episode: 255, total reward: 9735374.0
each agent reward: 9735374.0
Episode 256 return: -10571108.0
Episode: 256, total reward: 9717538.0
each agent reward: 9717538.0
Episode 257 return: -10157584.0
Episode: 257, total reward: 9727950.0
each agent reward: 9727950.0
Episode 258 return: -11367406.0
Episode: 258, total reward: 9731030.0
each agent reward: 9731030.0
Episode 259 return: -10455739.0
Episode: 259, total reward: 9730811.0
each agent reward: 9730811.0
Episode 260 return: -10600271.0
Episode: 260, total reward: 9727508.0
each agent reward: 9727508.0
Episode 261 return: -10798680.0
Episode: 261, total reward: 9739686.0
each agent reward: 9739686.0
Episode 262 return: -10783443.0
Episode: 262, total reward: 9751057.0
each agent reward: 9751057.0
Episode 263 return: -10388437.0
Episode: 263, total reward: 9750157.0
each agent reward: 9750157.0
Episode 264 return: -10643311.0
Episode: 264, total reward: 9748848.0
each agent reward: 9748848.0
Episode 265 return: -10823420.0
Episode: 265, total reward: 9738468.0
each agent reward: 9738468.0
Episode 266 return: -10385962.0
Episode: 266, total reward: 9739858.0
each agent reward: 9739858.0
Episode 267 return: -10401965.0
Episode: 267, total reward: 9749698.0
each agent reward: 9749698.0
Episode 268 return: -10561272.0
Episode: 268, total reward: 9739762.0
each agent reward: 9739762.0
Episode 269 return: -10575220.0
Episode: 269, total reward: 9739867.0
each agent reward: 9739867.0
Episode 270 return: -11044625.0
Episode: 270, total reward: 9743515.0
each agent reward: 9743515.0
Episode 271 return: -10776717.0
Episode: 271, total reward: 9742634.0
each agent reward: 9742634.0
Episode 272 return: -10568231.0
Episode: 272, total reward: 9743318.0
each agent reward: 9743318.0
Episode 273 return: -11345797.0
Episode: 273, total reward: 9743092.0
each agent reward: 9743092.0
Episode 274 return: -10343833.0
Episode: 274, total reward: 9733217.0
each agent reward: 9733217.0
Episode 275 return: -10371705.0
Episode: 275, total reward: 9913579.0
each agent reward: 9913579.0
Episode 276 return: -10834765.0
Episode: 276, total reward: 9731831.0
each agent reward: 9731831.0
Episode 277 return: -9767748.0
Episode: 277, total reward: 9725236.0
each agent reward: 9725236.0
Episode 278 return: -10314068.0
Episode: 278, total reward: 9738044.0
each agent reward: 9738044.0
Episode 279 return: -9999536.0
Episode: 279, total reward: 9729070.0
each agent reward: 9729070.0
Episode 280 return: -10751444.0
Episode: 280, total reward: 9727015.0
each agent reward: 9727015.0
Episode 281 return: -11032942.0
Episode: 281, total reward: 9722598.0
each agent reward: 9722598.0
Episode 282 return: -9954611.0
Episode: 282, total reward: 9883975.0
each agent reward: 9883975.0
Episode 283 return: -10358465.0
Episode: 283, total reward: 9893390.0
each agent reward: 9893390.0
Episode 284 return: -10144363.0
Episode: 284, total reward: 9722756.0
each agent reward: 9722756.0
Episode 285 return: -9966160.0
Episode: 285, total reward: 9731393.0
each agent reward: 9731393.0
Episode 286 return: -10956977.0
Episode: 286, total reward: 9735845.0
each agent reward: 9735845.0
Episode 287 return: -10225222.0
Episode: 287, total reward: 9743157.0
each agent reward: 9743157.0
Episode 288 return: -10426074.0
Episode: 288, total reward: 9745679.0
each agent reward: 9745679.0
Episode 289 return: -10340300.0
Episode: 289, total reward: 9745763.0
each agent reward: 9745763.0
Episode 290 return: -11172823.0
Episode: 290, total reward: 9739943.0
each agent reward: 9739943.0
Episode 291 return: -10392690.0
Episode: 291, total reward: 9750693.0
each agent reward: 9750693.0
Episode 292 return: -10179203.0
Episode: 292, total reward: 9752074.0
each agent reward: 9752074.0
Episode 293 return: -10601354.0
Episode: 293, total reward: 9752488.0
each agent reward: 9752488.0
Episode 294 return: -10372859.0
Episode: 294, total reward: 9752702.0
each agent reward: 9752702.0
Episode 295 return: -10172039.0
Episode: 295, total reward: 9752378.0
each agent reward: 9752378.0
Episode 296 return: -10543948.0
Episode: 296, total reward: 9758476.0
each agent reward: 9758476.0
Episode 297 return: -10205567.0
Episode: 297, total reward: 9755247.0
each agent reward: 9755247.0
Episode 298 return: -10859107.0
Episode: 298, total reward: 9756317.0
each agent reward: 9756317.0
Episode 299 return: -10432766.0
Episode: 299, total reward: 9745661.0
each agent reward: 9745661.0
Episode 300 return: -10403256.0
Episode: 300, total reward: 9745827.0
each agent reward: 9745827.0
Episode 301 return: -9941297.0
Episode: 301, total reward: 9757065.0
each agent reward: 9757065.0
Episode 302 return: -10574703.0
Episode: 302, total reward: 9760032.0
each agent reward: 9760032.0
Episode 303 return: -10404995.0
Episode: 303, total reward: 9758281.0
each agent reward: 9758281.0
Episode 304 return: -9784210.0
Episode: 304, total reward: 9767278.0
each agent reward: 9767278.0
Episode 305 return: -9989258.0
Episode: 305, total reward: 9756291.0
each agent reward: 9756291.0
Episode 306 return: -10182176.0
Episode: 306, total reward: 9758455.0
each agent reward: 9758455.0
Episode 307 return: -9971686.0
Episode: 307, total reward: 9769461.0
each agent reward: 9769461.0
Episode 308 return: -9959554.0
Episode: 308, total reward: 9767146.0
each agent reward: 9767146.0
Episode 309 return: -9799341.0
Episode: 309, total reward: 9757307.0
each agent reward: 9757307.0
Episode 310 return: -10345744.0
Episode: 310, total reward: 9760056.0
each agent reward: 9760056.0
Episode 311 return: -10354142.0
Episode: 311, total reward: 9777374.0
each agent reward: 9777374.0
Episode 312 return: -10400473.0
Episode: 312, total reward: 9778311.0
each agent reward: 9778311.0
Episode 313 return: -10021838.0
Episode: 313, total reward: 9779880.0
each agent reward: 9779880.0
Episode 314 return: -10171810.0
Episode: 314, total reward: 9780986.0
each agent reward: 9780986.0
Episode 315 return: -10178942.0
Episode: 315, total reward: 9778984.0
each agent reward: 9778984.0
Episode 316 return: -10158303.0
Episode: 316, total reward: 9769653.0
each agent reward: 9769653.0
Episode 317 return: -10385308.0
Episode: 317, total reward: 9766730.0
each agent reward: 9766730.0
Episode 318 return: -10018993.0
Episode: 318, total reward: 9760253.0
each agent reward: 9760253.0
Episode 319 return: -9968022.0
Episode: 319, total reward: 9753402.0
each agent reward: 9753402.0
Episode 320 return: -10397097.0
Episode: 320, total reward: 9756030.0
each agent reward: 9756030.0
Episode 321 return: -10166623.0
Episode: 321, total reward: 9754176.0
each agent reward: 9754176.0
Episode 322 return: -10168162.0
Episode: 322, total reward: 9752694.0
each agent reward: 9752694.0
Episode 323 return: -10001649.0
Episode: 323, total reward: 9755218.0
each agent reward: 9755218.0
Episode 324 return: -10421756.0
Episode: 324, total reward: 9770414.0
each agent reward: 9770414.0
Episode 325 return: -9951790.0
Episode: 325, total reward: 9781866.0
each agent reward: 9781866.0
Episode 326 return: -9994516.0
Episode: 326, total reward: 9781992.0
each agent reward: 9781992.0
Episode 327 return: -9956483.0
Episode: 327, total reward: 9783504.0
each agent reward: 9783504.0
Episode 328 return: -9807170.0
Episode: 328, total reward: 9784165.0
each agent reward: 9784165.0
Episode 329 return: -9791399.0
Episode: 329, total reward: 9782997.0
each agent reward: 9782997.0
Episode 330 return: -9780571.0
Episode: 330, total reward: 9781362.0
each agent reward: 9781362.0
Episode 331 return: -9791931.0
Episode: 331, total reward: 9781886.0
each agent reward: 9781886.0
Episode 332 return: -10643954.0
Episode: 332, total reward: 9782787.0
each agent reward: 9782787.0
Episode 333 return: -9956983.0
Episode: 333, total reward: 9782514.0
each agent reward: 9782514.0
Episode 334 return: -10200216.0
Episode: 334, total reward: 9770526.0
each agent reward: 9770526.0
Episode 335 return: -9968692.0
Episode: 335, total reward: 9772151.0
each agent reward: 9772151.0
Episode 336 return: -10165239.0
Episode: 336, total reward: 9773161.0
each agent reward: 9773161.0
Episode 337 return: -10378418.0
Episode: 337, total reward: 9770565.0
each agent reward: 9770565.0
Episode 338 return: -9947676.0
Episode: 338, total reward: 9762533.0
each agent reward: 9762533.0
Episode 339 return: -9938624.0
Episode: 339, total reward: 9775110.0
each agent reward: 9775110.0
Episode 340 return: -10199116.0
Episode: 340, total reward: 9780844.0
each agent reward: 9780844.0
Episode 341 return: -9800115.0
Episode: 341, total reward: 9782507.0
each agent reward: 9782507.0
Episode 342 return: -9993192.0
Episode: 342, total reward: 9774414.0
each agent reward: 9774414.0
Episode 343 return: -10012317.0
Episode: 343, total reward: 9773863.0
each agent reward: 9773863.0
Episode 344 return: -10001581.0
Episode: 344, total reward: 9778677.0
each agent reward: 9778677.0
Episode 345 return: -10042442.0
Episode: 345, total reward: 9782523.0
each agent reward: 9782523.0
Episode 346 return: -10419176.0
Episode: 346, total reward: 9782960.0
each agent reward: 9782960.0
Episode 347 return: -10018694.0
Episode: 347, total reward: 9781454.0
each agent reward: 9781454.0
Episode 348 return: -9997992.0
Episode: 348, total reward: 9771058.0
each agent reward: 9771058.0
Episode 349 return: -10037864.0
Episode: 349, total reward: 9772664.0
each agent reward: 9772664.0
Episode 350 return: -10138780.0
Episode: 350, total reward: 9782254.0
each agent reward: 9782254.0
Episode 351 return: -9979300.0
Episode: 351, total reward: 9775081.0
each agent reward: 9775081.0
Episode 352 return: -9955860.0
Episode: 352, total reward: 9783857.0
each agent reward: 9783857.0
Episode 353 return: -9821555.0
Episode: 353, total reward: 9783857.0
each agent reward: 9783857.0
Episode 354 return: -10370033.0
Episode: 354, total reward: 9782420.0
each agent reward: 9782420.0
Episode 355 return: -10031719.0
Episode: 355, total reward: 9782420.0
each agent reward: 9782420.0
Episode 356 return: -9983644.0
Episode: 356, total reward: 9782420.0
each agent reward: 9782420.0
Episode 357 return: -9940835.0
Episode: 357, total reward: 9782960.0
each agent reward: 9782960.0
Episode 358 return: -9792476.0
Episode: 358, total reward: 9782960.0
each agent reward: 9782960.0
Episode 359 return: -10157887.0
Episode: 359, total reward: 9783932.0
each agent reward: 9783932.0
Episode 360 return: -10003228.0
Episode: 360, total reward: 9783932.0
each agent reward: 9783932.0
Episode 361 return: -9955891.0
Episode: 361, total reward: 9782960.0
each agent reward: 9782960.0
Episode 362 return: -10004665.0
Episode: 362, total reward: 9782420.0
each agent reward: 9782420.0
Episode 363 return: -9810903.0
Episode: 363, total reward: 9782420.0
each agent reward: 9782420.0
Episode 364 return: -10055676.0
Episode: 364, total reward: 9782420.0
each agent reward: 9782420.0
Episode 365 return: -10195375.0
Episode: 365, total reward: 9783503.0
each agent reward: 9783503.0
Episode 366 return: -9971386.0
Episode: 366, total reward: 9782420.0
each agent reward: 9782420.0
Episode 367 return: -10138278.0
Episode: 367, total reward: 9782420.0
each agent reward: 9782420.0
Episode 368 return: -10238403.0
Episode: 368, total reward: 9783453.0
each agent reward: 9783453.0
Episode 369 return: -9980259.0
Episode: 369, total reward: 9783453.0
each agent reward: 9783453.0
Episode 370 return: -10029280.0
Episode: 370, total reward: 9782420.0
each agent reward: 9782420.0
Episode 371 return: -9985061.0
Episode: 371, total reward: 9781528.0
each agent reward: 9781528.0
Episode 372 return: -9835637.0
Episode: 372, total reward: 9771233.0
each agent reward: 9771233.0
Episode 373 return: -9776249.0
Episode: 373, total reward: 9771233.0
each agent reward: 9771233.0
Episode 374 return: -9814765.0
Episode: 374, total reward: 9772124.0
each agent reward: 9772124.0
Episode 375 return: -10012495.0
Episode: 375, total reward: 9772124.0
each agent reward: 9772124.0
Episode 376 return: -10169984.0
Episode: 376, total reward: 9771719.0
each agent reward: 9771719.0
Episode 377 return: -9785496.0
Episode: 377, total reward: 9780921.0
each agent reward: 9780921.0
Episode 378 return: -9811368.0
Episode: 378, total reward: 9786503.0
each agent reward: 9786503.0
Episode 379 return: -10175379.0
Episode: 379, total reward: 9787982.0
each agent reward: 9787982.0
Episode 380 return: -9818867.0
Episode: 380, total reward: 9788755.0
each agent reward: 9788755.0
Episode 381 return: -9826281.0
Episode: 381, total reward: 9790661.0
each agent reward: 9790661.0
Episode 382 return: -9788887.0
Episode: 382, total reward: 9788755.0
each agent reward: 9788755.0
Episode 383 return: -10208702.0
Episode: 383, total reward: 9788755.0
each agent reward: 9788755.0
Episode 384 return: -10000109.0
Episode: 384, total reward: 9788566.0
each agent reward: 9788566.0
Episode 385 return: -10008812.0
Episode: 385, total reward: 9788566.0
each agent reward: 9788566.0
Episode 386 return: -9808017.0
Episode: 386, total reward: 9788566.0
each agent reward: 9788566.0
Episode 387 return: -9802736.0
Episode: 387, total reward: 9781798.0
each agent reward: 9781798.0
Episode 388 return: -9959128.0
Episode: 388, total reward: 9781528.0
each agent reward: 9781528.0
Episode 389 return: -10196597.0
Episode: 389, total reward: 9766909.0
each agent reward: 9766909.0
Episode 390 return: -10365912.0
Episode: 390, total reward: 9768249.0
each agent reward: 9768249.0
Episode 391 return: -9793508.0
Episode: 391, total reward: 9779609.0
each agent reward: 9779609.0
Episode 392 return: -10359115.0
Episode: 392, total reward: 9776701.0
each agent reward: 9776701.0
Episode 393 return: -10148234.0
Episode: 393, total reward: 9773946.0
each agent reward: 9773946.0
Episode 394 return: -9976714.0
Episode: 394, total reward: 9775344.0
each agent reward: 9775344.0
Episode 395 return: -9810182.0
Episode: 395, total reward: 9777971.0
each agent reward: 9777971.0
Episode 396 return: -10018779.0
Episode: 396, total reward: 9777971.0
each agent reward: 9777971.0
Episode 397 return: -9970135.0
Episode: 397, total reward: 9774135.0
each agent reward: 9774135.0
Episode 398 return: -9802794.0
Episode: 398, total reward: 9781754.0
each agent reward: 9781754.0
Episode 399 return: -9809978.0
Episode: 399, total reward: 9785106.0
each agent reward: 9785106.0
Episode 400 return: -9991581.0
Episode: 400, total reward: 9775286.0
each agent reward: 9775286.0
Episode 401 return: -9790930.0
Episode: 401, total reward: 9775286.0
each agent reward: 9775286.0
Episode 402 return: -9979607.0
Episode: 402, total reward: 9773946.0
each agent reward: 9773946.0
Episode 403 return: -10033928.0
Episode: 403, total reward: 9774095.0
each agent reward: 9774095.0
Episode 404 return: -9960039.0
Episode: 404, total reward: 9774536.0
each agent reward: 9774536.0
Episode 405 return: -10215705.0
Episode: 405, total reward: 9774126.0
each agent reward: 9774126.0
Episode 406 return: -9816922.0
Episode: 406, total reward: 9776450.0
each agent reward: 9776450.0
Episode 407 return: -10167493.0
Episode: 407, total reward: 9776450.0
each agent reward: 9776450.0
Episode 408 return: -10006269.0
Episode: 408, total reward: 9776450.0
each agent reward: 9776450.0
Episode 409 return: -10039777.0
Episode: 409, total reward: 9776450.0
each agent reward: 9776450.0
Episode 410 return: -10401230.0
Episode: 410, total reward: 9776450.0
each agent reward: 9776450.0
Episode 411 return: -10205274.0
Episode: 411, total reward: 9774126.0
each agent reward: 9774126.0
Episode 412 return: -10007162.0
Episode: 412, total reward: 9774126.0
each agent reward: 9774126.0
Episode 413 return: -10130810.0
Episode: 413, total reward: 9774177.0
each agent reward: 9774177.0
Episode 414 return: -9998547.0
Episode: 414, total reward: 9773946.0
each agent reward: 9773946.0
Episode 415 return: -9786504.0
Episode: 415, total reward: 9785196.0
each agent reward: 9785196.0
Episode 416 return: -10037113.0
Episode: 416, total reward: 9785154.0
each agent reward: 9785154.0
Episode 417 return: -9792593.0
Episode: 417, total reward: 9793974.0
each agent reward: 9793974.0
Episode 418 return: -9770345.0
Episode: 418, total reward: 9794375.0
each agent reward: 9794375.0
Episode 419 return: -9801658.0
Episode: 419, total reward: 9794375.0
each agent reward: 9794375.0
Episode 420 return: -9812864.0
Episode: 420, total reward: 9793974.0
each agent reward: 9793974.0
Episode 421 return: -10022752.0
Episode: 421, total reward: 9783355.0
each agent reward: 9783355.0
Episode 422 return: -9799320.0
Episode: 422, total reward: 9783355.0
each agent reward: 9783355.0
Episode 423 return: -9784640.0
Episode: 423, total reward: 9783355.0
each agent reward: 9783355.0
Episode 424 return: -10030455.0
Episode: 424, total reward: 9783355.0
each agent reward: 9783355.0
Episode 425 return: -10006869.0
Episode: 425, total reward: 9782954.0
each agent reward: 9782954.0
Episode 426 return: -9829560.0
Episode: 426, total reward: 9783437.0
each agent reward: 9783437.0
Episode 427 return: -10209370.0
Episode: 427, total reward: 9793836.0
each agent reward: 9793836.0
Episode 428 return: -9993842.0
Episode: 428, total reward: 9793395.0
each agent reward: 9793395.0
Episode 429 return: -10021345.0
Episode: 429, total reward: 9795660.0
each agent reward: 9795660.0
Episode 430 return: -10039201.0
Episode: 430, total reward: 9784582.0
each agent reward: 9784582.0
Episode 431 return: -10228194.0
Episode: 431, total reward: 9787378.0
each agent reward: 9787378.0
Episode 432 return: -9785820.0
Episode: 432, total reward: 9786740.0
each agent reward: 9786740.0
Episode 433 return: -10229776.0
Episode: 433, total reward: 9784582.0
each agent reward: 9784582.0
Episode 434 return: -10184843.0
Episode: 434, total reward: 9795668.0
each agent reward: 9795668.0
Episode 435 return: -9803039.0
Episode: 435, total reward: 9793344.0
each agent reward: 9793344.0
Episode 436 return: -10139578.0
Episode: 436, total reward: 9793353.0
each agent reward: 9793353.0
Episode 437 return: -10039457.0
Episode: 437, total reward: 9793353.0
each agent reward: 9793353.0
Episode 438 return: -10200012.0
Episode: 438, total reward: 9793353.0
each agent reward: 9793353.0
Episode 439 return: -9822024.0
Episode: 439, total reward: 9793746.0
each agent reward: 9793746.0
Episode 440 return: -10008223.0
Episode: 440, total reward: 9793395.0
each agent reward: 9793395.0
Episode 441 return: -10060327.0
Episode: 441, total reward: 9793164.0
each agent reward: 9793164.0
Episode 442 return: -9828962.0
Episode: 442, total reward: 9793395.0
each agent reward: 9793395.0
Episode 443 return: -9822015.0
Episode: 443, total reward: 9793836.0
each agent reward: 9793836.0
Episode 444 return: -10027647.0
Episode: 444, total reward: 9795668.0
each agent reward: 9795668.0
Episode 445 return: -10004078.0
Episode: 445, total reward: 9795668.0
each agent reward: 9795668.0
Episode 446 return: -9987918.0
Episode: 446, total reward: 9795668.0
each agent reward: 9795668.0
Episode 447 return: -10195732.0
Episode: 447, total reward: 9795668.0
each agent reward: 9795668.0
Episode 448 return: -9806029.0
Episode: 448, total reward: 9795668.0
each agent reward: 9795668.0
Episode 449 return: -10013462.0
Episode: 449, total reward: 9793836.0
each agent reward: 9793836.0
Episode 450 return: -9822981.0
Episode: 450, total reward: 9793395.0
each agent reward: 9793395.0
Episode 451 return: -10209395.0
Episode: 451, total reward: 9793344.0
each agent reward: 9793344.0
Episode 452 return: -9800140.0
Episode: 452, total reward: 9795903.0
each agent reward: 9795903.0
Episode 453 return: -10029759.0
Episode: 453, total reward: 9796619.0
each agent reward: 9796619.0
Episode 454 return: -10014387.0
Episode: 454, total reward: 9807639.0
each agent reward: 9807639.0
Episode 455 return: -9794305.0
Episode: 455, total reward: 9807378.0
each agent reward: 9807378.0
Episode 456 return: -9830807.0
Episode: 456, total reward: 9795704.0
each agent reward: 9795704.0
Episode 457 return: -10160684.0
Episode: 457, total reward: 9795242.0
each agent reward: 9795242.0
Episode 458 return: -9812411.0
Episode: 458, total reward: 9795668.0
each agent reward: 9795668.0
Episode 459 return: -10177435.0
Episode: 459, total reward: 9795668.0
each agent reward: 9795668.0
Episode 460 return: -10017435.0
Episode: 460, total reward: 9795668.0
each agent reward: 9795668.0
Episode 461 return: -9970951.0
Episode: 461, total reward: 9795668.0
each agent reward: 9795668.0
Episode 462 return: -9997635.0
Episode: 462, total reward: 9793344.0
each agent reward: 9793344.0
Episode 463 return: -9999213.0
Episode: 463, total reward: 9793344.0
each agent reward: 9793344.0
Episode 464 return: -10201161.0
Episode: 464, total reward: 9793434.0
each agent reward: 9793434.0
Episode 465 return: -9807147.0
Episode: 465, total reward: 9793836.0
each agent reward: 9793836.0
Episode 466 return: -9813563.0
Episode: 466, total reward: 9793395.0
each agent reward: 9793395.0
Episode 467 return: -10005906.0
Episode: 467, total reward: 9793836.0
each agent reward: 9793836.0
Episode 468 return: -9798924.0
Episode: 468, total reward: 9793434.0
each agent reward: 9793434.0
Episode 469 return: -10240812.0
Episode: 469, total reward: 9793434.0
each agent reward: 9793434.0
Episode 470 return: -9801411.0
Episode: 470, total reward: 9793434.0
each agent reward: 9793434.0
Episode 471 return: -9793934.0
Episode: 471, total reward: 9793434.0
each agent reward: 9793434.0
Episode 472 return: -9801434.0
Episode: 472, total reward: 9793395.0
each agent reward: 9793395.0
Episode 473 return: -10184567.0
Episode: 473, total reward: 9793395.0
each agent reward: 9793395.0
Episode 474 return: -9795688.0
Episode: 474, total reward: 9795660.0
each agent reward: 9795660.0
Episode 475 return: -10197212.0
Episode: 475, total reward: 9795660.0
each agent reward: 9795660.0
Episode 476 return: -9965002.0
Episode: 476, total reward: 9795668.0
each agent reward: 9795668.0
Episode 477 return: -10192231.0
Episode: 477, total reward: 9795668.0
each agent reward: 9795668.0
Episode 478 return: -9999930.0
Episode: 478, total reward: 9794295.0
each agent reward: 9794295.0
Episode 479 return: -10000237.0
Episode: 479, total reward: 9793945.0
each agent reward: 9793945.0
Episode 480 return: -9815559.0
Episode: 480, total reward: 9794295.0
each agent reward: 9794295.0
Episode 481 return: -9853992.0
Episode: 481, total reward: 9793344.0
each agent reward: 9793344.0
Episode 482 return: -9808228.0
Episode: 482, total reward: 9793984.0
each agent reward: 9793984.0
Episode 483 return: -9807322.0
Episode: 483, total reward: 9794386.0
each agent reward: 9794386.0
Episode 484 return: -9986882.0
Episode: 484, total reward: 9795285.0
each agent reward: 9795285.0
Episode 485 return: -9781608.0
Episode: 485, total reward: 9795285.0
each agent reward: 9795285.0
Episode 486 return: -10212407.0
Episode: 486, total reward: 9793888.0
each agent reward: 9793888.0
Episode 487 return: -9811054.0
Episode: 487, total reward: 9793888.0
each agent reward: 9793888.0
Episode 488 return: -9823397.0
Episode: 488, total reward: 9794735.0
each agent reward: 9794735.0
Episode 489 return: -10041272.0
Episode: 489, total reward: 9794735.0
each agent reward: 9794735.0
Episode 490 return: -9994297.0
Episode: 490, total reward: 9793454.0
each agent reward: 9793454.0
Episode 491 return: -10014726.0
Episode: 491, total reward: 9794735.0
each agent reward: 9794735.0
Episode 492 return: -9996203.0
Episode: 492, total reward: 9795285.0
each agent reward: 9795285.0
Episode 493 return: -10192462.0
Episode: 493, total reward: 9795285.0
each agent reward: 9795285.0
Episode 494 return: -9808477.0
Episode: 494, total reward: 9795285.0
each agent reward: 9795285.0
Episode 495 return: -9813410.0
Episode: 495, total reward: 9795285.0
each agent reward: 9795285.0
Episode 496 return: -9812661.0
Episode: 496, total reward: 9794386.0
each agent reward: 9794386.0
Episode 497 return: -10019214.0
Episode: 497, total reward: 9794386.0
each agent reward: 9794386.0
Episode 498 return: -9998941.0
Episode: 498, total reward: 9793945.0
each agent reward: 9793945.0
Episode 499 return: -10166873.0
Episode: 499, total reward: 9793836.0
each agent reward: 9793836.0
Episode 500 return: -9803133.0
Episode: 500, total reward: 9793746.0
each agent reward: 9793746.0
Episode 501 return: -10012687.0
Episode: 501, total reward: 9795176.0
each agent reward: 9795176.0
Episode 502 return: -9809823.0
Episode: 502, total reward: 9795285.0
each agent reward: 9795285.0
Episode 503 return: -10009046.0
Episode: 503, total reward: 9795285.0
each agent reward: 9795285.0
Episode 504 return: -10002480.0
Episode: 504, total reward: 9795140.0
each agent reward: 9795140.0
Episode 505 return: -9865109.0
Episode: 505, total reward: 9795140.0
each agent reward: 9795140.0
Episode 506 return: -9802226.0
Episode: 506, total reward: 9796607.0
each agent reward: 9796607.0
Episode 507 return: -9813858.0
Episode: 507, total reward: 9795660.0
each agent reward: 9795660.0
Episode 508 return: -9807564.0
Episode: 508, total reward: 9796607.0
each agent reward: 9796607.0
Episode 509 return: -9845338.0
Episode: 509, total reward: 9796607.0
each agent reward: 9796607.0
Episode 510 return: -10263680.0
Episode: 510, total reward: 9795660.0
each agent reward: 9795660.0
Episode 511 return: -9800638.0
Episode: 511, total reward: 9795660.0
each agent reward: 9795660.0
Episode 512 return: -9862532.0
Episode: 512, total reward: 9797818.0
each agent reward: 9797818.0
Episode 513 return: -9815798.0
Episode: 513, total reward: 9795660.0
each agent reward: 9795660.0
Episode 514 return: -9817548.0
Episode: 514, total reward: 9796607.0
each agent reward: 9796607.0
Episode 515 return: -10040702.0
Episode: 515, total reward: 9796607.0
each agent reward: 9796607.0
Episode 516 return: -10035849.0
Episode: 516, total reward: 9796607.0
each agent reward: 9796607.0
Episode 517 return: -10008034.0
Episode: 517, total reward: 9801991.0
each agent reward: 9801991.0
Episode 518 return: -9815368.0
Episode: 518, total reward: 9804704.0
each agent reward: 9804704.0
Episode 519 return: -9811150.0
Episode: 519, total reward: 9805716.0
each agent reward: 9805716.0
Episode 520 return: -9806225.0
Episode: 520, total reward: 9805718.0
each agent reward: 9805718.0
Episode 521 return: -10225018.0
Episode: 521, total reward: 9797193.0
each agent reward: 9797193.0
Episode 522 return: -9822453.0
Episode: 522, total reward: 9797619.0
each agent reward: 9797619.0
Episode 523 return: -9815418.0
Episode: 523, total reward: 9796607.0
each agent reward: 9796607.0
Episode 524 return: -9811494.0
Episode: 524, total reward: 9796607.0
each agent reward: 9796607.0
Episode 525 return: -9808268.0
Episode: 525, total reward: 9796607.0
each agent reward: 9796607.0
Episode 526 return: -10021260.0
Episode: 526, total reward: 9796607.0
each agent reward: 9796607.0
Episode 527 return: -9831331.0
Episode: 527, total reward: 9796607.0
each agent reward: 9796607.0
Episode 528 return: -10065540.0
Episode: 528, total reward: 9796607.0
each agent reward: 9796607.0
Episode 529 return: -9811777.0
Episode: 529, total reward: 9793894.0
each agent reward: 9793894.0
Episode 530 return: -10170003.0
Episode: 530, total reward: 9793894.0
each agent reward: 9793894.0
Episode 531 return: -10043926.0
Episode: 531, total reward: 9803382.0
each agent reward: 9803382.0
Episode 532 return: -10235068.0
Episode: 532, total reward: 9802332.0
each agent reward: 9802332.0
Episode 533 return: -9792644.0
Episode: 533, total reward: 9795725.0
each agent reward: 9795725.0
Episode 534 return: -10025396.0
Episode: 534, total reward: 9795725.0
each agent reward: 9795725.0
Episode 535 return: -9984969.0
Episode: 535, total reward: 9795140.0
each agent reward: 9795140.0
Episode 536 return: -9999886.0
Episode: 536, total reward: 9802836.0
each agent reward: 9802836.0
Episode 537 return: -10011832.0
Episode: 537, total reward: 9802836.0
each agent reward: 9802836.0
Episode 538 return: -10019412.0
Episode: 538, total reward: 9803822.0
each agent reward: 9803822.0
Episode 539 return: -9809354.0
Episode: 539, total reward: 9802836.0
each agent reward: 9802836.0
Episode 540 return: -9838108.0
Episode: 540, total reward: 9794739.0
each agent reward: 9794739.0
Episode 541 return: -9805190.0
Episode: 541, total reward: 9797452.0
each agent reward: 9797452.0
Episode 542 return: -10012558.0
Episode: 542, total reward: 9797452.0
each agent reward: 9797452.0
Episode 543 return: -9785090.0
Episode: 543, total reward: 9798518.0
each agent reward: 9798518.0
Episode 544 return: -10040329.0
Episode: 544, total reward: 9797840.0
each agent reward: 9797840.0
Episode 545 return: -10007829.0
Episode: 545, total reward: 9797185.0
each agent reward: 9797185.0
Episode 546 return: -9798517.0
Episode: 546, total reward: 9808838.0
each agent reward: 9808838.0
Episode 547 return: -9801060.0
Episode: 547, total reward: 9807627.0
each agent reward: 9807627.0
Episode 548 return: -10053500.0
Episode: 548, total reward: 9807627.0
each agent reward: 9807627.0
Episode 549 return: -10008733.0
Episode: 549, total reward: 9807627.0
each agent reward: 9807627.0
Episode 550 return: -9810422.0
Episode: 550, total reward: 9805650.0
each agent reward: 9805650.0
Episode 551 return: -10030203.0
Episode: 551, total reward: 9805650.0
each agent reward: 9805650.0
Episode 552 return: -9815474.0
Episode: 552, total reward: 9804704.0
each agent reward: 9804704.0
Episode 553 return: -9839803.0
Episode: 553, total reward: 9804704.0
each agent reward: 9804704.0
Episode 554 return: -10015611.0
Episode: 554, total reward: 9804704.0
each agent reward: 9804704.0
Episode 555 return: -10014358.0
Episode: 555, total reward: 9804704.0
each agent reward: 9804704.0
Episode 556 return: -10211897.0
Episode: 556, total reward: 9804704.0
each agent reward: 9804704.0
Episode 557 return: -10002375.0
Episode: 557, total reward: 9806296.0
each agent reward: 9806296.0
Episode 558 return: -10012525.0
Episode: 558, total reward: 9802392.0
each agent reward: 9802392.0
Episode 559 return: -10411927.0
Episode: 559, total reward: 9805156.0
each agent reward: 9805156.0
Episode 560 return: -10209859.0
Episode: 560, total reward: 9805935.0
each agent reward: 9805935.0
Episode 561 return: -10214143.0
Episode: 561, total reward: 9805650.0
each agent reward: 9805650.0
Episode 562 return: -9982942.0
Episode: 562, total reward: 9805650.0
each agent reward: 9805650.0
Episode 563 return: -10175934.0
Episode: 563, total reward: 9805935.0
each agent reward: 9805935.0
Episode 564 return: -9980662.0
Episode: 564, total reward: 9804704.0
each agent reward: 9804704.0
Episode 565 return: -9824326.0
Episode: 565, total reward: 9805156.0
each agent reward: 9805156.0
Episode 566 return: -9826742.0
Episode: 566, total reward: 9805156.0
each agent reward: 9805156.0
Episode 567 return: -9814953.0
Episode: 567, total reward: 9812766.0
each agent reward: 9812766.0
Episode 568 return: -10023183.0
Episode: 568, total reward: 9813352.0
each agent reward: 9813352.0
Episode 569 return: -9817609.0
Episode: 569, total reward: 9802332.0
each agent reward: 9802332.0
Episode 570 return: -9794445.0
Episode: 570, total reward: 9813352.0
each agent reward: 9813352.0
Episode 571 return: -9817674.0
Episode: 571, total reward: 9802332.0
each agent reward: 9802332.0
Episode 572 return: -10044771.0
Episode: 572, total reward: 9802332.0
each agent reward: 9802332.0
Episode 573 return: -10030418.0
Episode: 573, total reward: 9802332.0
each agent reward: 9802332.0
Episode 574 return: -9992711.0
Episode: 574, total reward: 9802332.0
each agent reward: 9802332.0
Episode 575 return: -10163754.0
Episode: 575, total reward: 9802332.0
each agent reward: 9802332.0
Episode 576 return: -9990864.0
Episode: 576, total reward: 9802332.0
each agent reward: 9802332.0
Episode 577 return: -10428973.0
Episode: 577, total reward: 9802536.0
each agent reward: 9802536.0
Episode 578 return: -10005198.0
Episode: 578, total reward: 9806000.0
each agent reward: 9806000.0
Episode 579 return: -10012852.0
Episode: 579, total reward: 9813352.0
each agent reward: 9813352.0
Episode 580 return: -9810063.0
Episode: 580, total reward: 9813556.0
each agent reward: 9813556.0
Episode 581 return: -9805068.0
Episode: 581, total reward: 9813556.0
each agent reward: 9813556.0
Episode 582 return: -9840536.0
Episode: 582, total reward: 9812766.0
each agent reward: 9812766.0
Episode 583 return: -10025759.0
Episode: 583, total reward: 9813352.0
each agent reward: 9813352.0
Episode 584 return: -9986466.0
Episode: 584, total reward: 9813556.0
each agent reward: 9813556.0
Episode 585 return: -9830452.0
Episode: 585, total reward: 9817635.0
each agent reward: 9817635.0
Episode 586 return: -9830914.0
Episode: 586, total reward: 9805935.0
each agent reward: 9805935.0
Episode 587 return: -9780593.0
Episode: 587, total reward: 9804704.0
each agent reward: 9804704.0
Episode 588 return: -10043098.0
Episode: 588, total reward: 9804704.0
each agent reward: 9804704.0
Episode 589 return: -10186729.0
Episode: 589, total reward: 9804704.0
each agent reward: 9804704.0
Episode 590 return: -10168935.0
Episode: 590, total reward: 9805650.0
each agent reward: 9805650.0
Episode 591 return: -9829669.0
Episode: 591, total reward: 9805650.0
each agent reward: 9805650.0
Episode 592 return: -10046658.0
Episode: 592, total reward: 9801691.0
each agent reward: 9801691.0
Episode 593 return: -9779251.0
Episode: 593, total reward: 9813556.0
each agent reward: 9813556.0
Episode 594 return: -9839949.0
Episode: 594, total reward: 9816176.0
each agent reward: 9816176.0
Episode 595 return: -9810664.0
Episode: 595, total reward: 9816176.0
each agent reward: 9816176.0
Episode 596 return: -10033601.0
Episode: 596, total reward: 9816366.0
each agent reward: 9816366.0
Episode 597 return: -10216554.0
Episode: 597, total reward: 9816176.0
each agent reward: 9816176.0
Episode 598 return: -10223167.0
Episode: 598, total reward: 9816569.0
each agent reward: 9816569.0
Episode 599 return: -9830295.0
Episode: 599, total reward: 9816569.0
each agent reward: 9816569.0
Episode 600 return: -10034210.0
Episode: 600, total reward: 9813556.0
each agent reward: 9813556.0
Episode 601 return: -9808996.0
Episode: 601, total reward: 9813556.0
each agent reward: 9813556.0
Episode 602 return: -10222298.0
Episode: 602, total reward: 9802536.0
each agent reward: 9802536.0
Episode 603 return: -9827913.0
Episode: 603, total reward: 9802332.0
each agent reward: 9802332.0
Episode 604 return: -10020076.0
Episode: 604, total reward: 9802332.0
each agent reward: 9802332.0
Episode 605 return: -9771106.0
Episode: 605, total reward: 9802332.0
each agent reward: 9802332.0
Episode 606 return: -9823096.0
Episode: 606, total reward: 9802332.0
each agent reward: 9802332.0
Episode 607 return: -10017733.0
Episode: 607, total reward: 9802536.0
each agent reward: 9802536.0
Episode 608 return: -9824827.0
Episode: 608, total reward: 9805404.0
each agent reward: 9805404.0
Episode 609 return: -9820763.0
Episode: 609, total reward: 9808212.0
each agent reward: 9808212.0
Episode 610 return: -10203426.0
Episode: 610, total reward: 9817504.0
each agent reward: 9817504.0
Episode 611 return: -9835275.0
Episode: 611, total reward: 9816909.0
each agent reward: 9816909.0
Episode 612 return: -9825346.0
Episode: 612, total reward: 9816909.0
each agent reward: 9816909.0
Episode 613 return: -9815979.0
Episode: 613, total reward: 9817382.0
each agent reward: 9817382.0
Episode 614 return: -10036522.0
Episode: 614, total reward: 9816955.0
each agent reward: 9816955.0
Episode 615 return: -9964655.0
Episode: 615, total reward: 9817382.0
each agent reward: 9817382.0
Episode 616 return: -9796578.0
Episode: 616, total reward: 9816909.0
each agent reward: 9816909.0
Episode 617 return: -10203629.0
Episode: 617, total reward: 9806484.0
each agent reward: 9806484.0
Episode 618 return: -10221459.0
Episode: 618, total reward: 9812724.0
each agent reward: 9812724.0
Episode 619 return: -9812771.0
Episode: 619, total reward: 9812298.0
each agent reward: 9812298.0
Episode 620 return: -10065276.0
Episode: 620, total reward: 9812239.0
each agent reward: 9812239.0
Episode 621 return: -9840945.0
Episode: 621, total reward: 9812298.0
each agent reward: 9812298.0
Episode 622 return: -10498987.0
Episode: 622, total reward: 9811813.0
each agent reward: 9811813.0
Episode 623 return: -9810194.0
Episode: 623, total reward: 9812298.0
each agent reward: 9812298.0
Episode 624 return: -9821922.0
Episode: 624, total reward: 9823363.0
each agent reward: 9823363.0
Episode 625 return: -9812912.0
Episode: 625, total reward: 9823791.0
each agent reward: 9823791.0
Episode 626 return: -9822640.0
Episode: 626, total reward: 9823791.0
each agent reward: 9823791.0
Episode 627 return: -10007208.0
Episode: 627, total reward: 9812772.0
each agent reward: 9812772.0
Episode 628 return: -9815657.0
Episode: 628, total reward: 9823931.0
each agent reward: 9823931.0
Episode 629 return: -9861546.0
Episode: 629, total reward: 9823885.0
each agent reward: 9823885.0
Episode 630 return: -9824221.0
Episode: 630, total reward: 9823885.0
each agent reward: 9823885.0
Episode 631 return: -9828113.0
Episode: 631, total reward: 9823798.0
each agent reward: 9823798.0
Episode 632 return: -10037553.0
Episode: 632, total reward: 9823798.0
each agent reward: 9823798.0
Episode 633 return: -10016123.0
Episode: 633, total reward: 9824338.0
each agent reward: 9824338.0
Episode 634 return: -9999584.0
Episode: 634, total reward: 9812866.0
each agent reward: 9812866.0
Episode 635 return: -9995012.0
Episode: 635, total reward: 9823885.0
each agent reward: 9823885.0
Episode 636 return: -10069667.0
Episode: 636, total reward: 9823743.0
each agent reward: 9823743.0
Episode 637 return: -9993746.0
Episode: 637, total reward: 9824340.0
each agent reward: 9824340.0
Episode 638 return: -9788394.0
Episode: 638, total reward: 9823743.0
each agent reward: 9823743.0
Episode 639 return: -9814554.0
Episode: 639, total reward: 9823743.0
each agent reward: 9823743.0
Episode 640 return: -9808099.0
Episode: 640, total reward: 9823743.0
each agent reward: 9823743.0
Episode 641 return: -9812396.0
Episode: 641, total reward: 9823743.0
each agent reward: 9823743.0
Episode 642 return: -9987906.0
Episode: 642, total reward: 9823743.0
each agent reward: 9823743.0
Episode 643 return: -10017505.0
Episode: 643, total reward: 9823798.0
each agent reward: 9823798.0
Episode 644 return: -9824994.0
Episode: 644, total reward: 9823798.0
each agent reward: 9823798.0
Episode 645 return: -9988678.0
Episode: 645, total reward: 9830441.0
each agent reward: 9830441.0
Episode 646 return: -9850042.0
Episode: 646, total reward: 9830441.0
each agent reward: 9830441.0
Episode 647 return: -10385285.0
Episode: 647, total reward: 9823798.0
each agent reward: 9823798.0
Episode 648 return: -9840880.0
Episode: 648, total reward: 9823743.0
each agent reward: 9823743.0
Episode 649 return: -10209503.0
Episode: 649, total reward: 9812724.0
each agent reward: 9812724.0
Episode 650 return: -10029262.0
Episode: 650, total reward: 9822458.0
each agent reward: 9822458.0
Episode 651 return: -9855731.0
Episode: 651, total reward: 9823258.0
each agent reward: 9823258.0
Episode 652 return: -9789939.0
Episode: 652, total reward: 9823258.0
each agent reward: 9823258.0
Episode 653 return: -9997456.0
Episode: 653, total reward: 9823258.0
each agent reward: 9823258.0
Episode 654 return: -9827408.0
Episode: 654, total reward: 9812239.0
each agent reward: 9812239.0
Episode 655 return: -9800833.0
Episode: 655, total reward: 9812724.0
each agent reward: 9812724.0
Episode 656 return: -9820406.0
Episode: 656, total reward: 9812239.0
each agent reward: 9812239.0
Episode 657 return: -9847294.0
Episode: 657, total reward: 9823743.0
each agent reward: 9823743.0
Episode 658 return: -9835965.0
Episode: 658, total reward: 9823798.0
each agent reward: 9823798.0
Episode 659 return: -9815051.0
Episode: 659, total reward: 9823798.0
each agent reward: 9823798.0
Episode 660 return: -9830214.0
Episode: 660, total reward: 9823941.0
each agent reward: 9823941.0
Episode 661 return: -9840055.0
Episode: 661, total reward: 9812381.0
each agent reward: 9812381.0
Episode 662 return: -9825676.0
Episode: 662, total reward: 9812724.0
each agent reward: 9812724.0
Episode 663 return: -10003099.0
Episode: 663, total reward: 9813459.0
each agent reward: 9813459.0
Episode 664 return: -9823874.0
Episode: 664, total reward: 9824478.0
each agent reward: 9824478.0
Episode 665 return: -10054485.0
Episode: 665, total reward: 9824478.0
each agent reward: 9824478.0
Episode 666 return: -10031289.0
Episode: 666, total reward: 9812669.0
each agent reward: 9812669.0
Episode 667 return: -9847673.0
Episode: 667, total reward: 9813459.0
each agent reward: 9813459.0
Episode 668 return: -10418278.0
Episode: 668, total reward: 9813459.0
each agent reward: 9813459.0
Episode 669 return: -9824842.0
Episode: 669, total reward: 9812669.0
each agent reward: 9812669.0
Episode 670 return: -9869490.0
Episode: 670, total reward: 9812669.0
each agent reward: 9812669.0
Episode 671 return: -9835076.0
Episode: 671, total reward: 9823688.0
each agent reward: 9823688.0
Episode 672 return: -10027188.0
Episode: 672, total reward: 9824478.0
each agent reward: 9824478.0
Episode 673 return: -10010976.0
Episode: 673, total reward: 9824925.0
each agent reward: 9824925.0
Episode 674 return: -10028225.0
Episode: 674, total reward: 9829776.0
each agent reward: 9829776.0
Episode 675 return: -9827897.0
Episode: 675, total reward: 9831655.0
each agent reward: 9831655.0
Episode 676 return: -9824306.0
Episode: 676, total reward: 9831060.0
each agent reward: 9831060.0
Episode 677 return: -9806895.0
Episode: 677, total reward: 9830261.0
each agent reward: 9830261.0
Episode 678 return: -9834549.0
Episode: 678, total reward: 9830119.0
each agent reward: 9830119.0
Episode 679 return: -10053541.0
Episode: 679, total reward: 9839070.0
each agent reward: 9839070.0
Episode 680 return: -10268489.0
Episode: 680, total reward: 9839070.0
each agent reward: 9839070.0
Episode 681 return: -10042173.0
Episode: 681, total reward: 9838413.0
each agent reward: 9838413.0
Episode 682 return: -10021812.0
Episode: 682, total reward: 9838413.0
each agent reward: 9838413.0
Episode 683 return: -10022075.0
Episode: 683, total reward: 9830667.0
each agent reward: 9830667.0
Episode 684 return: -10025515.0
Episode: 684, total reward: 9831466.0
each agent reward: 9831466.0
Episode 685 return: -9831093.0
Episode: 685, total reward: 9831060.0
each agent reward: 9831060.0
Episode 686 return: -10032084.0
Episode: 686, total reward: 9830918.0
each agent reward: 9830918.0
Episode 687 return: -9999118.0
Episode: 687, total reward: 9830863.0
each agent reward: 9830863.0
Episode 688 return: -9832188.0
Episode: 688, total reward: 9830863.0
each agent reward: 9830863.0
Episode 689 return: -10474970.0
Episode: 689, total reward: 9839015.0
each agent reward: 9839015.0
Episode 690 return: -10051021.0
Episode: 690, total reward: 9830863.0
each agent reward: 9830863.0
Episode 691 return: -10202337.0
Episode: 691, total reward: 9831269.0
each agent reward: 9831269.0
Episode 692 return: -10038516.0
Episode: 692, total reward: 9839805.0
each agent reward: 9839805.0
Episode 693 return: -9810619.0
Episode: 693, total reward: 9839070.0
each agent reward: 9839070.0
Episode 694 return: -10050569.0
Episode: 694, total reward: 9837928.0
each agent reward: 9837928.0
Episode 695 return: -9838452.0
Episode: 695, total reward: 9837928.0
each agent reward: 9837928.0
Episode 696 return: -9807874.0
Episode: 696, total reward: 9839805.0
each agent reward: 9839805.0
Episode 697 return: -10043982.0
Episode: 697, total reward: 9827360.0
each agent reward: 9827360.0
Episode 698 return: -9812338.0
Episode: 698, total reward: 9827360.0
each agent reward: 9827360.0
Episode 699 return: -10006034.0
Episode: 699, total reward: 9827360.0
each agent reward: 9827360.0
Episode 700 return: -10024138.0
Episode: 700, total reward: 9827360.0
each agent reward: 9827360.0
Episode 701 return: -9808345.0
Episode: 701, total reward: 9829778.0
each agent reward: 9829778.0
Episode 702 return: -10008055.0
Episode: 702, total reward: 9830307.0
each agent reward: 9830307.0
Episode 703 return: -10025452.0
Episode: 703, total reward: 9830374.0
each agent reward: 9830374.0
Episode 704 return: -9828468.0
Episode: 704, total reward: 9827565.0
each agent reward: 9827565.0
Episode 705 return: -10032604.0
Episode: 705, total reward: 9827360.0
each agent reward: 9827360.0
Episode 706 return: -10066673.0
Episode: 706, total reward: 9830863.0
each agent reward: 9830863.0
Episode 707 return: -9807895.0
Episode: 707, total reward: 9832059.0
each agent reward: 9832059.0
Episode 708 return: -9855833.0
Episode: 708, total reward: 9839070.0
each agent reward: 9839070.0
Episode 709 return: -10031740.0
Episode: 709, total reward: 9839667.0
each agent reward: 9839667.0
Episode 710 return: -9822677.0
Episode: 710, total reward: 9839070.0
each agent reward: 9839070.0
Episode 711 return: -10068351.0
Episode: 711, total reward: 9839070.0
each agent reward: 9839070.0
Episode 712 return: -9843313.0
Episode: 712, total reward: 9838413.0
each agent reward: 9838413.0
Episode 713 return: -10048351.0
Episode: 713, total reward: 9838413.0
each agent reward: 9838413.0
Episode 714 return: -10042634.0
Episode: 714, total reward: 9839268.0
each agent reward: 9839268.0
Episode 715 return: -9861289.0
Episode: 715, total reward: 9839268.0
each agent reward: 9839268.0
Episode 716 return: -10405962.0
Episode: 716, total reward: 9839268.0
each agent reward: 9839268.0
Episode 717 return: -9830022.0
Episode: 717, total reward: 9839212.0
each agent reward: 9839212.0
Episode 718 return: -10000605.0
Episode: 718, total reward: 9837928.0
each agent reward: 9837928.0
Episode 719 return: -9818713.0
Episode: 719, total reward: 9837928.0
each agent reward: 9837928.0
Episode 720 return: -9801365.0
Episode: 720, total reward: 9837928.0
each agent reward: 9837928.0
Episode 721 return: -9817977.0
Episode: 721, total reward: 9839805.0
each agent reward: 9839805.0
Episode 722 return: -10048182.0
Episode: 722, total reward: 9839805.0
each agent reward: 9839805.0
Episode 723 return: -9822396.0
Episode: 723, total reward: 9839015.0
each agent reward: 9839015.0
Episode 724 return: -10036508.0
Episode: 724, total reward: 9829778.0
each agent reward: 9829778.0
Episode 725 return: -10246910.0
Episode: 725, total reward: 9830022.0
each agent reward: 9830022.0
Episode 726 return: -10029128.0
Episode: 726, total reward: 9830960.0
each agent reward: 9830960.0
Episode 727 return: -9824394.0
Episode: 727, total reward: 9839070.0
each agent reward: 9839070.0
Episode 728 return: -10275444.0
Episode: 728, total reward: 9838413.0
each agent reward: 9838413.0
Episode 729 return: -10016093.0
Episode: 729, total reward: 9838413.0
each agent reward: 9838413.0
Episode 730 return: -9831251.0
Episode: 730, total reward: 9838413.0
each agent reward: 9838413.0
Episode 731 return: -9817424.0
Episode: 731, total reward: 9838413.0
each agent reward: 9838413.0
Episode 732 return: -9818427.0
Episode: 732, total reward: 9838786.0
each agent reward: 9838786.0
Episode 733 return: -9853561.0
Episode: 733, total reward: 9839268.0
each agent reward: 9839268.0
Episode 734 return: -10043349.0
Episode: 734, total reward: 9839125.0
each agent reward: 9839125.0
Episode 735 return: -10017996.0
Episode: 735, total reward: 9839268.0
each agent reward: 9839268.0
Episode 736 return: -9881594.0
Episode: 736, total reward: 9839268.0
each agent reward: 9839268.0
Episode 737 return: -9836513.0
Episode: 737, total reward: 9839212.0
each agent reward: 9839212.0
Episode 738 return: -9846132.0
Episode: 738, total reward: 9839070.0
each agent reward: 9839070.0
Episode 739 return: -9859209.0
Episode: 739, total reward: 9839070.0
each agent reward: 9839070.0
Episode 740 return: -10290188.0
Episode: 740, total reward: 9839070.0
each agent reward: 9839070.0
Episode 741 return: -9819912.0
Episode: 741, total reward: 9837928.0
each agent reward: 9837928.0
Episode 742 return: -9831159.0
Episode: 742, total reward: 9837928.0
each agent reward: 9837928.0
Episode 743 return: -9831330.0
Episode: 743, total reward: 9837928.0
each agent reward: 9837928.0
Episode 744 return: -9856741.0
Episode: 744, total reward: 9838413.0
each agent reward: 9838413.0
Episode 745 return: -9821140.0
Episode: 745, total reward: 9839212.0
each agent reward: 9839212.0
Episode 746 return: -9830687.0
Episode: 746, total reward: 9838413.0
each agent reward: 9838413.0
Episode 747 return: -9811695.0
Episode: 747, total reward: 9850726.0
each agent reward: 9850726.0
Episode 748 return: -9849489.0
Episode: 748, total reward: 9847046.0
each agent reward: 9847046.0
Episode 749 return: -9811225.0
Episode: 749, total reward: 9847046.0
each agent reward: 9847046.0
Episode 750 return: -9852069.0
Episode: 750, total reward: 9847046.0
each agent reward: 9847046.0
Episode 751 return: -9816453.0
Episode: 751, total reward: 9827996.0
each agent reward: 9827996.0
Episode 752 return: -9824688.0
Episode: 752, total reward: 9827996.0
each agent reward: 9827996.0
Episode 753 return: -10031336.0
Episode: 753, total reward: 9827996.0
each agent reward: 9827996.0
Episode 754 return: -10236855.0
Episode: 754, total reward: 9839805.0
each agent reward: 9839805.0
Episode 755 return: -10062264.0
Episode: 755, total reward: 9837928.0
each agent reward: 9837928.0
Episode 756 return: -10006516.0
Episode: 756, total reward: 9837928.0
each agent reward: 9837928.0
Episode 757 return: -10039009.0
Episode: 757, total reward: 9839667.0
each agent reward: 9839667.0
Episode 758 return: -9819643.0
Episode: 758, total reward: 9839805.0
each agent reward: 9839805.0
Episode 759 return: -9834128.0
Episode: 759, total reward: 9839070.0
each agent reward: 9839070.0
Episode 760 return: -9820374.0
Episode: 760, total reward: 9839070.0
each agent reward: 9839070.0
Episode 761 return: -10462219.0
Episode: 761, total reward: 9838413.0
each agent reward: 9838413.0
Episode 762 return: -10052360.0
Episode: 762, total reward: 9837928.0
each agent reward: 9837928.0
Episode 763 return: -10073103.0
Episode: 763, total reward: 9839807.0
each agent reward: 9839807.0
Episode 764 return: -9836715.0
Episode: 764, total reward: 9839268.0
each agent reward: 9839268.0
Episode 765 return: -9841408.0
Episode: 765, total reward: 9839268.0
each agent reward: 9839268.0
Episode 766 return: -9813215.0
Episode: 766, total reward: 9839030.0
each agent reward: 9839030.0
Episode 767 return: -10018940.0
Episode: 767, total reward: 9839268.0
each agent reward: 9839268.0
Episode 768 return: -10054127.0
Episode: 768, total reward: 9839268.0
each agent reward: 9839268.0
Episode 769 return: -10067692.0
Episode: 769, total reward: 9839807.0
each agent reward: 9839807.0
Episode 770 return: -10000420.0
Episode: 770, total reward: 9838413.0
each agent reward: 9838413.0
Episode 771 return: -9801106.0
Episode: 771, total reward: 9837928.0
each agent reward: 9837928.0
Episode 772 return: -9868699.0
Episode: 772, total reward: 9839656.0
each agent reward: 9839656.0
Episode 773 return: -10011330.0
Episode: 773, total reward: 9845528.0
each agent reward: 9845528.0
Episode 774 return: -9804941.0
Episode: 774, total reward: 9840252.0
each agent reward: 9840252.0
Episode 775 return: -9833026.0
Episode: 775, total reward: 9838524.0
each agent reward: 9838524.0
Episode 776 return: -10212323.0
Episode: 776, total reward: 9838524.0
each agent reward: 9838524.0
Episode 777 return: -9821954.0
Episode: 777, total reward: 9837928.0
each agent reward: 9837928.0
Episode 778 return: -10019054.0
Episode: 778, total reward: 9839268.0
each agent reward: 9839268.0
Episode 779 return: -9832156.0
Episode: 779, total reward: 9838786.0
each agent reward: 9838786.0
Episode 780 return: -9827163.0
Episode: 780, total reward: 9838413.0
each agent reward: 9838413.0
Episode 781 return: -9823240.0
Episode: 781, total reward: 9843204.0
each agent reward: 9843204.0
Episode 782 return: -9876591.0
Episode: 782, total reward: 9839427.0
each agent reward: 9839427.0
Episode 783 return: -9829456.0
Episode: 783, total reward: 9845081.0
each agent reward: 9845081.0
Episode 784 return: -10005779.0
Episode: 784, total reward: 9844291.0
each agent reward: 9844291.0
Episode 785 return: -9814799.0
Episode: 785, total reward: 9844291.0
each agent reward: 9844291.0
Episode 786 return: -9867046.0
Episode: 786, total reward: 9839015.0
each agent reward: 9839015.0
Episode 787 return: -10049000.0
Episode: 787, total reward: 9844291.0
each agent reward: 9844291.0
Episode 788 return: -10063870.0
Episode: 788, total reward: 9845081.0
each agent reward: 9845081.0
Episode 789 return: -9809202.0
Episode: 789, total reward: 9844932.0
each agent reward: 9844932.0
Episode 790 return: -9866980.0
Episode: 790, total reward: 9843204.0
each agent reward: 9843204.0
Episode 791 return: -9821355.0
Episode: 791, total reward: 9843689.0
each agent reward: 9843689.0
Episode 792 return: -9825698.0
Episode: 792, total reward: 9843204.0
each agent reward: 9843204.0
Episode 793 return: -10063270.0
Episode: 793, total reward: 9843204.0
each agent reward: 9843204.0
Episode 794 return: -9815919.0
Episode: 794, total reward: 9843204.0
each agent reward: 9843204.0
Episode 795 return: -9841401.0
Episode: 795, total reward: 9843689.0
each agent reward: 9843689.0
Episode 796 return: -9828161.0
Episode: 796, total reward: 9843689.0
each agent reward: 9843689.0
Episode 797 return: -9834339.0
Episode: 797, total reward: 9843689.0
each agent reward: 9843689.0
Episode 798 return: -9860938.0
Episode: 798, total reward: 9843204.0
each agent reward: 9843204.0
Episode 799 return: -9843086.0
Episode: 799, total reward: 9845081.0
each agent reward: 9845081.0
Episode 800 return: -9841504.0
Episode: 800, total reward: 9845081.0
each agent reward: 9845081.0
Episode 801 return: -9827508.0
Episode: 801, total reward: 9844291.0
each agent reward: 9844291.0
Episode 802 return: -10043019.0
Episode: 802, total reward: 9844291.0
each agent reward: 9844291.0
Episode 803 return: -10037178.0
Episode: 803, total reward: 9844291.0
each agent reward: 9844291.0
Episode 804 return: -9816564.0
Episode: 804, total reward: 9844291.0
each agent reward: 9844291.0
Episode 805 return: -9802682.0
Episode: 805, total reward: 9845081.0
each agent reward: 9845081.0
Episode 806 return: -9811584.0
Episode: 806, total reward: 9844291.0
each agent reward: 9844291.0
Episode 807 return: -10042298.0
Episode: 807, total reward: 9844291.0
each agent reward: 9844291.0
Episode 808 return: -9830488.0
Episode: 808, total reward: 9845081.0
each agent reward: 9845081.0
Episode 809 return: -9860692.0
Episode: 809, total reward: 9845081.0
each agent reward: 9845081.0
Episode 810 return: -9850639.0
Episode: 810, total reward: 9843697.0
each agent reward: 9843697.0
Episode 811 return: -10206983.0
Episode: 811, total reward: 9843370.0
each agent reward: 9843370.0
Episode 812 return: -9797355.0
Episode: 812, total reward: 9843370.0
each agent reward: 9843370.0
Episode 813 return: -10218195.0
Episode: 813, total reward: 9845081.0
each agent reward: 9845081.0
Episode 814 return: -9815629.0
Episode: 814, total reward: 9843370.0
each agent reward: 9843370.0
Episode 815 return: -10231962.0
Episode: 815, total reward: 9843800.0
each agent reward: 9843800.0
Episode 816 return: -10040099.0
Episode: 816, total reward: 9843204.0
each agent reward: 9843204.0
Episode 817 return: -10103868.0
Episode: 817, total reward: 9843800.0
each agent reward: 9843800.0
Episode 818 return: -9838894.0
Episode: 818, total reward: 9845081.0
each agent reward: 9845081.0
Episode 819 return: -10065097.0
Episode: 819, total reward: 9845081.0
each agent reward: 9845081.0
Episode 820 return: -9841324.0
Episode: 820, total reward: 9844943.0
each agent reward: 9844943.0
Episode 821 return: -9842854.0
Episode: 821, total reward: 9843204.0
each agent reward: 9843204.0
Episode 822 return: -10048335.0
Episode: 822, total reward: 9843689.0
each agent reward: 9843689.0
Episode 823 return: -10064963.0
Episode: 823, total reward: 9843689.0
each agent reward: 9843689.0
Episode 824 return: -9832272.0
Episode: 824, total reward: 9843689.0
each agent reward: 9843689.0
Episode 825 return: -9822705.0
Episode: 825, total reward: 9843689.0
each agent reward: 9843689.0
Episode 826 return: -10010584.0
Episode: 826, total reward: 9843204.0
each agent reward: 9843204.0
Episode 827 return: -9890811.0
Episode: 827, total reward: 9845081.0
each agent reward: 9845081.0
Episode 828 return: -9844304.0
Episode: 828, total reward: 9845081.0
each agent reward: 9845081.0
Episode 829 return: -10445449.0
Episode: 829, total reward: 9845081.0
each agent reward: 9845081.0
Episode 830 return: -9825612.0
Episode: 830, total reward: 9845081.0
each agent reward: 9845081.0
Episode 831 return: -9839422.0
Episode: 831, total reward: 9844291.0
each agent reward: 9844291.0
Episode 832 return: -10385307.0
Episode: 832, total reward: 9844291.0
each agent reward: 9844291.0
Episode 833 return: -9831196.0
Episode: 833, total reward: 9844291.0
each agent reward: 9844291.0
Episode 834 return: -9833424.0
Episode: 834, total reward: 9844127.0
each agent reward: 9844127.0
Episode 835 return: -9832061.0
Episode: 835, total reward: 9843531.0
each agent reward: 9843531.0
Episode 836 return: -10220861.0
Episode: 836, total reward: 9845081.0
each agent reward: 9845081.0
Episode 837 return: -9828041.0
Episode: 837, total reward: 9844291.0
each agent reward: 9844291.0
Episode 838 return: -10038308.0
Episode: 838, total reward: 9844291.0
each agent reward: 9844291.0
Episode 839 return: -9830159.0
Episode: 839, total reward: 9844291.0
each agent reward: 9844291.0
Episode 840 return: -10035356.0
Episode: 840, total reward: 9844291.0
each agent reward: 9844291.0
Episode 841 return: -10041318.0
Episode: 841, total reward: 9844291.0
each agent reward: 9844291.0
Episode 842 return: -9833182.0
Episode: 842, total reward: 9844291.0
each agent reward: 9844291.0
Episode 843 return: -9826377.0
Episode: 843, total reward: 9844291.0
each agent reward: 9844291.0
Episode 844 return: -9830224.0
Episode: 844, total reward: 9844291.0
each agent reward: 9844291.0
Episode 845 return: -9860252.0
Episode: 845, total reward: 9844291.0
each agent reward: 9844291.0
Episode 846 return: -10051152.0
Episode: 846, total reward: 9845528.0
each agent reward: 9845528.0
Episode 847 return: -9825151.0
Episode: 847, total reward: 9843689.0
each agent reward: 9843689.0
Episode 848 return: -9853086.0
Episode: 848, total reward: 9843579.0
each agent reward: 9843579.0
Episode 849 return: -9834861.0
Episode: 849, total reward: 9844544.0
each agent reward: 9844544.0
Episode 850 return: -9819225.0
Episode: 850, total reward: 9844544.0
each agent reward: 9844544.0
Episode 851 return: -9856984.0
Episode: 851, total reward: 9843579.0
each agent reward: 9843579.0
Episode 852 return: -9840141.0
Episode: 852, total reward: 9843579.0
each agent reward: 9843579.0
Episode 853 return: -10042357.0
Episode: 853, total reward: 9843689.0
each agent reward: 9843689.0
Episode 854 return: -9848944.0
Episode: 854, total reward: 9843689.0
each agent reward: 9843689.0
Episode 855 return: -9856534.0
Episode: 855, total reward: 9843579.0
each agent reward: 9843579.0
Episode 856 return: -9828112.0
Episode: 856, total reward: 9844306.0
each agent reward: 9844306.0
Episode 857 return: -9827936.0
Episode: 857, total reward: 9844306.0
each agent reward: 9844306.0
Episode 858 return: -9818084.0
Episode: 858, total reward: 9843689.0
each agent reward: 9843689.0
Episode 859 return: -9836623.0
Episode: 859, total reward: 9843689.0
each agent reward: 9843689.0
Episode 860 return: -10062613.0
Episode: 860, total reward: 9843689.0
each agent reward: 9843689.0
Episode 861 return: -9858349.0
Episode: 861, total reward: 9843689.0
each agent reward: 9843689.0
Episode 862 return: -9838863.0
Episode: 862, total reward: 9844306.0
each agent reward: 9844306.0
Episode 863 return: -9865096.0
Episode: 863, total reward: 9844306.0
each agent reward: 9844306.0
Episode 864 return: -9832020.0
Episode: 864, total reward: 9844306.0
each agent reward: 9844306.0
Episode 865 return: -9859095.0
Episode: 865, total reward: 9843689.0
each agent reward: 9843689.0
Episode 866 return: -10061862.0
Episode: 866, total reward: 9843689.0
each agent reward: 9843689.0
Episode 867 return: -9856878.0
Episode: 867, total reward: 9843689.0
each agent reward: 9843689.0
Episode 868 return: -9850611.0
Episode: 868, total reward: 9843689.0
each agent reward: 9843689.0
Episode 869 return: -9836597.0
Episode: 869, total reward: 9843689.0
each agent reward: 9843689.0
Episode 870 return: -10067497.0
Episode: 870, total reward: 9843689.0
each agent reward: 9843689.0
Episode 871 return: -10020422.0
Episode: 871, total reward: 9843204.0
each agent reward: 9843204.0
Episode 872 return: -10041632.0
Episode: 872, total reward: 9843689.0
each agent reward: 9843689.0
Episode 873 return: -9840039.0
Episode: 873, total reward: 9843689.0
each agent reward: 9843689.0
Episode 874 return: -9868842.0
Episode: 874, total reward: 9843689.0
each agent reward: 9843689.0
Episode 875 return: -9845089.0
Episode: 875, total reward: 9843204.0
each agent reward: 9843204.0
Episode 876 return: -9832757.0
Episode: 876, total reward: 9843204.0
each agent reward: 9843204.0
Episode 877 return: -10050230.0
Episode: 877, total reward: 9843689.0
each agent reward: 9843689.0
Episode 878 return: -9860885.0
Episode: 878, total reward: 9843689.0
each agent reward: 9843689.0
Episode 879 return: -10041867.0
Episode: 879, total reward: 9843689.0
each agent reward: 9843689.0
Episode 880 return: -9842713.0
Episode: 880, total reward: 9843689.0
each agent reward: 9843689.0
Episode 881 return: -10087193.0
Episode: 881, total reward: 9843294.0
each agent reward: 9843294.0
Episode 882 return: -9838306.0
Episode: 882, total reward: 9843689.0
each agent reward: 9843689.0
Episode 883 return: -9840655.0
Episode: 883, total reward: 9843294.0
each agent reward: 9843294.0
Episode 884 return: -10057565.0
Episode: 884, total reward: 9843294.0
each agent reward: 9843294.0
Episode 885 return: -10251288.0
Episode: 885, total reward: 9843294.0
each agent reward: 9843294.0
Episode 886 return: -9854400.0
Episode: 886, total reward: 9839825.0
each agent reward: 9839825.0
Episode 887 return: -9831165.0
Episode: 887, total reward: 9839825.0
each agent reward: 9839825.0
Episode 888 return: -10012003.0
Episode: 888, total reward: 9841149.0
each agent reward: 9841149.0
Episode 889 return: -9825584.0
Episode: 889, total reward: 9839825.0
each agent reward: 9839825.0
Episode 890 return: -9852127.0
Episode: 890, total reward: 9838970.0
each agent reward: 9838970.0
Episode 891 return: -9830402.0
Episode: 891, total reward: 9838970.0
each agent reward: 9838970.0
Episode 892 return: -10027866.0
Episode: 892, total reward: 9843689.0
each agent reward: 9843689.0
Episode 893 return: -9846645.0
Episode: 893, total reward: 9842595.0
each agent reward: 9842595.0
Episode 894 return: -9829525.0
Episode: 894, total reward: 9840686.0
each agent reward: 9840686.0
Episode 895 return: -9838631.0
Episode: 895, total reward: 9838970.0
each agent reward: 9838970.0
Episode 896 return: -10058236.0
Episode: 896, total reward: 9843689.0
each agent reward: 9843689.0
Episode 897 return: -9843084.0
Episode: 897, total reward: 9843689.0
each agent reward: 9843689.0
Episode 898 return: -9848310.0
Episode: 898, total reward: 9838970.0
each agent reward: 9838970.0
Episode 899 return: -10046424.0
Episode: 899, total reward: 9838970.0
each agent reward: 9838970.0
Episode 900 return: -9857298.0
Episode: 900, total reward: 9838970.0
each agent reward: 9838970.0
Episode 901 return: -9865710.0
Episode: 901, total reward: 9838970.0
each agent reward: 9838970.0
Episode 902 return: -10029667.0
Episode: 902, total reward: 9838970.0
each agent reward: 9838970.0
Episode 903 return: -10004596.0
Episode: 903, total reward: 9839825.0
each agent reward: 9839825.0
Episode 904 return: -10049598.0
Episode: 904, total reward: 9839682.0
each agent reward: 9839682.0
Episode 905 return: -10020381.0
Episode: 905, total reward: 9839701.0
each agent reward: 9839701.0
Episode 906 return: -9854248.0
Episode: 906, total reward: 9839485.0
each agent reward: 9839485.0
Episode 907 return: -9839099.0
Episode: 907, total reward: 9839825.0
each agent reward: 9839825.0
Episode 908 return: -10232395.0
Episode: 908, total reward: 9839825.0
each agent reward: 9839825.0
Episode 909 return: -10068521.0
Episode: 909, total reward: 9838860.0
each agent reward: 9838860.0
Episode 910 return: -9855018.0
Episode: 910, total reward: 9838970.0
each agent reward: 9838970.0
Episode 911 return: -9858567.0
Episode: 911, total reward: 9839587.0
each agent reward: 9839587.0
Episode 912 return: -9857420.0
Episode: 912, total reward: 9839587.0
each agent reward: 9839587.0
Episode 913 return: -9851878.0
Episode: 913, total reward: 9838970.0
each agent reward: 9838970.0
Episode 914 return: -9824886.0
Episode: 914, total reward: 9843689.0
each agent reward: 9843689.0
Episode 915 return: -9856169.0
Episode: 915, total reward: 9843689.0
each agent reward: 9843689.0
Episode 916 return: -9856570.0
Episode: 916, total reward: 9843689.0
each agent reward: 9843689.0
Episode 917 return: -10047072.0
Episode: 917, total reward: 9843689.0
each agent reward: 9843689.0
Episode 918 return: -10233607.0
Episode: 918, total reward: 9843204.0
each agent reward: 9843204.0
Episode 919 return: -10013066.0
Episode: 919, total reward: 9843204.0
each agent reward: 9843204.0
Episode 920 return: -10042042.0
Episode: 920, total reward: 9843204.0
each agent reward: 9843204.0
Episode 921 return: -9856090.0
Episode: 921, total reward: 9843689.0
each agent reward: 9843689.0
Episode 922 return: -9850062.0
Episode: 922, total reward: 9843204.0
each agent reward: 9843204.0
Episode 923 return: -9847876.0
Episode: 923, total reward: 9843204.0
each agent reward: 9843204.0
Episode 924 return: -10384251.0
Episode: 924, total reward: 9843689.0
each agent reward: 9843689.0
Episode 925 return: -9843678.0
Episode: 925, total reward: 9843689.0
each agent reward: 9843689.0
Episode 926 return: -10195309.0
Episode: 926, total reward: 9843689.0
each agent reward: 9843689.0
Episode 927 return: -9821045.0
Episode: 927, total reward: 9843689.0
each agent reward: 9843689.0
Episode 928 return: -9823523.0
Episode: 928, total reward: 9844285.0
each agent reward: 9844285.0
Episode 929 return: -9817388.0
Episode: 929, total reward: 9843689.0
each agent reward: 9843689.0
Episode 930 return: -9839375.0
Episode: 930, total reward: 9843689.0
each agent reward: 9843689.0
Episode 931 return: -9839308.0
Episode: 931, total reward: 9843689.0
each agent reward: 9843689.0
Episode 932 return: -9846853.0
Episode: 932, total reward: 9843689.0
each agent reward: 9843689.0
Episode 933 return: -9997796.0
Episode: 933, total reward: 9844306.0
each agent reward: 9844306.0
Episode 934 return: -9844673.0
Episode: 934, total reward: 9843689.0
each agent reward: 9843689.0
Episode 935 return: -9822824.0
Episode: 935, total reward: 9843689.0
each agent reward: 9843689.0
Episode 936 return: -10245879.0
Episode: 936, total reward: 9843689.0
each agent reward: 9843689.0
Episode 937 return: -9840331.0
Episode: 937, total reward: 9843579.0
each agent reward: 9843579.0
Episode 938 return: -9825192.0
Episode: 938, total reward: 9844544.0
each agent reward: 9844544.0
Episode 939 return: -9871350.0
Episode: 939, total reward: 9844204.0
each agent reward: 9844204.0
Episode 940 return: -9828764.0
Episode: 940, total reward: 9844204.0
each agent reward: 9844204.0
Episode 941 return: -10054898.0
Episode: 941, total reward: 9843579.0
each agent reward: 9843579.0
Episode 942 return: -10045075.0
Episode: 942, total reward: 9843689.0
each agent reward: 9843689.0
Episode 943 return: -9865514.0
Episode: 943, total reward: 9843689.0
each agent reward: 9843689.0
Episode 944 return: -10057771.0
Episode: 944, total reward: 9843531.0
each agent reward: 9843531.0
Episode 945 return: -9836654.0
Episode: 945, total reward: 9843697.0
each agent reward: 9843697.0
Episode 946 return: -9845023.0
Episode: 946, total reward: 9843204.0
each agent reward: 9843204.0
Episode 947 return: -9864510.0
Episode: 947, total reward: 9843204.0
each agent reward: 9843204.0
Episode 948 return: -10046007.0
Episode: 948, total reward: 9838970.0
each agent reward: 9838970.0
Episode 949 return: -9851596.0
Episode: 949, total reward: 9838575.0
each agent reward: 9838575.0
Episode 950 return: -9835176.0
Episode: 950, total reward: 9838970.0
each agent reward: 9838970.0
Episode 951 return: -10046828.0
Episode: 951, total reward: 9843689.0
each agent reward: 9843689.0
Episode 952 return: -10062794.0
Episode: 952, total reward: 9843689.0
each agent reward: 9843689.0
Episode 953 return: -10273790.0
Episode: 953, total reward: 9843689.0
each agent reward: 9843689.0
Episode 954 return: -10018687.0
Episode: 954, total reward: 9843689.0
each agent reward: 9843689.0
Episode 955 return: -9860652.0
Episode: 955, total reward: 9843689.0
each agent reward: 9843689.0
Episode 956 return: -10054477.0
Episode: 956, total reward: 9843689.0
each agent reward: 9843689.0
Episode 957 return: -9829850.0
Episode: 957, total reward: 9843689.0
each agent reward: 9843689.0
Episode 958 return: -9859743.0
Episode: 958, total reward: 9843689.0
each agent reward: 9843689.0
Episode 959 return: -9864245.0
Episode: 959, total reward: 9843689.0
each agent reward: 9843689.0
Episode 960 return: -9879842.0
Episode: 960, total reward: 9843689.0
each agent reward: 9843689.0
Episode 961 return: -10039461.0
Episode: 961, total reward: 9843689.0
each agent reward: 9843689.0
Episode 962 return: -9837635.0
Episode: 962, total reward: 9843689.0
each agent reward: 9843689.0
Episode 963 return: -9855071.0
Episode: 963, total reward: 9844306.0
each agent reward: 9844306.0
Episode 964 return: -10224311.0
Episode: 964, total reward: 9843689.0
each agent reward: 9843689.0
Episode 965 return: -10231856.0
Episode: 965, total reward: 9843579.0
each agent reward: 9843579.0
Episode 966 return: -9826518.0
Episode: 966, total reward: 9844544.0
each agent reward: 9844544.0
Episode 967 return: -10013081.0
Episode: 967, total reward: 9844204.0
each agent reward: 9844204.0
Episode 968 return: -9831189.0
Episode: 968, total reward: 9844544.0
each agent reward: 9844544.0
Episode 969 return: -10021806.0
Episode: 969, total reward: 9843579.0
each agent reward: 9843579.0
Episode 970 return: -10036971.0
Episode: 970, total reward: 9843579.0
each agent reward: 9843579.0
Episode 971 return: -10021467.0
Episode: 971, total reward: 9843689.0
each agent reward: 9843689.0
Episode 972 return: -9841978.0
Episode: 972, total reward: 9843204.0
each agent reward: 9843204.0
Episode 973 return: -9816726.0
Episode: 973, total reward: 9843531.0
each agent reward: 9843531.0
Episode 974 return: -9839413.0
Episode: 974, total reward: 9843204.0
each agent reward: 9843204.0
Episode 975 return: -9835787.0
Episode: 975, total reward: 9843689.0
each agent reward: 9843689.0
Episode 976 return: -10037644.0
Episode: 976, total reward: 9843579.0
each agent reward: 9843579.0
Episode 977 return: -10028293.0
Episode: 977, total reward: 9843579.0
each agent reward: 9843579.0
Episode 978 return: -10261821.0
Episode: 978, total reward: 9843689.0
each agent reward: 9843689.0
Episode 979 return: -9837796.0
Episode: 979, total reward: 9843689.0
each agent reward: 9843689.0
Episode 980 return: -9847804.0
Episode: 980, total reward: 9843689.0
each agent reward: 9843689.0
Episode 981 return: -9843508.0
Episode: 981, total reward: 9843689.0
each agent reward: 9843689.0
Episode 982 return: -9841316.0
Episode: 982, total reward: 9843689.0
each agent reward: 9843689.0
Episode 983 return: -9823304.0
Episode: 983, total reward: 9843689.0
each agent reward: 9843689.0
Episode 984 return: -9846519.0
Episode: 984, total reward: 9843689.0
each agent reward: 9843689.0
Episode 985 return: -9856955.0
Episode: 985, total reward: 9843689.0
each agent reward: 9843689.0
Episode 986 return: -9850817.0
Episode: 986, total reward: 9843689.0
each agent reward: 9843689.0
Episode 987 return: -9860736.0
Episode: 987, total reward: 9843689.0
each agent reward: 9843689.0
Episode 988 return: -9856877.0
Episode: 988, total reward: 9843689.0
each agent reward: 9843689.0
Episode 989 return: -9825530.0
Episode: 989, total reward: 9843689.0
each agent reward: 9843689.0
Episode 990 return: -9855227.0
Episode: 990, total reward: 9844285.0
each agent reward: 9844285.0
Episode 991 return: -9836484.0
Episode: 991, total reward: 9844127.0
each agent reward: 9844127.0
Episode 992 return: -9848799.0
Episode: 992, total reward: 9843689.0
each agent reward: 9843689.0
Episode 993 return: -9803576.0
Episode: 993, total reward: 9838970.0
each agent reward: 9838970.0
Episode 994 return: -9829030.0
Episode: 994, total reward: 9838970.0
each agent reward: 9838970.0
Episode 995 return: -10060568.0
Episode: 995, total reward: 9841203.0
each agent reward: 9841203.0
Episode 996 return: -9861564.0
Episode: 996, total reward: 9838970.0
each agent reward: 9838970.0
Episode 997 return: -10241128.0
Episode: 997, total reward: 9843689.0
each agent reward: 9843689.0
Episode 998 return: -10461432.0
Episode: 998, total reward: 9843689.0
each agent reward: 9843689.0
Episode 999 return: -9836222.0
Episode: 999, total reward: 9843689.0
each agent reward: 9843689.0
