Episode: -1, total reward: 2791246.25
each agent reward: 2791246.25
Episode: 1, total reward: 2791246.25
each agent reward: 2791246.25
Episode 0 return: -2942577.0
Episode: 0, total reward: 2791246.25
each agent reward: 2791246.25
Episode 1 return: -2873557.75
Episode: 1, total reward: 2791246.25
each agent reward: 2791246.25
Episode 2 return: -2844848.0
Episode: 2, total reward: 2791246.25
each agent reward: 2791246.25
Episode 3 return: -2891435.25
Episode: 3, total reward: 2791246.25
each agent reward: 2791246.25
Episode 4 return: -2886668.0
Episode: 4, total reward: 2791246.25
each agent reward: 2791246.25
Episode 5 return: -2915073.75
Episode: 5, total reward: 2791246.25
each agent reward: 2791246.25
Episode 6 return: -2903242.75
Episode: 6, total reward: 2791246.25
each agent reward: 2791246.25
Episode 7 return: -2877302.25
Episode: 7, total reward: 2791246.25
each agent reward: 2791246.25
Episode 8 return: -2897019.25
Episode: 8, total reward: 2791246.25
each agent reward: 2791246.25
Episode 9 return: -2867726.0
Episode: 9, total reward: 2791246.25
each agent reward: 2791246.25
Episode 10 return: -2946012.25
Episode: 10, total reward: 2791246.25
each agent reward: 2791246.25
Episode 11 return: -2912690.5
Episode: 11, total reward: 2791246.25
each agent reward: 2791246.25
Episode 12 return: -2893930.5
Episode: 12, total reward: 2857513.25
each agent reward: 2857513.25
Episode 13 return: -2924173.5
Episode: 13, total reward: 2827141.25
each agent reward: 2827141.25
Episode 14 return: -2886364.75
Episode: 14, total reward: 2802116.5
each agent reward: 2802116.5
Episode 15 return: -2884488.75
Episode: 15, total reward: 2799049.25
each agent reward: 2799049.25
Episode 16 return: -2865439.75
Episode: 16, total reward: 2783107.0
each agent reward: 2783107.0
Episode 17 return: -2876256.5
Episode: 17, total reward: 2774207.0
each agent reward: 2774207.0
Episode 18 return: -2851893.5
Episode: 18, total reward: 2815671.0
each agent reward: 2815671.0
Episode 19 return: -2841582.5
Episode: 19, total reward: 2844939.5
each agent reward: 2844939.5
Episode 20 return: -2880480.25
Episode: 20, total reward: 2864434.5
each agent reward: 2864434.5
Episode 21 return: -2818904.75
Episode: 21, total reward: 2820516.25
each agent reward: 2820516.25
Episode 22 return: -2838682.75
Episode: 22, total reward: 2743084.5
each agent reward: 2743084.5
Episode 23 return: -2817597.25
Episode: 23, total reward: 2789853.5
each agent reward: 2789853.5
Episode 24 return: -2829555.0
Episode: 24, total reward: 2820021.0
each agent reward: 2820021.0
Episode 25 return: -2883830.0
Episode: 25, total reward: 2787605.5
each agent reward: 2787605.5
Episode 26 return: -2748673.0
Episode: 26, total reward: 2831463.25
each agent reward: 2831463.25
Episode 27 return: -2880335.75
Episode: 27, total reward: 2799198.5
each agent reward: 2799198.5
Episode 28 return: -2787655.75
Episode: 28, total reward: 2697063.25
each agent reward: 2697063.25
Episode 29 return: -2817690.25
Episode: 29, total reward: 2634496.5
each agent reward: 2634496.5
Episode 30 return: -2826022.75
Episode: 30, total reward: 2665283.0
each agent reward: 2665283.0
Episode 31 return: -2875687.0
Episode: 31, total reward: 2655563.5
each agent reward: 2655563.5
Episode 32 return: -2801461.0
Episode: 32, total reward: 2672997.5
each agent reward: 2672997.5
Episode 33 return: -2883438.5
Episode: 33, total reward: 2745017.75
each agent reward: 2745017.75
Episode 34 return: -2854174.75
Episode: 34, total reward: 2723036.5
each agent reward: 2723036.5
Episode 35 return: -2895417.0
Episode: 35, total reward: 2682352.75
each agent reward: 2682352.75
Episode 36 return: -2845082.5
Episode: 36, total reward: 2535056.0
each agent reward: 2535056.0
Episode 37 return: -2842774.75
Episode: 37, total reward: 2431337.5
each agent reward: 2431337.5
Episode 38 return: -2778415.5
Episode: 38, total reward: 2359357.75
each agent reward: 2359357.75
Episode 39 return: -2787251.25
Episode: 39, total reward: 2518792.25
each agent reward: 2518792.25
Episode 40 return: -2795129.0
Episode: 40, total reward: 2554562.0
each agent reward: 2554562.0
Episode 41 return: -2769481.75
Episode: 41, total reward: 2434029.25
each agent reward: 2434029.25
Episode 42 return: -2799384.5
Episode: 42, total reward: 2419451.0
each agent reward: 2419451.0
Episode 43 return: -2845774.25
Episode: 43, total reward: 2453862.75
each agent reward: 2453862.75
Episode 44 return: -2830910.75
Episode: 44, total reward: 2474753.25
each agent reward: 2474753.25
Episode 45 return: -2855223.5
Episode: 45, total reward: 2492801.0
each agent reward: 2492801.0
Episode 46 return: -2736623.5
Episode: 46, total reward: 2429331.0
each agent reward: 2429331.0
Episode 47 return: -2823684.0
Episode: 47, total reward: 2401178.25
each agent reward: 2401178.25
Episode 48 return: -2821039.5
Episode: 48, total reward: 2457355.25
each agent reward: 2457355.25
Episode 49 return: -2830866.5
Episode: 49, total reward: 2533348.75
each agent reward: 2533348.75
Episode 50 return: -2851655.75
Episode: 50, total reward: 2583646.5
each agent reward: 2583646.5
Episode 51 return: -2817205.25
Episode: 51, total reward: 2465900.25
each agent reward: 2465900.25
Episode 52 return: -2833499.75
Episode: 52, total reward: 2309595.5
each agent reward: 2309595.5
Episode 53 return: -2781609.0
Episode: 53, total reward: 2275931.0
each agent reward: 2275931.0
Episode 54 return: -2690380.25
Episode: 54, total reward: 2242765.75
each agent reward: 2242765.75
Episode 55 return: -2746667.25
Episode: 55, total reward: 2243429.25
each agent reward: 2243429.25
Episode 56 return: -2753105.25
Episode: 56, total reward: 2220976.0
each agent reward: 2220976.0
Episode 57 return: -2733030.25
Episode: 57, total reward: 2207631.5
each agent reward: 2207631.5
Episode 58 return: -2745986.5
Episode: 58, total reward: 2225045.0
each agent reward: 2225045.0
Episode 59 return: -2782073.75
Episode: 59, total reward: 2201914.25
each agent reward: 2201914.25
Episode 60 return: -2726989.0
Episode: 60, total reward: 2198333.5
each agent reward: 2198333.5
Episode 61 return: -2720470.75
Episode: 61, total reward: 2208987.25
each agent reward: 2208987.25
Episode 62 return: -2745807.0
Episode: 62, total reward: 2251883.75
each agent reward: 2251883.75
Episode 63 return: -2717858.0
Episode: 63, total reward: 2294987.0
each agent reward: 2294987.0
Episode 64 return: -2683531.5
Episode: 64, total reward: 2341414.0
each agent reward: 2341414.0
Episode 65 return: -2699909.0
Episode: 65, total reward: 2299229.5
each agent reward: 2299229.5
Episode 66 return: -2769268.25
Episode: 66, total reward: 2317976.25
each agent reward: 2317976.25
Episode 67 return: -2764972.0
Episode: 67, total reward: 2327374.5
each agent reward: 2327374.5
Episode 68 return: -2730783.5
Episode: 68, total reward: 2288411.5
each agent reward: 2288411.5
Episode 69 return: -2661003.0
Episode: 69, total reward: 2284736.25
each agent reward: 2284736.25
Episode 70 return: -2743759.25
Episode: 70, total reward: 2255052.0
each agent reward: 2255052.0
Episode 71 return: -2714161.75
Episode: 71, total reward: 2303181.0
each agent reward: 2303181.0
Episode 72 return: -2699767.0
Episode: 72, total reward: 2248871.5
each agent reward: 2248871.5
Episode 73 return: -2726901.25
Episode: 73, total reward: 2238038.0
each agent reward: 2238038.0
Episode 74 return: -2717398.5
Episode: 74, total reward: 2227629.75
each agent reward: 2227629.75
Episode 75 return: -2708505.0
Episode: 75, total reward: 2196375.75
each agent reward: 2196375.75
Episode 76 return: -2633069.0
Episode: 76, total reward: 2177438.25
each agent reward: 2177438.25
Episode 77 return: -2652787.25
Episode: 77, total reward: 2133573.25
each agent reward: 2133573.25
Episode 78 return: -2621383.25
Episode: 78, total reward: 2560053.0
each agent reward: 2560053.0
Episode 79 return: -2629390.5
Episode: 79, total reward: 2160920.25
each agent reward: 2160920.25
Episode 80 return: -2660131.5
Episode: 80, total reward: 2176090.25
each agent reward: 2176090.25
Episode 81 return: -2668497.0
Episode: 81, total reward: 2148750.5
each agent reward: 2148750.5
Episode 82 return: -2729947.0
Episode: 82, total reward: 2185349.25
each agent reward: 2185349.25
Episode 83 return: -2711663.0
Episode: 83, total reward: 2203285.75
each agent reward: 2203285.75
Episode 84 return: -2656387.5
Episode: 84, total reward: 2162222.75
each agent reward: 2162222.75
Episode 85 return: -2689881.25
Episode: 85, total reward: 2181997.0
each agent reward: 2181997.0
Episode 86 return: -2660175.25
Episode: 86, total reward: 2192904.0
each agent reward: 2192904.0
Episode 87 return: -2687269.25
Episode: 87, total reward: 2194087.5
each agent reward: 2194087.5
Episode 88 return: -2611375.25
Episode: 88, total reward: 2216026.75
each agent reward: 2216026.75
Episode 89 return: -2614243.0
Episode: 89, total reward: 2223260.0
each agent reward: 2223260.0
Episode 90 return: -2609836.75
Episode: 90, total reward: 2231130.75
each agent reward: 2231130.75
Episode 91 return: -2613364.75
Episode: 91, total reward: 2239269.75
each agent reward: 2239269.75
Episode 92 return: -2644962.75
Episode: 92, total reward: 2240216.0
each agent reward: 2240216.0
Episode 93 return: -2614961.25
Episode: 93, total reward: 2270896.75
each agent reward: 2270896.75
Episode 94 return: -2616026.75
Episode: 94, total reward: 2280100.0
each agent reward: 2280100.0
Episode 95 return: -2536203.75
Episode: 95, total reward: 2284773.25
each agent reward: 2284773.25
Episode 96 return: -2575775.75
Episode: 96, total reward: 2246553.75
each agent reward: 2246553.75
Episode 97 return: -2578768.75
Episode: 97, total reward: 2281583.25
each agent reward: 2281583.25
Episode 98 return: -3012606.75
Episode: 98, total reward: 2277273.75
each agent reward: 2277273.75
Episode 99 return: -2505487.5
Episode: 99, total reward: 2270610.0
each agent reward: 2270610.0
Episode 100 return: -2490444.25
Episode: 100, total reward: 2228117.75
each agent reward: 2228117.75
Episode 101 return: -2490416.75
Episode: 101, total reward: 2233520.75
each agent reward: 2233520.75
Episode 102 return: -2517321.25
Episode: 102, total reward: 2193322.5
each agent reward: 2193322.5
Episode 103 return: -2491674.75
Episode: 103, total reward: 2164416.5
each agent reward: 2164416.5
Episode 104 return: -2551078.0
Episode: 104, total reward: 2174336.75
each agent reward: 2174336.75
Episode 105 return: -2518141.25
Episode: 105, total reward: 2174802.75
each agent reward: 2174802.75
Episode 106 return: -2524147.75
Episode: 106, total reward: 2216773.25
each agent reward: 2216773.25
Episode 107 return: -2523816.75
Episode: 107, total reward: 2188451.5
each agent reward: 2188451.5
Episode 108 return: -2517345.5
Episode: 108, total reward: 2174614.75
each agent reward: 2174614.75
Episode 109 return: -2539172.75
Episode: 109, total reward: 2168016.25
each agent reward: 2168016.25
Episode 110 return: -2502388.5
Episode: 110, total reward: 2244889.25
each agent reward: 2244889.25
Episode 111 return: -2472091.0
Episode: 111, total reward: 2247894.0
each agent reward: 2247894.0
Episode 112 return: -2492983.5
Episode: 112, total reward: 2296737.25
each agent reward: 2296737.25
Episode 113 return: -2452545.75
Episode: 113, total reward: 2294462.25
each agent reward: 2294462.25
Episode 114 return: -2442723.75
Episode: 114, total reward: 2302442.25
each agent reward: 2302442.25
Episode 115 return: -2481535.75
Episode: 115, total reward: 2218730.25
each agent reward: 2218730.25
Episode 116 return: -2500391.5
Episode: 116, total reward: 2181094.75
each agent reward: 2181094.75
Episode 117 return: -2434179.5
Episode: 117, total reward: 2164683.0
each agent reward: 2164683.0
Episode 118 return: -2467298.25
Episode: 118, total reward: 2158363.25
each agent reward: 2158363.25
Episode 119 return: -2441988.25
Episode: 119, total reward: 2185750.0
each agent reward: 2185750.0
Episode 120 return: -2469667.25
Episode: 120, total reward: 2205786.75
each agent reward: 2205786.75
Episode 121 return: -2463240.0
Episode: 121, total reward: 2240104.75
each agent reward: 2240104.75
Episode 122 return: -2414499.0
Episode: 122, total reward: 2225764.0
each agent reward: 2225764.0
Episode 123 return: -2425955.5
Episode: 123, total reward: 2230312.25
each agent reward: 2230312.25
Episode 124 return: -2432596.5
Episode: 124, total reward: 2194750.0
each agent reward: 2194750.0
Episode 125 return: -2415815.0
Episode: 125, total reward: 2192913.75
each agent reward: 2192913.75
Episode 126 return: -2379591.5
Episode: 126, total reward: 2202671.5
each agent reward: 2202671.5
Episode 127 return: -2444223.0
Episode: 127, total reward: 2233366.5
each agent reward: 2233366.5
Episode 128 return: -2460464.75
Episode: 128, total reward: 2210387.0
each agent reward: 2210387.0
Episode 129 return: -2448789.25
Episode: 129, total reward: 2183286.25
each agent reward: 2183286.25
Episode 130 return: -2437921.0
Episode: 130, total reward: 2205251.0
each agent reward: 2205251.0
Episode 131 return: -2441485.25
Episode: 131, total reward: 2176217.0
each agent reward: 2176217.0
Episode 132 return: -2429066.5
Episode: 132, total reward: 2150526.25
each agent reward: 2150526.25
Episode 133 return: -2412297.5
Episode: 133, total reward: 2148341.5
each agent reward: 2148341.5
Episode 134 return: -2439016.0
Episode: 134, total reward: 2167740.5
each agent reward: 2167740.5
Episode 135 return: -2452615.5
Episode: 135, total reward: 2211556.75
each agent reward: 2211556.75
Episode 136 return: -2415570.5
Episode: 136, total reward: 2231799.25
each agent reward: 2231799.25
Episode 137 return: -2438456.25
Episode: 137, total reward: 2227126.0
each agent reward: 2227126.0
Episode 138 return: -2419931.0
Episode: 138, total reward: 2179133.0
each agent reward: 2179133.0
Episode 139 return: -2417448.5
Episode: 139, total reward: 2175134.0
each agent reward: 2175134.0
Episode 140 return: -2438051.25
Episode: 140, total reward: 2160648.5
each agent reward: 2160648.5
Episode 141 return: -2395069.25
Episode: 141, total reward: 2183533.0
each agent reward: 2183533.0
Episode 142 return: -2418634.0
Episode: 142, total reward: 2188305.0
each agent reward: 2188305.0
Episode 143 return: -2440807.0
Episode: 143, total reward: 2211936.0
each agent reward: 2211936.0
Episode 144 return: -2414381.75
Episode: 144, total reward: 2170973.5
each agent reward: 2170973.5
Episode 145 return: -2388616.75
Episode: 145, total reward: 2164878.5
each agent reward: 2164878.5
Episode 146 return: -2429100.75
Episode: 146, total reward: 2217130.5
each agent reward: 2217130.5
Episode 147 return: -2475337.75
Episode: 147, total reward: 2179364.5
each agent reward: 2179364.5
Episode 148 return: -2388298.75
Episode: 148, total reward: 2184933.0
each agent reward: 2184933.0
Episode 149 return: -2371409.75
Episode: 149, total reward: 2156140.75
each agent reward: 2156140.75
Episode 150 return: -2397919.0
Episode: 150, total reward: 2186954.5
each agent reward: 2186954.5
Episode 151 return: -2459372.75
Episode: 151, total reward: 2206164.5
each agent reward: 2206164.5
Episode 152 return: -2385917.0
Episode: 152, total reward: 2208254.5
each agent reward: 2208254.5
Episode 153 return: -2394172.25
Episode: 153, total reward: 2197350.5
each agent reward: 2197350.5
Episode 154 return: -2411651.5
Episode: 154, total reward: 2155170.5
each agent reward: 2155170.5
Episode 155 return: -2396532.0
Episode: 155, total reward: 2161967.75
each agent reward: 2161967.75
Episode 156 return: -2426069.25
Episode: 156, total reward: 2190340.0
each agent reward: 2190340.0
Episode 157 return: -2392358.0
Episode: 157, total reward: 2191964.0
each agent reward: 2191964.0
Episode 158 return: -2422182.75
Episode: 158, total reward: 2191042.25
each agent reward: 2191042.25
Episode 159 return: -2416528.25
Episode: 159, total reward: 2227603.75
each agent reward: 2227603.75
Episode 160 return: -2397232.0
Episode: 160, total reward: 2233097.5
each agent reward: 2233097.5
Episode 161 return: -2428301.75
Episode: 161, total reward: 2213466.75
each agent reward: 2213466.75
Episode 162 return: -2389375.0
Episode: 162, total reward: 2156648.5
each agent reward: 2156648.5
Episode 163 return: -2361094.25
Episode: 163, total reward: 2165181.75
each agent reward: 2165181.75
Episode 164 return: -2385034.25
Episode: 164, total reward: 2159835.0
each agent reward: 2159835.0
Episode 165 return: -2395381.25
Episode: 165, total reward: 2162950.0
each agent reward: 2162950.0
Episode 166 return: -2421536.0
Episode: 166, total reward: 2137620.5
each agent reward: 2137620.5
Episode 167 return: -2391630.25
Episode: 167, total reward: 2150649.25
each agent reward: 2150649.25
Episode 168 return: -2386624.0
Episode: 168, total reward: 2189392.75
each agent reward: 2189392.75
Episode 169 return: -2414306.0
Episode: 169, total reward: 2185388.5
each agent reward: 2185388.5
Episode 170 return: -2397681.5
Episode: 170, total reward: 2181125.0
each agent reward: 2181125.0
Episode 171 return: -2426488.0
Episode: 171, total reward: 2143786.25
each agent reward: 2143786.25
Episode 172 return: -2420927.75
Episode: 172, total reward: 2194196.25
each agent reward: 2194196.25
Episode 173 return: -2383063.0
Episode: 173, total reward: 2235613.5
each agent reward: 2235613.5
Episode 174 return: -2409831.75
Episode: 174, total reward: 2233892.5
each agent reward: 2233892.5
Episode 175 return: -2395667.25
Episode: 175, total reward: 2238915.25
each agent reward: 2238915.25
Episode 176 return: -2407318.0
Episode: 176, total reward: 2211527.5
each agent reward: 2211527.5
Episode 177 return: -2388211.5
Episode: 177, total reward: 2169176.0
each agent reward: 2169176.0
Episode 178 return: -2413936.5
Episode: 178, total reward: 2186878.5
each agent reward: 2186878.5
Episode 179 return: -2355675.0
Episode: 179, total reward: 2192679.5
each agent reward: 2192679.5
Episode 180 return: -2384137.5
Episode: 180, total reward: 2187429.75
each agent reward: 2187429.75
Episode 181 return: -2403246.0
Episode: 181, total reward: 2187697.25
each agent reward: 2187697.25
Episode 182 return: -2376767.25
Episode: 182, total reward: 2188683.0
each agent reward: 2188683.0
Episode 183 return: -2357602.25
Episode: 183, total reward: 2184196.75
each agent reward: 2184196.75
Episode 184 return: -2349231.25
Episode: 184, total reward: 2169044.75
each agent reward: 2169044.75
Episode 185 return: -2355463.75
Episode: 185, total reward: 2155764.0
each agent reward: 2155764.0
Episode 186 return: -2347467.5
Episode: 186, total reward: 2143276.5
each agent reward: 2143276.5
Episode 187 return: -2349088.5
Episode: 187, total reward: 2153973.0
each agent reward: 2153973.0
Episode 188 return: -2365644.75
Episode: 188, total reward: 2143997.25
each agent reward: 2143997.25
Episode 189 return: -2380120.25
Episode: 189, total reward: 2162168.5
each agent reward: 2162168.5
Episode 190 return: -2359153.0
Episode: 190, total reward: 2153707.75
each agent reward: 2153707.75
Episode 191 return: -2344040.5
Episode: 191, total reward: 2176789.0
each agent reward: 2176789.0
Episode 192 return: -2357341.25
Episode: 192, total reward: 2188859.5
each agent reward: 2188859.5
Episode 193 return: -2354810.25
Episode: 193, total reward: 2166910.5
each agent reward: 2166910.5
Episode 194 return: -2363395.75
Episode: 194, total reward: 2187335.5
each agent reward: 2187335.5
Episode 195 return: -2380610.5
Episode: 195, total reward: 2192462.5
each agent reward: 2192462.5
Episode 196 return: -2345519.25
Episode: 196, total reward: 2190972.75
each agent reward: 2190972.75
Episode 197 return: -2371423.0
Episode: 197, total reward: 2188849.0
each agent reward: 2188849.0
Episode 198 return: -2377613.25
Episode: 198, total reward: 2181658.25
each agent reward: 2181658.25
Episode 199 return: -2361585.25
Episode: 199, total reward: 2182121.75
each agent reward: 2182121.75
Episode 200 return: -2366025.0
Episode: 200, total reward: 2223487.5
each agent reward: 2223487.5
Episode 201 return: -2414532.25
Episode: 201, total reward: 2181646.0
each agent reward: 2181646.0
Episode 202 return: -2367222.25
Episode: 202, total reward: 2170801.75
each agent reward: 2170801.75
Episode 203 return: -2400802.0
Episode: 203, total reward: 2168965.0
each agent reward: 2168965.0
Episode 204 return: -2402506.25
Episode: 204, total reward: 2181262.25
each agent reward: 2181262.25
Episode 205 return: -2372391.25
Episode: 205, total reward: 2194410.0
each agent reward: 2194410.0
Episode 206 return: -2392903.75
Episode: 206, total reward: 2228533.75
each agent reward: 2228533.75
Episode 207 return: -2418295.5
Episode: 207, total reward: 2231821.5
each agent reward: 2231821.5
Episode 208 return: -2423840.75
Episode: 208, total reward: 2180056.0
each agent reward: 2180056.0
Episode 209 return: -2411302.5
Episode: 209, total reward: 2143139.0
each agent reward: 2143139.0
Episode 210 return: -2365703.0
Episode: 210, total reward: 2142186.5
each agent reward: 2142186.5
Episode 211 return: -2342504.0
Episode: 211, total reward: 2141750.0
each agent reward: 2141750.0
Episode 212 return: -2378185.75
Episode: 212, total reward: 2146912.5
each agent reward: 2146912.5
Episode 213 return: -2391629.75
Episode: 213, total reward: 2146883.75
each agent reward: 2146883.75
Episode 214 return: -2355013.5
Episode: 214, total reward: 2160096.75
each agent reward: 2160096.75
Episode 215 return: -2364261.5
Episode: 215, total reward: 2165924.0
each agent reward: 2165924.0
Episode 216 return: -2376743.25
Episode: 216, total reward: 2160215.25
each agent reward: 2160215.25
Episode 217 return: -2363199.5
Episode: 217, total reward: 2187491.0
each agent reward: 2187491.0
Episode 218 return: -2345238.0
Episode: 218, total reward: 2191481.75
each agent reward: 2191481.75
Episode 219 return: -2370381.75
Episode: 219, total reward: 2195382.5
each agent reward: 2195382.5
Episode 220 return: -2389936.5
Episode: 220, total reward: 2191497.0
each agent reward: 2191497.0
Episode 221 return: -2367325.5
Episode: 221, total reward: 2196314.75
each agent reward: 2196314.75
Episode 222 return: -2375184.0
Episode: 222, total reward: 2197134.5
each agent reward: 2197134.5
Episode 223 return: -2390116.0
Episode: 223, total reward: 2194632.5
each agent reward: 2194632.5
Episode 224 return: -2357944.5
Episode: 224, total reward: 2191417.5
each agent reward: 2191417.5
Episode 225 return: -2377697.0
Episode: 225, total reward: 2184647.5
each agent reward: 2184647.5
Episode 226 return: -2390306.25
Episode: 226, total reward: 2175584.75
each agent reward: 2175584.75
Episode 227 return: -2368669.75
Episode: 227, total reward: 2176753.5
each agent reward: 2176753.5
Episode 228 return: -2366649.25
Episode: 228, total reward: 2150154.75
each agent reward: 2150154.75
Episode 229 return: -2372667.0
Episode: 229, total reward: 2153108.5
each agent reward: 2153108.5
Episode 230 return: -2365677.0
Episode: 230, total reward: 2157083.75
each agent reward: 2157083.75
Episode 231 return: -2345962.25
Episode: 231, total reward: 2153475.0
each agent reward: 2153475.0
Episode 232 return: -2331771.0
Episode: 232, total reward: 2153762.0
each agent reward: 2153762.0
Episode 233 return: -2333763.25
Episode: 233, total reward: 2166702.5
each agent reward: 2166702.5
Episode 234 return: -2343488.75
Episode: 234, total reward: 2179617.25
each agent reward: 2179617.25
Episode 235 return: -2379747.0
Episode: 235, total reward: 2178919.75
each agent reward: 2178919.75
Episode 236 return: -2339700.5
Episode: 236, total reward: 2173441.25
each agent reward: 2173441.25
Episode 237 return: -2367887.5
Episode: 237, total reward: 2185789.0
each agent reward: 2185789.0
Episode 238 return: -2373184.25
Episode: 238, total reward: 2185889.75
each agent reward: 2185889.75
Episode 239 return: -2379709.5
Episode: 239, total reward: 2163334.0
each agent reward: 2163334.0
Episode 240 return: -2366071.5
Episode: 240, total reward: 2160862.0
each agent reward: 2160862.0
Episode 241 return: -2384907.0
Episode: 241, total reward: 2162739.75
each agent reward: 2162739.75
Episode 242 return: -2327222.25
Episode: 242, total reward: 2164116.75
each agent reward: 2164116.75
Episode 243 return: -2369081.25
Episode: 243, total reward: 2158035.5
each agent reward: 2158035.5
Episode 244 return: -2339439.75
Episode: 244, total reward: 2162920.0
each agent reward: 2162920.0
Episode 245 return: -2348887.25
Episode: 245, total reward: 2162274.25
each agent reward: 2162274.25
Episode 246 return: -2350616.75
Episode: 246, total reward: 2154690.25
each agent reward: 2154690.25
Episode 247 return: -2345345.0
Episode: 247, total reward: 2159226.5
each agent reward: 2159226.5
Episode 248 return: -2344483.0
Episode: 248, total reward: 2149040.75
each agent reward: 2149040.75
Episode 249 return: -2351359.75
Episode: 249, total reward: 2153114.5
each agent reward: 2153114.5
Episode 250 return: -2364513.25
Episode: 250, total reward: 2153581.25
each agent reward: 2153581.25
Episode 251 return: -2385944.25
Episode: 251, total reward: 2156430.5
each agent reward: 2156430.5
Episode 252 return: -2373303.25
Episode: 252, total reward: 2157001.5
each agent reward: 2157001.5
Episode 253 return: -2397205.0
Episode: 253, total reward: 2144533.5
each agent reward: 2144533.5
Episode 254 return: -2349974.5
Episode: 254, total reward: 2146047.0
each agent reward: 2146047.0
Episode 255 return: -2336385.0
Episode: 255, total reward: 2149641.5
each agent reward: 2149641.5
Episode 256 return: -2379281.5
Episode: 256, total reward: 2153073.5
each agent reward: 2153073.5
Episode 257 return: -2380914.25
Episode: 257, total reward: 2161967.0
each agent reward: 2161967.0
Episode 258 return: -2371879.25
Episode: 258, total reward: 2157576.0
each agent reward: 2157576.0
Episode 259 return: -2360693.75
Episode: 259, total reward: 2147825.25
each agent reward: 2147825.25
Episode 260 return: -2367894.25
Episode: 260, total reward: 2148781.75
each agent reward: 2148781.75
Episode 261 return: -2356772.75
Episode: 261, total reward: 2150816.25
each agent reward: 2150816.25
Episode 262 return: -2359010.75
Episode: 262, total reward: 2157257.25
each agent reward: 2157257.25
Episode 263 return: -2376938.0
Episode: 263, total reward: 2163639.5
each agent reward: 2163639.5
Episode 264 return: -2329058.75
Episode: 264, total reward: 2157799.25
each agent reward: 2157799.25
Episode 265 return: -2318408.5
Episode: 265, total reward: 2162006.5
each agent reward: 2162006.5
Episode 266 return: -2355489.5
Episode: 266, total reward: 2165645.0
each agent reward: 2165645.0
Episode 267 return: -2369348.5
Episode: 267, total reward: 2157041.25
each agent reward: 2157041.25
Episode 268 return: -2359003.0
Episode: 268, total reward: 2159201.75
each agent reward: 2159201.75
Episode 269 return: -2356767.5
Episode: 269, total reward: 2159607.25
each agent reward: 2159607.25
Episode 270 return: -2343675.5
Episode: 270, total reward: 2163235.5
each agent reward: 2163235.5
Episode 271 return: -2346341.25
Episode: 271, total reward: 2161838.75
each agent reward: 2161838.75
Episode 272 return: -2364316.5
Episode: 272, total reward: 2166527.0
each agent reward: 2166527.0
Episode 273 return: -2357181.75
Episode: 273, total reward: 2166613.75
each agent reward: 2166613.75
Episode 274 return: -2329542.25
Episode: 274, total reward: 2166849.25
each agent reward: 2166849.25
Episode 275 return: -2335148.5
Episode: 275, total reward: 2160756.0
each agent reward: 2160756.0
Episode 276 return: -2364507.0
Episode: 276, total reward: 2162040.25
each agent reward: 2162040.25
Episode 277 return: -2325724.0
Episode: 277, total reward: 2160365.0
each agent reward: 2160365.0
Episode 278 return: -2341010.75
Episode: 278, total reward: 2163507.75
each agent reward: 2163507.75
Episode 279 return: -2312167.0
Episode: 279, total reward: 2166468.5
each agent reward: 2166468.5
Episode 280 return: -2351962.75
Episode: 280, total reward: 2167775.5
each agent reward: 2167775.5
Episode 281 return: -2352411.0
Episode: 281, total reward: 2162938.25
each agent reward: 2162938.25
Episode 282 return: -2331269.25
Episode: 282, total reward: 2155760.0
each agent reward: 2155760.0
Episode 283 return: -2335055.75
Episode: 283, total reward: 2151814.75
each agent reward: 2151814.75
Episode 284 return: -2288596.25
Episode: 284, total reward: 2156934.5
each agent reward: 2156934.5
Episode 285 return: -2316379.5
Episode: 285, total reward: 2158315.75
each agent reward: 2158315.75
Episode 286 return: -2372007.0
Episode: 286, total reward: 2162045.25
each agent reward: 2162045.25
Episode 287 return: -2316423.0
Episode: 287, total reward: 2160464.75
each agent reward: 2160464.75
Episode 288 return: -2329697.5
Episode: 288, total reward: 2154381.0
each agent reward: 2154381.0
Episode 289 return: -2361332.75
Episode: 289, total reward: 2160027.5
each agent reward: 2160027.5
Episode 290 return: -2349399.0
Episode: 290, total reward: 2160009.0
each agent reward: 2160009.0
Episode 291 return: -2357960.5
Episode: 291, total reward: 2163520.0
each agent reward: 2163520.0
Episode 292 return: -2342994.0
Episode: 292, total reward: 2162819.5
each agent reward: 2162819.5
Episode 293 return: -2347119.0
Episode: 293, total reward: 2164092.0
each agent reward: 2164092.0
Episode 294 return: -2354234.75
Episode: 294, total reward: 2162707.75
each agent reward: 2162707.75
Episode 295 return: -2331712.25
Episode: 295, total reward: 2161282.0
each agent reward: 2161282.0
Episode 296 return: -2343067.5
Episode: 296, total reward: 2162216.25
each agent reward: 2162216.25
Episode 297 return: -2325553.75
Episode: 297, total reward: 2162015.75
each agent reward: 2162015.75
Episode 298 return: -2355475.0
Episode: 298, total reward: 2161240.25
each agent reward: 2161240.25
Episode 299 return: -2364980.5
Episode: 299, total reward: 2164452.75
each agent reward: 2164452.75
Episode 300 return: -2311523.0
Episode: 300, total reward: 2163085.25
each agent reward: 2163085.25
Episode 301 return: -2321056.75
Episode: 301, total reward: 2160144.5
each agent reward: 2160144.5
Episode 302 return: -2347984.25
Episode: 302, total reward: 2160364.5
each agent reward: 2160364.5
Episode 303 return: -2332110.0
Episode: 303, total reward: 2161365.75
each agent reward: 2161365.75
Episode 304 return: -2348205.5
Episode: 304, total reward: 2161457.25
each agent reward: 2161457.25
Episode 305 return: -2354241.5
Episode: 305, total reward: 2157114.25
each agent reward: 2157114.25
Episode 306 return: -2400754.0
Episode: 306, total reward: 2163005.75
each agent reward: 2163005.75
Episode 307 return: -2334621.0
Episode: 307, total reward: 2165264.0
each agent reward: 2165264.0
Episode 308 return: -2373440.75
Episode: 308, total reward: 2164617.0
each agent reward: 2164617.0
Episode 309 return: -2345267.75
Episode: 309, total reward: 2162579.0
each agent reward: 2162579.0
Episode 310 return: -2378844.5
Episode: 310, total reward: 2164466.5
each agent reward: 2164466.5
Episode 311 return: -2353944.75
Episode: 311, total reward: 2160566.75
each agent reward: 2160566.75
Episode 312 return: -2335124.0
Episode: 312, total reward: 2157578.0
each agent reward: 2157578.0
Episode 313 return: -2345488.25
Episode: 313, total reward: 2152060.0
each agent reward: 2152060.0
Episode 314 return: -2352098.5
Episode: 314, total reward: 2152202.75
each agent reward: 2152202.75
Episode 315 return: -2351114.25
Episode: 315, total reward: 2147454.25
each agent reward: 2147454.25
Episode 316 return: -2339165.0
Episode: 316, total reward: 2148267.25
each agent reward: 2148267.25
Episode 317 return: -2329587.5
Episode: 317, total reward: 2152377.0
each agent reward: 2152377.0
Episode 318 return: -2345550.5
Episode: 318, total reward: 2152822.25
each agent reward: 2152822.25
Episode 319 return: -2336992.5
Episode: 319, total reward: 2152777.5
each agent reward: 2152777.5
Episode 320 return: -2328049.25
Episode: 320, total reward: 2152753.75
each agent reward: 2152753.75
Episode 321 return: -2335182.5
Episode: 321, total reward: 2155318.5
each agent reward: 2155318.5
Episode 322 return: -2354720.25
Episode: 322, total reward: 2154682.0
each agent reward: 2154682.0
Episode 323 return: -2319819.75
Episode: 323, total reward: 2154468.25
each agent reward: 2154468.25
Episode 324 return: -2349074.25
Episode: 324, total reward: 2153928.0
each agent reward: 2153928.0
Episode 325 return: -2353250.0
Episode: 325, total reward: 2156405.75
each agent reward: 2156405.75
Episode 326 return: -2321118.5
Episode: 326, total reward: 2153928.0
each agent reward: 2153928.0
Episode 327 return: -2333485.0
Episode: 327, total reward: 2153882.5
each agent reward: 2153882.5
Episode 328 return: -2388180.25
Episode: 328, total reward: 2159478.25
each agent reward: 2159478.25
Episode 329 return: -2329467.0
Episode: 329, total reward: 2166464.25
each agent reward: 2166464.25
Episode 330 return: -2301360.75
Episode: 330, total reward: 2168072.0
each agent reward: 2168072.0
Episode 331 return: -2331879.75
Episode: 331, total reward: 2163093.5
each agent reward: 2163093.5
Episode 332 return: -2296666.75
Episode: 332, total reward: 2165179.25
each agent reward: 2165179.25
Episode 333 return: -2350342.25
Episode: 333, total reward: 2164625.75
each agent reward: 2164625.75
Episode 334 return: -2313750.0
Episode: 334, total reward: 2158552.5
each agent reward: 2158552.5
Episode 335 return: -2333412.25
Episode: 335, total reward: 2164777.75
each agent reward: 2164777.75
Episode 336 return: -2360520.25
Episode: 336, total reward: 2163731.0
each agent reward: 2163731.0
Episode 337 return: -2337122.5
Episode: 337, total reward: 2161729.5
each agent reward: 2161729.5
Episode 338 return: -2339498.0
Episode: 338, total reward: 2160761.75
each agent reward: 2160761.75
Episode 339 return: -2358824.0
Episode: 339, total reward: 2160769.0
each agent reward: 2160769.0
Episode 340 return: -2331059.25
Episode: 340, total reward: 2157741.75
each agent reward: 2157741.75
Episode 341 return: -2334930.75
Episode: 341, total reward: 2154314.0
each agent reward: 2154314.0
Episode 342 return: -2341560.75
Episode: 342, total reward: 2153466.5
each agent reward: 2153466.5
Episode 343 return: -2327390.25
Episode: 343, total reward: 2154698.5
each agent reward: 2154698.5
Episode 344 return: -2354399.25
Episode: 344, total reward: 2157894.5
each agent reward: 2157894.5
Episode 345 return: -2298473.75
Episode: 345, total reward: 2155582.5
each agent reward: 2155582.5
Episode 346 return: -2347707.0
Episode: 346, total reward: 2154441.0
each agent reward: 2154441.0
Episode 347 return: -2330586.5
Episode: 347, total reward: 2154441.0
each agent reward: 2154441.0
Episode 348 return: -2380072.75
Episode: 348, total reward: 2159050.25
each agent reward: 2159050.25
Episode 349 return: -2336793.25
Episode: 349, total reward: 2161899.25
each agent reward: 2161899.25
Episode 350 return: -2346790.75
Episode: 350, total reward: 2161672.5
each agent reward: 2161672.5
Episode 351 return: -2356923.25
Episode: 351, total reward: 2163041.0
each agent reward: 2163041.0
Episode 352 return: -2342749.25
Episode: 352, total reward: 2162532.5
each agent reward: 2162532.5
Episode 353 return: -2342277.75
Episode: 353, total reward: 2155218.5
each agent reward: 2155218.5
Episode 354 return: -2348737.25
Episode: 354, total reward: 2154832.25
each agent reward: 2154832.25
Episode 355 return: -2328576.75
Episode: 355, total reward: 2157194.0
each agent reward: 2157194.0
Episode 356 return: -2357712.5
Episode: 356, total reward: 2158120.25
each agent reward: 2158120.25
Episode 357 return: -2364068.75
Episode: 357, total reward: 2157957.75
each agent reward: 2157957.75
Episode 358 return: -2329580.5
Episode: 358, total reward: 2156238.75
each agent reward: 2156238.75
Episode 359 return: -2353698.5
Episode: 359, total reward: 2157912.5
each agent reward: 2157912.5
Episode 360 return: -2307609.75
Episode: 360, total reward: 2161610.75
each agent reward: 2161610.75
Episode 361 return: -2339192.5
Episode: 361, total reward: 2166401.25
each agent reward: 2166401.25
Episode 362 return: -2356938.0
Episode: 362, total reward: 2163789.25
each agent reward: 2163789.25
Episode 363 return: -2334294.5
Episode: 363, total reward: 2163080.0
each agent reward: 2163080.0
Episode 364 return: -2336657.5
Episode: 364, total reward: 2162987.5
each agent reward: 2162987.5
Episode 365 return: -2317914.75
Episode: 365, total reward: 2154374.75
each agent reward: 2154374.75
Episode 366 return: -2354257.75
Episode: 366, total reward: 2154221.5
each agent reward: 2154221.5
Episode 367 return: -2349213.75
Episode: 367, total reward: 2153772.5
each agent reward: 2153772.5
Episode 368 return: -2343050.5
Episode: 368, total reward: 2153772.5
each agent reward: 2153772.5
Episode 369 return: -2338478.75
Episode: 369, total reward: 2153904.75
each agent reward: 2153904.75
Episode 370 return: -2378672.5
Episode: 370, total reward: 2154176.5
each agent reward: 2154176.5
Episode 371 return: -2318856.5
Episode: 371, total reward: 2155285.0
each agent reward: 2155285.0
Episode 372 return: -2330312.5
Episode: 372, total reward: 2154077.25
each agent reward: 2154077.25
Episode 373 return: -2327581.75
Episode: 373, total reward: 2159352.75
each agent reward: 2159352.75
Episode 374 return: -2410116.0
Episode: 374, total reward: 2155992.0
each agent reward: 2155992.0
Episode 375 return: -2340356.5
Episode: 375, total reward: 2158229.75
each agent reward: 2158229.75
Episode 376 return: -2342524.5
Episode: 376, total reward: 2163400.5
each agent reward: 2163400.5
Episode 377 return: -2395877.0
Episode: 377, total reward: 2159236.25
each agent reward: 2159236.25
Episode 378 return: -2362279.5
Episode: 378, total reward: 2154492.75
each agent reward: 2154492.75
Episode 379 return: -2338039.25
Episode: 379, total reward: 2154698.5
each agent reward: 2154698.5
Episode 380 return: -2332333.5
Episode: 380, total reward: 2154698.5
each agent reward: 2154698.5
Episode 381 return: -2304540.5
Episode: 381, total reward: 2155582.5
each agent reward: 2155582.5
Episode 382 return: -2360972.0
Episode: 382, total reward: 2157726.25
each agent reward: 2157726.25
Episode 383 return: -2349461.25
Episode: 383, total reward: 2161021.75
each agent reward: 2161021.75
Episode 384 return: -2336521.5
Episode: 384, total reward: 2161021.75
each agent reward: 2161021.75
Episode 385 return: -2336964.0
Episode: 385, total reward: 2157685.0
each agent reward: 2157685.0
Episode 386 return: -2324137.75
Episode: 386, total reward: 2154524.75
each agent reward: 2154524.75
Episode 387 return: -2311913.0
Episode: 387, total reward: 2156105.75
each agent reward: 2156105.75
Episode 388 return: -2335487.5
Episode: 388, total reward: 2156557.25
each agent reward: 2156557.25
Episode 389 return: -2357648.5
Episode: 389, total reward: 2153861.5
each agent reward: 2153861.5
Episode 390 return: -2350404.75
Episode: 390, total reward: 2155981.75
each agent reward: 2155981.75
Episode 391 return: -2356292.0
Episode: 391, total reward: 2153812.5
each agent reward: 2153812.5
Episode 392 return: -2311393.0
Episode: 392, total reward: 2154483.5
each agent reward: 2154483.5
Episode 393 return: -2356004.0
Episode: 393, total reward: 2153974.5
each agent reward: 2153974.5
Episode 394 return: -2352286.5
Episode: 394, total reward: 2153974.5
each agent reward: 2153974.5
Episode 395 return: -2329064.0
Episode: 395, total reward: 2155950.0
each agent reward: 2155950.0
Episode 396 return: -2326093.0
Episode: 396, total reward: 2155950.0
each agent reward: 2155950.0
Episode 397 return: -2343593.5
Episode: 397, total reward: 2153974.5
each agent reward: 2153974.5
Episode 398 return: -2323736.5
Episode: 398, total reward: 2154698.5
each agent reward: 2154698.5
Episode 399 return: -2333580.5
Episode: 399, total reward: 2155950.0
each agent reward: 2155950.0
Episode 400 return: -2341869.25
Episode: 400, total reward: 2155950.0
each agent reward: 2155950.0
Episode 401 return: -2342026.75
Episode: 401, total reward: 2155950.0
each agent reward: 2155950.0
Episode 402 return: -2347745.25
Episode: 402, total reward: 2156038.0
each agent reward: 2156038.0
Episode 403 return: -2328034.75
Episode: 403, total reward: 2156038.0
each agent reward: 2156038.0
Episode 404 return: -2295996.0
Episode: 404, total reward: 2156038.0
each agent reward: 2156038.0
Episode 405 return: -2348545.0
Episode: 405, total reward: 2155543.75
each agent reward: 2155543.75
Episode 406 return: -2322513.25
Episode: 406, total reward: 2156773.25
each agent reward: 2156773.25
Episode 407 return: -2334070.75
Episode: 407, total reward: 2157345.25
each agent reward: 2157345.25
Episode 408 return: -2371571.25
Episode: 408, total reward: 2156255.5
each agent reward: 2156255.5
Episode 409 return: -2321139.75
Episode: 409, total reward: 2156031.0
each agent reward: 2156031.0
Episode 410 return: -2350252.0
Episode: 410, total reward: 2156151.75
each agent reward: 2156151.75
Episode 411 return: -2337753.0
Episode: 411, total reward: 2158031.25
each agent reward: 2158031.25
Episode 412 return: -2310011.0
Episode: 412, total reward: 2157730.5
each agent reward: 2157730.5
Episode 413 return: -2356132.5
Episode: 413, total reward: 2155152.25
each agent reward: 2155152.25
Episode 414 return: -2345237.5
Episode: 414, total reward: 2154495.75
each agent reward: 2154495.75
Episode 415 return: -2313557.25
Episode: 415, total reward: 2156163.75
each agent reward: 2156163.75
Episode 416 return: -2334897.5
Episode: 416, total reward: 2156151.75
each agent reward: 2156151.75
Episode 417 return: -2348528.0
Episode: 417, total reward: 2156151.75
each agent reward: 2156151.75
Episode 418 return: -2356742.0
Episode: 418, total reward: 2156559.75
each agent reward: 2156559.75
Episode 419 return: -2336778.25
Episode: 419, total reward: 2157345.25
each agent reward: 2157345.25
Episode 420 return: -2309633.0
Episode: 420, total reward: 2156827.5
each agent reward: 2156827.5
Episode 421 return: -2362516.75
Episode: 421, total reward: 2155892.5
each agent reward: 2155892.5
Episode 422 return: -2334386.5
Episode: 422, total reward: 2155950.0
each agent reward: 2155950.0
Episode 423 return: -2345260.75
Episode: 423, total reward: 2155950.0
each agent reward: 2155950.0
Episode 424 return: -2320244.0
Episode: 424, total reward: 2156876.0
each agent reward: 2156876.0
Episode 425 return: -2339589.75
Episode: 425, total reward: 2159185.5
each agent reward: 2159185.5
Episode 426 return: -2348937.25
Episode: 426, total reward: 2158508.0
each agent reward: 2158508.0
Episode 427 return: -2340570.0
Episode: 427, total reward: 2156247.25
each agent reward: 2156247.25
Episode 428 return: -2369540.5
Episode: 428, total reward: 2155950.0
each agent reward: 2155950.0
Episode 429 return: -2361771.75
Episode: 429, total reward: 2155343.75
each agent reward: 2155343.75
Episode 430 return: -2334684.25
Episode: 430, total reward: 2154565.5
each agent reward: 2154565.5
Episode 431 return: -2315949.5
Episode: 431, total reward: 2155055.0
each agent reward: 2155055.0
Episode 432 return: -2355715.25
Episode: 432, total reward: 2155363.0
each agent reward: 2155363.0
Episode 433 return: -2319611.75
Episode: 433, total reward: 2155695.0
each agent reward: 2155695.0
Episode 434 return: -2307571.75
Episode: 434, total reward: 2155543.75
each agent reward: 2155543.75
Episode 435 return: -2384994.5
Episode: 435, total reward: 2155951.5
each agent reward: 2155951.5
Episode 436 return: -2349658.0
Episode: 436, total reward: 2155950.0
each agent reward: 2155950.0
Episode 437 return: -2344414.75
Episode: 437, total reward: 2155543.75
each agent reward: 2155543.75
Episode 438 return: -2330303.25
Episode: 438, total reward: 2156052.5
each agent reward: 2156052.5
Episode 439 return: -2337415.5
Episode: 439, total reward: 2156052.5
each agent reward: 2156052.5
Episode 440 return: -2344489.5
Episode: 440, total reward: 2156401.25
each agent reward: 2156401.25
Episode 441 return: -2341152.25
Episode: 441, total reward: 2156582.0
each agent reward: 2156582.0
Episode 442 return: -2326699.25
Episode: 442, total reward: 2157712.0
each agent reward: 2157712.0
Episode 443 return: -2339357.75
Episode: 443, total reward: 2159128.25
each agent reward: 2159128.25
Episode 444 return: -2312219.75
Episode: 444, total reward: 2157669.25
each agent reward: 2157669.25
Episode 445 return: -2361321.0
Episode: 445, total reward: 2157695.0
each agent reward: 2157695.0
Episode 446 return: -2334239.5
Episode: 446, total reward: 2158408.5
each agent reward: 2158408.5
Episode 447 return: -2326737.0
Episode: 447, total reward: 2155770.75
each agent reward: 2155770.75
Episode 448 return: -2334152.0
Episode: 448, total reward: 2155764.75
each agent reward: 2155764.75
Episode 449 return: -2356210.5
Episode: 449, total reward: 2155755.25
each agent reward: 2155755.25
Episode 450 return: -2336487.5
Episode: 450, total reward: 2155618.5
each agent reward: 2155618.5
Episode 451 return: -2309967.0
Episode: 451, total reward: 2155805.25
each agent reward: 2155805.25
Episode 452 return: -2352345.0
Episode: 452, total reward: 2155816.75
each agent reward: 2155816.75
Episode 453 return: -2330929.75
Episode: 453, total reward: 2158408.5
each agent reward: 2158408.5
Episode 454 return: -2332064.75
Episode: 454, total reward: 2155816.75
each agent reward: 2155816.75
Episode 455 return: -2321442.5
Episode: 455, total reward: 2155816.75
each agent reward: 2155816.75
Episode 456 return: -2342838.75
Episode: 456, total reward: 2155803.75
each agent reward: 2155803.75
Episode 457 return: -2324741.25
Episode: 457, total reward: 2158097.25
each agent reward: 2158097.25
Episode 458 return: -2319505.25
Episode: 458, total reward: 2158097.25
each agent reward: 2158097.25
Episode 459 return: -2323299.5
Episode: 459, total reward: 2158222.0
each agent reward: 2158222.0
Episode 460 return: -2312103.0
Episode: 460, total reward: 2157986.25
each agent reward: 2157986.25
Episode 461 return: -2351611.5
Episode: 461, total reward: 2155950.0
each agent reward: 2155950.0
Episode 462 return: -2320671.5
Episode: 462, total reward: 2155950.0
each agent reward: 2155950.0
Episode 463 return: -2320060.0
Episode: 463, total reward: 2155950.0
each agent reward: 2155950.0
Episode 464 return: -2360066.0
Episode: 464, total reward: 2156151.75
each agent reward: 2156151.75
Episode 465 return: -2333308.25
Episode: 465, total reward: 2156891.75
each agent reward: 2156891.75
Episode 466 return: -2340963.75
Episode: 466, total reward: 2156690.0
each agent reward: 2156690.0
Episode 467 return: -2321338.5
Episode: 467, total reward: 2155950.0
each agent reward: 2155950.0
Episode 468 return: -2320320.25
Episode: 468, total reward: 2155950.0
each agent reward: 2155950.0
Episode 469 return: -2320729.25
Episode: 469, total reward: 2155950.0
each agent reward: 2155950.0
Episode 470 return: -2299316.75
Episode: 470, total reward: 2155950.0
each agent reward: 2155950.0
Episode 471 return: -2295190.25
Episode: 471, total reward: 2155950.0
each agent reward: 2155950.0
Episode 472 return: -2339611.5
Episode: 472, total reward: 2155950.0
each agent reward: 2155950.0
Episode 473 return: -2331424.5
Episode: 473, total reward: 2156151.75
each agent reward: 2156151.75
Episode 474 return: -2328835.5
Episode: 474, total reward: 2156151.75
each agent reward: 2156151.75
Episode 475 return: -2372988.5
Episode: 475, total reward: 2156151.75
each agent reward: 2156151.75
Episode 476 return: -2326297.25
Episode: 476, total reward: 2156151.75
each agent reward: 2156151.75
Episode 477 return: -2350344.75
Episode: 477, total reward: 2155950.0
each agent reward: 2155950.0
Episode 478 return: -2377024.0
Episode: 478, total reward: 2155950.0
each agent reward: 2155950.0
Episode 479 return: -2336680.5
Episode: 479, total reward: 2155950.0
each agent reward: 2155950.0
Episode 480 return: -2327621.0
Episode: 480, total reward: 2155950.0
each agent reward: 2155950.0
Episode 481 return: -2367171.75
Episode: 481, total reward: 2155950.0
each agent reward: 2155950.0
Episode 482 return: -2328088.75
Episode: 482, total reward: 2155543.75
each agent reward: 2155543.75
Episode 483 return: -2322521.5
Episode: 483, total reward: 2155704.75
each agent reward: 2155704.75
Episode 484 return: -2336036.75
Episode: 484, total reward: 2155704.75
each agent reward: 2155704.75
Episode 485 return: -2368257.5
Episode: 485, total reward: 2155543.75
each agent reward: 2155543.75
Episode 486 return: -2341078.0
Episode: 486, total reward: 2155950.0
each agent reward: 2155950.0
Episode 487 return: -2354512.25
Episode: 487, total reward: 2155950.0
each agent reward: 2155950.0
Episode 488 return: -2346862.0
Episode: 488, total reward: 2155950.0
each agent reward: 2155950.0
Episode 489 return: -2382289.5
Episode: 489, total reward: 2155950.0
each agent reward: 2155950.0
Episode 490 return: -2320235.75
Episode: 490, total reward: 2155950.0
each agent reward: 2155950.0
Episode 491 return: -2331037.0
Episode: 491, total reward: 2155961.75
each agent reward: 2155961.75
Episode 492 return: -2325461.25
Episode: 492, total reward: 2155981.25
each agent reward: 2155981.25
Episode 493 return: -2311868.75
Episode: 493, total reward: 2155950.0
each agent reward: 2155950.0
Episode 494 return: -2341207.5
Episode: 494, total reward: 2155950.0
each agent reward: 2155950.0
Episode 495 return: -2334311.5
Episode: 495, total reward: 2155950.0
each agent reward: 2155950.0
Episode 496 return: -2342154.75
Episode: 496, total reward: 2155950.0
each agent reward: 2155950.0
Episode 497 return: -2329323.0
Episode: 497, total reward: 2155950.0
each agent reward: 2155950.0
Episode 498 return: -2332007.0
Episode: 498, total reward: 2155950.0
each agent reward: 2155950.0
Episode 499 return: -2317401.0
Episode: 499, total reward: 2155950.0
each agent reward: 2155950.0
Episode 500 return: -2326931.75
Episode: 500, total reward: 2155950.0
each agent reward: 2155950.0
Episode 501 return: -2344529.25
Episode: 501, total reward: 2156269.75
each agent reward: 2156269.75
Episode 502 return: -2306867.5
Episode: 502, total reward: 2155950.0
each agent reward: 2155950.0
Episode 503 return: -2311694.75
Episode: 503, total reward: 2155950.0
each agent reward: 2155950.0
Episode 504 return: -2316943.25
Episode: 504, total reward: 2155950.0
each agent reward: 2155950.0
Episode 505 return: -2360321.5
Episode: 505, total reward: 2155950.0
each agent reward: 2155950.0
Episode 506 return: -2328690.5
Episode: 506, total reward: 2155950.0
each agent reward: 2155950.0
Episode 507 return: -2312468.0
Episode: 507, total reward: 2155549.25
each agent reward: 2155549.25
Episode 508 return: -2324620.25
Episode: 508, total reward: 2155950.0
each agent reward: 2155950.0
Episode 509 return: -2340741.75
Episode: 509, total reward: 2155950.0
each agent reward: 2155950.0
Episode 510 return: -2305544.5
Episode: 510, total reward: 2156706.25
each agent reward: 2156706.25
Episode 511 return: -2320679.0
Episode: 511, total reward: 2156706.25
each agent reward: 2156706.25
Episode 512 return: -2332811.25
Episode: 512, total reward: 2156706.25
each agent reward: 2156706.25
Episode 513 return: -2321738.25
Episode: 513, total reward: 2155950.0
each agent reward: 2155950.0
Episode 514 return: -2323070.5
Episode: 514, total reward: 2155963.25
each agent reward: 2155963.25
Episode 515 return: -2365450.0
Episode: 515, total reward: 2155950.0
each agent reward: 2155950.0
Episode 516 return: -2328857.75
Episode: 516, total reward: 2155950.0
each agent reward: 2155950.0
Episode 517 return: -2325242.5
Episode: 517, total reward: 2155888.25
each agent reward: 2155888.25
Episode 518 return: -2316709.0
Episode: 518, total reward: 2155888.25
each agent reward: 2155888.25
Episode 519 return: -2366081.25
Episode: 519, total reward: 2155950.0
each agent reward: 2155950.0
Episode 520 return: -2353515.0
Episode: 520, total reward: 2155950.0
each agent reward: 2155950.0
Episode 521 return: -2333253.75
Episode: 521, total reward: 2155950.0
each agent reward: 2155950.0
Episode 522 return: -2308448.5
Episode: 522, total reward: 2156706.25
each agent reward: 2156706.25
Episode 523 return: -2371157.25
Episode: 523, total reward: 2157986.25
each agent reward: 2157986.25
Episode 524 return: -2335171.75
Episode: 524, total reward: 2156706.25
each agent reward: 2156706.25
Episode 525 return: -2292551.75
Episode: 525, total reward: 2156269.75
each agent reward: 2156269.75
Episode 526 return: -2322289.0
Episode: 526, total reward: 2157004.5
each agent reward: 2157004.5
Episode 527 return: -2309518.75
Episode: 527, total reward: 2156822.25
each agent reward: 2156822.25
Episode 528 return: -2341265.0
Episode: 528, total reward: 2156822.25
each agent reward: 2156822.25
Episode 529 return: -2311242.0
Episode: 529, total reward: 2156693.5
each agent reward: 2156693.5
Episode 530 return: -2357389.5
Episode: 530, total reward: 2155549.25
each agent reward: 2155549.25
Episode 531 return: -2314448.5
Episode: 531, total reward: 2154014.25
each agent reward: 2154014.25
Episode 532 return: -2340782.25
Episode: 532, total reward: 2154169.75
each agent reward: 2154169.75
Episode 533 return: -2319393.75
Episode: 533, total reward: 2155549.25
each agent reward: 2155549.25
Episode 534 return: -2351086.0
Episode: 534, total reward: 2155950.0
each agent reward: 2155950.0
Episode 535 return: -2334811.75
Episode: 535, total reward: 2155950.0
each agent reward: 2155950.0
Episode 536 return: -2361421.0
Episode: 536, total reward: 2155950.0
each agent reward: 2155950.0
Episode 537 return: -2325464.25
Episode: 537, total reward: 2155950.0
each agent reward: 2155950.0
Episode 538 return: -2341249.25
Episode: 538, total reward: 2155950.0
each agent reward: 2155950.0
Episode 539 return: -2328507.0
Episode: 539, total reward: 2155950.0
each agent reward: 2155950.0
Episode 540 return: -2317379.75
Episode: 540, total reward: 2155950.0
each agent reward: 2155950.0
Episode 541 return: -2354939.25
Episode: 541, total reward: 2154281.75
each agent reward: 2154281.75
Episode 542 return: -2349759.0
Episode: 542, total reward: 2154027.0
each agent reward: 2154027.0
Episode 543 return: -2353833.5
Episode: 543, total reward: 2154243.75
each agent reward: 2154243.75
Episode 544 return: -2327079.0
Episode: 544, total reward: 2154014.25
each agent reward: 2154014.25
Episode 545 return: -2326760.75
Episode: 545, total reward: 2156331.25
each agent reward: 2156331.25
Episode 546 return: -2353733.25
Episode: 546, total reward: 2157122.0
each agent reward: 2157122.0
Episode 547 return: -2316981.75
Episode: 547, total reward: 2157122.0
each agent reward: 2157122.0
Episode 548 return: -2356030.0
Episode: 548, total reward: 2155548.75
each agent reward: 2155548.75
Episode 549 return: -2338775.5
Episode: 549, total reward: 2156881.0
each agent reward: 2156881.0
Episode 550 return: -2308460.75
Episode: 550, total reward: 2154289.25
each agent reward: 2154289.25
Episode 551 return: -2308601.0
Episode: 551, total reward: 2154289.25
each agent reward: 2154289.25
Episode 552 return: -2317637.75
Episode: 552, total reward: 2154289.25
each agent reward: 2154289.25
Episode 553 return: -2329442.25
Episode: 553, total reward: 2154289.25
each agent reward: 2154289.25
Episode 554 return: -2375165.0
Episode: 554, total reward: 2154014.25
each agent reward: 2154014.25
Episode 555 return: -2306706.25
Episode: 555, total reward: 2154014.25
each agent reward: 2154014.25
Episode 556 return: -2338496.75
Episode: 556, total reward: 2154014.25
each agent reward: 2154014.25
Episode 557 return: -2350730.75
Episode: 557, total reward: 2154603.25
each agent reward: 2154603.25
Episode 558 return: -2333512.0
Episode: 558, total reward: 2154014.25
each agent reward: 2154014.25
Episode 559 return: -2326161.0
Episode: 559, total reward: 2154021.75
each agent reward: 2154021.75
Episode 560 return: -2325558.5
Episode: 560, total reward: 2154177.25
each agent reward: 2154177.25
Episode 561 return: -2330411.0
Episode: 561, total reward: 2156458.75
each agent reward: 2156458.75
Episode 562 return: -2330476.5
Episode: 562, total reward: 2157069.25
each agent reward: 2157069.25
Episode 563 return: -2337386.5
Episode: 563, total reward: 2156267.75
each agent reward: 2156267.75
Episode 564 return: -2348327.75
Episode: 564, total reward: 2157338.25
each agent reward: 2157338.25
Episode 565 return: -2299045.25
Episode: 565, total reward: 2156881.0
each agent reward: 2156881.0
Episode 566 return: -2298185.25
Episode: 566, total reward: 2156005.0
each agent reward: 2156005.0
Episode 567 return: -2342462.75
Episode: 567, total reward: 2154021.75
each agent reward: 2154021.75
Episode 568 return: -2306790.5
Episode: 568, total reward: 2154021.75
each agent reward: 2154021.75
Episode 569 return: -2322178.0
Episode: 569, total reward: 2154021.75
each agent reward: 2154021.75
Episode 570 return: -2341183.75
Episode: 570, total reward: 2155803.75
each agent reward: 2155803.75
Episode 571 return: -2322690.0
Episode: 571, total reward: 2156438.25
each agent reward: 2156438.25
Episode 572 return: -2325512.0
Episode: 572, total reward: 2156706.25
each agent reward: 2156706.25
Episode 573 return: -2319882.5
Episode: 573, total reward: 2154923.75
each agent reward: 2154923.75
Episode 574 return: -2356619.0
Episode: 574, total reward: 2156569.75
each agent reward: 2156569.75
Episode 575 return: -2317896.75
Episode: 575, total reward: 2155225.25
each agent reward: 2155225.25
Episode 576 return: -2300581.75
Episode: 576, total reward: 2157147.75
each agent reward: 2157147.75
Episode 577 return: -2317857.5
Episode: 577, total reward: 2158060.75
each agent reward: 2158060.75
Episode 578 return: -2319043.75
Episode: 578, total reward: 2158097.25
each agent reward: 2158097.25
Episode 579 return: -2316276.25
Episode: 579, total reward: 2154282.5
each agent reward: 2154282.5
Episode 580 return: -2316224.0
Episode: 580, total reward: 2156438.25
each agent reward: 2156438.25
Episode 581 return: -2321443.0
Episode: 581, total reward: 2156438.25
each agent reward: 2156438.25
Episode 582 return: -2299971.0
Episode: 582, total reward: 2156341.5
each agent reward: 2156341.5
Episode 583 return: -2338598.5
Episode: 583, total reward: 2153998.75
each agent reward: 2153998.75
Episode 584 return: -2314902.25
Episode: 584, total reward: 2155321.5
each agent reward: 2155321.5
Episode 585 return: -2307549.0
Episode: 585, total reward: 2155010.25
each agent reward: 2155010.25
Episode 586 return: -2346562.0
Episode: 586, total reward: 2155682.75
each agent reward: 2155682.75
Episode 587 return: -2328392.0
Episode: 587, total reward: 2155832.5
each agent reward: 2155832.5
Episode 588 return: -2312162.0
Episode: 588, total reward: 2156881.0
each agent reward: 2156881.0
Episode 589 return: -2321175.25
Episode: 589, total reward: 2155986.0
each agent reward: 2155986.0
Episode 590 return: -2318479.75
Episode: 590, total reward: 2155075.25
each agent reward: 2155075.25
Episode 591 return: -2296360.25
Episode: 591, total reward: 2156641.5
each agent reward: 2156641.5
Episode 592 return: -2346128.75
Episode: 592, total reward: 2156679.5
each agent reward: 2156679.5
Episode 593 return: -2326929.25
Episode: 593, total reward: 2155106.5
each agent reward: 2155106.5
Episode 594 return: -2335544.5
Episode: 594, total reward: 2154021.75
each agent reward: 2154021.75
Episode 595 return: -2316849.5
Episode: 595, total reward: 2155106.5
each agent reward: 2155106.5
Episode 596 return: -2303382.75
Episode: 596, total reward: 2154021.75
each agent reward: 2154021.75
Episode 597 return: -2328408.0
Episode: 597, total reward: 2154351.75
each agent reward: 2154351.75
Episode 598 return: -2360207.25
Episode: 598, total reward: 2155978.5
each agent reward: 2155978.5
Episode 599 return: -2331842.5
Episode: 599, total reward: 2155978.5
each agent reward: 2155978.5
Episode 600 return: -2338906.0
Episode: 600, total reward: 2154341.75
each agent reward: 2154341.75
Episode 601 return: -2301602.75
Episode: 601, total reward: 2154838.0
each agent reward: 2154838.0
Episode 602 return: -2326614.75
Episode: 602, total reward: 2154838.0
each agent reward: 2154838.0
Episode 603 return: -2319463.25
Episode: 603, total reward: 2155594.25
each agent reward: 2155594.25
Episode 604 return: -2351221.0
Episode: 604, total reward: 2154295.25
each agent reward: 2154295.25
Episode 605 return: -2358574.75
Episode: 605, total reward: 2155594.25
each agent reward: 2155594.25
Episode 606 return: -2324155.5
Episode: 606, total reward: 2154838.0
each agent reward: 2154838.0
Episode 607 return: -2323375.25
Episode: 607, total reward: 2154838.0
each agent reward: 2154838.0
Episode 608 return: -2324131.0
Episode: 608, total reward: 2154838.0
each agent reward: 2154838.0
Episode 609 return: -2298148.75
Episode: 609, total reward: 2154838.0
each agent reward: 2154838.0
Episode 610 return: -2354299.25
Episode: 610, total reward: 2154838.0
each agent reward: 2154838.0
Episode 611 return: -2322247.0
Episode: 611, total reward: 2154838.0
each agent reward: 2154838.0
Episode 612 return: -2318332.5
Episode: 612, total reward: 2154838.0
each agent reward: 2154838.0
Episode 613 return: -2324326.25
Episode: 613, total reward: 2154838.0
each agent reward: 2154838.0
Episode 614 return: -2364468.5
Episode: 614, total reward: 2154838.0
each agent reward: 2154838.0
Episode 615 return: -2357161.0
Episode: 615, total reward: 2154177.25
each agent reward: 2154177.25
Episode 616 return: -2319972.5
Episode: 616, total reward: 2154341.75
each agent reward: 2154341.75
Episode 617 return: -2315374.75
Episode: 617, total reward: 2154894.0
each agent reward: 2154894.0
Episode 618 return: -2360453.75
Episode: 618, total reward: 2154021.75
each agent reward: 2154021.75
Episode 619 return: -2321453.0
Episode: 619, total reward: 2154021.75
each agent reward: 2154021.75
Episode 620 return: -2339584.5
Episode: 620, total reward: 2154021.75
each agent reward: 2154021.75
Episode 621 return: -2326284.75
Episode: 621, total reward: 2154021.75
each agent reward: 2154021.75
Episode 622 return: -2309377.25
Episode: 622, total reward: 2154289.25
each agent reward: 2154289.25
Episode 623 return: -2329601.75
Episode: 623, total reward: 2154273.25
each agent reward: 2154273.25
Episode 624 return: -2316071.0
Episode: 624, total reward: 2153265.75
each agent reward: 2153265.75
Episode 625 return: -2357706.5
Episode: 625, total reward: 2153929.5
each agent reward: 2153929.5
Episode 626 return: -2312540.75
Episode: 626, total reward: 2156424.25
each agent reward: 2156424.25
Episode 627 return: -2309259.25
Episode: 627, total reward: 2156424.25
each agent reward: 2156424.25
Episode 628 return: -2343196.5
Episode: 628, total reward: 2156424.25
each agent reward: 2156424.25
Episode 629 return: -2310537.0
Episode: 629, total reward: 2156332.75
each agent reward: 2156332.75
Episode 630 return: -2293636.25
Episode: 630, total reward: 2157137.75
each agent reward: 2157137.75
Episode 631 return: -2322746.25
Episode: 631, total reward: 2158123.0
each agent reward: 2158123.0
Episode 632 return: -2348492.25
Episode: 632, total reward: 2156423.0
each agent reward: 2156423.0
Episode 633 return: -2325772.5
Episode: 633, total reward: 2156267.5
each agent reward: 2156267.5
Episode 634 return: -2305757.75
Episode: 634, total reward: 2158589.0
each agent reward: 2158589.0
Episode 635 return: -2315425.25
Episode: 635, total reward: 2156899.5
each agent reward: 2156899.5
Episode 636 return: -2351994.5
Episode: 636, total reward: 2156989.25
each agent reward: 2156989.25
Episode 637 return: -2329512.5
Episode: 637, total reward: 2156989.25
each agent reward: 2156989.25
Episode 638 return: -2315990.25
Episode: 638, total reward: 2156085.0
each agent reward: 2156085.0
Episode 639 return: -2323087.75
Episode: 639, total reward: 2156083.5
each agent reward: 2156083.5
Episode 640 return: -2322227.0
Episode: 640, total reward: 2157867.5
each agent reward: 2157867.5
Episode 641 return: -2325686.75
Episode: 641, total reward: 2157347.25
each agent reward: 2157347.25
Episode 642 return: -2352775.0
Episode: 642, total reward: 2156789.25
each agent reward: 2156789.25
Episode 643 return: -2331264.0
Episode: 643, total reward: 2158341.0
each agent reward: 2158341.0
Episode 644 return: -2339524.25
Episode: 644, total reward: 2157913.5
each agent reward: 2157913.5
Episode 645 return: -2314834.0
Episode: 645, total reward: 2156267.5
each agent reward: 2156267.5
Episode 646 return: -2347323.25
Episode: 646, total reward: 2156122.0
each agent reward: 2156122.0
Episode 647 return: -2300101.75
Episode: 647, total reward: 2156122.0
each agent reward: 2156122.0
Episode 648 return: -2296609.75
Episode: 648, total reward: 2156122.0
each agent reward: 2156122.0
Episode 649 return: -2317053.75
Episode: 649, total reward: 2156122.0
each agent reward: 2156122.0
Episode 650 return: -2328041.0
Episode: 650, total reward: 2156122.0
each agent reward: 2156122.0
Episode 651 return: -2327895.5
Episode: 651, total reward: 2156155.5
each agent reward: 2156155.5
Episode 652 return: -2318134.25
Episode: 652, total reward: 2156122.0
each agent reward: 2156122.0
Episode 653 return: -2337718.0
Episode: 653, total reward: 2156155.5
each agent reward: 2156155.5
Episode 654 return: -2392638.5
Episode: 654, total reward: 2158224.75
each agent reward: 2158224.75
Episode 655 return: -2314726.25
Episode: 655, total reward: 2156122.0
each agent reward: 2156122.0
Episode 656 return: -2339725.0
Episode: 656, total reward: 2156267.5
each agent reward: 2156267.5
Episode 657 return: -2339108.75
Episode: 657, total reward: 2158259.5
each agent reward: 2158259.5
Episode 658 return: -2331065.75
Episode: 658, total reward: 2155972.0
each agent reward: 2155972.0
Episode 659 return: -2323907.25
Episode: 659, total reward: 2155176.75
each agent reward: 2155176.75
Episode 660 return: -2314596.75
Episode: 660, total reward: 2155731.5
each agent reward: 2155731.5
Episode 661 return: -2290028.0
Episode: 661, total reward: 2154709.0
each agent reward: 2154709.0
Episode 662 return: -2301315.75
Episode: 662, total reward: 2155195.0
each agent reward: 2155195.0
Episode 663 return: -2345013.25
Episode: 663, total reward: 2147228.5
each agent reward: 2147228.5
Episode 664 return: -2328692.5
Episode: 664, total reward: 2146827.0
each agent reward: 2146827.0
Episode 665 return: -2280733.5
Episode: 665, total reward: 2147228.5
each agent reward: 2147228.5
Episode 666 return: -2353893.0
Episode: 666, total reward: 2146827.0
each agent reward: 2146827.0
Episode 667 return: -2295540.0
Episode: 667, total reward: 2146827.0
each agent reward: 2146827.0
Episode 668 return: -2338278.0
Episode: 668, total reward: 2155422.25
each agent reward: 2155422.25
Episode 669 return: -2300244.5
Episode: 669, total reward: 2155422.25
each agent reward: 2155422.25
Episode 670 return: -2341288.5
Episode: 670, total reward: 2155422.25
each agent reward: 2155422.25
Episode 671 return: -2336663.25
Episode: 671, total reward: 2155398.5
each agent reward: 2155398.5
Episode 672 return: -2310998.5
Episode: 672, total reward: 2156122.0
each agent reward: 2156122.0
Episode 673 return: -2315609.5
Episode: 673, total reward: 2157213.25
each agent reward: 2157213.25
Episode 674 return: -2331829.25
Episode: 674, total reward: 2156899.5
each agent reward: 2156899.5
Episode 675 return: -2334562.0
Episode: 675, total reward: 2155422.25
each agent reward: 2155422.25
Episode 676 return: -2342584.75
Episode: 676, total reward: 2155562.75
each agent reward: 2155562.75
Episode 677 return: -2315078.75
Episode: 677, total reward: 2147886.0
each agent reward: 2147886.0
Episode 678 return: -2325497.0
Episode: 678, total reward: 2147671.0
each agent reward: 2147671.0
Episode 679 return: -2312065.0
Episode: 679, total reward: 2154846.25
each agent reward: 2154846.25
Episode 680 return: -2382781.75
Episode: 680, total reward: 2154606.25
each agent reward: 2154606.25
Episode 681 return: -2344246.0
Episode: 681, total reward: 2155422.25
each agent reward: 2155422.25
Episode 682 return: -2338605.5
Episode: 682, total reward: 2150002.5
each agent reward: 2150002.5
Episode 683 return: -2749389.75
Episode: 683, total reward: 2151012.25
each agent reward: 2151012.25
Episode 684 return: -2319840.75
Episode: 684, total reward: 2151067.25
each agent reward: 2151067.25
Episode 685 return: -2330424.0
Episode: 685, total reward: 2151067.25
each agent reward: 2151067.25
Episode 686 return: -2349671.25
Episode: 686, total reward: 2147685.75
each agent reward: 2147685.75
Episode 687 return: -2318216.5
Episode: 687, total reward: 2147685.75
each agent reward: 2147685.75
Episode 688 return: -2323360.0
Episode: 688, total reward: 2147947.75
each agent reward: 2147947.75
Episode 689 return: -2299620.0
Episode: 689, total reward: 2147228.5
each agent reward: 2147228.5
Episode 690 return: -2336718.75
Episode: 690, total reward: 2149525.75
each agent reward: 2149525.75
Episode 691 return: -2337766.5
Episode: 691, total reward: 2148689.0
each agent reward: 2148689.0
Episode 692 return: -2305086.75
Episode: 692, total reward: 2151394.75
each agent reward: 2151394.75
Episode 693 return: -2338157.0
Episode: 693, total reward: 2149328.0
each agent reward: 2149328.0
Episode 694 return: -2329094.5
Episode: 694, total reward: 2146827.0
each agent reward: 2146827.0
Episode 695 return: -2300819.5
Episode: 695, total reward: 2146827.0
each agent reward: 2146827.0
Episode 696 return: -2321033.0
Episode: 696, total reward: 2146827.0
each agent reward: 2146827.0
Episode 697 return: -2311544.25
Episode: 697, total reward: 2146827.0
each agent reward: 2146827.0
Episode 698 return: -2321970.5
Episode: 698, total reward: 2148599.75
each agent reward: 2148599.75
Episode 699 return: -2350382.0
Episode: 699, total reward: 2146827.0
each agent reward: 2146827.0
Episode 700 return: -2373233.5
Episode: 700, total reward: 2146827.0
each agent reward: 2146827.0
Episode 701 return: -2313712.25
Episode: 701, total reward: 2146827.0
each agent reward: 2146827.0
Episode 702 return: -2293414.0
Episode: 702, total reward: 2146827.0
each agent reward: 2146827.0
Episode 703 return: -2326661.5
Episode: 703, total reward: 2146827.0
each agent reward: 2146827.0
Episode 704 return: -2358213.75
Episode: 704, total reward: 2146827.0
each agent reward: 2146827.0
Episode 705 return: -2318710.25
Episode: 705, total reward: 2146827.0
each agent reward: 2146827.0
Episode 706 return: -2329026.5
Episode: 706, total reward: 2146827.0
each agent reward: 2146827.0
Episode 707 return: -2307500.25
Episode: 707, total reward: 2146827.0
each agent reward: 2146827.0
Episode 708 return: -2364644.5
Episode: 708, total reward: 2146827.0
each agent reward: 2146827.0
Episode 709 return: -2302812.0
Episode: 709, total reward: 2146827.0
each agent reward: 2146827.0
Episode 710 return: -2315166.25
Episode: 710, total reward: 2146827.0
each agent reward: 2146827.0
Episode 711 return: -2338824.25
Episode: 711, total reward: 2146827.0
each agent reward: 2146827.0
Episode 712 return: -2321708.5
Episode: 712, total reward: 2146827.0
each agent reward: 2146827.0
Episode 713 return: -2345433.0
Episode: 713, total reward: 2147671.0
each agent reward: 2147671.0
Episode 714 return: -2326816.5
Episode: 714, total reward: 2146827.0
each agent reward: 2146827.0
Episode 715 return: -2318682.5
Episode: 715, total reward: 2148599.75
each agent reward: 2148599.75
Episode 716 return: -2309149.5
Episode: 716, total reward: 2148217.25
each agent reward: 2148217.25
Episode 717 return: -2317891.5
Episode: 717, total reward: 2148217.25
each agent reward: 2148217.25
Episode 718 return: -2330700.25
Episode: 718, total reward: 2149154.5
each agent reward: 2149154.5
Episode 719 return: -2311099.75
Episode: 719, total reward: 2148217.25
each agent reward: 2148217.25
Episode 720 return: -2309495.75
Episode: 720, total reward: 2149253.0
each agent reward: 2149253.0
Episode 721 return: -2315354.5
Episode: 721, total reward: 2147685.75
each agent reward: 2147685.75
Episode 722 return: -2337054.5
Episode: 722, total reward: 2148349.5
each agent reward: 2148349.5
Episode 723 return: -2351192.25
Episode: 723, total reward: 2147685.75
each agent reward: 2147685.75
Episode 724 return: -2327206.5
Episode: 724, total reward: 2147685.75
each agent reward: 2147685.75
Episode 725 return: -2353198.0
Episode: 725, total reward: 2147685.75
each agent reward: 2147685.75
Episode 726 return: -2337132.25
Episode: 726, total reward: 2149154.5
each agent reward: 2149154.5
Episode 727 return: -2335348.0
Episode: 727, total reward: 2146827.0
each agent reward: 2146827.0
Episode 728 return: -2313119.5
Episode: 728, total reward: 2146843.0
each agent reward: 2146843.0
Episode 729 return: -2325155.5
Episode: 729, total reward: 2148611.75
each agent reward: 2148611.75
Episode 730 return: -2346917.0
Episode: 730, total reward: 2148272.25
each agent reward: 2148272.25
Episode 731 return: -2364535.0
Episode: 731, total reward: 2148272.25
each agent reward: 2148272.25
Episode 732 return: -2298817.0
Episode: 732, total reward: 2147685.75
each agent reward: 2147685.75
Episode 733 return: -2288762.25
Episode: 733, total reward: 2149154.5
each agent reward: 2149154.5
Episode 734 return: -2326184.75
Episode: 734, total reward: 2149154.5
each agent reward: 2149154.5
Episode 735 return: -2327769.0
Episode: 735, total reward: 2149154.5
each agent reward: 2149154.5
Episode 736 return: -2303218.75
Episode: 736, total reward: 2138284.5
each agent reward: 2138284.5
Episode 737 return: -2333522.75
Episode: 737, total reward: 2145788.0
each agent reward: 2145788.0
Episode 738 return: -2307123.25
Episode: 738, total reward: 2147685.75
each agent reward: 2147685.75
Episode 739 return: -2340306.0
Episode: 739, total reward: 2149253.0
each agent reward: 2149253.0
Episode 740 return: -2351033.75
Episode: 740, total reward: 2148885.5
each agent reward: 2148885.5
Episode 741 return: -2323705.25
Episode: 741, total reward: 2147685.75
each agent reward: 2147685.75
Episode 742 return: -2278281.5
Episode: 742, total reward: 2147685.75
each agent reward: 2147685.75
Episode 743 return: -2316755.0
Episode: 743, total reward: 2148217.25
each agent reward: 2148217.25
Episode 744 return: -2331156.75
Episode: 744, total reward: 2147966.75
each agent reward: 2147966.75
Episode 745 return: -2316735.25
Episode: 745, total reward: 2147966.75
each agent reward: 2147966.75
Episode 746 return: -2326943.0
Episode: 746, total reward: 2147685.75
each agent reward: 2147685.75
Episode 747 return: -2329201.25
Episode: 747, total reward: 2147685.75
each agent reward: 2147685.75
Episode 748 return: -2329370.0
Episode: 748, total reward: 2147685.75
each agent reward: 2147685.75
Episode 749 return: -2339830.75
Episode: 749, total reward: 2139650.75
each agent reward: 2139650.75
Episode 750 return: -2316620.5
Episode: 750, total reward: 2137753.0
each agent reward: 2137753.0
Episode 751 return: -2362614.5
Episode: 751, total reward: 2137753.0
each agent reward: 2137753.0
Episode 752 return: -2314539.25
Episode: 752, total reward: 2140314.5
each agent reward: 2140314.5
Episode 753 return: -2293824.5
Episode: 753, total reward: 2140237.5
each agent reward: 2140237.5
Episode 754 return: -2301513.0
Episode: 754, total reward: 2140237.5
each agent reward: 2140237.5
Episode 755 return: -2348874.5
Episode: 755, total reward: 2141622.25
each agent reward: 2141622.25
Episode 756 return: -2364206.0
Episode: 756, total reward: 2148272.25
each agent reward: 2148272.25
Episode 757 return: -2328028.25
Episode: 757, total reward: 2143798.75
each agent reward: 2143798.75
Episode 758 return: -2312413.0
Episode: 758, total reward: 2140237.5
each agent reward: 2140237.5
Episode 759 return: -2364610.25
Episode: 759, total reward: 2142952.5
each agent reward: 2142952.5
Episode 760 return: -2319452.0
Episode: 760, total reward: 2149016.0
each agent reward: 2149016.0
Episode 761 return: -2318450.0
Episode: 761, total reward: 2148272.25
each agent reward: 2148272.25
Episode 762 return: -2306513.5
Episode: 762, total reward: 2148272.25
each agent reward: 2148272.25
Episode 763 return: -2310061.0
Episode: 763, total reward: 2148272.25
each agent reward: 2148272.25
Episode 764 return: -2321806.75
Episode: 764, total reward: 2142208.75
each agent reward: 2142208.75
Episode 765 return: -2319772.0
Episode: 765, total reward: 2140237.5
each agent reward: 2140237.5
Episode 766 return: -2323738.0
Episode: 766, total reward: 2138339.75
each agent reward: 2138339.75
Episode 767 return: -2313351.25
Episode: 767, total reward: 2138339.75
each agent reward: 2138339.75
Episode 768 return: -2318479.25
Episode: 768, total reward: 2138339.75
each agent reward: 2138339.75
Episode 769 return: -2344965.5
Episode: 769, total reward: 2142968.0
each agent reward: 2142968.0
Episode 770 return: -2313534.75
Episode: 770, total reward: 2142968.0
each agent reward: 2142968.0
Episode 771 return: -2331822.25
Episode: 771, total reward: 2143858.25
each agent reward: 2143858.25
Episode 772 return: -2300207.5
Episode: 772, total reward: 2142846.5
each agent reward: 2142846.5
Episode 773 return: -2300561.5
Episode: 773, total reward: 2142259.75
each agent reward: 2142259.75
Episode 774 return: -2322333.5
Episode: 774, total reward: 2143858.25
each agent reward: 2143858.25
Episode 775 return: -2326606.25
Episode: 775, total reward: 2142846.5
each agent reward: 2142846.5
Episode 776 return: -2335462.5
Episode: 776, total reward: 2142259.75
each agent reward: 2142259.75
Episode 777 return: -2297085.25
Episode: 777, total reward: 2142218.0
each agent reward: 2142218.0
Episode 778 return: -2355563.5
Episode: 778, total reward: 2142396.0
each agent reward: 2142396.0
Episode 779 return: -2319305.0
Episode: 779, total reward: 2142396.0
each agent reward: 2142396.0
Episode 780 return: -2312137.0
Episode: 780, total reward: 2142396.0
each agent reward: 2142396.0
Episode 781 return: -2304001.5
Episode: 781, total reward: 2143069.25
each agent reward: 2143069.25
Episode 782 return: -2344274.75
Episode: 782, total reward: 2143728.5
each agent reward: 2143728.5
Episode 783 return: -2338122.0
Episode: 783, total reward: 2143459.75
each agent reward: 2143459.75
Episode 784 return: -2310132.25
Episode: 784, total reward: 2142259.75
each agent reward: 2142259.75
Episode 785 return: -2336644.75
Episode: 785, total reward: 2142846.5
each agent reward: 2142846.5
Episode 786 return: -2339764.5
Episode: 786, total reward: 2142846.5
each agent reward: 2142846.5
Episode 787 return: -2329130.0
Episode: 787, total reward: 2142846.5
each agent reward: 2142846.5
Episode 788 return: -2298484.75
Episode: 788, total reward: 2142846.5
each agent reward: 2142846.5
Episode 789 return: -2319789.5
Episode: 789, total reward: 2142846.5
each agent reward: 2142846.5
Episode 790 return: -2332060.5
Episode: 790, total reward: 2142259.75
each agent reward: 2142259.75
Episode 791 return: -2340602.5
Episode: 791, total reward: 2142259.75
each agent reward: 2142259.75
Episode 792 return: -2319650.0
Episode: 792, total reward: 2142259.75
each agent reward: 2142259.75
Episode 793 return: -2329780.25
Episode: 793, total reward: 2142846.5
each agent reward: 2142846.5
Episode 794 return: -2297871.25
Episode: 794, total reward: 2142259.75
each agent reward: 2142259.75
Episode 795 return: -2316047.0
Episode: 795, total reward: 2142259.75
each agent reward: 2142259.75
Episode 796 return: -2310458.25
Episode: 796, total reward: 2142846.5
each agent reward: 2142846.5
Episode 797 return: -2298521.0
Episode: 797, total reward: 2143590.25
each agent reward: 2143590.25
Episode 798 return: -2301946.25
Episode: 798, total reward: 2145642.0
each agent reward: 2145642.0
Episode 799 return: -2330056.25
Episode: 799, total reward: 2145642.0
each agent reward: 2145642.0
Episode 800 return: -2323312.25
Episode: 800, total reward: 2142846.5
each agent reward: 2142846.5
Episode 801 return: -2300301.25
Episode: 801, total reward: 2142846.5
each agent reward: 2142846.5
Episode 802 return: -2319130.0
Episode: 802, total reward: 2142846.5
each agent reward: 2142846.5
Episode 803 return: -2314705.25
Episode: 803, total reward: 2144545.75
each agent reward: 2144545.75
Episode 804 return: -2307450.5
Episode: 804, total reward: 2143802.0
each agent reward: 2143802.0
Episode 805 return: -2314423.5
Episode: 805, total reward: 2142846.5
each agent reward: 2142846.5
Episode 806 return: -2327269.0
Episode: 806, total reward: 2142846.5
each agent reward: 2142846.5
Episode 807 return: -2296772.0
Episode: 807, total reward: 2144649.0
each agent reward: 2144649.0
Episode 808 return: -2340702.5
Episode: 808, total reward: 2145245.5
each agent reward: 2145245.5
Episode 809 return: -2321773.75
Episode: 809, total reward: 2142881.25
each agent reward: 2142881.25
Episode 810 return: -2339248.75
Episode: 810, total reward: 2143531.5
each agent reward: 2143531.5
Episode 811 return: -2316365.75
Episode: 811, total reward: 2145930.75
each agent reward: 2145930.75
Episode 812 return: -2361270.0
Episode: 812, total reward: 2146327.25
each agent reward: 2146327.25
Episode 813 return: -2348329.0
Episode: 813, total reward: 2145930.75
each agent reward: 2145930.75
Episode 814 return: -2330214.5
Episode: 814, total reward: 2145930.75
each agent reward: 2145930.75
Episode 815 return: -2301813.0
Episode: 815, total reward: 2143531.5
each agent reward: 2143531.5
Episode 816 return: -2327257.25
Episode: 816, total reward: 2143531.5
each agent reward: 2143531.5
Episode 817 return: -2337599.75
Episode: 817, total reward: 2143531.5
each agent reward: 2143531.5
Episode 818 return: -2321605.75
Episode: 818, total reward: 2146327.25
each agent reward: 2146327.25
Episode 819 return: -2312508.0
Episode: 819, total reward: 2146327.25
each agent reward: 2146327.25
Episode 820 return: -2321067.75
Episode: 820, total reward: 2146327.25
each agent reward: 2146327.25
Episode 821 return: -2334513.0
Episode: 821, total reward: 2146327.25
each agent reward: 2146327.25
Episode 822 return: -2318521.75
Episode: 822, total reward: 2146327.25
each agent reward: 2146327.25
Episode 823 return: -2323457.25
Episode: 823, total reward: 2146327.25
each agent reward: 2146327.25
Episode 824 return: -2313499.75
Episode: 824, total reward: 2145230.75
each agent reward: 2145230.75
Episode 825 return: -2317229.5
Episode: 825, total reward: 2145230.75
each agent reward: 2145230.75
Episode 826 return: -2299853.25
Episode: 826, total reward: 2143531.5
each agent reward: 2143531.5
Episode 827 return: -2338276.0
Episode: 827, total reward: 2143531.5
each agent reward: 2143531.5
Episode 828 return: -2328559.75
Episode: 828, total reward: 2143531.5
each agent reward: 2143531.5
Episode 829 return: -2300457.75
Episode: 829, total reward: 2146327.25
each agent reward: 2146327.25
Episode 830 return: -2320823.0
Episode: 830, total reward: 2146327.25
each agent reward: 2146327.25
Episode 831 return: -2320287.0
Episode: 831, total reward: 2146327.25
each agent reward: 2146327.25
Episode 832 return: -2305332.25
Episode: 832, total reward: 2146327.25
each agent reward: 2146327.25
Episode 833 return: -2352690.25
Episode: 833, total reward: 2146327.25
each agent reward: 2146327.25
Episode 834 return: -2300020.0
Episode: 834, total reward: 2146327.25
each agent reward: 2146327.25
Episode 835 return: -2332975.5
Episode: 835, total reward: 2143531.5
each agent reward: 2143531.5
Episode 836 return: -2304508.0
Episode: 836, total reward: 2143531.5
each agent reward: 2143531.5
Episode 837 return: -2295618.5
Episode: 837, total reward: 2142945.0
each agent reward: 2142945.0
Episode 838 return: -2309841.25
Episode: 838, total reward: 2142945.0
each agent reward: 2142945.0
Episode 839 return: -2334330.25
Episode: 839, total reward: 2143531.5
each agent reward: 2143531.5
Episode 840 return: -2301013.5
Episode: 840, total reward: 2143531.5
each agent reward: 2143531.5
Episode 841 return: -2310887.75
Episode: 841, total reward: 2143531.5
each agent reward: 2143531.5
Episode 842 return: -2334007.0
Episode: 842, total reward: 2142945.0
each agent reward: 2142945.0
Episode 843 return: -2315683.5
Episode: 843, total reward: 2143531.5
each agent reward: 2143531.5
Episode 844 return: -2344524.0
Episode: 844, total reward: 2143531.5
each agent reward: 2143531.5
Episode 845 return: -2347067.0
Episode: 845, total reward: 2142945.0
each agent reward: 2142945.0
Episode 846 return: -2318236.25
Episode: 846, total reward: 2142945.0
each agent reward: 2142945.0
Episode 847 return: -2332495.25
Episode: 847, total reward: 2143531.5
each agent reward: 2143531.5
Episode 848 return: -2340940.75
Episode: 848, total reward: 2146327.25
each agent reward: 2146327.25
Episode 849 return: -2302283.25
Episode: 849, total reward: 2146327.25
each agent reward: 2146327.25
Episode 850 return: -2324477.0
Episode: 850, total reward: 2146327.25
each agent reward: 2146327.25
Episode 851 return: -2323071.0
Episode: 851, total reward: 2143531.5
each agent reward: 2143531.5
Episode 852 return: -2321298.0
Episode: 852, total reward: 2143531.5
each agent reward: 2143531.5
Episode 853 return: -2305870.5
Episode: 853, total reward: 2143531.5
each agent reward: 2143531.5
Episode 854 return: -2316285.5
Episode: 854, total reward: 2143531.5
each agent reward: 2143531.5
Episode 855 return: -2309151.5
Episode: 855, total reward: 2143531.5
each agent reward: 2143531.5
Episode 856 return: -2275700.25
Episode: 856, total reward: 2143531.5
each agent reward: 2143531.5
Episode 857 return: -2358797.25
Episode: 857, total reward: 2142945.0
each agent reward: 2142945.0
Episode 858 return: -2315996.75
Episode: 858, total reward: 2142945.0
each agent reward: 2142945.0
Episode 859 return: -2301092.0
Episode: 859, total reward: 2142945.0
each agent reward: 2142945.0
Episode 860 return: -2346518.0
Episode: 860, total reward: 2143531.5
each agent reward: 2143531.5
Episode 861 return: -2319225.5
Episode: 861, total reward: 2145930.75
each agent reward: 2145930.75
Episode 862 return: -2317239.0
Episode: 862, total reward: 2146327.25
each agent reward: 2146327.25
Episode 863 return: -2359710.75
Episode: 863, total reward: 2146327.25
each agent reward: 2146327.25
Episode 864 return: -2314996.0
Episode: 864, total reward: 2143531.5
each agent reward: 2143531.5
Episode 865 return: -2317208.25
Episode: 865, total reward: 2143531.5
each agent reward: 2143531.5
Episode 866 return: -2341383.75
Episode: 866, total reward: 2143531.5
each agent reward: 2143531.5
Episode 867 return: -2331264.0
Episode: 867, total reward: 2143531.5
each agent reward: 2143531.5
Episode 868 return: -2304819.75
Episode: 868, total reward: 2144487.25
each agent reward: 2144487.25
Episode 869 return: -2318488.25
Episode: 869, total reward: 2143531.5
each agent reward: 2143531.5
Episode 870 return: -2345786.0
Episode: 870, total reward: 2146327.25
each agent reward: 2146327.25
Episode 871 return: -2288786.75
Episode: 871, total reward: 2146327.25
each agent reward: 2146327.25
Episode 872 return: -2330989.75
Episode: 872, total reward: 2144487.25
each agent reward: 2144487.25
Episode 873 return: -2303354.0
Episode: 873, total reward: 2143531.5
each agent reward: 2143531.5
Episode 874 return: -2321700.5
Episode: 874, total reward: 2143531.5
each agent reward: 2143531.5
Episode 875 return: -2300448.5
Episode: 875, total reward: 2143531.5
each agent reward: 2143531.5
Episode 876 return: -2326076.5
Episode: 876, total reward: 2143531.5
each agent reward: 2143531.5
Episode 877 return: -2308604.0
Episode: 877, total reward: 2143531.5
each agent reward: 2143531.5
Episode 878 return: -2339488.0
Episode: 878, total reward: 2142945.0
each agent reward: 2142945.0
Episode 879 return: -2350205.5
Episode: 879, total reward: 2142945.0
each agent reward: 2142945.0
Episode 880 return: -2314886.75
Episode: 880, total reward: 2142945.0
each agent reward: 2142945.0
Episode 881 return: -2334297.5
Episode: 881, total reward: 2142945.0
each agent reward: 2142945.0
Episode 882 return: -2300718.5
Episode: 882, total reward: 2143476.5
each agent reward: 2143476.5
Episode 883 return: -2315514.5
Episode: 883, total reward: 2142945.0
each agent reward: 2142945.0
Episode 884 return: -2331378.75
Episode: 884, total reward: 2142945.0
each agent reward: 2142945.0
Episode 885 return: -2319888.25
Episode: 885, total reward: 2143531.5
each agent reward: 2143531.5
Episode 886 return: -2319658.25
Episode: 886, total reward: 2143531.5
each agent reward: 2143531.5
Episode 887 return: -2302274.5
Episode: 887, total reward: 2142945.0
each agent reward: 2142945.0
Episode 888 return: -2296951.0
Episode: 888, total reward: 2142945.0
each agent reward: 2142945.0
Episode 889 return: -2317762.5
Episode: 889, total reward: 2142945.0
each agent reward: 2142945.0
Episode 890 return: -2321138.5
Episode: 890, total reward: 2143531.5
each agent reward: 2143531.5
Episode 891 return: -2291570.75
Episode: 891, total reward: 2143531.5
each agent reward: 2143531.5
Episode 892 return: -2326491.0
Episode: 892, total reward: 2143531.5
each agent reward: 2143531.5
Episode 893 return: -2341016.0
Episode: 893, total reward: 2143531.5
each agent reward: 2143531.5
Episode 894 return: -2325458.25
Episode: 894, total reward: 2143531.5
each agent reward: 2143531.5
Episode 895 return: -2332483.5
Episode: 895, total reward: 2143531.5
each agent reward: 2143531.5
Episode 896 return: -2329478.0
Episode: 896, total reward: 2143531.5
each agent reward: 2143531.5
Episode 897 return: -2305895.75
Episode: 897, total reward: 2143531.5
each agent reward: 2143531.5
Episode 898 return: -2330260.5
Episode: 898, total reward: 2143531.5
each agent reward: 2143531.5
Episode 899 return: -2276434.75
Episode: 899, total reward: 2143531.5
each agent reward: 2143531.5
Episode 900 return: -2314522.5
Episode: 900, total reward: 2143531.5
each agent reward: 2143531.5
Episode 901 return: -2336682.5
Episode: 901, total reward: 2146706.5
each agent reward: 2146706.5
Episode 902 return: -2330911.75
Episode: 902, total reward: 2146327.25
each agent reward: 2146327.25
Episode 903 return: -2342059.5
Episode: 903, total reward: 2146327.25
each agent reward: 2146327.25
Episode 904 return: -2327373.75
Episode: 904, total reward: 2143531.5
each agent reward: 2143531.5
Episode 905 return: -2330776.0
Episode: 905, total reward: 2143531.5
each agent reward: 2143531.5
Episode 906 return: -2312151.5
Episode: 906, total reward: 2143531.5
each agent reward: 2143531.5
Episode 907 return: -2285482.5
Episode: 907, total reward: 2143531.5
each agent reward: 2143531.5
Episode 908 return: -2318446.25
Episode: 908, total reward: 2141791.25
each agent reward: 2141791.25
Episode 909 return: -2303624.0
Episode: 909, total reward: 2141204.5
each agent reward: 2141204.5
Episode 910 return: -2324175.75
Episode: 910, total reward: 2142945.0
each agent reward: 2142945.0
Episode 911 return: -2303246.75
Episode: 911, total reward: 2142945.0
each agent reward: 2142945.0
Episode 912 return: -2348030.5
Episode: 912, total reward: 2142945.0
each agent reward: 2142945.0
Episode 913 return: -2307492.25
Episode: 913, total reward: 2142945.0
each agent reward: 2142945.0
Episode 914 return: -2297205.5
Episode: 914, total reward: 2142945.0
each agent reward: 2142945.0
Episode 915 return: -2309912.75
Episode: 915, total reward: 2142945.0
each agent reward: 2142945.0
Episode 916 return: -2312416.75
Episode: 916, total reward: 2143531.5
each agent reward: 2143531.5
Episode 917 return: -2290937.5
Episode: 917, total reward: 2143531.5
each agent reward: 2143531.5
Episode 918 return: -2304977.0
Episode: 918, total reward: 2143531.5
each agent reward: 2143531.5
Episode 919 return: -2303193.25
Episode: 919, total reward: 2143531.5
each agent reward: 2143531.5
Episode 920 return: -2347369.5
Episode: 920, total reward: 2143531.5
each agent reward: 2143531.5
Episode 921 return: -2307536.75
Episode: 921, total reward: 2143531.5
each agent reward: 2143531.5
Episode 922 return: -2311670.0
Episode: 922, total reward: 2143531.5
each agent reward: 2143531.5
Episode 923 return: -2319807.0
Episode: 923, total reward: 2144275.25
each agent reward: 2144275.25
Episode 924 return: -2312428.5
Episode: 924, total reward: 2139591.5
each agent reward: 2139591.5
Episode 925 return: -2329332.25
Episode: 925, total reward: 2139591.5
each agent reward: 2139591.5
Episode 926 return: -2326214.75
Episode: 926, total reward: 2139591.5
each agent reward: 2139591.5
Episode 927 return: -2323124.5
Episode: 927, total reward: 2139591.5
each agent reward: 2139591.5
Episode 928 return: -2330762.25
Episode: 928, total reward: 2139591.5
each agent reward: 2139591.5
Episode 929 return: -2313492.75
Episode: 929, total reward: 2138593.5
each agent reward: 2138593.5
Episode 930 return: -2319317.25
Episode: 930, total reward: 2139531.0
each agent reward: 2139531.0
Episode 931 return: -2341823.5
Episode: 931, total reward: 2138691.75
each agent reward: 2138691.75
Episode 932 return: -2323409.75
Episode: 932, total reward: 2135896.0
each agent reward: 2135896.0
Episode 933 return: -2326425.25
Episode: 933, total reward: 2135309.5
each agent reward: 2135309.5
Episode 934 return: -2305394.0
Episode: 934, total reward: 2135309.5
each agent reward: 2135309.5
Episode 935 return: -2302096.0
Episode: 935, total reward: 2135351.75
each agent reward: 2135351.75
Episode 936 return: -2286232.25
Episode: 936, total reward: 2136148.75
each agent reward: 2136148.75
Episode 937 return: -2381949.25
Episode: 937, total reward: 2135211.25
each agent reward: 2135211.25
Episode 938 return: -2313079.5
Episode: 938, total reward: 2135325.0
each agent reward: 2135325.0
Episode 939 return: -2284173.5
Episode: 939, total reward: 2136209.25
each agent reward: 2136209.25
Episode 940 return: -2319286.5
Episode: 940, total reward: 2135309.5
each agent reward: 2135309.5
Episode 941 return: -2313751.0
Episode: 941, total reward: 2135896.0
each agent reward: 2135896.0
Episode 942 return: -2327924.5
Episode: 942, total reward: 2135896.0
each agent reward: 2135896.0
Episode 943 return: -2303017.5
Episode: 943, total reward: 2135896.0
each agent reward: 2135896.0
Episode 944 return: -2308490.75
Episode: 944, total reward: 2135896.0
each agent reward: 2135896.0
Episode 945 return: -2311490.5
Episode: 945, total reward: 2135896.0
each agent reward: 2135896.0
Episode 946 return: -2271949.0
Episode: 946, total reward: 2135896.0
each agent reward: 2135896.0
Episode 947 return: -2335148.5
Episode: 947, total reward: 2135896.0
each agent reward: 2135896.0
Episode 948 return: -2294606.75
Episode: 948, total reward: 2135896.0
each agent reward: 2135896.0
Episode 949 return: -2294762.0
Episode: 949, total reward: 2135896.0
each agent reward: 2135896.0
Episode 950 return: -2363577.75
Episode: 950, total reward: 2135896.0
each agent reward: 2135896.0
Episode 951 return: -2306547.25
Episode: 951, total reward: 2135896.0
each agent reward: 2135896.0
Episode 952 return: -2338510.0
Episode: 952, total reward: 2135896.0
each agent reward: 2135896.0
Episode 953 return: -2302703.0
Episode: 953, total reward: 2135896.0
each agent reward: 2135896.0
Episode 954 return: -2328061.5
Episode: 954, total reward: 2135896.0
each agent reward: 2135896.0
Episode 955 return: -2338462.5
Episode: 955, total reward: 2138691.75
each agent reward: 2138691.75
Episode 956 return: -2342348.25
Episode: 956, total reward: 2137595.25
each agent reward: 2137595.25
Episode 957 return: -2304072.75
Episode: 957, total reward: 2135896.0
each agent reward: 2135896.0
Episode 958 return: -2336970.75
Episode: 958, total reward: 2135896.0
each agent reward: 2135896.0
Episode 959 return: -2299596.0
Episode: 959, total reward: 2138691.75
each agent reward: 2138691.75
Episode 960 return: -2329617.5
Episode: 960, total reward: 2138691.75
each agent reward: 2138691.75
Episode 961 return: -2344619.0
Episode: 961, total reward: 2138691.75
each agent reward: 2138691.75
Episode 962 return: -2316173.5
Episode: 962, total reward: 2135896.0
each agent reward: 2135896.0
Episode 963 return: -2301973.0
Episode: 963, total reward: 2135896.0
each agent reward: 2135896.0
Episode 964 return: -2338197.5
Episode: 964, total reward: 2135896.0
each agent reward: 2135896.0
Episode 965 return: -2305508.5
Episode: 965, total reward: 2135309.5
each agent reward: 2135309.5
Episode 966 return: -2327271.5
Episode: 966, total reward: 2135394.0
each agent reward: 2135394.0
Episode 967 return: -2310221.5
Episode: 967, total reward: 2137946.0
each agent reward: 2137946.0
Episode 968 return: -2303770.75
Episode: 968, total reward: 2136603.5
each agent reward: 2136603.5
Episode 969 return: -2328976.0
Episode: 969, total reward: 2135309.5
each agent reward: 2135309.5
Episode 970 return: -2309719.0
Episode: 970, total reward: 2135896.0
each agent reward: 2135896.0
Episode 971 return: -2334045.5
Episode: 971, total reward: 2135394.0
each agent reward: 2135394.0
Episode 972 return: -2324916.0
Episode: 972, total reward: 2135309.5
each agent reward: 2135309.5
Episode 973 return: -2313426.5
Episode: 973, total reward: 2135309.5
each agent reward: 2135309.5
Episode 974 return: -2323658.75
Episode: 974, total reward: 2138448.25
each agent reward: 2138448.25
Episode 975 return: -2326241.75
Episode: 975, total reward: 2137946.0
each agent reward: 2137946.0
Episode 976 return: -2320988.25
Episode: 976, total reward: 2137946.0
each agent reward: 2137946.0
Episode 977 return: -2321166.25
Episode: 977, total reward: 2138901.75
each agent reward: 2138901.75
Episode 978 return: -2735292.0
Episode: 978, total reward: 2137946.0
each agent reward: 2137946.0
Episode 979 return: -2302274.75
Episode: 979, total reward: 2137946.0
each agent reward: 2137946.0
Episode 980 return: -2280090.75
Episode: 980, total reward: 2137359.5
each agent reward: 2137359.5
Episode 981 return: -2334292.0
Episode: 981, total reward: 2137359.5
each agent reward: 2137359.5
Episode 982 return: -2317103.5
Episode: 982, total reward: 2137359.5
each agent reward: 2137359.5
Episode 983 return: -2322419.25
Episode: 983, total reward: 2137946.0
each agent reward: 2137946.0
Episode 984 return: -2311747.5
Episode: 984, total reward: 2138901.75
each agent reward: 2138901.75
Episode 985 return: -2324602.5
Episode: 985, total reward: 2139645.25
each agent reward: 2139645.25
Episode 986 return: -2310432.0
Episode: 986, total reward: 2140741.75
each agent reward: 2140741.75
Episode 987 return: -2345510.25
Episode: 987, total reward: 2140741.75
each agent reward: 2140741.75
Episode 988 return: -2319391.25
Episode: 988, total reward: 2140741.75
each agent reward: 2140741.75
Episode 989 return: -2334315.25
Episode: 989, total reward: 2140741.75
each agent reward: 2140741.75
Episode 990 return: -2306901.25
Episode: 990, total reward: 2140741.75
each agent reward: 2140741.75
Episode 991 return: -2323187.0
Episode: 991, total reward: 2138901.75
each agent reward: 2138901.75
Episode 992 return: -2311621.75
Episode: 992, total reward: 2137946.0
each agent reward: 2137946.0
Episode 993 return: -2332382.5
Episode: 993, total reward: 2139645.25
each agent reward: 2139645.25
Episode 994 return: -2301336.75
Episode: 994, total reward: 2140741.75
each agent reward: 2140741.75
Episode 995 return: -2349486.0
Episode: 995, total reward: 2140741.75
each agent reward: 2140741.75
Episode 996 return: -2334510.25
Episode: 996, total reward: 2140741.75
each agent reward: 2140741.75
Episode 997 return: -2318942.0
Episode: 997, total reward: 2140741.75
each agent reward: 2140741.75
Episode 998 return: -2330714.0
Episode: 998, total reward: 2140741.75
each agent reward: 2140741.75
Episode 999 return: -2332480.5
Episode: 999, total reward: 2140741.75
each agent reward: 2140741.75
