Episode: -1, total reward: 1314196.875
each agent reward: 1314196.875
Episode: 1, total reward: 1314196.875
each agent reward: 1314196.875
Episode 0 return: -1336803.625
Episode: 0, total reward: 1314196.875
each agent reward: 1314196.875
Episode 1 return: -1370471.125
Episode: 1, total reward: 1314196.875
each agent reward: 1314196.875
Episode 2 return: -1357324.5
Episode: 2, total reward: 1314196.875
each agent reward: 1314196.875
Episode 3 return: -1346547.25
Episode: 3, total reward: 1314196.875
each agent reward: 1314196.875
Episode 4 return: -1341119.875
Episode: 4, total reward: 1314196.875
each agent reward: 1314196.875
Episode 5 return: -1356046.875
Episode: 5, total reward: 1314196.875
each agent reward: 1314196.875
Episode 6 return: -1378233.25
Episode: 6, total reward: 1314196.875
each agent reward: 1314196.875
Episode 7 return: -1334680.875
Episode: 7, total reward: 1314196.875
each agent reward: 1314196.875
Episode 8 return: -1366168.875
Episode: 8, total reward: 1314196.875
each agent reward: 1314196.875
Episode 9 return: -1367213.0
Episode: 9, total reward: 1314196.875
each agent reward: 1314196.875
Episode 10 return: -1374142.875
Episode: 10, total reward: 1314196.875
each agent reward: 1314196.875
Episode 11 return: -1301806.875
Episode: 11, total reward: 1314196.875
each agent reward: 1314196.875
Episode 12 return: -1506009.75
Episode: 12, total reward: 1668467.0
each agent reward: 1668467.0
Episode 13 return: -1643988.125
Episode: 13, total reward: 1674782.875
each agent reward: 1674782.875
Episode 14 return: -1622887.875
Episode: 14, total reward: 1672770.75
each agent reward: 1672770.75
Episode 15 return: -1624704.75
Episode: 15, total reward: 1672770.75
each agent reward: 1672770.75
Episode 16 return: -1608250.125
Episode: 16, total reward: 1669072.875
each agent reward: 1669072.875
Episode 17 return: -1616921.25
Episode: 17, total reward: 1672943.5
each agent reward: 1672943.5
Episode 18 return: -1743194.25
Episode: 18, total reward: 1675678.625
each agent reward: 1675678.625
Episode 19 return: -1693996.625
Episode: 19, total reward: 1672943.5
each agent reward: 1672943.5
Episode 20 return: -1787049.125
Episode: 20, total reward: 1672943.5
each agent reward: 1672943.5
Episode 21 return: -1668199.125
Episode: 21, total reward: 1674782.875
each agent reward: 1674782.875
Episode 22 return: -1652850.375
Episode: 22, total reward: 1611219.0
each agent reward: 1611219.0
Episode 23 return: -1654294.5
Episode: 23, total reward: 1581821.625
each agent reward: 1581821.625
Episode 24 return: -1728071.25
Episode: 24, total reward: 1583636.0
each agent reward: 1583636.0
Episode 25 return: -1660587.625
Episode: 25, total reward: 1583636.0
each agent reward: 1583636.0
Episode 26 return: -1534647.125
Episode: 26, total reward: 1554156.0
each agent reward: 1554156.0
Episode 27 return: -1681696.75
Episode: 27, total reward: 1550501.375
each agent reward: 1550501.375
Episode 28 return: -1614735.25
Episode: 28, total reward: 1550501.375
each agent reward: 1550501.375
Episode 29 return: -1594045.875
Episode: 29, total reward: 1550501.375
each agent reward: 1550501.375
Episode 30 return: -1680166.25
Episode: 30, total reward: 1550501.375
each agent reward: 1550501.375
Episode 31 return: -1630477.5
Episode: 31, total reward: 1551286.625
each agent reward: 1551286.625
Episode 32 return: -1640959.75
Episode: 32, total reward: 1566809.75
each agent reward: 1566809.75
Episode 33 return: -1657847.875
Episode: 33, total reward: 1586966.375
each agent reward: 1586966.375
Episode 34 return: -1571043.75
Episode: 34, total reward: 1586966.375
each agent reward: 1586966.375
Episode 35 return: -1487744.5
Episode: 35, total reward: 1586966.375
each agent reward: 1586966.375
Episode 36 return: -1531596.375
Episode: 36, total reward: 1582407.0
each agent reward: 1582407.0
Episode 37 return: -1486434.75
Episode: 37, total reward: 1592562.5
each agent reward: 1592562.5
Episode 38 return: -1538041.875
Episode: 38, total reward: 1583282.625
each agent reward: 1583282.625
Episode 39 return: -1571529.125
Episode: 39, total reward: 1541854.625
each agent reward: 1541854.625
Episode 40 return: -1442392.875
Episode: 40, total reward: 1541854.625
each agent reward: 1541854.625
Episode 41 return: -1539509.75
Episode: 41, total reward: 1486309.0
each agent reward: 1486309.0
Episode 42 return: -1564504.625
Episode: 42, total reward: 1446795.75
each agent reward: 1446795.75
Episode 43 return: -1619722.625
Episode: 43, total reward: 1411610.375
each agent reward: 1411610.375
Episode 44 return: -1536796.875
Episode: 44, total reward: 1387739.25
each agent reward: 1387739.25
Episode 45 return: -1435073.625
Episode: 45, total reward: 1387739.25
each agent reward: 1387739.25
Episode 46 return: -1461980.0
Episode: 46, total reward: 1335796.625
each agent reward: 1335796.625
Episode 47 return: -1465176.125
Episode: 47, total reward: 1314481.75
each agent reward: 1314481.75
Episode 48 return: -1419596.375
Episode: 48, total reward: 1310331.75
each agent reward: 1310331.75
Episode 49 return: -1397688.625
Episode: 49, total reward: 1310744.875
each agent reward: 1310744.875
Episode 50 return: -1426726.125
Episode: 50, total reward: 1310744.875
each agent reward: 1310744.875
Episode 51 return: -1377231.0
Episode: 51, total reward: 1273251.5
each agent reward: 1273251.5
Episode 52 return: -1340453.75
Episode: 52, total reward: 1281654.875
each agent reward: 1281654.875
Episode 53 return: -1261934.75
Episode: 53, total reward: 1270842.375
each agent reward: 1270842.375
Episode 54 return: -1404935.125
Episode: 54, total reward: 1198869.25
each agent reward: 1198869.25
Episode 55 return: -1380146.625
Episode: 55, total reward: 1198869.25
each agent reward: 1198869.25
Episode 56 return: -1258856.0
Episode: 56, total reward: 1168872.875
each agent reward: 1168872.875
Episode 57 return: -1320508.375
Episode: 57, total reward: 1128849.625
each agent reward: 1128849.625
Episode 58 return: -1198213.875
Episode: 58, total reward: 1062008.5
each agent reward: 1062008.5
Episode 59 return: -1374010.375
Episode: 59, total reward: 1014089.0625
each agent reward: 1014089.0625
Episode 60 return: -1189014.875
Episode: 60, total reward: 1014089.0625
each agent reward: 1014089.0625
Episode 61 return: -1310271.0
Episode: 61, total reward: 978356.4375
each agent reward: 978356.4375
Episode 62 return: -1268033.75
Episode: 62, total reward: 973684.875
each agent reward: 973684.875
Episode 63 return: -1268396.25
Episode: 63, total reward: 981379.625
each agent reward: 981379.625
Episode 64 return: -1295218.25
Episode: 64, total reward: 1012325.625
each agent reward: 1012325.625
Episode 65 return: -1173528.0
Episode: 65, total reward: 1012325.625
each agent reward: 1012325.625
Episode 66 return: -1254257.375
Episode: 66, total reward: 1049293.5
each agent reward: 1049293.5
Episode 67 return: -1266214.5
Episode: 67, total reward: 1064476.5
each agent reward: 1064476.5
Episode 68 return: -1299200.375
Episode: 68, total reward: 1073608.5
each agent reward: 1073608.5
Episode 69 return: -1277212.125
Episode: 69, total reward: 1060760.5
each agent reward: 1060760.5
Episode 70 return: -1247043.125
Episode: 70, total reward: 1060760.5
each agent reward: 1060760.5
Episode 71 return: -1160939.875
Episode: 71, total reward: 1055649.5
each agent reward: 1055649.5
Episode 72 return: -1204696.875
Episode: 72, total reward: 1010517.375
each agent reward: 1010517.375
Episode 73 return: -1253727.25
Episode: 73, total reward: 1055329.625
each agent reward: 1055329.625
Episode 74 return: -1229405.625
Episode: 74, total reward: 1077065.75
each agent reward: 1077065.75
Episode 75 return: -1220154.0
Episode: 75, total reward: 1077065.75
each agent reward: 1077065.75
Episode 76 return: -1319633.5
Episode: 76, total reward: 1113020.625
each agent reward: 1113020.625
Episode 77 return: -1225721.375
Episode: 77, total reward: 1081053.75
each agent reward: 1081053.75
Episode 78 return: -1266093.0
Episode: 78, total reward: 1052605.75
each agent reward: 1052605.75
Episode 79 return: -1306458.75
Episode: 79, total reward: 1022785.625
each agent reward: 1022785.625
Episode 80 return: -1178744.375
Episode: 80, total reward: 1022785.625
each agent reward: 1022785.625
Episode 81 return: -1337284.0
Episode: 81, total reward: 985658.0625
each agent reward: 985658.0625
Episode 82 return: -1278129.375
Episode: 82, total reward: 968550.0
each agent reward: 968550.0
Episode 83 return: -1254288.5
Episode: 83, total reward: 941759.375
each agent reward: 941759.375
Episode 84 return: -1255701.25
Episode: 84, total reward: 935004.875
each agent reward: 935004.875
Episode 85 return: -1248098.0
Episode: 85, total reward: 935004.875
each agent reward: 935004.875
Episode 86 return: -1236442.5
Episode: 86, total reward: 916868.5
each agent reward: 916868.5
Episode 87 return: -1299525.75
Episode: 87, total reward: 897137.375
each agent reward: 897137.375
Episode 88 return: -1204685.5
Episode: 88, total reward: 898022.0
each agent reward: 898022.0
Episode 89 return: -1109684.875
Episode: 89, total reward: 904835.75
each agent reward: 904835.75
Episode 90 return: -1152657.25
Episode: 90, total reward: 904835.75
each agent reward: 904835.75
Episode 91 return: -1213478.875
Episode: 91, total reward: 958975.625
each agent reward: 958975.625
Episode 92 return: -1298044.25
Episode: 92, total reward: 971657.125
each agent reward: 971657.125
Episode 93 return: -1253456.875
Episode: 93, total reward: 993072.75
each agent reward: 993072.75
Episode 94 return: -1332641.625
Episode: 94, total reward: 982726.4375
each agent reward: 982726.4375
Episode 95 return: -1218227.125
Episode: 95, total reward: 982726.4375
each agent reward: 982726.4375
Episode 96 return: -1189501.5
Episode: 96, total reward: 938176.4375
each agent reward: 938176.4375
Episode 97 return: -1221922.75
Episode: 97, total reward: 908291.375
each agent reward: 908291.375
Episode 98 return: -1225100.375
Episode: 98, total reward: 984358.625
each agent reward: 984358.625
Episode 99 return: -1211230.25
Episode: 99, total reward: 1042322.8125
each agent reward: 1042322.8125
Episode 100 return: -1217132.625
Episode: 100, total reward: 1042322.8125
each agent reward: 1042322.8125
Episode 101 return: -1171787.875
Episode: 101, total reward: 1104893.75
each agent reward: 1104893.75
Episode 102 return: -1227812.0
Episode: 102, total reward: 1147424.75
each agent reward: 1147424.75
Episode 103 return: -1231587.5
Episode: 103, total reward: 1192691.0
each agent reward: 1192691.0
Episode 104 return: -1269489.125
Episode: 104, total reward: 1247496.25
each agent reward: 1247496.25
Episode 105 return: -1313927.375
Episode: 105, total reward: 1247496.25
each agent reward: 1247496.25
Episode 106 return: -1264564.25
Episode: 106, total reward: 1349921.125
each agent reward: 1349921.125
Episode 107 return: -1438238.125
Episode: 107, total reward: 1399102.375
each agent reward: 1399102.375
Episode 108 return: -1323166.25
Episode: 108, total reward: 1479214.625
each agent reward: 1479214.625
Episode 109 return: -1229340.5
Episode: 109, total reward: 1555586.0
each agent reward: 1555586.0
Episode 110 return: -1357540.75
Episode: 110, total reward: 1555586.0
each agent reward: 1555586.0
Episode 111 return: -1316353.75
Episode: 111, total reward: 1559133.75
each agent reward: 1559133.75
Episode 112 return: -1364690.25
Episode: 112, total reward: 1558129.25
each agent reward: 1558129.25
Episode 113 return: -1329428.75
Episode: 113, total reward: 1550210.0
each agent reward: 1550210.0
Episode 114 return: -1308992.625
Episode: 114, total reward: 1570197.75
each agent reward: 1570197.75
Episode 115 return: -1347426.75
Episode: 115, total reward: 1570197.75
each agent reward: 1570197.75
Episode 116 return: -1250024.875
Episode: 116, total reward: 1628747.75
each agent reward: 1628747.75
Episode 117 return: -1484047.875
Episode: 117, total reward: 1670181.75
each agent reward: 1670181.75
Episode 118 return: -1351112.875
Episode: 118, total reward: 1589007.625
each agent reward: 1589007.625
Episode 119 return: -1310486.375
Episode: 119, total reward: 1541511.875
each agent reward: 1541511.875
Episode 120 return: -1442996.25
Episode: 120, total reward: 1541511.875
each agent reward: 1541511.875
Episode 121 return: -1287736.625
Episode: 121, total reward: 1489970.5
each agent reward: 1489970.5
Episode 122 return: -1288522.375
Episode: 122, total reward: 1411007.375
each agent reward: 1411007.375
Episode 123 return: -1341890.5
Episode: 123, total reward: 1272784.0
each agent reward: 1272784.0
Episode 124 return: -1264578.125
Episode: 124, total reward: 1172349.0
each agent reward: 1172349.0
Episode 125 return: -1346706.125
Episode: 125, total reward: 1172349.0
each agent reward: 1172349.0
Episode 126 return: -1166825.75
Episode: 126, total reward: 1166314.625
each agent reward: 1166314.625
Episode 127 return: -1215409.75
Episode: 127, total reward: 1106351.125
each agent reward: 1106351.125
Episode 128 return: -1371982.75
Episode: 128, total reward: 1035723.875
each agent reward: 1035723.875
Episode 129 return: -1298118.125
Episode: 129, total reward: 936779.9375
each agent reward: 936779.9375
Episode 130 return: -1319692.375
Episode: 130, total reward: 936779.9375
each agent reward: 936779.9375
Episode 131 return: -1303180.875
Episode: 131, total reward: 847317.0
each agent reward: 847317.0
Episode 132 return: -1207752.5
Episode: 132, total reward: 711948.9375
each agent reward: 711948.9375
Episode 133 return: -1185013.5
Episode: 133, total reward: 584104.4375
each agent reward: 584104.4375
Episode 134 return: -1108788.75
Episode: 134, total reward: 498696.0625
each agent reward: 498696.0625
Episode 135 return: -1217713.0
Episode: 135, total reward: 498696.0625
each agent reward: 498696.0625
Episode 136 return: -1145124.25
Episode: 136, total reward: 463577.875
each agent reward: 463577.875
Episode 137 return: -1155674.875
Episode: 137, total reward: 441158.8125
each agent reward: 441158.8125
Episode 138 return: -1016617.25
Episode: 138, total reward: 428268.875
each agent reward: 428268.875
Episode 139 return: -1117482.0
Episode: 139, total reward: 393896.1875
each agent reward: 393896.1875
Episode 140 return: -1143559.0
Episode: 140, total reward: 393896.1875
each agent reward: 393896.1875
Episode 141 return: -1004191.625
Episode: 141, total reward: 386723.78125
each agent reward: 386723.78125
Episode 142 return: -1136355.75
Episode: 142, total reward: 432531.8125
each agent reward: 432531.8125
Episode 143 return: -1114369.5
Episode: 143, total reward: 460854.28125
each agent reward: 460854.28125
Episode 144 return: -1115791.5
Episode: 144, total reward: 478357.40625
each agent reward: 478357.40625
Episode 145 return: -1241911.375
Episode: 145, total reward: 478357.40625
each agent reward: 478357.40625
Episode 146 return: -1167453.75
Episode: 146, total reward: 477815.0
each agent reward: 477815.0
Episode 147 return: -1179038.375
Episode: 147, total reward: 496811.71875
each agent reward: 496811.71875
Episode 148 return: -1100146.5
Episode: 148, total reward: 562706.0
each agent reward: 562706.0
Episode 149 return: -1027435.4375
Episode: 149, total reward: 600282.125
each agent reward: 600282.125
Episode 150 return: -1075809.625
Episode: 150, total reward: 600282.125
each agent reward: 600282.125
Episode 151 return: -1153110.0
Episode: 151, total reward: 624108.625
each agent reward: 624108.625
Episode 152 return: -1239762.5
Episode: 152, total reward: 610407.8125
each agent reward: 610407.8125
Episode 153 return: -1133095.25
Episode: 153, total reward: 619940.625
each agent reward: 619940.625
Episode 154 return: -1174944.625
Episode: 154, total reward: 623470.875
each agent reward: 623470.875
Episode 155 return: -1190925.0
Episode: 155, total reward: 623470.875
each agent reward: 623470.875
Episode 156 return: -1167760.25
Episode: 156, total reward: 607784.1875
each agent reward: 607784.1875
Episode 157 return: -1101891.0
Episode: 157, total reward: 558707.1875
each agent reward: 558707.1875
Episode 158 return: -1147695.625
Episode: 158, total reward: 534866.5625
each agent reward: 534866.5625
Episode 159 return: -1108141.75
Episode: 159, total reward: 531404.5
each agent reward: 531404.5
Episode 160 return: -1205071.625
Episode: 160, total reward: 531404.5
each agent reward: 531404.5
Episode 161 return: -1159973.5
Episode: 161, total reward: 606806.9375
each agent reward: 606806.9375
Episode 162 return: -1090444.0
Episode: 162, total reward: 681208.1875
each agent reward: 681208.1875
Episode 163 return: -1198756.875
Episode: 163, total reward: 738006.375
each agent reward: 738006.375
Episode 164 return: -1159205.125
Episode: 164, total reward: 781045.0625
each agent reward: 781045.0625
Episode 165 return: -1137160.75
Episode: 165, total reward: 781045.0625
each agent reward: 781045.0625
Episode 166 return: -1131246.25
Episode: 166, total reward: 813650.8125
each agent reward: 813650.8125
Episode 167 return: -1136295.25
Episode: 167, total reward: 843128.4375
each agent reward: 843128.4375
Episode 168 return: -1046901.8125
Episode: 168, total reward: 820690.0
each agent reward: 820690.0
Episode 169 return: -1182162.625
Episode: 169, total reward: 797232.0625
each agent reward: 797232.0625
Episode 170 return: -1111178.25
Episode: 170, total reward: 797232.0625
each agent reward: 797232.0625
Episode 171 return: -1237500.5
Episode: 171, total reward: 730970.625
each agent reward: 730970.625
Episode 172 return: -1166829.375
Episode: 172, total reward: 778261.8125
each agent reward: 778261.8125
Episode 173 return: -1093810.75
Episode: 173, total reward: 787669.6875
each agent reward: 787669.6875
Episode 174 return: -1198120.25
Episode: 174, total reward: 783562.625
each agent reward: 783562.625
Episode 175 return: -1105432.5
Episode: 175, total reward: 783562.625
each agent reward: 783562.625
Episode 176 return: -1115059.125
Episode: 176, total reward: 809531.25
each agent reward: 809531.25
Episode 177 return: -1169189.875
Episode: 177, total reward: 822764.8125
each agent reward: 822764.8125
Episode 178 return: -1244514.375
Episode: 178, total reward: 824895.125
each agent reward: 824895.125
Episode 179 return: -1323587.5
Episode: 179, total reward: 803792.125
each agent reward: 803792.125
Episode 180 return: -1092225.875
Episode: 180, total reward: 803792.125
each agent reward: 803792.125
Episode 181 return: -1177703.625
Episode: 181, total reward: 764667.8125
each agent reward: 764667.8125
Episode 182 return: -1190256.75
Episode: 182, total reward: 779068.5625
each agent reward: 779068.5625
Episode 183 return: -1180645.75
Episode: 183, total reward: 749618.0
each agent reward: 749618.0
Episode 184 return: -1172225.875
Episode: 184, total reward: 755160.625
each agent reward: 755160.625
Episode 185 return: -1099625.25
Episode: 185, total reward: 755160.625
each agent reward: 755160.625
Episode 186 return: -1140428.625
Episode: 186, total reward: 723950.4375
each agent reward: 723950.4375
Episode 187 return: -1239734.75
Episode: 187, total reward: 734144.5625
each agent reward: 734144.5625
Episode 188 return: -1150118.375
Episode: 188, total reward: 747179.4375
each agent reward: 747179.4375
Episode 189 return: -1047832.9375
Episode: 189, total reward: 764832.4375
each agent reward: 764832.4375
Episode 190 return: -1105983.625
Episode: 190, total reward: 764832.4375
each agent reward: 764832.4375
Episode 191 return: -1158768.75
Episode: 191, total reward: 712733.6875
each agent reward: 712733.6875
Episode 192 return: -1214360.5
Episode: 192, total reward: 684559.125
each agent reward: 684559.125
Episode 193 return: -1092172.375
Episode: 193, total reward: 678747.75
each agent reward: 678747.75
Episode 194 return: -1084201.125
Episode: 194, total reward: 669633.6875
each agent reward: 669633.6875
Episode 195 return: -1159729.0
Episode: 195, total reward: 669633.6875
each agent reward: 669633.6875
Episode 196 return: -1080039.25
Episode: 196, total reward: 648013.5
each agent reward: 648013.5
Episode 197 return: -1070866.25
Episode: 197, total reward: 648455.8125
each agent reward: 648455.8125
Episode 198 return: -1132093.625
Episode: 198, total reward: 692728.375
each agent reward: 692728.375
Episode 199 return: -1172906.75
Episode: 199, total reward: 750434.1875
each agent reward: 750434.1875
Episode 200 return: -1188770.625
Episode: 200, total reward: 750434.1875
each agent reward: 750434.1875
Episode 201 return: -1122337.0
Episode: 201, total reward: 859475.75
each agent reward: 859475.75
Episode 202 return: -1136675.125
Episode: 202, total reward: 935917.3125
each agent reward: 935917.3125
Episode 203 return: -1038423.25
Episode: 203, total reward: 900441.5625
each agent reward: 900441.5625
Episode 204 return: -1206635.25
Episode: 204, total reward: 764284.625
each agent reward: 764284.625
Episode 205 return: -1104338.75
Episode: 205, total reward: 764284.625
each agent reward: 764284.625
Episode 206 return: -1058844.0
Episode: 206, total reward: 658088.625
each agent reward: 658088.625
Episode 207 return: -1189185.5
Episode: 207, total reward: 590987.375
each agent reward: 590987.375
Episode 208 return: -1115992.5
Episode: 208, total reward: 578930.4375
each agent reward: 578930.4375
Episode 209 return: -1044972.875
Episode: 209, total reward: 608173.0
each agent reward: 608173.0
Episode 210 return: -1075141.375
Episode: 210, total reward: 608173.0
each agent reward: 608173.0
Episode 211 return: -1079759.75
Episode: 211, total reward: 632793.25
each agent reward: 632793.25
Episode 212 return: -970990.5
Episode: 212, total reward: 633734.5
each agent reward: 633734.5
Episode 213 return: -1102206.75
Episode: 213, total reward: 657228.75
each agent reward: 657228.75
Episode 214 return: -1046577.5
Episode: 214, total reward: 675841.5
each agent reward: 675841.5
Episode 215 return: -1080921.75
Episode: 215, total reward: 675841.5
each agent reward: 675841.5
Episode 216 return: -1099855.0
Episode: 216, total reward: 696054.6875
each agent reward: 696054.6875
Episode 217 return: -996814.25
Episode: 217, total reward: 682166.25
each agent reward: 682166.25
Episode 218 return: -993790.3125
Episode: 218, total reward: 638794.875
each agent reward: 638794.875
Episode 219 return: -1071559.0
Episode: 219, total reward: 585597.4375
each agent reward: 585597.4375
Episode 220 return: -1042029.1875
Episode: 220, total reward: 585597.4375
each agent reward: 585597.4375
Episode 221 return: -1084664.75
Episode: 221, total reward: 564225.4375
each agent reward: 564225.4375
Episode 222 return: -1082513.625
Episode: 222, total reward: 618111.875
each agent reward: 618111.875
Episode 223 return: -1098191.375
Episode: 223, total reward: 679187.5
each agent reward: 679187.5
Episode 224 return: -973863.0
Episode: 224, total reward: 663863.9375
each agent reward: 663863.9375
Episode 225 return: -1019416.75
Episode: 225, total reward: 663863.9375
each agent reward: 663863.9375
Episode 226 return: -1043966.3125
Episode: 226, total reward: 635650.75
each agent reward: 635650.75
Episode 227 return: -1008476.3125
Episode: 227, total reward: 592522.625
each agent reward: 592522.625
Episode 228 return: -981407.6875
Episode: 228, total reward: 590850.125
each agent reward: 590850.125
Episode 229 return: -938874.0625
Episode: 229, total reward: 567244.6875
each agent reward: 567244.6875
Episode 230 return: -958807.3125
Episode: 230, total reward: 567244.6875
each agent reward: 567244.6875
Episode 231 return: -868106.625
Episode: 231, total reward: 548099.0
each agent reward: 548099.0
Episode 232 return: -897158.4375
Episode: 232, total reward: 504380.5625
each agent reward: 504380.5625
Episode 233 return: -964188.9375
Episode: 233, total reward: 439700.4375
each agent reward: 439700.4375
Episode 234 return: -899773.5625
Episode: 234, total reward: 379597.71875
each agent reward: 379597.71875
Episode 235 return: -885918.5625
Episode: 235, total reward: 379597.71875
each agent reward: 379597.71875
Episode 236 return: -927435.0625
Episode: 236, total reward: 330116.5
each agent reward: 330116.5
Episode 237 return: -858294.375
Episode: 237, total reward: 288430.90625
each agent reward: 288430.90625
Episode 238 return: -926856.0625
Episode: 238, total reward: 282132.6875
each agent reward: 282132.6875
Episode 239 return: -862788.6875
Episode: 239, total reward: 294921.40625
each agent reward: 294921.40625
Episode 240 return: -941817.0
Episode: 240, total reward: 294921.40625
each agent reward: 294921.40625
Episode 241 return: -936919.1875
Episode: 241, total reward: 280621.8125
each agent reward: 280621.8125
Episode 242 return: -913355.6875
Episode: 242, total reward: 272561.125
each agent reward: 272561.125
Episode 243 return: -798240.875
Episode: 243, total reward: 273121.09375
each agent reward: 273121.09375
Episode 244 return: -824063.375
Episode: 244, total reward: 273841.34375
each agent reward: 273841.34375
Episode 245 return: -882659.1875
Episode: 245, total reward: 273841.34375
each agent reward: 273841.34375
Episode 246 return: -910407.75
Episode: 246, total reward: 278005.9375
each agent reward: 278005.9375
Episode 247 return: -897553.9375
Episode: 247, total reward: 281956.09375
each agent reward: 281956.09375
Episode 248 return: -858548.25
Episode: 248, total reward: 294708.15625
each agent reward: 294708.15625
Episode 249 return: -990303.1875
Episode: 249, total reward: 290224.65625
each agent reward: 290224.65625
Episode 250 return: -943123.375
Episode: 250, total reward: 290224.65625
each agent reward: 290224.65625
Episode 251 return: -926955.5
Episode: 251, total reward: 297323.5
each agent reward: 297323.5
Episode 252 return: -914837.4375
Episode: 252, total reward: 302443.78125
each agent reward: 302443.78125
Episode 253 return: -937852.6875
Episode: 253, total reward: 346126.28125
each agent reward: 346126.28125
Episode 254 return: -939026.4375
Episode: 254, total reward: 369982.0625
each agent reward: 369982.0625
Episode 255 return: -938545.4375
Episode: 255, total reward: 369982.0625
each agent reward: 369982.0625
Episode 256 return: -956632.8125
Episode: 256, total reward: 393332.84375
each agent reward: 393332.84375
Episode 257 return: -947111.6875
Episode: 257, total reward: 416399.03125
each agent reward: 416399.03125
Episode 258 return: -960471.875
Episode: 258, total reward: 477562.375
each agent reward: 477562.375
Episode 259 return: -977293.875
Episode: 259, total reward: 477868.75
each agent reward: 477868.75
Episode 260 return: -1017121.0625
Episode: 260, total reward: 477868.75
each agent reward: 477868.75
Episode 261 return: -993341.6875
Episode: 261, total reward: 461180.34375
each agent reward: 461180.34375
Episode 262 return: -926759.8125
Episode: 262, total reward: 482879.9375
each agent reward: 482879.9375
Episode 263 return: -924513.5
Episode: 263, total reward: 492031.40625
each agent reward: 492031.40625
Episode 264 return: -970345.5625
Episode: 264, total reward: 503564.0
each agent reward: 503564.0
Episode 265 return: -940997.4375
Episode: 265, total reward: 503564.0
each agent reward: 503564.0
Episode 266 return: -943479.875
Episode: 266, total reward: 462766.21875
each agent reward: 462766.21875
Episode 267 return: -884598.75
Episode: 267, total reward: 430538.0625
each agent reward: 430538.0625
Episode 268 return: -986398.9375
Episode: 268, total reward: 379886.5625
each agent reward: 379886.5625
Episode 269 return: -935000.1875
Episode: 269, total reward: 339944.5625
each agent reward: 339944.5625
Episode 270 return: -930166.8125
Episode: 270, total reward: 339944.5625
each agent reward: 339944.5625
Episode 271 return: -948496.0
Episode: 271, total reward: 351401.4375
each agent reward: 351401.4375
Episode 272 return: -875706.9375
Episode: 272, total reward: 329036.78125
each agent reward: 329036.78125
Episode 273 return: -850197.625
Episode: 273, total reward: 349708.96875
each agent reward: 349708.96875
Episode 274 return: -907470.1875
Episode: 274, total reward: 366202.15625
each agent reward: 366202.15625
Episode 275 return: -845761.0
Episode: 275, total reward: 366202.15625
each agent reward: 366202.15625
Episode 276 return: -883381.875
Episode: 276, total reward: 377604.8125
each agent reward: 377604.8125
Episode 277 return: -920190.0625
Episode: 277, total reward: 367234.5625
each agent reward: 367234.5625
Episode 278 return: -879662.625
Episode: 278, total reward: 409107.875
each agent reward: 409107.875
Episode 279 return: -837336.3125
Episode: 279, total reward: 426854.53125
each agent reward: 426854.53125
Episode 280 return: -817894.5
Episode: 280, total reward: 426854.53125
each agent reward: 426854.53125
Episode 281 return: -887622.125
Episode: 281, total reward: 439689.0
each agent reward: 439689.0
Episode 282 return: -892136.8125
Episode: 282, total reward: 410216.34375
each agent reward: 410216.34375
Episode 283 return: -861377.875
Episode: 283, total reward: 381882.0
each agent reward: 381882.0
Episode 284 return: -861446.9375
Episode: 284, total reward: 383329.5625
each agent reward: 383329.5625
Episode 285 return: -957035.875
Episode: 285, total reward: 383329.5625
each agent reward: 383329.5625
Episode 286 return: -878205.4375
Episode: 286, total reward: 399886.625
each agent reward: 399886.625
Episode 287 return: -843990.0
Episode: 287, total reward: 411513.90625
each agent reward: 411513.90625
Episode 288 return: -885508.9375
Episode: 288, total reward: 423778.8125
each agent reward: 423778.8125
Episode 289 return: -856501.6875
Episode: 289, total reward: 431854.34375
each agent reward: 431854.34375
Episode 290 return: -949765.75
Episode: 290, total reward: 431854.34375
each agent reward: 431854.34375
Episode 291 return: -945140.875
Episode: 291, total reward: 409940.40625
each agent reward: 409940.40625
Episode 292 return: -958214.5625
Episode: 292, total reward: 366792.53125
each agent reward: 366792.53125
Episode 293 return: -976859.4375
Episode: 293, total reward: 352954.09375
each agent reward: 352954.09375
Episode 294 return: -930408.75
Episode: 294, total reward: 323079.03125
each agent reward: 323079.03125
Episode 295 return: -916614.9375
Episode: 295, total reward: 323079.03125
each agent reward: 323079.03125
Episode 296 return: -867982.1875
Episode: 296, total reward: 313301.625
each agent reward: 313301.625
Episode 297 return: -945249.375
Episode: 297, total reward: 320120.875
each agent reward: 320120.875
Episode 298 return: -897583.1875
Episode: 298, total reward: 328912.9375
each agent reward: 328912.9375
Episode 299 return: -806246.75
Episode: 299, total reward: 341127.125
each agent reward: 341127.125
Episode 300 return: -830129.875
Episode: 300, total reward: 341127.125
each agent reward: 341127.125
Episode 301 return: -772628.8125
Episode: 301, total reward: 352801.375
each agent reward: 352801.375
Episode 302 return: -869151.0
Episode: 302, total reward: 351584.9375
each agent reward: 351584.9375
Episode 303 return: -762311.3125
Episode: 303, total reward: 348586.625
each agent reward: 348586.625
Episode 304 return: -888273.4375
Episode: 304, total reward: 337702.5
each agent reward: 337702.5
Episode 305 return: -857525.0
Episode: 305, total reward: 337702.5
each agent reward: 337702.5
Episode 306 return: -910803.6875
Episode: 306, total reward: 327279.65625
each agent reward: 327279.65625
Episode 307 return: -855220.0
Episode: 307, total reward: 284176.3125
each agent reward: 284176.3125
Episode 308 return: -899056.9375
Episode: 308, total reward: 283787.71875
each agent reward: 283787.71875
Episode 309 return: -855113.0
Episode: 309, total reward: 290314.8125
each agent reward: 290314.8125
Episode 310 return: -789477.6875
Episode: 310, total reward: 290314.8125
each agent reward: 290314.8125
Episode 311 return: -861606.5625
Episode: 311, total reward: 292226.5
each agent reward: 292226.5
Episode 312 return: -805732.4375
Episode: 312, total reward: 290509.03125
each agent reward: 290509.03125
Episode 313 return: -897998.25
Episode: 313, total reward: 285386.0
each agent reward: 285386.0
Episode 314 return: -888228.6875
Episode: 314, total reward: 286001.90625
each agent reward: 286001.90625
Episode 315 return: -854834.0
Episode: 315, total reward: 286001.90625
each agent reward: 286001.90625
Episode 316 return: -798445.125
Episode: 316, total reward: 287768.21875
each agent reward: 287768.21875
Episode 317 return: -874144.4375
Episode: 317, total reward: 287358.0
each agent reward: 287358.0
Episode 318 return: -821430.5
Episode: 318, total reward: 289732.59375
each agent reward: 289732.59375
Episode 319 return: -768218.0625
Episode: 319, total reward: 292727.0
each agent reward: 292727.0
Episode 320 return: -865567.5625
Episode: 320, total reward: 292727.0
each agent reward: 292727.0
Episode 321 return: -853372.375
Episode: 321, total reward: 294336.40625
each agent reward: 294336.40625
Episode 322 return: -840500.0
Episode: 322, total reward: 307506.25
each agent reward: 307506.25
Episode 323 return: -782299.0
Episode: 323, total reward: 321737.28125
each agent reward: 321737.28125
Episode 324 return: -912180.875
Episode: 324, total reward: 333963.90625
each agent reward: 333963.90625
Episode 325 return: -879568.875
Episode: 325, total reward: 333963.90625
each agent reward: 333963.90625
Episode 326 return: -831954.25
Episode: 326, total reward: 350706.8125
each agent reward: 350706.8125
Episode 327 return: -780713.6875
Episode: 327, total reward: 346298.65625
each agent reward: 346298.65625
Episode 328 return: -827521.375
Episode: 328, total reward: 349172.53125
each agent reward: 349172.53125
Episode 329 return: -881140.75
Episode: 329, total reward: 338237.4375
each agent reward: 338237.4375
Episode 330 return: -943743.625
Episode: 330, total reward: 338237.4375
each agent reward: 338237.4375
Episode 331 return: -877573.375
Episode: 331, total reward: 354982.3125
each agent reward: 354982.3125
Episode 332 return: -783178.125
Episode: 332, total reward: 359906.3125
each agent reward: 359906.3125
Episode 333 return: -832497.5625
Episode: 333, total reward: 357986.34375
each agent reward: 357986.34375
Episode 334 return: -830829.75
Episode: 334, total reward: 357506.3125
each agent reward: 357506.3125
Episode 335 return: -931548.4375
Episode: 335, total reward: 357506.3125
each agent reward: 357506.3125
Episode 336 return: -776453.25
Episode: 336, total reward: 339534.5
each agent reward: 339534.5
Episode 337 return: -801043.6875
Episode: 337, total reward: 313811.71875
each agent reward: 313811.71875
Episode 338 return: -800550.3125
Episode: 338, total reward: 278757.3125
each agent reward: 278757.3125
Episode 339 return: -849352.875
Episode: 339, total reward: 271041.34375
each agent reward: 271041.34375
Episode 340 return: -859317.625
Episode: 340, total reward: 271041.34375
each agent reward: 271041.34375
Episode 341 return: -768666.3125
Episode: 341, total reward: 272634.96875
each agent reward: 272634.96875
Episode 342 return: -740538.3125
Episode: 342, total reward: 273523.75
each agent reward: 273523.75
Episode 343 return: -770668.875
Episode: 343, total reward: 272990.0
each agent reward: 272990.0
Episode 344 return: -778149.1875
Episode: 344, total reward: 276650.71875
each agent reward: 276650.71875
Episode 345 return: -797761.5625
Episode: 345, total reward: 276650.71875
each agent reward: 276650.71875
Episode 346 return: -916973.875
Episode: 346, total reward: 286054.5625
each agent reward: 286054.5625
Episode 347 return: -767256.1875
Episode: 347, total reward: 287998.0625
each agent reward: 287998.0625
Episode 348 return: -824978.9375
Episode: 348, total reward: 285403.15625
each agent reward: 285403.15625
Episode 349 return: -790310.5
Episode: 349, total reward: 281316.3125
each agent reward: 281316.3125
Episode 350 return: -826327.375
Episode: 350, total reward: 281316.3125
each agent reward: 281316.3125
Episode 351 return: -910734.375
Episode: 351, total reward: 288263.625
each agent reward: 288263.625
Episode 352 return: -808713.0625
Episode: 352, total reward: 280484.375
each agent reward: 280484.375
Episode 353 return: -784283.875
Episode: 353, total reward: 276223.625
each agent reward: 276223.625
Episode 354 return: -804516.6875
Episode: 354, total reward: 278550.3125
each agent reward: 278550.3125
Episode 355 return: -791265.25
Episode: 355, total reward: 278550.3125
each agent reward: 278550.3125
Episode 356 return: -763770.1875
Episode: 356, total reward: 281556.21875
each agent reward: 281556.21875
Episode 357 return: -763632.6875
Episode: 357, total reward: 277297.875
each agent reward: 277297.875
Episode 358 return: -775740.5625
Episode: 358, total reward: 278869.78125
each agent reward: 278869.78125
Episode 359 return: -748482.9375
Episode: 359, total reward: 279227.65625
each agent reward: 279227.65625
Episode 360 return: -808308.625
Episode: 360, total reward: 279227.65625
each agent reward: 279227.65625
Episode 361 return: -897850.8125
Episode: 361, total reward: 276030.4375
each agent reward: 276030.4375
Episode 362 return: -760353.125
Episode: 362, total reward: 275097.90625
each agent reward: 275097.90625
Episode 363 return: -790834.0625
Episode: 363, total reward: 279202.125
each agent reward: 279202.125
Episode 364 return: -804187.875
Episode: 364, total reward: 288208.0
each agent reward: 288208.0
Episode 365 return: -882398.3125
Episode: 365, total reward: 288208.0
each agent reward: 288208.0
Episode 366 return: -906066.4375
Episode: 366, total reward: 321083.75
each agent reward: 321083.75
Episode 367 return: -858936.75
Episode: 367, total reward: 354775.09375
each agent reward: 354775.09375
Episode 368 return: -923931.0
Episode: 368, total reward: 360261.125
each agent reward: 360261.125
Episode 369 return: -882035.0625
Episode: 369, total reward: 372774.1875
each agent reward: 372774.1875
Episode 370 return: -937608.5625
Episode: 370, total reward: 372774.1875
each agent reward: 372774.1875
Episode 371 return: -1025941.875
Episode: 371, total reward: 406722.40625
each agent reward: 406722.40625
Episode 372 return: -832980.6875
Episode: 372, total reward: 407346.03125
each agent reward: 407346.03125
Episode 373 return: -914957.8125
Episode: 373, total reward: 380633.875
each agent reward: 380633.875
Episode 374 return: -877079.875
Episode: 374, total reward: 386610.375
each agent reward: 386610.375
Episode 375 return: -837467.0
Episode: 375, total reward: 386610.375
each agent reward: 386610.375
Episode 376 return: -1022064.0
Episode: 376, total reward: 379155.5625
each agent reward: 379155.5625
Episode 377 return: -820627.75
Episode: 377, total reward: 360791.5
each agent reward: 360791.5
Episode 378 return: -891872.9375
Episode: 378, total reward: 352267.15625
each agent reward: 352267.15625
Episode 379 return: -838561.5
Episode: 379, total reward: 324026.3125
each agent reward: 324026.3125
Episode 380 return: -862531.875
Episode: 380, total reward: 324026.3125
each agent reward: 324026.3125
Episode 381 return: -950819.75
Episode: 381, total reward: 318050.5625
each agent reward: 318050.5625
Episode 382 return: -799929.625
Episode: 382, total reward: 296581.0625
each agent reward: 296581.0625
Episode 383 return: -858507.875
Episode: 383, total reward: 280831.3125
each agent reward: 280831.3125
Episode 384 return: -984197.875
Episode: 384, total reward: 280512.125
each agent reward: 280512.125
Episode 385 return: -848797.4375
Episode: 385, total reward: 280512.125
each agent reward: 280512.125
Episode 386 return: -828124.6875
Episode: 386, total reward: 275281.1875
each agent reward: 275281.1875
Episode 387 return: -837676.4375
Episode: 387, total reward: 270665.1875
each agent reward: 270665.1875
Episode 388 return: -818218.125
Episode: 388, total reward: 267448.0
each agent reward: 267448.0
Episode 389 return: -864074.8125
Episode: 389, total reward: 271652.34375
each agent reward: 271652.34375
Episode 390 return: -899876.625
Episode: 390, total reward: 271652.34375
each agent reward: 271652.34375
Episode 391 return: -747135.4375
Episode: 391, total reward: 274852.78125
each agent reward: 274852.78125
Episode 392 return: -871519.625
Episode: 392, total reward: 271223.5625
each agent reward: 271223.5625
Episode 393 return: -883284.0625
Episode: 393, total reward: 281909.8125
each agent reward: 281909.8125
Episode 394 return: -921194.25
Episode: 394, total reward: 290239.0625
each agent reward: 290239.0625
Episode 395 return: -854803.5
Episode: 395, total reward: 290239.0625
each agent reward: 290239.0625
Episode 396 return: -821067.0
Episode: 396, total reward: 292974.53125
each agent reward: 292974.53125
Episode 397 return: -909587.375
Episode: 397, total reward: 292333.3125
each agent reward: 292333.3125
Episode 398 return: -861626.8125
Episode: 398, total reward: 281357.9375
each agent reward: 281357.9375
Episode 399 return: -890465.9375
Episode: 399, total reward: 283022.9375
each agent reward: 283022.9375
Episode 400 return: -946701.875
Episode: 400, total reward: 283022.9375
each agent reward: 283022.9375
Episode 401 return: -912755.625
Episode: 401, total reward: 281006.5625
each agent reward: 281006.5625
Episode 402 return: -885025.6875
Episode: 402, total reward: 278679.25
each agent reward: 278679.25
Episode 403 return: -859137.625
Episode: 403, total reward: 278702.375
each agent reward: 278702.375
Episode 404 return: -810476.5625
Episode: 404, total reward: 280764.15625
each agent reward: 280764.15625
Episode 405 return: -813761.0625
Episode: 405, total reward: 280764.15625
each agent reward: 280764.15625
Episode 406 return: -804899.6875
Episode: 406, total reward: 278361.375
each agent reward: 278361.375
Episode 407 return: -702858.375
Episode: 407, total reward: 276713.59375
each agent reward: 276713.59375
Episode 408 return: -917420.25
Episode: 408, total reward: 277410.90625
each agent reward: 277410.90625
Episode 409 return: -751541.4375
Episode: 409, total reward: 273980.5
each agent reward: 273980.5
Episode 410 return: -774389.375
Episode: 410, total reward: 273980.5
each agent reward: 273980.5
Episode 411 return: -725748.8125
Episode: 411, total reward: 270539.1875
each agent reward: 270539.1875
Episode 412 return: -767063.125
Episode: 412, total reward: 268156.625
each agent reward: 268156.625
Episode 413 return: -733339.0625
Episode: 413, total reward: 268482.25
each agent reward: 268482.25
Episode 414 return: -767165.3125
Episode: 414, total reward: 270727.34375
each agent reward: 270727.34375
Episode 415 return: -778244.1875
Episode: 415, total reward: 270727.34375
each agent reward: 270727.34375
Episode 416 return: -720647.625
Episode: 416, total reward: 271999.625
each agent reward: 271999.625
Episode 417 return: -699277.75
Episode: 417, total reward: 277686.25
each agent reward: 277686.25
Episode 418 return: -651884.75
Episode: 418, total reward: 277601.28125
each agent reward: 277601.28125
Episode 419 return: -707335.875
Episode: 419, total reward: 280017.8125
each agent reward: 280017.8125
Episode 420 return: -726735.9375
Episode: 420, total reward: 280017.8125
each agent reward: 280017.8125
Episode 421 return: -646056.375
Episode: 421, total reward: 278793.21875
each agent reward: 278793.21875
Episode 422 return: -667069.75
Episode: 422, total reward: 276384.78125
each agent reward: 276384.78125
Episode 423 return: -611302.5625
Episode: 423, total reward: 276941.84375
each agent reward: 276941.84375
Episode 424 return: -592416.5
Episode: 424, total reward: 275687.90625
each agent reward: 275687.90625
Episode 425 return: -655773.5625
Episode: 425, total reward: 275687.90625
each agent reward: 275687.90625
Episode 426 return: -585212.9375
Episode: 426, total reward: 274674.4375
each agent reward: 274674.4375
Episode 427 return: -673160.9375
Episode: 427, total reward: 274007.96875
each agent reward: 274007.96875
Episode 428 return: -585661.5625
Episode: 428, total reward: 274494.0625
each agent reward: 274494.0625
Episode 429 return: -614509.5
Episode: 429, total reward: 277622.75
each agent reward: 277622.75
Episode 430 return: -690463.4375
Episode: 430, total reward: 277622.75
each agent reward: 277622.75
Episode 431 return: -610342.5625
Episode: 431, total reward: 275859.53125
each agent reward: 275859.53125
Episode 432 return: -678863.25
Episode: 432, total reward: 272566.5625
each agent reward: 272566.5625
Episode 433 return: -617653.0
Episode: 433, total reward: 272224.78125
each agent reward: 272224.78125
Episode 434 return: -647225.625
Episode: 434, total reward: 273876.21875
each agent reward: 273876.21875
Episode 435 return: -613977.3125
Episode: 435, total reward: 273876.21875
each agent reward: 273876.21875
Episode 436 return: -608146.0625
Episode: 436, total reward: 275347.5625
each agent reward: 275347.5625
Episode 437 return: -666019.125
Episode: 437, total reward: 273961.96875
each agent reward: 273961.96875
Episode 438 return: -692771.875
Episode: 438, total reward: 277109.3125
each agent reward: 277109.3125
Episode 439 return: -633381.375
Episode: 439, total reward: 285868.46875
each agent reward: 285868.46875
Episode 440 return: -696278.8125
Episode: 440, total reward: 285868.46875
each agent reward: 285868.46875
Episode 441 return: -660306.4375
Episode: 441, total reward: 290216.8125
each agent reward: 290216.8125
Episode 442 return: -660300.0
Episode: 442, total reward: 282930.3125
each agent reward: 282930.3125
Episode 443 return: -711050.5625
Episode: 443, total reward: 280877.6875
each agent reward: 280877.6875
Episode 444 return: -653980.9375
Episode: 444, total reward: 284270.5625
each agent reward: 284270.5625
Episode 445 return: -752661.375
Episode: 445, total reward: 284270.5625
each agent reward: 284270.5625
Episode 446 return: -772018.8125
Episode: 446, total reward: 278415.65625
each agent reward: 278415.65625
Episode 447 return: -704542.5625
Episode: 447, total reward: 275169.5
each agent reward: 275169.5
Episode 448 return: -716413.3125
Episode: 448, total reward: 277479.6875
each agent reward: 277479.6875
Episode 449 return: -649439.5
Episode: 449, total reward: 274758.34375
each agent reward: 274758.34375
Episode 450 return: -734022.1875
Episode: 450, total reward: 274758.34375
each agent reward: 274758.34375
Episode 451 return: -787145.1875
Episode: 451, total reward: 281043.34375
each agent reward: 281043.34375
Episode 452 return: -692357.625
Episode: 452, total reward: 284645.78125
each agent reward: 284645.78125
Episode 453 return: -706192.6875
Episode: 453, total reward: 287391.625
each agent reward: 287391.625
Episode 454 return: -718605.875
Episode: 454, total reward: 291389.59375
each agent reward: 291389.59375
Episode 455 return: -667928.25
Episode: 455, total reward: 291389.59375
each agent reward: 291389.59375
Episode 456 return: -697567.875
Episode: 456, total reward: 290756.125
each agent reward: 290756.125
Episode 457 return: -723872.3125
Episode: 457, total reward: 287586.125
each agent reward: 287586.125
Episode 458 return: -684295.875
Episode: 458, total reward: 285817.96875
each agent reward: 285817.96875
Episode 459 return: -706481.5
Episode: 459, total reward: 287749.0625
each agent reward: 287749.0625
Episode 460 return: -676926.25
Episode: 460, total reward: 287749.0625
each agent reward: 287749.0625
Episode 461 return: -668187.0
Episode: 461, total reward: 284632.21875
each agent reward: 284632.21875
Episode 462 return: -697761.0
Episode: 462, total reward: 275650.0
each agent reward: 275650.0
Episode 463 return: -664984.875
Episode: 463, total reward: 270546.625
each agent reward: 270546.625
Episode 464 return: -653737.375
Episode: 464, total reward: 269065.90625
each agent reward: 269065.90625
Episode 465 return: -679569.1875
Episode: 465, total reward: 269065.90625
each agent reward: 269065.90625
Episode 466 return: -641775.4375
Episode: 466, total reward: 269647.21875
each agent reward: 269647.21875
Episode 467 return: -635407.875
Episode: 467, total reward: 261557.828125
each agent reward: 261557.828125
Episode 468 return: -600486.5
Episode: 468, total reward: 262217.96875
each agent reward: 262217.96875
Episode 469 return: -624271.375
Episode: 469, total reward: 260102.484375
each agent reward: 260102.484375
Episode 470 return: -565829.6875
Episode: 470, total reward: 260102.484375
each agent reward: 260102.484375
Episode 471 return: -558365.0
Episode: 471, total reward: 263968.6875
each agent reward: 263968.6875
Episode 472 return: -589590.375
Episode: 472, total reward: 266857.0
each agent reward: 266857.0
Episode 473 return: -548785.6875
Episode: 473, total reward: 273494.21875
each agent reward: 273494.21875
Episode 474 return: -650374.0
Episode: 474, total reward: 275702.65625
each agent reward: 275702.65625
Episode 475 return: -605588.375
Episode: 475, total reward: 275702.65625
each agent reward: 275702.65625
Episode 476 return: -606692.625
Episode: 476, total reward: 274603.5625
each agent reward: 274603.5625
Episode 477 return: -551793.6875
Episode: 477, total reward: 272675.09375
each agent reward: 272675.09375
Episode 478 return: -618028.125
Episode: 478, total reward: 272135.46875
each agent reward: 272135.46875
Episode 479 return: -510636.03125
Episode: 479, total reward: 272890.875
each agent reward: 272890.875
Episode 480 return: -549858.5625
Episode: 480, total reward: 272890.875
each agent reward: 272890.875
Episode 481 return: -584074.5625
Episode: 481, total reward: 276318.96875
each agent reward: 276318.96875
Episode 482 return: -536873.5625
Episode: 482, total reward: 275464.6875
each agent reward: 275464.6875
Episode 483 return: -549438.5
Episode: 483, total reward: 275128.625
each agent reward: 275128.625
Episode 484 return: -560156.6875
Episode: 484, total reward: 276523.09375
each agent reward: 276523.09375
Episode 485 return: -546582.375
Episode: 485, total reward: 276523.09375
each agent reward: 276523.09375
Episode 486 return: -538936.5
Episode: 486, total reward: 279093.65625
each agent reward: 279093.65625
Episode 487 return: -566987.25
Episode: 487, total reward: 273228.9375
each agent reward: 273228.9375
Episode 488 return: -493160.90625
Episode: 488, total reward: 273155.875
each agent reward: 273155.875
Episode 489 return: -550590.875
Episode: 489, total reward: 269738.71875
each agent reward: 269738.71875
Episode 490 return: -541231.875
Episode: 490, total reward: 269738.71875
each agent reward: 269738.71875
Episode 491 return: -564831.8125
Episode: 491, total reward: 273809.25
each agent reward: 273809.25
Episode 492 return: -615159.4375
Episode: 492, total reward: 275714.0
each agent reward: 275714.0
Episode 493 return: -622670.25
Episode: 493, total reward: 279642.71875
each agent reward: 279642.71875
Episode 494 return: -689190.875
Episode: 494, total reward: 277824.09375
each agent reward: 277824.09375
Episode 495 return: -599290.125
Episode: 495, total reward: 277824.09375
each agent reward: 277824.09375
Episode 496 return: -666672.0625
Episode: 496, total reward: 273172.6875
each agent reward: 273172.6875
Episode 497 return: -645138.75
Episode: 497, total reward: 281951.875
each agent reward: 281951.875
Episode 498 return: -709672.9375
Episode: 498, total reward: 285344.21875
each agent reward: 285344.21875
Episode 499 return: -622498.0625
Episode: 499, total reward: 282791.15625
each agent reward: 282791.15625
