Episode: -1, total reward: 1314196.875
each agent reward: 1314196.875
Episode: 1, total reward: 363584.78125
each agent reward: 363584.78125
Episode 0 return: -551834.5
Episode: 0, total reward: 363584.78125
each agent reward: 363584.78125
Episode 1 return: -557025.0625
Episode: 1, total reward: 363584.78125
each agent reward: 363584.78125
Episode 2 return: -511435.5625
Episode: 2, total reward: 363584.78125
each agent reward: 363584.78125
Episode 3 return: -510690.15625
Episode: 3, total reward: 363584.78125
each agent reward: 363584.78125
Episode 4 return: -585551.5
Episode: 4, total reward: 363584.78125
each agent reward: 363584.78125
Episode 5 return: -572991.4375
Episode: 5, total reward: 363584.78125
each agent reward: 363584.78125
Episode 6 return: -630774.875
Episode: 6, total reward: 363584.78125
each agent reward: 363584.78125
Episode 7 return: -542323.1875
Episode: 7, total reward: 363584.78125
each agent reward: 363584.78125
Episode 8 return: -557280.3125
Episode: 8, total reward: 363584.78125
each agent reward: 363584.78125
Episode 9 return: -592985.4375
Episode: 9, total reward: 363584.78125
each agent reward: 363584.78125
Episode 10 return: -571478.125
Episode: 10, total reward: 363584.78125
each agent reward: 363584.78125
Episode 11 return: -525927.75
Episode: 11, total reward: 363584.78125
each agent reward: 363584.78125
Episode 12 return: -611336.3125
Episode: 12, total reward: 1012339.9375
each agent reward: 1012339.9375
Episode 13 return: -723208.375
Episode: 13, total reward: 1012339.9375
each agent reward: 1012339.9375
Episode 14 return: -771401.0
Episode: 14, total reward: 1012339.9375
each agent reward: 1012339.9375
Episode 15 return: -719478.5625
Episode: 15, total reward: 1012339.9375
each agent reward: 1012339.9375
Episode 16 return: -695810.375
Episode: 16, total reward: 1012339.9375
each agent reward: 1012339.9375
Episode 17 return: -717149.375
Episode: 17, total reward: 1012339.9375
each agent reward: 1012339.9375
Episode 18 return: -787201.8125
Episode: 18, total reward: 1012339.9375
each agent reward: 1012339.9375
Episode 19 return: -703435.9375
Episode: 19, total reward: 1012339.9375
each agent reward: 1012339.9375
Episode 20 return: -769086.3125
Episode: 20, total reward: 1012339.9375
each agent reward: 1012339.9375
Episode 21 return: -702602.25
Episode: 21, total reward: 1012339.9375
each agent reward: 1012339.9375
Episode 22 return: -769420.6875
Episode: 22, total reward: 1012339.9375
each agent reward: 1012339.9375
Episode 23 return: -699748.0625
Episode: 23, total reward: 1012339.9375
each agent reward: 1012339.9375
Episode 24 return: -785753.8125
Episode: 24, total reward: 1012339.9375
each agent reward: 1012339.9375
Episode 25 return: -709145.25
Episode: 25, total reward: 1012339.9375
each agent reward: 1012339.9375
Episode 26 return: -666297.0625
Episode: 26, total reward: 1012339.9375
each agent reward: 1012339.9375
Episode 27 return: -721466.0625
Episode: 27, total reward: 1012339.9375
each agent reward: 1012339.9375
Episode 28 return: -754996.5
Episode: 28, total reward: 1012339.9375
each agent reward: 1012339.9375
Episode 29 return: -712972.25
Episode: 29, total reward: 1012339.9375
each agent reward: 1012339.9375
Episode 30 return: -790695.5
Episode: 30, total reward: 1012339.9375
each agent reward: 1012339.9375
Episode 31 return: -715797.375
Episode: 31, total reward: 1012339.9375
each agent reward: 1012339.9375
Episode 32 return: -743682.9375
Episode: 32, total reward: 1012339.9375
each agent reward: 1012339.9375
Episode 33 return: -763843.8125
Episode: 33, total reward: 1012339.9375
each agent reward: 1012339.9375
Episode 34 return: -778073.125
Episode: 34, total reward: 1012339.9375
each agent reward: 1012339.9375
Episode 35 return: -705355.0625
Episode: 35, total reward: 1012339.9375
each agent reward: 1012339.9375
Episode 36 return: -735453.625
Episode: 36, total reward: 1012339.9375
each agent reward: 1012339.9375
Episode 37 return: -716326.125
Episode: 37, total reward: 1012339.9375
each agent reward: 1012339.9375
Episode 38 return: -725982.25
Episode: 38, total reward: 1012339.9375
each agent reward: 1012339.9375
Episode 39 return: -782590.875
Episode: 39, total reward: 1012339.9375
each agent reward: 1012339.9375
Episode 40 return: -730605.5
Episode: 40, total reward: 1012339.9375
each agent reward: 1012339.9375
Episode 41 return: -755898.9375
Episode: 41, total reward: 1012339.9375
each agent reward: 1012339.9375
Episode 42 return: -747364.875
Episode: 42, total reward: 1012339.9375
each agent reward: 1012339.9375
Episode 43 return: -825151.25
Episode: 43, total reward: 1012339.9375
each agent reward: 1012339.9375
Episode 44 return: -741482.6875
Episode: 44, total reward: 1012339.9375
each agent reward: 1012339.9375
Episode 45 return: -766063.625
Episode: 45, total reward: 1012339.9375
each agent reward: 1012339.9375
Episode 46 return: -747383.8125
Episode: 46, total reward: 1012339.9375
each agent reward: 1012339.9375
Episode 47 return: -732613.6875
Episode: 47, total reward: 1012339.9375
each agent reward: 1012339.9375
Episode 48 return: -768174.3125
Episode: 48, total reward: 1012339.9375
each agent reward: 1012339.9375
Episode 49 return: -752445.125
Episode: 49, total reward: 1012339.9375
each agent reward: 1012339.9375
Episode 50 return: -760677.5
Episode: 50, total reward: 1012339.9375
each agent reward: 1012339.9375
Episode 51 return: -766283.0
Episode: 51, total reward: 1012339.9375
each agent reward: 1012339.9375
Episode 52 return: -734507.9375
Episode: 52, total reward: 1012339.9375
each agent reward: 1012339.9375
Episode 53 return: -685519.1875
Episode: 53, total reward: 1012339.9375
each agent reward: 1012339.9375
Episode 54 return: -800150.25
Episode: 54, total reward: 1012339.9375
each agent reward: 1012339.9375
Episode 55 return: -742615.3125
Episode: 55, total reward: 1012339.9375
each agent reward: 1012339.9375
Episode 56 return: -697780.4375
Episode: 56, total reward: 1012339.9375
each agent reward: 1012339.9375
Episode 57 return: -733154.625
Episode: 57, total reward: 1012339.9375
each agent reward: 1012339.9375
Episode 58 return: -653637.875
Episode: 58, total reward: 1012339.9375
each agent reward: 1012339.9375
Episode 59 return: -750478.375
Episode: 59, total reward: 1012339.9375
each agent reward: 1012339.9375
Episode 60 return: -733295.75
Episode: 60, total reward: 1012339.9375
each agent reward: 1012339.9375
Episode 61 return: -728539.25
Episode: 61, total reward: 1012339.9375
each agent reward: 1012339.9375
Episode 62 return: -752202.8125
Episode: 62, total reward: 1012339.9375
each agent reward: 1012339.9375
Episode 63 return: -733104.25
Episode: 63, total reward: 1012339.9375
each agent reward: 1012339.9375
Episode 64 return: -725221.375
Episode: 64, total reward: 1012339.9375
each agent reward: 1012339.9375
Episode 65 return: -720065.1875
Episode: 65, total reward: 1012339.9375
each agent reward: 1012339.9375
Episode 66 return: -681117.0
Episode: 66, total reward: 1012339.9375
each agent reward: 1012339.9375
Episode 67 return: -762189.25
Episode: 67, total reward: 1012339.9375
each agent reward: 1012339.9375
Episode 68 return: -701072.375
Episode: 68, total reward: 1012339.9375
each agent reward: 1012339.9375
Episode 69 return: -722857.875
Episode: 69, total reward: 1012339.9375
each agent reward: 1012339.9375
Episode 70 return: -713327.0625
Episode: 70, total reward: 1012339.9375
each agent reward: 1012339.9375
Episode 71 return: -722518.625
Episode: 71, total reward: 1012339.9375
each agent reward: 1012339.9375
Episode 72 return: -744439.0
Episode: 72, total reward: 1012339.9375
each agent reward: 1012339.9375
Episode 73 return: -694286.25
Episode: 73, total reward: 1012339.9375
each agent reward: 1012339.9375
Episode 74 return: -720252.75
Episode: 74, total reward: 1012339.9375
each agent reward: 1012339.9375
Episode 75 return: -710309.4375
Episode: 75, total reward: 1012339.9375
each agent reward: 1012339.9375
Episode 76 return: -767111.5625
Episode: 76, total reward: 1012339.9375
each agent reward: 1012339.9375
Episode 77 return: -735570.1875
Episode: 77, total reward: 1012339.9375
each agent reward: 1012339.9375
Episode 78 return: -720562.6875
Episode: 78, total reward: 1012339.9375
each agent reward: 1012339.9375
Episode 79 return: -672674.625
Episode: 79, total reward: 1012339.9375
each agent reward: 1012339.9375
Episode 80 return: -672561.1875
Episode: 80, total reward: 1012339.9375
each agent reward: 1012339.9375
Episode 81 return: -719661.625
Episode: 81, total reward: 1012339.9375
each agent reward: 1012339.9375
Episode 82 return: -704443.125
Episode: 82, total reward: 1012339.9375
each agent reward: 1012339.9375
Episode 83 return: -673976.1875
Episode: 83, total reward: 1012339.9375
each agent reward: 1012339.9375
Episode 84 return: -694703.625
Episode: 84, total reward: 1012339.9375
each agent reward: 1012339.9375
Episode 85 return: -729718.9375
Episode: 85, total reward: 1012339.9375
each agent reward: 1012339.9375
Episode 86 return: -696163.625
Episode: 86, total reward: 1557570.0
each agent reward: 1557570.0
Episode 87 return: -741190.875
Episode: 87, total reward: 1548037.0
each agent reward: 1548037.0
Episode 88 return: -641678.1875
Episode: 88, total reward: 1534883.625
each agent reward: 1534883.625
Episode 89 return: -604670.25
Episode: 89, total reward: 2050010.75
each agent reward: 2050010.75
Episode 90 return: -680244.75
Episode: 90, total reward: 2050010.75
each agent reward: 2050010.75
Episode 91 return: -697674.3125
Episode: 91, total reward: 2030234.125
each agent reward: 2030234.125
Episode 92 return: -680552.75
Episode: 92, total reward: 2025531.5
each agent reward: 2025531.5
Episode 93 return: -700956.4375
Episode: 93, total reward: 2025531.5
each agent reward: 2025531.5
Episode 94 return: -708241.0625
Episode: 94, total reward: 2015338.125
each agent reward: 2015338.125
Episode 95 return: -721069.75
Episode: 95, total reward: 2015338.125
each agent reward: 2015338.125
Episode 96 return: -708322.4375
Episode: 96, total reward: 2015338.125
each agent reward: 2015338.125
Episode 97 return: -693729.875
Episode: 97, total reward: 2020601.0
each agent reward: 2020601.0
Episode 98 return: -692736.625
Episode: 98, total reward: 2025531.5
each agent reward: 2025531.5
Episode 99 return: -698172.9375
Episode: 99, total reward: 2030234.125
each agent reward: 2030234.125
Episode 100 return: -754558.9375
Episode: 100, total reward: 2030234.125
each agent reward: 2030234.125
Episode 101 return: -677598.8125
Episode: 101, total reward: 2030234.125
each agent reward: 2030234.125
Episode 102 return: -729662.375
Episode: 102, total reward: 2030234.125
each agent reward: 2030234.125
Episode 103 return: -736926.125
Episode: 103, total reward: 2030234.125
each agent reward: 2030234.125
Episode 104 return: -720558.5625
Episode: 104, total reward: 2045128.0
each agent reward: 2045128.0
Episode 105 return: -696542.625
Episode: 105, total reward: 2045128.0
each agent reward: 2045128.0
Episode 106 return: -667634.9375
Episode: 106, total reward: 2050010.75
each agent reward: 2050010.75
Episode 107 return: -704760.5
Episode: 107, total reward: 2070419.375
each agent reward: 2070419.375
Episode 108 return: -668343.8125
Episode: 108, total reward: 2075130.875
each agent reward: 2075130.875
Episode 109 return: -644734.4375
Episode: 109, total reward: 2075130.875
each agent reward: 2075130.875
Episode 110 return: -674647.5625
Episode: 110, total reward: 2075130.875
each agent reward: 2075130.875
Episode 111 return: -618181.125
Episode: 111, total reward: 1539653.5
each agent reward: 1539653.5
Episode 112 return: -732767.8125
Episode: 112, total reward: 1552774.25
each agent reward: 1552774.25
Episode 113 return: -673561.375
Episode: 113, total reward: 1562586.0
each agent reward: 1562586.0
Episode 114 return: -649332.9375
Episode: 114, total reward: 1038273.75
each agent reward: 1038273.75
Episode 115 return: -695562.8125
Episode: 115, total reward: 1038273.75
each agent reward: 1038273.75
Episode 116 return: -677344.1875
Episode: 116, total reward: 1042326.0
each agent reward: 1042326.0
Episode 117 return: -720996.875
Episode: 117, total reward: 1038273.75
each agent reward: 1038273.75
Episode 118 return: -667410.25
Episode: 118, total reward: 1038387.4375
each agent reward: 1038387.4375
Episode 119 return: -666267.875
Episode: 119, total reward: 1054871.0
each agent reward: 1054871.0
Episode 120 return: -699718.125
Episode: 120, total reward: 1054871.0
each agent reward: 1054871.0
Episode 121 return: -702490.1875
Episode: 121, total reward: 525403.25
each agent reward: 525403.25
Episode 122 return: -664509.0625
Episode: 122, total reward: 492358.0
each agent reward: 492358.0
Episode 123 return: -729072.6875
Episode: 123, total reward: 485275.9375
each agent reward: 485275.9375
Episode 124 return: -664348.875
Episode: 124, total reward: 484666.28125
each agent reward: 484666.28125
Episode 125 return: -734620.625
Episode: 125, total reward: 484666.28125
each agent reward: 484666.28125
Episode 126 return: -684917.6875
Episode: 126, total reward: 477598.875
each agent reward: 477598.875
Episode 127 return: -678667.6875
Episode: 127, total reward: 991749.875
each agent reward: 991749.875
Episode 128 return: -764325.5625
Episode: 128, total reward: 425804.28125
each agent reward: 425804.28125
Episode 129 return: -777639.5
Episode: 129, total reward: 458372.6875
each agent reward: 458372.6875
Episode 130 return: -791817.9375
Episode: 130, total reward: 458372.6875
each agent reward: 458372.6875
Episode 131 return: -804468.375
Episode: 131, total reward: 456799.65625
each agent reward: 456799.65625
Episode 132 return: -757691.5625
Episode: 132, total reward: 440380.03125
each agent reward: 440380.03125
Episode 133 return: -794172.625
Episode: 133, total reward: 448803.15625
each agent reward: 448803.15625
Episode 134 return: -742408.625
Episode: 134, total reward: 452461.59375
each agent reward: 452461.59375
Episode 135 return: -814873.9375
Episode: 135, total reward: 452461.59375
each agent reward: 452461.59375
Episode 136 return: -766252.875
Episode: 136, total reward: 468646.71875
each agent reward: 468646.71875
Episode 137 return: -837567.5
Episode: 137, total reward: 476973.0
each agent reward: 476973.0
Episode 138 return: -705713.8125
Episode: 138, total reward: 505252.71875
each agent reward: 505252.71875
Episode 139 return: -733616.8125
Episode: 139, total reward: 536564.1875
each agent reward: 536564.1875
Episode 140 return: -738366.25
Episode: 140, total reward: 536564.1875
each agent reward: 536564.1875
Episode 141 return: -777294.4375
Episode: 141, total reward: 515329.59375
each agent reward: 515329.59375
Episode 142 return: -804276.375
Episode: 142, total reward: 549186.75
each agent reward: 549186.75
Episode 143 return: -758744.3125
Episode: 143, total reward: 523652.6875
each agent reward: 523652.6875
Episode 144 return: -770904.75
Episode: 144, total reward: 509846.125
each agent reward: 509846.125
Episode 145 return: -768999.375
Episode: 145, total reward: 509846.125
each agent reward: 509846.125
Episode 146 return: -764267.6875
Episode: 146, total reward: 454685.125
each agent reward: 454685.125
Episode 147 return: -680163.25
Episode: 147, total reward: 472102.0625
each agent reward: 472102.0625
Episode 148 return: -656260.8125
Episode: 148, total reward: 457890.46875
each agent reward: 457890.46875
Episode 149 return: -653884.75
Episode: 149, total reward: 420727.1875
each agent reward: 420727.1875
Episode 150 return: -677897.875
Episode: 150, total reward: 420727.1875
each agent reward: 420727.1875
Episode 151 return: -773739.5
Episode: 151, total reward: 890319.0
each agent reward: 890319.0
Episode 152 return: -728048.6875
Episode: 152, total reward: 885509.4375
each agent reward: 885509.4375
Episode 153 return: -687996.6875
Episode: 153, total reward: 881234.1875
each agent reward: 881234.1875
Episode 154 return: -718598.5
Episode: 154, total reward: 872751.75
each agent reward: 872751.75
Episode 155 return: -744160.75
Episode: 155, total reward: 872751.75
each agent reward: 872751.75
Episode 156 return: -724699.75
Episode: 156, total reward: 303475.0
each agent reward: 303475.0
Episode 157 return: -671452.5
Episode: 157, total reward: 348410.46875
each agent reward: 348410.46875
Episode 158 return: -701892.25
Episode: 158, total reward: 404967.3125
each agent reward: 404967.3125
Episode 159 return: -699161.5
Episode: 159, total reward: 385571.03125
each agent reward: 385571.03125
Episode 160 return: -801566.4375
Episode: 160, total reward: 385571.03125
each agent reward: 385571.03125
Episode 161 return: -697500.75
Episode: 161, total reward: 380340.9375
each agent reward: 380340.9375
Episode 162 return: -620697.0
Episode: 162, total reward: 896530.9375
each agent reward: 896530.9375
Episode 163 return: -678970.625
Episode: 163, total reward: 870162.375
each agent reward: 870162.375
Episode 164 return: -646854.5625
Episode: 164, total reward: 831655.5
each agent reward: 831655.5
Episode 165 return: -644956.5
Episode: 165, total reward: 831655.5
each agent reward: 831655.5
Episode 166 return: -643639.875
Episode: 166, total reward: 1331526.5
each agent reward: 1331526.5
Episode 167 return: -642178.125
Episode: 167, total reward: 1331526.5
each agent reward: 1331526.5
Episode 168 return: -622125.0
Episode: 168, total reward: 1332474.125
each agent reward: 1332474.125
Episode 169 return: -612673.9375
Episode: 169, total reward: 1331418.5
each agent reward: 1331418.5
Episode 170 return: -607295.3125
Episode: 170, total reward: 1331418.5
each agent reward: 1331418.5
Episode 171 return: -684053.6875
Episode: 171, total reward: 1330605.125
each agent reward: 1330605.125
Episode 172 return: -652287.4375
Episode: 172, total reward: 1332387.75
each agent reward: 1332387.75
Episode 173 return: -675340.6875
Episode: 173, total reward: 783108.125
each agent reward: 783108.125
Episode 174 return: -646767.8125
Episode: 174, total reward: 791071.0625
each agent reward: 791071.0625
Episode 175 return: -618154.125
Episode: 175, total reward: 791071.0625
each agent reward: 791071.0625
Episode 176 return: -627378.625
Episode: 176, total reward: 864789.75
each agent reward: 864789.75
Episode 177 return: -696769.1875
Episode: 177, total reward: 889072.75
each agent reward: 889072.75
Episode 178 return: -678085.625
Episode: 178, total reward: 893866.25
each agent reward: 893866.25
Episode 179 return: -832188.875
Episode: 179, total reward: 919406.9375
each agent reward: 919406.9375
Episode 180 return: -669957.75
Episode: 180, total reward: 919406.9375
each agent reward: 919406.9375
Episode 181 return: -683254.6875
Episode: 181, total reward: 428038.4375
each agent reward: 428038.4375
Episode 182 return: -665088.375
Episode: 182, total reward: 477803.5
each agent reward: 477803.5
Episode 183 return: -721647.0625
Episode: 183, total reward: 473795.0625
each agent reward: 473795.0625
Episode 184 return: -670793.375
Episode: 184, total reward: 985505.3125
each agent reward: 985505.3125
Episode 185 return: -627069.3125
Episode: 185, total reward: 985505.3125
each agent reward: 985505.3125
Episode 186 return: -644771.625
Episode: 186, total reward: 963136.125
each agent reward: 963136.125
Episode 187 return: -679889.75
Episode: 187, total reward: 904230.6875
each agent reward: 904230.6875
Episode 188 return: -714930.1875
Episode: 188, total reward: 920570.1875
each agent reward: 920570.1875
Episode 189 return: -630736.125
Episode: 189, total reward: 908099.875
each agent reward: 908099.875
Episode 190 return: -678466.6875
Episode: 190, total reward: 908099.875
each agent reward: 908099.875
Episode 191 return: -692297.25
Episode: 191, total reward: 874034.9375
each agent reward: 874034.9375
Episode 192 return: -654365.0625
Episode: 192, total reward: 366824.25
each agent reward: 366824.25
Episode 193 return: -610231.25
Episode: 193, total reward: 409121.4375
each agent reward: 409121.4375
Episode 194 return: -637871.1875
Episode: 194, total reward: 416798.875
each agent reward: 416798.875
Episode 195 return: -743062.0
Episode: 195, total reward: 416798.875
each agent reward: 416798.875
Episode 196 return: -632885.5
Episode: 196, total reward: 460253.78125
each agent reward: 460253.78125
Episode 197 return: -661695.3125
Episode: 197, total reward: 484059.5625
each agent reward: 484059.5625
Episode 198 return: -775252.875
Episode: 198, total reward: 479130.84375
each agent reward: 479130.84375
Episode 199 return: -715021.875
Episode: 199, total reward: 458070.09375
each agent reward: 458070.09375
Episode 200 return: -668106.4375
Episode: 200, total reward: 458070.09375
each agent reward: 458070.09375
Episode 201 return: -669996.0
Episode: 201, total reward: 418315.5
each agent reward: 418315.5
Episode 202 return: -652771.0
Episode: 202, total reward: 367747.0625
each agent reward: 367747.0625
Episode 203 return: -645369.0625
Episode: 203, total reward: 367432.875
each agent reward: 367432.875
Episode 204 return: -717704.3125
Episode: 204, total reward: 362113.125
each agent reward: 362113.125
Episode 205 return: -637932.6875
Episode: 205, total reward: 362113.125
each agent reward: 362113.125
Episode 206 return: -691108.0625
Episode: 206, total reward: 334831.90625
each agent reward: 334831.90625
Episode 207 return: -722774.3125
Episode: 207, total reward: 295660.3125
each agent reward: 295660.3125
Episode 208 return: -685808.875
Episode: 208, total reward: 280543.6875
each agent reward: 280543.6875
Episode 209 return: -656549.375
Episode: 209, total reward: 280543.6875
each agent reward: 280543.6875
Episode 210 return: -660331.9375
Episode: 210, total reward: 280543.6875
each agent reward: 280543.6875
Episode 211 return: -677806.4375
Episode: 211, total reward: 285858.3125
each agent reward: 285858.3125
Episode 212 return: -620435.6875
Episode: 212, total reward: 285858.3125
each agent reward: 285858.3125
Episode 213 return: -702747.875
Episode: 213, total reward: 290801.78125
each agent reward: 290801.78125
Episode 214 return: -597060.8125
Episode: 214, total reward: 281722.4375
each agent reward: 281722.4375
Episode 215 return: -633340.5625
Episode: 215, total reward: 281722.4375
each agent reward: 281722.4375
Episode 216 return: -626066.875
Episode: 216, total reward: 794648.75
each agent reward: 794648.75
Episode 217 return: -652366.75
Episode: 217, total reward: 785375.5625
each agent reward: 785375.5625
Episode 218 return: -605306.5625
Episode: 218, total reward: 785715.4375
each agent reward: 785715.4375
Episode 219 return: -689808.1875
Episode: 219, total reward: 780402.875
each agent reward: 780402.875
Episode 220 return: -689203.1875
Episode: 220, total reward: 780402.875
each agent reward: 780402.875
Episode 221 return: -672572.1875
Episode: 221, total reward: 781446.875
each agent reward: 781446.875
Episode 222 return: -621060.6875
Episode: 222, total reward: 781446.875
each agent reward: 781446.875
Episode 223 return: -715239.25
Episode: 223, total reward: 780651.6875
each agent reward: 780651.6875
Episode 224 return: -631735.125
Episode: 224, total reward: 779770.6875
each agent reward: 779770.6875
Episode 225 return: -645529.1875
Episode: 225, total reward: 779770.6875
each agent reward: 779770.6875
Episode 226 return: -749341.25
Episode: 226, total reward: 780651.6875
each agent reward: 780651.6875
Episode 227 return: -605290.625
Episode: 227, total reward: 778418.4375
each agent reward: 778418.4375
Episode 228 return: -591006.75
Episode: 228, total reward: 776687.5625
each agent reward: 776687.5625
Episode 229 return: -693562.4375
Episode: 229, total reward: 778408.375
each agent reward: 778408.375
Episode 230 return: -609097.9375
Episode: 230, total reward: 778408.375
each agent reward: 778408.375
Episode 231 return: -563438.625
Episode: 231, total reward: 777894.5
each agent reward: 777894.5
Episode 232 return: -591785.625
Episode: 232, total reward: 778268.0625
each agent reward: 778268.0625
Episode 233 return: -695730.5
Episode: 233, total reward: 843900.3125
each agent reward: 843900.3125
Episode 234 return: -584669.3125
Episode: 234, total reward: 862546.0
each agent reward: 862546.0
Episode 235 return: -644720.8125
Episode: 235, total reward: 862546.0
each agent reward: 862546.0
Episode 236 return: -681513.75
Episode: 236, total reward: 872304.3125
each agent reward: 872304.3125
Episode 237 return: -632854.5
Episode: 237, total reward: 880685.125
each agent reward: 880685.125
Episode 238 return: -660869.875
Episode: 238, total reward: 353727.625
each agent reward: 353727.625
Episode 239 return: -643801.0
Episode: 239, total reward: 361247.21875
each agent reward: 361247.21875
Episode 240 return: -629141.9375
Episode: 240, total reward: 361247.21875
each agent reward: 361247.21875
Episode 241 return: -698966.125
Episode: 241, total reward: 882423.5625
each agent reward: 882423.5625
Episode 242 return: -658141.9375
Episode: 242, total reward: 878799.0
each agent reward: 878799.0
Episode 243 return: -651196.0625
Episode: 243, total reward: 861200.25
each agent reward: 861200.25
Episode 244 return: -630900.8125
Episode: 244, total reward: 820043.125
each agent reward: 820043.125
Episode 245 return: -645202.0625
Episode: 245, total reward: 820043.125
each agent reward: 820043.125
Episode 246 return: -658239.4375
Episode: 246, total reward: 1412733.625
each agent reward: 1412733.625
Episode 247 return: -664715.1875
Episode: 247, total reward: 843765.625
each agent reward: 843765.625
Episode 248 return: -581576.8125
Episode: 248, total reward: 849227.75
each agent reward: 849227.75
Episode 249 return: -683279.0625
Episode: 249, total reward: 896948.4375
each agent reward: 896948.4375
Episode 250 return: -678743.9375
Episode: 250, total reward: 896948.4375
each agent reward: 896948.4375
Episode 251 return: -627533.5
Episode: 251, total reward: 364695.3125
each agent reward: 364695.3125
Episode 252 return: -646499.4375
Episode: 252, total reward: 366566.8125
each agent reward: 366566.8125
Episode 253 return: -638045.8125
Episode: 253, total reward: 369737.5
each agent reward: 369737.5
Episode 254 return: -623974.375
Episode: 254, total reward: 363529.0625
each agent reward: 363529.0625
Episode 255 return: -651874.9375
Episode: 255, total reward: 363529.0625
each agent reward: 363529.0625
Episode 256 return: -632285.3125
Episode: 256, total reward: 902824.125
each agent reward: 902824.125
Episode 257 return: -580544.6875
Episode: 257, total reward: 912166.25
each agent reward: 912166.25
Episode 258 return: -600106.3125
Episode: 258, total reward: 908989.875
each agent reward: 908989.875
Episode 259 return: -614154.9375
Episode: 259, total reward: 360169.0
each agent reward: 360169.0
Episode 260 return: -681223.5625
Episode: 260, total reward: 360169.0
each agent reward: 360169.0
Episode 261 return: -642233.375
Episode: 261, total reward: 365504.96875
each agent reward: 365504.96875
Episode 262 return: -686444.5
Episode: 262, total reward: 362763.21875
each agent reward: 362763.21875
Episode 263 return: -602826.375
Episode: 263, total reward: 361315.03125
each agent reward: 361315.03125
Episode 264 return: -611098.1875
Episode: 264, total reward: 360917.6875
each agent reward: 360917.6875
Episode 265 return: -618734.875
Episode: 265, total reward: 360917.6875
each agent reward: 360917.6875
Episode 266 return: -614448.75
Episode: 266, total reward: 342280.0
each agent reward: 342280.0
Episode 267 return: -585906.1875
Episode: 267, total reward: 332699.625
each agent reward: 332699.625
Episode 268 return: -596471.25
Episode: 268, total reward: 348309.59375
each agent reward: 348309.59375
Episode 269 return: -621825.375
Episode: 269, total reward: 361984.90625
each agent reward: 361984.90625
Episode 270 return: -609609.3125
Episode: 270, total reward: 361984.90625
each agent reward: 361984.90625
Episode 271 return: -654867.6875
Episode: 271, total reward: 366528.6875
each agent reward: 366528.6875
Episode 272 return: -518326.125
Episode: 272, total reward: 366408.625
each agent reward: 366408.625
Episode 273 return: -598207.875
Episode: 273, total reward: 369515.0625
each agent reward: 369515.0625
Episode 274 return: -609209.75
Episode: 274, total reward: 371231.53125
each agent reward: 371231.53125
Episode 275 return: -559098.9375
Episode: 275, total reward: 371231.53125
each agent reward: 371231.53125
Episode 276 return: -609451.75
Episode: 276, total reward: 372699.03125
each agent reward: 372699.03125
Episode 277 return: -666197.6875
Episode: 277, total reward: 385830.625
each agent reward: 385830.625
Episode 278 return: -661775.3125
Episode: 278, total reward: 410008.375
each agent reward: 410008.375
Episode 279 return: -568884.4375
Episode: 279, total reward: 414823.40625
each agent reward: 414823.40625
Episode 280 return: -608569.5625
Episode: 280, total reward: 414823.40625
each agent reward: 414823.40625
Episode 281 return: -566371.125
Episode: 281, total reward: 405005.71875
each agent reward: 405005.71875
Episode 282 return: -640431.25
Episode: 282, total reward: 395430.6875
each agent reward: 395430.6875
Episode 283 return: -610609.6875
Episode: 283, total reward: 366368.09375
each agent reward: 366368.09375
Episode 284 return: -580130.375
Episode: 284, total reward: 364906.96875
each agent reward: 364906.96875
Episode 285 return: -629955.625
Episode: 285, total reward: 364906.96875
each agent reward: 364906.96875
Episode 286 return: -622281.125
Episode: 286, total reward: 357589.1875
each agent reward: 357589.1875
Episode 287 return: -552193.625
Episode: 287, total reward: 337474.8125
each agent reward: 337474.8125
Episode 288 return: -597465.9375
Episode: 288, total reward: 342674.96875
each agent reward: 342674.96875
Episode 289 return: -534586.8125
Episode: 289, total reward: 329042.15625
each agent reward: 329042.15625
Episode 290 return: -675816.125
Episode: 290, total reward: 329042.15625
each agent reward: 329042.15625
Episode 291 return: -654235.6875
Episode: 291, total reward: 325298.375
each agent reward: 325298.375
Episode 292 return: -589543.625
Episode: 292, total reward: 333360.0
each agent reward: 333360.0
Episode 293 return: -587738.875
Episode: 293, total reward: 319192.96875
each agent reward: 319192.96875
Episode 294 return: -583599.1875
Episode: 294, total reward: 314776.8125
each agent reward: 314776.8125
Episode 295 return: -609578.1875
Episode: 295, total reward: 314776.8125
each agent reward: 314776.8125
Episode 296 return: -585398.3125
Episode: 296, total reward: 311049.875
each agent reward: 311049.875
Episode 297 return: -610493.125
Episode: 297, total reward: 313410.84375
each agent reward: 313410.84375
Episode 298 return: -607674.875
Episode: 298, total reward: 312628.34375
each agent reward: 312628.34375
Episode 299 return: -568609.375
Episode: 299, total reward: 352823.875
each agent reward: 352823.875
Episode 300 return: -545935.5
Episode: 300, total reward: 352823.875
each agent reward: 352823.875
Episode 301 return: -546351.625
Episode: 301, total reward: 407013.875
each agent reward: 407013.875
Episode 302 return: -625830.1875
Episode: 302, total reward: 451047.125
each agent reward: 451047.125
Episode 303 return: -627628.875
Episode: 303, total reward: 450638.625
each agent reward: 450638.625
Episode 304 return: -644908.375
Episode: 304, total reward: 425827.78125
each agent reward: 425827.78125
Episode 305 return: -637001.4375
Episode: 305, total reward: 425827.78125
each agent reward: 425827.78125
Episode 306 return: -679777.1875
Episode: 306, total reward: 373424.15625
each agent reward: 373424.15625
Episode 307 return: -690890.0
Episode: 307, total reward: 367133.96875
each agent reward: 367133.96875
Episode 308 return: -687410.9375
Episode: 308, total reward: 365287.40625
each agent reward: 365287.40625
Episode 309 return: -644941.125
Episode: 309, total reward: 343192.40625
each agent reward: 343192.40625
Episode 310 return: -647324.75
Episode: 310, total reward: 343192.40625
each agent reward: 343192.40625
Episode 311 return: -750688.125
Episode: 311, total reward: 273794.15625
each agent reward: 273794.15625
Episode 312 return: -741494.5
Episode: 312, total reward: 264596.40625
each agent reward: 264596.40625
Episode 313 return: -768561.0625
Episode: 313, total reward: 258079.0625
each agent reward: 258079.0625
Episode 314 return: -732086.375
Episode: 314, total reward: 262207.875
each agent reward: 262207.875
Episode 315 return: -728691.125
Episode: 315, total reward: 262207.875
each agent reward: 262207.875
Episode 316 return: -649360.0
Episode: 316, total reward: 267135.09375
each agent reward: 267135.09375
Episode 317 return: -707630.4375
Episode: 317, total reward: 275911.09375
each agent reward: 275911.09375
Episode 318 return: -649749.5
Episode: 318, total reward: 282840.9375
each agent reward: 282840.9375
Episode 319 return: -610148.1875
Episode: 319, total reward: 304254.15625
each agent reward: 304254.15625
Episode 320 return: -710944.0625
Episode: 320, total reward: 304254.15625
each agent reward: 304254.15625
Episode 321 return: -666732.8125
Episode: 321, total reward: 323552.9375
each agent reward: 323552.9375
Episode 322 return: -698348.875
Episode: 322, total reward: 328457.53125
each agent reward: 328457.53125
Episode 323 return: -620895.625
Episode: 323, total reward: 332405.03125
each agent reward: 332405.03125
Episode 324 return: -734629.4375
Episode: 324, total reward: 306682.9375
each agent reward: 306682.9375
Episode 325 return: -663101.8125
Episode: 325, total reward: 306682.9375
each agent reward: 306682.9375
Episode 326 return: -671227.9375
Episode: 326, total reward: 310624.5625
each agent reward: 310624.5625
Episode 327 return: -622963.9375
Episode: 327, total reward: 350700.96875
each agent reward: 350700.96875
Episode 328 return: -689166.75
Episode: 328, total reward: 350232.8125
each agent reward: 350232.8125
Episode 329 return: -679102.1875
Episode: 329, total reward: 355459.6875
each agent reward: 355459.6875
Episode 330 return: -763583.75
Episode: 330, total reward: 355459.6875
each agent reward: 355459.6875
Episode 331 return: -704252.5625
Episode: 331, total reward: 333694.59375
each agent reward: 333694.59375
Episode 332 return: -714292.5
Episode: 332, total reward: 324902.90625
each agent reward: 324902.90625
Episode 333 return: -723347.6875
Episode: 333, total reward: 300514.5625
each agent reward: 300514.5625
Episode 334 return: -687555.0
Episode: 334, total reward: 295956.4375
each agent reward: 295956.4375
Episode 335 return: -816563.0
Episode: 335, total reward: 295956.4375
each agent reward: 295956.4375
Episode 336 return: -715865.6875
Episode: 336, total reward: 271217.65625
each agent reward: 271217.65625
Episode 337 return: -667824.3125
Episode: 337, total reward: 306147.5625
each agent reward: 306147.5625
Episode 338 return: -688197.25
Episode: 338, total reward: 319895.75
each agent reward: 319895.75
Episode 339 return: -687246.8125
Episode: 339, total reward: 299566.21875
each agent reward: 299566.21875
Episode 340 return: -754930.1875
Episode: 340, total reward: 299566.21875
each agent reward: 299566.21875
Episode 341 return: -660829.4375
Episode: 341, total reward: 308981.96875
each agent reward: 308981.96875
Episode 342 return: -653842.0625
Episode: 342, total reward: 314786.5625
each agent reward: 314786.5625
Episode 343 return: -639594.3125
Episode: 343, total reward: 333138.9375
each agent reward: 333138.9375
Episode 344 return: -684996.0625
Episode: 344, total reward: 328539.1875
each agent reward: 328539.1875
Episode 345 return: -604190.75
Episode: 345, total reward: 328539.1875
each agent reward: 328539.1875
Episode 346 return: -709731.5
Episode: 346, total reward: 337803.90625
each agent reward: 337803.90625
Episode 347 return: -596582.875
Episode: 347, total reward: 337691.25
each agent reward: 337691.25
Episode 348 return: -598259.8125
Episode: 348, total reward: 322834.46875
each agent reward: 322834.46875
Episode 349 return: -549542.125
Episode: 349, total reward: 309945.0
each agent reward: 309945.0
Episode 350 return: -575544.8125
Episode: 350, total reward: 309945.0
each agent reward: 309945.0
Episode 351 return: -630771.1875
Episode: 351, total reward: 306204.78125
each agent reward: 306204.78125
Episode 352 return: -565575.3125
Episode: 352, total reward: 294903.3125
each agent reward: 294903.3125
Episode 353 return: -550147.375
Episode: 353, total reward: 274501.0
each agent reward: 274501.0
Episode 354 return: -525320.75
Episode: 354, total reward: 263272.0625
each agent reward: 263272.0625
Episode 355 return: -538357.5625
Episode: 355, total reward: 263272.0625
each agent reward: 263272.0625
Episode 356 return: -505614.25
Episode: 356, total reward: 261932.765625
each agent reward: 261932.765625
Episode 357 return: -510164.53125
Episode: 357, total reward: 256589.890625
each agent reward: 256589.890625
Episode 358 return: -499105.65625
Episode: 358, total reward: 250218.328125
each agent reward: 250218.328125
Episode 359 return: -545727.625
Episode: 359, total reward: 249915.484375
each agent reward: 249915.484375
Episode 360 return: -533752.8125
Episode: 360, total reward: 249915.484375
each agent reward: 249915.484375
Episode 361 return: -562974.25
Episode: 361, total reward: 250218.328125
each agent reward: 250218.328125
Episode 362 return: -471937.4375
Episode: 362, total reward: 250863.109375
each agent reward: 250863.109375
Episode 363 return: -512397.28125
Episode: 363, total reward: 256245.046875
each agent reward: 256245.046875
Episode 364 return: -474472.5
Episode: 364, total reward: 256379.765625
each agent reward: 256379.765625
Episode 365 return: -546293.1875
Episode: 365, total reward: 256379.765625
each agent reward: 256379.765625
Episode 366 return: -546737.9375
Episode: 366, total reward: 261309.78125
each agent reward: 261309.78125
Episode 367 return: -499193.25
Episode: 367, total reward: 255690.03125
each agent reward: 255690.03125
Episode 368 return: -530229.8125
Episode: 368, total reward: 250909.1875
each agent reward: 250909.1875
Episode 369 return: -531522.0
Episode: 369, total reward: 252284.53125
each agent reward: 252284.53125
Episode 370 return: -573566.0
Episode: 370, total reward: 252284.53125
each agent reward: 252284.53125
Episode 371 return: -569644.125
Episode: 371, total reward: 254504.9375
each agent reward: 254504.9375
Episode 372 return: -546701.375
Episode: 372, total reward: 253309.71875
each agent reward: 253309.71875
Episode 373 return: -563475.125
Episode: 373, total reward: 253364.71875
each agent reward: 253364.71875
Episode 374 return: -573261.625
Episode: 374, total reward: 255538.78125
each agent reward: 255538.78125
Episode 375 return: -552195.5
Episode: 375, total reward: 255538.78125
each agent reward: 255538.78125
Episode 376 return: -644542.9375
Episode: 376, total reward: 255612.375
each agent reward: 255612.375
Episode 377 return: -553257.0625
Episode: 377, total reward: 254059.0625
each agent reward: 254059.0625
Episode 378 return: -598252.375
Episode: 378, total reward: 255902.75
each agent reward: 255902.75
Episode 379 return: -579411.3125
Episode: 379, total reward: 254183.421875
each agent reward: 254183.421875
Episode 380 return: -649400.6875
Episode: 380, total reward: 254183.421875
each agent reward: 254183.421875
Episode 381 return: -690295.375
Episode: 381, total reward: 250295.59375
each agent reward: 250295.59375
Episode 382 return: -578593.25
Episode: 382, total reward: 251158.21875
each agent reward: 251158.21875
Episode 383 return: -630293.9375
Episode: 383, total reward: 256669.03125
each agent reward: 256669.03125
Episode 384 return: -719977.875
Episode: 384, total reward: 255423.8125
each agent reward: 255423.8125
Episode 385 return: -683257.8125
Episode: 385, total reward: 255423.8125
each agent reward: 255423.8125
Episode 386 return: -703981.0625
Episode: 386, total reward: 249909.046875
each agent reward: 249909.046875
Episode 387 return: -678789.875
Episode: 387, total reward: 248335.390625
each agent reward: 248335.390625
Episode 388 return: -703751.8125
Episode: 388, total reward: 249063.359375
each agent reward: 249063.359375
Episode 389 return: -737418.3125
Episode: 389, total reward: 249383.640625
each agent reward: 249383.640625
Episode 390 return: -739830.6875
Episode: 390, total reward: 249383.640625
each agent reward: 249383.640625
Episode 391 return: -571750.6875
Episode: 391, total reward: 248741.40625
each agent reward: 248741.40625
Episode 392 return: -641782.5
Episode: 392, total reward: 248845.859375
each agent reward: 248845.859375
Episode 393 return: -652144.0
Episode: 393, total reward: 250649.234375
each agent reward: 250649.234375
Episode 394 return: -628676.4375
Episode: 394, total reward: 251233.78125
each agent reward: 251233.78125
Episode 395 return: -618945.875
Episode: 395, total reward: 251233.78125
each agent reward: 251233.78125
Episode 396 return: -553153.1875
Episode: 396, total reward: 254056.09375
each agent reward: 254056.09375
Episode 397 return: -632749.375
Episode: 397, total reward: 252472.546875
each agent reward: 252472.546875
Episode 398 return: -555979.5625
Episode: 398, total reward: 251280.921875
each agent reward: 251280.921875
Episode 399 return: -558166.1875
Episode: 399, total reward: 251533.421875
each agent reward: 251533.421875
Episode 400 return: -595136.1875
Episode: 400, total reward: 251533.421875
each agent reward: 251533.421875
Episode 401 return: -624335.75
Episode: 401, total reward: 250743.890625
each agent reward: 250743.890625
Episode 402 return: -568438.75
Episode: 402, total reward: 250408.34375
each agent reward: 250408.34375
Episode 403 return: -547220.1875
Episode: 403, total reward: 252303.265625
each agent reward: 252303.265625
Episode 404 return: -496473.34375
Episode: 404, total reward: 252504.765625
each agent reward: 252504.765625
Episode 405 return: -512914.21875
Episode: 405, total reward: 252504.765625
each agent reward: 252504.765625
Episode 406 return: -589853.1875
Episode: 406, total reward: 252510.8125
each agent reward: 252510.8125
Episode 407 return: -480114.25
Episode: 407, total reward: 252621.03125
each agent reward: 252621.03125
Episode 408 return: -607406.125
Episode: 408, total reward: 254728.3125
each agent reward: 254728.3125
Episode 409 return: -553131.4375
Episode: 409, total reward: 260103.09375
each agent reward: 260103.09375
Episode 410 return: -560440.0
Episode: 410, total reward: 260103.09375
each agent reward: 260103.09375
Episode 411 return: -509275.9375
Episode: 411, total reward: 260902.21875
each agent reward: 260902.21875
Episode 412 return: -576734.125
Episode: 412, total reward: 258842.921875
each agent reward: 258842.921875
Episode 413 return: -507725.40625
Episode: 413, total reward: 259666.234375
each agent reward: 259666.234375
Episode 414 return: -555614.125
Episode: 414, total reward: 259673.796875
each agent reward: 259673.796875
Episode 415 return: -564219.75
Episode: 415, total reward: 259673.796875
each agent reward: 259673.796875
Episode 416 return: -565705.4375
Episode: 416, total reward: 260368.734375
each agent reward: 260368.734375
Episode 417 return: -527771.25
Episode: 417, total reward: 259957.859375
each agent reward: 259957.859375
Episode 418 return: -506701.3125
Episode: 418, total reward: 260368.71875
each agent reward: 260368.71875
Episode 419 return: -533707.3125
Episode: 419, total reward: 256449.171875
each agent reward: 256449.171875
Episode 420 return: -556018.0
Episode: 420, total reward: 256449.171875
each agent reward: 256449.171875
Episode 421 return: -576669.4375
Episode: 421, total reward: 254641.71875
each agent reward: 254641.71875
Episode 422 return: -587232.5
Episode: 422, total reward: 254338.296875
each agent reward: 254338.296875
Episode 423 return: -546915.5
Episode: 423, total reward: 252354.5625
each agent reward: 252354.5625
Episode 424 return: -507095.90625
Episode: 424, total reward: 261683.09375
each agent reward: 261683.09375
Episode 425 return: -574182.1875
Episode: 425, total reward: 261683.09375
each agent reward: 261683.09375
Episode 426 return: -544837.625
Episode: 426, total reward: 261960.75
each agent reward: 261960.75
Episode 427 return: -586372.1875
Episode: 427, total reward: 265547.875
each agent reward: 265547.875
Episode 428 return: -486733.1875
Episode: 428, total reward: 268185.4375
each agent reward: 268185.4375
Episode 429 return: -518375.21875
Episode: 429, total reward: 260290.09375
each agent reward: 260290.09375
Episode 430 return: -561828.4375
Episode: 430, total reward: 260290.09375
each agent reward: 260290.09375
Episode 431 return: -489349.96875
Episode: 431, total reward: 260962.84375
each agent reward: 260962.84375
Episode 432 return: -557217.625
Episode: 432, total reward: 262041.546875
each agent reward: 262041.546875
Episode 433 return: -531933.125
Episode: 433, total reward: 261326.484375
each agent reward: 261326.484375
Episode 434 return: -587484.5625
Episode: 434, total reward: 256708.140625
each agent reward: 256708.140625
Episode 435 return: -543569.875
Episode: 435, total reward: 256708.140625
each agent reward: 256708.140625
Episode 436 return: -512679.40625
Episode: 436, total reward: 253573.484375
each agent reward: 253573.484375
Episode 437 return: -557526.5625
Episode: 437, total reward: 252560.640625
each agent reward: 252560.640625
Episode 438 return: -565513.25
Episode: 438, total reward: 249671.390625
each agent reward: 249671.390625
Episode 439 return: -510886.40625
Episode: 439, total reward: 249062.484375
each agent reward: 249062.484375
Episode 440 return: -537707.0
Episode: 440, total reward: 249062.484375
each agent reward: 249062.484375
Episode 441 return: -515459.15625
Episode: 441, total reward: 248024.0625
each agent reward: 248024.0625
Episode 442 return: -466241.0
Episode: 442, total reward: 247699.765625
each agent reward: 247699.765625
Episode 443 return: -546254.25
Episode: 443, total reward: 247914.796875
each agent reward: 247914.796875
Episode 444 return: -487575.0625
Episode: 444, total reward: 248372.640625
each agent reward: 248372.640625
Episode 445 return: -548320.9375
Episode: 445, total reward: 248372.640625
each agent reward: 248372.640625
Episode 446 return: -507873.625
Episode: 446, total reward: 249795.78125
each agent reward: 249795.78125
Episode 447 return: -477807.59375
Episode: 447, total reward: 249936.71875
each agent reward: 249936.71875
Episode 448 return: -505815.625
Episode: 448, total reward: 249659.125
each agent reward: 249659.125
Episode 449 return: -455987.53125
Episode: 449, total reward: 248884.328125
each agent reward: 248884.328125
Episode 450 return: -493761.90625
Episode: 450, total reward: 248884.328125
each agent reward: 248884.328125
Episode 451 return: -531101.1875
Episode: 451, total reward: 246732.5
each agent reward: 246732.5
Episode 452 return: -458725.71875
Episode: 452, total reward: 245584.046875
each agent reward: 245584.046875
Episode 453 return: -448856.59375
Episode: 453, total reward: 244226.203125
each agent reward: 244226.203125
Episode 454 return: -479000.875
Episode: 454, total reward: 244226.203125
each agent reward: 244226.203125
Episode 455 return: -454635.34375
Episode: 455, total reward: 244226.203125
each agent reward: 244226.203125
Episode 456 return: -485336.8125
Episode: 456, total reward: 245584.046875
each agent reward: 245584.046875
Episode 457 return: -457849.375
Episode: 457, total reward: 246171.21875
each agent reward: 246171.21875
Episode 458 return: -497573.90625
Episode: 458, total reward: 246171.21875
each agent reward: 246171.21875
Episode 459 return: -518387.21875
Episode: 459, total reward: 246732.5
each agent reward: 246732.5
Episode 460 return: -507608.0625
Episode: 460, total reward: 246732.5
each agent reward: 246732.5
Episode 461 return: -555826.4375
Episode: 461, total reward: 246130.078125
each agent reward: 246130.078125
Episode 462 return: -551931.5625
Episode: 462, total reward: 248764.671875
each agent reward: 248764.671875
Episode 463 return: -534927.4375
Episode: 463, total reward: 249014.0625
each agent reward: 249014.0625
Episode 464 return: -505679.25
Episode: 464, total reward: 251204.765625
each agent reward: 251204.765625
Episode 465 return: -585685.5
Episode: 465, total reward: 251204.765625
each agent reward: 251204.765625
Episode 466 return: -555999.25
Episode: 466, total reward: 251479.171875
each agent reward: 251479.171875
Episode 467 return: -514217.625
Episode: 467, total reward: 254120.34375
each agent reward: 254120.34375
Episode 468 return: -571814.3125
Episode: 468, total reward: 251515.5
each agent reward: 251515.5
Episode 469 return: -592061.5625
Episode: 469, total reward: 249473.5625
each agent reward: 249473.5625
Episode 470 return: -564778.625
Episode: 470, total reward: 249473.5625
each agent reward: 249473.5625
Episode 471 return: -548924.1875
Episode: 471, total reward: 249130.6875
each agent reward: 249130.6875
Episode 472 return: -565045.5
Episode: 472, total reward: 248408.84375
each agent reward: 248408.84375
Episode 473 return: -548343.875
Episode: 473, total reward: 248700.53125
each agent reward: 248700.53125
Episode 474 return: -639954.375
Episode: 474, total reward: 252578.6875
each agent reward: 252578.6875
Episode 475 return: -653461.0
Episode: 475, total reward: 252578.6875
each agent reward: 252578.6875
Episode 476 return: -631626.0625
Episode: 476, total reward: 256466.8125
each agent reward: 256466.8125
Episode 477 return: -621463.3125
Episode: 477, total reward: 257596.515625
each agent reward: 257596.515625
Episode 478 return: -700489.4375
Episode: 478, total reward: 256847.171875
each agent reward: 256847.171875
Episode 479 return: -595984.75
Episode: 479, total reward: 255854.828125
each agent reward: 255854.828125
Episode 480 return: -570211.75
Episode: 480, total reward: 255854.828125
each agent reward: 255854.828125
Episode 481 return: -657770.5
Episode: 481, total reward: 257161.140625
each agent reward: 257161.140625
Episode 482 return: -609369.0625
Episode: 482, total reward: 262428.5625
each agent reward: 262428.5625
Episode 483 return: -641187.25
Episode: 483, total reward: 261097.0625
each agent reward: 261097.0625
Episode 484 return: -681480.6875
Episode: 484, total reward: 258616.125
each agent reward: 258616.125
Episode 485 return: -644759.8125
Episode: 485, total reward: 258616.125
each agent reward: 258616.125
Episode 486 return: -652806.5
Episode: 486, total reward: 253896.109375
each agent reward: 253896.109375
Episode 487 return: -707086.75
Episode: 487, total reward: 250603.21875
each agent reward: 250603.21875
Episode 488 return: -664354.75
Episode: 488, total reward: 248390.734375
each agent reward: 248390.734375
Episode 489 return: -682942.0625
Episode: 489, total reward: 252025.03125
each agent reward: 252025.03125
Episode 490 return: -703750.0
Episode: 490, total reward: 252025.03125
each agent reward: 252025.03125
Episode 491 return: -659605.9375
Episode: 491, total reward: 255649.46875
each agent reward: 255649.46875
Episode 492 return: -676837.6875
Episode: 492, total reward: 254529.671875
each agent reward: 254529.671875
Episode 493 return: -774326.3125
Episode: 493, total reward: 250746.640625
each agent reward: 250746.640625
Episode 494 return: -698744.5625
Episode: 494, total reward: 249610.8125
each agent reward: 249610.8125
Episode 495 return: -602598.25
Episode: 495, total reward: 249610.8125
each agent reward: 249610.8125
Episode 496 return: -607011.125
Episode: 496, total reward: 249156.78125
each agent reward: 249156.78125
Episode 497 return: -575682.5625
Episode: 497, total reward: 249284.625
each agent reward: 249284.625
Episode 498 return: -584502.9375
Episode: 498, total reward: 250564.796875
each agent reward: 250564.796875
Episode 499 return: -550118.0625
Episode: 499, total reward: 252189.890625
each agent reward: 252189.890625
