Episode: -1, total reward: 10253825.0
each agent reward: 10253825.0
Episode: 1, total reward: 10253825.0
each agent reward: 10253825.0
Episode 0 return: -10269525.0
Episode: 0, total reward: 10253825.0
each agent reward: 10253825.0
Episode 1 return: -10571200.0
Episode: 1, total reward: 10253825.0
each agent reward: 10253825.0
Episode 2 return: -10549473.0
Episode: 2, total reward: 10253825.0
each agent reward: 10253825.0
Episode 3 return: -10052813.0
Episode: 3, total reward: 10253825.0
each agent reward: 10253825.0
Episode 4 return: -10354531.0
Episode: 4, total reward: 10253825.0
each agent reward: 10253825.0
Episode 5 return: -10848800.0
Episode: 5, total reward: 10253825.0
each agent reward: 10253825.0
Episode 6 return: -10445231.0
Episode: 6, total reward: 10253825.0
each agent reward: 10253825.0
Episode 7 return: -10368371.0
Episode: 7, total reward: 10253825.0
each agent reward: 10253825.0
Episode 8 return: -10248728.0
Episode: 8, total reward: 10253825.0
each agent reward: 10253825.0
Episode 9 return: -10285155.0
Episode: 9, total reward: 10253825.0
each agent reward: 10253825.0
Episode 10 return: -10476233.0
Episode: 10, total reward: 10253825.0
each agent reward: 10253825.0
Episode 11 return: -10500859.0
Episode: 11, total reward: 10253825.0
each agent reward: 10253825.0
Episode 12 return: -10989604.0
Episode: 12, total reward: 10877835.0
each agent reward: 10877835.0
Episode 13 return: -11055486.0
Episode: 13, total reward: 10877524.0
each agent reward: 10877524.0
Episode 14 return: -10758121.0
Episode: 14, total reward: 10877835.0
each agent reward: 10877835.0
Episode 15 return: -11476906.0
Episode: 15, total reward: 10878472.0
each agent reward: 10878472.0
Episode 16 return: -11306575.0
Episode: 16, total reward: 10877685.0
each agent reward: 10877685.0
Episode 17 return: -11032474.0
Episode: 17, total reward: 10878615.0
each agent reward: 10878615.0
Episode 18 return: -10987711.0
Episode: 18, total reward: 10877685.0
each agent reward: 10877685.0
Episode 19 return: -10708649.0
Episode: 19, total reward: 10879305.0
each agent reward: 10879305.0
Episode 20 return: -11366737.0
Episode: 20, total reward: 10827099.0
each agent reward: 10827099.0
Episode 21 return: -11844680.0
Episode: 21, total reward: 10826964.0
each agent reward: 10826964.0
Episode 22 return: -11100762.0
Episode: 22, total reward: 10855870.0
each agent reward: 10855870.0
Episode 23 return: -11334359.0
Episode: 23, total reward: 10885048.0
each agent reward: 10885048.0
Episode 24 return: -10580844.0
Episode: 24, total reward: 10784389.0
each agent reward: 10784389.0
Episode 25 return: -10931985.0
Episode: 25, total reward: 10784389.0
each agent reward: 10784389.0
Episode 26 return: -11412963.0
Episode: 26, total reward: 10712569.0
each agent reward: 10712569.0
Episode 27 return: -10915602.0
Episode: 27, total reward: 10662007.0
each agent reward: 10662007.0
Episode 28 return: -10969997.0
Episode: 28, total reward: 10687763.0
each agent reward: 10687763.0
Episode 29 return: -10974172.0
Episode: 29, total reward: 10632377.0
each agent reward: 10632377.0
Episode 30 return: -11890691.0
Episode: 30, total reward: 10715037.0
each agent reward: 10715037.0
Episode 31 return: -10767982.0
Episode: 31, total reward: 10718810.0
each agent reward: 10718810.0
Episode 32 return: -10784314.0
Episode: 32, total reward: 10638509.0
each agent reward: 10638509.0
Episode 33 return: -10695002.0
Episode: 33, total reward: 10722068.0
each agent reward: 10722068.0
Episode 34 return: -11043598.0
Episode: 34, total reward: 10853696.0
each agent reward: 10853696.0
Episode 35 return: -10597176.0
Episode: 35, total reward: 10877744.0
each agent reward: 10877744.0
Episode 36 return: -11003195.0
Episode: 36, total reward: 10881399.0
each agent reward: 10881399.0
Episode 37 return: -9863204.0
Episode: 37, total reward: 10827383.0
each agent reward: 10827383.0
Episode 38 return: -10486943.0
Episode: 38, total reward: 10854903.0
each agent reward: 10854903.0
Episode 39 return: -9811114.0
Episode: 39, total reward: 10941314.0
each agent reward: 10941314.0
Episode 40 return: -10227576.0
Episode: 40, total reward: 10858973.0
each agent reward: 10858973.0
Episode 41 return: -10801863.0
Episode: 41, total reward: 10863304.0
each agent reward: 10863304.0
Episode 42 return: -10027447.0
Episode: 42, total reward: 10808081.0
each agent reward: 10808081.0
Episode 43 return: -9950568.0
Episode: 43, total reward: 10821672.0
each agent reward: 10821672.0
Episode 44 return: -11069506.0
Episode: 44, total reward: 10669359.0
each agent reward: 10669359.0
Episode 45 return: -10085377.0
Episode: 45, total reward: 10861292.0
each agent reward: 10861292.0
Episode 46 return: -9966604.0
Episode: 46, total reward: 10825992.0
each agent reward: 10825992.0
Episode 47 return: -10436007.0
Episode: 47, total reward: 10632472.0
each agent reward: 10632472.0
Episode 48 return: -9688327.0
Episode: 48, total reward: 10632118.0
each agent reward: 10632118.0
Episode 49 return: -10218720.0
Episode: 49, total reward: 10661350.0
each agent reward: 10661350.0
Episode 50 return: -8821467.0
Episode: 50, total reward: 10661350.0
each agent reward: 10661350.0
Episode 51 return: -10126715.0
Episode: 51, total reward: 10657894.0
each agent reward: 10657894.0
Episode 52 return: -9717290.0
Episode: 52, total reward: 10651137.0
each agent reward: 10651137.0
Episode 53 return: -9871375.0
Episode: 53, total reward: 10560503.0
each agent reward: 10560503.0
Episode 54 return: -9520692.0
Episode: 54, total reward: 10476095.0
each agent reward: 10476095.0
Episode 55 return: -10521134.0
Episode: 55, total reward: 10398626.0
each agent reward: 10398626.0
Episode 56 return: -9616047.0
Episode: 56, total reward: 10359601.0
each agent reward: 10359601.0
Episode 57 return: -9993738.0
Episode: 57, total reward: 10139262.0
each agent reward: 10139262.0
Episode 58 return: -9912929.0
Episode: 58, total reward: 9835592.0
each agent reward: 9835592.0
Episode 59 return: -9829773.0
Episode: 59, total reward: 9901124.0
each agent reward: 9901124.0
Episode 60 return: -10112999.0
Episode: 60, total reward: 9717557.0
each agent reward: 9717557.0
Episode 61 return: -9399617.0
Episode: 61, total reward: 9543274.0
each agent reward: 9543274.0
Episode 62 return: -10291143.0
Episode: 62, total reward: 9599579.0
each agent reward: 9599579.0
Episode 63 return: -9869775.0
Episode: 63, total reward: 9505329.0
each agent reward: 9505329.0
Episode 64 return: -9548949.0
Episode: 64, total reward: 9525794.0
each agent reward: 9525794.0
Episode 65 return: -9978009.0
Episode: 65, total reward: 9418148.0
each agent reward: 9418148.0
Episode 66 return: -9539738.0
Episode: 66, total reward: 8821723.0
each agent reward: 8821723.0
Episode 67 return: -10243089.0
Episode: 67, total reward: 8553153.0
each agent reward: 8553153.0
Episode 68 return: -9789346.0
Episode: 68, total reward: 8351820.5
each agent reward: 8351820.5
Episode 69 return: -9470862.0
Episode: 69, total reward: 8402778.0
each agent reward: 8402778.0
Episode 70 return: -9842394.0
Episode: 70, total reward: 8473846.0
each agent reward: 8473846.0
Episode 71 return: -9486739.0
Episode: 71, total reward: 8179792.5
each agent reward: 8179792.5
Episode 72 return: -9433396.0
Episode: 72, total reward: 8393259.0
each agent reward: 8393259.0
Episode 73 return: -9579353.0
Episode: 73, total reward: 8217831.5
each agent reward: 8217831.5
Episode 74 return: -9517046.0
Episode: 74, total reward: 8105786.5
each agent reward: 8105786.5
Episode 75 return: -10050231.0
Episode: 75, total reward: 8105786.5
each agent reward: 8105786.5
Episode 76 return: -9946579.0
Episode: 76, total reward: 8079277.0
each agent reward: 8079277.0
Episode 77 return: -9618573.0
Episode: 77, total reward: 7911806.0
each agent reward: 7911806.0
Episode 78 return: -9882846.0
Episode: 78, total reward: 8023222.5
each agent reward: 8023222.5
Episode 79 return: -9587978.0
Episode: 79, total reward: 8075618.0
each agent reward: 8075618.0
Episode 80 return: -9294021.0
Episode: 80, total reward: 8097548.0
each agent reward: 8097548.0
Episode 81 return: -9596240.0
Episode: 81, total reward: 7901956.0
each agent reward: 7901956.0
Episode 82 return: -9741339.0
Episode: 82, total reward: 7628767.5
each agent reward: 7628767.5
Episode 83 return: -8911560.0
Episode: 83, total reward: 7717576.0
each agent reward: 7717576.0
Episode 84 return: -9377348.0
Episode: 84, total reward: 7604363.0
each agent reward: 7604363.0
Episode 85 return: -9496522.0
Episode: 85, total reward: 7294512.0
each agent reward: 7294512.0
Episode 86 return: -9392824.0
Episode: 86, total reward: 7016752.0
each agent reward: 7016752.0
Episode 87 return: -9842901.0
Episode: 87, total reward: 6717100.5
each agent reward: 6717100.5
Episode 88 return: -9255990.0
Episode: 88, total reward: 6786719.5
each agent reward: 6786719.5
Episode 89 return: -9317377.0
Episode: 89, total reward: 6557829.0
each agent reward: 6557829.0
Episode 90 return: -9885198.0
Episode: 90, total reward: 6360823.0
each agent reward: 6360823.0
Episode 91 return: -9356337.0
Episode: 91, total reward: 6310905.5
each agent reward: 6310905.5
Episode 92 return: -9244295.0
Episode: 92, total reward: 6145730.0
each agent reward: 6145730.0
Episode 93 return: -9064192.0
Episode: 93, total reward: 6082152.5
each agent reward: 6082152.5
Episode 94 return: -9737879.0
Episode: 94, total reward: 6113208.0
each agent reward: 6113208.0
Episode 95 return: -10121912.0
Episode: 95, total reward: 6140228.5
each agent reward: 6140228.5
Episode 96 return: -9703748.0
Episode: 96, total reward: 6112869.0
each agent reward: 6112869.0
Episode 97 return: -9426899.0
Episode: 97, total reward: 5891087.5
each agent reward: 5891087.5
Episode 98 return: -9514158.0
Episode: 98, total reward: 6089529.0
each agent reward: 6089529.0
Episode 99 return: -9783356.0
Episode: 99, total reward: 6291962.0
each agent reward: 6291962.0
Episode 100 return: -9588895.0
Episode: 100, total reward: 6291962.0
each agent reward: 6291962.0
Episode 101 return: -8948482.0
Episode: 101, total reward: 6381089.5
each agent reward: 6381089.5
Episode 102 return: -9061343.0
Episode: 102, total reward: 6586646.5
each agent reward: 6586646.5
Episode 103 return: -9705933.0
Episode: 103, total reward: 6538987.0
each agent reward: 6538987.0
Episode 104 return: -8734879.0
Episode: 104, total reward: 6783446.0
each agent reward: 6783446.0
Episode 105 return: -10095650.0
Episode: 105, total reward: 6926480.5
each agent reward: 6926480.5
Episode 106 return: -9401585.0
Episode: 106, total reward: 6635911.0
each agent reward: 6635911.0
Episode 107 return: -9418277.0
Episode: 107, total reward: 6657703.5
each agent reward: 6657703.5
Episode 108 return: -9387057.0
Episode: 108, total reward: 6485961.5
each agent reward: 6485961.5
Episode 109 return: -9691916.0
Episode: 109, total reward: 6298662.5
each agent reward: 6298662.5
Episode 110 return: -9176864.0
Episode: 110, total reward: 6141714.5
each agent reward: 6141714.5
Episode 111 return: -9473169.0
Episode: 111, total reward: 6318940.0
each agent reward: 6318940.0
Episode 112 return: -9182715.0
Episode: 112, total reward: 6185927.5
each agent reward: 6185927.5
Episode 113 return: -9916606.0
Episode: 113, total reward: 6140689.0
each agent reward: 6140689.0
Episode 114 return: -9731441.0
Episode: 114, total reward: 6104911.5
each agent reward: 6104911.5
Episode 115 return: -9000888.0
Episode: 115, total reward: 6139060.5
each agent reward: 6139060.5
Episode 116 return: -9592309.0
Episode: 116, total reward: 6086436.5
each agent reward: 6086436.5
Episode 117 return: -9528785.0
Episode: 117, total reward: 6244444.5
each agent reward: 6244444.5
Episode 118 return: -9161087.0
Episode: 118, total reward: 6357342.5
each agent reward: 6357342.5
Episode 119 return: -9604807.0
Episode: 119, total reward: 6351087.5
each agent reward: 6351087.5
Episode 120 return: -8946477.0
Episode: 120, total reward: 6403679.5
each agent reward: 6403679.5
Episode 121 return: -9637571.0
Episode: 121, total reward: 6263298.5
each agent reward: 6263298.5
Episode 122 return: -10189523.0
Episode: 122, total reward: 6249390.0
each agent reward: 6249390.0
Episode 123 return: -9398903.0
Episode: 123, total reward: 6052526.5
each agent reward: 6052526.5
Episode 124 return: -9242710.0
Episode: 124, total reward: 6095422.0
each agent reward: 6095422.0
Episode 125 return: -9587692.0
Episode: 125, total reward: 6095422.0
each agent reward: 6095422.0
Episode 126 return: -9179259.0
Episode: 126, total reward: 6168324.0
each agent reward: 6168324.0
Episode 127 return: -9415452.0
Episode: 127, total reward: 6293673.0
each agent reward: 6293673.0
Episode 128 return: -9812891.0
Episode: 128, total reward: 6355153.5
each agent reward: 6355153.5
Episode 129 return: -9704789.0
Episode: 129, total reward: 6421345.5
each agent reward: 6421345.5
Episode 130 return: -8915917.0
Episode: 130, total reward: 6329263.5
each agent reward: 6329263.5
Episode 131 return: -9002404.0
Episode: 131, total reward: 6520324.5
each agent reward: 6520324.5
Episode 132 return: -9277938.0
Episode: 132, total reward: 6607121.0
each agent reward: 6607121.0
Episode 133 return: -9553767.0
Episode: 133, total reward: 6517851.5
each agent reward: 6517851.5
Episode 134 return: -9515808.0
Episode: 134, total reward: 6479375.0
each agent reward: 6479375.0
Episode 135 return: -9330902.0
Episode: 135, total reward: 6213814.5
each agent reward: 6213814.5
Episode 136 return: -9907152.0
Episode: 136, total reward: 5947294.5
each agent reward: 5947294.5
Episode 137 return: -9321415.0
Episode: 137, total reward: 5912382.0
each agent reward: 5912382.0
Episode 138 return: -9086735.0
Episode: 138, total reward: 5889354.0
each agent reward: 5889354.0
Episode 139 return: -9516608.0
Episode: 139, total reward: 5889592.0
each agent reward: 5889592.0
Episode 140 return: -9929519.0
Episode: 140, total reward: 5517576.5
each agent reward: 5517576.5
Episode 141 return: -8840953.0
Episode: 141, total reward: 5338781.5
each agent reward: 5338781.5
Episode 142 return: -9608948.0
Episode: 142, total reward: 5225837.0
each agent reward: 5225837.0
Episode 143 return: -9147353.0
Episode: 143, total reward: 5152965.0
each agent reward: 5152965.0
Episode 144 return: -9209227.0
Episode: 144, total reward: 5084980.5
each agent reward: 5084980.5
Episode 145 return: -8528313.0
Episode: 145, total reward: 5063322.5
each agent reward: 5063322.5
Episode 146 return: -9263252.0
Episode: 146, total reward: 5150079.0
each agent reward: 5150079.0
Episode 147 return: -9406418.0
Episode: 147, total reward: 4988615.0
each agent reward: 4988615.0
Episode 148 return: -8756514.0
Episode: 148, total reward: 4928351.5
each agent reward: 4928351.5
Episode 149 return: -9220241.0
Episode: 149, total reward: 4877276.0
each agent reward: 4877276.0
Episode 150 return: -8982786.0
Episode: 150, total reward: 4877276.0
each agent reward: 4877276.0
Episode 151 return: -9181010.0
Episode: 151, total reward: 4811823.5
each agent reward: 4811823.5
Episode 152 return: -9324621.0
Episode: 152, total reward: 4752115.5
each agent reward: 4752115.5
Episode 153 return: -9068227.0
Episode: 153, total reward: 4620333.0
each agent reward: 4620333.0
Episode 154 return: -9136216.0
Episode: 154, total reward: 4420430.0
each agent reward: 4420430.0
Episode 155 return: -8589998.0
Episode: 155, total reward: 4278379.5
each agent reward: 4278379.5
Episode 156 return: -9464982.0
Episode: 156, total reward: 4193477.5
each agent reward: 4193477.5
Episode 157 return: -8905525.0
Episode: 157, total reward: 3948400.5
each agent reward: 3948400.5
Episode 158 return: -9071869.0
Episode: 158, total reward: 3843629.75
each agent reward: 3843629.75
Episode 159 return: -8814861.0
Episode: 159, total reward: 3651455.25
each agent reward: 3651455.25
Episode 160 return: -8773528.0
Episode: 160, total reward: 3588139.0
each agent reward: 3588139.0
Episode 161 return: -8261213.0
Episode: 161, total reward: 3669835.25
each agent reward: 3669835.25
Episode 162 return: -9186665.0
Episode: 162, total reward: 3607762.75
each agent reward: 3607762.75
Episode 163 return: -8589897.0
Episode: 163, total reward: 3493457.0
each agent reward: 3493457.0
Episode 164 return: -8930739.0
Episode: 164, total reward: 3756180.25
each agent reward: 3756180.25
Episode 165 return: -8473271.0
Episode: 165, total reward: 3797867.5
each agent reward: 3797867.5
Episode 166 return: -8845793.0
Episode: 166, total reward: 3711392.25
each agent reward: 3711392.25
Episode 167 return: -8859050.0
Episode: 167, total reward: 3818479.25
each agent reward: 3818479.25
Episode 168 return: -8135842.5
Episode: 168, total reward: 3776401.75
each agent reward: 3776401.75
Episode 169 return: -8399526.0
Episode: 169, total reward: 3807020.0
each agent reward: 3807020.0
Episode 170 return: -8581758.0
Episode: 170, total reward: 4084280.5
each agent reward: 4084280.5
Episode 171 return: -8827972.0
Episode: 171, total reward: 4052679.25
each agent reward: 4052679.25
Episode 172 return: -9492848.0
Episode: 172, total reward: 4059389.25
each agent reward: 4059389.25
Episode 173 return: -9788634.0
Episode: 173, total reward: 3916549.5
each agent reward: 3916549.5
Episode 174 return: -8463997.0
Episode: 174, total reward: 3781496.75
each agent reward: 3781496.75
Episode 175 return: -8344686.0
Episode: 175, total reward: 3781496.75
each agent reward: 3781496.75
Episode 176 return: -9623895.0
Episode: 176, total reward: 3723168.75
each agent reward: 3723168.75
Episode 177 return: -9948310.0
Episode: 177, total reward: 3549749.75
each agent reward: 3549749.75
Episode 178 return: -8874739.0
Episode: 178, total reward: 3580696.0
each agent reward: 3580696.0
Episode 179 return: -9082914.0
Episode: 179, total reward: 3472636.25
each agent reward: 3472636.25
Episode 180 return: -8794629.0
Episode: 180, total reward: 3589121.75
each agent reward: 3589121.75
Episode 181 return: -8624183.0
Episode: 181, total reward: 3643628.25
each agent reward: 3643628.25
Episode 182 return: -9161443.0
Episode: 182, total reward: 3699338.5
each agent reward: 3699338.5
Episode 183 return: -9721594.0
Episode: 183, total reward: 3585899.0
each agent reward: 3585899.0
Episode 184 return: -8753336.0
Episode: 184, total reward: 3645629.25
each agent reward: 3645629.25
Episode 185 return: -9403831.0
Episode: 185, total reward: 3581844.25
each agent reward: 3581844.25
Episode 186 return: -9317154.0
Episode: 186, total reward: 3635967.25
each agent reward: 3635967.25
Episode 187 return: -9512194.0
Episode: 187, total reward: 3647491.75
each agent reward: 3647491.75
Episode 188 return: -8748202.0
Episode: 188, total reward: 3707630.5
each agent reward: 3707630.5
Episode 189 return: -8963437.0
Episode: 189, total reward: 3765922.5
each agent reward: 3765922.5
Episode 190 return: -9687212.0
Episode: 190, total reward: 3877085.5
each agent reward: 3877085.5
Episode 191 return: -8893647.0
Episode: 191, total reward: 3828711.75
each agent reward: 3828711.75
Episode 192 return: -9778776.0
Episode: 192, total reward: 3802336.25
each agent reward: 3802336.25
Episode 193 return: -8229481.5
Episode: 193, total reward: 3797125.0
each agent reward: 3797125.0
Episode 194 return: -8817864.0
Episode: 194, total reward: 3838404.0
each agent reward: 3838404.0
Episode 195 return: -8431763.0
Episode: 195, total reward: 3925640.75
each agent reward: 3925640.75
Episode 196 return: -9653220.0
Episode: 196, total reward: 3893225.0
each agent reward: 3893225.0
Episode 197 return: -9037213.0
Episode: 197, total reward: 3896582.0
each agent reward: 3896582.0
Episode 198 return: -8649847.0
Episode: 198, total reward: 3776000.0
each agent reward: 3776000.0
Episode 199 return: -8411268.0
Episode: 199, total reward: 3762081.75
each agent reward: 3762081.75
Episode 200 return: -9326523.0
Episode: 200, total reward: 3762081.75
each agent reward: 3762081.75
Episode 201 return: -8388866.0
Episode: 201, total reward: 3665089.5
each agent reward: 3665089.5
Episode 202 return: -8103676.5
Episode: 202, total reward: 3599285.75
each agent reward: 3599285.75
Episode 203 return: -8645148.0
Episode: 203, total reward: 3532438.25
each agent reward: 3532438.25
Episode 204 return: -9035085.0
Episode: 204, total reward: 3589092.25
each agent reward: 3589092.25
Episode 205 return: -8746927.0
Episode: 205, total reward: 3532133.5
each agent reward: 3532133.5
Episode 206 return: -8821021.0
Episode: 206, total reward: 3446548.75
each agent reward: 3446548.75
Episode 207 return: -8705850.0
Episode: 207, total reward: 3332098.5
each agent reward: 3332098.5
Episode 208 return: -8416137.0
Episode: 208, total reward: 3280514.25
each agent reward: 3280514.25
Episode 209 return: -9181705.0
Episode: 209, total reward: 3263140.75
each agent reward: 3263140.75
Episode 210 return: -8739833.0
Episode: 210, total reward: 3285485.5
each agent reward: 3285485.5
Episode 211 return: -8704890.0
Episode: 211, total reward: 3257751.5
each agent reward: 3257751.5
Episode 212 return: -8623484.0
Episode: 212, total reward: 3201025.0
each agent reward: 3201025.0
Episode 213 return: -8094361.5
Episode: 213, total reward: 3173469.0
each agent reward: 3173469.0
Episode 214 return: -8448967.0
Episode: 214, total reward: 3173990.25
each agent reward: 3173990.25
Episode 215 return: -8501040.0
Episode: 215, total reward: 3165661.75
each agent reward: 3165661.75
Episode 216 return: -8685063.0
Episode: 216, total reward: 3135522.75
each agent reward: 3135522.75
Episode 217 return: -8528744.0
Episode: 217, total reward: 3137039.25
each agent reward: 3137039.25
Episode 218 return: -9415596.0
Episode: 218, total reward: 3186957.5
each agent reward: 3186957.5
Episode 219 return: -8255022.0
Episode: 219, total reward: 3182171.5
each agent reward: 3182171.5
Episode 220 return: -7966457.5
Episode: 220, total reward: 3155718.0
each agent reward: 3155718.0
Episode 221 return: -8172329.5
Episode: 221, total reward: 3139285.5
each agent reward: 3139285.5
Episode 222 return: -9151749.0
Episode: 222, total reward: 3147448.0
each agent reward: 3147448.0
Episode 223 return: -8266186.5
Episode: 223, total reward: 3147962.0
each agent reward: 3147962.0
Episode 224 return: -8356732.0
Episode: 224, total reward: 3145834.5
each agent reward: 3145834.5
Episode 225 return: -8201591.5
Episode: 225, total reward: 3145834.5
each agent reward: 3145834.5
Episode 226 return: -7958856.0
Episode: 226, total reward: 3154718.5
each agent reward: 3154718.5
Episode 227 return: -8340954.0
Episode: 227, total reward: 3155592.0
each agent reward: 3155592.0
Episode 228 return: -8508075.0
Episode: 228, total reward: 3158769.5
each agent reward: 3158769.5
Episode 229 return: -8435039.0
Episode: 229, total reward: 3161114.25
each agent reward: 3161114.25
Episode 230 return: -8663416.0
Episode: 230, total reward: 3131087.25
each agent reward: 3131087.25
Episode 231 return: -8753061.0
Episode: 231, total reward: 3128081.75
each agent reward: 3128081.75
Episode 232 return: -8457133.0
Episode: 232, total reward: 3125705.75
each agent reward: 3125705.75
Episode 233 return: -8264943.5
Episode: 233, total reward: 3133636.25
each agent reward: 3133636.25
Episode 234 return: -8600389.0
Episode: 234, total reward: 3123265.75
each agent reward: 3123265.75
Episode 235 return: -8933959.0
Episode: 235, total reward: 3110807.25
each agent reward: 3110807.25
Episode 236 return: -8262461.5
Episode: 236, total reward: 3104812.5
each agent reward: 3104812.5
Episode 237 return: -8718958.0
Episode: 237, total reward: 3110015.0
each agent reward: 3110015.0
Episode 238 return: -8652246.0
Episode: 238, total reward: 3115957.75
each agent reward: 3115957.75
Episode 239 return: -8231678.5
Episode: 239, total reward: 3095201.0
each agent reward: 3095201.0
Episode 240 return: -8503342.0
Episode: 240, total reward: 3096427.0
each agent reward: 3096427.0
Episode 241 return: -8337606.5
Episode: 241, total reward: 3098920.25
each agent reward: 3098920.25
Episode 242 return: -8815693.0
Episode: 242, total reward: 3161716.25
each agent reward: 3161716.25
Episode 243 return: -8443550.0
Episode: 243, total reward: 3283550.75
each agent reward: 3283550.75
Episode 244 return: -8567126.0
Episode: 244, total reward: 3317372.75
each agent reward: 3317372.75
Episode 245 return: -8452881.0
Episode: 245, total reward: 3350206.25
each agent reward: 3350206.25
Episode 246 return: -7769930.0
Episode: 246, total reward: 3345785.0
each agent reward: 3345785.0
Episode 247 return: -8789510.0
Episode: 247, total reward: 3318429.75
each agent reward: 3318429.75
Episode 248 return: -8121284.5
Episode: 248, total reward: 3343736.0
each agent reward: 3343736.0
Episode 249 return: -7481977.5
Episode: 249, total reward: 3283954.5
each agent reward: 3283954.5
Episode 250 return: -8717785.0
Episode: 250, total reward: 3283954.5
each agent reward: 3283954.5
Episode 251 return: -8507203.0
Episode: 251, total reward: 3191696.75
each agent reward: 3191696.75
Episode 252 return: -8374867.5
Episode: 252, total reward: 3139877.0
each agent reward: 3139877.0
Episode 253 return: -7699396.0
Episode: 253, total reward: 3137368.0
each agent reward: 3137368.0
Episode 254 return: -7933718.0
Episode: 254, total reward: 3140855.25
each agent reward: 3140855.25
Episode 255 return: -8330963.0
Episode: 255, total reward: 3108326.0
each agent reward: 3108326.0
Episode 256 return: -8713124.0
Episode: 256, total reward: 3105202.5
each agent reward: 3105202.5
Episode 257 return: -8103183.0
Episode: 257, total reward: 3109652.0
each agent reward: 3109652.0
Episode 258 return: -7686977.5
Episode: 258, total reward: 3096163.5
each agent reward: 3096163.5
Episode 259 return: -7783582.5
Episode: 259, total reward: 3111616.25
each agent reward: 3111616.25
Episode 260 return: -7574061.0
Episode: 260, total reward: 3093553.75
each agent reward: 3093553.75
Episode 261 return: -7846960.0
Episode: 261, total reward: 3091139.25
each agent reward: 3091139.25
Episode 262 return: -8238686.0
Episode: 262, total reward: 3085791.75
each agent reward: 3085791.75
Episode 263 return: -7823311.5
Episode: 263, total reward: 3075350.0
each agent reward: 3075350.0
Episode 264 return: -8370023.5
Episode: 264, total reward: 3073908.0
each agent reward: 3073908.0
Episode 265 return: -7668712.0
Episode: 265, total reward: 3072614.25
each agent reward: 3072614.25
Episode 266 return: -7797863.0
Episode: 266, total reward: 3076958.25
each agent reward: 3076958.25
Episode 267 return: -8621383.0
Episode: 267, total reward: 3070344.75
each agent reward: 3070344.75
Episode 268 return: -8284919.5
Episode: 268, total reward: 3065527.75
each agent reward: 3065527.75
Episode 269 return: -7588995.5
Episode: 269, total reward: 3063950.75
each agent reward: 3063950.75
Episode 270 return: -7953755.0
Episode: 270, total reward: 3065827.75
each agent reward: 3065827.75
Episode 271 return: -8263254.0
Episode: 271, total reward: 3062857.75
each agent reward: 3062857.75
Episode 272 return: -7461936.5
Episode: 272, total reward: 3046920.25
each agent reward: 3046920.25
Episode 273 return: -7859018.5
Episode: 273, total reward: 3035776.25
each agent reward: 3035776.25
Episode 274 return: -7658551.5
Episode: 274, total reward: 3039624.25
each agent reward: 3039624.25
Episode 275 return: -8006417.5
Episode: 275, total reward: 3039624.25
each agent reward: 3039624.25
Episode 276 return: -7602239.0
Episode: 276, total reward: 3034803.5
each agent reward: 3034803.5
Episode 277 return: -8659012.0
Episode: 277, total reward: 3030182.5
each agent reward: 3030182.5
Episode 278 return: -7821762.0
Episode: 278, total reward: 3020940.75
each agent reward: 3020940.75
Episode 279 return: -7546486.0
Episode: 279, total reward: 3023500.0
each agent reward: 3023500.0
Episode 280 return: -7835110.5
Episode: 280, total reward: 3019584.75
each agent reward: 3019584.75
Episode 281 return: -8679349.0
Episode: 281, total reward: 3013643.5
each agent reward: 3013643.5
Episode 282 return: -7436359.5
Episode: 282, total reward: 3015248.25
each agent reward: 3015248.25
Episode 283 return: -7647701.5
Episode: 283, total reward: 3017808.25
each agent reward: 3017808.25
Episode 284 return: -7683471.0
Episode: 284, total reward: 3005097.5
each agent reward: 3005097.5
Episode 285 return: -7994639.5
Episode: 285, total reward: 3005834.75
each agent reward: 3005834.75
Episode 286 return: -7606693.0
Episode: 286, total reward: 3015079.0
each agent reward: 3015079.0
Episode 287 return: -7780174.5
Episode: 287, total reward: 3025825.75
each agent reward: 3025825.75
Episode 288 return: -7380247.5
Episode: 288, total reward: 3017924.0
each agent reward: 3017924.0
Episode 289 return: -7583301.0
Episode: 289, total reward: 3023272.75
each agent reward: 3023272.75
Episode 290 return: -7927978.0
Episode: 290, total reward: 3027616.5
each agent reward: 3027616.5
Episode 291 return: -7731402.0
Episode: 291, total reward: 3023784.0
each agent reward: 3023784.0
Episode 292 return: -7371843.5
Episode: 292, total reward: 3019688.5
each agent reward: 3019688.5
Episode 293 return: -7723920.5
Episode: 293, total reward: 3017449.0
each agent reward: 3017449.0
Episode 294 return: -7416656.0
Episode: 294, total reward: 3018188.75
each agent reward: 3018188.75
Episode 295 return: -7394897.5
Episode: 295, total reward: 3022880.75
each agent reward: 3022880.75
Episode 296 return: -7228090.0
Episode: 296, total reward: 3035467.5
each agent reward: 3035467.5
Episode 297 return: -7598302.0
Episode: 297, total reward: 3027621.5
each agent reward: 3027621.5
Episode 298 return: -7505386.0
Episode: 298, total reward: 3026117.5
each agent reward: 3026117.5
Episode 299 return: -7329009.5
Episode: 299, total reward: 3029529.0
each agent reward: 3029529.0
Episode 300 return: -7240669.0
Episode: 300, total reward: 3029529.0
each agent reward: 3029529.0
Episode 301 return: -7838308.5
Episode: 301, total reward: 3034908.0
each agent reward: 3034908.0
Episode 302 return: -7382031.0
Episode: 302, total reward: 3054954.75
each agent reward: 3054954.75
Episode 303 return: -7237572.0
Episode: 303, total reward: 3059119.0
each agent reward: 3059119.0
Episode 304 return: -7737369.0
Episode: 304, total reward: 3058336.25
each agent reward: 3058336.25
Episode 305 return: -7362841.0
Episode: 305, total reward: 3059505.5
each agent reward: 3059505.5
Episode 306 return: -7553105.5
Episode: 306, total reward: 3063532.25
each agent reward: 3063532.25
Episode 307 return: -7804274.5
Episode: 307, total reward: 3046710.25
each agent reward: 3046710.25
Episode 308 return: -7886298.0
Episode: 308, total reward: 3038680.25
each agent reward: 3038680.25
Episode 309 return: -7349583.5
Episode: 309, total reward: 3033394.0
each agent reward: 3033394.0
Episode 310 return: -7151589.5
Episode: 310, total reward: 3033723.0
each agent reward: 3033723.0
Episode 311 return: -7309314.0
Episode: 311, total reward: 3045237.0
each agent reward: 3045237.0
Episode 312 return: -6967929.5
Episode: 312, total reward: 3050803.25
each agent reward: 3050803.25
Episode 313 return: -7433601.0
Episode: 313, total reward: 3073703.0
each agent reward: 3073703.0
Episode 314 return: -7118815.0
Episode: 314, total reward: 3066146.5
each agent reward: 3066146.5
Episode 315 return: -7316905.0
Episode: 315, total reward: 3062640.5
each agent reward: 3062640.5
Episode 316 return: -7384200.0
Episode: 316, total reward: 3058506.5
each agent reward: 3058506.5
Episode 317 return: -7499232.0
Episode: 317, total reward: 3032465.5
each agent reward: 3032465.5
Episode 318 return: -7327579.0
Episode: 318, total reward: 3038055.5
each agent reward: 3038055.5
Episode 319 return: -7106176.0
Episode: 319, total reward: 3037617.0
each agent reward: 3037617.0
Episode 320 return: -7665023.5
Episode: 320, total reward: 3041997.75
each agent reward: 3041997.75
Episode 321 return: -7274873.5
Episode: 321, total reward: 3048206.25
each agent reward: 3048206.25
Episode 322 return: -6516601.0
Episode: 322, total reward: 3056721.75
each agent reward: 3056721.75
Episode 323 return: -7004084.5
Episode: 323, total reward: 3058992.25
each agent reward: 3058992.25
Episode 324 return: -7352584.5
Episode: 324, total reward: 3053965.75
each agent reward: 3053965.75
Episode 325 return: -7297852.5
Episode: 325, total reward: 3053965.75
each agent reward: 3053965.75
Episode 326 return: -7519869.5
Episode: 326, total reward: 3056346.5
each agent reward: 3056346.5
Episode 327 return: -7059615.0
Episode: 327, total reward: 3058372.0
each agent reward: 3058372.0
Episode 328 return: -6372733.0
Episode: 328, total reward: 3054032.75
each agent reward: 3054032.75
Episode 329 return: -7761504.5
Episode: 329, total reward: 3055701.0
each agent reward: 3055701.0
Episode 330 return: -7343277.0
Episode: 330, total reward: 3045250.5
each agent reward: 3045250.5
Episode 331 return: -7417303.5
Episode: 331, total reward: 3039264.5
each agent reward: 3039264.5
Episode 332 return: -6691361.0
Episode: 332, total reward: 3035489.0
each agent reward: 3035489.0
Episode 333 return: -6772908.5
Episode: 333, total reward: 3027933.25
each agent reward: 3027933.25
Episode 334 return: -6536050.0
Episode: 334, total reward: 3034454.5
each agent reward: 3034454.5
Episode 335 return: -6487250.0
Episode: 335, total reward: 3031547.0
each agent reward: 3031547.0
Episode 336 return: -6824037.0
Episode: 336, total reward: 3039294.0
each agent reward: 3039294.0
Episode 337 return: -6605903.5
Episode: 337, total reward: 3050028.0
each agent reward: 3050028.0
Episode 338 return: -6806737.5
Episode: 338, total reward: 3048988.25
each agent reward: 3048988.25
Episode 339 return: -7039507.0
Episode: 339, total reward: 3055860.75
each agent reward: 3055860.75
Episode 340 return: -6995782.5
Episode: 340, total reward: 3052708.0
each agent reward: 3052708.0
Episode 341 return: -7228419.5
Episode: 341, total reward: 3047123.5
each agent reward: 3047123.5
Episode 342 return: -7076724.5
Episode: 342, total reward: 3052018.75
each agent reward: 3052018.75
Episode 343 return: -7195472.0
Episode: 343, total reward: 3044009.0
each agent reward: 3044009.0
Episode 344 return: -7153640.0
Episode: 344, total reward: 3033437.0
each agent reward: 3033437.0
Episode 345 return: -6850094.0
Episode: 345, total reward: 3038755.25
each agent reward: 3038755.25
Episode 346 return: -7151741.0
Episode: 346, total reward: 3043769.25
each agent reward: 3043769.25
Episode 347 return: -6546623.5
Episode: 347, total reward: 3039205.25
each agent reward: 3039205.25
Episode 348 return: -6282161.5
Episode: 348, total reward: 3043150.5
each agent reward: 3043150.5
Episode 349 return: -6384074.5
Episode: 349, total reward: 3043876.25
each agent reward: 3043876.25
Episode 350 return: -6158443.0
Episode: 350, total reward: 3043876.25
each agent reward: 3043876.25
Episode 351 return: -6249761.0
Episode: 351, total reward: 3040196.0
each agent reward: 3040196.0
Episode 352 return: -6687272.5
Episode: 352, total reward: 3039873.0
each agent reward: 3039873.0
Episode 353 return: -6820690.5
Episode: 353, total reward: 3042058.25
each agent reward: 3042058.25
Episode 354 return: -6189445.5
Episode: 354, total reward: 3044575.75
each agent reward: 3044575.75
Episode 355 return: -7129816.5
Episode: 355, total reward: 3046755.25
each agent reward: 3046755.25
Episode 356 return: -6190784.0
Episode: 356, total reward: 3039741.5
each agent reward: 3039741.5
Episode 357 return: -6850328.0
Episode: 357, total reward: 3032200.0
each agent reward: 3032200.0
Episode 358 return: -5994229.5
Episode: 358, total reward: 3029589.5
each agent reward: 3029589.5
Episode 359 return: -6115036.0
Episode: 359, total reward: 3031183.0
each agent reward: 3031183.0
Episode 360 return: -6094136.5
Episode: 360, total reward: 3038826.0
each agent reward: 3038826.0
Episode 361 return: -6095216.5
Episode: 361, total reward: 3048412.0
each agent reward: 3048412.0
Episode 362 return: -6275730.0
Episode: 362, total reward: 3040076.75
each agent reward: 3040076.75
Episode 363 return: -6479587.0
Episode: 363, total reward: 3039271.5
each agent reward: 3039271.5
Episode 364 return: -6102767.5
Episode: 364, total reward: 3035855.25
each agent reward: 3035855.25
Episode 365 return: -6501656.5
Episode: 365, total reward: 3033607.0
each agent reward: 3033607.0
Episode 366 return: -6399546.0
Episode: 366, total reward: 3036814.5
each agent reward: 3036814.5
Episode 367 return: -6110173.5
Episode: 367, total reward: 3041616.5
each agent reward: 3041616.5
Episode 368 return: -6706048.0
Episode: 368, total reward: 3036492.25
each agent reward: 3036492.25
Episode 369 return: -6209499.0
Episode: 369, total reward: 3038001.75
each agent reward: 3038001.75
Episode 370 return: -5615532.0
Episode: 370, total reward: 3037301.5
each agent reward: 3037301.5
Episode 371 return: -6209294.5
Episode: 371, total reward: 3023210.25
each agent reward: 3023210.25
Episode 372 return: -6245615.5
Episode: 372, total reward: 3011249.0
each agent reward: 3011249.0
Episode 373 return: -6146381.0
Episode: 373, total reward: 3007470.5
each agent reward: 3007470.5
Episode 374 return: -5686380.0
Episode: 374, total reward: 3007406.25
each agent reward: 3007406.25
Episode 375 return: -6224789.0
Episode: 375, total reward: 3007406.25
each agent reward: 3007406.25
Episode 376 return: -5568972.0
Episode: 376, total reward: 2995502.25
each agent reward: 2995502.25
Episode 377 return: -6155987.0
Episode: 377, total reward: 2991154.5
each agent reward: 2991154.5
Episode 378 return: -5990148.0
Episode: 378, total reward: 3000509.5
each agent reward: 3000509.5
Episode 379 return: -5487481.5
Episode: 379, total reward: 2995406.25
each agent reward: 2995406.25
Episode 380 return: -5988372.5
Episode: 380, total reward: 3001949.0
each agent reward: 3001949.0
Episode 381 return: -5627761.0
Episode: 381, total reward: 3015341.0
each agent reward: 3015341.0
Episode 382 return: -5903807.0
Episode: 382, total reward: 3023175.25
each agent reward: 3023175.25
Episode 383 return: -5983590.5
Episode: 383, total reward: 3027091.0
each agent reward: 3027091.0
Episode 384 return: -6116637.5
Episode: 384, total reward: 3032281.5
each agent reward: 3032281.5
Episode 385 return: -5882546.0
Episode: 385, total reward: 3024243.0
each agent reward: 3024243.0
Episode 386 return: -5754815.0
Episode: 386, total reward: 3022577.25
each agent reward: 3022577.25
Episode 387 return: -6378419.5
Episode: 387, total reward: 3016524.75
each agent reward: 3016524.75
Episode 388 return: -5868667.5
Episode: 388, total reward: 3007629.25
each agent reward: 3007629.25
Episode 389 return: -5930046.0
Episode: 389, total reward: 3012279.5
each agent reward: 3012279.5
Episode 390 return: -5549983.0
Episode: 390, total reward: 3017122.25
each agent reward: 3017122.25
Episode 391 return: -6127573.0
Episode: 391, total reward: 3020381.75
each agent reward: 3020381.75
Episode 392 return: -5978249.5
Episode: 392, total reward: 3029283.0
each agent reward: 3029283.0
Episode 393 return: -6450834.5
Episode: 393, total reward: 3036246.25
each agent reward: 3036246.25
Episode 394 return: -5792761.0
Episode: 394, total reward: 3045907.25
each agent reward: 3045907.25
Episode 395 return: -5816475.0
Episode: 395, total reward: 3051963.5
each agent reward: 3051963.5
Episode 396 return: -6125122.0
Episode: 396, total reward: 3052363.75
each agent reward: 3052363.75
Episode 397 return: -5693794.5
Episode: 397, total reward: 3054218.25
each agent reward: 3054218.25
Episode 398 return: -6076432.5
Episode: 398, total reward: 3056261.5
each agent reward: 3056261.5
Episode 399 return: -5809391.0
Episode: 399, total reward: 3049744.0
each agent reward: 3049744.0
Episode 400 return: -5361106.0
Episode: 400, total reward: 3049744.0
each agent reward: 3049744.0
Episode 401 return: -5659922.5
Episode: 401, total reward: 3044043.5
each agent reward: 3044043.5
Episode 402 return: -5611227.5
Episode: 402, total reward: 3043235.5
each agent reward: 3043235.5
Episode 403 return: -5331251.5
Episode: 403, total reward: 3043391.5
each agent reward: 3043391.5
Episode 404 return: -5580699.5
Episode: 404, total reward: 3043462.25
each agent reward: 3043462.25
Episode 405 return: -5553484.0
Episode: 405, total reward: 3041454.5
each agent reward: 3041454.5
Episode 406 return: -5073702.5
Episode: 406, total reward: 3038966.75
each agent reward: 3038966.75
Episode 407 return: -5951620.0
Episode: 407, total reward: 3037562.25
each agent reward: 3037562.25
Episode 408 return: -5641109.0
Episode: 408, total reward: 3038239.5
each agent reward: 3038239.5
Episode 409 return: -6093410.0
Episode: 409, total reward: 3042221.75
each agent reward: 3042221.75
Episode 410 return: -5911729.0
Episode: 410, total reward: 3044754.5
each agent reward: 3044754.5
Episode 411 return: -5976287.5
Episode: 411, total reward: 3047701.0
each agent reward: 3047701.0
Episode 412 return: -5992462.5
Episode: 412, total reward: 3053361.75
each agent reward: 3053361.75
Episode 413 return: -6227175.0
Episode: 413, total reward: 3056991.75
each agent reward: 3056991.75
Episode 414 return: -5455431.0
Episode: 414, total reward: 3058225.75
each agent reward: 3058225.75
Episode 415 return: -5619903.0
Episode: 415, total reward: 3063934.0
each agent reward: 3063934.0
Episode 416 return: -5610728.0
Episode: 416, total reward: 3060910.0
each agent reward: 3060910.0
Episode 417 return: -5416364.5
Episode: 417, total reward: 3055542.25
each agent reward: 3055542.25
Episode 418 return: -5782558.0
Episode: 418, total reward: 3050990.5
each agent reward: 3050990.5
Episode 419 return: -5789939.5
Episode: 419, total reward: 3051930.5
each agent reward: 3051930.5
Episode 420 return: -5178906.5
Episode: 420, total reward: 3062386.0
each agent reward: 3062386.0
Episode 421 return: -6155669.5
Episode: 421, total reward: 3053955.25
each agent reward: 3053955.25
Episode 422 return: -5840988.0
Episode: 422, total reward: 3058914.75
each agent reward: 3058914.75
Episode 423 return: -5046838.0
Episode: 423, total reward: 3063617.25
each agent reward: 3063617.25
Episode 424 return: -5027774.0
Episode: 424, total reward: 3059380.25
each agent reward: 3059380.25
Episode 425 return: -5435650.5
Episode: 425, total reward: 3059380.25
each agent reward: 3059380.25
Episode 426 return: -5847283.0
Episode: 426, total reward: 3055362.5
each agent reward: 3055362.5
Episode 427 return: -5402827.5
Episode: 427, total reward: 3053842.5
each agent reward: 3053842.5
Episode 428 return: -5381423.5
Episode: 428, total reward: 3049328.5
each agent reward: 3049328.5
Episode 429 return: -5312102.5
Episode: 429, total reward: 3048810.0
each agent reward: 3048810.0
Episode 430 return: -5397256.0
Episode: 430, total reward: 3044204.75
each agent reward: 3044204.75
Episode 431 return: -5631266.5
Episode: 431, total reward: 3045268.0
each agent reward: 3045268.0
Episode 432 return: -5787040.0
Episode: 432, total reward: 3041829.0
each agent reward: 3041829.0
Episode 433 return: -5188400.0
Episode: 433, total reward: 3040590.5
each agent reward: 3040590.5
Episode 434 return: -5217723.5
Episode: 434, total reward: 3040452.5
each agent reward: 3040452.5
Episode 435 return: -5281703.5
Episode: 435, total reward: 3031876.75
each agent reward: 3031876.75
Episode 436 return: -5285438.5
Episode: 436, total reward: 3030307.25
each agent reward: 3030307.25
Episode 437 return: -4858267.5
Episode: 437, total reward: 3031569.75
each agent reward: 3031569.75
Episode 438 return: -5270864.0
Episode: 438, total reward: 3021914.5
each agent reward: 3021914.5
Episode 439 return: -5134204.0
Episode: 439, total reward: 3016831.25
each agent reward: 3016831.25
Episode 440 return: -5109071.5
Episode: 440, total reward: 3013756.0
each agent reward: 3013756.0
Episode 441 return: -5149160.5
Episode: 441, total reward: 3012184.75
each agent reward: 3012184.75
Episode 442 return: -4688380.0
Episode: 442, total reward: 3012738.25
each agent reward: 3012738.25
Episode 443 return: -5237048.0
Episode: 443, total reward: 3020074.5
each agent reward: 3020074.5
Episode 444 return: -4949168.0
Episode: 444, total reward: 3029218.25
each agent reward: 3029218.25
Episode 445 return: -4850788.0
Episode: 445, total reward: 3038517.75
each agent reward: 3038517.75
Episode 446 return: -4967016.0
Episode: 446, total reward: 3043898.5
each agent reward: 3043898.5
Episode 447 return: -4755821.0
Episode: 447, total reward: 3048813.5
each agent reward: 3048813.5
Episode 448 return: -4851008.5
Episode: 448, total reward: 3049687.0
each agent reward: 3049687.0
Episode 449 return: -4758519.5
Episode: 449, total reward: 3047350.0
each agent reward: 3047350.0
Episode 450 return: -4624275.5
Episode: 450, total reward: 3047350.0
each agent reward: 3047350.0
Episode 451 return: -5088496.0
Episode: 451, total reward: 3044320.5
each agent reward: 3044320.5
Episode 452 return: -4676658.0
Episode: 452, total reward: 3057350.75
each agent reward: 3057350.75
Episode 453 return: -4602393.5
Episode: 453, total reward: 3055064.75
each agent reward: 3055064.75
Episode 454 return: -4830513.0
Episode: 454, total reward: 3037708.0
each agent reward: 3037708.0
Episode 455 return: -5097435.0
Episode: 455, total reward: 3033361.5
each agent reward: 3033361.5
Episode 456 return: -4817386.5
Episode: 456, total reward: 3032233.0
each agent reward: 3032233.0
Episode 457 return: -5236767.5
Episode: 457, total reward: 3030202.5
each agent reward: 3030202.5
Episode 458 return: -4763490.5
Episode: 458, total reward: 3025875.25
each agent reward: 3025875.25
Episode 459 return: -4848492.5
Episode: 459, total reward: 3027664.5
each agent reward: 3027664.5
Episode 460 return: -4983383.5
Episode: 460, total reward: 3029085.25
each agent reward: 3029085.25
Episode 461 return: -4805844.0
Episode: 461, total reward: 3028571.75
each agent reward: 3028571.75
Episode 462 return: -4761142.5
Episode: 462, total reward: 3023324.75
each agent reward: 3023324.75
Episode 463 return: -5062161.5
Episode: 463, total reward: 3017501.25
each agent reward: 3017501.25
Episode 464 return: -4657909.0
Episode: 464, total reward: 3019187.25
each agent reward: 3019187.25
Episode 465 return: -4756236.5
Episode: 465, total reward: 3024120.75
each agent reward: 3024120.75
Episode 466 return: -4935172.5
Episode: 466, total reward: 3020338.25
each agent reward: 3020338.25
Episode 467 return: -5376086.0
Episode: 467, total reward: 3012840.75
each agent reward: 3012840.75
Episode 468 return: -5061122.5
Episode: 468, total reward: 3007483.5
each agent reward: 3007483.5
Episode 469 return: -5483814.0
Episode: 469, total reward: 3006224.25
each agent reward: 3006224.25
Episode 470 return: -5126503.5
Episode: 470, total reward: 3008338.25
each agent reward: 3008338.25
Episode 471 return: -5296535.0
Episode: 471, total reward: 3010695.5
each agent reward: 3010695.5
Episode 472 return: -5273720.5
Episode: 472, total reward: 3014171.75
each agent reward: 3014171.75
Episode 473 return: -5317079.0
Episode: 473, total reward: 3019217.75
each agent reward: 3019217.75
Episode 474 return: -4714639.5
Episode: 474, total reward: 3009769.75
each agent reward: 3009769.75
Episode 475 return: -4869557.0
Episode: 475, total reward: 3009769.75
each agent reward: 3009769.75
Episode 476 return: -5432993.5
Episode: 476, total reward: 3017930.75
each agent reward: 3017930.75
Episode 477 return: -5241116.5
Episode: 477, total reward: 3017917.75
each agent reward: 3017917.75
Episode 478 return: -5000505.5
Episode: 478, total reward: 3008894.0
each agent reward: 3008894.0
Episode 479 return: -4557367.5
Episode: 479, total reward: 3007424.5
each agent reward: 3007424.5
Episode 480 return: -4857914.0
Episode: 480, total reward: 3004967.0
each agent reward: 3004967.0
Episode 481 return: -4701644.5
Episode: 481, total reward: 3004376.25
each agent reward: 3004376.25
Episode 482 return: -5040086.0
Episode: 482, total reward: 3001687.5
each agent reward: 3001687.5
Episode 483 return: -4559151.5
Episode: 483, total reward: 3001713.0
each agent reward: 3001713.0
Episode 484 return: -4722619.5
Episode: 484, total reward: 3000718.25
each agent reward: 3000718.25
Episode 485 return: -4741675.5
Episode: 485, total reward: 2999134.25
each agent reward: 2999134.25
Episode 486 return: -4710772.5
Episode: 486, total reward: 2992061.75
each agent reward: 2992061.75
Episode 487 return: -4974217.0
Episode: 487, total reward: 2985429.5
each agent reward: 2985429.5
Episode 488 return: -4742517.0
Episode: 488, total reward: 2984840.5
each agent reward: 2984840.5
Episode 489 return: -5093034.5
Episode: 489, total reward: 2984997.75
each agent reward: 2984997.75
Episode 490 return: -4866765.0
Episode: 490, total reward: 2987568.5
each agent reward: 2987568.5
Episode 491 return: -5017642.5
Episode: 491, total reward: 2991699.0
each agent reward: 2991699.0
Episode 492 return: -5096471.0
Episode: 492, total reward: 2997245.75
each agent reward: 2997245.75
Episode 493 return: -4703729.0
Episode: 493, total reward: 2989869.0
each agent reward: 2989869.0
Episode 494 return: -4725682.5
Episode: 494, total reward: 2996120.0
each agent reward: 2996120.0
Episode 495 return: -4721499.0
Episode: 495, total reward: 3001069.75
each agent reward: 3001069.75
Episode 496 return: -4798533.0
Episode: 496, total reward: 2997029.0
each agent reward: 2997029.0
Episode 497 return: -4716609.0
Episode: 497, total reward: 2997397.75
each agent reward: 2997397.75
Episode 498 return: -4123284.25
Episode: 498, total reward: 2998170.75
each agent reward: 2998170.75
Episode 499 return: -4378795.0
Episode: 499, total reward: 2993823.25
each agent reward: 2993823.25
