Episode: -1, total reward: 2734753.0
each agent reward: 2734753.0
Episode: 1, total reward: 2116505.5
each agent reward: 2116505.5
Episode 0 return: -2277282.25
Episode: 0, total reward: 2116505.5
each agent reward: 2116505.5
Episode 1 return: -2282238.25
Episode: 1, total reward: 2116505.5
each agent reward: 2116505.5
Episode 2 return: -2237595.25
Episode: 2, total reward: 2116505.5
each agent reward: 2116505.5
Episode 3 return: -2244659.25
Episode: 3, total reward: 2116505.5
each agent reward: 2116505.5
Episode 4 return: -2304183.0
Episode: 4, total reward: 2116505.5
each agent reward: 2116505.5
Episode 5 return: -2294816.25
Episode: 5, total reward: 2116505.5
each agent reward: 2116505.5
Episode 6 return: -2299972.0
Episode: 6, total reward: 2116505.5
each agent reward: 2116505.5
Episode 7 return: -2263490.25
Episode: 7, total reward: 2116505.5
each agent reward: 2116505.5
Episode 8 return: -2261289.5
Episode: 8, total reward: 2116505.5
each agent reward: 2116505.5
Episode 9 return: -2279918.25
Episode: 9, total reward: 2116505.5
each agent reward: 2116505.5
Episode 10 return: -2284337.75
Episode: 10, total reward: 2116505.5
each agent reward: 2116505.5
Episode 11 return: -2252290.75
Episode: 11, total reward: 2116505.5
each agent reward: 2116505.5
Episode 12 return: -2281845.5
Episode: 12, total reward: 2176247.5
each agent reward: 2176247.5
Episode 13 return: -2305120.0
Episode: 13, total reward: 2179328.5
each agent reward: 2179328.5
Episode 14 return: -2326410.0
Episode: 14, total reward: 2178773.25
each agent reward: 2178773.25
Episode 15 return: -2307715.0
Episode: 15, total reward: 2178773.25
each agent reward: 2178773.25
Episode 16 return: -2284291.0
Episode: 16, total reward: 2178773.25
each agent reward: 2178773.25
Episode 17 return: -2299769.75
Episode: 17, total reward: 2178773.25
each agent reward: 2178773.25
Episode 18 return: -2334845.25
Episode: 18, total reward: 2177623.5
each agent reward: 2177623.5
Episode 19 return: -2310037.0
Episode: 19, total reward: 2177623.5
each agent reward: 2177623.5
Episode 20 return: -2345545.0
Episode: 20, total reward: 2180152.0
each agent reward: 2180152.0
Episode 21 return: -2307913.25
Episode: 21, total reward: 2183352.75
each agent reward: 2183352.75
Episode 22 return: -2364957.0
Episode: 22, total reward: 2183393.75
each agent reward: 2183393.75
Episode 23 return: -2390672.75
Episode: 23, total reward: 2186798.75
each agent reward: 2186798.75
Episode 24 return: -2455646.5
Episode: 24, total reward: 2191494.25
each agent reward: 2191494.25
Episode 25 return: -2562866.0
Episode: 25, total reward: 2192225.0
each agent reward: 2192225.0
Episode 26 return: -2547330.0
Episode: 26, total reward: 2173652.5
each agent reward: 2173652.5
Episode 27 return: -2630177.5
Episode: 27, total reward: 2179729.0
each agent reward: 2179729.0
Episode 28 return: -2696168.75
Episode: 28, total reward: 2163597.75
each agent reward: 2163597.75
Episode 29 return: -2634829.75
Episode: 29, total reward: 2177602.25
each agent reward: 2177602.25
Episode 30 return: -2762207.5
Episode: 30, total reward: 2176587.25
each agent reward: 2176587.25
Episode 31 return: -2711353.25
Episode: 31, total reward: 2163444.75
each agent reward: 2163444.75
Episode 32 return: -2690293.5
Episode: 32, total reward: 2176362.0
each agent reward: 2176362.0
Episode 33 return: -2733428.25
Episode: 33, total reward: 2183112.5
each agent reward: 2183112.5
Episode 34 return: -2691118.5
Episode: 34, total reward: 2172071.5
each agent reward: 2172071.5
Episode 35 return: -2660655.5
Episode: 35, total reward: 2164527.25
each agent reward: 2164527.25
Episode 36 return: -2689743.0
Episode: 36, total reward: 2155648.0
each agent reward: 2155648.0
Episode 37 return: -2665110.25
Episode: 37, total reward: 2145072.25
each agent reward: 2145072.25
Episode 38 return: -2651152.0
Episode: 38, total reward: 2148366.0
each agent reward: 2148366.0
Episode 39 return: -2692830.75
Episode: 39, total reward: 2141984.25
each agent reward: 2141984.25
Episode 40 return: -2646102.75
Episode: 40, total reward: 2138944.5
each agent reward: 2138944.5
Episode 41 return: -2657987.5
Episode: 41, total reward: 2142698.5
each agent reward: 2142698.5
Episode 42 return: -2682597.25
Episode: 42, total reward: 2147673.5
each agent reward: 2147673.5
Episode 43 return: -2742839.75
Episode: 43, total reward: 2152591.0
each agent reward: 2152591.0
Episode 44 return: -2679692.5
Episode: 44, total reward: 2152338.25
each agent reward: 2152338.25
Episode 45 return: -2705490.75
Episode: 45, total reward: 2148886.0
each agent reward: 2148886.0
Episode 46 return: -2675044.0
Episode: 46, total reward: 2155421.25
each agent reward: 2155421.25
Episode 47 return: -2670992.5
Episode: 47, total reward: 2145800.75
each agent reward: 2145800.75
Episode 48 return: -2745414.75
Episode: 48, total reward: 2141666.5
each agent reward: 2141666.5
Episode 49 return: -2629458.0
Episode: 49, total reward: 2147128.0
each agent reward: 2147128.0
Episode 50 return: -2701514.75
Episode: 50, total reward: 2150550.5
each agent reward: 2150550.5
Episode 51 return: -2676823.25
Episode: 51, total reward: 2138919.0
each agent reward: 2138919.0
Episode 52 return: -2681655.25
Episode: 52, total reward: 2131551.25
each agent reward: 2131551.25
Episode 53 return: -2599993.5
Episode: 53, total reward: 2138142.5
each agent reward: 2138142.5
Episode 54 return: -2692436.0
Episode: 54, total reward: 2126063.0
each agent reward: 2126063.0
Episode 55 return: -2676001.75
Episode: 55, total reward: 2134862.5
each agent reward: 2134862.5
Episode 56 return: -2630549.0
Episode: 56, total reward: 2144203.5
each agent reward: 2144203.5
Episode 57 return: -2698298.25
Episode: 57, total reward: 2175186.25
each agent reward: 2175186.25
Episode 58 return: -2638198.75
Episode: 58, total reward: 2140483.0
each agent reward: 2140483.0
Episode 59 return: -2698050.5
Episode: 59, total reward: 2136301.0
each agent reward: 2136301.0
Episode 60 return: -2615820.5
Episode: 60, total reward: 2130951.25
each agent reward: 2130951.25
Episode 61 return: -2653508.5
Episode: 61, total reward: 2131257.25
each agent reward: 2131257.25
Episode 62 return: -2622143.5
Episode: 62, total reward: 2127706.25
each agent reward: 2127706.25
Episode 63 return: -2622371.5
Episode: 63, total reward: 2130481.0
each agent reward: 2130481.0
Episode 64 return: -2641068.75
Episode: 64, total reward: 2127892.0
each agent reward: 2127892.0
Episode 65 return: -2559404.0
Episode: 65, total reward: 2131257.75
each agent reward: 2131257.75
Episode 66 return: -2576629.0
Episode: 66, total reward: 2126909.25
each agent reward: 2126909.25
Episode 67 return: -2596991.0
Episode: 67, total reward: 2120349.75
each agent reward: 2120349.75
Episode 68 return: -2587272.0
Episode: 68, total reward: 2125315.5
each agent reward: 2125315.5
Episode 69 return: -2588253.75
Episode: 69, total reward: 2123205.75
each agent reward: 2123205.75
Episode 70 return: -2589718.0
Episode: 70, total reward: 2126092.5
each agent reward: 2126092.5
Episode 71 return: -2569115.25
Episode: 71, total reward: 2128872.25
each agent reward: 2128872.25
Episode 72 return: -2577707.0
Episode: 72, total reward: 2136628.0
each agent reward: 2136628.0
Episode 73 return: -2572987.25
Episode: 73, total reward: 2131360.25
each agent reward: 2131360.25
Episode 74 return: -2604333.75
Episode: 74, total reward: 2125270.25
each agent reward: 2125270.25
Episode 75 return: -2548049.25
Episode: 75, total reward: 2125104.0
each agent reward: 2125104.0
Episode 76 return: -2593967.5
Episode: 76, total reward: 2122900.75
each agent reward: 2122900.75
Episode 77 return: -2588277.75
Episode: 77, total reward: 2127726.0
each agent reward: 2127726.0
Episode 78 return: -2608796.75
Episode: 78, total reward: 2154495.5
each agent reward: 2154495.5
Episode 79 return: -2624702.5
Episode: 79, total reward: 2136527.25
each agent reward: 2136527.25
Episode 80 return: -2578060.75
Episode: 80, total reward: 2129367.25
each agent reward: 2129367.25
Episode 81 return: -2582578.5
Episode: 81, total reward: 2142332.25
each agent reward: 2142332.25
Episode 82 return: -2544611.5
Episode: 82, total reward: 2144205.75
each agent reward: 2144205.75
Episode 83 return: -2496822.25
Episode: 83, total reward: 2125057.0
each agent reward: 2125057.0
Episode 84 return: -2533702.5
Episode: 84, total reward: 2120003.0
each agent reward: 2120003.0
Episode 85 return: -2548889.5
Episode: 85, total reward: 2116547.0
each agent reward: 2116547.0
Episode 86 return: -2510361.5
Episode: 86, total reward: 2116409.25
each agent reward: 2116409.25
Episode 87 return: -2531323.25
Episode: 87, total reward: 2112483.5
each agent reward: 2112483.5
Episode 88 return: -2514511.75
Episode: 88, total reward: 2112788.75
each agent reward: 2112788.75
Episode 89 return: -2428452.25
Episode: 89, total reward: 2114730.5
each agent reward: 2114730.5
Episode 90 return: -2428463.5
Episode: 90, total reward: 2111100.0
each agent reward: 2111100.0
Episode 91 return: -2432119.0
Episode: 91, total reward: 2107462.75
each agent reward: 2107462.75
Episode 92 return: -2436406.75
Episode: 92, total reward: 2117348.5
each agent reward: 2117348.5
Episode 93 return: -2476729.25
Episode: 93, total reward: 2125956.0
each agent reward: 2125956.0
Episode 94 return: -2502667.25
Episode: 94, total reward: 2119574.0
each agent reward: 2119574.0
Episode 95 return: -2516521.5
Episode: 95, total reward: 2116763.75
each agent reward: 2116763.75
Episode 96 return: -2456160.75
Episode: 96, total reward: 2120281.0
each agent reward: 2120281.0
Episode 97 return: -2457802.25
Episode: 97, total reward: 2118402.0
each agent reward: 2118402.0
Episode 98 return: -2495200.5
Episode: 98, total reward: 2112007.25
each agent reward: 2112007.25
Episode 99 return: -2508865.0
Episode: 99, total reward: 2117455.5
each agent reward: 2117455.5
Episode 100 return: -2522773.25
Episode: 100, total reward: 2115203.5
each agent reward: 2115203.5
Episode 101 return: -2493788.0
Episode: 101, total reward: 2115655.75
each agent reward: 2115655.75
Episode 102 return: -2480539.0
Episode: 102, total reward: 2122196.25
each agent reward: 2122196.25
Episode 103 return: -2501934.5
Episode: 103, total reward: 2125528.25
each agent reward: 2125528.25
Episode 104 return: -2459527.0
Episode: 104, total reward: 2120941.0
each agent reward: 2120941.0
Episode 105 return: -2399953.25
Episode: 105, total reward: 2121992.0
each agent reward: 2121992.0
Episode 106 return: -2363658.25
Episode: 106, total reward: 2122533.75
each agent reward: 2122533.75
Episode 107 return: -2382028.25
Episode: 107, total reward: 2112024.25
each agent reward: 2112024.25
Episode 108 return: -2393982.25
Episode: 108, total reward: 2110326.25
each agent reward: 2110326.25
Episode 109 return: -2422716.75
Episode: 109, total reward: 2109361.25
each agent reward: 2109361.25
Episode 110 return: -2430095.75
Episode: 110, total reward: 2111116.75
each agent reward: 2111116.75
Episode 111 return: -2414602.0
Episode: 111, total reward: 2114856.75
each agent reward: 2114856.75
Episode 112 return: -2431097.75
Episode: 112, total reward: 2112095.75
each agent reward: 2112095.75
Episode 113 return: -2443099.5
Episode: 113, total reward: 2112858.5
each agent reward: 2112858.5
Episode 114 return: -2408912.5
Episode: 114, total reward: 2120269.5
each agent reward: 2120269.5
Episode 115 return: -2428682.75
Episode: 115, total reward: 2124747.75
each agent reward: 2124747.75
Episode 116 return: -2370399.0
Episode: 116, total reward: 2120994.25
each agent reward: 2120994.25
Episode 117 return: -2385059.75
Episode: 117, total reward: 2121066.25
each agent reward: 2121066.25
Episode 118 return: -2373499.0
Episode: 118, total reward: 2126535.0
each agent reward: 2126535.0
Episode 119 return: -2346104.75
Episode: 119, total reward: 2126000.75
each agent reward: 2126000.75
Episode 120 return: -2394815.5
Episode: 120, total reward: 2117066.5
each agent reward: 2117066.5
Episode 121 return: -2337504.25
Episode: 121, total reward: 2114431.0
each agent reward: 2114431.0
Episode 122 return: -2339005.0
Episode: 122, total reward: 2113695.25
each agent reward: 2113695.25
Episode 123 return: -2339280.5
Episode: 123, total reward: 2115534.0
each agent reward: 2115534.0
Episode 124 return: -2323130.0
Episode: 124, total reward: 2112503.0
each agent reward: 2112503.0
Episode 125 return: -2370671.0
Episode: 125, total reward: 2109433.0
each agent reward: 2109433.0
Episode 126 return: -2336495.75
Episode: 126, total reward: 2118474.75
each agent reward: 2118474.75
Episode 127 return: -2304292.0
Episode: 127, total reward: 2131409.0
each agent reward: 2131409.0
Episode 128 return: -2309891.0
Episode: 128, total reward: 2132070.25
each agent reward: 2132070.25
Episode 129 return: -2309086.75
Episode: 129, total reward: 2133979.75
each agent reward: 2133979.75
Episode 130 return: -2331341.25
Episode: 130, total reward: 2132523.0
each agent reward: 2132523.0
Episode 131 return: -2315868.75
Episode: 131, total reward: 2123882.25
each agent reward: 2123882.25
Episode 132 return: -2296076.75
Episode: 132, total reward: 2114984.5
each agent reward: 2114984.5
Episode 133 return: -2323319.0
Episode: 133, total reward: 2112671.75
each agent reward: 2112671.75
Episode 134 return: -2308469.5
Episode: 134, total reward: 2109252.0
each agent reward: 2109252.0
Episode 135 return: -2317620.75
Episode: 135, total reward: 2105787.5
each agent reward: 2105787.5
Episode 136 return: -2288262.75
Episode: 136, total reward: 2109748.0
each agent reward: 2109748.0
Episode 137 return: -2337976.25
Episode: 137, total reward: 2108693.25
each agent reward: 2108693.25
Episode 138 return: -2276370.75
Episode: 138, total reward: 2112053.75
each agent reward: 2112053.75
Episode 139 return: -2266962.0
Episode: 139, total reward: 2118048.0
each agent reward: 2118048.0
Episode 140 return: -2299537.75
Episode: 140, total reward: 2117956.5
each agent reward: 2117956.5
Episode 141 return: -2287371.25
Episode: 141, total reward: 2113338.0
each agent reward: 2113338.0
Episode 142 return: -2269716.0
Episode: 142, total reward: 2114485.75
each agent reward: 2114485.75
Episode 143 return: -2288815.25
Episode: 143, total reward: 2117413.75
each agent reward: 2117413.75
Episode 144 return: -2275592.25
Episode: 144, total reward: 2124652.25
each agent reward: 2124652.25
Episode 145 return: -2302334.25
Episode: 145, total reward: 2125218.25
each agent reward: 2125218.25
Episode 146 return: -2306418.25
Episode: 146, total reward: 2125592.5
each agent reward: 2125592.5
Episode 147 return: -2258911.5
Episode: 147, total reward: 2125437.0
each agent reward: 2125437.0
Episode 148 return: -2275059.5
Episode: 148, total reward: 2124651.5
each agent reward: 2124651.5
Episode 149 return: -2234824.25
Episode: 149, total reward: 2112328.75
each agent reward: 2112328.75
Episode 150 return: -2276412.5
Episode: 150, total reward: 2112730.75
each agent reward: 2112730.75
Episode 151 return: -2282456.25
Episode: 151, total reward: 2114866.75
each agent reward: 2114866.75
Episode 152 return: -2283633.25
Episode: 152, total reward: 2122800.75
each agent reward: 2122800.75
Episode 153 return: -2238583.75
Episode: 153, total reward: 2122800.75
each agent reward: 2122800.75
Episode 154 return: -2276293.0
Episode: 154, total reward: 2122770.75
each agent reward: 2122770.75
Episode 155 return: -2270587.25
Episode: 155, total reward: 2122630.75
each agent reward: 2122630.75
Episode 156 return: -2292671.75
Episode: 156, total reward: 2122822.75
each agent reward: 2122822.75
Episode 157 return: -2257414.25
Episode: 157, total reward: 2123645.25
each agent reward: 2123645.25
Episode 158 return: -2291175.75
Episode: 158, total reward: 2126540.0
each agent reward: 2126540.0
Episode 159 return: -2277174.5
Episode: 159, total reward: 2127811.0
each agent reward: 2127811.0
Episode 160 return: -2334782.25
Episode: 160, total reward: 2130772.75
each agent reward: 2130772.75
Episode 161 return: -2277004.0
Episode: 161, total reward: 2127277.25
each agent reward: 2127277.25
Episode 162 return: -2261018.5
Episode: 162, total reward: 2122800.75
each agent reward: 2122800.75
Episode 163 return: -2288832.25
Episode: 163, total reward: 2128377.0
each agent reward: 2128377.0
Episode 164 return: -2260096.25
Episode: 164, total reward: 2122929.5
each agent reward: 2122929.5
Episode 165 return: -2257726.0
Episode: 165, total reward: 2122046.0
each agent reward: 2122046.0
Episode 166 return: -2276850.25
Episode: 166, total reward: 2118596.5
each agent reward: 2118596.5
Episode 167 return: -2275328.25
Episode: 167, total reward: 2125641.25
each agent reward: 2125641.25
Episode 168 return: -2262199.0
Episode: 168, total reward: 2122070.25
each agent reward: 2122070.25
Episode 169 return: -2265278.5
Episode: 169, total reward: 2115674.75
each agent reward: 2115674.75
Episode 170 return: -2265810.0
Episode: 170, total reward: 2118326.25
each agent reward: 2118326.25
Episode 171 return: -2285851.25
Episode: 171, total reward: 2122642.5
each agent reward: 2122642.5
Episode 172 return: -2271729.0
Episode: 172, total reward: 2123811.5
each agent reward: 2123811.5
Episode 173 return: -2294983.5
Episode: 173, total reward: 2124912.5
each agent reward: 2124912.5
Episode 174 return: -2274780.25
Episode: 174, total reward: 2122166.0
each agent reward: 2122166.0
Episode 175 return: -2249729.75
Episode: 175, total reward: 2117906.25
each agent reward: 2117906.25
Episode 176 return: -2246496.75
Episode: 176, total reward: 2121367.0
each agent reward: 2121367.0
Episode 177 return: -2270137.25
Episode: 177, total reward: 2122800.75
each agent reward: 2122800.75
Episode 178 return: -2304651.5
Episode: 178, total reward: 2122800.75
each agent reward: 2122800.75
Episode 179 return: -2295756.75
Episode: 179, total reward: 2122800.75
each agent reward: 2122800.75
Episode 180 return: -2257816.25
Episode: 180, total reward: 2122800.75
each agent reward: 2122800.75
Episode 181 return: -2271521.75
Episode: 181, total reward: 2122800.75
each agent reward: 2122800.75
Episode 182 return: -2256407.25
Episode: 182, total reward: 2121508.75
each agent reward: 2121508.75
Episode 183 return: -2267278.75
Episode: 183, total reward: 2122894.5
each agent reward: 2122894.5
Episode 184 return: -2244178.5
Episode: 184, total reward: 2126651.75
each agent reward: 2126651.75
Episode 185 return: -2223222.75
Episode: 185, total reward: 2128479.5
each agent reward: 2128479.5
Episode 186 return: -2249521.25
Episode: 186, total reward: 2127781.75
each agent reward: 2127781.75
Episode 187 return: -2258049.75
Episode: 187, total reward: 2122892.5
each agent reward: 2122892.5
Episode 188 return: -2264919.75
Episode: 188, total reward: 2119259.25
each agent reward: 2119259.25
Episode 189 return: -2262228.25
Episode: 189, total reward: 2109361.0
each agent reward: 2109361.0
Episode 190 return: -2267406.0
Episode: 190, total reward: 2107223.5
each agent reward: 2107223.5
Episode 191 return: -2257908.5
Episode: 191, total reward: 2123834.75
each agent reward: 2123834.75
Episode 192 return: -2228217.25
Episode: 192, total reward: 2127439.0
each agent reward: 2127439.0
Episode 193 return: -2251090.0
Episode: 193, total reward: 2118907.75
each agent reward: 2118907.75
Episode 194 return: -2280387.75
Episode: 194, total reward: 2115052.0
each agent reward: 2115052.0
Episode 195 return: -2300646.0
Episode: 195, total reward: 2115052.0
each agent reward: 2115052.0
Episode 196 return: -2225243.75
Episode: 196, total reward: 2115052.0
each agent reward: 2115052.0
Episode 197 return: -2270701.25
Episode: 197, total reward: 2114502.0
each agent reward: 2114502.0
Episode 198 return: -2286370.75
Episode: 198, total reward: 2115052.0
each agent reward: 2115052.0
Episode 199 return: -2293889.25
Episode: 199, total reward: 2115052.0
each agent reward: 2115052.0
Episode 200 return: -2255968.0
Episode: 200, total reward: 2120343.5
each agent reward: 2120343.5
Episode 201 return: -2260909.75
Episode: 201, total reward: 2120860.25
each agent reward: 2120860.25
Episode 202 return: -2276588.25
Episode: 202, total reward: 2123081.5
each agent reward: 2123081.5
Episode 203 return: -2231557.5
Episode: 203, total reward: 2122800.75
each agent reward: 2122800.75
Episode 204 return: -2276264.0
Episode: 204, total reward: 2120136.75
each agent reward: 2120136.75
Episode 205 return: -2256131.0
Episode: 205, total reward: 2112303.0
each agent reward: 2112303.0
Episode 206 return: -2273529.25
Episode: 206, total reward: 2109481.25
each agent reward: 2109481.25
Episode 207 return: -2300908.0
Episode: 207, total reward: 2111148.75
each agent reward: 2111148.75
Episode 208 return: -2271142.25
Episode: 208, total reward: 2111148.75
each agent reward: 2111148.75
Episode 209 return: -2272928.0
Episode: 209, total reward: 2120116.5
each agent reward: 2120116.5
Episode 210 return: -2276406.5
Episode: 210, total reward: 2120116.5
each agent reward: 2120116.5
Episode 211 return: -2266427.5
Episode: 211, total reward: 2119217.0
each agent reward: 2119217.0
Episode 212 return: -2253847.0
Episode: 212, total reward: 2119799.0
each agent reward: 2119799.0
Episode 213 return: -2297045.5
Episode: 213, total reward: 2121338.75
each agent reward: 2121338.75
Episode 214 return: -2228688.75
Episode: 214, total reward: 2121407.5
each agent reward: 2121407.5
Episode 215 return: -2255078.0
Episode: 215, total reward: 2120745.75
each agent reward: 2120745.75
Episode 216 return: -2257266.75
Episode: 216, total reward: 2120860.25
each agent reward: 2120860.25
Episode 217 return: -2246584.0
Episode: 217, total reward: 2122621.75
each agent reward: 2122621.75
Episode 218 return: -2256643.25
Episode: 218, total reward: 2122800.75
each agent reward: 2122800.75
Episode 219 return: -2292925.5
Episode: 219, total reward: 2122800.75
each agent reward: 2122800.75
Episode 220 return: -2275020.0
Episode: 220, total reward: 2121384.5
each agent reward: 2121384.5
Episode 221 return: -2270222.75
Episode: 221, total reward: 2114635.0
each agent reward: 2114635.0
Episode 222 return: -2268205.0
Episode: 222, total reward: 2114635.0
each agent reward: 2114635.0
Episode 223 return: -2276339.0
Episode: 223, total reward: 2122405.25
each agent reward: 2122405.25
Episode 224 return: -2247141.75
Episode: 224, total reward: 2121941.25
each agent reward: 2121941.25
Episode 225 return: -2248220.0
Episode: 225, total reward: 2122800.75
each agent reward: 2122800.75
Episode 226 return: -2319057.75
Episode: 226, total reward: 2122800.75
each agent reward: 2122800.75
Episode 227 return: -2259272.25
Episode: 227, total reward: 2122023.0
each agent reward: 2122023.0
Episode 228 return: -2234551.0
Episode: 228, total reward: 2115754.0
each agent reward: 2115754.0
Episode 229 return: -2289535.0
Episode: 229, total reward: 2115077.75
each agent reward: 2115077.75
Episode 230 return: -2259105.75
Episode: 230, total reward: 2112618.25
each agent reward: 2112618.25
Episode 231 return: -2227901.25
Episode: 231, total reward: 2121605.0
each agent reward: 2121605.0
Episode 232 return: -2252578.75
Episode: 232, total reward: 2123645.25
each agent reward: 2123645.25
Episode 233 return: -2291431.5
Episode: 233, total reward: 2123255.75
each agent reward: 2123255.75
Episode 234 return: -2256261.5
Episode: 234, total reward: 2122058.0
each agent reward: 2122058.0
Episode 235 return: -2263038.0
Episode: 235, total reward: 2121172.75
each agent reward: 2121172.75
Episode 236 return: -2272495.25
Episode: 236, total reward: 2119874.0
each agent reward: 2119874.0
Episode 237 return: -2252051.75
Episode: 237, total reward: 2110960.5
each agent reward: 2110960.5
Episode 238 return: -2269868.25
Episode: 238, total reward: 2107223.5
each agent reward: 2107223.5
Episode 239 return: -2249805.0
Episode: 239, total reward: 2104823.0
each agent reward: 2104823.0
Episode 240 return: -2240784.75
Episode: 240, total reward: 2112618.25
each agent reward: 2112618.25
Episode 241 return: -2259844.75
Episode: 241, total reward: 2112618.25
each agent reward: 2112618.25
Episode 242 return: -2259876.5
Episode: 242, total reward: 2112618.25
each agent reward: 2112618.25
Episode 243 return: -2252808.0
Episode: 243, total reward: 2113060.0
each agent reward: 2113060.0
Episode 244 return: -2241887.0
Episode: 244, total reward: 2104823.0
each agent reward: 2104823.0
Episode 245 return: -2269124.75
Episode: 245, total reward: 2113082.75
each agent reward: 2113082.75
Episode 246 return: -2270568.75
Episode: 246, total reward: 2113082.75
each agent reward: 2113082.75
Episode 247 return: -2243953.75
Episode: 247, total reward: 2113082.75
each agent reward: 2113082.75
Episode 248 return: -2215340.5
Episode: 248, total reward: 2120860.25
each agent reward: 2120860.25
Episode 249 return: -2274669.25
Episode: 249, total reward: 2120860.25
each agent reward: 2120860.25
Episode 250 return: -2244786.5
Episode: 250, total reward: 2119693.25
each agent reward: 2119693.25
Episode 251 return: -2257996.75
Episode: 251, total reward: 2119693.25
each agent reward: 2119693.25
Episode 252 return: -2242278.25
Episode: 252, total reward: 2120860.25
each agent reward: 2120860.25
Episode 253 return: -2273268.0
Episode: 253, total reward: 2120860.25
each agent reward: 2120860.25
Episode 254 return: -2250786.5
Episode: 254, total reward: 2104823.0
each agent reward: 2104823.0
Episode 255 return: -2261420.5
Episode: 255, total reward: 2104823.0
each agent reward: 2104823.0
Episode 256 return: -2253991.25
Episode: 256, total reward: 2104502.5
each agent reward: 2104502.5
Episode 257 return: -2228949.0
Episode: 257, total reward: 2103044.0
each agent reward: 2103044.0
Episode 258 return: -2237978.5
Episode: 258, total reward: 2103044.0
each agent reward: 2103044.0
Episode 259 return: -2217832.25
Episode: 259, total reward: 2104823.0
each agent reward: 2104823.0
Episode 260 return: -2251255.5
Episode: 260, total reward: 2103044.0
each agent reward: 2103044.0
Episode 261 return: -2266964.5
Episode: 261, total reward: 2120997.75
each agent reward: 2120997.75
Episode 262 return: -2264852.25
Episode: 262, total reward: 2112894.75
each agent reward: 2112894.75
Episode 263 return: -2249061.0
Episode: 263, total reward: 2113082.75
each agent reward: 2113082.75
Episode 264 return: -2256526.5
Episode: 264, total reward: 2113082.75
each agent reward: 2113082.75
Episode 265 return: -2282911.0
Episode: 265, total reward: 2120860.25
each agent reward: 2120860.25
Episode 266 return: -2247449.5
Episode: 266, total reward: 2120860.25
each agent reward: 2120860.25
Episode 267 return: -2264955.75
Episode: 267, total reward: 2120860.25
each agent reward: 2120860.25
Episode 268 return: -2265531.5
Episode: 268, total reward: 2120860.25
each agent reward: 2120860.25
Episode 269 return: -2261854.0
Episode: 269, total reward: 2120860.25
each agent reward: 2120860.25
Episode 270 return: -2271796.5
Episode: 270, total reward: 2112618.25
each agent reward: 2112618.25
Episode 271 return: -2256085.25
Episode: 271, total reward: 2105980.75
each agent reward: 2105980.75
Episode 272 return: -2248059.0
Episode: 272, total reward: 2112618.25
each agent reward: 2112618.25
Episode 273 return: -2258188.5
Episode: 273, total reward: 2112618.25
each agent reward: 2112618.25
Episode 274 return: -2247172.5
Episode: 274, total reward: 2112618.25
each agent reward: 2112618.25
Episode 275 return: -2229853.5
Episode: 275, total reward: 2113251.25
each agent reward: 2113251.25
Episode 276 return: -2269364.0
Episode: 276, total reward: 2104823.0
each agent reward: 2104823.0
Episode 277 return: -2272567.0
Episode: 277, total reward: 2104823.0
each agent reward: 2104823.0
Episode 278 return: -2294678.0
Episode: 278, total reward: 2105603.0
each agent reward: 2105603.0
Episode 279 return: -2237897.0
Episode: 279, total reward: 2106379.5
each agent reward: 2106379.5
Episode 280 return: -2253151.75
Episode: 280, total reward: 2103044.0
each agent reward: 2103044.0
Episode 281 return: -2228298.25
Episode: 281, total reward: 2112861.75
each agent reward: 2112861.75
Episode 282 return: -2260432.25
Episode: 282, total reward: 2104823.0
each agent reward: 2104823.0
Episode 283 return: -2250698.75
Episode: 283, total reward: 2104823.0
each agent reward: 2104823.0
Episode 284 return: -2237835.25
Episode: 284, total reward: 2104823.0
each agent reward: 2104823.0
Episode 285 return: -2275032.5
Episode: 285, total reward: 2103044.0
each agent reward: 2103044.0
Episode 286 return: -2272127.75
Episode: 286, total reward: 2103455.5
each agent reward: 2103455.5
Episode 287 return: -2240089.25
Episode: 287, total reward: 2104823.0
each agent reward: 2104823.0
Episode 288 return: -2269828.75
Episode: 288, total reward: 2108161.25
each agent reward: 2108161.25
Episode 289 return: -2233910.25
Episode: 289, total reward: 2107050.25
each agent reward: 2107050.25
Episode 290 return: -2287614.75
Episode: 290, total reward: 2104823.0
each agent reward: 2104823.0
Episode 291 return: -2288689.25
Episode: 291, total reward: 2104823.0
each agent reward: 2104823.0
Episode 292 return: -2237079.0
Episode: 292, total reward: 2104823.0
each agent reward: 2104823.0
Episode 293 return: -2250788.5
Episode: 293, total reward: 2104823.0
each agent reward: 2104823.0
Episode 294 return: -2249817.0
Episode: 294, total reward: 2104823.0
each agent reward: 2104823.0
Episode 295 return: -2258395.25
Episode: 295, total reward: 2104823.0
each agent reward: 2104823.0
Episode 296 return: -2262891.75
Episode: 296, total reward: 2104823.0
each agent reward: 2104823.0
Episode 297 return: -2256766.75
Episode: 297, total reward: 2113082.75
each agent reward: 2113082.75
Episode 298 return: -2269798.75
Episode: 298, total reward: 2120860.25
each agent reward: 2120860.25
Episode 299 return: -2241851.25
Episode: 299, total reward: 2112618.25
each agent reward: 2112618.25
Episode 300 return: -2252908.25
Episode: 300, total reward: 2104722.25
each agent reward: 2104722.25
Episode 301 return: -2231287.5
Episode: 301, total reward: 2104823.0
each agent reward: 2104823.0
Episode 302 return: -2266245.0
Episode: 302, total reward: 2104823.0
each agent reward: 2104823.0
Episode 303 return: -2277246.0
Episode: 303, total reward: 2104823.0
each agent reward: 2104823.0
Episode 304 return: -2261151.5
Episode: 304, total reward: 2104823.0
each agent reward: 2104823.0
Episode 305 return: -2240876.25
Episode: 305, total reward: 2104823.0
each agent reward: 2104823.0
Episode 306 return: -2273221.0
Episode: 306, total reward: 2104823.0
each agent reward: 2104823.0
Episode 307 return: -2255261.5
Episode: 307, total reward: 2104823.0
each agent reward: 2104823.0
Episode 308 return: -2267847.0
Episode: 308, total reward: 2104274.0
each agent reward: 2104274.0
Episode 309 return: -2259890.5
Episode: 309, total reward: 2104823.0
each agent reward: 2104823.0
Episode 310 return: -2223983.75
Episode: 310, total reward: 2104823.0
each agent reward: 2104823.0
Episode 311 return: -2253655.5
Episode: 311, total reward: 2104823.0
each agent reward: 2104823.0
Episode 312 return: -2242887.5
Episode: 312, total reward: 2104038.75
each agent reward: 2104038.75
Episode 313 return: -2268570.75
Episode: 313, total reward: 2104906.75
each agent reward: 2104906.75
Episode 314 return: -2291055.75
Episode: 314, total reward: 2104823.0
each agent reward: 2104823.0
Episode 315 return: -2277889.5
Episode: 315, total reward: 2104160.25
each agent reward: 2104160.25
Episode 316 return: -2240826.0
Episode: 316, total reward: 2103044.0
each agent reward: 2103044.0
Episode 317 return: -2266783.25
Episode: 317, total reward: 2103044.0
each agent reward: 2103044.0
Episode 318 return: -2239423.5
Episode: 318, total reward: 2103385.0
each agent reward: 2103385.0
Episode 319 return: -2218756.25
Episode: 319, total reward: 2104823.0
each agent reward: 2104823.0
Episode 320 return: -2259293.25
Episode: 320, total reward: 2104823.0
each agent reward: 2104823.0
Episode 321 return: -2237882.0
Episode: 321, total reward: 2104906.75
each agent reward: 2104906.75
Episode 322 return: -2231501.5
Episode: 322, total reward: 2103698.75
each agent reward: 2103698.75
Episode 323 return: -2228845.0
Episode: 323, total reward: 2104823.0
each agent reward: 2104823.0
Episode 324 return: -2261416.5
Episode: 324, total reward: 2110618.75
each agent reward: 2110618.75
Episode 325 return: -2259189.0
Episode: 325, total reward: 2112618.25
each agent reward: 2112618.25
Episode 326 return: -2264073.5
Episode: 326, total reward: 2120860.25
each agent reward: 2120860.25
Episode 327 return: -2230489.75
Episode: 327, total reward: 2120860.25
each agent reward: 2120860.25
Episode 328 return: -2253767.5
Episode: 328, total reward: 2120860.25
each agent reward: 2120860.25
Episode 329 return: -2254534.5
Episode: 329, total reward: 2120860.25
each agent reward: 2120860.25
Episode 330 return: -2268693.5
Episode: 330, total reward: 2120860.25
each agent reward: 2120860.25
Episode 331 return: -2239006.75
Episode: 331, total reward: 2120860.25
each agent reward: 2120860.25
Episode 332 return: -2246714.75
Episode: 332, total reward: 2120860.25
each agent reward: 2120860.25
Episode 333 return: -2256529.75
Episode: 333, total reward: 2120860.25
each agent reward: 2120860.25
Episode 334 return: -2224534.75
Episode: 334, total reward: 2119215.5
each agent reward: 2119215.5
Episode 335 return: -2277767.25
Episode: 335, total reward: 2118811.25
each agent reward: 2118811.25
Episode 336 return: -2240125.5
Episode: 336, total reward: 2111903.0
each agent reward: 2111903.0
Episode 337 return: -2251293.75
Episode: 337, total reward: 2112112.75
each agent reward: 2112112.75
Episode 338 return: -2219385.5
Episode: 338, total reward: 2110112.5
each agent reward: 2110112.5
Episode 339 return: -2250733.25
Episode: 339, total reward: 2104823.0
each agent reward: 2104823.0
Episode 340 return: -2289316.25
Episode: 340, total reward: 2104823.0
each agent reward: 2104823.0
Episode 341 return: -2253836.5
Episode: 341, total reward: 2104823.0
each agent reward: 2104823.0
Episode 342 return: -2257153.5
Episode: 342, total reward: 2104823.0
each agent reward: 2104823.0
Episode 343 return: -2250770.0
Episode: 343, total reward: 2104823.0
each agent reward: 2104823.0
Episode 344 return: -2250585.5
Episode: 344, total reward: 2104823.0
each agent reward: 2104823.0
Episode 345 return: -2253945.5
Episode: 345, total reward: 2104823.0
each agent reward: 2104823.0
Episode 346 return: -2275143.25
Episode: 346, total reward: 2104823.0
each agent reward: 2104823.0
Episode 347 return: -2233679.75
Episode: 347, total reward: 2104823.0
each agent reward: 2104823.0
Episode 348 return: -2256259.25
Episode: 348, total reward: 2104823.0
each agent reward: 2104823.0
Episode 349 return: -2228040.25
Episode: 349, total reward: 2104823.0
each agent reward: 2104823.0
Episode 350 return: -2265192.5
Episode: 350, total reward: 2104823.0
each agent reward: 2104823.0
Episode 351 return: -2298482.0
Episode: 351, total reward: 2104823.0
each agent reward: 2104823.0
Episode 352 return: -2256017.0
Episode: 352, total reward: 2104823.0
each agent reward: 2104823.0
Episode 353 return: -2254321.0
Episode: 353, total reward: 2104823.0
each agent reward: 2104823.0
Episode 354 return: -2259504.5
Episode: 354, total reward: 2104823.0
each agent reward: 2104823.0
Episode 355 return: -2259078.5
Episode: 355, total reward: 2104823.0
each agent reward: 2104823.0
Episode 356 return: -2237556.75
Episode: 356, total reward: 2104823.0
each agent reward: 2104823.0
Episode 357 return: -2226622.75
Episode: 357, total reward: 2111903.0
each agent reward: 2111903.0
Episode 358 return: -2254181.75
Episode: 358, total reward: 2110112.5
each agent reward: 2110112.5
Episode 359 return: -2270678.0
Episode: 359, total reward: 2104823.0
each agent reward: 2104823.0
Episode 360 return: -2252943.5
Episode: 360, total reward: 2103946.25
each agent reward: 2103946.25
Episode 361 return: -2272407.0
Episode: 361, total reward: 2103946.25
each agent reward: 2103946.25
Episode 362 return: -2238702.75
Episode: 362, total reward: 2104823.0
each agent reward: 2104823.0
Episode 363 return: -2252925.0
Episode: 363, total reward: 2104823.0
each agent reward: 2104823.0
Episode 364 return: -2232374.0
Episode: 364, total reward: 2104823.0
each agent reward: 2104823.0
Episode 365 return: -2263566.0
Episode: 365, total reward: 2104823.0
each agent reward: 2104823.0
Episode 366 return: -2272253.0
Episode: 366, total reward: 2104823.0
each agent reward: 2104823.0
Episode 367 return: -2246512.75
Episode: 367, total reward: 2107402.0
each agent reward: 2107402.0
Episode 368 return: -2255203.75
Episode: 368, total reward: 2110112.5
each agent reward: 2110112.5
Episode 369 return: -2255797.25
Episode: 369, total reward: 2104823.0
each agent reward: 2104823.0
Episode 370 return: -2261689.75
Episode: 370, total reward: 2104823.0
each agent reward: 2104823.0
Episode 371 return: -2270168.75
Episode: 371, total reward: 2104823.0
each agent reward: 2104823.0
Episode 372 return: -2234126.0
Episode: 372, total reward: 2106690.25
each agent reward: 2106690.25
Episode 373 return: -2260649.5
Episode: 373, total reward: 2106690.25
each agent reward: 2106690.25
Episode 374 return: -2264110.5
Episode: 374, total reward: 2104823.0
each agent reward: 2104823.0
Episode 375 return: -2248637.75
Episode: 375, total reward: 2104823.0
each agent reward: 2104823.0
Episode 376 return: -2296637.0
Episode: 376, total reward: 2104823.0
each agent reward: 2104823.0
Episode 377 return: -2227229.0
Episode: 377, total reward: 2104823.0
each agent reward: 2104823.0
Episode 378 return: -2247518.0
Episode: 378, total reward: 2104823.0
each agent reward: 2104823.0
Episode 379 return: -2228714.5
Episode: 379, total reward: 2104823.0
each agent reward: 2104823.0
Episode 380 return: -2257939.5
Episode: 380, total reward: 2104823.0
each agent reward: 2104823.0
Episode 381 return: -2276939.75
Episode: 381, total reward: 2104823.0
each agent reward: 2104823.0
Episode 382 return: -2235900.0
Episode: 382, total reward: 2104823.0
each agent reward: 2104823.0
Episode 383 return: -2248354.5
Episode: 383, total reward: 2104823.0
each agent reward: 2104823.0
Episode 384 return: -2284537.0
Episode: 384, total reward: 2104823.0
each agent reward: 2104823.0
Episode 385 return: -2269073.0
Episode: 385, total reward: 2104823.0
each agent reward: 2104823.0
Episode 386 return: -2266060.0
Episode: 386, total reward: 2104823.0
each agent reward: 2104823.0
Episode 387 return: -2249084.5
Episode: 387, total reward: 2104823.0
each agent reward: 2104823.0
Episode 388 return: -2257368.75
Episode: 388, total reward: 2104823.0
each agent reward: 2104823.0
Episode 389 return: -2285802.25
Episode: 389, total reward: 2104823.0
each agent reward: 2104823.0
Episode 390 return: -2298376.0
Episode: 390, total reward: 2104823.0
each agent reward: 2104823.0
Episode 391 return: -2222738.5
Episode: 391, total reward: 2104823.0
each agent reward: 2104823.0
Episode 392 return: -2269767.5
Episode: 392, total reward: 2104823.0
each agent reward: 2104823.0
Episode 393 return: -2277525.0
Episode: 393, total reward: 2104823.0
each agent reward: 2104823.0
Episode 394 return: -2251421.75
Episode: 394, total reward: 2104823.0
each agent reward: 2104823.0
Episode 395 return: -2262821.25
Episode: 395, total reward: 2104823.0
each agent reward: 2104823.0
Episode 396 return: -2250593.0
Episode: 396, total reward: 2104823.0
each agent reward: 2104823.0
Episode 397 return: -2277241.25
Episode: 397, total reward: 2104823.0
each agent reward: 2104823.0
Episode 398 return: -2258297.5
Episode: 398, total reward: 2104823.0
each agent reward: 2104823.0
Episode 399 return: -2242689.25
Episode: 399, total reward: 2104823.0
each agent reward: 2104823.0
Episode 400 return: -2284339.0
Episode: 400, total reward: 2104823.0
each agent reward: 2104823.0
Episode 401 return: -2283982.0
Episode: 401, total reward: 2104823.0
each agent reward: 2104823.0
Episode 402 return: -2244891.0
Episode: 402, total reward: 2104823.0
each agent reward: 2104823.0
Episode 403 return: -2250879.0
Episode: 403, total reward: 2104823.0
each agent reward: 2104823.0
Episode 404 return: -2223934.75
Episode: 404, total reward: 2104823.0
each agent reward: 2104823.0
Episode 405 return: -2239435.5
Episode: 405, total reward: 2105590.75
each agent reward: 2105590.75
Episode 406 return: -2284780.75
Episode: 406, total reward: 2104823.0
each agent reward: 2104823.0
Episode 407 return: -2218758.25
Episode: 407, total reward: 2104823.0
each agent reward: 2104823.0
Episode 408 return: -2260055.75
Episode: 408, total reward: 2104823.0
each agent reward: 2104823.0
Episode 409 return: -2261122.25
Episode: 409, total reward: 2104823.0
each agent reward: 2104823.0
Episode 410 return: -2251696.0
Episode: 410, total reward: 2112618.25
each agent reward: 2112618.25
Episode 411 return: -2248016.0
Episode: 411, total reward: 2112618.25
each agent reward: 2112618.25
Episode 412 return: -2277426.0
Episode: 412, total reward: 2112618.25
each agent reward: 2112618.25
Episode 413 return: -2227243.25
Episode: 413, total reward: 2112618.25
each agent reward: 2112618.25
Episode 414 return: -2255885.75
Episode: 414, total reward: 2112618.25
each agent reward: 2112618.25
Episode 415 return: -2284587.25
Episode: 415, total reward: 2112618.25
each agent reward: 2112618.25
Episode 416 return: -2256140.25
Episode: 416, total reward: 2112618.25
each agent reward: 2112618.25
Episode 417 return: -2237803.25
Episode: 417, total reward: 2112618.25
each agent reward: 2112618.25
Episode 418 return: -2220256.75
Episode: 418, total reward: 2111657.25
each agent reward: 2111657.25
Episode 419 return: -2238049.25
Episode: 419, total reward: 2105590.75
each agent reward: 2105590.75
Episode 420 return: -2260721.0
Episode: 420, total reward: 2104823.0
each agent reward: 2104823.0
Episode 421 return: -2258656.25
Episode: 421, total reward: 2104823.0
each agent reward: 2104823.0
Episode 422 return: -2268814.25
Episode: 422, total reward: 2104823.0
each agent reward: 2104823.0
Episode 423 return: -2259481.25
Episode: 423, total reward: 2104823.0
each agent reward: 2104823.0
Episode 424 return: -2233751.0
Episode: 424, total reward: 2104823.0
each agent reward: 2104823.0
Episode 425 return: -2276180.75
Episode: 425, total reward: 2103946.25
each agent reward: 2103946.25
Episode 426 return: -2244104.5
Episode: 426, total reward: 2103946.25
each agent reward: 2103946.25
Episode 427 return: -2263840.5
Episode: 427, total reward: 2104823.0
each agent reward: 2104823.0
Episode 428 return: -2216673.75
Episode: 428, total reward: 2104823.0
each agent reward: 2104823.0
Episode 429 return: -2247340.25
Episode: 429, total reward: 2104411.5
each agent reward: 2104411.5
Episode 430 return: -2241049.0
Episode: 430, total reward: 2105783.75
each agent reward: 2105783.75
Episode 431 return: -2237902.25
Episode: 431, total reward: 2112850.25
each agent reward: 2112850.25
Episode 432 return: -2270809.25
Episode: 432, total reward: 2112618.25
each agent reward: 2112618.25
Episode 433 return: -2253988.25
Episode: 433, total reward: 2112618.25
each agent reward: 2112618.25
Episode 434 return: -2304787.75
Episode: 434, total reward: 2112618.25
each agent reward: 2112618.25
Episode 435 return: -2250257.25
Episode: 435, total reward: 2112618.25
each agent reward: 2112618.25
Episode 436 return: -2253483.5
Episode: 436, total reward: 2106063.75
each agent reward: 2106063.75
Episode 437 return: -2268705.75
Episode: 437, total reward: 2104411.5
each agent reward: 2104411.5
Episode 438 return: -2279393.25
Episode: 438, total reward: 2104823.0
each agent reward: 2104823.0
Episode 439 return: -2246989.5
Episode: 439, total reward: 2104823.0
each agent reward: 2104823.0
Episode 440 return: -2276609.5
Episode: 440, total reward: 2104823.0
each agent reward: 2104823.0
Episode 441 return: -2256546.25
Episode: 441, total reward: 2104823.0
each agent reward: 2104823.0
Episode 442 return: -2234991.5
Episode: 442, total reward: 2104823.0
each agent reward: 2104823.0
Episode 443 return: -2282143.0
Episode: 443, total reward: 2112618.25
each agent reward: 2112618.25
Episode 444 return: -2239779.5
Episode: 444, total reward: 2112618.25
each agent reward: 2112618.25
Episode 445 return: -2276654.0
Episode: 445, total reward: 2112618.25
each agent reward: 2112618.25
Episode 446 return: -2262464.25
Episode: 446, total reward: 2112618.25
each agent reward: 2112618.25
Episode 447 return: -2250338.5
Episode: 447, total reward: 2112618.25
each agent reward: 2112618.25
Episode 448 return: -2261189.0
Episode: 448, total reward: 2104823.0
each agent reward: 2104823.0
Episode 449 return: -2245278.75
Episode: 449, total reward: 2104823.0
each agent reward: 2104823.0
Episode 450 return: -2252425.25
Episode: 450, total reward: 2104823.0
each agent reward: 2104823.0
Episode 451 return: -2275200.25
Episode: 451, total reward: 2104823.0
each agent reward: 2104823.0
Episode 452 return: -2241369.75
Episode: 452, total reward: 2104823.0
each agent reward: 2104823.0
Episode 453 return: -2242166.5
Episode: 453, total reward: 2112618.25
each agent reward: 2112618.25
Episode 454 return: -2261586.25
Episode: 454, total reward: 2112618.25
each agent reward: 2112618.25
Episode 455 return: -2231227.5
Episode: 455, total reward: 2112618.25
each agent reward: 2112618.25
Episode 456 return: -2232711.25
Episode: 456, total reward: 2115011.0
each agent reward: 2115011.0
Episode 457 return: -2250681.75
Episode: 457, total reward: 2114899.0
each agent reward: 2114899.0
Episode 458 return: -2263213.75
Episode: 458, total reward: 2113785.25
each agent reward: 2113785.25
Episode 459 return: -2269135.5
Episode: 459, total reward: 2113785.25
each agent reward: 2113785.25
Episode 460 return: -2235433.25
Episode: 460, total reward: 2115011.0
each agent reward: 2115011.0
Episode 461 return: -2285511.5
Episode: 461, total reward: 2114899.0
each agent reward: 2114899.0
Episode 462 return: -2281959.75
Episode: 462, total reward: 2112618.25
each agent reward: 2112618.25
Episode 463 return: -2259769.5
Episode: 463, total reward: 2112618.25
each agent reward: 2112618.25
Episode 464 return: -2246068.0
Episode: 464, total reward: 2112618.25
each agent reward: 2112618.25
Episode 465 return: -2277134.5
Episode: 465, total reward: 2112618.25
each agent reward: 2112618.25
Episode 466 return: -2243270.0
Episode: 466, total reward: 2112618.25
each agent reward: 2112618.25
Episode 467 return: -2243912.0
Episode: 467, total reward: 2113785.25
each agent reward: 2113785.25
Episode 468 return: -2243818.5
Episode: 468, total reward: 2113785.25
each agent reward: 2113785.25
Episode 469 return: -2278571.75
Episode: 469, total reward: 2113785.25
each agent reward: 2113785.25
Episode 470 return: -2250287.25
Episode: 470, total reward: 2112618.25
each agent reward: 2112618.25
Episode 471 return: -2246458.5
Episode: 471, total reward: 2112618.25
each agent reward: 2112618.25
Episode 472 return: -2251050.0
Episode: 472, total reward: 2112618.25
each agent reward: 2112618.25
Episode 473 return: -2245590.0
Episode: 473, total reward: 2112618.25
each agent reward: 2112618.25
Episode 474 return: -2271061.25
Episode: 474, total reward: 2112618.25
each agent reward: 2112618.25
Episode 475 return: -2275472.0
Episode: 475, total reward: 2112618.25
each agent reward: 2112618.25
Episode 476 return: -2260717.5
Episode: 476, total reward: 2112618.25
each agent reward: 2112618.25
Episode 477 return: -2246128.25
Episode: 477, total reward: 2112618.25
each agent reward: 2112618.25
Episode 478 return: -2274551.5
Episode: 478, total reward: 2112618.25
each agent reward: 2112618.25
Episode 479 return: -2228798.0
Episode: 479, total reward: 2112618.25
each agent reward: 2112618.25
Episode 480 return: -2239980.5
Episode: 480, total reward: 2112618.25
each agent reward: 2112618.25
Episode 481 return: -2270961.25
Episode: 481, total reward: 2112618.25
each agent reward: 2112618.25
Episode 482 return: -2237253.0
Episode: 482, total reward: 2111657.25
each agent reward: 2111657.25
Episode 483 return: -2251891.75
Episode: 483, total reward: 2104823.0
each agent reward: 2104823.0
Episode 484 return: -2254817.5
Episode: 484, total reward: 2104823.0
each agent reward: 2104823.0
Episode 485 return: -2243679.25
Episode: 485, total reward: 2111539.0
each agent reward: 2111539.0
Episode 486 return: -2242954.75
Episode: 486, total reward: 2112618.25
each agent reward: 2112618.25
Episode 487 return: -2275742.5
Episode: 487, total reward: 2112618.25
each agent reward: 2112618.25
Episode 488 return: -2218124.0
Episode: 488, total reward: 2112618.25
each agent reward: 2112618.25
Episode 489 return: -2221210.25
Episode: 489, total reward: 2112618.25
each agent reward: 2112618.25
Episode 490 return: -2258306.75
Episode: 490, total reward: 2112618.25
each agent reward: 2112618.25
Episode 491 return: -2236082.5
Episode: 491, total reward: 2112618.25
each agent reward: 2112618.25
Episode 492 return: -2259211.75
Episode: 492, total reward: 2112618.25
each agent reward: 2112618.25
Episode 493 return: -2283078.0
Episode: 493, total reward: 2112618.25
each agent reward: 2112618.25
Episode 494 return: -2291103.75
Episode: 494, total reward: 2112618.25
each agent reward: 2112618.25
Episode 495 return: -2252815.0
Episode: 495, total reward: 2112618.25
each agent reward: 2112618.25
Episode 496 return: -2249820.75
Episode: 496, total reward: 2112618.25
each agent reward: 2112618.25
Episode 497 return: -2270402.5
Episode: 497, total reward: 2112618.25
each agent reward: 2112618.25
Episode 498 return: -2271908.5
Episode: 498, total reward: 2113785.25
each agent reward: 2113785.25
Episode 499 return: -2241543.0
Episode: 499, total reward: 2115011.0
each agent reward: 2115011.0
Episode 500 return: -2266302.25
Episode: 500, total reward: 2115011.0
each agent reward: 2115011.0
Episode 501 return: -2256924.0
Episode: 501, total reward: 2113785.25
each agent reward: 2113785.25
Episode 502 return: -2290769.75
Episode: 502, total reward: 2113785.25
each agent reward: 2113785.25
Episode 503 return: -2256033.5
Episode: 503, total reward: 2112618.25
each agent reward: 2112618.25
Episode 504 return: -2250810.25
Episode: 504, total reward: 2112618.25
each agent reward: 2112618.25
Episode 505 return: -2257186.25
Episode: 505, total reward: 2112618.25
each agent reward: 2112618.25
Episode 506 return: -2255576.25
Episode: 506, total reward: 2112618.25
each agent reward: 2112618.25
Episode 507 return: -2234859.25
Episode: 507, total reward: 2112618.25
each agent reward: 2112618.25
Episode 508 return: -2280586.25
Episode: 508, total reward: 2112618.25
each agent reward: 2112618.25
Episode 509 return: -2299306.0
Episode: 509, total reward: 2112618.25
each agent reward: 2112618.25
Episode 510 return: -2300420.5
Episode: 510, total reward: 2112618.25
each agent reward: 2112618.25
Episode 511 return: -2296845.25
Episode: 511, total reward: 2112618.25
each agent reward: 2112618.25
Episode 512 return: -2244268.0
Episode: 512, total reward: 2112618.25
each agent reward: 2112618.25
Episode 513 return: -2287987.0
Episode: 513, total reward: 2112618.25
each agent reward: 2112618.25
Episode 514 return: -2263590.5
Episode: 514, total reward: 2112618.25
each agent reward: 2112618.25
Episode 515 return: -2286086.5
Episode: 515, total reward: 2112618.25
each agent reward: 2112618.25
Episode 516 return: -2230588.75
Episode: 516, total reward: 2112618.25
each agent reward: 2112618.25
Episode 517 return: -2242575.0
Episode: 517, total reward: 2112618.25
each agent reward: 2112618.25
Episode 518 return: -2234051.75
Episode: 518, total reward: 2112618.25
each agent reward: 2112618.25
Episode 519 return: -2261678.5
Episode: 519, total reward: 2112618.25
each agent reward: 2112618.25
Episode 520 return: -2226516.5
Episode: 520, total reward: 2112618.25
each agent reward: 2112618.25
Episode 521 return: -2264252.25
Episode: 521, total reward: 2112618.25
each agent reward: 2112618.25
Episode 522 return: -2278585.25
Episode: 522, total reward: 2112618.25
each agent reward: 2112618.25
Episode 523 return: -2250991.75
Episode: 523, total reward: 2112618.25
each agent reward: 2112618.25
Episode 524 return: -2273905.25
Episode: 524, total reward: 2112618.25
each agent reward: 2112618.25
Episode 525 return: -2223750.25
Episode: 525, total reward: 2112618.25
each agent reward: 2112618.25
Episode 526 return: -2240768.25
Episode: 526, total reward: 2112618.25
each agent reward: 2112618.25
Episode 527 return: -2273938.75
Episode: 527, total reward: 2112618.25
each agent reward: 2112618.25
Episode 528 return: -2240282.75
Episode: 528, total reward: 2112618.25
each agent reward: 2112618.25
Episode 529 return: -2283226.0
Episode: 529, total reward: 2112618.25
each agent reward: 2112618.25
Episode 530 return: -2251334.25
Episode: 530, total reward: 2112618.25
each agent reward: 2112618.25
Episode 531 return: -2230124.25
Episode: 531, total reward: 2112618.25
each agent reward: 2112618.25
Episode 532 return: -2260728.5
Episode: 532, total reward: 2112618.25
each agent reward: 2112618.25
Episode 533 return: -2239458.25
Episode: 533, total reward: 2112618.25
each agent reward: 2112618.25
Episode 534 return: -2270540.5
Episode: 534, total reward: 2112618.25
each agent reward: 2112618.25
Episode 535 return: -2242529.5
Episode: 535, total reward: 2112618.25
each agent reward: 2112618.25
Episode 536 return: -2245977.5
Episode: 536, total reward: 2112618.25
each agent reward: 2112618.25
Episode 537 return: -2245109.0
Episode: 537, total reward: 2112618.25
each agent reward: 2112618.25
Episode 538 return: -2252385.0
Episode: 538, total reward: 2112618.25
each agent reward: 2112618.25
Episode 539 return: -2201633.5
Episode: 539, total reward: 2112618.25
each agent reward: 2112618.25
Episode 540 return: -2274420.5
Episode: 540, total reward: 2112618.25
each agent reward: 2112618.25
Episode 541 return: -2257580.75
Episode: 541, total reward: 2112618.25
each agent reward: 2112618.25
Episode 542 return: -2248877.0
Episode: 542, total reward: 2112618.25
each agent reward: 2112618.25
Episode 543 return: -2263756.75
Episode: 543, total reward: 2112618.25
each agent reward: 2112618.25
Episode 544 return: -2275483.25
Episode: 544, total reward: 2112618.25
each agent reward: 2112618.25
Episode 545 return: -2285276.0
Episode: 545, total reward: 2112618.25
each agent reward: 2112618.25
Episode 546 return: -2278675.5
Episode: 546, total reward: 2112618.25
each agent reward: 2112618.25
Episode 547 return: -2275598.5
Episode: 547, total reward: 2112618.25
each agent reward: 2112618.25
Episode 548 return: -2268051.75
Episode: 548, total reward: 2112618.25
each agent reward: 2112618.25
Episode 549 return: -2275504.25
Episode: 549, total reward: 2112618.25
each agent reward: 2112618.25
Episode 550 return: -2238401.25
Episode: 550, total reward: 2112618.25
each agent reward: 2112618.25
Episode 551 return: -2284152.75
Episode: 551, total reward: 2112618.25
each agent reward: 2112618.25
Episode 552 return: -2265287.0
Episode: 552, total reward: 2112618.25
each agent reward: 2112618.25
Episode 553 return: -2249283.5
Episode: 553, total reward: 2112618.25
each agent reward: 2112618.25
Episode 554 return: -2215733.5
Episode: 554, total reward: 2112618.25
each agent reward: 2112618.25
Episode 555 return: -2262068.75
Episode: 555, total reward: 2112618.25
each agent reward: 2112618.25
Episode 556 return: -2265670.25
Episode: 556, total reward: 2112618.25
each agent reward: 2112618.25
Episode 557 return: -2262929.75
Episode: 557, total reward: 2112618.25
each agent reward: 2112618.25
Episode 558 return: -2272096.25
Episode: 558, total reward: 2112618.25
each agent reward: 2112618.25
Episode 559 return: -2236777.25
Episode: 559, total reward: 2112618.25
each agent reward: 2112618.25
Episode 560 return: -2249240.5
Episode: 560, total reward: 2112618.25
each agent reward: 2112618.25
Episode 561 return: -2237314.25
Episode: 561, total reward: 2112618.25
each agent reward: 2112618.25
Episode 562 return: -2224858.0
Episode: 562, total reward: 2112618.25
each agent reward: 2112618.25
Episode 563 return: -2243651.25
Episode: 563, total reward: 2112618.25
each agent reward: 2112618.25
Episode 564 return: -2248918.0
Episode: 564, total reward: 2112618.25
each agent reward: 2112618.25
Episode 565 return: -2290887.5
Episode: 565, total reward: 2112618.25
each agent reward: 2112618.25
Episode 566 return: -2253762.5
Episode: 566, total reward: 2112618.25
each agent reward: 2112618.25
Episode 567 return: -2256830.25
Episode: 567, total reward: 2112618.25
each agent reward: 2112618.25
Episode 568 return: -2261904.25
Episode: 568, total reward: 2112618.25
each agent reward: 2112618.25
Episode 569 return: -2222168.75
Episode: 569, total reward: 2112618.25
each agent reward: 2112618.25
Episode 570 return: -2250029.5
Episode: 570, total reward: 2112618.25
each agent reward: 2112618.25
Episode 571 return: -2251420.75
Episode: 571, total reward: 2112618.25
each agent reward: 2112618.25
Episode 572 return: -2265186.25
Episode: 572, total reward: 2112618.25
each agent reward: 2112618.25
Episode 573 return: -2269237.75
Episode: 573, total reward: 2112618.25
each agent reward: 2112618.25
Episode 574 return: -2232251.0
Episode: 574, total reward: 2111657.25
each agent reward: 2111657.25
Episode 575 return: -2252296.0
Episode: 575, total reward: 2111657.25
each agent reward: 2111657.25
Episode 576 return: -2259000.0
Episode: 576, total reward: 2111657.25
each agent reward: 2111657.25
Episode 577 return: -2267140.25
Episode: 577, total reward: 2111657.25
each agent reward: 2111657.25
Episode 578 return: -2276121.5
Episode: 578, total reward: 2112618.25
each agent reward: 2112618.25
Episode 579 return: -2281541.75
Episode: 579, total reward: 2112618.25
each agent reward: 2112618.25
Episode 580 return: -2250804.5
Episode: 580, total reward: 2112618.25
each agent reward: 2112618.25
Episode 581 return: -2219518.25
Episode: 581, total reward: 2112618.25
each agent reward: 2112618.25
Episode 582 return: -2264913.25
Episode: 582, total reward: 2112618.25
each agent reward: 2112618.25
Episode 583 return: -2235138.0
Episode: 583, total reward: 2112618.25
each agent reward: 2112618.25
Episode 584 return: -2235728.5
Episode: 584, total reward: 2112618.25
each agent reward: 2112618.25
Episode 585 return: -2257122.75
Episode: 585, total reward: 2112618.25
each agent reward: 2112618.25
Episode 586 return: -2261728.25
Episode: 586, total reward: 2112115.25
each agent reward: 2112115.25
Episode 587 return: -2269348.5
Episode: 587, total reward: 2112618.25
each agent reward: 2112618.25
Episode 588 return: -2233188.5
Episode: 588, total reward: 2112115.25
each agent reward: 2112115.25
Episode 589 return: -2264825.25
Episode: 589, total reward: 2112618.25
each agent reward: 2112618.25
Episode 590 return: -2263552.75
Episode: 590, total reward: 2112618.25
each agent reward: 2112618.25
Episode 591 return: -2244755.0
Episode: 591, total reward: 2112618.25
each agent reward: 2112618.25
Episode 592 return: -2254875.5
Episode: 592, total reward: 2112618.25
each agent reward: 2112618.25
Episode 593 return: -2268817.5
Episode: 593, total reward: 2112618.25
each agent reward: 2112618.25
Episode 594 return: -2251482.5
Episode: 594, total reward: 2112618.25
each agent reward: 2112618.25
Episode 595 return: -2232374.25
Episode: 595, total reward: 2112618.25
each agent reward: 2112618.25
Episode 596 return: -2261617.25
Episode: 596, total reward: 2111657.25
each agent reward: 2111657.25
Episode 597 return: -2231224.0
Episode: 597, total reward: 2111657.25
each agent reward: 2111657.25
Episode 598 return: -2266789.25
Episode: 598, total reward: 2111897.0
each agent reward: 2111897.0
Episode 599 return: -2271212.25
Episode: 599, total reward: 2111657.25
each agent reward: 2111657.25
Episode 600 return: -2249081.5
Episode: 600, total reward: 2111657.25
each agent reward: 2111657.25
Episode 601 return: -2241024.5
Episode: 601, total reward: 2111657.25
each agent reward: 2111657.25
Episode 602 return: -2237727.5
Episode: 602, total reward: 2111657.25
each agent reward: 2111657.25
Episode 603 return: -2261579.75
Episode: 603, total reward: 2111657.25
each agent reward: 2111657.25
Episode 604 return: -2221057.75
Episode: 604, total reward: 2112618.25
each agent reward: 2112618.25
Episode 605 return: -2243676.25
Episode: 605, total reward: 2112618.25
each agent reward: 2112618.25
Episode 606 return: -2275330.5
Episode: 606, total reward: 2112618.25
each agent reward: 2112618.25
Episode 607 return: -2269146.5
Episode: 607, total reward: 2112618.25
each agent reward: 2112618.25
Episode 608 return: -2232877.25
Episode: 608, total reward: 2112618.25
each agent reward: 2112618.25
Episode 609 return: -2266543.5
Episode: 609, total reward: 2112618.25
each agent reward: 2112618.25
Episode 610 return: -2225218.5
Episode: 610, total reward: 2112618.25
each agent reward: 2112618.25
Episode 611 return: -2253749.5
Episode: 611, total reward: 2112618.25
each agent reward: 2112618.25
Episode 612 return: -2269655.25
Episode: 612, total reward: 2112115.25
each agent reward: 2112115.25
Episode 613 return: -2234471.5
Episode: 613, total reward: 2111657.25
each agent reward: 2111657.25
Episode 614 return: -2224780.0
Episode: 614, total reward: 2112618.25
each agent reward: 2112618.25
Episode 615 return: -2251348.0
Episode: 615, total reward: 2112618.25
each agent reward: 2112618.25
Episode 616 return: -2255173.75
Episode: 616, total reward: 2112618.25
each agent reward: 2112618.25
Episode 617 return: -2256478.25
Episode: 617, total reward: 2112618.25
each agent reward: 2112618.25
Episode 618 return: -2233267.5
Episode: 618, total reward: 2112618.25
each agent reward: 2112618.25
Episode 619 return: -2264353.0
Episode: 619, total reward: 2112618.25
each agent reward: 2112618.25
Episode 620 return: -2247642.0
Episode: 620, total reward: 2112618.25
each agent reward: 2112618.25
Episode 621 return: -2277438.0
Episode: 621, total reward: 2112618.25
each agent reward: 2112618.25
Episode 622 return: -2256974.25
Episode: 622, total reward: 2112618.25
each agent reward: 2112618.25
Episode 623 return: -2278437.25
Episode: 623, total reward: 2112618.25
each agent reward: 2112618.25
Episode 624 return: -2277321.75
Episode: 624, total reward: 2112618.25
each agent reward: 2112618.25
Episode 625 return: -2252572.25
Episode: 625, total reward: 2112618.25
each agent reward: 2112618.25
Episode 626 return: -2225842.0
Episode: 626, total reward: 2112618.25
each agent reward: 2112618.25
Episode 627 return: -2233610.25
Episode: 627, total reward: 2112618.25
each agent reward: 2112618.25
Episode 628 return: -2218711.25
Episode: 628, total reward: 2111657.25
each agent reward: 2111657.25
Episode 629 return: -2215947.25
Episode: 629, total reward: 2111657.25
each agent reward: 2111657.25
Episode 630 return: -2229228.5
Episode: 630, total reward: 2111657.25
each agent reward: 2111657.25
Episode 631 return: -2248831.0
Episode: 631, total reward: 2112618.25
each agent reward: 2112618.25
Episode 632 return: -2245756.75
Episode: 632, total reward: 2112618.25
each agent reward: 2112618.25
Episode 633 return: -2279484.75
Episode: 633, total reward: 2112618.25
each agent reward: 2112618.25
Episode 634 return: -2267903.75
Episode: 634, total reward: 2112618.25
each agent reward: 2112618.25
Episode 635 return: -2241392.0
Episode: 635, total reward: 2112618.25
each agent reward: 2112618.25
Episode 636 return: -2291371.25
Episode: 636, total reward: 2112618.25
each agent reward: 2112618.25
Episode 637 return: -2245054.0
Episode: 637, total reward: 2112618.25
each agent reward: 2112618.25
Episode 638 return: -2255603.5
Episode: 638, total reward: 2112618.25
each agent reward: 2112618.25
Episode 639 return: -2245007.25
Episode: 639, total reward: 2112618.25
each agent reward: 2112618.25
Episode 640 return: -2230916.75
Episode: 640, total reward: 2112618.25
each agent reward: 2112618.25
Episode 641 return: -2224669.0
Episode: 641, total reward: 2112618.25
each agent reward: 2112618.25
Episode 642 return: -2250338.25
Episode: 642, total reward: 2112618.25
each agent reward: 2112618.25
Episode 643 return: -2267215.5
Episode: 643, total reward: 2112618.25
each agent reward: 2112618.25
Episode 644 return: -2226177.0
Episode: 644, total reward: 2112618.25
each agent reward: 2112618.25
Episode 645 return: -2235273.5
Episode: 645, total reward: 2112618.25
each agent reward: 2112618.25
Episode 646 return: -2286248.0
Episode: 646, total reward: 2112618.25
each agent reward: 2112618.25
Episode 647 return: -2269211.75
Episode: 647, total reward: 2112618.25
each agent reward: 2112618.25
Episode 648 return: -2271179.0
Episode: 648, total reward: 2112618.25
each agent reward: 2112618.25
Episode 649 return: -2261276.75
Episode: 649, total reward: 2112618.25
each agent reward: 2112618.25
Episode 650 return: -2262433.25
Episode: 650, total reward: 2111657.25
each agent reward: 2111657.25
Episode 651 return: -2273885.75
Episode: 651, total reward: 2111657.25
each agent reward: 2111657.25
Episode 652 return: -2253589.0
Episode: 652, total reward: 2111657.25
each agent reward: 2111657.25
Episode 653 return: -2242661.25
Episode: 653, total reward: 2112618.25
each agent reward: 2112618.25
Episode 654 return: -2259444.25
Episode: 654, total reward: 2112618.25
each agent reward: 2112618.25
Episode 655 return: -2251225.75
Episode: 655, total reward: 2112618.25
each agent reward: 2112618.25
Episode 656 return: -2247336.5
Episode: 656, total reward: 2112618.25
each agent reward: 2112618.25
Episode 657 return: -2252254.5
Episode: 657, total reward: 2112618.25
each agent reward: 2112618.25
Episode 658 return: -2249550.25
Episode: 658, total reward: 2112618.25
each agent reward: 2112618.25
Episode 659 return: -2250605.75
Episode: 659, total reward: 2112618.25
each agent reward: 2112618.25
Episode 660 return: -2246251.75
Episode: 660, total reward: 2112618.25
each agent reward: 2112618.25
Episode 661 return: -2259147.0
Episode: 661, total reward: 2112618.25
each agent reward: 2112618.25
Episode 662 return: -2233913.75
Episode: 662, total reward: 2112618.25
each agent reward: 2112618.25
Episode 663 return: -2247601.75
Episode: 663, total reward: 2112618.25
each agent reward: 2112618.25
Episode 664 return: -2253070.5
Episode: 664, total reward: 2112618.25
each agent reward: 2112618.25
Episode 665 return: -2262028.75
Episode: 665, total reward: 2112618.25
each agent reward: 2112618.25
Episode 666 return: -2272920.75
Episode: 666, total reward: 2112618.25
each agent reward: 2112618.25
Episode 667 return: -2228823.75
Episode: 667, total reward: 2112618.25
each agent reward: 2112618.25
Episode 668 return: -2220498.75
Episode: 668, total reward: 2112618.25
each agent reward: 2112618.25
Episode 669 return: -2266593.5
Episode: 669, total reward: 2112618.25
each agent reward: 2112618.25
Episode 670 return: -2282847.25
Episode: 670, total reward: 2112618.25
each agent reward: 2112618.25
Episode 671 return: -2248608.25
Episode: 671, total reward: 2112618.25
each agent reward: 2112618.25
Episode 672 return: -2243223.5
Episode: 672, total reward: 2112618.25
each agent reward: 2112618.25
Episode 673 return: -2258781.0
Episode: 673, total reward: 2112618.25
each agent reward: 2112618.25
Episode 674 return: -2244793.5
Episode: 674, total reward: 2112618.25
each agent reward: 2112618.25
Episode 675 return: -2267745.75
Episode: 675, total reward: 2112618.25
each agent reward: 2112618.25
Episode 676 return: -2262808.5
Episode: 676, total reward: 2112618.25
each agent reward: 2112618.25
Episode 677 return: -2226397.25
Episode: 677, total reward: 2112618.25
each agent reward: 2112618.25
Episode 678 return: -2237884.5
Episode: 678, total reward: 2112618.25
each agent reward: 2112618.25
Episode 679 return: -2240660.25
Episode: 679, total reward: 2112618.25
each agent reward: 2112618.25
Episode 680 return: -2265646.75
Episode: 680, total reward: 2112618.25
each agent reward: 2112618.25
Episode 681 return: -2260572.5
Episode: 681, total reward: 2112618.25
each agent reward: 2112618.25
Episode 682 return: -2236048.0
Episode: 682, total reward: 2112618.25
each agent reward: 2112618.25
Episode 683 return: -2259625.75
Episode: 683, total reward: 2112618.25
each agent reward: 2112618.25
Episode 684 return: -2258805.25
Episode: 684, total reward: 2112618.25
each agent reward: 2112618.25
Episode 685 return: -2215249.5
Episode: 685, total reward: 2112618.25
each agent reward: 2112618.25
Episode 686 return: -2249652.25
Episode: 686, total reward: 2112618.25
each agent reward: 2112618.25
Episode 687 return: -2244308.25
Episode: 687, total reward: 2112618.25
each agent reward: 2112618.25
Episode 688 return: -2258337.25
Episode: 688, total reward: 2112618.25
each agent reward: 2112618.25
Episode 689 return: -2261001.5
Episode: 689, total reward: 2112618.25
each agent reward: 2112618.25
Episode 690 return: -2220235.0
Episode: 690, total reward: 2112618.25
each agent reward: 2112618.25
Episode 691 return: -2229477.5
Episode: 691, total reward: 2112618.25
each agent reward: 2112618.25
Episode 692 return: -2243725.0
Episode: 692, total reward: 2112618.25
each agent reward: 2112618.25
Episode 693 return: -2258100.75
Episode: 693, total reward: 2112618.25
each agent reward: 2112618.25
Episode 694 return: -2255043.5
Episode: 694, total reward: 2112618.25
each agent reward: 2112618.25
Episode 695 return: -2283535.5
Episode: 695, total reward: 2112618.25
each agent reward: 2112618.25
Episode 696 return: -2272306.25
Episode: 696, total reward: 2112618.25
each agent reward: 2112618.25
Episode 697 return: -2262343.75
Episode: 697, total reward: 2112618.25
each agent reward: 2112618.25
Episode 698 return: -2241882.75
Episode: 698, total reward: 2112618.25
each agent reward: 2112618.25
Episode 699 return: -2274545.0
Episode: 699, total reward: 2112618.25
each agent reward: 2112618.25
Episode 700 return: -2228630.75
Episode: 700, total reward: 2112618.25
each agent reward: 2112618.25
Episode 701 return: -2230844.0
Episode: 701, total reward: 2112618.25
each agent reward: 2112618.25
Episode 702 return: -2211037.75
Episode: 702, total reward: 2112618.25
each agent reward: 2112618.25
Episode 703 return: -2232415.0
Episode: 703, total reward: 2112618.25
each agent reward: 2112618.25
Episode 704 return: -2289157.0
Episode: 704, total reward: 2112618.25
each agent reward: 2112618.25
Episode 705 return: -2261019.75
Episode: 705, total reward: 2112618.25
each agent reward: 2112618.25
Episode 706 return: -2281714.0
Episode: 706, total reward: 2112618.25
each agent reward: 2112618.25
Episode 707 return: -2262541.25
Episode: 707, total reward: 2112618.25
each agent reward: 2112618.25
Episode 708 return: -2253942.25
Episode: 708, total reward: 2112618.25
each agent reward: 2112618.25
Episode 709 return: -2250761.0
Episode: 709, total reward: 2112618.25
each agent reward: 2112618.25
Episode 710 return: -2259602.0
Episode: 710, total reward: 2112618.25
each agent reward: 2112618.25
Episode 711 return: -2238323.0
Episode: 711, total reward: 2112618.25
each agent reward: 2112618.25
Episode 712 return: -2258999.75
Episode: 712, total reward: 2112618.25
each agent reward: 2112618.25
Episode 713 return: -2242316.5
Episode: 713, total reward: 2112618.25
each agent reward: 2112618.25
Episode 714 return: -2254529.75
Episode: 714, total reward: 2112618.25
each agent reward: 2112618.25
Episode 715 return: -2258158.0
Episode: 715, total reward: 2112618.25
each agent reward: 2112618.25
Episode 716 return: -2247886.75
Episode: 716, total reward: 2112618.25
each agent reward: 2112618.25
Episode 717 return: -2273680.0
Episode: 717, total reward: 2112618.25
each agent reward: 2112618.25
Episode 718 return: -2256234.25
Episode: 718, total reward: 2112618.25
each agent reward: 2112618.25
Episode 719 return: -2249572.0
Episode: 719, total reward: 2112618.25
each agent reward: 2112618.25
Episode 720 return: -2266516.75
Episode: 720, total reward: 2112618.25
each agent reward: 2112618.25
Episode 721 return: -2265943.75
Episode: 721, total reward: 2112618.25
each agent reward: 2112618.25
Episode 722 return: -2246707.75
Episode: 722, total reward: 2113696.75
each agent reward: 2113696.75
Episode 723 return: -2244059.5
Episode: 723, total reward: 2115052.0
each agent reward: 2115052.0
Episode 724 return: -2244096.25
Episode: 724, total reward: 2115052.0
each agent reward: 2115052.0
Episode 725 return: -2276762.5
Episode: 725, total reward: 2115052.0
each agent reward: 2115052.0
Episode 726 return: -2258774.5
Episode: 726, total reward: 2115052.0
each agent reward: 2115052.0
Episode 727 return: -2246894.5
Episode: 727, total reward: 2115052.0
each agent reward: 2115052.0
Episode 728 return: -2253945.5
Episode: 728, total reward: 2115052.0
each agent reward: 2115052.0
Episode 729 return: -2248195.5
Episode: 729, total reward: 2115052.0
each agent reward: 2115052.0
Episode 730 return: -2235701.5
Episode: 730, total reward: 2115052.0
each agent reward: 2115052.0
Episode 731 return: -2263020.0
Episode: 731, total reward: 2115052.0
each agent reward: 2115052.0
Episode 732 return: -2236563.5
Episode: 732, total reward: 2115052.0
each agent reward: 2115052.0
Episode 733 return: -2270647.0
Episode: 733, total reward: 2115052.0
each agent reward: 2115052.0
Episode 734 return: -2252094.5
Episode: 734, total reward: 2115052.0
each agent reward: 2115052.0
Episode 735 return: -2246391.75
Episode: 735, total reward: 2115052.0
each agent reward: 2115052.0
Episode 736 return: -2283329.5
Episode: 736, total reward: 2115052.0
each agent reward: 2115052.0
Episode 737 return: -2245535.75
Episode: 737, total reward: 2115052.0
each agent reward: 2115052.0
Episode 738 return: -2258356.25
Episode: 738, total reward: 2115052.0
each agent reward: 2115052.0
Episode 739 return: -2234555.25
Episode: 739, total reward: 2115052.0
each agent reward: 2115052.0
Episode 740 return: -2253443.5
Episode: 740, total reward: 2115052.0
each agent reward: 2115052.0
Episode 741 return: -2238662.75
Episode: 741, total reward: 2115052.0
each agent reward: 2115052.0
Episode 742 return: -2235986.25
Episode: 742, total reward: 2115052.0
each agent reward: 2115052.0
Episode 743 return: -2273096.75
Episode: 743, total reward: 2115052.0
each agent reward: 2115052.0
Episode 744 return: -2282585.25
Episode: 744, total reward: 2115052.0
each agent reward: 2115052.0
Episode 745 return: -2258329.75
Episode: 745, total reward: 2115052.0
each agent reward: 2115052.0
Episode 746 return: -2256458.0
Episode: 746, total reward: 2115052.0
each agent reward: 2115052.0
Episode 747 return: -2276889.75
Episode: 747, total reward: 2115052.0
each agent reward: 2115052.0
Episode 748 return: -2258685.0
Episode: 748, total reward: 2115052.0
each agent reward: 2115052.0
Episode 749 return: -2274634.0
Episode: 749, total reward: 2115052.0
each agent reward: 2115052.0
Episode 750 return: -2247305.5
Episode: 750, total reward: 2115052.0
each agent reward: 2115052.0
Episode 751 return: -2249555.25
Episode: 751, total reward: 2115052.0
each agent reward: 2115052.0
Episode 752 return: -2283153.75
Episode: 752, total reward: 2115052.0
each agent reward: 2115052.0
Episode 753 return: -2247298.25
Episode: 753, total reward: 2115052.0
each agent reward: 2115052.0
Episode 754 return: -2245088.0
Episode: 754, total reward: 2115052.0
each agent reward: 2115052.0
Episode 755 return: -2254457.75
Episode: 755, total reward: 2115052.0
each agent reward: 2115052.0
Episode 756 return: -2248143.0
Episode: 756, total reward: 2115052.0
each agent reward: 2115052.0
Episode 757 return: -2275780.5
Episode: 757, total reward: 2115052.0
each agent reward: 2115052.0
Episode 758 return: -2269775.25
Episode: 758, total reward: 2115052.0
each agent reward: 2115052.0
Episode 759 return: -2244861.25
Episode: 759, total reward: 2115052.0
each agent reward: 2115052.0
Episode 760 return: -2251273.5
Episode: 760, total reward: 2115052.0
each agent reward: 2115052.0
Episode 761 return: -2259110.0
Episode: 761, total reward: 2115052.0
each agent reward: 2115052.0
Episode 762 return: -2250211.5
Episode: 762, total reward: 2115052.0
each agent reward: 2115052.0
Episode 763 return: -2269541.0
Episode: 763, total reward: 2115052.0
each agent reward: 2115052.0
Episode 764 return: -2235728.0
Episode: 764, total reward: 2115052.0
each agent reward: 2115052.0
Episode 765 return: -2228769.5
Episode: 765, total reward: 2115052.0
each agent reward: 2115052.0
Episode 766 return: -2226137.25
Episode: 766, total reward: 2115052.0
each agent reward: 2115052.0
Episode 767 return: -2277257.75
Episode: 767, total reward: 2115052.0
each agent reward: 2115052.0
Episode 768 return: -2277240.5
Episode: 768, total reward: 2115052.0
each agent reward: 2115052.0
Episode 769 return: -2241153.25
Episode: 769, total reward: 2115052.0
each agent reward: 2115052.0
Episode 770 return: -2231529.75
Episode: 770, total reward: 2115052.0
each agent reward: 2115052.0
Episode 771 return: -2266164.75
Episode: 771, total reward: 2115052.0
each agent reward: 2115052.0
Episode 772 return: -2293200.25
Episode: 772, total reward: 2115052.0
each agent reward: 2115052.0
Episode 773 return: -2249328.25
Episode: 773, total reward: 2115052.0
each agent reward: 2115052.0
Episode 774 return: -2253922.75
Episode: 774, total reward: 2115052.0
each agent reward: 2115052.0
Episode 775 return: -2250844.0
Episode: 775, total reward: 2115052.0
each agent reward: 2115052.0
Episode 776 return: -2259020.0
Episode: 776, total reward: 2115052.0
each agent reward: 2115052.0
Episode 777 return: -2242051.75
Episode: 777, total reward: 2115052.0
each agent reward: 2115052.0
Episode 778 return: -2242897.75
Episode: 778, total reward: 2115052.0
each agent reward: 2115052.0
Episode 779 return: -2264339.75
Episode: 779, total reward: 2115052.0
each agent reward: 2115052.0
Episode 780 return: -2263010.5
Episode: 780, total reward: 2115052.0
each agent reward: 2115052.0
Episode 781 return: -2254601.75
Episode: 781, total reward: 2115052.0
each agent reward: 2115052.0
Episode 782 return: -2295074.75
Episode: 782, total reward: 2115052.0
each agent reward: 2115052.0
Episode 783 return: -2263073.25
Episode: 783, total reward: 2115052.0
each agent reward: 2115052.0
Episode 784 return: -2255890.0
Episode: 784, total reward: 2115052.0
each agent reward: 2115052.0
Episode 785 return: -2259039.5
Episode: 785, total reward: 2115052.0
each agent reward: 2115052.0
Episode 786 return: -2297362.25
Episode: 786, total reward: 2115052.0
each agent reward: 2115052.0
Episode 787 return: -2239828.25
Episode: 787, total reward: 2115052.0
each agent reward: 2115052.0
Episode 788 return: -2264509.5
Episode: 788, total reward: 2115052.0
each agent reward: 2115052.0
Episode 789 return: -2261833.75
Episode: 789, total reward: 2115052.0
each agent reward: 2115052.0
Episode 790 return: -2304816.5
Episode: 790, total reward: 2115052.0
each agent reward: 2115052.0
Episode 791 return: -2207377.75
Episode: 791, total reward: 2115052.0
each agent reward: 2115052.0
Episode 792 return: -2258865.25
Episode: 792, total reward: 2115052.0
each agent reward: 2115052.0
Episode 793 return: -2249443.5
Episode: 793, total reward: 2115052.0
each agent reward: 2115052.0
Episode 794 return: -2240583.0
Episode: 794, total reward: 2115052.0
each agent reward: 2115052.0
Episode 795 return: -2240786.75
Episode: 795, total reward: 2115052.0
each agent reward: 2115052.0
Episode 796 return: -2249449.25
Episode: 796, total reward: 2115052.0
each agent reward: 2115052.0
Episode 797 return: -2287881.25
Episode: 797, total reward: 2115052.0
each agent reward: 2115052.0
Episode 798 return: -2231874.75
Episode: 798, total reward: 2115052.0
each agent reward: 2115052.0
Episode 799 return: -2240080.0
Episode: 799, total reward: 2115052.0
each agent reward: 2115052.0
Episode 800 return: -2261240.75
Episode: 800, total reward: 2115052.0
each agent reward: 2115052.0
Episode 801 return: -2227857.75
Episode: 801, total reward: 2115052.0
each agent reward: 2115052.0
Episode 802 return: -2236507.75
Episode: 802, total reward: 2115052.0
each agent reward: 2115052.0
Episode 803 return: -2281320.0
Episode: 803, total reward: 2115052.0
each agent reward: 2115052.0
Episode 804 return: -2265913.5
Episode: 804, total reward: 2115052.0
each agent reward: 2115052.0
Episode 805 return: -2302723.75
Episode: 805, total reward: 2115052.0
each agent reward: 2115052.0
Episode 806 return: -2298152.75
Episode: 806, total reward: 2115052.0
each agent reward: 2115052.0
Episode 807 return: -2288630.0
Episode: 807, total reward: 2115052.0
each agent reward: 2115052.0
Episode 808 return: -2253862.0
Episode: 808, total reward: 2115052.0
each agent reward: 2115052.0
Episode 809 return: -2254921.25
Episode: 809, total reward: 2115052.0
each agent reward: 2115052.0
Episode 810 return: -2239349.25
Episode: 810, total reward: 2115052.0
each agent reward: 2115052.0
Episode 811 return: -2265639.25
Episode: 811, total reward: 2115052.0
each agent reward: 2115052.0
Episode 812 return: -2271474.25
Episode: 812, total reward: 2115052.0
each agent reward: 2115052.0
Episode 813 return: -2289461.75
Episode: 813, total reward: 2115052.0
each agent reward: 2115052.0
Episode 814 return: -2258493.5
Episode: 814, total reward: 2115052.0
each agent reward: 2115052.0
Episode 815 return: -2267946.75
Episode: 815, total reward: 2115052.0
each agent reward: 2115052.0
Episode 816 return: -2248374.5
Episode: 816, total reward: 2115052.0
each agent reward: 2115052.0
Episode 817 return: -2276684.75
Episode: 817, total reward: 2115052.0
each agent reward: 2115052.0
Episode 818 return: -2244788.25
Episode: 818, total reward: 2115052.0
each agent reward: 2115052.0
Episode 819 return: -2282204.75
Episode: 819, total reward: 2115052.0
each agent reward: 2115052.0
Episode 820 return: -2236441.0
Episode: 820, total reward: 2115052.0
each agent reward: 2115052.0
Episode 821 return: -2245995.75
Episode: 821, total reward: 2115052.0
each agent reward: 2115052.0
Episode 822 return: -2252445.5
Episode: 822, total reward: 2115052.0
each agent reward: 2115052.0
Episode 823 return: -2254026.5
Episode: 823, total reward: 2115052.0
each agent reward: 2115052.0
Episode 824 return: -2251599.5
Episode: 824, total reward: 2115052.0
each agent reward: 2115052.0
Episode 825 return: -2232785.5
Episode: 825, total reward: 2115052.0
each agent reward: 2115052.0
Episode 826 return: -2240480.25
Episode: 826, total reward: 2115052.0
each agent reward: 2115052.0
Episode 827 return: -2233487.75
Episode: 827, total reward: 2115052.0
each agent reward: 2115052.0
Episode 828 return: -2247053.75
Episode: 828, total reward: 2115052.0
each agent reward: 2115052.0
Episode 829 return: -2254035.5
Episode: 829, total reward: 2115052.0
each agent reward: 2115052.0
Episode 830 return: -2270402.75
Episode: 830, total reward: 2115052.0
each agent reward: 2115052.0
Episode 831 return: -2265552.5
Episode: 831, total reward: 2115052.0
each agent reward: 2115052.0
Episode 832 return: -2233108.25
Episode: 832, total reward: 2115052.0
each agent reward: 2115052.0
Episode 833 return: -2253276.5
Episode: 833, total reward: 2115052.0
each agent reward: 2115052.0
Episode 834 return: -2255537.5
Episode: 834, total reward: 2115052.0
each agent reward: 2115052.0
Episode 835 return: -2263664.25
Episode: 835, total reward: 2115052.0
each agent reward: 2115052.0
Episode 836 return: -2237243.75
Episode: 836, total reward: 2115052.0
each agent reward: 2115052.0
Episode 837 return: -2233524.5
Episode: 837, total reward: 2115052.0
each agent reward: 2115052.0
Episode 838 return: -2224668.5
Episode: 838, total reward: 2115052.0
each agent reward: 2115052.0
Episode 839 return: -2279482.0
Episode: 839, total reward: 2115052.0
each agent reward: 2115052.0
Episode 840 return: -2264420.5
Episode: 840, total reward: 2115052.0
each agent reward: 2115052.0
Episode 841 return: -2258488.25
Episode: 841, total reward: 2115052.0
each agent reward: 2115052.0
Episode 842 return: -2235551.5
Episode: 842, total reward: 2115052.0
each agent reward: 2115052.0
Episode 843 return: -2220488.75
Episode: 843, total reward: 2115052.0
each agent reward: 2115052.0
Episode 844 return: -2236835.25
Episode: 844, total reward: 2115052.0
each agent reward: 2115052.0
Episode 845 return: -2255024.5
Episode: 845, total reward: 2115052.0
each agent reward: 2115052.0
Episode 846 return: -2268082.75
Episode: 846, total reward: 2115052.0
each agent reward: 2115052.0
Episode 847 return: -2292072.75
Episode: 847, total reward: 2115052.0
each agent reward: 2115052.0
Episode 848 return: -2241844.0
Episode: 848, total reward: 2115052.0
each agent reward: 2115052.0
Episode 849 return: -2265277.5
Episode: 849, total reward: 2115052.0
each agent reward: 2115052.0
Episode 850 return: -2248047.75
Episode: 850, total reward: 2115052.0
each agent reward: 2115052.0
Episode 851 return: -2246927.0
Episode: 851, total reward: 2115052.0
each agent reward: 2115052.0
Episode 852 return: -2245487.25
Episode: 852, total reward: 2115052.0
each agent reward: 2115052.0
Episode 853 return: -2226855.75
Episode: 853, total reward: 2115052.0
each agent reward: 2115052.0
Episode 854 return: -2261400.5
Episode: 854, total reward: 2115052.0
each agent reward: 2115052.0
Episode 855 return: -2281325.5
Episode: 855, total reward: 2115052.0
each agent reward: 2115052.0
Episode 856 return: -2237585.25
Episode: 856, total reward: 2115052.0
each agent reward: 2115052.0
Episode 857 return: -2233525.25
Episode: 857, total reward: 2115052.0
each agent reward: 2115052.0
Episode 858 return: -2262380.25
Episode: 858, total reward: 2115052.0
each agent reward: 2115052.0
Episode 859 return: -2260034.5
Episode: 859, total reward: 2115052.0
each agent reward: 2115052.0
Episode 860 return: -2246780.75
Episode: 860, total reward: 2115052.0
each agent reward: 2115052.0
Episode 861 return: -2255305.5
Episode: 861, total reward: 2115052.0
each agent reward: 2115052.0
Episode 862 return: -2241895.5
Episode: 862, total reward: 2115052.0
each agent reward: 2115052.0
Episode 863 return: -2262058.75
Episode: 863, total reward: 2115052.0
each agent reward: 2115052.0
Episode 864 return: -2238325.25
Episode: 864, total reward: 2115052.0
each agent reward: 2115052.0
Episode 865 return: -2241220.5
Episode: 865, total reward: 2115052.0
each agent reward: 2115052.0
Episode 866 return: -2246018.5
Episode: 866, total reward: 2115052.0
each agent reward: 2115052.0
Episode 867 return: -2266881.0
Episode: 867, total reward: 2115052.0
each agent reward: 2115052.0
Episode 868 return: -2251046.25
Episode: 868, total reward: 2115052.0
each agent reward: 2115052.0
Episode 869 return: -2264527.75
Episode: 869, total reward: 2115052.0
each agent reward: 2115052.0
Episode 870 return: -2253120.75
Episode: 870, total reward: 2115052.0
each agent reward: 2115052.0
Episode 871 return: -2229957.25
Episode: 871, total reward: 2115052.0
each agent reward: 2115052.0
Episode 872 return: -2253169.25
Episode: 872, total reward: 2115052.0
each agent reward: 2115052.0
Episode 873 return: -2272997.5
Episode: 873, total reward: 2115052.0
each agent reward: 2115052.0
Episode 874 return: -2241220.0
Episode: 874, total reward: 2115052.0
each agent reward: 2115052.0
Episode 875 return: -2286983.0
Episode: 875, total reward: 2115052.0
each agent reward: 2115052.0
Episode 876 return: -2248591.0
Episode: 876, total reward: 2115052.0
each agent reward: 2115052.0
Episode 877 return: -2283778.5
Episode: 877, total reward: 2115052.0
each agent reward: 2115052.0
Episode 878 return: -2257714.0
Episode: 878, total reward: 2115052.0
each agent reward: 2115052.0
Episode 879 return: -2273189.5
Episode: 879, total reward: 2115052.0
each agent reward: 2115052.0
Episode 880 return: -2259031.25
Episode: 880, total reward: 2115052.0
each agent reward: 2115052.0
Episode 881 return: -2238920.0
Episode: 881, total reward: 2115052.0
each agent reward: 2115052.0
Episode 882 return: -2248423.0
Episode: 882, total reward: 2115052.0
each agent reward: 2115052.0
Episode 883 return: -2273387.25
Episode: 883, total reward: 2115052.0
each agent reward: 2115052.0
Episode 884 return: -2265060.0
Episode: 884, total reward: 2115052.0
each agent reward: 2115052.0
Episode 885 return: -2302594.75
Episode: 885, total reward: 2115052.0
each agent reward: 2115052.0
Episode 886 return: -2264510.75
Episode: 886, total reward: 2115052.0
each agent reward: 2115052.0
Episode 887 return: -2243318.75
Episode: 887, total reward: 2115052.0
each agent reward: 2115052.0
Episode 888 return: -2264490.5
Episode: 888, total reward: 2115052.0
each agent reward: 2115052.0
Episode 889 return: -2235119.5
Episode: 889, total reward: 2115052.0
each agent reward: 2115052.0
Episode 890 return: -2241024.5
Episode: 890, total reward: 2115052.0
each agent reward: 2115052.0
Episode 891 return: -2269623.25
Episode: 891, total reward: 2115052.0
each agent reward: 2115052.0
Episode 892 return: -2263600.0
Episode: 892, total reward: 2115052.0
each agent reward: 2115052.0
Episode 893 return: -2251113.25
Episode: 893, total reward: 2115052.0
each agent reward: 2115052.0
Episode 894 return: -2218575.75
Episode: 894, total reward: 2115052.0
each agent reward: 2115052.0
Episode 895 return: -2245624.0
Episode: 895, total reward: 2115052.0
each agent reward: 2115052.0
Episode 896 return: -2257538.0
Episode: 896, total reward: 2115052.0
each agent reward: 2115052.0
Episode 897 return: -2254623.5
Episode: 897, total reward: 2115052.0
each agent reward: 2115052.0
Episode 898 return: -2276732.5
Episode: 898, total reward: 2115052.0
each agent reward: 2115052.0
Episode 899 return: -2239015.5
Episode: 899, total reward: 2115052.0
each agent reward: 2115052.0
Episode 900 return: -2241333.75
Episode: 900, total reward: 2115052.0
each agent reward: 2115052.0
Episode 901 return: -2281637.25
Episode: 901, total reward: 2115052.0
each agent reward: 2115052.0
Episode 902 return: -2258287.0
Episode: 902, total reward: 2115052.0
each agent reward: 2115052.0
Episode 903 return: -2242712.5
Episode: 903, total reward: 2115052.0
each agent reward: 2115052.0
Episode 904 return: -2251923.5
Episode: 904, total reward: 2115052.0
each agent reward: 2115052.0
Episode 905 return: -2272204.75
Episode: 905, total reward: 2115052.0
each agent reward: 2115052.0
Episode 906 return: -2253677.5
Episode: 906, total reward: 2115052.0
each agent reward: 2115052.0
Episode 907 return: -2256319.0
Episode: 907, total reward: 2115052.0
each agent reward: 2115052.0
Episode 908 return: -2255168.0
Episode: 908, total reward: 2115052.0
each agent reward: 2115052.0
Episode 909 return: -2248989.5
Episode: 909, total reward: 2115052.0
each agent reward: 2115052.0
Episode 910 return: -2266480.5
Episode: 910, total reward: 2115052.0
each agent reward: 2115052.0
Episode 911 return: -2247594.75
Episode: 911, total reward: 2115052.0
each agent reward: 2115052.0
Episode 912 return: -2264296.0
Episode: 912, total reward: 2115052.0
each agent reward: 2115052.0
Episode 913 return: -2221211.5
Episode: 913, total reward: 2115052.0
each agent reward: 2115052.0
Episode 914 return: -2217466.25
Episode: 914, total reward: 2115052.0
each agent reward: 2115052.0
Episode 915 return: -2245773.0
Episode: 915, total reward: 2115052.0
each agent reward: 2115052.0
Episode 916 return: -2236288.75
Episode: 916, total reward: 2115052.0
each agent reward: 2115052.0
Episode 917 return: -2268281.75
Episode: 917, total reward: 2115052.0
each agent reward: 2115052.0
Episode 918 return: -2288186.5
Episode: 918, total reward: 2115052.0
each agent reward: 2115052.0
Episode 919 return: -2249717.0
Episode: 919, total reward: 2115052.0
each agent reward: 2115052.0
Episode 920 return: -2228667.5
Episode: 920, total reward: 2115052.0
each agent reward: 2115052.0
Episode 921 return: -2241873.0
Episode: 921, total reward: 2115052.0
each agent reward: 2115052.0
Episode 922 return: -2288573.5
Episode: 922, total reward: 2115052.0
each agent reward: 2115052.0
Episode 923 return: -2269708.25
Episode: 923, total reward: 2115052.0
each agent reward: 2115052.0
Episode 924 return: -2273373.0
Episode: 924, total reward: 2115052.0
each agent reward: 2115052.0
Episode 925 return: -2265728.75
Episode: 925, total reward: 2115052.0
each agent reward: 2115052.0
Episode 926 return: -2278004.25
Episode: 926, total reward: 2115052.0
each agent reward: 2115052.0
Episode 927 return: -2284438.0
Episode: 927, total reward: 2115052.0
each agent reward: 2115052.0
Episode 928 return: -2246261.25
Episode: 928, total reward: 2115052.0
each agent reward: 2115052.0
Episode 929 return: -2240369.0
Episode: 929, total reward: 2115052.0
each agent reward: 2115052.0
Episode 930 return: -2216335.0
Episode: 930, total reward: 2115052.0
each agent reward: 2115052.0
Episode 931 return: -2242728.25
Episode: 931, total reward: 2115052.0
each agent reward: 2115052.0
Episode 932 return: -2232879.5
Episode: 932, total reward: 2115052.0
each agent reward: 2115052.0
Episode 933 return: -2245862.25
Episode: 933, total reward: 2115052.0
each agent reward: 2115052.0
Episode 934 return: -2244583.0
Episode: 934, total reward: 2115052.0
each agent reward: 2115052.0
Episode 935 return: -2253719.5
Episode: 935, total reward: 2115052.0
each agent reward: 2115052.0
Episode 936 return: -2239679.75
Episode: 936, total reward: 2115052.0
each agent reward: 2115052.0
Episode 937 return: -2286095.25
Episode: 937, total reward: 2115052.0
each agent reward: 2115052.0
Episode 938 return: -2237424.75
Episode: 938, total reward: 2115052.0
each agent reward: 2115052.0
Episode 939 return: -2264144.25
Episode: 939, total reward: 2115052.0
each agent reward: 2115052.0
Episode 940 return: -2259315.25
Episode: 940, total reward: 2115052.0
each agent reward: 2115052.0
Episode 941 return: -2231937.0
Episode: 941, total reward: 2115052.0
each agent reward: 2115052.0
Episode 942 return: -2244894.25
Episode: 942, total reward: 2115052.0
each agent reward: 2115052.0
Episode 943 return: -2254412.5
Episode: 943, total reward: 2115052.0
each agent reward: 2115052.0
Episode 944 return: -2271120.0
Episode: 944, total reward: 2115052.0
each agent reward: 2115052.0
Episode 945 return: -2230379.0
Episode: 945, total reward: 2115052.0
each agent reward: 2115052.0
Episode 946 return: -2243961.0
Episode: 946, total reward: 2115052.0
each agent reward: 2115052.0
Episode 947 return: -2266070.75
Episode: 947, total reward: 2115052.0
each agent reward: 2115052.0
Episode 948 return: -2235215.0
Episode: 948, total reward: 2115052.0
each agent reward: 2115052.0
Episode 949 return: -2284087.0
Episode: 949, total reward: 2115052.0
each agent reward: 2115052.0
Episode 950 return: -2249744.75
Episode: 950, total reward: 2115052.0
each agent reward: 2115052.0
Episode 951 return: -2225485.0
Episode: 951, total reward: 2115052.0
each agent reward: 2115052.0
Episode 952 return: -2262918.5
Episode: 952, total reward: 2115052.0
each agent reward: 2115052.0
Episode 953 return: -2250106.5
Episode: 953, total reward: 2115052.0
each agent reward: 2115052.0
Episode 954 return: -2266235.25
Episode: 954, total reward: 2115052.0
each agent reward: 2115052.0
Episode 955 return: -2265913.25
Episode: 955, total reward: 2115052.0
each agent reward: 2115052.0
Episode 956 return: -2239237.75
Episode: 956, total reward: 2115052.0
each agent reward: 2115052.0
Episode 957 return: -2249650.25
Episode: 957, total reward: 2115052.0
each agent reward: 2115052.0
Episode 958 return: -2272112.75
Episode: 958, total reward: 2115052.0
each agent reward: 2115052.0
Episode 959 return: -2262775.75
Episode: 959, total reward: 2115052.0
each agent reward: 2115052.0
Episode 960 return: -2241755.75
Episode: 960, total reward: 2115052.0
each agent reward: 2115052.0
Episode 961 return: -2258092.0
Episode: 961, total reward: 2115052.0
each agent reward: 2115052.0
Episode 962 return: -2260469.25
Episode: 962, total reward: 2115052.0
each agent reward: 2115052.0
Episode 963 return: -2248029.5
Episode: 963, total reward: 2115052.0
each agent reward: 2115052.0
Episode 964 return: -2240083.0
Episode: 964, total reward: 2115052.0
each agent reward: 2115052.0
Episode 965 return: -2238693.25
Episode: 965, total reward: 2115052.0
each agent reward: 2115052.0
Episode 966 return: -2234787.0
Episode: 966, total reward: 2115052.0
each agent reward: 2115052.0
Episode 967 return: -2252877.5
Episode: 967, total reward: 2115052.0
each agent reward: 2115052.0
Episode 968 return: -2240991.0
Episode: 968, total reward: 2115052.0
each agent reward: 2115052.0
Episode 969 return: -2232414.75
Episode: 969, total reward: 2115052.0
each agent reward: 2115052.0
Episode 970 return: -2254244.5
Episode: 970, total reward: 2115052.0
each agent reward: 2115052.0
Episode 971 return: -2234498.5
Episode: 971, total reward: 2115052.0
each agent reward: 2115052.0
Episode 972 return: -2238949.0
Episode: 972, total reward: 2115052.0
each agent reward: 2115052.0
Episode 973 return: -2225762.75
Episode: 973, total reward: 2115052.0
each agent reward: 2115052.0
Episode 974 return: -2255032.75
Episode: 974, total reward: 2115052.0
each agent reward: 2115052.0
Episode 975 return: -2261185.5
Episode: 975, total reward: 2115052.0
each agent reward: 2115052.0
Episode 976 return: -2237986.75
Episode: 976, total reward: 2115052.0
each agent reward: 2115052.0
Episode 977 return: -2277321.75
Episode: 977, total reward: 2115052.0
each agent reward: 2115052.0
Episode 978 return: -2262100.5
Episode: 978, total reward: 2115052.0
each agent reward: 2115052.0
Episode 979 return: -2276079.5
Episode: 979, total reward: 2115052.0
each agent reward: 2115052.0
Episode 980 return: -2219619.25
Episode: 980, total reward: 2115052.0
each agent reward: 2115052.0
Episode 981 return: -2302378.25
Episode: 981, total reward: 2115052.0
each agent reward: 2115052.0
Episode 982 return: -2260888.5
Episode: 982, total reward: 2115052.0
each agent reward: 2115052.0
Episode 983 return: -2231415.5
Episode: 983, total reward: 2115052.0
each agent reward: 2115052.0
Episode 984 return: -2234526.75
Episode: 984, total reward: 2115052.0
each agent reward: 2115052.0
Episode 985 return: -2239552.5
Episode: 985, total reward: 2115052.0
each agent reward: 2115052.0
Episode 986 return: -2246734.0
Episode: 986, total reward: 2115052.0
each agent reward: 2115052.0
Episode 987 return: -2269074.25
Episode: 987, total reward: 2115052.0
each agent reward: 2115052.0
Episode 988 return: -2261422.25
Episode: 988, total reward: 2115052.0
each agent reward: 2115052.0
Episode 989 return: -2249131.5
Episode: 989, total reward: 2115052.0
each agent reward: 2115052.0
Episode 990 return: -2244896.25
Episode: 990, total reward: 2115052.0
each agent reward: 2115052.0
Episode 991 return: -2263591.25
Episode: 991, total reward: 2115052.0
each agent reward: 2115052.0
Episode 992 return: -2286034.5
Episode: 992, total reward: 2115052.0
each agent reward: 2115052.0
Episode 993 return: -2227414.0
Episode: 993, total reward: 2115052.0
each agent reward: 2115052.0
Episode 994 return: -2251959.0
Episode: 994, total reward: 2115052.0
each agent reward: 2115052.0
Episode 995 return: -2260598.75
Episode: 995, total reward: 2115052.0
each agent reward: 2115052.0
Episode 996 return: -2252038.75
Episode: 996, total reward: 2115052.0
each agent reward: 2115052.0
Episode 997 return: -2228650.5
Episode: 997, total reward: 2115052.0
each agent reward: 2115052.0
Episode 998 return: -2277920.0
Episode: 998, total reward: 2115052.0
each agent reward: 2115052.0
Episode 999 return: -2255563.5
Episode: 999, total reward: 2115052.0
each agent reward: 2115052.0
