Episode: -1, total reward: 3458816.75
each agent reward: 3458816.75
Episode: 1, total reward: 3218681.5
each agent reward: 3218681.5
Episode 0 return: -3384467.0
Episode: 0, total reward: 3218681.5
each agent reward: 3218681.5
Episode 1 return: -3301325.75
Episode: 1, total reward: 3218681.5
each agent reward: 3218681.5
Episode 2 return: -3313588.5
Episode: 2, total reward: 3218681.5
each agent reward: 3218681.5
Episode 3 return: -3347714.0
Episode: 3, total reward: 3218681.5
each agent reward: 3218681.5
Episode 4 return: -3311837.5
Episode: 4, total reward: 3218681.5
each agent reward: 3218681.5
Episode 5 return: -3336549.0
Episode: 5, total reward: 3218681.5
each agent reward: 3218681.5
Episode 6 return: -3358650.0
Episode: 6, total reward: 3218681.5
each agent reward: 3218681.5
Episode 7 return: -3305647.25
Episode: 7, total reward: 3218681.5
each agent reward: 3218681.5
Episode 8 return: -3311274.0
Episode: 8, total reward: 3218681.5
each agent reward: 3218681.5
Episode 9 return: -3309024.5
Episode: 9, total reward: 3218681.5
each agent reward: 3218681.5
Episode 10 return: -3353410.0
Episode: 10, total reward: 3218681.5
each agent reward: 3218681.5
Episode 11 return: -3339771.0
Episode: 11, total reward: 3218681.5
each agent reward: 3218681.5
Episode 12 return: -3428966.75
Episode: 12, total reward: 3482802.25
each agent reward: 3482802.25
Episode 13 return: -3420164.75
Episode: 13, total reward: 3384625.75
each agent reward: 3384625.75
Episode 14 return: -3389960.0
Episode: 14, total reward: 3381430.5
each agent reward: 3381430.5
Episode 15 return: -3377583.0
Episode: 15, total reward: 3443240.25
each agent reward: 3443240.25
Episode 16 return: -3471213.75
Episode: 16, total reward: 3397393.75
each agent reward: 3397393.75
Episode 17 return: -3436077.25
Episode: 17, total reward: 3408234.0
each agent reward: 3408234.0
Episode 18 return: -3476317.0
Episode: 18, total reward: 3451833.5
each agent reward: 3451833.5
Episode 19 return: -3476367.25
Episode: 19, total reward: 3398192.25
each agent reward: 3398192.25
Episode 20 return: -3509677.5
Episode: 20, total reward: 3340828.5
each agent reward: 3340828.5
Episode 21 return: -3438679.25
Episode: 21, total reward: 3280281.0
each agent reward: 3280281.0
Episode 22 return: -3480388.75
Episode: 22, total reward: 3405591.0
each agent reward: 3405591.0
Episode 23 return: -3487912.25
Episode: 23, total reward: 3432050.75
each agent reward: 3432050.75
Episode 24 return: -3480073.75
Episode: 24, total reward: 3395180.0
each agent reward: 3395180.0
Episode 25 return: -3549703.0
Episode: 25, total reward: 3417207.5
each agent reward: 3417207.5
Episode 26 return: -3398821.25
Episode: 26, total reward: 3447952.5
each agent reward: 3447952.5
Episode 27 return: -3538981.0
Episode: 27, total reward: 3362606.0
each agent reward: 3362606.0
Episode 28 return: -3461961.5
Episode: 28, total reward: 3393068.0
each agent reward: 3393068.0
Episode 29 return: -3483052.0
Episode: 29, total reward: 3338426.75
each agent reward: 3338426.75
Episode 30 return: -3486310.0
Episode: 30, total reward: 3283763.25
each agent reward: 3283763.25
Episode 31 return: -3520550.25
Episode: 31, total reward: 3301013.0
each agent reward: 3301013.0
Episode 32 return: -3476725.75
Episode: 32, total reward: 3273953.0
each agent reward: 3273953.0
Episode 33 return: -3542990.25
Episode: 33, total reward: 3260804.0
each agent reward: 3260804.0
Episode 34 return: -3522601.75
Episode: 34, total reward: 3236255.5
each agent reward: 3236255.5
Episode 35 return: -3549867.75
Episode: 35, total reward: 3205090.0
each agent reward: 3205090.0
Episode 36 return: -3518757.0
Episode: 36, total reward: 3198832.75
each agent reward: 3198832.75
Episode 37 return: -3532713.75
Episode: 37, total reward: 3189077.75
each agent reward: 3189077.75
Episode 38 return: -3467618.5
Episode: 38, total reward: 3179576.25
each agent reward: 3179576.25
Episode 39 return: -3460768.75
Episode: 39, total reward: 3141850.0
each agent reward: 3141850.0
Episode 40 return: -3451619.5
Episode: 40, total reward: 3142746.5
each agent reward: 3142746.5
Episode 41 return: -3431186.5
Episode: 41, total reward: 3178455.25
each agent reward: 3178455.25
Episode 42 return: -3492250.5
Episode: 42, total reward: 3211525.25
each agent reward: 3211525.25
Episode 43 return: -3506576.75
Episode: 43, total reward: 3216494.5
each agent reward: 3216494.5
Episode 44 return: -3492404.75
Episode: 44, total reward: 3227848.5
each agent reward: 3227848.5
Episode 45 return: -3529352.25
Episode: 45, total reward: 3230197.75
each agent reward: 3230197.75
Episode 46 return: -3427157.5
Episode: 46, total reward: 3209066.75
each agent reward: 3209066.75
Episode 47 return: -3520843.5
Episode: 47, total reward: 3146884.5
each agent reward: 3146884.5
Episode 48 return: -3511664.75
Episode: 48, total reward: 3139692.0
each agent reward: 3139692.0
Episode 49 return: -3507433.5
Episode: 49, total reward: 3168060.5
each agent reward: 3168060.5
Episode 50 return: -3510633.75
Episode: 50, total reward: 3193475.25
each agent reward: 3193475.25
Episode 51 return: -3471038.75
Episode: 51, total reward: 3111040.5
each agent reward: 3111040.5
Episode 52 return: -3484249.0
Episode: 52, total reward: 3073278.0
each agent reward: 3073278.0
Episode 53 return: -3488981.5
Episode: 53, total reward: 3041223.75
each agent reward: 3041223.75
Episode 54 return: -3437084.5
Episode: 54, total reward: 3008680.75
each agent reward: 3008680.75
Episode 55 return: -3498155.5
Episode: 55, total reward: 3044635.5
each agent reward: 3044635.5
Episode 56 return: -3504310.0
Episode: 56, total reward: 3036367.25
each agent reward: 3036367.25
Episode 57 return: -3476778.0
Episode: 57, total reward: 3001834.5
each agent reward: 3001834.5
Episode 58 return: -3506027.75
Episode: 58, total reward: 3047945.0
each agent reward: 3047945.0
Episode 59 return: -3502927.25
Episode: 59, total reward: 2992412.25
each agent reward: 2992412.25
Episode 60 return: -3445860.5
Episode: 60, total reward: 3021235.5
each agent reward: 3021235.5
Episode 61 return: -3427600.75
Episode: 61, total reward: 2974514.5
each agent reward: 2974514.5
Episode 62 return: -3515796.5
Episode: 62, total reward: 3065348.0
each agent reward: 3065348.0
Episode 63 return: -3461909.5
Episode: 63, total reward: 3228257.5
each agent reward: 3228257.5
Episode 64 return: -3437688.75
Episode: 64, total reward: 3243408.5
each agent reward: 3243408.5
Episode 65 return: -3427932.5
Episode: 65, total reward: 3246626.0
each agent reward: 3246626.0
Episode 66 return: -3507501.75
Episode: 66, total reward: 3217579.25
each agent reward: 3217579.25
Episode 67 return: -3492124.5
Episode: 67, total reward: 3183888.5
each agent reward: 3183888.5
Episode 68 return: -3451990.0
Episode: 68, total reward: 3113898.75
each agent reward: 3113898.75
Episode 69 return: -3432612.75
Episode: 69, total reward: 3052300.75
each agent reward: 3052300.75
Episode 70 return: -3444218.25
Episode: 70, total reward: 3076695.0
each agent reward: 3076695.0
Episode 71 return: -3444706.5
Episode: 71, total reward: 3032084.5
each agent reward: 3032084.5
Episode 72 return: -3425315.0
Episode: 72, total reward: 3088348.5
each agent reward: 3088348.5
Episode 73 return: -3493277.25
Episode: 73, total reward: 3121100.0
each agent reward: 3121100.0
Episode 74 return: -3482411.5
Episode: 74, total reward: 3170662.25
each agent reward: 3170662.25
Episode 75 return: -3460806.0
Episode: 75, total reward: 3140066.0
each agent reward: 3140066.0
Episode 76 return: -3396819.25
Episode: 76, total reward: 3066983.25
each agent reward: 3066983.25
Episode 77 return: -3449702.0
Episode: 77, total reward: 3067050.0
each agent reward: 3067050.0
Episode 78 return: -3446278.0
Episode: 78, total reward: 3015322.5
each agent reward: 3015322.5
Episode 79 return: -3417646.5
Episode: 79, total reward: 3042260.5
each agent reward: 3042260.5
Episode 80 return: -3407767.0
Episode: 80, total reward: 3008679.75
each agent reward: 3008679.75
Episode 81 return: -3436352.5
Episode: 81, total reward: 2985078.75
each agent reward: 2985078.75
Episode 82 return: -3468243.5
Episode: 82, total reward: 3008989.75
each agent reward: 3008989.75
Episode 83 return: -3413427.5
Episode: 83, total reward: 3005467.0
each agent reward: 3005467.0
Episode 84 return: -3398385.0
Episode: 84, total reward: 3019183.75
each agent reward: 3019183.75
Episode 85 return: -3408010.25
Episode: 85, total reward: 3028411.75
each agent reward: 3028411.75
Episode 86 return: -3460604.5
Episode: 86, total reward: 3007450.5
each agent reward: 3007450.5
Episode 87 return: -3455066.75
Episode: 87, total reward: 3012049.75
each agent reward: 3012049.75
Episode 88 return: -3420920.5
Episode: 88, total reward: 3003983.25
each agent reward: 3003983.25
Episode 89 return: -3404749.75
Episode: 89, total reward: 3005013.5
each agent reward: 3005013.5
Episode 90 return: -3388519.5
Episode: 90, total reward: 2999379.0
each agent reward: 2999379.0
Episode 91 return: -3405565.75
Episode: 91, total reward: 3014121.5
each agent reward: 3014121.5
Episode 92 return: -3438259.25
Episode: 92, total reward: 3023051.25
each agent reward: 3023051.25
Episode 93 return: -3465156.25
Episode: 93, total reward: 3031142.25
each agent reward: 3031142.25
Episode 94 return: -3422458.0
Episode: 94, total reward: 3017807.0
each agent reward: 3017807.0
Episode 95 return: -3392658.0
Episode: 95, total reward: 3068529.0
each agent reward: 3068529.0
Episode 96 return: -3401785.5
Episode: 96, total reward: 3083610.25
each agent reward: 3083610.25
Episode 97 return: -3491725.25
Episode: 97, total reward: 3073185.0
each agent reward: 3073185.0
Episode 98 return: -3357172.75
Episode: 98, total reward: 3036249.25
each agent reward: 3036249.25
Episode 99 return: -3392066.0
Episode: 99, total reward: 3017271.5
each agent reward: 3017271.5
Episode 100 return: -3418189.25
Episode: 100, total reward: 2983654.25
each agent reward: 2983654.25
Episode 101 return: -3369626.75
Episode: 101, total reward: 2981908.25
each agent reward: 2981908.25
Episode 102 return: -3385588.25
Episode: 102, total reward: 2971481.75
each agent reward: 2971481.75
Episode 103 return: -3376852.5
Episode: 103, total reward: 2973281.5
each agent reward: 2973281.5
Episode 104 return: -3392110.5
Episode: 104, total reward: 3034791.0
each agent reward: 3034791.0
Episode 105 return: -3327742.0
Episode: 105, total reward: 3040744.0
each agent reward: 3040744.0
Episode 106 return: -3383810.75
Episode: 106, total reward: 3066335.0
each agent reward: 3066335.0
Episode 107 return: -3327413.25
Episode: 107, total reward: 2963913.75
each agent reward: 2963913.75
Episode 108 return: -3292189.0
Episode: 108, total reward: 2955273.25
each agent reward: 2955273.25
Episode 109 return: -3287489.5
Episode: 109, total reward: 2958775.75
each agent reward: 2958775.75
Episode 110 return: -3309917.5
Episode: 110, total reward: 2950010.75
each agent reward: 2950010.75
Episode 111 return: -3231211.0
Episode: 111, total reward: 2991711.0
each agent reward: 2991711.0
Episode 112 return: -3241094.75
Episode: 112, total reward: 2997286.75
each agent reward: 2997286.75
Episode 113 return: -3263124.25
Episode: 113, total reward: 2971086.75
each agent reward: 2971086.75
Episode 114 return: -3235130.0
Episode: 114, total reward: 2989986.0
each agent reward: 2989986.0
Episode 115 return: -3302296.25
Episode: 115, total reward: 2993323.0
each agent reward: 2993323.0
Episode 116 return: -3344080.75
Episode: 116, total reward: 2996141.5
each agent reward: 2996141.5
Episode 117 return: -3377964.75
Episode: 117, total reward: 3019747.25
each agent reward: 3019747.25
Episode 118 return: -3373479.5
Episode: 118, total reward: 3014675.0
each agent reward: 3014675.0
Episode 119 return: -3302214.0
Episode: 119, total reward: 3020035.25
each agent reward: 3020035.25
Episode 120 return: -3300433.0
Episode: 120, total reward: 3042997.75
each agent reward: 3042997.75
Episode 121 return: -3264252.5
Episode: 121, total reward: 3011845.5
each agent reward: 3011845.5
Episode 122 return: -3219630.5
Episode: 122, total reward: 2986132.0
each agent reward: 2986132.0
Episode 123 return: -3260585.5
Episode: 123, total reward: 2955911.0
each agent reward: 2955911.0
Episode 124 return: -3256919.5
Episode: 124, total reward: 2956168.75
each agent reward: 2956168.75
Episode 125 return: -3261039.0
Episode: 125, total reward: 2935211.5
each agent reward: 2935211.5
Episode 126 return: -3215451.75
Episode: 126, total reward: 2984789.5
each agent reward: 2984789.5
Episode 127 return: -3231714.75
Episode: 127, total reward: 2994798.0
each agent reward: 2994798.0
Episode 128 return: -3197019.25
Episode: 128, total reward: 2983431.75
each agent reward: 2983431.75
Episode 129 return: -3186704.5
Episode: 129, total reward: 3004803.0
each agent reward: 3004803.0
Episode 130 return: -3207037.5
Episode: 130, total reward: 2981690.0
each agent reward: 2981690.0
Episode 131 return: -3212134.5
Episode: 131, total reward: 2978505.75
each agent reward: 2978505.75
Episode 132 return: -3280451.0
Episode: 132, total reward: 3017819.75
each agent reward: 3017819.75
Episode 133 return: -3211267.0
Episode: 133, total reward: 2981212.5
each agent reward: 2981212.5
Episode 134 return: -3211962.0
Episode: 134, total reward: 3011848.25
each agent reward: 3011848.25
Episode 135 return: -3233597.25
Episode: 135, total reward: 3046703.0
each agent reward: 3046703.0
Episode 136 return: -3223983.25
Episode: 136, total reward: 2998622.0
each agent reward: 2998622.0
Episode 137 return: -3205309.75
Episode: 137, total reward: 2970376.5
each agent reward: 2970376.5
Episode 138 return: -3200270.25
Episode: 138, total reward: 2959318.5
each agent reward: 2959318.5
Episode 139 return: -3185086.75
Episode: 139, total reward: 2985862.75
each agent reward: 2985862.75
Episode 140 return: -3207590.0
Episode: 140, total reward: 2949060.0
each agent reward: 2949060.0
Episode 141 return: -3239256.75
Episode: 141, total reward: 2975183.0
each agent reward: 2975183.0
Episode 142 return: -3203431.0
Episode: 142, total reward: 2983303.5
each agent reward: 2983303.5
Episode 143 return: -3211391.75
Episode: 143, total reward: 2955053.0
each agent reward: 2955053.0
Episode 144 return: -3168357.25
Episode: 144, total reward: 2961532.25
each agent reward: 2961532.25
Episode 145 return: -3175376.25
Episode: 145, total reward: 2978313.25
each agent reward: 2978313.25
Episode 146 return: -3187579.75
Episode: 146, total reward: 2927354.5
each agent reward: 2927354.5
Episode 147 return: -3208728.75
Episode: 147, total reward: 2953045.0
each agent reward: 2953045.0
Episode 148 return: -3128699.25
Episode: 148, total reward: 2978688.75
each agent reward: 2978688.75
Episode 149 return: -3176811.0
Episode: 149, total reward: 2965746.25
each agent reward: 2965746.25
Episode 150 return: -3156733.5
Episode: 150, total reward: 2970603.75
each agent reward: 2970603.75
Episode 151 return: -3173014.5
Episode: 151, total reward: 2979763.5
each agent reward: 2979763.5
Episode 152 return: -3151105.0
Episode: 152, total reward: 2992355.25
each agent reward: 2992355.25
Episode 153 return: -3135809.0
Episode: 153, total reward: 3018421.25
each agent reward: 3018421.25
Episode 154 return: -3167699.75
Episode: 154, total reward: 2995772.75
each agent reward: 2995772.75
Episode 155 return: -3160520.25
Episode: 155, total reward: 2944662.5
each agent reward: 2944662.5
Episode 156 return: -3147186.75
Episode: 156, total reward: 2980817.25
each agent reward: 2980817.25
Episode 157 return: -3117680.75
Episode: 157, total reward: 2955281.25
each agent reward: 2955281.25
Episode 158 return: -3157286.25
Episode: 158, total reward: 2887415.75
each agent reward: 2887415.75
Episode 159 return: -3152282.75
Episode: 159, total reward: 2886381.75
each agent reward: 2886381.75
Episode 160 return: -3105178.75
Episode: 160, total reward: 2916200.5
each agent reward: 2916200.5
Episode 161 return: -3133837.5
Episode: 161, total reward: 2969555.0
each agent reward: 2969555.0
Episode 162 return: -3111374.5
Episode: 162, total reward: 2973669.25
each agent reward: 2973669.25
Episode 163 return: -3127992.75
Episode: 163, total reward: 3015806.75
each agent reward: 3015806.75
Episode 164 return: -3120042.5
Episode: 164, total reward: 2987903.0
each agent reward: 2987903.0
Episode 165 return: -3120012.75
Episode: 165, total reward: 2996452.0
each agent reward: 2996452.0
Episode 166 return: -3137416.25
Episode: 166, total reward: 2994968.5
each agent reward: 2994968.5
Episode 167 return: -3125097.0
Episode: 167, total reward: 2996319.0
each agent reward: 2996319.0
Episode 168 return: -3166446.5
Episode: 168, total reward: 2988702.75
each agent reward: 2988702.75
Episode 169 return: -3190077.0
Episode: 169, total reward: 2928998.5
each agent reward: 2928998.5
Episode 170 return: -3150700.75
Episode: 170, total reward: 2973841.25
each agent reward: 2973841.25
Episode 171 return: -3157565.5
Episode: 171, total reward: 2948375.5
each agent reward: 2948375.5
Episode 172 return: -3146241.5
Episode: 172, total reward: 2965526.0
each agent reward: 2965526.0
Episode 173 return: -3160818.75
Episode: 173, total reward: 2965872.0
each agent reward: 2965872.0
Episode 174 return: -3145178.0
Episode: 174, total reward: 2973630.0
each agent reward: 2973630.0
Episode 175 return: -3128734.25
Episode: 175, total reward: 2932657.75
each agent reward: 2932657.75
Episode 176 return: -3144333.5
Episode: 176, total reward: 2958695.0
each agent reward: 2958695.0
Episode 177 return: -3125959.0
Episode: 177, total reward: 2980663.5
each agent reward: 2980663.5
Episode 178 return: -3133723.0
Episode: 178, total reward: 2981196.0
each agent reward: 2981196.0
Episode 179 return: -3115429.25
Episode: 179, total reward: 2958129.5
each agent reward: 2958129.5
Episode 180 return: -3119535.75
Episode: 180, total reward: 2886888.75
each agent reward: 2886888.75
Episode 181 return: -3126557.0
Episode: 181, total reward: 2890525.25
each agent reward: 2890525.25
Episode 182 return: -3122321.0
Episode: 182, total reward: 3011500.0
each agent reward: 3011500.0
Episode 183 return: -3106347.5
Episode: 183, total reward: 2927848.25
each agent reward: 2927848.25
Episode 184 return: -3100630.0
Episode: 184, total reward: 2924151.25
each agent reward: 2924151.25
Episode 185 return: -3094349.25
Episode: 185, total reward: 2927774.5
each agent reward: 2927774.5
Episode 186 return: -3090576.0
Episode: 186, total reward: 2913882.25
each agent reward: 2913882.25
Episode 187 return: -3121098.75
Episode: 187, total reward: 2913068.75
each agent reward: 2913068.75
Episode 188 return: -3108155.25
Episode: 188, total reward: 2953571.25
each agent reward: 2953571.25
Episode 189 return: -3109427.75
Episode: 189, total reward: 2939174.0
each agent reward: 2939174.0
Episode 190 return: -3112423.75
Episode: 190, total reward: 2939174.0
each agent reward: 2939174.0
Episode 191 return: -3098986.0
Episode: 191, total reward: 2911281.0
each agent reward: 2911281.0
Episode 192 return: -3078506.0
Episode: 192, total reward: 2886056.5
each agent reward: 2886056.5
Episode 193 return: -3093106.0
Episode: 193, total reward: 2886159.25
each agent reward: 2886159.25
Episode 194 return: -3122170.25
Episode: 194, total reward: 2886159.25
each agent reward: 2886159.25
Episode 195 return: -3143645.75
Episode: 195, total reward: 2911207.25
each agent reward: 2911207.25
Episode 196 return: -3078819.25
Episode: 196, total reward: 2899675.75
each agent reward: 2899675.75
Episode 197 return: -3100664.0
Episode: 197, total reward: 2899675.75
each agent reward: 2899675.75
Episode 198 return: -3137418.0
Episode: 198, total reward: 2925447.25
each agent reward: 2925447.25
Episode 199 return: -3071942.0
Episode: 199, total reward: 2927965.75
each agent reward: 2927965.75
Episode 200 return: -3082070.5
Episode: 200, total reward: 3018064.5
each agent reward: 3018064.5
Episode 201 return: -3140199.25
Episode: 201, total reward: 2970338.75
each agent reward: 2970338.75
Episode 202 return: -3103897.25
Episode: 202, total reward: 2984233.5
each agent reward: 2984233.5
Episode 203 return: -3119236.5
Episode: 203, total reward: 2956571.5
each agent reward: 2956571.5
Episode 204 return: -3139441.0
Episode: 204, total reward: 2954070.5
each agent reward: 2954070.5
Episode 205 return: -3123131.75
Episode: 205, total reward: 2998922.75
each agent reward: 2998922.75
Episode 206 return: -3147592.0
Episode: 206, total reward: 2927760.25
each agent reward: 2927760.25
Episode 207 return: -3119456.5
Episode: 207, total reward: 2973643.75
each agent reward: 2973643.75
Episode 208 return: -3160052.0
Episode: 208, total reward: 3001287.25
each agent reward: 3001287.25
Episode 209 return: -3131941.75
Episode: 209, total reward: 3002416.25
each agent reward: 3002416.25
Episode 210 return: -3143566.75
Episode: 210, total reward: 2990324.75
each agent reward: 2990324.75
Episode 211 return: -3118292.5
Episode: 211, total reward: 2955510.25
each agent reward: 2955510.25
Episode 212 return: -3118518.75
Episode: 212, total reward: 2939392.25
each agent reward: 2939392.25
Episode 213 return: -3123168.5
Episode: 213, total reward: 2936113.25
each agent reward: 2936113.25
Episode 214 return: -3096298.0
Episode: 214, total reward: 2936113.25
each agent reward: 2936113.25
Episode 215 return: -3077401.25
Episode: 215, total reward: 2940529.5
each agent reward: 2940529.5
Episode 216 return: -3097670.5
Episode: 216, total reward: 2940430.5
each agent reward: 2940430.5
Episode 217 return: -3109160.25
Episode: 217, total reward: 2952633.5
each agent reward: 2952633.5
Episode 218 return: -3092017.25
Episode: 218, total reward: 2909700.75
each agent reward: 2909700.75
Episode 219 return: -3091612.0
Episode: 219, total reward: 2996647.0
each agent reward: 2996647.0
Episode 220 return: -3154664.5
Episode: 220, total reward: 3066204.0
each agent reward: 3066204.0
Episode 221 return: -3113173.25
Episode: 221, total reward: 3040566.75
each agent reward: 3040566.75
Episode 222 return: -3155038.5
Episode: 222, total reward: 3038830.75
each agent reward: 3038830.75
Episode 223 return: -3121107.75
Episode: 223, total reward: 2962741.5
each agent reward: 2962741.5
Episode 224 return: -3123605.5
Episode: 224, total reward: 2961657.0
each agent reward: 2961657.0
Episode 225 return: -3131607.0
Episode: 225, total reward: 2949525.0
each agent reward: 2949525.0
Episode 226 return: -3153046.5
Episode: 226, total reward: 2906895.5
each agent reward: 2906895.5
Episode 227 return: -3164534.5
Episode: 227, total reward: 2971001.75
each agent reward: 2971001.75
Episode 228 return: -3118383.25
Episode: 228, total reward: 2989380.75
each agent reward: 2989380.75
Episode 229 return: -3145255.75
Episode: 229, total reward: 3015323.25
each agent reward: 3015323.25
Episode 230 return: -3106093.5
Episode: 230, total reward: 3016038.0
each agent reward: 3016038.0
Episode 231 return: -3119977.5
Episode: 231, total reward: 2976136.0
each agent reward: 2976136.0
Episode 232 return: -3086084.0
Episode: 232, total reward: 3001467.25
each agent reward: 3001467.25
Episode 233 return: -3123575.25
Episode: 233, total reward: 3000261.5
each agent reward: 3000261.5
Episode 234 return: -3132380.75
Episode: 234, total reward: 2974350.25
each agent reward: 2974350.25
Episode 235 return: -3158452.0
Episode: 235, total reward: 2973874.5
each agent reward: 2973874.5
Episode 236 return: -3098528.5
Episode: 236, total reward: 2967646.0
each agent reward: 2967646.0
Episode 237 return: -3117659.5
Episode: 237, total reward: 2927866.75
each agent reward: 2927866.75
Episode 238 return: -3149082.0
Episode: 238, total reward: 2958135.5
each agent reward: 2958135.5
Episode 239 return: -3105115.75
Episode: 239, total reward: 2958135.5
each agent reward: 2958135.5
Episode 240 return: -3111486.75
Episode: 240, total reward: 2958135.5
each agent reward: 2958135.5
Episode 241 return: -3150448.5
Episode: 241, total reward: 2983090.5
each agent reward: 2983090.5
Episode 242 return: -3100419.25
Episode: 242, total reward: 2929428.0
each agent reward: 2929428.0
Episode 243 return: -3114049.0
Episode: 243, total reward: 2935437.25
each agent reward: 2935437.25
Episode 244 return: -3096136.75
Episode: 244, total reward: 2953993.0
each agent reward: 2953993.0
Episode 245 return: -3108180.5
Episode: 245, total reward: 2931955.5
each agent reward: 2931955.5
Episode 246 return: -3117661.0
Episode: 246, total reward: 2952437.75
each agent reward: 2952437.75
Episode 247 return: -3077750.5
Episode: 247, total reward: 2927198.0
each agent reward: 2927198.0
Episode 248 return: -3114094.0
Episode: 248, total reward: 3013460.5
each agent reward: 3013460.5
Episode 249 return: -3145326.75
Episode: 249, total reward: 3006443.25
each agent reward: 3006443.25
Episode 250 return: -3149034.0
Episode: 250, total reward: 3008308.75
each agent reward: 3008308.75
Episode 251 return: -3131763.75
Episode: 251, total reward: 3032435.0
each agent reward: 3032435.0
Episode 252 return: -3136925.0
Episode: 252, total reward: 2984352.5
each agent reward: 2984352.5
Episode 253 return: -3152450.0
Episode: 253, total reward: 2998335.75
each agent reward: 2998335.75
Episode 254 return: -3128930.0
Episode: 254, total reward: 3008111.25
each agent reward: 3008111.25
Episode 255 return: -3130498.5
Episode: 255, total reward: 3000413.5
each agent reward: 3000413.5
Episode 256 return: -3147676.25
Episode: 256, total reward: 3011141.75
each agent reward: 3011141.75
Episode 257 return: -3147922.5
Episode: 257, total reward: 3017932.5
each agent reward: 3017932.5
Episode 258 return: -3137843.0
Episode: 258, total reward: 2991956.5
each agent reward: 2991956.5
Episode 259 return: -3136820.25
Episode: 259, total reward: 2975754.0
each agent reward: 2975754.0
Episode 260 return: -3167400.5
Episode: 260, total reward: 2976280.0
each agent reward: 2976280.0
Episode 261 return: -3127444.5
Episode: 261, total reward: 3019124.25
each agent reward: 3019124.25
Episode 262 return: -3115066.75
Episode: 262, total reward: 2981765.0
each agent reward: 2981765.0
Episode 263 return: -3145165.25
Episode: 263, total reward: 2981705.25
each agent reward: 2981705.25
Episode 264 return: -3098875.75
Episode: 264, total reward: 2982785.0
each agent reward: 2982785.0
Episode 265 return: -3108255.75
Episode: 265, total reward: 2964624.5
each agent reward: 2964624.5
Episode 266 return: -3145453.0
Episode: 266, total reward: 3004272.25
each agent reward: 3004272.25
Episode 267 return: -3154370.0
Episode: 267, total reward: 2976486.5
each agent reward: 2976486.5
Episode 268 return: -3144590.25
Episode: 268, total reward: 2998410.25
each agent reward: 2998410.25
Episode 269 return: -3143440.0
Episode: 269, total reward: 2954378.5
each agent reward: 2954378.5
Episode 270 return: -3130527.0
Episode: 270, total reward: 2983060.75
each agent reward: 2983060.75
Episode 271 return: -3138989.5
Episode: 271, total reward: 2983060.75
each agent reward: 2983060.75
Episode 272 return: -3145892.25
Episode: 272, total reward: 2983060.75
each agent reward: 2983060.75
Episode 273 return: -3137360.0
Episode: 273, total reward: 2978821.5
each agent reward: 2978821.5
Episode 274 return: -3117424.0
Episode: 274, total reward: 2956417.5
each agent reward: 2956417.5
Episode 275 return: -3106180.5
Episode: 275, total reward: 2956417.5
each agent reward: 2956417.5
Episode 276 return: -3159628.5
Episode: 276, total reward: 2952667.25
each agent reward: 2952667.25
Episode 277 return: -3108059.5
Episode: 277, total reward: 2954722.5
each agent reward: 2954722.5
Episode 278 return: -3117993.25
Episode: 278, total reward: 2957904.5
each agent reward: 2957904.5
Episode 279 return: -3109186.25
Episode: 279, total reward: 2958006.75
each agent reward: 2958006.75
Episode 280 return: -3123437.0
Episode: 280, total reward: 3003705.75
each agent reward: 3003705.75
Episode 281 return: -3150821.25
Episode: 281, total reward: 3001437.25
each agent reward: 3001437.25
Episode 282 return: -3128404.5
Episode: 282, total reward: 3001437.25
each agent reward: 3001437.25
Episode 283 return: -3123431.25
Episode: 283, total reward: 2958319.25
each agent reward: 2958319.25
Episode 284 return: -3098594.0
Episode: 284, total reward: 2957297.0
each agent reward: 2957297.0
Episode 285 return: -3105036.5
Episode: 285, total reward: 2957635.75
each agent reward: 2957635.75
Episode 286 return: -3154626.5
Episode: 286, total reward: 2955367.5
each agent reward: 2955367.5
Episode 287 return: -3092943.75
Episode: 287, total reward: 2928770.75
each agent reward: 2928770.75
Episode 288 return: -3104677.25
Episode: 288, total reward: 2977987.5
each agent reward: 2977987.5
Episode 289 return: -3137455.5
Episode: 289, total reward: 2981566.25
each agent reward: 2981566.25
Episode 290 return: -3144832.25
Episode: 290, total reward: 2981252.25
each agent reward: 2981252.25
Episode 291 return: -3109248.25
Episode: 291, total reward: 2980252.0
each agent reward: 2980252.0
Episode 292 return: -3116163.0
Episode: 292, total reward: 2938198.75
each agent reward: 2938198.75
Episode 293 return: -3126992.0
Episode: 293, total reward: 2938299.5
each agent reward: 2938299.5
Episode 294 return: -3132331.5
Episode: 294, total reward: 2954276.25
each agent reward: 2954276.25
Episode 295 return: -3117521.0
Episode: 295, total reward: 2930302.5
each agent reward: 2930302.5
Episode 296 return: -3101457.25
Episode: 296, total reward: 2927653.25
each agent reward: 2927653.25
Episode 297 return: -3109126.75
Episode: 297, total reward: 2933013.5
each agent reward: 2933013.5
Episode 298 return: -3104913.75
Episode: 298, total reward: 2953586.75
each agent reward: 2953586.75
Episode 299 return: -3143348.0
Episode: 299, total reward: 2955835.25
each agent reward: 2955835.25
Episode 300 return: -3110814.75
Episode: 300, total reward: 2975627.25
each agent reward: 2975627.25
Episode 301 return: -3105513.5
Episode: 301, total reward: 2975024.5
each agent reward: 2975024.5
Episode 302 return: -3151099.5
Episode: 302, total reward: 3001456.25
each agent reward: 3001456.25
Episode 303 return: -3136084.0
Episode: 303, total reward: 2998220.0
each agent reward: 2998220.0
Episode 304 return: -3139219.25
Episode: 304, total reward: 2974267.5
each agent reward: 2974267.5
Episode 305 return: -3104612.0
Episode: 305, total reward: 2977443.0
each agent reward: 2977443.0
Episode 306 return: -3195551.5
Episode: 306, total reward: 2976957.75
each agent reward: 2976957.75
Episode 307 return: -3115682.75
Episode: 307, total reward: 2976498.75
each agent reward: 2976498.75
Episode 308 return: -3159514.75
Episode: 308, total reward: 2945190.0
each agent reward: 2945190.0
Episode 309 return: -3138677.25
Episode: 309, total reward: 2976615.75
each agent reward: 2976615.75
Episode 310 return: -3172461.75
Episode: 310, total reward: 2998044.75
each agent reward: 2998044.75
Episode 311 return: -3123388.25
Episode: 311, total reward: 2974788.25
each agent reward: 2974788.25
Episode 312 return: -3108209.25
Episode: 312, total reward: 2984840.25
each agent reward: 2984840.25
Episode 313 return: -3133998.0
Episode: 313, total reward: 2985975.75
each agent reward: 2985975.75
Episode 314 return: -3119394.25
Episode: 314, total reward: 2927795.0
each agent reward: 2927795.0
Episode 315 return: -3110295.75
Episode: 315, total reward: 2930705.75
each agent reward: 2930705.75
Episode 316 return: -3107369.75
Episode: 316, total reward: 2934990.25
each agent reward: 2934990.25
Episode 317 return: -3142962.0
Episode: 317, total reward: 2935048.25
each agent reward: 2935048.25
Episode 318 return: -3111376.5
Episode: 318, total reward: 2936379.25
each agent reward: 2936379.25
Episode 319 return: -3146640.25
Episode: 319, total reward: 2957973.0
each agent reward: 2957973.0
Episode 320 return: -3119633.75
Episode: 320, total reward: 2956536.75
each agent reward: 2956536.75
Episode 321 return: -3115703.0
Episode: 321, total reward: 2934439.25
each agent reward: 2934439.25
Episode 322 return: -3138537.75
Episode: 322, total reward: 2944604.5
each agent reward: 2944604.5
Episode 323 return: -3115615.5
Episode: 323, total reward: 2933064.75
each agent reward: 2933064.75
Episode 324 return: -3171431.0
Episode: 324, total reward: 2927658.25
each agent reward: 2927658.25
Episode 325 return: -3129780.75
Episode: 325, total reward: 2927658.25
each agent reward: 2927658.25
Episode 326 return: -3124425.25
Episode: 326, total reward: 2954735.0
each agent reward: 2954735.0
Episode 327 return: -3091579.5
Episode: 327, total reward: 2926545.25
each agent reward: 2926545.25
Episode 328 return: -3168737.5
Episode: 328, total reward: 2926545.25
each agent reward: 2926545.25
Episode 329 return: -3160108.0
Episode: 329, total reward: 2930703.25
each agent reward: 2930703.25
Episode 330 return: -3094952.5
Episode: 330, total reward: 2981347.75
each agent reward: 2981347.75
Episode 331 return: -3129706.5
Episode: 331, total reward: 2979714.75
each agent reward: 2979714.75
Episode 332 return: -3106431.0
Episode: 332, total reward: 2972936.75
each agent reward: 2972936.75
Episode 333 return: -3163002.0
Episode: 333, total reward: 2973514.25
each agent reward: 2973514.25
Episode 334 return: -3137893.0
Episode: 334, total reward: 2973841.25
each agent reward: 2973841.25
Episode 335 return: -3137764.25
Episode: 335, total reward: 2964280.0
each agent reward: 2964280.0
Episode 336 return: -3154609.25
Episode: 336, total reward: 2926491.5
each agent reward: 2926491.5
Episode 337 return: -3156037.5
Episode: 337, total reward: 2927073.75
each agent reward: 2927073.75
Episode 338 return: -3144762.75
Episode: 338, total reward: 2926041.5
each agent reward: 2926041.5
Episode 339 return: -3147151.25
Episode: 339, total reward: 2942838.0
each agent reward: 2942838.0
Episode 340 return: -3139060.5
Episode: 340, total reward: 2931885.5
each agent reward: 2931885.5
Episode 341 return: -3141934.25
Episode: 341, total reward: 2929332.75
each agent reward: 2929332.75
Episode 342 return: -3130839.0
Episode: 342, total reward: 2929738.5
each agent reward: 2929738.5
Episode 343 return: -3093909.5
Episode: 343, total reward: 2949517.75
each agent reward: 2949517.75
Episode 344 return: -3148603.75
Episode: 344, total reward: 2942909.25
each agent reward: 2942909.25
Episode 345 return: -3088556.5
Episode: 345, total reward: 2928132.0
each agent reward: 2928132.0
Episode 346 return: -3121365.25
Episode: 346, total reward: 2931157.25
each agent reward: 2931157.25
Episode 347 return: -3152096.75
Episode: 347, total reward: 2933468.25
each agent reward: 2933468.25
Episode 348 return: -3176413.5
Episode: 348, total reward: 2960753.0
each agent reward: 2960753.0
Episode 349 return: -3116723.75
Episode: 349, total reward: 2961091.75
each agent reward: 2961091.75
Episode 350 return: -3154883.25
Episode: 350, total reward: 2979024.0
each agent reward: 2979024.0
Episode 351 return: -3143593.75
Episode: 351, total reward: 2957740.25
each agent reward: 2957740.25
Episode 352 return: -3100934.5
Episode: 352, total reward: 2957452.5
each agent reward: 2957452.5
Episode 353 return: -3142918.25
Episode: 353, total reward: 2957635.75
each agent reward: 2957635.75
Episode 354 return: -3146074.25
Episode: 354, total reward: 2937217.75
each agent reward: 2937217.75
Episode 355 return: -3082239.5
Episode: 355, total reward: 2934235.0
each agent reward: 2934235.0
Episode 356 return: -3169079.25
Episode: 356, total reward: 2929089.5
each agent reward: 2929089.5
Episode 357 return: -3137681.75
Episode: 357, total reward: 2929089.5
each agent reward: 2929089.5
Episode 358 return: -3168126.25
Episode: 358, total reward: 2932505.5
each agent reward: 2932505.5
Episode 359 return: -3135823.25
Episode: 359, total reward: 2941851.0
each agent reward: 2941851.0
Episode 360 return: -3083183.0
Episode: 360, total reward: 3001743.0
each agent reward: 3001743.0
Episode 361 return: -3124133.5
Episode: 361, total reward: 2998173.0
each agent reward: 2998173.0
Episode 362 return: -3135344.75
Episode: 362, total reward: 2997881.25
each agent reward: 2997881.25
Episode 363 return: -3124272.75
Episode: 363, total reward: 2995100.0
each agent reward: 2995100.0
Episode 364 return: -3109457.5
Episode: 364, total reward: 2995100.0
each agent reward: 2995100.0
Episode 365 return: -3124153.0
Episode: 365, total reward: 2989989.75
each agent reward: 2989989.75
Episode 366 return: -3154869.75
Episode: 366, total reward: 2988140.5
each agent reward: 2988140.5
Episode 367 return: -3162011.25
Episode: 367, total reward: 2988686.5
each agent reward: 2988686.5
Episode 368 return: -3142696.75
Episode: 368, total reward: 2965823.0
each agent reward: 2965823.0
Episode 369 return: -3146946.75
Episode: 369, total reward: 2964916.0
each agent reward: 2964916.0
Episode 370 return: -3149279.0
Episode: 370, total reward: 2965560.25
each agent reward: 2965560.25
Episode 371 return: -3090974.75
Episode: 371, total reward: 2933555.75
each agent reward: 2933555.75
Episode 372 return: -3154947.75
Episode: 372, total reward: 2965257.75
each agent reward: 2965257.75
Episode 373 return: -3115510.25
Episode: 373, total reward: 2969620.25
each agent reward: 2969620.25
Episode 374 return: -3202188.5
Episode: 374, total reward: 2969358.75
each agent reward: 2969358.75
Episode 375 return: -3106654.25
Episode: 375, total reward: 2972555.5
each agent reward: 2972555.5
Episode 376 return: -3127362.25
Episode: 376, total reward: 2937065.75
each agent reward: 2937065.75
Episode 377 return: -3175144.75
Episode: 377, total reward: 2964495.75
each agent reward: 2964495.75
Episode 378 return: -3141528.25
Episode: 378, total reward: 2929507.5
each agent reward: 2929507.5
Episode 379 return: -3109509.0
Episode: 379, total reward: 2927480.75
each agent reward: 2927480.75
Episode 380 return: -3102969.0
Episode: 380, total reward: 2949316.0
each agent reward: 2949316.0
Episode 381 return: -3097668.25
Episode: 381, total reward: 2966828.75
each agent reward: 2966828.75
Episode 382 return: -3144631.0
Episode: 382, total reward: 2936637.5
each agent reward: 2936637.5
Episode 383 return: -3156364.5
Episode: 383, total reward: 2927248.0
each agent reward: 2927248.0
Episode 384 return: -3124479.25
Episode: 384, total reward: 2927248.0
each agent reward: 2927248.0
Episode 385 return: -3130649.75
Episode: 385, total reward: 2927248.0
each agent reward: 2927248.0
Episode 386 return: -3127366.75
Episode: 386, total reward: 2966663.0
each agent reward: 2966663.0
Episode 387 return: -3109707.0
Episode: 387, total reward: 2930832.5
each agent reward: 2930832.5
Episode 388 return: -3114352.0
Episode: 388, total reward: 2927489.25
each agent reward: 2927489.25
Episode 389 return: -3158466.0
Episode: 389, total reward: 2927843.25
each agent reward: 2927843.25
Episode 390 return: -3135273.5
Episode: 390, total reward: 2927843.25
each agent reward: 2927843.25
Episode 391 return: -3169180.5
Episode: 391, total reward: 2927599.25
each agent reward: 2927599.25
Episode 392 return: -3095743.5
Episode: 392, total reward: 2942199.75
each agent reward: 2942199.75
Episode 393 return: -3152793.5
Episode: 393, total reward: 2937947.25
each agent reward: 2937947.25
Episode 394 return: -3127679.5
Episode: 394, total reward: 2932646.5
each agent reward: 2932646.5
Episode 395 return: -3130797.5
Episode: 395, total reward: 2931633.25
each agent reward: 2931633.25
Episode 396 return: -3109227.25
Episode: 396, total reward: 2975968.75
each agent reward: 2975968.75
Episode 397 return: -3129541.5
Episode: 397, total reward: 2975751.5
each agent reward: 2975751.5
Episode 398 return: -3093834.25
Episode: 398, total reward: 2975115.25
each agent reward: 2975115.25
Episode 399 return: -3146365.5
Episode: 399, total reward: 2970559.5
each agent reward: 2970559.5
Episode 400 return: -3123314.25
Episode: 400, total reward: 2928306.25
each agent reward: 2928306.25
Episode 401 return: -3132195.25
Episode: 401, total reward: 2933038.0
each agent reward: 2933038.0
Episode 402 return: -3121706.0
Episode: 402, total reward: 2930473.25
each agent reward: 2930473.25
Episode 403 return: -3092424.75
Episode: 403, total reward: 2929769.25
each agent reward: 2929769.25
Episode 404 return: -3077041.0
Episode: 404, total reward: 2929700.0
each agent reward: 2929700.0
Episode 405 return: -3113225.5
Episode: 405, total reward: 2933142.0
each agent reward: 2933142.0
Episode 406 return: -3108790.5
Episode: 406, total reward: 2930421.25
each agent reward: 2930421.25
Episode 407 return: -3093303.0
Episode: 407, total reward: 2938937.25
each agent reward: 2938937.25
Episode 408 return: -3147135.75
Episode: 408, total reward: 2947807.0
each agent reward: 2947807.0
Episode 409 return: -3115018.0
Episode: 409, total reward: 2960246.75
each agent reward: 2960246.75
Episode 410 return: -3110416.0
Episode: 410, total reward: 2938175.25
each agent reward: 2938175.25
Episode 411 return: -3121751.25
Episode: 411, total reward: 2931625.0
each agent reward: 2931625.0
Episode 412 return: -3081436.0
Episode: 412, total reward: 2929234.25
each agent reward: 2929234.25
Episode 413 return: -3136975.75
Episode: 413, total reward: 2932877.25
each agent reward: 2932877.25
Episode 414 return: -3129927.5
Episode: 414, total reward: 2947302.0
each agent reward: 2947302.0
Episode 415 return: -3072832.25
Episode: 415, total reward: 2944093.0
each agent reward: 2944093.0
Episode 416 return: -3099742.25
Episode: 416, total reward: 2930638.5
each agent reward: 2930638.5
Episode 417 return: -3099758.75
Episode: 417, total reward: 2930457.75
each agent reward: 2930457.75
Episode 418 return: -3119179.5
Episode: 418, total reward: 2931007.75
each agent reward: 2931007.75
Episode 419 return: -3102099.75
Episode: 419, total reward: 2928628.25
each agent reward: 2928628.25
Episode 420 return: -3086858.75
Episode: 420, total reward: 2934896.75
each agent reward: 2934896.75
Episode 421 return: -3093196.25
Episode: 421, total reward: 2932330.75
each agent reward: 2932330.75
Episode 422 return: -3086396.0
Episode: 422, total reward: 2953688.0
each agent reward: 2953688.0
Episode 423 return: -3094659.75
Episode: 423, total reward: 2967832.5
each agent reward: 2967832.5
Episode 424 return: -3077969.75
Episode: 424, total reward: 2960226.25
each agent reward: 2960226.25
Episode 425 return: -3085462.0
Episode: 425, total reward: 2966959.75
each agent reward: 2966959.75
Episode 426 return: -3120734.75
Episode: 426, total reward: 2937770.0
each agent reward: 2937770.0
Episode 427 return: -3112031.0
Episode: 427, total reward: 2942580.25
each agent reward: 2942580.25
Episode 428 return: -3142393.0
Episode: 428, total reward: 2940000.75
each agent reward: 2940000.75
Episode 429 return: -3118356.0
Episode: 429, total reward: 2944900.75
each agent reward: 2944900.75
Episode 430 return: -3086122.0
Episode: 430, total reward: 2943147.0
each agent reward: 2943147.0
Episode 431 return: -3092169.5
Episode: 431, total reward: 2934875.0
each agent reward: 2934875.0
Episode 432 return: -3121236.25
Episode: 432, total reward: 2929650.75
each agent reward: 2929650.75
Episode 433 return: -3052184.25
Episode: 433, total reward: 2926131.75
each agent reward: 2926131.75
Episode 434 return: -3075882.75
Episode: 434, total reward: 2938728.5
each agent reward: 2938728.5
Episode 435 return: -3162905.5
Episode: 435, total reward: 2894140.25
each agent reward: 2894140.25
Episode 436 return: -3102232.75
Episode: 436, total reward: 2895429.0
each agent reward: 2895429.0
Episode 437 return: -3084921.25
Episode: 437, total reward: 2939324.0
each agent reward: 2939324.0
Episode 438 return: -3086961.0
Episode: 438, total reward: 2914879.5
each agent reward: 2914879.5
Episode 439 return: -3093299.5
Episode: 439, total reward: 2910398.5
each agent reward: 2910398.5
Episode 440 return: -3089080.25
Episode: 440, total reward: 2896880.0
each agent reward: 2896880.0
Episode 441 return: -3084987.75
Episode: 441, total reward: 2896996.5
each agent reward: 2896996.5
Episode 442 return: -3092012.5
Episode: 442, total reward: 2899969.0
each agent reward: 2899969.0
Episode 443 return: -3078259.25
Episode: 443, total reward: 2902482.0
each agent reward: 2902482.0
Episode 444 return: -3093884.75
Episode: 444, total reward: 2909774.75
each agent reward: 2909774.75
Episode 445 return: -3127135.5
Episode: 445, total reward: 2916782.0
each agent reward: 2916782.0
Episode 446 return: -3075367.0
Episode: 446, total reward: 2924393.5
each agent reward: 2924393.5
Episode 447 return: -3065302.5
Episode: 447, total reward: 2931456.75
each agent reward: 2931456.75
Episode 448 return: -3073894.0
Episode: 448, total reward: 2917328.25
each agent reward: 2917328.25
Episode 449 return: -3110106.5
Episode: 449, total reward: 2941479.5
each agent reward: 2941479.5
Episode 450 return: -3095390.0
Episode: 450, total reward: 2938268.25
each agent reward: 2938268.25
Episode 451 return: -3087965.5
Episode: 451, total reward: 2909310.5
each agent reward: 2909310.5
Episode 452 return: -3088198.75
Episode: 452, total reward: 2900441.75
each agent reward: 2900441.75
Episode 453 return: -3068810.75
Episode: 453, total reward: 2898069.75
each agent reward: 2898069.75
Episode 454 return: -3069739.25
Episode: 454, total reward: 2897041.0
each agent reward: 2897041.0
Episode 455 return: -3047138.25
Episode: 455, total reward: 2892970.25
each agent reward: 2892970.25
Episode 456 return: -3094903.0
Episode: 456, total reward: 2892636.75
each agent reward: 2892636.75
Episode 457 return: -3073257.5
Episode: 457, total reward: 2897380.25
each agent reward: 2897380.25
Episode 458 return: -3064416.75
Episode: 458, total reward: 2897793.5
each agent reward: 2897793.5
Episode 459 return: -3059867.75
Episode: 459, total reward: 2894512.75
each agent reward: 2894512.75
Episode 460 return: -3065005.25
Episode: 460, total reward: 2894386.0
each agent reward: 2894386.0
Episode 461 return: -3097449.75
Episode: 461, total reward: 2894512.75
each agent reward: 2894512.75
Episode 462 return: -3062430.75
Episode: 462, total reward: 2895299.0
each agent reward: 2895299.0
Episode 463 return: -3052572.5
Episode: 463, total reward: 2895505.0
each agent reward: 2895505.0
Episode 464 return: -3102303.75
Episode: 464, total reward: 2898749.5
each agent reward: 2898749.5
Episode 465 return: -3105033.0
Episode: 465, total reward: 2895443.0
each agent reward: 2895443.0
Episode 466 return: -3082019.75
Episode: 466, total reward: 2893585.5
each agent reward: 2893585.5
Episode 467 return: -3067969.25
Episode: 467, total reward: 2893557.0
each agent reward: 2893557.0
Episode 468 return: -3073408.0
Episode: 468, total reward: 2894296.75
each agent reward: 2894296.75
Episode 469 return: -3063985.0
Episode: 469, total reward: 2893307.75
each agent reward: 2893307.75
Episode 470 return: -3046264.5
Episode: 470, total reward: 2892829.5
each agent reward: 2892829.5
Episode 471 return: -3063383.25
Episode: 471, total reward: 2892829.5
each agent reward: 2892829.5
Episode 472 return: -3079284.75
Episode: 472, total reward: 2893548.25
each agent reward: 2893548.25
Episode 473 return: -3074003.0
Episode: 473, total reward: 2932376.25
each agent reward: 2932376.25
Episode 474 return: -3066361.25
Episode: 474, total reward: 2938362.75
each agent reward: 2938362.75
Episode 475 return: -3110393.0
Episode: 475, total reward: 2933754.75
each agent reward: 2933754.75
Episode 476 return: -3064484.75
Episode: 476, total reward: 2943174.75
each agent reward: 2943174.75
Episode 477 return: -3081496.0
Episode: 477, total reward: 2944322.75
each agent reward: 2944322.75
Episode 478 return: -3100409.25
Episode: 478, total reward: 2923574.0
each agent reward: 2923574.0
Episode 479 return: -3074056.0
Episode: 479, total reward: 2896767.25
each agent reward: 2896767.25
Episode 480 return: -3066678.0
Episode: 480, total reward: 2896128.0
each agent reward: 2896128.0
Episode 481 return: -3095854.5
Episode: 481, total reward: 2917419.5
each agent reward: 2917419.5
Episode 482 return: -3077842.75
Episode: 482, total reward: 2941434.75
each agent reward: 2941434.75
Episode 483 return: -3030809.5
Episode: 483, total reward: 2941434.75
each agent reward: 2941434.75
Episode 484 return: -3054147.0
Episode: 484, total reward: 2908084.25
each agent reward: 2908084.25
Episode 485 return: -3101375.0
Episode: 485, total reward: 2896128.0
each agent reward: 2896128.0
Episode 486 return: -3080514.75
Episode: 486, total reward: 2896128.0
each agent reward: 2896128.0
Episode 487 return: -3079570.0
Episode: 487, total reward: 2896128.0
each agent reward: 2896128.0
Episode 488 return: -3087605.25
Episode: 488, total reward: 2896767.25
each agent reward: 2896767.25
Episode 489 return: -3099617.0
Episode: 489, total reward: 2896875.25
each agent reward: 2896875.25
Episode 490 return: -3013248.75
Episode: 490, total reward: 2896875.25
each agent reward: 2896875.25
Episode 491 return: -3075863.25
Episode: 491, total reward: 2894417.5
each agent reward: 2894417.5
Episode 492 return: -3038089.5
Episode: 492, total reward: 2894699.5
each agent reward: 2894699.5
Episode 493 return: -3027965.25
Episode: 493, total reward: 2885158.0
each agent reward: 2885158.0
Episode 494 return: -3068746.25
Episode: 494, total reward: 2894849.75
each agent reward: 2894849.75
Episode 495 return: -3045964.0
Episode: 495, total reward: 2894165.25
each agent reward: 2894165.25
Episode 496 return: -3081139.25
Episode: 496, total reward: 2895099.0
each agent reward: 2895099.0
Episode 497 return: -3057545.0
Episode: 497, total reward: 2894849.75
each agent reward: 2894849.75
Episode 498 return: -3083335.25
Episode: 498, total reward: 2893206.75
each agent reward: 2893206.75
Episode 499 return: -3034667.0
Episode: 499, total reward: 2893744.0
each agent reward: 2893744.0
Episode 500 return: -3063139.0
Episode: 500, total reward: 2895326.25
each agent reward: 2895326.25
Episode 501 return: -3048680.0
Episode: 501, total reward: 2892829.5
each agent reward: 2892829.5
Episode 502 return: -3025614.0
Episode: 502, total reward: 2849609.0
each agent reward: 2849609.0
Episode 503 return: -3053671.75
Episode: 503, total reward: 2857892.5
each agent reward: 2857892.5
Episode 504 return: -3037084.25
Episode: 504, total reward: 2892829.5
each agent reward: 2892829.5
Episode 505 return: -3089587.0
Episode: 505, total reward: 2891141.5
each agent reward: 2891141.5
Episode 506 return: -3054142.75
Episode: 506, total reward: 2850960.25
each agent reward: 2850960.25
Episode 507 return: -3040852.0
Episode: 507, total reward: 2850960.25
each agent reward: 2850960.25
Episode 508 return: -3038827.5
Episode: 508, total reward: 2849950.5
each agent reward: 2849950.5
Episode 509 return: -3065536.0
Episode: 509, total reward: 2849986.25
each agent reward: 2849986.25
Episode 510 return: -3038863.0
Episode: 510, total reward: 2849609.0
each agent reward: 2849609.0
Episode 511 return: -3034915.25
Episode: 511, total reward: 2852653.5
each agent reward: 2852653.5
Episode 512 return: -3054071.75
Episode: 512, total reward: 2852653.5
each agent reward: 2852653.5
Episode 513 return: -3022993.0
Episode: 513, total reward: 2854241.0
each agent reward: 2854241.0
Episode 514 return: -3030166.5
Episode: 514, total reward: 2849891.0
each agent reward: 2849891.0
Episode 515 return: -3068040.25
Episode: 515, total reward: 2850748.5
each agent reward: 2850748.5
Episode 516 return: -3040698.75
Episode: 516, total reward: 2852644.0
each agent reward: 2852644.0
Episode 517 return: -3060497.0
Episode: 517, total reward: 2851478.5
each agent reward: 2851478.5
Episode 518 return: -3018164.25
Episode: 518, total reward: 2878465.25
each agent reward: 2878465.25
Episode 519 return: -3070747.5
Episode: 519, total reward: 2889155.75
each agent reward: 2889155.75
Episode 520 return: -3083688.5
Episode: 520, total reward: 2870794.5
each agent reward: 2870794.5
Episode 521 return: -3047310.25
Episode: 521, total reward: 2870794.5
each agent reward: 2870794.5
Episode 522 return: -3041359.5
Episode: 522, total reward: 2895525.5
each agent reward: 2895525.5
Episode 523 return: -3074255.75
Episode: 523, total reward: 2862263.25
each agent reward: 2862263.25
Episode 524 return: -3060985.75
Episode: 524, total reward: 2853211.25
each agent reward: 2853211.25
Episode 525 return: -3015754.75
Episode: 525, total reward: 2853211.25
each agent reward: 2853211.25
Episode 526 return: -3030075.75
Episode: 526, total reward: 2849891.0
each agent reward: 2849891.0
Episode 527 return: -3025293.25
Episode: 527, total reward: 2849609.0
each agent reward: 2849609.0
Episode 528 return: -3055287.75
Episode: 528, total reward: 2894227.75
each agent reward: 2894227.75
Episode 529 return: -3067332.75
Episode: 529, total reward: 2900319.5
each agent reward: 2900319.5
Episode 530 return: -3078655.25
Episode: 530, total reward: 2900994.0
each agent reward: 2900994.0
Episode 531 return: -3020762.75
Episode: 531, total reward: 2898744.5
each agent reward: 2898744.5
Episode 532 return: -3072134.5
Episode: 532, total reward: 2898643.5
each agent reward: 2898643.5
Episode 533 return: -3066366.0
Episode: 533, total reward: 2898744.5
each agent reward: 2898744.5
Episode 534 return: -3049160.5
Episode: 534, total reward: 2898744.5
each agent reward: 2898744.5
Episode 535 return: -3029005.5
Episode: 535, total reward: 2895626.5
each agent reward: 2895626.5
Episode 536 return: -3063911.5
Episode: 536, total reward: 2853211.25
each agent reward: 2853211.25
Episode 537 return: -3046940.0
Episode: 537, total reward: 2850087.25
each agent reward: 2850087.25
Episode 538 return: -3056068.0
Episode: 538, total reward: 2849986.25
each agent reward: 2849986.25
Episode 539 return: -3027054.25
Episode: 539, total reward: 2849609.0
each agent reward: 2849609.0
Episode 540 return: -3038278.5
Episode: 540, total reward: 2849609.0
each agent reward: 2849609.0
Episode 541 return: -3087036.75
Episode: 541, total reward: 2849609.0
each agent reward: 2849609.0
Episode 542 return: -3057406.5
Episode: 542, total reward: 2848975.5
each agent reward: 2848975.5
Episode 543 return: -3071019.0
Episode: 543, total reward: 2853211.25
each agent reward: 2853211.25
Episode 544 return: -3022376.5
Episode: 544, total reward: 2850087.25
each agent reward: 2850087.25
Episode 545 return: -3029866.5
Episode: 545, total reward: 2850087.25
each agent reward: 2850087.25
Episode 546 return: -3063084.75
Episode: 546, total reward: 2850087.25
each agent reward: 2850087.25
Episode 547 return: -2999201.25
Episode: 547, total reward: 2850087.25
each agent reward: 2850087.25
Episode 548 return: -3049837.25
Episode: 548, total reward: 2849609.0
each agent reward: 2849609.0
Episode 549 return: -3043080.0
Episode: 549, total reward: 2849609.0
each agent reward: 2849609.0
Episode 550 return: -3030197.25
Episode: 550, total reward: 2849609.0
each agent reward: 2849609.0
Episode 551 return: -3018148.5
Episode: 551, total reward: 2849609.0
each agent reward: 2849609.0
Episode 552 return: -3047559.0
Episode: 552, total reward: 2849986.25
each agent reward: 2849986.25
Episode 553 return: -3031560.0
Episode: 553, total reward: 2849609.0
each agent reward: 2849609.0
Episode 554 return: -3066283.25
Episode: 554, total reward: 2849986.25
each agent reward: 2849986.25
Episode 555 return: -3013722.0
Episode: 555, total reward: 2850087.25
each agent reward: 2850087.25
Episode 556 return: -3033427.25
Episode: 556, total reward: 2850148.5
each agent reward: 2850148.5
Episode 557 return: -3056625.25
Episode: 557, total reward: 2850148.5
each agent reward: 2850148.5
Episode 558 return: -3059440.5
Episode: 558, total reward: 2850087.25
each agent reward: 2850087.25
Episode 559 return: -3047504.5
Episode: 559, total reward: 2853110.25
each agent reward: 2853110.25
Episode 560 return: -3043796.5
Episode: 560, total reward: 2849986.25
each agent reward: 2849986.25
Episode 561 return: -3049610.75
Episode: 561, total reward: 2849609.0
each agent reward: 2849609.0
Episode 562 return: -3042648.0
Episode: 562, total reward: 2849986.25
each agent reward: 2849986.25
Episode 563 return: -3034083.25
Episode: 563, total reward: 2850087.25
each agent reward: 2850087.25
Episode 564 return: -3055578.75
Episode: 564, total reward: 2850087.25
each agent reward: 2850087.25
Episode 565 return: -2998122.5
Episode: 565, total reward: 2850087.25
each agent reward: 2850087.25
Episode 566 return: -3005422.5
Episode: 566, total reward: 2850087.25
each agent reward: 2850087.25
Episode 567 return: -3060534.5
Episode: 567, total reward: 2850087.25
each agent reward: 2850087.25
Episode 568 return: -3013087.75
Episode: 568, total reward: 2850087.25
each agent reward: 2850087.25
Episode 569 return: -3014077.5
Episode: 569, total reward: 2850087.25
each agent reward: 2850087.25
Episode 570 return: -3061608.25
Episode: 570, total reward: 2850087.25
each agent reward: 2850087.25
Episode 571 return: -3053269.75
Episode: 571, total reward: 2850087.25
each agent reward: 2850087.25
Episode 572 return: -3035583.0
Episode: 572, total reward: 2850087.25
each agent reward: 2850087.25
Episode 573 return: -3020253.5
Episode: 573, total reward: 2844553.0
each agent reward: 2844553.0
Episode 574 return: -3053750.5
Episode: 574, total reward: 2847145.25
each agent reward: 2847145.25
Episode 575 return: -3043619.0
Episode: 575, total reward: 2850148.5
each agent reward: 2850148.5
Episode 576 return: -3015716.0
Episode: 576, total reward: 2850087.25
each agent reward: 2850087.25
Episode 577 return: -3014115.75
Episode: 577, total reward: 2850087.25
each agent reward: 2850087.25
Episode 578 return: -3016799.25
Episode: 578, total reward: 2849609.0
each agent reward: 2849609.0
Episode 579 return: -3031927.0
Episode: 579, total reward: 2849986.25
each agent reward: 2849986.25
Episode 580 return: -3025397.75
Episode: 580, total reward: 2850087.25
each agent reward: 2850087.25
Episode 581 return: -3043746.5
Episode: 581, total reward: 2850087.25
each agent reward: 2850087.25
Episode 582 return: -3018032.75
Episode: 582, total reward: 2850087.25
each agent reward: 2850087.25
Episode 583 return: -3029146.0
Episode: 583, total reward: 2850087.25
each agent reward: 2850087.25
Episode 584 return: -3023119.0
Episode: 584, total reward: 2850087.25
each agent reward: 2850087.25
Episode 585 return: -3037632.5
Episode: 585, total reward: 2850148.5
each agent reward: 2850148.5
Episode 586 return: -3054243.5
Episode: 586, total reward: 2850148.5
each agent reward: 2850148.5
Episode 587 return: -3024607.25
Episode: 587, total reward: 2850148.5
each agent reward: 2850148.5
Episode 588 return: -3011983.25
Episode: 588, total reward: 2844836.0
each agent reward: 2844836.0
Episode 589 return: -3043280.0
Episode: 589, total reward: 2847439.5
each agent reward: 2847439.5
Episode 590 return: -3037471.75
Episode: 590, total reward: 2847439.5
each agent reward: 2847439.5
Episode 591 return: -3002544.5
Episode: 591, total reward: 2850087.25
each agent reward: 2850087.25
Episode 592 return: -3040124.5
Episode: 592, total reward: 2849986.25
each agent reward: 2849986.25
Episode 593 return: -3031345.5
Episode: 593, total reward: 2849609.0
each agent reward: 2849609.0
Episode 594 return: -3034938.25
Episode: 594, total reward: 2849986.25
each agent reward: 2849986.25
Episode 595 return: -3009843.25
Episode: 595, total reward: 2850087.25
each agent reward: 2850087.25
Episode 596 return: -3012525.0
Episode: 596, total reward: 2850087.25
each agent reward: 2850087.25
Episode 597 return: -3014672.0
Episode: 597, total reward: 2850087.25
each agent reward: 2850087.25
Episode 598 return: -3071011.75
Episode: 598, total reward: 2850087.25
each agent reward: 2850087.25
Episode 599 return: -3044715.0
Episode: 599, total reward: 2850087.25
each agent reward: 2850087.25
Episode 600 return: -3016644.25
Episode: 600, total reward: 2850087.25
each agent reward: 2850087.25
Episode 601 return: -3011437.5
Episode: 601, total reward: 2849231.25
each agent reward: 2849231.25
Episode 602 return: -3009649.5
Episode: 602, total reward: 2847211.25
each agent reward: 2847211.25
Episode 603 return: -3042985.25
Episode: 603, total reward: 2847211.25
each agent reward: 2847211.25
Episode 604 return: -3055051.5
Episode: 604, total reward: 2849986.25
each agent reward: 2849986.25
Episode 605 return: -3057122.25
Episode: 605, total reward: 2850087.25
each agent reward: 2850087.25
Episode 606 return: -3034643.0
Episode: 606, total reward: 2850087.25
each agent reward: 2850087.25
Episode 607 return: -3047012.0
Episode: 607, total reward: 2847211.25
each agent reward: 2847211.25
Episode 608 return: -3046369.75
Episode: 608, total reward: 2850087.25
each agent reward: 2850087.25
Episode 609 return: -3009208.0
Episode: 609, total reward: 2850087.25
each agent reward: 2850087.25
Episode 610 return: -3043324.5
Episode: 610, total reward: 2850087.25
each agent reward: 2850087.25
Episode 611 return: -3029289.75
Episode: 611, total reward: 2853211.25
each agent reward: 2853211.25
Episode 612 return: -3033970.75
Episode: 612, total reward: 2850335.25
each agent reward: 2850335.25
Episode 613 return: -3040034.5
Episode: 613, total reward: 2847320.75
each agent reward: 2847320.75
Episode 614 return: -3075516.25
Episode: 614, total reward: 2847211.25
each agent reward: 2847211.25
Episode 615 return: -3067938.0
Episode: 615, total reward: 2847211.25
each agent reward: 2847211.25
Episode 616 return: -3059129.0
Episode: 616, total reward: 2847211.25
each agent reward: 2847211.25
Episode 617 return: -3022313.25
Episode: 617, total reward: 2847211.25
each agent reward: 2847211.25
Episode 618 return: -3050670.5
Episode: 618, total reward: 2850087.25
each agent reward: 2850087.25
Episode 619 return: -3041305.0
Episode: 619, total reward: 2850087.25
each agent reward: 2850087.25
Episode 620 return: -3058504.75
Episode: 620, total reward: 2850087.25
each agent reward: 2850087.25
Episode 621 return: -3058472.75
Episode: 621, total reward: 2847211.25
each agent reward: 2847211.25
Episode 622 return: -3027782.75
Episode: 622, total reward: 2847211.25
each agent reward: 2847211.25
Episode 623 return: -3047317.75
Episode: 623, total reward: 2847211.25
each agent reward: 2847211.25
Episode 624 return: -3025918.25
Episode: 624, total reward: 2847211.25
each agent reward: 2847211.25
Episode 625 return: -3055735.25
Episode: 625, total reward: 2847211.25
each agent reward: 2847211.25
Episode 626 return: -3012258.25
Episode: 626, total reward: 2844196.75
each agent reward: 2844196.75
Episode 627 return: -3039538.0
Episode: 627, total reward: 2844196.75
each agent reward: 2844196.75
Episode 628 return: -3050807.25
Episode: 628, total reward: 2847211.25
each agent reward: 2847211.25
Episode 629 return: -3027141.0
Episode: 629, total reward: 2847211.25
each agent reward: 2847211.25
Episode 630 return: -3015599.0
Episode: 630, total reward: 2847211.25
each agent reward: 2847211.25
Episode 631 return: -3044841.5
Episode: 631, total reward: 2847211.25
each agent reward: 2847211.25
Episode 632 return: -3077588.25
Episode: 632, total reward: 2847211.25
each agent reward: 2847211.25
Episode 633 return: -3034265.5
Episode: 633, total reward: 2847211.25
each agent reward: 2847211.25
Episode 634 return: -3033300.0
Episode: 634, total reward: 2847211.25
each agent reward: 2847211.25
Episode 635 return: -3033358.5
Episode: 635, total reward: 2847211.25
each agent reward: 2847211.25
Episode 636 return: -3061944.5
Episode: 636, total reward: 2847110.25
each agent reward: 2847110.25
Episode 637 return: -3043114.0
Episode: 637, total reward: 2849986.25
each agent reward: 2849986.25
Episode 638 return: -3025642.75
Episode: 638, total reward: 2849696.25
each agent reward: 2849696.25
Episode 639 return: -3026079.5
Episode: 639, total reward: 2847211.25
each agent reward: 2847211.25
Episode 640 return: -3029629.0
Episode: 640, total reward: 2850335.25
each agent reward: 2850335.25
Episode 641 return: -3027632.75
Episode: 641, total reward: 2850335.25
each agent reward: 2850335.25
Episode 642 return: -3063416.75
Episode: 642, total reward: 2848217.25
each agent reward: 2848217.25
Episode 643 return: -3031498.25
Episode: 643, total reward: 2845269.75
each agent reward: 2845269.75
Episode 644 return: -3039129.5
Episode: 644, total reward: 2844553.0
each agent reward: 2844553.0
Episode 645 return: -3035405.75
Episode: 645, total reward: 2844196.75
each agent reward: 2844196.75
Episode 646 return: -3063284.0
Episode: 646, total reward: 2847211.25
each agent reward: 2847211.25
Episode 647 return: -3008874.5
Episode: 647, total reward: 2844196.75
each agent reward: 2844196.75
Episode 648 return: -3005657.75
Episode: 648, total reward: 2847211.25
each agent reward: 2847211.25
Episode 649 return: -3017285.5
Episode: 649, total reward: 2844196.75
each agent reward: 2844196.75
Episode 650 return: -3028678.5
Episode: 650, total reward: 2844196.75
each agent reward: 2844196.75
Episode 651 return: -3051949.25
Episode: 651, total reward: 2847211.25
each agent reward: 2847211.25
Episode 652 return: -3014688.0
Episode: 652, total reward: 2847211.25
each agent reward: 2847211.25
Episode 653 return: -3030821.75
Episode: 653, total reward: 2847211.25
each agent reward: 2847211.25
Episode 654 return: -3107469.25
Episode: 654, total reward: 2847211.25
each agent reward: 2847211.25
Episode 655 return: -3030209.75
Episode: 655, total reward: 2847211.25
each agent reward: 2847211.25
Episode 656 return: -3055000.0
Episode: 656, total reward: 2844196.75
each agent reward: 2844196.75
Episode 657 return: -3028174.75
Episode: 657, total reward: 2844196.75
each agent reward: 2844196.75
Episode 658 return: -3036331.25
Episode: 658, total reward: 2845269.75
each agent reward: 2845269.75
Episode 659 return: -3038124.75
Episode: 659, total reward: 2845234.75
each agent reward: 2845234.75
Episode 660 return: -3024004.5
Episode: 660, total reward: 2848366.25
each agent reward: 2848366.25
Episode 661 return: -3008090.25
Episode: 661, total reward: 2848366.25
each agent reward: 2848366.25
Episode 662 return: -2995047.5
Episode: 662, total reward: 2845234.75
each agent reward: 2845234.75
Episode 663 return: -3034897.0
Episode: 663, total reward: 2845269.75
each agent reward: 2845269.75
Episode 664 return: -3025516.25
Episode: 664, total reward: 2844196.75
each agent reward: 2844196.75
Episode 665 return: -2996086.5
Episode: 665, total reward: 2847211.25
each agent reward: 2847211.25
Episode 666 return: -3060043.25
Episode: 666, total reward: 2847110.25
each agent reward: 2847110.25
Episode 667 return: -3001701.5
Episode: 667, total reward: 2847211.25
each agent reward: 2847211.25
Episode 668 return: -3051068.75
Episode: 668, total reward: 2847211.25
each agent reward: 2847211.25
Episode 669 return: -2991131.75
Episode: 669, total reward: 2847211.25
each agent reward: 2847211.25
Episode 670 return: -3038502.75
Episode: 670, total reward: 2844196.75
each agent reward: 2844196.75
Episode 671 return: -3026449.0
Episode: 671, total reward: 2844196.75
each agent reward: 2844196.75
Episode 672 return: -3024992.25
Episode: 672, total reward: 2845269.75
each agent reward: 2845269.75
Episode 673 return: -3010585.25
Episode: 673, total reward: 2845234.75
each agent reward: 2845234.75
Episode 674 return: -3023751.5
Episode: 674, total reward: 2848366.25
each agent reward: 2848366.25
Episode 675 return: -3041998.75
Episode: 675, total reward: 2866832.75
each agent reward: 2866832.75
Episode 676 return: -3019583.0
Episode: 676, total reward: 2876180.25
each agent reward: 2876180.25
Episode 677 return: -3032126.25
Episode: 677, total reward: 2866832.75
each agent reward: 2866832.75
Episode 678 return: -3022213.0
Episode: 678, total reward: 2848366.25
each agent reward: 2848366.25
Episode 679 return: -3010862.0
Episode: 679, total reward: 2848366.25
each agent reward: 2848366.25
Episode 680 return: -3077441.0
Episode: 680, total reward: 2848366.25
each agent reward: 2848366.25
Episode 681 return: -3045292.0
Episode: 681, total reward: 2846221.75
each agent reward: 2846221.75
Episode 682 return: -3026066.75
Episode: 682, total reward: 2845234.75
each agent reward: 2845234.75
Episode 683 return: -3028408.0
Episode: 683, total reward: 2822490.0
each agent reward: 2822490.0
Episode 684 return: -3022300.75
Episode: 684, total reward: 2822525.0
each agent reward: 2822525.0
Episode 685 return: -3042854.5
Episode: 685, total reward: 2822525.0
each agent reward: 2822525.0
Episode 686 return: -3052604.0
Episode: 686, total reward: 2821452.0
each agent reward: 2821452.0
Episode 687 return: -3008750.0
Episode: 687, total reward: 2821808.25
each agent reward: 2821808.25
Episode 688 return: -3022834.5
Episode: 688, total reward: 2823449.75
each agent reward: 2823449.75
Episode 689 return: -3011611.75
Episode: 689, total reward: 2822733.0
each agent reward: 2822733.0
Episode 690 return: -3029246.25
Episode: 690, total reward: 2822733.0
each agent reward: 2822733.0
Episode 691 return: -3028427.5
Episode: 691, total reward: 2822376.75
each agent reward: 2822376.75
Episode 692 return: -3010233.5
Episode: 692, total reward: 2822376.75
each agent reward: 2822376.75
Episode 693 return: -3023116.75
Episode: 693, total reward: 2822376.75
each agent reward: 2822376.75
Episode 694 return: -3019652.5
Episode: 694, total reward: 2822376.75
each agent reward: 2822376.75
Episode 695 return: -2984803.0
Episode: 695, total reward: 2825391.25
each agent reward: 2825391.25
Episode 696 return: -3009507.0
Episode: 696, total reward: 2825391.25
each agent reward: 2825391.25
Episode 697 return: -2991198.5
Episode: 697, total reward: 2825391.25
each agent reward: 2825391.25
Episode 698 return: -3016466.5
Episode: 698, total reward: 2822376.75
each agent reward: 2822376.75
Episode 699 return: -3066958.75
Episode: 699, total reward: 2822376.75
each agent reward: 2822376.75
Episode 700 return: -3065399.5
Episode: 700, total reward: 2822733.0
each agent reward: 2822733.0
Episode 701 return: -3032652.0
Episode: 701, total reward: 2822733.0
each agent reward: 2822733.0
Episode 702 return: -3016637.0
Episode: 702, total reward: 2822733.0
each agent reward: 2822733.0
Episode 703 return: -3013177.25
Episode: 703, total reward: 2822376.75
each agent reward: 2822376.75
Episode 704 return: -3048085.75
Episode: 704, total reward: 2825391.25
each agent reward: 2825391.25
Episode 705 return: -3026281.0
Episode: 705, total reward: 2825104.75
each agent reward: 2825104.75
Episode 706 return: -3015680.75
Episode: 706, total reward: 2825104.75
each agent reward: 2825104.75
Episode 707 return: -3000870.75
Episode: 707, total reward: 2825104.75
each agent reward: 2825104.75
Episode 708 return: -3049590.5
Episode: 708, total reward: 2822376.75
each agent reward: 2822376.75
Episode 709 return: -3032112.75
Episode: 709, total reward: 2823414.75
each agent reward: 2823414.75
Episode 710 return: -2998587.0
Episode: 710, total reward: 2823414.75
each agent reward: 2823414.75
Episode 711 return: -3029455.0
Episode: 711, total reward: 2823414.75
each agent reward: 2823414.75
Episode 712 return: -3032864.5
Episode: 712, total reward: 2823414.75
each agent reward: 2823414.75
Episode 713 return: -3049184.5
Episode: 713, total reward: 2823414.75
each agent reward: 2823414.75
Episode 714 return: -3010950.0
Episode: 714, total reward: 2823449.75
each agent reward: 2823449.75
Episode 715 return: -3015594.5
Episode: 715, total reward: 2822376.75
each agent reward: 2822376.75
Episode 716 return: -3018661.5
Episode: 716, total reward: 2822376.75
each agent reward: 2822376.75
Episode 717 return: -3029718.75
Episode: 717, total reward: 2822376.75
each agent reward: 2822376.75
Episode 718 return: -3019279.75
Episode: 718, total reward: 2822733.0
each agent reward: 2822733.0
Episode 719 return: -3023769.5
Episode: 719, total reward: 2823449.75
each agent reward: 2823449.75
Episode 720 return: -3012114.0
Episode: 720, total reward: 2826546.25
each agent reward: 2826546.25
Episode 721 return: -3020304.5
Episode: 721, total reward: 2826397.25
each agent reward: 2826397.25
Episode 722 return: -3061323.0
Episode: 722, total reward: 2825734.75
each agent reward: 2825734.75
Episode 723 return: -3054757.75
Episode: 723, total reward: 2825883.75
each agent reward: 2825883.75
Episode 724 return: -3023606.25
Episode: 724, total reward: 2826718.25
each agent reward: 2826718.25
Episode 725 return: -3047600.25
Episode: 725, total reward: 2826718.25
each agent reward: 2826718.25
Episode 726 return: -3022492.0
Episode: 726, total reward: 2826546.25
each agent reward: 2826546.25
Episode 727 return: -3034761.0
Episode: 727, total reward: 2826546.25
each agent reward: 2826546.25
Episode 728 return: -3035596.0
Episode: 728, total reward: 2826546.25
each agent reward: 2826546.25
Episode 729 return: -3034336.75
Episode: 729, total reward: 2826397.25
each agent reward: 2826397.25
Episode 730 return: -3038956.75
Episode: 730, total reward: 2823449.75
each agent reward: 2823449.75
Episode 731 return: -3071113.25
Episode: 731, total reward: 2823414.75
each agent reward: 2823414.75
Episode 732 return: -2978781.25
Episode: 732, total reward: 2823414.75
each agent reward: 2823414.75
Episode 733 return: -2980263.5
Episode: 733, total reward: 2823414.75
each agent reward: 2823414.75
Episode 734 return: -2993063.75
Episode: 734, total reward: 2823414.75
each agent reward: 2823414.75
Episode 735 return: -3011821.25
Episode: 735, total reward: 2822376.75
each agent reward: 2822376.75
Episode 736 return: -2990403.75
Episode: 736, total reward: 2822376.75
each agent reward: 2822376.75
Episode 737 return: -3023853.75
Episode: 737, total reward: 2822376.75
each agent reward: 2822376.75
Episode 738 return: -2973305.75
Episode: 738, total reward: 2822376.75
each agent reward: 2822376.75
Episode 739 return: -3048148.25
Episode: 739, total reward: 2825290.25
each agent reward: 2825290.25
Episode 740 return: -3040917.75
Episode: 740, total reward: 2822275.75
each agent reward: 2822275.75
Episode 741 return: -3006738.75
Episode: 741, total reward: 2825290.25
each agent reward: 2825290.25
Episode 742 return: -2962336.5
Episode: 742, total reward: 2822275.75
each agent reward: 2822275.75
Episode 743 return: -3012348.5
Episode: 743, total reward: 2822376.75
each agent reward: 2822376.75
Episode 744 return: -3015481.25
Episode: 744, total reward: 2822376.75
each agent reward: 2822376.75
Episode 745 return: -3023439.5
Episode: 745, total reward: 2825191.75
each agent reward: 2825191.75
Episode 746 return: -3019291.75
Episode: 746, total reward: 2825505.25
each agent reward: 2825505.25
Episode 747 return: -3010907.25
Episode: 747, total reward: 2825500.75
each agent reward: 2825500.75
Episode 748 return: -3011422.0
Episode: 748, total reward: 2827292.75
each agent reward: 2827292.75
Episode 749 return: -3018738.75
Episode: 749, total reward: 2822733.0
each agent reward: 2822733.0
Episode 750 return: -2995554.25
Episode: 750, total reward: 2823414.75
each agent reward: 2823414.75
Episode 751 return: -3048687.5
Episode: 751, total reward: 2823449.75
each agent reward: 2823449.75
Episode 752 return: -3004596.75
Episode: 752, total reward: 2823449.75
each agent reward: 2823449.75
Episode 753 return: -2994233.25
Episode: 753, total reward: 2822376.75
each agent reward: 2822376.75
Episode 754 return: -2994433.25
Episode: 754, total reward: 2822275.75
each agent reward: 2822275.75
Episode 755 return: -3042549.75
Episode: 755, total reward: 2824521.25
each agent reward: 2824521.25
Episode 756 return: -3045651.75
Episode: 756, total reward: 2824521.25
each agent reward: 2824521.25
Episode 757 return: -3031141.0
Episode: 757, total reward: 2824521.25
each agent reward: 2824521.25
Episode 758 return: -3014902.5
Episode: 758, total reward: 2828720.75
each agent reward: 2828720.75
Episode 759 return: -3052993.75
Episode: 759, total reward: 2846226.75
each agent reward: 2846226.75
Episode 760 return: -3003389.0
Episode: 760, total reward: 2870766.25
each agent reward: 2870766.25
Episode 761 return: -2998657.25
Episode: 761, total reward: 2824683.5
each agent reward: 2824683.5
Episode 762 return: -3009698.25
Episode: 762, total reward: 2824842.75
each agent reward: 2824842.75
Episode 763 return: -2994652.5
Episode: 763, total reward: 2824638.0
each agent reward: 2824638.0
Episode 764 return: -3011856.25
Episode: 764, total reward: 2824319.75
each agent reward: 2824319.75
Episode 765 return: -3003687.5
Episode: 765, total reward: 2823637.75
each agent reward: 2823637.75
Episode 766 return: -3000176.5
Episode: 766, total reward: 2823637.75
each agent reward: 2823637.75
Episode 767 return: -2986249.25
Episode: 767, total reward: 2822376.75
each agent reward: 2822376.75
Episode 768 return: -2998412.5
Episode: 768, total reward: 2822376.75
each agent reward: 2822376.75
Episode 769 return: -3020030.0
Episode: 769, total reward: 2823414.75
each agent reward: 2823414.75
Episode 770 return: -3016604.0
Episode: 770, total reward: 2823590.75
each agent reward: 2823590.75
Episode 771 return: -3030190.75
Episode: 771, total reward: 2823590.75
each agent reward: 2823590.75
Episode 772 return: -2987613.75
Episode: 772, total reward: 2823590.75
each agent reward: 2823590.75
Episode 773 return: -2990706.75
Episode: 773, total reward: 2826718.25
each agent reward: 2826718.25
Episode 774 return: -3014738.25
Episode: 774, total reward: 2875103.25
each agent reward: 2875103.25
Episode 775 return: -3024222.5
Episode: 775, total reward: 2875517.0
each agent reward: 2875517.0
Episode 776 return: -3031817.5
Episode: 776, total reward: 2872079.5
each agent reward: 2872079.5
Episode 777 return: -2994667.25
Episode: 777, total reward: 2872079.5
each agent reward: 2872079.5
Episode 778 return: -3047756.5
Episode: 778, total reward: 2872251.5
each agent reward: 2872251.5
Episode 779 return: -2996774.75
Episode: 779, total reward: 2855188.0
each agent reward: 2855188.0
Episode 780 return: -3001629.0
Episode: 780, total reward: 2872079.5
each agent reward: 2872079.5
Episode 781 return: -2995881.75
Episode: 781, total reward: 2871496.25
each agent reward: 2871496.25
Episode 782 return: -3039277.0
Episode: 782, total reward: 2869783.5
each agent reward: 2869783.5
Episode 783 return: -3032523.75
Episode: 783, total reward: 2825889.75
each agent reward: 2825889.75
Episode 784 return: -3003309.0
Episode: 784, total reward: 2826521.0
each agent reward: 2826521.0
Episode 785 return: -3026914.25
Episode: 785, total reward: 2825960.0
each agent reward: 2825960.0
Episode 786 return: -3007978.5
Episode: 786, total reward: 2823536.75
each agent reward: 2823536.75
Episode 787 return: -3017533.5
Episode: 787, total reward: 2799533.75
each agent reward: 2799533.75
Episode 788 return: -2969349.75
Episode: 788, total reward: 2799292.5
each agent reward: 2799292.5
Episode 789 return: -3013629.0
Episode: 789, total reward: 2823887.5
each agent reward: 2823887.5
Episode 790 return: -3014552.0
Episode: 790, total reward: 2823887.5
each agent reward: 2823887.5
Episode 791 return: -3020909.0
Episode: 791, total reward: 2821631.5
each agent reward: 2821631.5
Episode 792 return: -3003469.0
Episode: 792, total reward: 2825274.75
each agent reward: 2825274.75
Episode 793 return: -3010673.25
Episode: 793, total reward: 2821790.5
each agent reward: 2821790.5
Episode 794 return: -2979910.75
Episode: 794, total reward: 2799292.5
each agent reward: 2799292.5
Episode 795 return: -2990000.25
Episode: 795, total reward: 2799533.75
each agent reward: 2799533.75
Episode 796 return: -2991497.0
Episode: 796, total reward: 2799533.75
each agent reward: 2799533.75
Episode 797 return: -2987218.5
Episode: 797, total reward: 2799533.75
each agent reward: 2799533.75
Episode 798 return: -2993832.25
Episode: 798, total reward: 2800571.75
each agent reward: 2800571.75
Episode 799 return: -3014159.0
Episode: 799, total reward: 2800571.75
each agent reward: 2800571.75
Episode 800 return: -3013419.5
Episode: 800, total reward: 2800606.75
each agent reward: 2800606.75
Episode 801 return: -2999222.0
Episode: 801, total reward: 2800606.75
each agent reward: 2800606.75
Episode 802 return: -3032234.25
Episode: 802, total reward: 2800747.75
each agent reward: 2800747.75
Episode 803 return: -2996270.75
Episode: 803, total reward: 2800747.75
each agent reward: 2800747.75
Episode 804 return: -2989503.25
Episode: 804, total reward: 2802008.75
each agent reward: 2802008.75
Episode 805 return: -2980106.25
Episode: 805, total reward: 2802008.75
each agent reward: 2802008.75
Episode 806 return: -2991962.0
Episode: 806, total reward: 2800606.75
each agent reward: 2800606.75
Episode 807 return: -2964531.5
Episode: 807, total reward: 2799533.75
each agent reward: 2799533.75
Episode 808 return: -3017180.75
Episode: 808, total reward: 2799533.75
each agent reward: 2799533.75
Episode 809 return: -3005162.0
Episode: 809, total reward: 2799533.75
each agent reward: 2799533.75
Episode 810 return: -3008800.5
Episode: 810, total reward: 2799533.75
each agent reward: 2799533.75
Episode 811 return: -2997763.25
Episode: 811, total reward: 2799533.75
each agent reward: 2799533.75
Episode 812 return: -3041645.25
Episode: 812, total reward: 2799533.75
each agent reward: 2799533.75
Episode 813 return: -3025814.5
Episode: 813, total reward: 2800606.75
each agent reward: 2800606.75
Episode 814 return: -3011469.5
Episode: 814, total reward: 2799890.0
each agent reward: 2799890.0
Episode 815 return: -2986453.25
Episode: 815, total reward: 2800606.75
each agent reward: 2800606.75
Episode 816 return: -3007272.0
Episode: 816, total reward: 2800606.75
each agent reward: 2800606.75
Episode 817 return: -3020536.75
Episode: 817, total reward: 2800606.75
each agent reward: 2800606.75
Episode 818 return: -3013806.5
Episode: 818, total reward: 2800606.75
each agent reward: 2800606.75
Episode 819 return: -3000216.75
Episode: 819, total reward: 2800571.75
each agent reward: 2800571.75
Episode 820 return: -2990182.5
Episode: 820, total reward: 2800571.75
each agent reward: 2800571.75
Episode 821 return: -3020781.25
Episode: 821, total reward: 2800571.75
each agent reward: 2800571.75
Episode 822 return: -2983126.25
Episode: 822, total reward: 2800571.75
each agent reward: 2800571.75
Episode 823 return: -3011208.75
Episode: 823, total reward: 2800571.75
each agent reward: 2800571.75
Episode 824 return: -2978601.25
Episode: 824, total reward: 2800606.75
each agent reward: 2800606.75
Episode 825 return: -3004806.75
Episode: 825, total reward: 2801151.0
each agent reward: 2801151.0
Episode 826 return: -2969680.0
Episode: 826, total reward: 2800794.75
each agent reward: 2800794.75
Episode 827 return: -3019137.5
Episode: 827, total reward: 2800794.75
each agent reward: 2800794.75
Episode 828 return: -3014770.25
Episode: 828, total reward: 2800794.75
each agent reward: 2800794.75
Episode 829 return: -2976869.75
Episode: 829, total reward: 2801151.0
each agent reward: 2801151.0
Episode 830 return: -3006385.0
Episode: 830, total reward: 2801151.0
each agent reward: 2801151.0
Episode 831 return: -2995773.0
Episode: 831, total reward: 2801832.75
each agent reward: 2801832.75
Episode 832 return: -2980308.0
Episode: 832, total reward: 2800747.75
each agent reward: 2800747.75
Episode 833 return: -3049291.25
Episode: 833, total reward: 2800747.75
each agent reward: 2800747.75
Episode 834 return: -2983289.75
Episode: 834, total reward: 2800571.75
each agent reward: 2800571.75
Episode 835 return: -3024172.75
Episode: 835, total reward: 2800571.75
each agent reward: 2800571.75
Episode 836 return: -3001567.5
Episode: 836, total reward: 2800571.75
each agent reward: 2800571.75
Episode 837 return: -2986043.0
Episode: 837, total reward: 2800571.75
each agent reward: 2800571.75
Episode 838 return: -3007000.5
Episode: 838, total reward: 2800571.75
each agent reward: 2800571.75
Episode 839 return: -3013047.5
Episode: 839, total reward: 2800571.75
each agent reward: 2800571.75
Episode 840 return: -3014900.25
Episode: 840, total reward: 2800571.75
each agent reward: 2800571.75
Episode 841 return: -2997929.0
Episode: 841, total reward: 2800571.75
each agent reward: 2800571.75
Episode 842 return: -3019350.25
Episode: 842, total reward: 2803703.25
each agent reward: 2803703.25
Episode 843 return: -2999121.75
Episode: 843, total reward: 2841029.0
each agent reward: 2841029.0
Episode 844 return: -3032677.75
Episode: 844, total reward: 2810720.0
each agent reward: 2810720.0
Episode 845 return: -3052145.5
Episode: 845, total reward: 2802657.75
each agent reward: 2802657.75
Episode 846 return: -2987140.25
Episode: 846, total reward: 2799994.5
each agent reward: 2799994.5
Episode 847 return: -3009866.0
Episode: 847, total reward: 2811248.5
each agent reward: 2811248.5
Episode 848 return: -3010449.0
Episode: 848, total reward: 2798788.5
each agent reward: 2798788.5
Episode 849 return: -2980083.75
Episode: 849, total reward: 2798788.5
each agent reward: 2798788.5
Episode 850 return: -3005608.75
Episode: 850, total reward: 2798788.5
each agent reward: 2798788.5
Episode 851 return: -2990599.75
Episode: 851, total reward: 2798788.5
each agent reward: 2798788.5
Episode 852 return: -3001806.75
Episode: 852, total reward: 2798788.5
each agent reward: 2798788.5
Episode 853 return: -2991082.25
Episode: 853, total reward: 2798788.5
each agent reward: 2798788.5
Episode 854 return: -2984500.0
Episode: 854, total reward: 2798788.5
each agent reward: 2798788.5
Episode 855 return: -2984244.25
Episode: 855, total reward: 2799178.25
each agent reward: 2799178.25
Episode 856 return: -2971138.25
Episode: 856, total reward: 2799417.75
each agent reward: 2799417.75
Episode 857 return: -3021483.75
Episode: 857, total reward: 2798788.5
each agent reward: 2798788.5
Episode 858 return: -2994260.25
Episode: 858, total reward: 2799292.5
each agent reward: 2799292.5
Episode 859 return: -2977709.0
Episode: 859, total reward: 2799533.75
each agent reward: 2799533.75
Episode 860 return: -3018552.75
Episode: 860, total reward: 2803554.25
each agent reward: 2803554.25
Episode 861 return: -2998777.0
Episode: 861, total reward: 2803554.25
each agent reward: 2803554.25
Episode 862 return: -3031742.5
Episode: 862, total reward: 2809566.0
each agent reward: 2809566.0
Episode 863 return: -3037366.5
Episode: 863, total reward: 2824912.5
each agent reward: 2824912.5
Episode 864 return: -3000057.25
Episode: 864, total reward: 2799533.75
each agent reward: 2799533.75
Episode 865 return: -2987657.5
Episode: 865, total reward: 2799533.75
each agent reward: 2799533.75
Episode 866 return: -3030725.0
Episode: 866, total reward: 2799533.75
each agent reward: 2799533.75
Episode 867 return: -3027221.25
Episode: 867, total reward: 2799533.75
each agent reward: 2799533.75
Episode 868 return: -2982586.75
Episode: 868, total reward: 2800606.75
each agent reward: 2800606.75
Episode 869 return: -2995503.0
Episode: 869, total reward: 2800571.75
each agent reward: 2800571.75
Episode 870 return: -3019475.0
Episode: 870, total reward: 2806583.5
each agent reward: 2806583.5
Episode 871 return: -2960500.5
Episode: 871, total reward: 2800747.75
each agent reward: 2800747.75
Episode 872 return: -3023605.75
Episode: 872, total reward: 2800571.75
each agent reward: 2800571.75
Episode 873 return: -2979843.0
Episode: 873, total reward: 2800606.75
each agent reward: 2800606.75
Episode 874 return: -3005752.25
Episode: 874, total reward: 2799533.75
each agent reward: 2799533.75
Episode 875 return: -2969808.75
Episode: 875, total reward: 2799533.75
each agent reward: 2799533.75
Episode 876 return: -3007544.25
Episode: 876, total reward: 2799432.75
each agent reward: 2799432.75
Episode 877 return: -2995983.5
Episode: 877, total reward: 2799533.75
each agent reward: 2799533.75
Episode 878 return: -3013756.5
Episode: 878, total reward: 2803163.25
each agent reward: 2803163.25
Episode 879 return: -3026614.0
Episode: 879, total reward: 2802657.75
each agent reward: 2802657.75
Episode 880 return: -2985302.0
Episode: 880, total reward: 2799647.75
each agent reward: 2799647.75
Episode 881 return: -3027847.75
Episode: 881, total reward: 2799533.75
each agent reward: 2799533.75
Episode 882 return: -2981686.75
Episode: 882, total reward: 2799533.75
each agent reward: 2799533.75
Episode 883 return: -3000506.25
Episode: 883, total reward: 2800215.75
each agent reward: 2800215.75
Episode 884 return: -3017390.25
Episode: 884, total reward: 2803703.25
each agent reward: 2803703.25
Episode 885 return: -3008369.0
Episode: 885, total reward: 2800571.75
each agent reward: 2800571.75
Episode 886 return: -3017678.25
Episode: 886, total reward: 2800747.75
each agent reward: 2800747.75
Episode 887 return: -2993870.0
Episode: 887, total reward: 2800571.75
each agent reward: 2800571.75
Episode 888 return: -2982641.5
Episode: 888, total reward: 2800606.75
each agent reward: 2800606.75
Episode 889 return: -2989679.25
Episode: 889, total reward: 2800571.75
each agent reward: 2800571.75
Episode 890 return: -3020999.0
Episode: 890, total reward: 2800571.75
each agent reward: 2800571.75
Episode 891 return: -2973884.5
Episode: 891, total reward: 2800571.75
each agent reward: 2800571.75
Episode 892 return: -2999245.5
Episode: 892, total reward: 2800571.75
each agent reward: 2800571.75
Episode 893 return: -3024081.25
Episode: 893, total reward: 2800606.75
each agent reward: 2800606.75
Episode 894 return: -3000012.75
Episode: 894, total reward: 2803703.25
each agent reward: 2803703.25
Episode 895 return: -3005942.25
Episode: 895, total reward: 2834154.0
each agent reward: 2834154.0
Episode 896 return: -3004127.75
Episode: 896, total reward: 2825233.5
each agent reward: 2825233.5
Episode 897 return: -2982041.75
Episode: 897, total reward: 2800571.75
each agent reward: 2800571.75
Episode 898 return: -3000702.25
Episode: 898, total reward: 2800747.75
each agent reward: 2800747.75
Episode 899 return: -2940691.0
Episode: 899, total reward: 2800571.75
each agent reward: 2800571.75
Episode 900 return: -2982583.75
Episode: 900, total reward: 2799533.75
each agent reward: 2799533.75
Episode 901 return: -3019032.5
Episode: 901, total reward: 2799890.0
each agent reward: 2799890.0
Episode 902 return: -2998857.75
Episode: 902, total reward: 2799890.0
each agent reward: 2799890.0
Episode 903 return: -3017808.75
Episode: 903, total reward: 2799890.0
each agent reward: 2799890.0
Episode 904 return: -3007042.25
Episode: 904, total reward: 2800606.75
each agent reward: 2800606.75
Episode 905 return: -2997920.0
Episode: 905, total reward: 2799533.75
each agent reward: 2799533.75
Episode 906 return: -2978421.25
Episode: 906, total reward: 2802657.75
each agent reward: 2802657.75
Episode 907 return: -2963176.25
Episode: 907, total reward: 2799533.75
each agent reward: 2799533.75
Episode 908 return: -2995415.25
Episode: 908, total reward: 2803554.25
each agent reward: 2803554.25
Episode 909 return: -2980037.0
Episode: 909, total reward: 2803703.25
each agent reward: 2803703.25
Episode 910 return: -3012175.0
Episode: 910, total reward: 2803703.25
each agent reward: 2803703.25
Episode 911 return: -2991639.0
Episode: 911, total reward: 2846290.5
each agent reward: 2846290.5
Episode 912 return: -3034814.75
Episode: 912, total reward: 2849087.5
each agent reward: 2849087.5
Episode 913 return: -3027565.75
Episode: 913, total reward: 2848191.0
each agent reward: 2848191.0
Episode 914 return: -2954310.0
Episode: 914, total reward: 2848191.0
each agent reward: 2848191.0
Episode 915 return: -2972736.5
Episode: 915, total reward: 2848191.0
each agent reward: 2848191.0
Episode 916 return: -2994700.75
Episode: 916, total reward: 2848191.0
each agent reward: 2848191.0
Episode 917 return: -2977723.0
Episode: 917, total reward: 2799533.75
each agent reward: 2799533.75
Episode 918 return: -2989369.0
Episode: 918, total reward: 2800606.75
each agent reward: 2800606.75
Episode 919 return: -2995062.0
Episode: 919, total reward: 2800606.75
each agent reward: 2800606.75
Episode 920 return: -3024508.5
Episode: 920, total reward: 2800571.75
each agent reward: 2800571.75
Episode 921 return: -2969590.25
Episode: 921, total reward: 2800747.75
each agent reward: 2800747.75
Episode 922 return: -2994194.5
Episode: 922, total reward: 2800747.75
each agent reward: 2800747.75
Episode 923 return: -2997491.0
Episode: 923, total reward: 2800747.75
each agent reward: 2800747.75
Episode 924 return: -2986722.5
Episode: 924, total reward: 2800606.75
each agent reward: 2800606.75
Episode 925 return: -3004596.75
Episode: 925, total reward: 2799890.0
each agent reward: 2799890.0
Episode 926 return: -3015740.75
Episode: 926, total reward: 2800215.75
each agent reward: 2800215.75
Episode 927 return: -2995412.0
Episode: 927, total reward: 2803554.25
each agent reward: 2803554.25
Episode 928 return: -3014138.0
Episode: 928, total reward: 2803703.25
each agent reward: 2803703.25
Episode 929 return: -2985921.75
Episode: 929, total reward: 2803703.25
each agent reward: 2803703.25
Episode 930 return: -3009532.25
Episode: 930, total reward: 2803703.25
each agent reward: 2803703.25
Episode 931 return: -3015169.75
Episode: 931, total reward: 2803875.25
each agent reward: 2803875.25
Episode 932 return: -3009689.5
Episode: 932, total reward: 2800747.75
each agent reward: 2800747.75
Episode 933 return: -3002568.75
Episode: 933, total reward: 2803875.25
each agent reward: 2803875.25
Episode 934 return: -3000475.5
Episode: 934, total reward: 2800747.75
each agent reward: 2800747.75
Episode 935 return: -2988330.75
Episode: 935, total reward: 2800571.75
each agent reward: 2800571.75
Episode 936 return: -2962576.75
Episode: 936, total reward: 2800571.75
each agent reward: 2800571.75
Episode 937 return: -3069556.75
Episode: 937, total reward: 2800571.75
each agent reward: 2800571.75
Episode 938 return: -2983877.25
Episode: 938, total reward: 2800571.75
each agent reward: 2800571.75
Episode 939 return: -2951795.5
Episode: 939, total reward: 2800571.75
each agent reward: 2800571.75
Episode 940 return: -3008842.5
Episode: 940, total reward: 2800571.75
each agent reward: 2800571.75
Episode 941 return: -2984379.25
Episode: 941, total reward: 2800747.75
each agent reward: 2800747.75
Episode 942 return: -2996714.0
Episode: 942, total reward: 2800747.75
each agent reward: 2800747.75
Episode 943 return: -2961758.0
Episode: 943, total reward: 2800747.75
each agent reward: 2800747.75
Episode 944 return: -2991727.0
Episode: 944, total reward: 2800571.75
each agent reward: 2800571.75
Episode 945 return: -3011572.75
Episode: 945, total reward: 2800606.75
each agent reward: 2800606.75
Episode 946 return: -2946459.25
Episode: 946, total reward: 2799533.75
each agent reward: 2799533.75
Episode 947 return: -3036217.0
Episode: 947, total reward: 2799533.75
each agent reward: 2799533.75
Episode 948 return: -2982634.75
Episode: 948, total reward: 2799533.75
each agent reward: 2799533.75
Episode 949 return: -2970220.75
Episode: 949, total reward: 2799533.75
each agent reward: 2799533.75
Episode 950 return: -3042937.5
Episode: 950, total reward: 2800606.75
each agent reward: 2800606.75
Episode 951 return: -2989927.5
Episode: 951, total reward: 2800571.75
each agent reward: 2800571.75
Episode 952 return: -3002926.25
Episode: 952, total reward: 2800571.75
each agent reward: 2800571.75
Episode 953 return: -2993622.0
Episode: 953, total reward: 2800571.75
each agent reward: 2800571.75
Episode 954 return: -3011303.75
Episode: 954, total reward: 2800747.75
each agent reward: 2800747.75
Episode 955 return: -3024965.25
Episode: 955, total reward: 2800747.75
each agent reward: 2800747.75
Episode 956 return: -3024230.75
Episode: 956, total reward: 2800571.75
each agent reward: 2800571.75
Episode 957 return: -2984299.5
Episode: 957, total reward: 2799890.0
each agent reward: 2799890.0
Episode 958 return: -3024002.75
Episode: 958, total reward: 2799533.75
each agent reward: 2799533.75
Episode 959 return: -2998083.5
Episode: 959, total reward: 2799533.75
each agent reward: 2799533.75
Episode 960 return: -3009166.25
Episode: 960, total reward: 2799533.75
each agent reward: 2799533.75
Episode 961 return: -3031267.0
Episode: 961, total reward: 2800606.75
each agent reward: 2800606.75
Episode 962 return: -3003557.25
Episode: 962, total reward: 2800571.75
each agent reward: 2800571.75
Episode 963 return: -2976857.0
Episode: 963, total reward: 2800747.75
each agent reward: 2800747.75
Episode 964 return: -3016067.25
Episode: 964, total reward: 2800747.75
each agent reward: 2800747.75
Episode 965 return: -2989078.25
Episode: 965, total reward: 2800747.75
each agent reward: 2800747.75
Episode 966 return: -3011368.75
Episode: 966, total reward: 2800747.75
each agent reward: 2800747.75
Episode 967 return: -2995301.25
Episode: 967, total reward: 2800747.75
each agent reward: 2800747.75
Episode 968 return: -2973801.0
Episode: 968, total reward: 2803875.25
each agent reward: 2803875.25
Episode 969 return: -3022591.25
Episode: 969, total reward: 2800747.75
each agent reward: 2800747.75
Episode 970 return: -2992359.25
Episode: 970, total reward: 2800747.75
each agent reward: 2800747.75
Episode 971 return: -3015410.75
Episode: 971, total reward: 2800747.75
each agent reward: 2800747.75
Episode 972 return: -3008278.0
Episode: 972, total reward: 2800747.75
each agent reward: 2800747.75
Episode 973 return: -2988447.25
Episode: 973, total reward: 2800747.75
each agent reward: 2800747.75
Episode 974 return: -2980080.5
Episode: 974, total reward: 2800747.75
each agent reward: 2800747.75
Episode 975 return: -2997433.5
Episode: 975, total reward: 2800747.75
each agent reward: 2800747.75
Episode 976 return: -3002879.75
Episode: 976, total reward: 2800571.75
each agent reward: 2800571.75
Episode 977 return: -3017808.0
Episode: 977, total reward: 2800571.75
each agent reward: 2800571.75
Episode 978 return: -3008404.75
Episode: 978, total reward: 2800606.75
each agent reward: 2800606.75
Episode 979 return: -2964538.25
Episode: 979, total reward: 2800606.75
each agent reward: 2800606.75
Episode 980 return: -2963806.75
Episode: 980, total reward: 2800606.75
each agent reward: 2800606.75
Episode 981 return: -3002261.75
Episode: 981, total reward: 2800571.75
each agent reward: 2800571.75
Episode 982 return: -3008260.75
Episode: 982, total reward: 2800747.75
each agent reward: 2800747.75
Episode 983 return: -2999436.5
Episode: 983, total reward: 2803703.25
each agent reward: 2803703.25
Episode 984 return: -2995366.5
Episode: 984, total reward: 2803703.25
each agent reward: 2803703.25
Episode 985 return: -2990825.75
Episode: 985, total reward: 2800747.75
each agent reward: 2800747.75
Episode 986 return: -2983236.75
Episode: 986, total reward: 2800747.75
each agent reward: 2800747.75
Episode 987 return: -3025403.25
Episode: 987, total reward: 2800747.75
each agent reward: 2800747.75
Episode 988 return: -3014167.75
Episode: 988, total reward: 2800747.75
each agent reward: 2800747.75
Episode 989 return: -3024748.75
Episode: 989, total reward: 2800747.75
each agent reward: 2800747.75
Episode 990 return: -2976646.25
Episode: 990, total reward: 2800606.75
each agent reward: 2800606.75
Episode 991 return: -3012861.75
Episode: 991, total reward: 2799533.75
each agent reward: 2799533.75
Episode 992 return: -2995127.0
Episode: 992, total reward: 2800215.75
each agent reward: 2800215.75
Episode 993 return: -3018649.0
Episode: 993, total reward: 2800606.75
each agent reward: 2800606.75
Episode 994 return: -2986636.25
Episode: 994, total reward: 2800606.75
each agent reward: 2800606.75
Episode 995 return: -3024792.25
Episode: 995, total reward: 2800606.75
each agent reward: 2800606.75
Episode 996 return: -3021236.5
Episode: 996, total reward: 2800606.75
each agent reward: 2800606.75
Episode 997 return: -3009339.5
Episode: 997, total reward: 2800606.75
each agent reward: 2800606.75
Episode 998 return: -2998751.5
Episode: 998, total reward: 2800571.75
each agent reward: 2800571.75
Episode 999 return: -3012345.0
Episode: 999, total reward: 2800571.75
each agent reward: 2800571.75
