Episode: -1, total reward: 4604188.5
each agent reward: 4604188.5
Episode: 1, total reward: 4604987.0
each agent reward: 4604987.0
Episode 0 return: -4647152.5
Episode: 0, total reward: 4604987.0
each agent reward: 4604987.0
Episode 1 return: -4641690.5
Episode: 1, total reward: 4604987.0
each agent reward: 4604987.0
Episode 2 return: -4647940.5
Episode: 2, total reward: 4604987.0
each agent reward: 4604987.0
Episode 3 return: -4671311.5
Episode: 3, total reward: 4604987.0
each agent reward: 4604987.0
Episode 4 return: -4659339.5
Episode: 4, total reward: 4604987.0
each agent reward: 4604987.0
Episode 5 return: -4663958.0
Episode: 5, total reward: 4604987.0
each agent reward: 4604987.0
Episode 6 return: -4695076.5
Episode: 6, total reward: 4604987.0
each agent reward: 4604987.0
Episode 7 return: -4708864.0
Episode: 7, total reward: 4604987.0
each agent reward: 4604987.0
Episode 8 return: -4685987.5
Episode: 8, total reward: 4604987.0
each agent reward: 4604987.0
Episode 9 return: -4606091.5
Episode: 9, total reward: 4604987.0
each agent reward: 4604987.0
Episode 10 return: -4658974.0
Episode: 10, total reward: 4604987.0
each agent reward: 4604987.0
Episode 11 return: -4676589.0
Episode: 11, total reward: 4604987.0
each agent reward: 4604987.0
Episode 12 return: -4690922.5
Episode: 12, total reward: 4501129.0
each agent reward: 4501129.0
Episode 13 return: -4561611.0
Episode: 13, total reward: 4396702.5
each agent reward: 4396702.5
Episode 14 return: -4593275.5
Episode: 14, total reward: 4425838.0
each agent reward: 4425838.0
Episode 15 return: -4706583.0
Episode: 15, total reward: 4457471.0
each agent reward: 4457471.0
Episode 16 return: -4592414.5
Episode: 16, total reward: 4397275.0
each agent reward: 4397275.0
Episode 17 return: -4641317.0
Episode: 17, total reward: 4358843.0
each agent reward: 4358843.0
Episode 18 return: -4632376.0
Episode: 18, total reward: 4343170.0
each agent reward: 4343170.0
Episode 19 return: -4632321.5
Episode: 19, total reward: 4387476.0
each agent reward: 4387476.0
Episode 20 return: -4550691.5
Episode: 20, total reward: 4389389.5
each agent reward: 4389389.5
Episode 21 return: -4679003.0
Episode: 21, total reward: 4377378.5
each agent reward: 4377378.5
Episode 22 return: -4636596.5
Episode: 22, total reward: 4342054.5
each agent reward: 4342054.5
Episode 23 return: -4577424.5
Episode: 23, total reward: 4379095.5
each agent reward: 4379095.5
Episode 24 return: -4580390.0
Episode: 24, total reward: 4405097.0
each agent reward: 4405097.0
Episode 25 return: -4633420.5
Episode: 25, total reward: 4398954.5
each agent reward: 4398954.5
Episode 26 return: -4644829.0
Episode: 26, total reward: 4380620.5
each agent reward: 4380620.5
Episode 27 return: -4596493.5
Episode: 27, total reward: 4400159.5
each agent reward: 4400159.5
Episode 28 return: -4627075.5
Episode: 28, total reward: 4364398.5
each agent reward: 4364398.5
Episode 29 return: -4515007.5
Episode: 29, total reward: 4325017.0
each agent reward: 4325017.0
Episode 30 return: -4613799.0
Episode: 30, total reward: 4291567.5
each agent reward: 4291567.5
Episode 31 return: -4574929.5
Episode: 31, total reward: 4281964.0
each agent reward: 4281964.0
Episode 32 return: -4607405.5
Episode: 32, total reward: 4255976.5
each agent reward: 4255976.5
Episode 33 return: -4576788.0
Episode: 33, total reward: 4270009.0
each agent reward: 4270009.0
Episode 34 return: -4607470.0
Episode: 34, total reward: 4285214.5
each agent reward: 4285214.5
Episode 35 return: -4608029.0
Episode: 35, total reward: 4285959.5
each agent reward: 4285959.5
Episode 36 return: -4610994.5
Episode: 36, total reward: 4313240.5
each agent reward: 4313240.5
Episode 37 return: -4587574.0
Episode: 37, total reward: 4276050.0
each agent reward: 4276050.0
Episode 38 return: -4675151.0
Episode: 38, total reward: 4329136.0
each agent reward: 4329136.0
Episode 39 return: -4665233.5
Episode: 39, total reward: 4352421.0
each agent reward: 4352421.0
Episode 40 return: -4610969.5
Episode: 40, total reward: 4327205.5
each agent reward: 4327205.5
Episode 41 return: -4605081.0
Episode: 41, total reward: 4314833.0
each agent reward: 4314833.0
Episode 42 return: -4599206.5
Episode: 42, total reward: 4244403.0
each agent reward: 4244403.0
Episode 43 return: -4712534.5
Episode: 43, total reward: 4195571.0
each agent reward: 4195571.0
Episode 44 return: -4634282.5
Episode: 44, total reward: 4169615.5
each agent reward: 4169615.5
Episode 45 return: -4615278.0
Episode: 45, total reward: 4382746.5
each agent reward: 4382746.5
Episode 46 return: -4569567.5
Episode: 46, total reward: 4114547.75
each agent reward: 4114547.75
Episode 47 return: -4623474.0
Episode: 47, total reward: 4099631.5
each agent reward: 4099631.5
Episode 48 return: -4578293.0
Episode: 48, total reward: 4090922.5
each agent reward: 4090922.5
Episode 49 return: -4568378.0
Episode: 49, total reward: 4407997.5
each agent reward: 4407997.5
Episode 50 return: -4589297.5
Episode: 50, total reward: 4350100.5
each agent reward: 4350100.5
Episode 51 return: -4593126.0
Episode: 51, total reward: 4617632.5
each agent reward: 4617632.5
Episode 52 return: -4624487.5
Episode: 52, total reward: 4347065.0
each agent reward: 4347065.0
Episode 53 return: -4528362.0
Episode: 53, total reward: 4794989.5
each agent reward: 4794989.5
Episode 54 return: -4609471.5
Episode: 54, total reward: 5013582.0
each agent reward: 5013582.0
Episode 55 return: -4595832.0
Episode: 55, total reward: 4989695.5
each agent reward: 4989695.5
Episode 56 return: -4666106.0
Episode: 56, total reward: 4364227.0
each agent reward: 4364227.0
Episode 57 return: -4559994.5
Episode: 57, total reward: 4059838.5
each agent reward: 4059838.5
Episode 58 return: -4629356.5
Episode: 58, total reward: 4438109.5
each agent reward: 4438109.5
Episode 59 return: -4525574.5
Episode: 59, total reward: 4674150.0
each agent reward: 4674150.0
Episode 60 return: -4655756.5
Episode: 60, total reward: 4311088.5
each agent reward: 4311088.5
Episode 61 return: -4586158.5
Episode: 61, total reward: 4265770.5
each agent reward: 4265770.5
Episode 62 return: -4591350.0
Episode: 62, total reward: 4166446.0
each agent reward: 4166446.0
Episode 63 return: -4616418.0
Episode: 63, total reward: 4106227.5
each agent reward: 4106227.5
Episode 64 return: -4635964.5
Episode: 64, total reward: 4094096.5
each agent reward: 4094096.5
Episode 65 return: -4573562.5
Episode: 65, total reward: 4062648.75
each agent reward: 4062648.75
Episode 66 return: -4624731.5
Episode: 66, total reward: 4013902.0
each agent reward: 4013902.0
Episode 67 return: -4654797.5
Episode: 67, total reward: 4010653.75
each agent reward: 4010653.75
Episode 68 return: -4635182.5
Episode: 68, total reward: 4248222.5
each agent reward: 4248222.5
Episode 69 return: -4619189.0
Episode: 69, total reward: 4434213.0
each agent reward: 4434213.0
Episode 70 return: -4551069.0
Episode: 70, total reward: 3933269.75
each agent reward: 3933269.75
Episode 71 return: -4616090.5
Episode: 71, total reward: 4885870.0
each agent reward: 4885870.0
Episode 72 return: -4645966.5
Episode: 72, total reward: 4753209.5
each agent reward: 4753209.5
Episode 73 return: -4602334.0
Episode: 73, total reward: 3918557.0
each agent reward: 3918557.0
Episode 74 return: -4558758.5
Episode: 74, total reward: 4242185.5
each agent reward: 4242185.5
Episode 75 return: -4531083.5
Episode: 75, total reward: 4169668.25
each agent reward: 4169668.25
Episode 76 return: -4581317.5
Episode: 76, total reward: 4118020.5
each agent reward: 4118020.5
Episode 77 return: -4638309.5
Episode: 77, total reward: 4311654.5
each agent reward: 4311654.5
Episode 78 return: -4616758.0
Episode: 78, total reward: 4485814.0
each agent reward: 4485814.0
Episode 79 return: -4637821.0
Episode: 79, total reward: 3870011.5
each agent reward: 3870011.5
Episode 80 return: -4578615.5
Episode: 80, total reward: 3921385.0
each agent reward: 3921385.0
Episode 81 return: -4592035.5
Episode: 81, total reward: 3990002.0
each agent reward: 3990002.0
Episode 82 return: -4504586.5
Episode: 82, total reward: 3952401.5
each agent reward: 3952401.5
Episode 83 return: -4604755.0
Episode: 83, total reward: 3908899.5
each agent reward: 3908899.5
Episode 84 return: -4544832.0
Episode: 84, total reward: 3849868.5
each agent reward: 3849868.5
Episode 85 return: -4548386.0
Episode: 85, total reward: 3992826.75
each agent reward: 3992826.75
Episode 86 return: -4603070.0
Episode: 86, total reward: 3852960.0
each agent reward: 3852960.0
Episode 87 return: -4456895.5
Episode: 87, total reward: 3849322.75
each agent reward: 3849322.75
Episode 88 return: -4522283.0
Episode: 88, total reward: 3821154.75
each agent reward: 3821154.75
Episode 89 return: -4467741.5
Episode: 89, total reward: 3778246.5
each agent reward: 3778246.5
Episode 90 return: -4517961.5
Episode: 90, total reward: 3776236.0
each agent reward: 3776236.0
Episode 91 return: -4527049.5
Episode: 91, total reward: 3797346.25
each agent reward: 3797346.25
Episode 92 return: -4559913.0
Episode: 92, total reward: 3852408.0
each agent reward: 3852408.0
Episode 93 return: -4573928.5
Episode: 93, total reward: 3780524.75
each agent reward: 3780524.75
Episode 94 return: -4471839.0
Episode: 94, total reward: 3771669.25
each agent reward: 3771669.25
Episode 95 return: -4476188.0
Episode: 95, total reward: 3765178.0
each agent reward: 3765178.0
Episode 96 return: -4507439.5
Episode: 96, total reward: 3764069.0
each agent reward: 3764069.0
Episode 97 return: -4382661.5
Episode: 97, total reward: 3735989.0
each agent reward: 3735989.0
Episode 98 return: -4424831.5
Episode: 98, total reward: 3742787.25
each agent reward: 3742787.25
Episode 99 return: -4447220.5
Episode: 99, total reward: 3739827.75
each agent reward: 3739827.75
Episode 100 return: -4480861.0
Episode: 100, total reward: 3754245.75
each agent reward: 3754245.75
Episode 101 return: -4488313.0
Episode: 101, total reward: 3736623.75
each agent reward: 3736623.75
Episode 102 return: -4399760.5
Episode: 102, total reward: 3737244.25
each agent reward: 3737244.25
Episode 103 return: -4502777.5
Episode: 103, total reward: 3726121.25
each agent reward: 3726121.25
Episode 104 return: -4454853.5
Episode: 104, total reward: 3724050.5
each agent reward: 3724050.5
Episode 105 return: -4350645.0
Episode: 105, total reward: 3722020.25
each agent reward: 3722020.25
Episode 106 return: -4395051.0
Episode: 106, total reward: 3728545.0
each agent reward: 3728545.0
Episode 107 return: -4405870.0
Episode: 107, total reward: 3706690.25
each agent reward: 3706690.25
Episode 108 return: -4328411.5
Episode: 108, total reward: 3706758.25
each agent reward: 3706758.25
Episode 109 return: -4387301.0
Episode: 109, total reward: 3711382.5
each agent reward: 3711382.5
Episode 110 return: -4337039.5
Episode: 110, total reward: 3715265.0
each agent reward: 3715265.0
Episode 111 return: -4284334.5
Episode: 111, total reward: 3747135.5
each agent reward: 3747135.5
Episode 112 return: -4301187.5
Episode: 112, total reward: 3750164.0
each agent reward: 3750164.0
Episode 113 return: -4289998.5
Episode: 113, total reward: 3749491.75
each agent reward: 3749491.75
Episode 114 return: -4351942.5
Episode: 114, total reward: 3757932.5
each agent reward: 3757932.5
Episode 115 return: -4312559.5
Episode: 115, total reward: 3719427.5
each agent reward: 3719427.5
Episode 116 return: -4311464.5
Episode: 116, total reward: 3751905.25
each agent reward: 3751905.25
Episode 117 return: -4332334.5
Episode: 117, total reward: 3753307.5
each agent reward: 3753307.5
Episode 118 return: -4324454.5
Episode: 118, total reward: 3728162.25
each agent reward: 3728162.25
Episode 119 return: -4309872.5
Episode: 119, total reward: 3722258.5
each agent reward: 3722258.5
Episode 120 return: -4327478.0
Episode: 120, total reward: 3716797.5
each agent reward: 3716797.5
Episode 121 return: -4289396.5
Episode: 121, total reward: 3733375.25
each agent reward: 3733375.25
Episode 122 return: -4248393.0
Episode: 122, total reward: 3729592.25
each agent reward: 3729592.25
Episode 123 return: -4291034.0
Episode: 123, total reward: 3724364.5
each agent reward: 3724364.5
Episode 124 return: -4269403.0
Episode: 124, total reward: 3722857.5
each agent reward: 3722857.5
Episode 125 return: -4286259.5
Episode: 125, total reward: 3723533.0
each agent reward: 3723533.0
Episode 126 return: -4330719.0
Episode: 126, total reward: 3724180.0
each agent reward: 3724180.0
Episode 127 return: -4219286.0
Episode: 127, total reward: 3727483.25
each agent reward: 3727483.25
Episode 128 return: -4272511.0
Episode: 128, total reward: 3726195.0
each agent reward: 3726195.0
Episode 129 return: -4217860.0
Episode: 129, total reward: 3719115.25
each agent reward: 3719115.25
Episode 130 return: -4218136.0
Episode: 130, total reward: 3721423.75
each agent reward: 3721423.75
Episode 131 return: -4254451.5
Episode: 131, total reward: 3722172.25
each agent reward: 3722172.25
Episode 132 return: -4158619.5
Episode: 132, total reward: 3721656.5
each agent reward: 3721656.5
Episode 133 return: -4179569.75
Episode: 133, total reward: 3728968.75
each agent reward: 3728968.75
Episode 134 return: -4130040.0
Episode: 134, total reward: 3724001.5
each agent reward: 3724001.5
Episode 135 return: -4140022.25
Episode: 135, total reward: 3725006.75
each agent reward: 3725006.75
Episode 136 return: -4105415.0
Episode: 136, total reward: 3723525.75
each agent reward: 3723525.75
Episode 137 return: -4122378.5
Episode: 137, total reward: 3726349.0
each agent reward: 3726349.0
Episode 138 return: -4067247.0
Episode: 138, total reward: 3727160.25
each agent reward: 3727160.25
Episode 139 return: -4024023.0
Episode: 139, total reward: 3717940.5
each agent reward: 3717940.5
Episode 140 return: -4047789.75
Episode: 140, total reward: 3713799.5
each agent reward: 3713799.5
Episode 141 return: -4035010.75
Episode: 141, total reward: 3708248.5
each agent reward: 3708248.5
Episode 142 return: -4040995.25
Episode: 142, total reward: 3715018.75
each agent reward: 3715018.75
Episode 143 return: -4015690.0
Episode: 143, total reward: 3718857.0
each agent reward: 3718857.0
Episode 144 return: -4054627.75
Episode: 144, total reward: 3712744.5
each agent reward: 3712744.5
Episode 145 return: -4031356.25
Episode: 145, total reward: 3713043.5
each agent reward: 3713043.5
Episode 146 return: -3974734.0
Episode: 146, total reward: 3708626.5
each agent reward: 3708626.5
Episode 147 return: -4074455.75
Episode: 147, total reward: 3725423.25
each agent reward: 3725423.25
Episode 148 return: -4067912.5
Episode: 148, total reward: 3716825.25
each agent reward: 3716825.25
Episode 149 return: -4017482.0
Episode: 149, total reward: 3720038.5
each agent reward: 3720038.5
Episode 150 return: -4034716.25
Episode: 150, total reward: 3718656.75
each agent reward: 3718656.75
Episode 151 return: -3987070.25
Episode: 151, total reward: 3718441.75
each agent reward: 3718441.75
Episode 152 return: -3981570.25
Episode: 152, total reward: 3712325.0
each agent reward: 3712325.0
Episode 153 return: -3963085.75
Episode: 153, total reward: 3713140.0
each agent reward: 3713140.0
Episode 154 return: -4001752.75
Episode: 154, total reward: 3711951.5
each agent reward: 3711951.5
Episode 155 return: -3986712.0
Episode: 155, total reward: 3714893.0
each agent reward: 3714893.0
Episode 156 return: -4012680.5
Episode: 156, total reward: 3711374.5
each agent reward: 3711374.5
Episode 157 return: -3957923.75
Episode: 157, total reward: 3712797.5
each agent reward: 3712797.5
Episode 158 return: -3974608.75
Episode: 158, total reward: 3708903.5
each agent reward: 3708903.5
Episode 159 return: -4035995.0
Episode: 159, total reward: 3709141.25
each agent reward: 3709141.25
Episode 160 return: -3953542.0
Episode: 160, total reward: 3708221.25
each agent reward: 3708221.25
Episode 161 return: -4036218.75
Episode: 161, total reward: 3708252.0
each agent reward: 3708252.0
Episode 162 return: -3991292.75
Episode: 162, total reward: 3708855.75
each agent reward: 3708855.75
Episode 163 return: -3989599.25
Episode: 163, total reward: 3708855.75
each agent reward: 3708855.75
Episode 164 return: -3949853.25
Episode: 164, total reward: 3712787.5
each agent reward: 3712787.5
Episode 165 return: -3993460.5
Episode: 165, total reward: 3712787.5
each agent reward: 3712787.5
Episode 166 return: -3940146.0
Episode: 166, total reward: 3711142.0
each agent reward: 3711142.0
Episode 167 return: -3989046.0
Episode: 167, total reward: 3709352.75
each agent reward: 3709352.75
Episode 168 return: -3961418.0
Episode: 168, total reward: 3709428.25
each agent reward: 3709428.25
Episode 169 return: -3970737.5
Episode: 169, total reward: 3714358.0
each agent reward: 3714358.0
Episode 170 return: -4022423.75
Episode: 170, total reward: 3708565.25
each agent reward: 3708565.25
Episode 171 return: -3957268.5
Episode: 171, total reward: 3711420.5
each agent reward: 3711420.5
Episode 172 return: -3947073.25
Episode: 172, total reward: 3708034.5
each agent reward: 3708034.5
Episode 173 return: -3948253.0
Episode: 173, total reward: 3708004.75
each agent reward: 3708004.75
Episode 174 return: -3966652.75
Episode: 174, total reward: 3708004.75
each agent reward: 3708004.75
Episode 175 return: -3939118.0
Episode: 175, total reward: 3709086.0
each agent reward: 3709086.0
Episode 176 return: -3919676.75
Episode: 176, total reward: 3709757.5
each agent reward: 3709757.5
Episode 177 return: -3992077.75
Episode: 177, total reward: 3703159.0
each agent reward: 3703159.0
Episode 178 return: -3976247.25
Episode: 178, total reward: 3701399.5
each agent reward: 3701399.5
Episode 179 return: -3953528.5
Episode: 179, total reward: 3704479.5
each agent reward: 3704479.5
Episode 180 return: -3980140.75
Episode: 180, total reward: 3699534.0
each agent reward: 3699534.0
Episode 181 return: -3991929.0
Episode: 181, total reward: 3705260.75
each agent reward: 3705260.75
Episode 182 return: -3950641.75
Episode: 182, total reward: 3709134.5
each agent reward: 3709134.5
Episode 183 return: -3974263.75
Episode: 183, total reward: 3713597.25
each agent reward: 3713597.25
Episode 184 return: -3970804.75
Episode: 184, total reward: 3716877.0
each agent reward: 3716877.0
Episode 185 return: -3966278.5
Episode: 185, total reward: 3716053.0
each agent reward: 3716053.0
Episode 186 return: -3954931.25
Episode: 186, total reward: 3712609.75
each agent reward: 3712609.75
Episode 187 return: -3930072.75
Episode: 187, total reward: 3711301.75
each agent reward: 3711301.75
Episode 188 return: -3929789.25
Episode: 188, total reward: 3711301.75
each agent reward: 3711301.75
Episode 189 return: -3927345.75
Episode: 189, total reward: 3705248.75
each agent reward: 3705248.75
Episode 190 return: -3960695.0
Episode: 190, total reward: 3704993.0
each agent reward: 3704993.0
Episode 191 return: -3974426.5
Episode: 191, total reward: 3705515.5
each agent reward: 3705515.5
Episode 192 return: -3942730.75
Episode: 192, total reward: 3702942.75
each agent reward: 3702942.75
Episode 193 return: -3953482.75
Episode: 193, total reward: 3702023.75
each agent reward: 3702023.75
Episode 194 return: -3958490.25
Episode: 194, total reward: 3706341.5
each agent reward: 3706341.5
Episode 195 return: -3932266.0
Episode: 195, total reward: 3701613.0
each agent reward: 3701613.0
Episode 196 return: -3933903.75
Episode: 196, total reward: 3701715.5
each agent reward: 3701715.5
Episode 197 return: -3931850.0
Episode: 197, total reward: 3701613.0
each agent reward: 3701613.0
Episode 198 return: -3919827.25
Episode: 198, total reward: 3701613.0
each agent reward: 3701613.0
Episode 199 return: -3955901.5
Episode: 199, total reward: 3702098.75
each agent reward: 3702098.75
Episode 200 return: -3995851.75
Episode: 200, total reward: 3701613.0
each agent reward: 3701613.0
Episode 201 return: -3917586.25
Episode: 201, total reward: 3701613.0
each agent reward: 3701613.0
Episode 202 return: -3950787.25
Episode: 202, total reward: 3703706.5
each agent reward: 3703706.5
Episode 203 return: -3985363.5
Episode: 203, total reward: 3703706.5
each agent reward: 3703706.5
Episode 204 return: -3927051.5
Episode: 204, total reward: 3703670.75
each agent reward: 3703670.75
Episode 205 return: -3910316.0
Episode: 205, total reward: 3703670.75
each agent reward: 3703670.75
Episode 206 return: -3880827.25
Episode: 206, total reward: 3699890.25
each agent reward: 3699890.25
Episode 207 return: -3906048.5
Episode: 207, total reward: 3699890.25
each agent reward: 3699890.25
Episode 208 return: -3960731.0
Episode: 208, total reward: 3699890.25
each agent reward: 3699890.25
Episode 209 return: -3939345.25
Episode: 209, total reward: 3700237.25
each agent reward: 3700237.25
Episode 210 return: -3913404.5
Episode: 210, total reward: 3700237.25
each agent reward: 3700237.25
Episode 211 return: -3944653.0
Episode: 211, total reward: 3702140.5
each agent reward: 3702140.5
Episode 212 return: -3906317.0
Episode: 212, total reward: 3701983.75
each agent reward: 3701983.75
Episode 213 return: -3960212.75
Episode: 213, total reward: 3702534.5
each agent reward: 3702534.5
Episode 214 return: -3955524.0
Episode: 214, total reward: 3702167.25
each agent reward: 3702167.25
Episode 215 return: -3903090.5
Episode: 215, total reward: 3702163.75
each agent reward: 3702163.75
Episode 216 return: -3874599.5
Episode: 216, total reward: 3703072.75
each agent reward: 3703072.75
Episode 217 return: -3955691.0
Episode: 217, total reward: 3702540.5
each agent reward: 3702540.5
Episode 218 return: -3896183.0
Episode: 218, total reward: 3703266.25
each agent reward: 3703266.25
Episode 219 return: -3954944.5
Episode: 219, total reward: 3702704.5
each agent reward: 3702704.5
Episode 220 return: -3962275.75
Episode: 220, total reward: 3700686.5
each agent reward: 3700686.5
Episode 221 return: -3914753.5
Episode: 221, total reward: 3699280.75
each agent reward: 3699280.75
Episode 222 return: -3937848.75
Episode: 222, total reward: 3698963.75
each agent reward: 3698963.75
Episode 223 return: -3900561.0
Episode: 223, total reward: 3699841.75
each agent reward: 3699841.75
Episode 224 return: -3911842.25
Episode: 224, total reward: 3699890.25
each agent reward: 3699890.25
Episode 225 return: -3903344.75
Episode: 225, total reward: 3699890.25
each agent reward: 3699890.25
Episode 226 return: -3917803.0
Episode: 226, total reward: 3699890.25
each agent reward: 3699890.25
Episode 227 return: -3916250.0
Episode: 227, total reward: 3701613.0
each agent reward: 3701613.0
Episode 228 return: -3887665.0
Episode: 228, total reward: 3701613.0
each agent reward: 3701613.0
Episode 229 return: -3906696.5
Episode: 229, total reward: 3701715.5
each agent reward: 3701715.5
Episode 230 return: -3935043.5
Episode: 230, total reward: 3703706.5
each agent reward: 3703706.5
Episode 231 return: -3933241.5
Episode: 231, total reward: 3701983.75
each agent reward: 3701983.75
Episode 232 return: -3933345.75
Episode: 232, total reward: 3701983.75
each agent reward: 3701983.75
Episode 233 return: -3941858.0
Episode: 233, total reward: 3699890.25
each agent reward: 3699890.25
Episode 234 return: -3914970.0
Episode: 234, total reward: 3699604.25
each agent reward: 3699604.25
Episode 235 return: -3939471.75
Episode: 235, total reward: 3699151.25
each agent reward: 3699151.25
Episode 236 return: -3922666.75
Episode: 236, total reward: 3699919.5
each agent reward: 3699919.5
Episode 237 return: -3953365.25
Episode: 237, total reward: 3699992.75
each agent reward: 3699992.75
Episode 238 return: -3913718.5
Episode: 238, total reward: 3699992.75
each agent reward: 3699992.75
Episode 239 return: -3935105.25
Episode: 239, total reward: 3699890.25
each agent reward: 3699890.25
Episode 240 return: -3922236.5
Episode: 240, total reward: 3699890.25
each agent reward: 3699890.25
Episode 241 return: -3917422.0
Episode: 241, total reward: 3701537.75
each agent reward: 3701537.75
Episode 242 return: -3932243.0
Episode: 242, total reward: 3703706.5
each agent reward: 3703706.5
Episode 243 return: -3915628.0
Episode: 243, total reward: 3701613.0
each agent reward: 3701613.0
Episode 244 return: -3897906.0
Episode: 244, total reward: 3699890.25
each agent reward: 3699890.25
Episode 245 return: -3932385.5
Episode: 245, total reward: 3699890.25
each agent reward: 3699890.25
Episode 246 return: -3926855.25
Episode: 246, total reward: 3699890.25
each agent reward: 3699890.25
Episode 247 return: -3908872.5
Episode: 247, total reward: 3699890.25
each agent reward: 3699890.25
Episode 248 return: -3965216.75
Episode: 248, total reward: 3699890.25
each agent reward: 3699890.25
Episode 249 return: -3927469.0
Episode: 249, total reward: 3699890.25
each agent reward: 3699890.25
Episode 250 return: -3919955.5
Episode: 250, total reward: 3701613.0
each agent reward: 3701613.0
Episode 251 return: -3945986.5
Episode: 251, total reward: 3703706.5
each agent reward: 3703706.5
Episode 252 return: -3945739.5
Episode: 252, total reward: 3704265.5
each agent reward: 3704265.5
Episode 253 return: -3920376.5
Episode: 253, total reward: 3704454.0
each agent reward: 3704454.0
Episode 254 return: -3954217.75
Episode: 254, total reward: 3707536.25
each agent reward: 3707536.25
Episode 255 return: -3915337.25
Episode: 255, total reward: 3706150.25
each agent reward: 3706150.25
Episode 256 return: -3951566.5
Episode: 256, total reward: 3699166.0
each agent reward: 3699166.0
Episode 257 return: -3939829.0
Episode: 257, total reward: 3699926.0
each agent reward: 3699926.0
Episode 258 return: -3901690.5
Episode: 258, total reward: 3700400.5
each agent reward: 3700400.5
Episode 259 return: -3944978.75
Episode: 259, total reward: 3700400.5
each agent reward: 3700400.5
Episode 260 return: -3936511.0
Episode: 260, total reward: 3699926.0
each agent reward: 3699926.0
Episode 261 return: -3954676.5
Episode: 261, total reward: 3699890.25
each agent reward: 3699890.25
Episode 262 return: -3914968.0
Episode: 262, total reward: 3700188.0
each agent reward: 3700188.0
Episode 263 return: -3917525.0
Episode: 263, total reward: 3699867.0
each agent reward: 3699867.0
Episode 264 return: -3916529.25
Episode: 264, total reward: 3699574.75
each agent reward: 3699574.75
Episode 265 return: -3892968.25
Episode: 265, total reward: 3699890.25
each agent reward: 3699890.25
Episode 266 return: -3962387.25
Episode: 266, total reward: 3699992.75
each agent reward: 3699992.75
Episode 267 return: -3944038.5
Episode: 267, total reward: 3699890.25
each agent reward: 3699890.25
Episode 268 return: -3917168.5
Episode: 268, total reward: 3699890.25
each agent reward: 3699890.25
Episode 269 return: -3901190.25
Episode: 269, total reward: 3701983.75
each agent reward: 3701983.75
Episode 270 return: -3936246.75
Episode: 270, total reward: 3703706.5
each agent reward: 3703706.5
Episode 271 return: -3923913.5
Episode: 271, total reward: 3703033.0
each agent reward: 3703033.0
Episode 272 return: -3932088.5
Episode: 272, total reward: 3703824.25
each agent reward: 3703824.25
Episode 273 return: -3935845.5
Episode: 273, total reward: 3703824.25
each agent reward: 3703824.25
Episode 274 return: -3913408.0
Episode: 274, total reward: 3701023.0
each agent reward: 3701023.0
Episode 275 return: -3967170.5
Episode: 275, total reward: 3704093.75
each agent reward: 3704093.75
Episode 276 return: -3918685.5
Episode: 276, total reward: 3704093.75
each agent reward: 3704093.75
Episode 277 return: -3982879.5
Episode: 277, total reward: 3703706.5
each agent reward: 3703706.5
Episode 278 return: -3949250.75
Episode: 278, total reward: 3703782.0
each agent reward: 3703782.0
Episode 279 return: -3920113.25
Episode: 279, total reward: 3702969.0
each agent reward: 3702969.0
Episode 280 return: -3912316.5
Episode: 280, total reward: 3702990.25
each agent reward: 3702990.25
Episode 281 return: -3902497.0
Episode: 281, total reward: 3701715.5
each agent reward: 3701715.5
Episode 282 return: -3906493.0
Episode: 282, total reward: 3699992.75
each agent reward: 3699992.75
Episode 283 return: -3913641.75
Episode: 283, total reward: 3699992.75
each agent reward: 3699992.75
Episode 284 return: -3948246.75
Episode: 284, total reward: 3699992.75
each agent reward: 3699992.75
Episode 285 return: -3919080.5
Episode: 285, total reward: 3699992.75
each agent reward: 3699992.75
Episode 286 return: -3922200.75
Episode: 286, total reward: 3699890.25
each agent reward: 3699890.25
Episode 287 return: -3912736.5
Episode: 287, total reward: 3699890.25
each agent reward: 3699890.25
Episode 288 return: -3937314.75
Episode: 288, total reward: 3699890.25
each agent reward: 3699890.25
Episode 289 return: -3944110.75
Episode: 289, total reward: 3700756.0
each agent reward: 3700756.0
Episode 290 return: -3903880.75
Episode: 290, total reward: 3700756.0
each agent reward: 3700756.0
Episode 291 return: -3939635.25
Episode: 291, total reward: 3700756.0
each agent reward: 3700756.0
Episode 292 return: -3944371.0
Episode: 292, total reward: 3699387.0
each agent reward: 3699387.0
Episode 293 return: -3943107.5
Episode: 293, total reward: 3699574.75
each agent reward: 3699574.75
Episode 294 return: -3975923.0
Episode: 294, total reward: 3698905.0
each agent reward: 3698905.0
Episode 295 return: -3898215.75
Episode: 295, total reward: 3698905.0
each agent reward: 3698905.0
Episode 296 return: -3946058.75
Episode: 296, total reward: 3699007.5
each agent reward: 3699007.5
Episode 297 return: -3928301.25
Episode: 297, total reward: 3699992.75
each agent reward: 3699992.75
Episode 298 return: -3907415.0
Episode: 298, total reward: 3699992.75
each agent reward: 3699992.75
Episode 299 return: -3909510.5
Episode: 299, total reward: 3699992.75
each agent reward: 3699992.75
Episode 300 return: -3847814.5
Episode: 300, total reward: 3699387.0
each agent reward: 3699387.0
Episode 301 return: -3922516.25
Episode: 301, total reward: 3699574.75
each agent reward: 3699574.75
Episode 302 return: -3962858.5
Episode: 302, total reward: 3699890.25
each agent reward: 3699890.25
Episode 303 return: -3920689.0
Episode: 303, total reward: 3699890.25
each agent reward: 3699890.25
Episode 304 return: -3922727.5
Episode: 304, total reward: 3699890.25
each agent reward: 3699890.25
Episode 305 return: -3867747.0
Episode: 305, total reward: 3699574.75
each agent reward: 3699574.75
Episode 306 return: -3918480.25
Episode: 306, total reward: 3699574.75
each agent reward: 3699574.75
Episode 307 return: -3917359.25
Episode: 307, total reward: 3699890.25
each agent reward: 3699890.25
Episode 308 return: -3917684.25
Episode: 308, total reward: 3699992.75
each agent reward: 3699992.75
Episode 309 return: -3917809.0
Episode: 309, total reward: 3699992.75
each agent reward: 3699992.75
Episode 310 return: -3945886.25
Episode: 310, total reward: 3699992.75
each agent reward: 3699992.75
Episode 311 return: -3918894.0
Episode: 311, total reward: 3700237.25
each agent reward: 3700237.25
Episode 312 return: -3935287.75
Episode: 312, total reward: 3699890.25
each agent reward: 3699890.25
Episode 313 return: -3899049.75
Episode: 313, total reward: 3699890.25
each agent reward: 3699890.25
Episode 314 return: -3899205.75
Episode: 314, total reward: 3699020.75
each agent reward: 3699020.75
Episode 315 return: -3888606.0
Episode: 315, total reward: 3699580.0
each agent reward: 3699580.0
Episode 316 return: -3965289.0
Episode: 316, total reward: 3699580.0
each agent reward: 3699580.0
Episode 317 return: -3909403.5
Episode: 317, total reward: 3699574.75
each agent reward: 3699574.75
Episode 318 return: -3903159.25
Episode: 318, total reward: 3699574.75
each agent reward: 3699574.75
Episode 319 return: -3922564.0
Episode: 319, total reward: 3699543.25
each agent reward: 3699543.25
Episode 320 return: -3900990.5
Episode: 320, total reward: 3702896.5
each agent reward: 3702896.5
Episode 321 return: -3920571.5
Episode: 321, total reward: 3702896.5
each agent reward: 3702896.5
Episode 322 return: -3906866.0
Episode: 322, total reward: 3701960.0
each agent reward: 3701960.0
Episode 323 return: -3941319.75
Episode: 323, total reward: 3701960.0
each agent reward: 3701960.0
Episode 324 return: -3934717.25
Episode: 324, total reward: 3701577.25
each agent reward: 3701577.25
Episode 325 return: -3895322.0
Episode: 325, total reward: 3701924.25
each agent reward: 3701924.25
Episode 326 return: -3971929.5
Episode: 326, total reward: 3700237.25
each agent reward: 3700237.25
Episode 327 return: -3908684.75
Episode: 327, total reward: 3699574.75
each agent reward: 3699574.75
Episode 328 return: -3879385.5
Episode: 328, total reward: 3699890.25
each agent reward: 3699890.25
Episode 329 return: -3893947.5
Episode: 329, total reward: 3700237.25
each agent reward: 3700237.25
Episode 330 return: -3920365.25
Episode: 330, total reward: 3700237.25
each agent reward: 3700237.25
Episode 331 return: -3916714.25
Episode: 331, total reward: 3700237.25
each agent reward: 3700237.25
Episode 332 return: -3928612.5
Episode: 332, total reward: 3700237.25
each agent reward: 3700237.25
Episode 333 return: -3910337.75
Episode: 333, total reward: 3700237.25
each agent reward: 3700237.25
Episode 334 return: -3949747.0
Episode: 334, total reward: 3701924.25
each agent reward: 3701924.25
Episode 335 return: -3887444.25
Episode: 335, total reward: 3701924.25
each agent reward: 3701924.25
Episode 336 return: -3919973.25
Episode: 336, total reward: 3700108.5
each agent reward: 3700108.5
Episode 337 return: -3929735.75
Episode: 337, total reward: 3699574.75
each agent reward: 3699574.75
Episode 338 return: -3925313.5
Episode: 338, total reward: 3701577.25
each agent reward: 3701577.25
Episode 339 return: -3895265.75
Episode: 339, total reward: 3699890.25
each agent reward: 3699890.25
Episode 340 return: -3933482.5
Episode: 340, total reward: 3699992.75
each agent reward: 3699992.75
Episode 341 return: -3945331.75
Episode: 341, total reward: 3699992.75
each agent reward: 3699992.75
Episode 342 return: -3963397.0
Episode: 342, total reward: 3699992.75
each agent reward: 3699992.75
Episode 343 return: -3943047.75
Episode: 343, total reward: 3699992.75
each agent reward: 3699992.75
Episode 344 return: -3933099.75
Episode: 344, total reward: 3699878.25
each agent reward: 3699878.25
Episode 345 return: -3889818.0
Episode: 345, total reward: 3699878.25
each agent reward: 3699878.25
Episode 346 return: -3896845.0
Episode: 346, total reward: 3699878.25
each agent reward: 3699878.25
Episode 347 return: -3932028.5
Episode: 347, total reward: 3699878.25
each agent reward: 3699878.25
Episode 348 return: -3882476.0
Episode: 348, total reward: 3699878.25
each agent reward: 3699878.25
Episode 349 return: -3908255.75
Episode: 349, total reward: 3699878.25
each agent reward: 3699878.25
Episode 350 return: -3898967.75
Episode: 350, total reward: 3699890.25
each agent reward: 3699890.25
Episode 351 return: -3938845.5
Episode: 351, total reward: 3699890.25
each agent reward: 3699890.25
Episode 352 return: -3907936.0
Episode: 352, total reward: 3699574.75
each agent reward: 3699574.75
Episode 353 return: -3939872.25
Episode: 353, total reward: 3699387.0
each agent reward: 3699387.0
Episode 354 return: -3898668.5
Episode: 354, total reward: 3699020.75
each agent reward: 3699020.75
Episode 355 return: -3933381.75
Episode: 355, total reward: 3699057.5
each agent reward: 3699057.5
Episode 356 return: -3933427.0
Episode: 356, total reward: 3699020.75
each agent reward: 3699020.75
Episode 357 return: -3969639.75
Episode: 357, total reward: 3699574.75
each agent reward: 3699574.75
Episode 358 return: -3929118.0
Episode: 358, total reward: 3699574.75
each agent reward: 3699574.75
Episode 359 return: -3916656.75
Episode: 359, total reward: 3699890.25
each agent reward: 3699890.25
Episode 360 return: -3926705.5
Episode: 360, total reward: 3699890.25
each agent reward: 3699890.25
Episode 361 return: -3910810.5
Episode: 361, total reward: 3699574.75
each agent reward: 3699574.75
Episode 362 return: -3917406.5
Episode: 362, total reward: 3699387.0
each agent reward: 3699387.0
Episode 363 return: -3885039.25
Episode: 363, total reward: 3699387.0
each agent reward: 3699387.0
Episode 364 return: -3900151.5
Episode: 364, total reward: 3699387.0
each agent reward: 3699387.0
Episode 365 return: -3935395.0
Episode: 365, total reward: 3699387.0
each agent reward: 3699387.0
Episode 366 return: -3957891.5
Episode: 366, total reward: 3699387.0
each agent reward: 3699387.0
Episode 367 return: -3887787.5
Episode: 367, total reward: 3698870.0
each agent reward: 3698870.0
Episode 368 return: -3909425.0
Episode: 368, total reward: 3698732.0
each agent reward: 3698732.0
Episode 369 return: -3913787.5
Episode: 369, total reward: 3698870.0
each agent reward: 3698870.0
Episode 370 return: -3916673.75
Episode: 370, total reward: 3698732.0
each agent reward: 3698732.0
Episode 371 return: -3893885.75
Episode: 371, total reward: 3698732.0
each agent reward: 3698732.0
Episode 372 return: -3928785.0
Episode: 372, total reward: 3698870.0
each agent reward: 3698870.0
Episode 373 return: -3909132.25
Episode: 373, total reward: 3699022.0
each agent reward: 3699022.0
Episode 374 return: -3900636.25
Episode: 374, total reward: 3698732.0
each agent reward: 3698732.0
Episode 375 return: -3939307.75
Episode: 375, total reward: 3698732.0
each agent reward: 3698732.0
Episode 376 return: -3909776.5
Episode: 376, total reward: 3697930.0
each agent reward: 3697930.0
Episode 377 return: -3900105.5
Episode: 377, total reward: 3697930.0
each agent reward: 3697930.0
Episode 378 return: -3933875.75
Episode: 378, total reward: 3699022.0
each agent reward: 3699022.0
Episode 379 return: -3936168.0
Episode: 379, total reward: 3701261.75
each agent reward: 3701261.75
Episode 380 return: -3937381.0
Episode: 380, total reward: 3699926.0
each agent reward: 3699926.0
Episode 381 return: -3975523.5
Episode: 381, total reward: 3701613.0
each agent reward: 3701613.0
Episode 382 return: -3930221.5
Episode: 382, total reward: 3703084.0
each agent reward: 3703084.0
Episode 383 return: -3943434.25
Episode: 383, total reward: 3702379.5
each agent reward: 3702379.5
Episode 384 return: -3926691.75
Episode: 384, total reward: 3700455.0
each agent reward: 3700455.0
Episode 385 return: -3907937.5
Episode: 385, total reward: 3700455.0
each agent reward: 3700455.0
Episode 386 return: -3949345.0
Episode: 386, total reward: 3700537.75
each agent reward: 3700537.75
Episode 387 return: -3926688.75
Episode: 387, total reward: 3700743.5
each agent reward: 3700743.5
Episode 388 return: -3912986.75
Episode: 388, total reward: 3701042.0
each agent reward: 3701042.0
Episode 389 return: -3916703.0
Episode: 389, total reward: 3701613.0
each agent reward: 3701613.0
Episode 390 return: -3903954.0
Episode: 390, total reward: 3701297.5
each agent reward: 3701297.5
Episode 391 return: -3929215.0
Episode: 391, total reward: 3701297.5
each agent reward: 3701297.5
Episode 392 return: -3931885.5
Episode: 392, total reward: 3701297.5
each agent reward: 3701297.5
Episode 393 return: -3910461.25
Episode: 393, total reward: 3700593.0
each agent reward: 3700593.0
Episode 394 return: -3940497.75
Episode: 394, total reward: 3700744.75
each agent reward: 3700744.75
Episode 395 return: -3931171.0
Episode: 395, total reward: 3699387.0
each agent reward: 3699387.0
Episode 396 return: -3909441.0
Episode: 396, total reward: 3699574.75
each agent reward: 3699574.75
Episode 397 return: -3938135.25
Episode: 397, total reward: 3699890.25
each agent reward: 3699890.25
Episode 398 return: -3928675.75
Episode: 398, total reward: 3699890.25
each agent reward: 3699890.25
Episode 399 return: -3935606.75
Episode: 399, total reward: 3699890.25
each agent reward: 3699890.25
Episode 400 return: -3949662.75
Episode: 400, total reward: 3699890.25
each agent reward: 3699890.25
Episode 401 return: -3919776.0
Episode: 401, total reward: 3699890.25
each agent reward: 3699890.25
Episode 402 return: -3943671.5
Episode: 402, total reward: 3701676.75
each agent reward: 3701676.75
Episode 403 return: -3887478.0
Episode: 403, total reward: 3701361.25
each agent reward: 3701361.25
Episode 404 return: -3919623.75
Episode: 404, total reward: 3701361.25
each agent reward: 3701361.25
Episode 405 return: -3892886.5
Episode: 405, total reward: 3701173.5
each agent reward: 3701173.5
Episode 406 return: -3934195.75
Episode: 406, total reward: 3700601.5
each agent reward: 3700601.5
Episode 407 return: -3943370.5
Episode: 407, total reward: 3699254.5
each agent reward: 3699254.5
Episode 408 return: -3880280.0
Episode: 408, total reward: 3698815.0
each agent reward: 3698815.0
Episode 409 return: -3974012.0
Episode: 409, total reward: 3698815.0
each agent reward: 3698815.0
Episode 410 return: -3890132.75
Episode: 410, total reward: 3699022.0
each agent reward: 3699022.0
Episode 411 return: -3924046.75
Episode: 411, total reward: 3699387.0
each agent reward: 3699387.0
Episode 412 return: -3924671.25
Episode: 412, total reward: 3699574.75
each agent reward: 3699574.75
Episode 413 return: -3946615.5
Episode: 413, total reward: 3699574.75
each agent reward: 3699574.75
Episode 414 return: -3905312.5
Episode: 414, total reward: 3699387.0
each agent reward: 3699387.0
Episode 415 return: -3892572.25
Episode: 415, total reward: 3699387.0
each agent reward: 3699387.0
Episode 416 return: -3923930.25
Episode: 416, total reward: 3699890.25
each agent reward: 3699890.25
Episode 417 return: -3910068.25
Episode: 417, total reward: 3699574.75
each agent reward: 3699574.75
Episode 418 return: -3922511.5
Episode: 418, total reward: 3699574.75
each agent reward: 3699574.75
Episode 419 return: -3950484.0
Episode: 419, total reward: 3699574.75
each agent reward: 3699574.75
Episode 420 return: -3925801.75
Episode: 420, total reward: 3699574.75
each agent reward: 3699574.75
Episode 421 return: -3899473.25
Episode: 421, total reward: 3699022.0
each agent reward: 3699022.0
Episode 422 return: -3948851.25
Episode: 422, total reward: 3698815.0
each agent reward: 3698815.0
Episode 423 return: -3944540.5
Episode: 423, total reward: 3699057.5
each agent reward: 3699057.5
Episode 424 return: -3908405.75
Episode: 424, total reward: 3699387.0
each agent reward: 3699387.0
Episode 425 return: -3898855.75
Episode: 425, total reward: 3699387.0
each agent reward: 3699387.0
Episode 426 return: -3945111.75
Episode: 426, total reward: 3699574.75
each agent reward: 3699574.75
Episode 427 return: -3905588.25
Episode: 427, total reward: 3699574.75
each agent reward: 3699574.75
Episode 428 return: -3950248.0
Episode: 428, total reward: 3699890.25
each agent reward: 3699890.25
Episode 429 return: -3882121.25
Episode: 429, total reward: 3700759.75
each agent reward: 3700759.75
Episode 430 return: -3923197.25
Episode: 430, total reward: 3699890.25
each agent reward: 3699890.25
Episode 431 return: -3935488.0
Episode: 431, total reward: 3699890.25
each agent reward: 3699890.25
Episode 432 return: -3916333.75
Episode: 432, total reward: 3699890.25
each agent reward: 3699890.25
Episode 433 return: -3922284.25
Episode: 433, total reward: 3699992.75
each agent reward: 3699992.75
Episode 434 return: -3916365.25
Episode: 434, total reward: 3703466.25
each agent reward: 3703466.25
Episode 435 return: -3895518.0
Episode: 435, total reward: 3703048.25
each agent reward: 3703048.25
Episode 436 return: -3940301.0
Episode: 436, total reward: 3701361.25
each agent reward: 3701361.25
Episode 437 return: -3876050.0
Episode: 437, total reward: 3701361.25
each agent reward: 3701361.25
Episode 438 return: -3946850.25
Episode: 438, total reward: 3699574.75
each agent reward: 3699574.75
Episode 439 return: -3943118.5
Episode: 439, total reward: 3701361.25
each agent reward: 3701361.25
Episode 440 return: -3935246.25
Episode: 440, total reward: 3701361.25
each agent reward: 3701361.25
Episode 441 return: -3946057.25
Episode: 441, total reward: 3702023.75
each agent reward: 3702023.75
Episode 442 return: -3918149.25
Episode: 442, total reward: 3703351.5
each agent reward: 3703351.5
Episode 443 return: -3921409.25
Episode: 443, total reward: 3701361.25
each agent reward: 3701361.25
Episode 444 return: -3862295.75
Episode: 444, total reward: 3700808.5
each agent reward: 3700808.5
Episode 445 return: -3897714.25
Episode: 445, total reward: 3700808.5
each agent reward: 3700808.5
Episode 446 return: -3879425.5
Episode: 446, total reward: 3700808.5
each agent reward: 3700808.5
Episode 447 return: -3923345.0
Episode: 447, total reward: 3700656.5
each agent reward: 3700656.5
Episode 448 return: -3944249.5
Episode: 448, total reward: 3699266.0
each agent reward: 3699266.0
Episode 449 return: -3918211.0
Episode: 449, total reward: 3698732.0
each agent reward: 3698732.0
Episode 450 return: -3929917.5
Episode: 450, total reward: 3698732.0
each agent reward: 3698732.0
Episode 451 return: -3917241.5
Episode: 451, total reward: 3698732.0
each agent reward: 3698732.0
Episode 452 return: -3922444.0
Episode: 452, total reward: 3700656.5
each agent reward: 3700656.5
Episode 453 return: -3922021.0
Episode: 453, total reward: 3700656.5
each agent reward: 3700656.5
Episode 454 return: -3908451.5
Episode: 454, total reward: 3700656.5
each agent reward: 3700656.5
Episode 455 return: -3894979.0
Episode: 455, total reward: 3702343.5
each agent reward: 3702343.5
Episode 456 return: -3894090.25
Episode: 456, total reward: 3702503.5
each agent reward: 3702503.5
Episode 457 return: -3949819.75
Episode: 457, total reward: 3703048.25
each agent reward: 3703048.25
Episode 458 return: -3913690.25
Episode: 458, total reward: 3701361.25
each agent reward: 3701361.25
Episode 459 return: -3952329.0
Episode: 459, total reward: 3701361.25
each agent reward: 3701361.25
Episode 460 return: -3909336.0
Episode: 460, total reward: 3701361.25
each agent reward: 3701361.25
Episode 461 return: -3894197.0
Episode: 461, total reward: 3701173.5
each agent reward: 3701173.5
Episode 462 return: -3915755.25
Episode: 462, total reward: 3701173.5
each agent reward: 3701173.5
Episode 463 return: -3946304.25
Episode: 463, total reward: 3701173.5
each agent reward: 3701173.5
Episode 464 return: -3911345.25
Episode: 464, total reward: 3701361.25
each agent reward: 3701361.25
Episode 465 return: -3910322.0
Episode: 465, total reward: 3701361.25
each agent reward: 3701361.25
Episode 466 return: -3914704.75
Episode: 466, total reward: 3701361.25
each agent reward: 3701361.25
Episode 467 return: -3889941.5
Episode: 467, total reward: 3701173.5
each agent reward: 3701173.5
Episode 468 return: -3893533.25
Episode: 468, total reward: 3701173.5
each agent reward: 3701173.5
Episode 469 return: -3894058.25
Episode: 469, total reward: 3701173.5
each agent reward: 3701173.5
Episode 470 return: -3930098.0
Episode: 470, total reward: 3701173.5
each agent reward: 3701173.5
Episode 471 return: -3878362.75
Episode: 471, total reward: 3701173.5
each agent reward: 3701173.5
Episode 472 return: -3934452.25
Episode: 472, total reward: 3701173.5
each agent reward: 3701173.5
Episode 473 return: -3896636.5
Episode: 473, total reward: 3700807.25
each agent reward: 3700807.25
Episode 474 return: -3914891.25
Episode: 474, total reward: 3700601.5
each agent reward: 3700601.5
Episode 475 return: -3899818.75
Episode: 475, total reward: 3700656.5
each agent reward: 3700656.5
Episode 476 return: -3960129.5
Episode: 476, total reward: 3700601.5
each agent reward: 3700601.5
Episode 477 return: -3904958.75
Episode: 477, total reward: 3700518.5
each agent reward: 3700518.5
Episode 478 return: -3923480.0
Episode: 478, total reward: 3700518.5
each agent reward: 3700518.5
Episode 479 return: -3882063.25
Episode: 479, total reward: 3700518.5
each agent reward: 3700518.5
Episode 480 return: -3927333.0
Episode: 480, total reward: 3700518.5
each agent reward: 3700518.5
Episode 481 return: -3911844.0
Episode: 481, total reward: 3700844.0
each agent reward: 3700844.0
Episode 482 return: -3879821.75
Episode: 482, total reward: 3701173.5
each agent reward: 3701173.5
Episode 483 return: -3899643.0
Episode: 483, total reward: 3701173.5
each agent reward: 3701173.5
Episode 484 return: -3941982.25
Episode: 484, total reward: 3700656.5
each agent reward: 3700656.5
Episode 485 return: -3873517.75
Episode: 485, total reward: 3700808.5
each agent reward: 3700808.5
Episode 486 return: -3904435.75
Episode: 486, total reward: 3701173.5
each agent reward: 3701173.5
Episode 487 return: -3917657.5
Episode: 487, total reward: 3701173.5
each agent reward: 3701173.5
Episode 488 return: -3955981.25
Episode: 488, total reward: 3701361.25
each agent reward: 3701361.25
Episode 489 return: -3962422.5
Episode: 489, total reward: 3701173.5
each agent reward: 3701173.5
Episode 490 return: -3947621.75
Episode: 490, total reward: 3701173.5
each agent reward: 3701173.5
Episode 491 return: -3915993.0
Episode: 491, total reward: 3701173.5
each agent reward: 3701173.5
Episode 492 return: -3898766.75
Episode: 492, total reward: 3701173.5
each agent reward: 3701173.5
Episode 493 return: -3932812.75
Episode: 493, total reward: 3700656.5
each agent reward: 3700656.5
Episode 494 return: -3923766.0
Episode: 494, total reward: 3701173.5
each agent reward: 3701173.5
Episode 495 return: -3936050.75
Episode: 495, total reward: 3701361.25
each agent reward: 3701361.25
Episode 496 return: -3980373.5
Episode: 496, total reward: 3701173.5
each agent reward: 3701173.5
Episode 497 return: -3935227.25
Episode: 497, total reward: 3700808.5
each agent reward: 3700808.5
Episode 498 return: -3940750.75
Episode: 498, total reward: 3700808.5
each agent reward: 3700808.5
Episode 499 return: -3895693.0
Episode: 499, total reward: 3700656.5
each agent reward: 3700656.5
Episode 500 return: -3909239.25
Episode: 500, total reward: 3700656.5
each agent reward: 3700656.5
Episode 501 return: -3945437.25
Episode: 501, total reward: 3700808.5
each agent reward: 3700808.5
Episode 502 return: -3898786.75
Episode: 502, total reward: 3700656.5
each agent reward: 3700656.5
Episode 503 return: -3911985.25
Episode: 503, total reward: 3700656.5
each agent reward: 3700656.5
Episode 504 return: -3901685.5
Episode: 504, total reward: 3700656.5
each agent reward: 3700656.5
Episode 505 return: -3923352.75
Episode: 505, total reward: 3700865.75
each agent reward: 3700865.75
Episode 506 return: -3913144.75
Episode: 506, total reward: 3700865.75
each agent reward: 3700865.75
Episode 507 return: -3905775.75
Episode: 507, total reward: 3700656.5
each agent reward: 3700656.5
Episode 508 return: -3919312.0
Episode: 508, total reward: 3700656.5
each agent reward: 3700656.5
Episode 509 return: -3913919.5
Episode: 509, total reward: 3700656.5
each agent reward: 3700656.5
Episode 510 return: -3923553.0
Episode: 510, total reward: 3700656.5
each agent reward: 3700656.5
Episode 511 return: -3938151.5
Episode: 511, total reward: 3700656.5
each agent reward: 3700656.5
Episode 512 return: -3945180.75
Episode: 512, total reward: 3700072.5
each agent reward: 3700072.5
Episode 513 return: -3880996.5
Episode: 513, total reward: 3700224.25
each agent reward: 3700224.25
Episode 514 return: -3903705.75
Episode: 514, total reward: 3700072.5
each agent reward: 3700072.5
Episode 515 return: -3954658.75
Episode: 515, total reward: 3700159.0
each agent reward: 3700159.0
Episode 516 return: -3926258.25
Episode: 516, total reward: 3700656.5
each agent reward: 3700656.5
Episode 517 return: -3914465.25
Episode: 517, total reward: 3700656.5
each agent reward: 3700656.5
Episode 518 return: -3914967.75
Episode: 518, total reward: 3700865.75
each agent reward: 3700865.75
Episode 519 return: -3921062.5
Episode: 519, total reward: 3700518.5
each agent reward: 3700518.5
Episode 520 return: -3923358.25
Episode: 520, total reward: 3700865.75
each agent reward: 3700865.75
Episode 521 return: -3928867.75
Episode: 521, total reward: 3700865.75
each agent reward: 3700865.75
Episode 522 return: -3894237.5
Episode: 522, total reward: 3700865.75
each agent reward: 3700865.75
Episode 523 return: -3882127.25
Episode: 523, total reward: 3700518.5
each agent reward: 3700518.5
Episode 524 return: -3898914.25
Episode: 524, total reward: 3700518.5
each agent reward: 3700518.5
Episode 525 return: -3896048.5
Episode: 525, total reward: 3700518.5
each agent reward: 3700518.5
Episode 526 return: -3937283.25
Episode: 526, total reward: 3700129.5
each agent reward: 3700129.5
Episode 527 return: -3935872.0
Episode: 527, total reward: 3700017.25
each agent reward: 3700017.25
Episode 528 return: -3921609.5
Episode: 528, total reward: 3700017.25
each agent reward: 3700017.25
Episode 529 return: -3937034.25
Episode: 529, total reward: 3699934.5
each agent reward: 3699934.5
Episode 530 return: -3931935.25
Episode: 530, total reward: 3699934.5
each agent reward: 3699934.5
Episode 531 return: -3949818.5
Episode: 531, total reward: 3700130.5
each agent reward: 3700130.5
Episode 532 return: -3954027.75
Episode: 532, total reward: 3699328.5
each agent reward: 3699328.5
Episode 533 return: -3916912.25
Episode: 533, total reward: 3700865.75
each agent reward: 3700865.75
Episode 534 return: -3916330.75
Episode: 534, total reward: 3700184.5
each agent reward: 3700184.5
Episode 535 return: -3891548.25
Episode: 535, total reward: 3700072.5
each agent reward: 3700072.5
Episode 536 return: -3887793.5
Episode: 536, total reward: 3700596.75
each agent reward: 3700596.75
Episode 537 return: -3935428.25
Episode: 537, total reward: 3700596.75
each agent reward: 3700596.75
Episode 538 return: -3926740.75
Episode: 538, total reward: 3700072.5
each agent reward: 3700072.5
Episode 539 return: -3919470.5
Episode: 539, total reward: 3700539.5
each agent reward: 3700539.5
Episode 540 return: -3934080.0
Episode: 540, total reward: 3700904.5
each agent reward: 3700904.5
Episode 541 return: -3927077.75
Episode: 541, total reward: 3701092.25
each agent reward: 3701092.25
Episode 542 return: -3913950.25
Episode: 542, total reward: 3701092.25
each agent reward: 3701092.25
Episode 543 return: -3920583.0
Episode: 543, total reward: 3700777.0
each agent reward: 3700777.0
Episode 544 return: -3890321.75
Episode: 544, total reward: 3700589.5
each agent reward: 3700589.5
Episode 545 return: -3917640.0
Episode: 545, total reward: 3700589.5
each agent reward: 3700589.5
Episode 546 return: -3931025.5
Episode: 546, total reward: 3700904.5
each agent reward: 3700904.5
Episode 547 return: -3910913.25
Episode: 547, total reward: 3700904.5
each agent reward: 3700904.5
Episode 548 return: -3917938.5
Episode: 548, total reward: 3700387.5
each agent reward: 3700387.5
Episode 549 return: -3903303.25
Episode: 549, total reward: 3700387.5
each agent reward: 3700387.5
Episode 550 return: -3902028.75
Episode: 550, total reward: 3700072.5
each agent reward: 3700072.5
Episode 551 return: -3921170.0
Episode: 551, total reward: 3699934.5
each agent reward: 3699934.5
Episode 552 return: -3910848.5
Episode: 552, total reward: 3699934.5
each agent reward: 3699934.5
Episode 553 return: -3891170.5
Episode: 553, total reward: 3700249.5
each agent reward: 3700249.5
Episode 554 return: -3938847.5
Episode: 554, total reward: 3699934.5
each agent reward: 3699934.5
Episode 555 return: -3919096.5
Episode: 555, total reward: 3700249.5
each agent reward: 3700249.5
Episode 556 return: -3943192.75
Episode: 556, total reward: 3700332.5
each agent reward: 3700332.5
Episode 557 return: -3930051.25
Episode: 557, total reward: 3700480.25
each agent reward: 3700480.25
Episode 558 return: -3953150.0
Episode: 558, total reward: 3699818.75
each agent reward: 3699818.75
Episode 559 return: -3942719.75
Episode: 559, total reward: 3699818.75
each agent reward: 3699818.75
Episode 560 return: -3912200.25
Episode: 560, total reward: 3699200.25
each agent reward: 3699200.25
Episode 561 return: -3937155.0
Episode: 561, total reward: 3699200.25
each agent reward: 3699200.25
Episode 562 return: -3942113.5
Episode: 562, total reward: 3699200.25
each agent reward: 3699200.25
Episode 563 return: -3912732.5
Episode: 563, total reward: 3699200.25
each agent reward: 3699200.25
Episode 564 return: -3877890.5
Episode: 564, total reward: 3699447.5
each agent reward: 3699447.5
Episode 565 return: -3938357.0
Episode: 565, total reward: 3699447.5
each agent reward: 3699447.5
Episode 566 return: -3927172.75
Episode: 566, total reward: 3700596.75
each agent reward: 3700596.75
Episode 567 return: -3913600.25
Episode: 567, total reward: 3700072.5
each agent reward: 3700072.5
Episode 568 return: -3896505.25
Episode: 568, total reward: 3700072.5
each agent reward: 3700072.5
Episode 569 return: -3908260.5
Episode: 569, total reward: 3700072.5
each agent reward: 3700072.5
Episode 570 return: -3916997.0
Episode: 570, total reward: 3700060.5
each agent reward: 3700060.5
Episode 571 return: -3945997.75
Episode: 571, total reward: 3700221.25
each agent reward: 3700221.25
Episode 572 return: -3941853.75
Episode: 572, total reward: 3700221.25
each agent reward: 3700221.25
Episode 573 return: -3945089.75
Episode: 573, total reward: 3700069.5
each agent reward: 3700069.5
Episode 574 return: -3936174.75
Episode: 574, total reward: 3700069.5
each agent reward: 3700069.5
Episode 575 return: -3968295.25
Episode: 575, total reward: 3700637.5
each agent reward: 3700637.5
Episode 576 return: -3906606.75
Episode: 576, total reward: 3700637.5
each agent reward: 3700637.5
Episode 577 return: -3899831.25
Episode: 577, total reward: 3699906.5
each agent reward: 3699906.5
Episode 578 return: -3955201.0
Episode: 578, total reward: 3699382.5
each agent reward: 3699382.5
Episode 579 return: -3896502.25
Episode: 579, total reward: 3699570.25
each agent reward: 3699570.25
Episode 580 return: -3910509.0
Episode: 580, total reward: 3699382.5
each agent reward: 3699382.5
Episode 581 return: -3923078.25
Episode: 581, total reward: 3699382.5
each agent reward: 3699382.5
Episode 582 return: -3891311.5
Episode: 582, total reward: 3699906.5
each agent reward: 3699906.5
Episode 583 return: -3900546.75
Episode: 583, total reward: 3701199.75
each agent reward: 3701199.75
Episode 584 return: -3918005.0
Episode: 584, total reward: 3701048.0
each agent reward: 3701048.0
Episode 585 return: -3917846.75
Episode: 585, total reward: 3701048.0
each agent reward: 3701048.0
Episode 586 return: -3906546.5
Episode: 586, total reward: 3701199.75
each agent reward: 3701199.75
Episode 587 return: -3910176.75
Episode: 587, total reward: 3699906.5
each agent reward: 3699906.5
Episode 588 return: -3942842.0
Episode: 588, total reward: 3699541.25
each agent reward: 3699541.25
Episode 589 return: -3937812.0
Episode: 589, total reward: 3700060.5
each agent reward: 3700060.5
Episode 590 return: -3928053.25
Episode: 590, total reward: 3700005.25
each agent reward: 3700005.25
Episode 591 return: -3946261.75
Episode: 591, total reward: 3699922.5
each agent reward: 3699922.5
Episode 592 return: -3898765.0
Episode: 592, total reward: 3699922.5
each agent reward: 3699922.5
Episode 593 return: -3929420.0
Episode: 593, total reward: 3699132.25
each agent reward: 3699132.25
Episode 594 return: -3904005.25
Episode: 594, total reward: 3699132.25
each agent reward: 3699132.25
Episode 595 return: -3917575.0
Episode: 595, total reward: 3699132.25
each agent reward: 3699132.25
Episode 596 return: -3919998.5
Episode: 596, total reward: 3699132.25
each agent reward: 3699132.25
Episode 597 return: -3932495.0
Episode: 597, total reward: 3699922.5
each agent reward: 3699922.5
Episode 598 return: -3925395.5
Episode: 598, total reward: 3701073.0
each agent reward: 3701073.0
Episode 599 return: -3927857.0
Episode: 599, total reward: 3701048.0
each agent reward: 3701048.0
Episode 600 return: -3915164.5
Episode: 600, total reward: 3701048.0
each agent reward: 3701048.0
Episode 601 return: -3943178.25
Episode: 601, total reward: 3699906.5
each agent reward: 3699906.5
Episode 602 return: -3928953.75
Episode: 602, total reward: 3699382.5
each agent reward: 3699382.5
Episode 603 return: -3937558.25
Episode: 603, total reward: 3699257.25
each agent reward: 3699257.25
Episode 604 return: -3926879.5
Episode: 604, total reward: 3699257.25
each agent reward: 3699257.25
Episode 605 return: -3945639.25
Episode: 605, total reward: 3699257.25
each agent reward: 3699257.25
Episode 606 return: -3962204.5
Episode: 606, total reward: 3699257.25
each agent reward: 3699257.25
Episode 607 return: -3939554.0
Episode: 607, total reward: 3699257.25
each agent reward: 3699257.25
Episode 608 return: -3949863.0
Episode: 608, total reward: 3699257.25
each agent reward: 3699257.25
Episode 609 return: -3906678.25
Episode: 609, total reward: 3699257.25
each agent reward: 3699257.25
Episode 610 return: -3949835.75
Episode: 610, total reward: 3699382.5
each agent reward: 3699382.5
Episode 611 return: -3885945.75
Episode: 611, total reward: 3699931.0
each agent reward: 3699931.0
Episode 612 return: -3904308.5
Episode: 612, total reward: 3699931.0
each agent reward: 3699931.0
Episode 613 return: -3917414.75
Episode: 613, total reward: 3699745.5
each agent reward: 3699745.5
Episode 614 return: -3933731.5
Episode: 614, total reward: 3699541.25
each agent reward: 3699541.25
Episode 615 return: -3952963.25
Episode: 615, total reward: 3699541.25
each agent reward: 3699541.25
Episode 616 return: -3971926.75
Episode: 616, total reward: 3699541.25
each agent reward: 3699541.25
Episode 617 return: -3894899.75
Episode: 617, total reward: 3699541.25
each agent reward: 3699541.25
Episode 618 return: -3924279.5
Episode: 618, total reward: 3699382.5
each agent reward: 3699382.5
Episode 619 return: -3925119.0
Episode: 619, total reward: 3699382.5
each agent reward: 3699382.5
Episode 620 return: -3939977.25
Episode: 620, total reward: 3699541.25
each agent reward: 3699541.25
Episode 621 return: -3912075.0
Episode: 621, total reward: 3699906.5
each agent reward: 3699906.5
Episode 622 return: -3930226.25
Episode: 622, total reward: 3699541.25
each agent reward: 3699541.25
Episode 623 return: -3920195.0
Episode: 623, total reward: 3699556.0
each agent reward: 3699556.0
Episode 624 return: -3943574.0
Episode: 624, total reward: 3698324.75
each agent reward: 3698324.75
Episode 625 return: -3926101.25
Episode: 625, total reward: 3698324.75
each agent reward: 3698324.75
Episode 626 return: -3910427.25
Episode: 626, total reward: 3698611.25
each agent reward: 3698611.25
Episode 627 return: -3940000.25
Episode: 627, total reward: 3698861.0
each agent reward: 3698861.0
Episode 628 return: -3937143.25
Episode: 628, total reward: 3698861.0
each agent reward: 3698861.0
Episode 629 return: -3946748.25
Episode: 629, total reward: 3698324.75
each agent reward: 3698324.75
Episode 630 return: -3913489.0
Episode: 630, total reward: 3699382.5
each agent reward: 3699382.5
Episode 631 return: -3906355.75
Episode: 631, total reward: 3699382.5
each agent reward: 3699382.5
Episode 632 return: -3926816.75
Episode: 632, total reward: 3699906.5
each agent reward: 3699906.5
Episode 633 return: -3912726.75
Episode: 633, total reward: 3699382.5
each agent reward: 3699382.5
Episode 634 return: -3884626.25
Episode: 634, total reward: 3699382.5
each agent reward: 3699382.5
Episode 635 return: -3941055.5
Episode: 635, total reward: 3699257.25
each agent reward: 3699257.25
Episode 636 return: -3948651.25
Episode: 636, total reward: 3699257.25
each agent reward: 3699257.25
Episode 637 return: -3923973.25
Episode: 637, total reward: 3699572.75
each agent reward: 3699572.75
Episode 638 return: -3901189.0
Episode: 638, total reward: 3699257.25
each agent reward: 3699257.25
Episode 639 return: -3919398.25
Episode: 639, total reward: 3699257.25
each agent reward: 3699257.25
Episode 640 return: -3930918.25
Episode: 640, total reward: 3699382.5
each agent reward: 3699382.5
Episode 641 return: -3884111.75
Episode: 641, total reward: 3699257.25
each agent reward: 3699257.25
Episode 642 return: -3914969.25
Episode: 642, total reward: 3699382.5
each agent reward: 3699382.5
Episode 643 return: -3895923.0
Episode: 643, total reward: 3699382.5
each agent reward: 3699382.5
Episode 644 return: -3973892.5
Episode: 644, total reward: 3699541.25
each agent reward: 3699541.25
Episode 645 return: -3961365.25
Episode: 645, total reward: 3699541.25
each agent reward: 3699541.25
Episode 646 return: -3924676.75
Episode: 646, total reward: 3701048.0
each agent reward: 3701048.0
Episode 647 return: -3924904.75
Episode: 647, total reward: 3701048.0
each agent reward: 3701048.0
Episode 648 return: -3929491.25
Episode: 648, total reward: 3700278.5
each agent reward: 3700278.5
Episode 649 return: -3929562.75
Episode: 649, total reward: 3699688.75
each agent reward: 3699688.75
Episode 650 return: -3900825.5
Episode: 650, total reward: 3698823.75
each agent reward: 3698823.75
Episode 651 return: -3860636.5
Episode: 651, total reward: 3698823.75
each agent reward: 3698823.75
Episode 652 return: -3913935.75
Episode: 652, total reward: 3700278.5
each agent reward: 3700278.5
Episode 653 return: -3931653.25
Episode: 653, total reward: 3700278.5
each agent reward: 3700278.5
Episode 654 return: -3908107.5
Episode: 654, total reward: 3701048.0
each agent reward: 3701048.0
Episode 655 return: -3932191.25
Episode: 655, total reward: 3701199.75
each agent reward: 3701199.75
Episode 656 return: -3900565.5
Episode: 656, total reward: 3699541.25
each agent reward: 3699541.25
Episode 657 return: -3915433.75
Episode: 657, total reward: 3701048.0
each agent reward: 3701048.0
Episode 658 return: -3960717.0
Episode: 658, total reward: 3701199.75
each agent reward: 3701199.75
Episode 659 return: -3925179.75
Episode: 659, total reward: 3701199.75
each agent reward: 3701199.75
Episode 660 return: -3894681.75
Episode: 660, total reward: 3701048.0
each agent reward: 3701048.0
Episode 661 return: -3926949.25
Episode: 661, total reward: 3700249.5
each agent reward: 3700249.5
Episode 662 return: -3909501.25
Episode: 662, total reward: 3699200.25
each agent reward: 3699200.25
Episode 663 return: -3879840.0
Episode: 663, total reward: 3699200.25
each agent reward: 3699200.25
Episode 664 return: -3907999.0
Episode: 664, total reward: 3699200.25
each agent reward: 3699200.25
Episode 665 return: -3899112.25
Episode: 665, total reward: 3699200.25
each agent reward: 3699200.25
Episode 666 return: -3932870.0
Episode: 666, total reward: 3699200.25
each agent reward: 3699200.25
Episode 667 return: -3925328.5
Episode: 667, total reward: 3699200.25
each agent reward: 3699200.25
Episode 668 return: -3911064.5
Episode: 668, total reward: 3695443.5
each agent reward: 3695443.5
Episode 669 return: -3917752.25
Episode: 669, total reward: 3695443.5
each agent reward: 3695443.5
Episode 670 return: -3963511.0
Episode: 670, total reward: 3695443.5
each agent reward: 3695443.5
Episode 671 return: -3905848.5
Episode: 671, total reward: 3695430.5
each agent reward: 3695430.5
Episode 672 return: -3925860.25
Episode: 672, total reward: 3697108.25
each agent reward: 3697108.25
Episode 673 return: -3904720.75
Episode: 673, total reward: 3697055.25
each agent reward: 3697055.25
Episode 674 return: -3926143.0
Episode: 674, total reward: 3697664.0
each agent reward: 3697664.0
Episode 675 return: -3933209.75
Episode: 675, total reward: 3699541.25
each agent reward: 3699541.25
Episode 676 return: -3927928.5
Episode: 676, total reward: 3699541.25
each agent reward: 3699541.25
Episode 677 return: -3945904.75
Episode: 677, total reward: 3699541.25
each agent reward: 3699541.25
Episode 678 return: -3903841.75
Episode: 678, total reward: 3699541.25
each agent reward: 3699541.25
Episode 679 return: -3883462.0
Episode: 679, total reward: 3701048.0
each agent reward: 3701048.0
Episode 680 return: -3905473.5
Episode: 680, total reward: 3701048.0
each agent reward: 3701048.0
Episode 681 return: -3940661.0
Episode: 681, total reward: 3700812.0
each agent reward: 3700812.0
Episode 682 return: -3904992.5
Episode: 682, total reward: 3700812.0
each agent reward: 3700812.0
Episode 683 return: -3904520.75
Episode: 683, total reward: 3699187.25
each agent reward: 3699187.25
Episode 684 return: -3899506.5
Episode: 684, total reward: 3699161.0
each agent reward: 3699161.0
Episode 685 return: -3903286.25
Episode: 685, total reward: 3699200.25
each agent reward: 3699200.25
Episode 686 return: -3950012.75
Episode: 686, total reward: 3699200.25
each agent reward: 3699200.25
Episode 687 return: -3919594.0
Episode: 687, total reward: 3695443.5
each agent reward: 3695443.5
Episode 688 return: -3919552.5
Episode: 688, total reward: 3698358.75
each agent reward: 3698358.75
Episode 689 return: -3916990.25
Episode: 689, total reward: 3699200.25
each agent reward: 3699200.25
Episode 690 return: -3920144.0
Episode: 690, total reward: 3699200.25
each agent reward: 3699200.25
Episode 691 return: -3895443.0
Episode: 691, total reward: 3699161.0
each agent reward: 3699161.0
Episode 692 return: -3956299.75
Episode: 692, total reward: 3699161.0
each agent reward: 3699161.0
Episode 693 return: -3925018.0
Episode: 693, total reward: 3700603.75
each agent reward: 3700603.75
Episode 694 return: -3911659.25
Episode: 694, total reward: 3697013.75
each agent reward: 3697013.75
Episode 695 return: -3898879.0
Episode: 695, total reward: 3694747.5
each agent reward: 3694747.5
Episode 696 return: -3924447.5
Episode: 696, total reward: 3694747.5
each agent reward: 3694747.5
Episode 697 return: -3945771.25
Episode: 697, total reward: 3697055.25
each agent reward: 3697055.25
Episode 698 return: -3914554.75
Episode: 698, total reward: 3697055.25
each agent reward: 3697055.25
Episode 699 return: -3933561.5
Episode: 699, total reward: 3697055.25
each agent reward: 3697055.25
Episode 700 return: -3941700.0
Episode: 700, total reward: 3697055.25
each agent reward: 3697055.25
Episode 701 return: -3904478.0
Episode: 701, total reward: 3697055.25
each agent reward: 3697055.25
Episode 702 return: -3919288.25
Episode: 702, total reward: 3695799.25
each agent reward: 3695799.25
Episode 703 return: -3991411.0
Episode: 703, total reward: 3695799.25
each agent reward: 3695799.25
Episode 704 return: -3937684.25
Episode: 704, total reward: 3694568.0
each agent reward: 3694568.0
Episode 705 return: -3895886.75
Episode: 705, total reward: 3695674.75
each agent reward: 3695674.75
Episode 706 return: -3897865.75
Episode: 706, total reward: 3694568.0
each agent reward: 3694568.0
Episode 707 return: -3917931.5
Episode: 707, total reward: 3694568.0
each agent reward: 3694568.0
Episode 708 return: -3918572.0
Episode: 708, total reward: 3696157.5
each agent reward: 3696157.5
Episode 709 return: -3939563.75
Episode: 709, total reward: 3696617.0
each agent reward: 3696617.0
Episode 710 return: -3908821.75
Episode: 710, total reward: 3696451.5
each agent reward: 3696451.5
Episode 711 return: -3890768.75
Episode: 711, total reward: 3696086.25
each agent reward: 3696086.25
Episode 712 return: -3913746.5
Episode: 712, total reward: 3696617.0
each agent reward: 3696617.0
Episode 713 return: -3962014.25
Episode: 713, total reward: 3695799.25
each agent reward: 3695799.25
Episode 714 return: -3871544.0
Episode: 714, total reward: 3695799.25
each agent reward: 3695799.25
Episode 715 return: -3917583.0
Episode: 715, total reward: 3695799.25
each agent reward: 3695799.25
Episode 716 return: -3886850.25
Episode: 716, total reward: 3695799.25
each agent reward: 3695799.25
Episode 717 return: -3980161.5
Episode: 717, total reward: 3695799.25
each agent reward: 3695799.25
Episode 718 return: -3915168.75
Episode: 718, total reward: 3695799.25
each agent reward: 3695799.25
Episode 719 return: -3922321.0
Episode: 719, total reward: 3697055.25
each agent reward: 3697055.25
Episode 720 return: -3945623.25
Episode: 720, total reward: 3697055.25
each agent reward: 3697055.25
Episode 721 return: -3930196.0
Episode: 721, total reward: 3697055.25
each agent reward: 3697055.25
Episode 722 return: -3894360.25
Episode: 722, total reward: 3697055.25
each agent reward: 3697055.25
Episode 723 return: -3914971.5
Episode: 723, total reward: 3697055.25
each agent reward: 3697055.25
Episode 724 return: -3909852.25
Episode: 724, total reward: 3695430.5
each agent reward: 3695430.5
Episode 725 return: -3910719.25
Episode: 725, total reward: 3695430.5
each agent reward: 3695430.5
Episode 726 return: -3932816.0
Episode: 726, total reward: 3695430.5
each agent reward: 3695430.5
Episode 727 return: -3904548.0
Episode: 727, total reward: 3695067.0
each agent reward: 3695067.0
Episode 728 return: -3905765.25
Episode: 728, total reward: 3695430.5
each agent reward: 3695430.5
Episode 729 return: -3897381.25
Episode: 729, total reward: 3695430.5
each agent reward: 3695430.5
Episode 730 return: -3948842.25
Episode: 730, total reward: 3695430.5
each agent reward: 3695430.5
Episode 731 return: -3928152.75
Episode: 731, total reward: 3695980.5
each agent reward: 3695980.5
Episode 732 return: -3959860.25
Episode: 732, total reward: 3695430.5
each agent reward: 3695430.5
Episode 733 return: -3912575.5
Episode: 733, total reward: 3697055.25
each agent reward: 3697055.25
Episode 734 return: -3910961.25
Episode: 734, total reward: 3695430.5
each agent reward: 3695430.5
Episode 735 return: -3903906.25
Episode: 735, total reward: 3695430.5
each agent reward: 3695430.5
Episode 736 return: -3897651.5
Episode: 736, total reward: 3695430.5
each agent reward: 3695430.5
Episode 737 return: -3905507.75
Episode: 737, total reward: 3695430.5
each agent reward: 3695430.5
Episode 738 return: -3920656.75
Episode: 738, total reward: 3695067.0
each agent reward: 3695067.0
Episode 739 return: -3870019.75
Episode: 739, total reward: 3695443.5
each agent reward: 3695443.5
Episode 740 return: -3934880.75
Episode: 740, total reward: 3695443.5
each agent reward: 3695443.5
Episode 741 return: -3918191.75
Episode: 741, total reward: 3695443.5
each agent reward: 3695443.5
Episode 742 return: -3891113.5
Episode: 742, total reward: 3695443.5
each agent reward: 3695443.5
Episode 743 return: -3926427.75
Episode: 743, total reward: 3695450.0
each agent reward: 3695450.0
Episode 744 return: -3940038.5
Episode: 744, total reward: 3695430.5
each agent reward: 3695430.5
Episode 745 return: -3936087.25
Episode: 745, total reward: 3695430.5
each agent reward: 3695430.5
Episode 746 return: -3916285.5
Episode: 746, total reward: 3695430.5
each agent reward: 3695430.5
Episode 747 return: -3904815.0
Episode: 747, total reward: 3695430.5
each agent reward: 3695430.5
Episode 748 return: -3936119.25
Episode: 748, total reward: 3697055.25
each agent reward: 3697055.25
Episode 749 return: -3920831.75
Episode: 749, total reward: 3694458.75
each agent reward: 3694458.75
Episode 750 return: -3940031.5
Episode: 750, total reward: 3694458.75
each agent reward: 3694458.75
Episode 751 return: -3954883.0
Episode: 751, total reward: 3694458.75
each agent reward: 3694458.75
Episode 752 return: -3920268.5
Episode: 752, total reward: 3692834.0
each agent reward: 3692834.0
Episode 753 return: -3946437.75
Episode: 753, total reward: 3692807.75
each agent reward: 3692807.75
Episode 754 return: -3904803.5
Episode: 754, total reward: 3692847.0
each agent reward: 3692847.0
Episode 755 return: -3952924.5
Episode: 755, total reward: 3692847.0
each agent reward: 3692847.0
Episode 756 return: -3889753.75
Episode: 756, total reward: 3692847.0
each agent reward: 3692847.0
Episode 757 return: -3928195.0
Episode: 757, total reward: 3692847.0
each agent reward: 3692847.0
Episode 758 return: -3917241.5
Episode: 758, total reward: 3692847.0
each agent reward: 3692847.0
Episode 759 return: -3981636.25
Episode: 759, total reward: 3692847.0
each agent reward: 3692847.0
Episode 760 return: -3926093.5
Episode: 760, total reward: 3692847.0
each agent reward: 3692847.0
Episode 761 return: -3918219.5
Episode: 761, total reward: 3692847.0
each agent reward: 3692847.0
Episode 762 return: -3903542.25
Episode: 762, total reward: 3692847.0
each agent reward: 3692847.0
Episode 763 return: -3925253.0
Episode: 763, total reward: 3692847.0
each agent reward: 3692847.0
Episode 764 return: -3901089.75
Episode: 764, total reward: 3692847.0
each agent reward: 3692847.0
Episode 765 return: -3890857.75
Episode: 765, total reward: 3692966.0
each agent reward: 3692966.0
Episode 766 return: -3895585.75
Episode: 766, total reward: 3692847.0
each agent reward: 3692847.0
Episode 767 return: -3900717.75
Episode: 767, total reward: 3692847.0
each agent reward: 3692847.0
Episode 768 return: -3914277.5
Episode: 768, total reward: 3693001.0
each agent reward: 3693001.0
Episode 769 return: -3936730.5
Episode: 769, total reward: 3694458.75
each agent reward: 3694458.75
Episode 770 return: -3915376.0
Episode: 770, total reward: 3694458.75
each agent reward: 3694458.75
Episode 771 return: -3907607.75
Episode: 771, total reward: 3692834.0
each agent reward: 3692834.0
Episode 772 return: -3910376.75
Episode: 772, total reward: 3692847.0
each agent reward: 3692847.0
Episode 773 return: -3920355.5
Episode: 773, total reward: 3692847.0
each agent reward: 3692847.0
Episode 774 return: -3884003.75
Episode: 774, total reward: 3692847.0
each agent reward: 3692847.0
Episode 775 return: -3912027.75
Episode: 775, total reward: 3692847.0
each agent reward: 3692847.0
Episode 776 return: -3920104.0
Episode: 776, total reward: 3692847.0
each agent reward: 3692847.0
Episode 777 return: -3888668.0
Episode: 777, total reward: 3692847.0
each agent reward: 3692847.0
Episode 778 return: -3951058.75
Episode: 778, total reward: 3692847.0
each agent reward: 3692847.0
Episode 779 return: -3927574.25
Episode: 779, total reward: 3692807.75
each agent reward: 3692807.75
Episode 780 return: -3925487.75
Episode: 780, total reward: 3692807.75
each agent reward: 3692807.75
Episode 781 return: -3865423.75
Episode: 781, total reward: 3694648.5
each agent reward: 3694648.5
Episode 782 return: -3914093.75
Episode: 782, total reward: 3692807.75
each agent reward: 3692807.75
Episode 783 return: -3948927.0
Episode: 783, total reward: 3692807.75
each agent reward: 3692807.75
Episode 784 return: -3965615.75
Episode: 784, total reward: 3692847.0
each agent reward: 3692847.0
Episode 785 return: -3902661.0
Episode: 785, total reward: 3692847.0
each agent reward: 3692847.0
Episode 786 return: -3920089.0
Episode: 786, total reward: 3692847.0
each agent reward: 3692847.0
Episode 787 return: -3944680.25
Episode: 787, total reward: 3692847.0
each agent reward: 3692847.0
Episode 788 return: -3919629.25
Episode: 788, total reward: 3692847.0
each agent reward: 3692847.0
Episode 789 return: -3901786.75
Episode: 789, total reward: 3692847.0
each agent reward: 3692847.0
Episode 790 return: -3929754.25
Episode: 790, total reward: 3692847.0
each agent reward: 3692847.0
Episode 791 return: -3902882.0
Episode: 791, total reward: 3692847.0
each agent reward: 3692847.0
Episode 792 return: -3937654.5
Episode: 792, total reward: 3692847.0
each agent reward: 3692847.0
Episode 793 return: -3925663.75
Episode: 793, total reward: 3692847.0
each agent reward: 3692847.0
Episode 794 return: -3892206.0
Episode: 794, total reward: 3692847.0
each agent reward: 3692847.0
Episode 795 return: -3895688.0
Episode: 795, total reward: 3692803.25
each agent reward: 3692803.25
Episode 796 return: -3960420.5
Episode: 796, total reward: 3692847.0
each agent reward: 3692847.0
Episode 797 return: -3976120.75
Episode: 797, total reward: 3692847.0
each agent reward: 3692847.0
Episode 798 return: -3919174.25
Episode: 798, total reward: 3692847.0
each agent reward: 3692847.0
Episode 799 return: -3911724.0
Episode: 799, total reward: 3692847.0
each agent reward: 3692847.0
Episode 800 return: -3936869.0
Episode: 800, total reward: 3692847.0
each agent reward: 3692847.0
Episode 801 return: -3910255.0
Episode: 801, total reward: 3692847.0
each agent reward: 3692847.0
Episode 802 return: -3896312.5
Episode: 802, total reward: 3692803.25
each agent reward: 3692803.25
Episode 803 return: -3948963.5
Episode: 803, total reward: 3692803.25
each agent reward: 3692803.25
Episode 804 return: -3937057.0
Episode: 804, total reward: 3692803.25
each agent reward: 3692803.25
Episode 805 return: -3953293.25
Episode: 805, total reward: 3692847.0
each agent reward: 3692847.0
Episode 806 return: -3941490.5
Episode: 806, total reward: 3692847.0
each agent reward: 3692847.0
Episode 807 return: -3932657.0
Episode: 807, total reward: 3692847.0
each agent reward: 3692847.0
Episode 808 return: -3951496.75
Episode: 808, total reward: 3692803.25
each agent reward: 3692803.25
Episode 809 return: -3934114.25
Episode: 809, total reward: 3692803.25
each agent reward: 3692803.25
Episode 810 return: -3881926.25
Episode: 810, total reward: 3692803.25
each agent reward: 3692803.25
Episode 811 return: -3912709.0
Episode: 811, total reward: 3692966.0
each agent reward: 3692966.0
Episode 812 return: -3915202.5
Episode: 812, total reward: 3692803.25
each agent reward: 3692803.25
Episode 813 return: -3919049.5
Episode: 813, total reward: 3692803.25
each agent reward: 3692803.25
Episode 814 return: -3908811.0
Episode: 814, total reward: 3692803.25
each agent reward: 3692803.25
Episode 815 return: -3879938.0
Episode: 815, total reward: 3692803.25
each agent reward: 3692803.25
Episode 816 return: -3905007.75
Episode: 816, total reward: 3692803.25
each agent reward: 3692803.25
Episode 817 return: -3910831.25
Episode: 817, total reward: 3693804.5
each agent reward: 3693804.5
Episode 818 return: -3915766.75
Episode: 818, total reward: 3692803.25
each agent reward: 3692803.25
Episode 819 return: -3922044.75
Episode: 819, total reward: 3692803.25
each agent reward: 3692803.25
Episode 820 return: -3923268.75
Episode: 820, total reward: 3692803.25
each agent reward: 3692803.25
Episode 821 return: -3898737.0
Episode: 821, total reward: 3692803.25
each agent reward: 3692803.25
Episode 822 return: -3891648.0
Episode: 822, total reward: 3692803.25
each agent reward: 3692803.25
Episode 823 return: -3865118.25
Episode: 823, total reward: 3692847.0
each agent reward: 3692847.0
Episode 824 return: -3925247.75
Episode: 824, total reward: 3692847.0
each agent reward: 3692847.0
Episode 825 return: -3933068.5
Episode: 825, total reward: 3692847.0
each agent reward: 3692847.0
Episode 826 return: -3905465.75
Episode: 826, total reward: 3692847.0
each agent reward: 3692847.0
Episode 827 return: -3917074.75
Episode: 827, total reward: 3692847.0
each agent reward: 3692847.0
Episode 828 return: -3904377.25
Episode: 828, total reward: 3692847.0
each agent reward: 3692847.0
Episode 829 return: -3932447.5
Episode: 829, total reward: 3692847.0
each agent reward: 3692847.0
Episode 830 return: -3910360.5
Episode: 830, total reward: 3692847.0
each agent reward: 3692847.0
Episode 831 return: -3950680.75
Episode: 831, total reward: 3692847.0
each agent reward: 3692847.0
Episode 832 return: -3890639.5
Episode: 832, total reward: 3692847.0
each agent reward: 3692847.0
Episode 833 return: -3928081.75
Episode: 833, total reward: 3692847.0
each agent reward: 3692847.0
Episode 834 return: -3902335.25
Episode: 834, total reward: 3692847.0
each agent reward: 3692847.0
Episode 835 return: -3891038.25
Episode: 835, total reward: 3692847.0
each agent reward: 3692847.0
Episode 836 return: -3885805.5
Episode: 836, total reward: 3692847.0
each agent reward: 3692847.0
Episode 837 return: -3953399.5
Episode: 837, total reward: 3692847.0
each agent reward: 3692847.0
Episode 838 return: -3876164.0
Episode: 838, total reward: 3692847.0
each agent reward: 3692847.0
Episode 839 return: -3922751.25
Episode: 839, total reward: 3692847.0
each agent reward: 3692847.0
Episode 840 return: -3934811.0
Episode: 840, total reward: 3692847.0
each agent reward: 3692847.0
Episode 841 return: -3928015.0
Episode: 841, total reward: 3692847.0
each agent reward: 3692847.0
Episode 842 return: -3959808.5
Episode: 842, total reward: 3692847.0
each agent reward: 3692847.0
Episode 843 return: -3926017.0
Episode: 843, total reward: 3692847.0
each agent reward: 3692847.0
Episode 844 return: -3905462.75
Episode: 844, total reward: 3692847.0
each agent reward: 3692847.0
Episode 845 return: -3911123.75
Episode: 845, total reward: 3692847.0
each agent reward: 3692847.0
Episode 846 return: -3921422.0
Episode: 846, total reward: 3692847.0
each agent reward: 3692847.0
Episode 847 return: -3881264.75
Episode: 847, total reward: 3692847.0
each agent reward: 3692847.0
Episode 848 return: -3901547.0
Episode: 848, total reward: 3692847.0
each agent reward: 3692847.0
Episode 849 return: -3930007.75
Episode: 849, total reward: 3692847.0
each agent reward: 3692847.0
Episode 850 return: -3912119.75
Episode: 850, total reward: 3692847.0
each agent reward: 3692847.0
Episode 851 return: -3946136.5
Episode: 851, total reward: 3692847.0
each agent reward: 3692847.0
Episode 852 return: -3928996.5
Episode: 852, total reward: 3692847.0
each agent reward: 3692847.0
Episode 853 return: -3921356.75
Episode: 853, total reward: 3692847.0
each agent reward: 3692847.0
Episode 854 return: -3939210.75
Episode: 854, total reward: 3692847.0
each agent reward: 3692847.0
Episode 855 return: -3922320.0
Episode: 855, total reward: 3692847.0
each agent reward: 3692847.0
Episode 856 return: -3928268.0
Episode: 856, total reward: 3692847.0
each agent reward: 3692847.0
Episode 857 return: -3905061.25
Episode: 857, total reward: 3692847.0
each agent reward: 3692847.0
Episode 858 return: -3865397.25
Episode: 858, total reward: 3692847.0
each agent reward: 3692847.0
Episode 859 return: -3921010.0
Episode: 859, total reward: 3692847.0
each agent reward: 3692847.0
Episode 860 return: -3904390.5
Episode: 860, total reward: 3692847.0
each agent reward: 3692847.0
Episode 861 return: -3920995.0
Episode: 861, total reward: 3692847.0
each agent reward: 3692847.0
Episode 862 return: -3906460.5
Episode: 862, total reward: 3692847.0
each agent reward: 3692847.0
Episode 863 return: -3925939.0
Episode: 863, total reward: 3692847.0
each agent reward: 3692847.0
Episode 864 return: -3918453.75
Episode: 864, total reward: 3692847.0
each agent reward: 3692847.0
Episode 865 return: -3929494.5
Episode: 865, total reward: 3692847.0
each agent reward: 3692847.0
Episode 866 return: -3901640.25
Episode: 866, total reward: 3692847.0
each agent reward: 3692847.0
Episode 867 return: -3919012.5
Episode: 867, total reward: 3692847.0
each agent reward: 3692847.0
Episode 868 return: -3890784.25
Episode: 868, total reward: 3692847.0
each agent reward: 3692847.0
Episode 869 return: -3916602.0
Episode: 869, total reward: 3692847.0
each agent reward: 3692847.0
Episode 870 return: -3855258.5
Episode: 870, total reward: 3692847.0
each agent reward: 3692847.0
Episode 871 return: -3921989.0
Episode: 871, total reward: 3692847.0
each agent reward: 3692847.0
Episode 872 return: -3916791.75
Episode: 872, total reward: 3692847.0
each agent reward: 3692847.0
Episode 873 return: -3901369.25
Episode: 873, total reward: 3692847.0
each agent reward: 3692847.0
Episode 874 return: -3924640.0
Episode: 874, total reward: 3692847.0
each agent reward: 3692847.0
Episode 875 return: -3911030.5
Episode: 875, total reward: 3692847.0
each agent reward: 3692847.0
Episode 876 return: -3889759.5
Episode: 876, total reward: 3692847.0
each agent reward: 3692847.0
Episode 877 return: -3891265.0
Episode: 877, total reward: 3692847.0
each agent reward: 3692847.0
Episode 878 return: -3899685.5
Episode: 878, total reward: 3692847.0
each agent reward: 3692847.0
Episode 879 return: -3900185.0
Episode: 879, total reward: 3692847.0
each agent reward: 3692847.0
Episode 880 return: -3902856.0
Episode: 880, total reward: 3692847.0
each agent reward: 3692847.0
Episode 881 return: -3910987.25
Episode: 881, total reward: 3692847.0
each agent reward: 3692847.0
Episode 882 return: -3892800.25
Episode: 882, total reward: 3692847.0
each agent reward: 3692847.0
Episode 883 return: -3914626.75
Episode: 883, total reward: 3692847.0
each agent reward: 3692847.0
Episode 884 return: -3926681.5
Episode: 884, total reward: 3692847.0
each agent reward: 3692847.0
Episode 885 return: -3959539.5
Episode: 885, total reward: 3692847.0
each agent reward: 3692847.0
Episode 886 return: -3932477.0
Episode: 886, total reward: 3692847.0
each agent reward: 3692847.0
Episode 887 return: -3946769.75
Episode: 887, total reward: 3692847.0
each agent reward: 3692847.0
Episode 888 return: -3900825.25
Episode: 888, total reward: 3692847.0
each agent reward: 3692847.0
Episode 889 return: -3884780.0
Episode: 889, total reward: 3692847.0
each agent reward: 3692847.0
Episode 890 return: -3903916.25
Episode: 890, total reward: 3692847.0
each agent reward: 3692847.0
Episode 891 return: -3943712.5
Episode: 891, total reward: 3692847.0
each agent reward: 3692847.0
Episode 892 return: -3896996.25
Episode: 892, total reward: 3692847.0
each agent reward: 3692847.0
Episode 893 return: -3892481.5
Episode: 893, total reward: 3692847.0
each agent reward: 3692847.0
Episode 894 return: -3910566.25
Episode: 894, total reward: 3692847.0
each agent reward: 3692847.0
Episode 895 return: -3886646.75
Episode: 895, total reward: 3692847.0
each agent reward: 3692847.0
Episode 896 return: -3937405.0
Episode: 896, total reward: 3692847.0
each agent reward: 3692847.0
Episode 897 return: -3914064.0
Episode: 897, total reward: 3692847.0
each agent reward: 3692847.0
Episode 898 return: -3904559.75
Episode: 898, total reward: 3692847.0
each agent reward: 3692847.0
Episode 899 return: -3929615.75
Episode: 899, total reward: 3692847.0
each agent reward: 3692847.0
Episode 900 return: -3898875.5
Episode: 900, total reward: 3692847.0
each agent reward: 3692847.0
Episode 901 return: -3925992.75
Episode: 901, total reward: 3692847.0
each agent reward: 3692847.0
Episode 902 return: -3942185.0
Episode: 902, total reward: 3692847.0
each agent reward: 3692847.0
Episode 903 return: -3936462.0
Episode: 903, total reward: 3692847.0
each agent reward: 3692847.0
Episode 904 return: -3926137.0
Episode: 904, total reward: 3692847.0
each agent reward: 3692847.0
Episode 905 return: -3880872.25
Episode: 905, total reward: 3692847.0
each agent reward: 3692847.0
Episode 906 return: -3907770.5
Episode: 906, total reward: 3692847.0
each agent reward: 3692847.0
Episode 907 return: -3923456.0
Episode: 907, total reward: 3692847.0
each agent reward: 3692847.0
Episode 908 return: -3923293.5
Episode: 908, total reward: 3692847.0
each agent reward: 3692847.0
Episode 909 return: -3948718.0
Episode: 909, total reward: 3692847.0
each agent reward: 3692847.0
Episode 910 return: -3939773.25
Episode: 910, total reward: 3692847.0
each agent reward: 3692847.0
Episode 911 return: -3884464.5
Episode: 911, total reward: 3692847.0
each agent reward: 3692847.0
Episode 912 return: -3930718.25
Episode: 912, total reward: 3692847.0
each agent reward: 3692847.0
Episode 913 return: -3934398.25
Episode: 913, total reward: 3692847.0
each agent reward: 3692847.0
Episode 914 return: -3911220.0
Episode: 914, total reward: 3692847.0
each agent reward: 3692847.0
Episode 915 return: -3906102.25
Episode: 915, total reward: 3692847.0
each agent reward: 3692847.0
Episode 916 return: -3921620.25
Episode: 916, total reward: 3692847.0
each agent reward: 3692847.0
Episode 917 return: -3906918.0
Episode: 917, total reward: 3692847.0
each agent reward: 3692847.0
Episode 918 return: -3910560.0
Episode: 918, total reward: 3692847.0
each agent reward: 3692847.0
Episode 919 return: -3923017.75
Episode: 919, total reward: 3692847.0
each agent reward: 3692847.0
Episode 920 return: -3925414.75
Episode: 920, total reward: 3692847.0
each agent reward: 3692847.0
Episode 921 return: -3916503.25
Episode: 921, total reward: 3692847.0
each agent reward: 3692847.0
Episode 922 return: -3914338.75
Episode: 922, total reward: 3692847.0
each agent reward: 3692847.0
Episode 923 return: -3887447.75
Episode: 923, total reward: 3692847.0
each agent reward: 3692847.0
Episode 924 return: -3959966.0
Episode: 924, total reward: 3692847.0
each agent reward: 3692847.0
Episode 925 return: -3936074.75
Episode: 925, total reward: 3692847.0
each agent reward: 3692847.0
Episode 926 return: -3887973.5
Episode: 926, total reward: 3692847.0
each agent reward: 3692847.0
Episode 927 return: -3882776.5
Episode: 927, total reward: 3692847.0
each agent reward: 3692847.0
Episode 928 return: -3875597.25
Episode: 928, total reward: 3692847.0
each agent reward: 3692847.0
Episode 929 return: -3897035.0
Episode: 929, total reward: 3692847.0
each agent reward: 3692847.0
Episode 930 return: -3884913.0
Episode: 930, total reward: 3692847.0
each agent reward: 3692847.0
Episode 931 return: -3911181.0
Episode: 931, total reward: 3692847.0
each agent reward: 3692847.0
Episode 932 return: -3931382.25
Episode: 932, total reward: 3692847.0
each agent reward: 3692847.0
Episode 933 return: -3902150.5
Episode: 933, total reward: 3692847.0
each agent reward: 3692847.0
Episode 934 return: -3972601.5
Episode: 934, total reward: 3692847.0
each agent reward: 3692847.0
Episode 935 return: -3988447.0
Episode: 935, total reward: 3692847.0
each agent reward: 3692847.0
Episode 936 return: -3896589.5
Episode: 936, total reward: 3692847.0
each agent reward: 3692847.0
Episode 937 return: -3950970.0
Episode: 937, total reward: 3692847.0
each agent reward: 3692847.0
Episode 938 return: -3929355.75
Episode: 938, total reward: 3692847.0
each agent reward: 3692847.0
Episode 939 return: -3876116.25
Episode: 939, total reward: 3692847.0
each agent reward: 3692847.0
Episode 940 return: -3897225.0
Episode: 940, total reward: 3692847.0
each agent reward: 3692847.0
Episode 941 return: -3886540.0
Episode: 941, total reward: 3692847.0
each agent reward: 3692847.0
Episode 942 return: -3905804.5
Episode: 942, total reward: 3692847.0
each agent reward: 3692847.0
Episode 943 return: -3918795.0
Episode: 943, total reward: 3692847.0
each agent reward: 3692847.0
Episode 944 return: -3897518.25
Episode: 944, total reward: 3692847.0
each agent reward: 3692847.0
Episode 945 return: -3892746.25
Episode: 945, total reward: 3692847.0
each agent reward: 3692847.0
Episode 946 return: -3915463.75
Episode: 946, total reward: 3692847.0
each agent reward: 3692847.0
Episode 947 return: -3920570.75
Episode: 947, total reward: 3692847.0
each agent reward: 3692847.0
Episode 948 return: -3902471.75
Episode: 948, total reward: 3692847.0
each agent reward: 3692847.0
Episode 949 return: -3901895.5
Episode: 949, total reward: 3692847.0
each agent reward: 3692847.0
Episode 950 return: -3873289.75
Episode: 950, total reward: 3692847.0
each agent reward: 3692847.0
Episode 951 return: -3923505.25
Episode: 951, total reward: 3692847.0
each agent reward: 3692847.0
Episode 952 return: -3937440.25
Episode: 952, total reward: 3692847.0
each agent reward: 3692847.0
Episode 953 return: -3907734.25
Episode: 953, total reward: 3692847.0
each agent reward: 3692847.0
Episode 954 return: -3973418.75
Episode: 954, total reward: 3692847.0
each agent reward: 3692847.0
Episode 955 return: -3901386.25
Episode: 955, total reward: 3692847.0
each agent reward: 3692847.0
Episode 956 return: -3908833.75
Episode: 956, total reward: 3692847.0
each agent reward: 3692847.0
Episode 957 return: -3909224.5
Episode: 957, total reward: 3692847.0
each agent reward: 3692847.0
Episode 958 return: -3934927.75
Episode: 958, total reward: 3692847.0
each agent reward: 3692847.0
Episode 959 return: -3912012.5
Episode: 959, total reward: 3692847.0
each agent reward: 3692847.0
Episode 960 return: -3944731.5
Episode: 960, total reward: 3692847.0
each agent reward: 3692847.0
Episode 961 return: -3892810.5
Episode: 961, total reward: 3692847.0
each agent reward: 3692847.0
Episode 962 return: -3921486.5
Episode: 962, total reward: 3692847.0
each agent reward: 3692847.0
Episode 963 return: -3903771.5
Episode: 963, total reward: 3692847.0
each agent reward: 3692847.0
Episode 964 return: -3927041.25
Episode: 964, total reward: 3692847.0
each agent reward: 3692847.0
Episode 965 return: -3905318.25
Episode: 965, total reward: 3692847.0
each agent reward: 3692847.0
Episode 966 return: -3919613.0
Episode: 966, total reward: 3692847.0
each agent reward: 3692847.0
Episode 967 return: -3896254.25
Episode: 967, total reward: 3692847.0
each agent reward: 3692847.0
Episode 968 return: -3917093.5
Episode: 968, total reward: 3692847.0
each agent reward: 3692847.0
Episode 969 return: -3901916.0
Episode: 969, total reward: 3692847.0
each agent reward: 3692847.0
Episode 970 return: -3888124.5
Episode: 970, total reward: 3692847.0
each agent reward: 3692847.0
Episode 971 return: -3910196.25
Episode: 971, total reward: 3692847.0
each agent reward: 3692847.0
Episode 972 return: -3903442.0
Episode: 972, total reward: 3692847.0
each agent reward: 3692847.0
Episode 973 return: -3907742.75
Episode: 973, total reward: 3692847.0
each agent reward: 3692847.0
Episode 974 return: -3928995.25
Episode: 974, total reward: 3692847.0
each agent reward: 3692847.0
Episode 975 return: -3926060.0
Episode: 975, total reward: 3692847.0
each agent reward: 3692847.0
Episode 976 return: -3890636.0
Episode: 976, total reward: 3692847.0
each agent reward: 3692847.0
Episode 977 return: -3888054.0
Episode: 977, total reward: 3692847.0
each agent reward: 3692847.0
Episode 978 return: -3929505.75
Episode: 978, total reward: 3692847.0
each agent reward: 3692847.0
Episode 979 return: -3901411.75
Episode: 979, total reward: 3692847.0
each agent reward: 3692847.0
Episode 980 return: -3900793.5
Episode: 980, total reward: 3692847.0
each agent reward: 3692847.0
Episode 981 return: -3895912.0
Episode: 981, total reward: 3692847.0
each agent reward: 3692847.0
Episode 982 return: -3898070.0
Episode: 982, total reward: 3692847.0
each agent reward: 3692847.0
Episode 983 return: -3921691.25
Episode: 983, total reward: 3692847.0
each agent reward: 3692847.0
Episode 984 return: -3911107.75
Episode: 984, total reward: 3692847.0
each agent reward: 3692847.0
Episode 985 return: -3943576.0
Episode: 985, total reward: 3692847.0
each agent reward: 3692847.0
Episode 986 return: -3906957.75
Episode: 986, total reward: 3692847.0
each agent reward: 3692847.0
Episode 987 return: -3947180.5
Episode: 987, total reward: 3692847.0
each agent reward: 3692847.0
Episode 988 return: -3906232.0
Episode: 988, total reward: 3692847.0
each agent reward: 3692847.0
Episode 989 return: -3893302.5
Episode: 989, total reward: 3692847.0
each agent reward: 3692847.0
Episode 990 return: -3915896.5
Episode: 990, total reward: 3692847.0
each agent reward: 3692847.0
Episode 991 return: -3883849.25
Episode: 991, total reward: 3692847.0
each agent reward: 3692847.0
Episode 992 return: -3906492.75
Episode: 992, total reward: 3692847.0
each agent reward: 3692847.0
Episode 993 return: -3878331.75
Episode: 993, total reward: 3692847.0
each agent reward: 3692847.0
Episode 994 return: -3908469.75
Episode: 994, total reward: 3692847.0
each agent reward: 3692847.0
Episode 995 return: -3926297.5
Episode: 995, total reward: 3692847.0
each agent reward: 3692847.0
Episode 996 return: -3900312.5
Episode: 996, total reward: 3692847.0
each agent reward: 3692847.0
Episode 997 return: -3927659.75
Episode: 997, total reward: 3692847.0
each agent reward: 3692847.0
Episode 998 return: -3912641.0
Episode: 998, total reward: 3692847.0
each agent reward: 3692847.0
Episode 999 return: -3958282.75
Episode: 999, total reward: 3692847.0
each agent reward: 3692847.0
