Episode: -1, total reward: 10253825.0
each agent reward: 10253825.0
Episode: 1, total reward: 4501455.0
each agent reward: 4501455.0
Episode 0 return: -4817627.0
Episode: 0, total reward: 4501455.0
each agent reward: 4501455.0
Episode 1 return: -4609882.5
Episode: 1, total reward: 4501455.0
each agent reward: 4501455.0
Episode 2 return: -4784845.0
Episode: 2, total reward: 4501455.0
each agent reward: 4501455.0
Episode 3 return: -4549507.5
Episode: 3, total reward: 4501455.0
each agent reward: 4501455.0
Episode 4 return: -5328570.5
Episode: 4, total reward: 4501455.0
each agent reward: 4501455.0
Episode 5 return: -4466205.5
Episode: 5, total reward: 4501455.0
each agent reward: 4501455.0
Episode 6 return: -4673221.0
Episode: 6, total reward: 4501455.0
each agent reward: 4501455.0
Episode 7 return: -4302718.0
Episode: 7, total reward: 4501455.0
each agent reward: 4501455.0
Episode 8 return: -5055767.5
Episode: 8, total reward: 4501455.0
each agent reward: 4501455.0
Episode 9 return: -4863972.0
Episode: 9, total reward: 4501455.0
each agent reward: 4501455.0
Episode 10 return: -4285909.5
Episode: 10, total reward: 4501455.0
each agent reward: 4501455.0
Episode 11 return: -5109520.0
Episode: 11, total reward: 4501455.0
each agent reward: 4501455.0
Episode 12 return: -6480477.5
Episode: 12, total reward: 8787621.0
each agent reward: 8787621.0
Episode 13 return: -5762103.5
Episode: 13, total reward: 8787621.0
each agent reward: 8787621.0
Episode 14 return: -5878571.0
Episode: 14, total reward: 8787621.0
each agent reward: 8787621.0
Episode 15 return: -5600720.0
Episode: 15, total reward: 8787621.0
each agent reward: 8787621.0
Episode 16 return: -7271818.5
Episode: 16, total reward: 8787621.0
each agent reward: 8787621.0
Episode 17 return: -4810012.5
Episode: 17, total reward: 8787621.0
each agent reward: 8787621.0
Episode 18 return: -6165162.0
Episode: 18, total reward: 8787621.0
each agent reward: 8787621.0
Episode 19 return: -6357557.0
Episode: 19, total reward: 8787621.0
each agent reward: 8787621.0
Episode 20 return: -5812936.0
Episode: 20, total reward: 8787621.0
each agent reward: 8787621.0
Episode 21 return: -7459528.5
Episode: 21, total reward: 8787621.0
each agent reward: 8787621.0
Episode 22 return: -5732978.0
Episode: 22, total reward: 8787621.0
each agent reward: 8787621.0
Episode 23 return: -6703756.0
Episode: 23, total reward: 8787621.0
each agent reward: 8787621.0
Episode 24 return: -5578716.5
Episode: 24, total reward: 8787621.0
each agent reward: 8787621.0
Episode 25 return: -6481832.0
Episode: 25, total reward: 8787621.0
each agent reward: 8787621.0
Episode 26 return: -6592801.0
Episode: 26, total reward: 8787621.0
each agent reward: 8787621.0
Episode 27 return: -6438077.0
Episode: 27, total reward: 8787621.0
each agent reward: 8787621.0
Episode 28 return: -7321269.5
Episode: 28, total reward: 8787621.0
each agent reward: 8787621.0
Episode 29 return: -6031849.5
Episode: 29, total reward: 7962161.0
each agent reward: 7962161.0
Episode 30 return: -6830651.0
Episode: 30, total reward: 7853620.0
each agent reward: 7853620.0
Episode 31 return: -6502741.5
Episode: 31, total reward: 7757976.0
each agent reward: 7757976.0
Episode 32 return: -6988389.5
Episode: 32, total reward: 7678093.0
each agent reward: 7678093.0
Episode 33 return: -5812427.0
Episode: 33, total reward: 7537373.0
each agent reward: 7537373.0
Episode 34 return: -6215311.5
Episode: 34, total reward: 5532773.0
each agent reward: 5532773.0
Episode 35 return: -6296379.5
Episode: 35, total reward: 6436576.5
each agent reward: 6436576.5
Episode 36 return: -7309494.0
Episode: 36, total reward: 5489444.5
each agent reward: 5489444.5
Episode 37 return: -7505181.0
Episode: 37, total reward: 6523056.5
each agent reward: 6523056.5
Episode 38 return: -6797704.5
Episode: 38, total reward: 6576225.5
each agent reward: 6576225.5
Episode 39 return: -7795462.0
Episode: 39, total reward: 6472919.5
each agent reward: 6472919.5
Episode 40 return: -7468565.0
Episode: 40, total reward: 6503806.5
each agent reward: 6503806.5
Episode 41 return: -6802711.0
Episode: 41, total reward: 7343871.0
each agent reward: 7343871.0
Episode 42 return: -6842642.5
Episode: 42, total reward: 7413427.5
each agent reward: 7413427.5
Episode 43 return: -7406314.5
Episode: 43, total reward: 8538060.0
each agent reward: 8538060.0
Episode 44 return: -7613470.5
Episode: 44, total reward: 8892059.0
each agent reward: 8892059.0
Episode 45 return: -7775906.0
Episode: 45, total reward: 8972669.0
each agent reward: 8972669.0
Episode 46 return: -7349635.0
Episode: 46, total reward: 8487107.0
each agent reward: 8487107.0
Episode 47 return: -6954078.0
Episode: 47, total reward: 5848681.0
each agent reward: 5848681.0
Episode 48 return: -6895530.5
Episode: 48, total reward: 4952357.5
each agent reward: 4952357.5
Episode 49 return: -6618689.5
Episode: 49, total reward: 4797457.0
each agent reward: 4797457.0
Episode 50 return: -6520041.0
Episode: 50, total reward: 4642962.5
each agent reward: 4642962.5
Episode 51 return: -7217209.5
Episode: 51, total reward: 4676042.0
each agent reward: 4676042.0
Episode 52 return: -7476926.5
Episode: 52, total reward: 5475170.0
each agent reward: 5475170.0
Episode 53 return: -8195143.0
Episode: 53, total reward: 6365558.5
each agent reward: 6365558.5
Episode 54 return: -8984696.0
Episode: 54, total reward: 7336259.0
each agent reward: 7336259.0
Episode 55 return: -8650225.0
Episode: 55, total reward: 7382798.0
each agent reward: 7382798.0
Episode 56 return: -7956441.0
Episode: 56, total reward: 6298703.5
each agent reward: 6298703.5
Episode 57 return: -7324006.5
Episode: 57, total reward: 7998815.5
each agent reward: 7998815.5
Episode 58 return: -7686876.0
Episode: 58, total reward: 7109422.0
each agent reward: 7109422.0
Episode 59 return: -7129072.5
Episode: 59, total reward: 5329593.5
each agent reward: 5329593.5
Episode 60 return: -7537217.0
Episode: 60, total reward: 5309601.5
each agent reward: 5309601.5
Episode 61 return: -7309799.0
Episode: 61, total reward: 5309467.0
each agent reward: 5309467.0
Episode 62 return: -6783952.0
Episode: 62, total reward: 5480431.5
each agent reward: 5480431.5
Episode 63 return: -6306164.0
Episode: 63, total reward: 5529909.0
each agent reward: 5529909.0
Episode 64 return: -6412008.5
Episode: 64, total reward: 5439523.0
each agent reward: 5439523.0
Episode 65 return: -6894933.5
Episode: 65, total reward: 5354247.5
each agent reward: 5354247.5
Episode 66 return: -7285713.0
Episode: 66, total reward: 5357576.0
each agent reward: 5357576.0
Episode 67 return: -7179686.5
Episode: 67, total reward: 5357051.5
each agent reward: 5357051.5
Episode 68 return: -7351773.0
Episode: 68, total reward: 4477729.5
each agent reward: 4477729.5
Episode 69 return: -6526724.0
Episode: 69, total reward: 4479062.0
each agent reward: 4479062.0
Episode 70 return: -6382054.5
Episode: 70, total reward: 5436987.5
each agent reward: 5436987.5
Episode 71 return: -5995796.0
Episode: 71, total reward: 5386873.0
each agent reward: 5386873.0
Episode 72 return: -6806090.0
Episode: 72, total reward: 5355448.5
each agent reward: 5355448.5
Episode 73 return: -7000938.0
Episode: 73, total reward: 5376229.5
each agent reward: 5376229.5
Episode 74 return: -6501691.5
Episode: 74, total reward: 4482550.5
each agent reward: 4482550.5
Episode 75 return: -6448371.0
Episode: 75, total reward: 4488013.5
each agent reward: 4488013.5
Episode 76 return: -6398553.5
Episode: 76, total reward: 5359421.0
each agent reward: 5359421.0
Episode 77 return: -6380190.5
Episode: 77, total reward: 4488718.5
each agent reward: 4488718.5
Episode 78 return: -6270563.5
Episode: 78, total reward: 4491517.5
each agent reward: 4491517.5
Episode 79 return: -6847290.5
Episode: 79, total reward: 4490647.0
each agent reward: 4490647.0
Episode 80 return: -6069098.5
Episode: 80, total reward: 4493347.0
each agent reward: 4493347.0
Episode 81 return: -6709489.5
Episode: 81, total reward: 4493471.5
each agent reward: 4493471.5
Episode 82 return: -6035857.0
Episode: 82, total reward: 4492323.0
each agent reward: 4492323.0
Episode 83 return: -6013455.0
Episode: 83, total reward: 4492469.0
each agent reward: 4492469.0
Episode 84 return: -6099236.5
Episode: 84, total reward: 4498138.5
each agent reward: 4498138.5
Episode 85 return: -6210289.5
Episode: 85, total reward: 4498151.0
each agent reward: 4498151.0
Episode 86 return: -7005666.5
Episode: 86, total reward: 4499445.0
each agent reward: 4499445.0
Episode 87 return: -6333304.5
Episode: 87, total reward: 4491249.5
each agent reward: 4491249.5
Episode 88 return: -6055569.0
Episode: 88, total reward: 4495298.5
each agent reward: 4495298.5
Episode 89 return: -7026287.0
Episode: 89, total reward: 4492746.0
each agent reward: 4492746.0
Episode 90 return: -6576099.5
Episode: 90, total reward: 4490126.5
each agent reward: 4490126.5
Episode 91 return: -7837257.5
Episode: 91, total reward: 4489787.5
each agent reward: 4489787.5
Episode 92 return: -6001328.0
Episode: 92, total reward: 4485905.0
each agent reward: 4485905.0
Episode 93 return: -5610291.0
Episode: 93, total reward: 4487740.5
each agent reward: 4487740.5
Episode 94 return: -6599284.5
Episode: 94, total reward: 4491753.5
each agent reward: 4491753.5
Episode 95 return: -6644599.0
Episode: 95, total reward: 4493285.5
each agent reward: 4493285.5
Episode 96 return: -5690882.0
Episode: 96, total reward: 4487940.5
each agent reward: 4487940.5
Episode 97 return: -6415981.5
Episode: 97, total reward: 4484847.5
each agent reward: 4484847.5
Episode 98 return: -5819096.0
Episode: 98, total reward: 4486580.5
each agent reward: 4486580.5
Episode 99 return: -6204936.0
Episode: 99, total reward: 4485760.5
each agent reward: 4485760.5
Episode 100 return: -6615280.5
Episode: 100, total reward: 4485139.0
each agent reward: 4485139.0
Episode 101 return: -5225990.5
Episode: 101, total reward: 4487086.0
each agent reward: 4487086.0
Episode 102 return: -5386363.0
Episode: 102, total reward: 4491843.5
each agent reward: 4491843.5
Episode 103 return: -5831341.0
Episode: 103, total reward: 4501659.5
each agent reward: 4501659.5
Episode 104 return: -6377423.0
Episode: 104, total reward: 4503028.5
each agent reward: 4503028.5
Episode 105 return: -6491485.5
Episode: 105, total reward: 4501699.5
each agent reward: 4501699.5
Episode 106 return: -6367819.5
Episode: 106, total reward: 4499247.5
each agent reward: 4499247.5
Episode 107 return: -5626341.0
Episode: 107, total reward: 4498269.5
each agent reward: 4498269.5
Episode 108 return: -6347125.5
Episode: 108, total reward: 4501200.5
each agent reward: 4501200.5
Episode 109 return: -6805218.5
Episode: 109, total reward: 4499917.5
each agent reward: 4499917.5
Episode 110 return: -6434135.5
Episode: 110, total reward: 4502164.5
each agent reward: 4502164.5
Episode 111 return: -5875536.0
Episode: 111, total reward: 4493666.5
each agent reward: 4493666.5
Episode 112 return: -5071120.5
Episode: 112, total reward: 4495733.5
each agent reward: 4495733.5
Episode 113 return: -6623830.5
Episode: 113, total reward: 4496619.5
each agent reward: 4496619.5
Episode 114 return: -6781717.0
Episode: 114, total reward: 4495346.5
each agent reward: 4495346.5
Episode 115 return: -5939848.5
Episode: 115, total reward: 4489673.5
each agent reward: 4489673.5
Episode 116 return: -5500690.5
Episode: 116, total reward: 4489998.5
each agent reward: 4489998.5
Episode 117 return: -5895215.0
Episode: 117, total reward: 4490979.5
each agent reward: 4490979.5
Episode 118 return: -5640122.5
Episode: 118, total reward: 4490137.5
each agent reward: 4490137.5
Episode 119 return: -5844193.5
Episode: 119, total reward: 4495188.5
each agent reward: 4495188.5
Episode 120 return: -4870277.0
Episode: 120, total reward: 4497912.0
each agent reward: 4497912.0
Episode 121 return: -5930221.0
Episode: 121, total reward: 4499827.0
each agent reward: 4499827.0
Episode 122 return: -4935280.5
Episode: 122, total reward: 4499827.0
each agent reward: 4499827.0
Episode 123 return: -4732945.0
Episode: 123, total reward: 4499827.0
each agent reward: 4499827.0
Episode 124 return: -5012357.5
Episode: 124, total reward: 4499827.0
each agent reward: 4499827.0
Episode 125 return: -5229366.5
Episode: 125, total reward: 4499827.0
each agent reward: 4499827.0
Episode 126 return: -5476699.0
Episode: 126, total reward: 4499291.0
each agent reward: 4499291.0
Episode 127 return: -5141165.5
Episode: 127, total reward: 4498208.5
each agent reward: 4498208.5
Episode 128 return: -4914638.0
Episode: 128, total reward: 4499713.0
each agent reward: 4499713.0
Episode 129 return: -5561276.5
Episode: 129, total reward: 4503049.0
each agent reward: 4503049.0
Episode 130 return: -6244739.0
Episode: 130, total reward: 4472811.5
each agent reward: 4472811.5
Episode 131 return: -5541640.0
Episode: 131, total reward: 4427386.0
each agent reward: 4427386.0
Episode 132 return: -6334763.0
Episode: 132, total reward: 4419557.0
each agent reward: 4419557.0
Episode 133 return: -4936122.0
Episode: 133, total reward: 4411181.0
each agent reward: 4411181.0
Episode 134 return: -6539322.5
Episode: 134, total reward: 4416974.5
each agent reward: 4416974.5
Episode 135 return: -4958057.0
Episode: 135, total reward: 4483384.5
each agent reward: 4483384.5
Episode 136 return: -4525969.5
Episode: 136, total reward: 4480304.5
each agent reward: 4480304.5
Episode 137 return: -4726661.5
Episode: 137, total reward: 4484987.0
each agent reward: 4484987.0
Episode 138 return: -4304289.0
Episode: 138, total reward: 4485592.0
each agent reward: 4485592.0
Episode 139 return: -4846324.5
Episode: 139, total reward: 4419188.5
each agent reward: 4419188.5
Episode 140 return: -5469411.5
Episode: 140, total reward: 4423175.5
each agent reward: 4423175.5
Episode 141 return: -5211447.0
Episode: 141, total reward: 4428065.0
each agent reward: 4428065.0
Episode 142 return: -5137824.5
Episode: 142, total reward: 4428116.5
each agent reward: 4428116.5
Episode 143 return: -4737390.5
Episode: 143, total reward: 4497095.5
each agent reward: 4497095.5
Episode 144 return: -4670539.5
Episode: 144, total reward: 4501138.0
each agent reward: 4501138.0
Episode 145 return: -4174367.5
Episode: 145, total reward: 4502393.0
each agent reward: 4502393.0
Episode 146 return: -4944538.5
Episode: 146, total reward: 4499827.0
each agent reward: 4499827.0
Episode 147 return: -7185238.0
Episode: 147, total reward: 4499827.0
each agent reward: 4499827.0
Episode 148 return: -4663329.0
Episode: 148, total reward: 4489108.0
each agent reward: 4489108.0
Episode 149 return: -5840218.5
Episode: 149, total reward: 4478736.5
each agent reward: 4478736.5
Episode 150 return: -4727775.5
Episode: 150, total reward: 4478729.5
each agent reward: 4478729.5
Episode 151 return: -4468915.5
Episode: 151, total reward: 4412742.0
each agent reward: 4412742.0
Episode 152 return: -5092727.0
Episode: 152, total reward: 4424530.5
each agent reward: 4424530.5
Episode 153 return: -4844526.5
Episode: 153, total reward: 4433233.5
each agent reward: 4433233.5
Episode 154 return: -4548430.5
Episode: 154, total reward: 4426415.0
each agent reward: 4426415.0
Episode 155 return: -5405814.0
Episode: 155, total reward: 4426415.0
each agent reward: 4426415.0
Episode 156 return: -5265964.0
Episode: 156, total reward: 4426415.0
each agent reward: 4426415.0
Episode 157 return: -6689648.0
Episode: 157, total reward: 4426269.0
each agent reward: 4426269.0
Episode 158 return: -4452770.0
Episode: 158, total reward: 4499827.0
each agent reward: 4499827.0
Episode 159 return: -4746858.5
Episode: 159, total reward: 4505390.0
each agent reward: 4505390.0
Episode 160 return: -4962719.5
Episode: 160, total reward: 4500357.0
each agent reward: 4500357.0
Episode 161 return: -5561338.0
Episode: 161, total reward: 4491392.0
each agent reward: 4491392.0
Episode 162 return: -4731566.0
Episode: 162, total reward: 4489528.5
each agent reward: 4489528.5
Episode 163 return: -5475764.5
Episode: 163, total reward: 4484911.5
each agent reward: 4484911.5
Episode 164 return: -4379533.5
Episode: 164, total reward: 4477578.0
each agent reward: 4477578.0
Episode 165 return: -4264690.5
Episode: 165, total reward: 4472035.0
each agent reward: 4472035.0
Episode 166 return: -5243829.0
Episode: 166, total reward: 4483926.0
each agent reward: 4483926.0
Episode 167 return: -5218922.5
Episode: 167, total reward: 4475019.0
each agent reward: 4475019.0
Episode 168 return: -4658997.5
Episode: 168, total reward: 4499230.5
each agent reward: 4499230.5
Episode 169 return: -5587111.0
Episode: 169, total reward: 4507427.0
each agent reward: 4507427.0
Episode 170 return: -4386014.0
Episode: 170, total reward: 4495121.5
each agent reward: 4495121.5
Episode 171 return: -4376992.5
Episode: 171, total reward: 4501514.0
each agent reward: 4501514.0
Episode 172 return: -4723895.5
Episode: 172, total reward: 4426592.0
each agent reward: 4426592.0
Episode 173 return: -4694580.5
Episode: 173, total reward: 4371318.0
each agent reward: 4371318.0
Episode 174 return: -4721665.0
Episode: 174, total reward: 4428849.0
each agent reward: 4428849.0
Episode 175 return: -4957950.5
Episode: 175, total reward: 4428593.0
each agent reward: 4428593.0
Episode 176 return: -5405345.5
Episode: 176, total reward: 4431942.0
each agent reward: 4431942.0
Episode 177 return: -4387552.0
Episode: 177, total reward: 4426415.0
each agent reward: 4426415.0
Episode 178 return: -5460059.5
Episode: 178, total reward: 4426415.0
each agent reward: 4426415.0
Episode 179 return: -4131046.75
Episode: 179, total reward: 4426415.0
each agent reward: 4426415.0
Episode 180 return: -5370567.5
Episode: 180, total reward: 4426415.0
each agent reward: 4426415.0
Episode 181 return: -4610582.0
Episode: 181, total reward: 4426415.0
each agent reward: 4426415.0
Episode 182 return: -4423959.5
Episode: 182, total reward: 4426415.0
each agent reward: 4426415.0
Episode 183 return: -4030849.5
Episode: 183, total reward: 4426415.0
each agent reward: 4426415.0
Episode 184 return: -4584467.0
Episode: 184, total reward: 4427958.5
each agent reward: 4427958.5
Episode 185 return: -5140162.5
Episode: 185, total reward: 4427240.5
each agent reward: 4427240.5
Episode 186 return: -4621963.5
Episode: 186, total reward: 4428192.5
each agent reward: 4428192.5
Episode 187 return: -5295780.5
Episode: 187, total reward: 4426415.0
each agent reward: 4426415.0
Episode 188 return: -4435536.5
Episode: 188, total reward: 4430591.0
each agent reward: 4430591.0
Episode 189 return: -5290480.5
Episode: 189, total reward: 4429341.0
each agent reward: 4429341.0
Episode 190 return: -4618850.0
Episode: 190, total reward: 4428617.0
each agent reward: 4428617.0
Episode 191 return: -5529142.5
Episode: 191, total reward: 4428617.0
each agent reward: 4428617.0
Episode 192 return: -4445078.5
Episode: 192, total reward: 4426739.5
each agent reward: 4426739.5
Episode 193 return: -4338180.5
Episode: 193, total reward: 4426739.5
each agent reward: 4426739.5
Episode 194 return: -4883518.0
Episode: 194, total reward: 4426415.0
each agent reward: 4426415.0
Episode 195 return: -4352947.0
Episode: 195, total reward: 4426415.0
each agent reward: 4426415.0
Episode 196 return: -4224346.0
Episode: 196, total reward: 4426415.0
each agent reward: 4426415.0
Episode 197 return: -4413189.0
Episode: 197, total reward: 4428102.5
each agent reward: 4428102.5
Episode 198 return: -4419825.5
Episode: 198, total reward: 4427647.0
each agent reward: 4427647.0
Episode 199 return: -5184439.0
Episode: 199, total reward: 4426365.5
each agent reward: 4426365.5
Episode 200 return: -4718007.5
Episode: 200, total reward: 4427012.5
each agent reward: 4427012.5
Episode 201 return: -5223947.0
Episode: 201, total reward: 4371652.0
each agent reward: 4371652.0
Episode 202 return: -5378852.5
Episode: 202, total reward: 4371652.0
each agent reward: 4371652.0
Episode 203 return: -4104929.25
Episode: 203, total reward: 4371652.0
each agent reward: 4371652.0
Episode 204 return: -4415639.5
Episode: 204, total reward: 4371652.0
each agent reward: 4371652.0
Episode 205 return: -4726502.5
Episode: 205, total reward: 4371652.0
each agent reward: 4371652.0
Episode 206 return: -4678755.5
Episode: 206, total reward: 4427949.0
each agent reward: 4427949.0
Episode 207 return: -5131949.5
Episode: 207, total reward: 4430953.0
each agent reward: 4430953.0
Episode 208 return: -4577113.5
Episode: 208, total reward: 4376145.0
each agent reward: 4376145.0
Episode 209 return: -4147184.5
Episode: 209, total reward: 4375621.5
each agent reward: 4375621.5
Episode 210 return: -4062842.25
Episode: 210, total reward: 4375621.5
each agent reward: 4375621.5
Episode 211 return: -4865417.5
Episode: 211, total reward: 4430709.5
each agent reward: 4430709.5
Episode 212 return: -4380553.0
Episode: 212, total reward: 4429957.0
each agent reward: 4429957.0
Episode 213 return: -5331432.5
Episode: 213, total reward: 4430032.5
each agent reward: 4430032.5
Episode 214 return: -4452078.0
Episode: 214, total reward: 4430032.5
each agent reward: 4430032.5
Episode 215 return: -5089174.5
Episode: 215, total reward: 4429957.0
each agent reward: 4429957.0
Episode 216 return: -4607060.5
Episode: 216, total reward: 4420826.0
each agent reward: 4420826.0
Episode 217 return: -4576642.5
Episode: 217, total reward: 4420503.5
each agent reward: 4420503.5
Episode 218 return: -4389237.0
Episode: 218, total reward: 4423602.5
each agent reward: 4423602.5
Episode 219 return: -4105910.25
Episode: 219, total reward: 4424141.0
each agent reward: 4424141.0
Episode 220 return: -4519111.0
Episode: 220, total reward: 4375265.5
each agent reward: 4375265.5
Episode 221 return: -4017710.5
Episode: 221, total reward: 4374543.0
each agent reward: 4374543.0
Episode 222 return: -4233403.5
Episode: 222, total reward: 4374939.0
each agent reward: 4374939.0
Episode 223 return: -4617163.0
Episode: 223, total reward: 4374939.0
each agent reward: 4374939.0
Episode 224 return: -4305713.5
Episode: 224, total reward: 4376479.0
each agent reward: 4376479.0
Episode 225 return: -6094888.0
Episode: 225, total reward: 4376479.0
each agent reward: 4376479.0
Episode 226 return: -5404324.5
Episode: 226, total reward: 4375955.5
each agent reward: 4375955.5
Episode 227 return: -4362663.0
Episode: 227, total reward: 4381019.5
each agent reward: 4381019.5
Episode 228 return: -4586801.5
Episode: 228, total reward: 4378833.5
each agent reward: 4378833.5
Episode 229 return: -4442289.0
Episode: 229, total reward: 4378582.5
each agent reward: 4378582.5
Episode 230 return: -4442155.0
Episode: 230, total reward: 4380645.5
each agent reward: 4380645.5
Episode 231 return: -4504755.5
Episode: 231, total reward: 4375631.5
each agent reward: 4375631.5
Episode 232 return: -4504511.5
Episode: 232, total reward: 4427077.0
each agent reward: 4427077.0
Episode 233 return: -4021940.0
Episode: 233, total reward: 4427050.5
each agent reward: 4427050.5
Episode 234 return: -4481139.5
Episode: 234, total reward: 4427050.5
each agent reward: 4427050.5
Episode 235 return: -5151566.0
Episode: 235, total reward: 4427050.5
each agent reward: 4427050.5
Episode 236 return: -4359044.5
Episode: 236, total reward: 4427937.0
each agent reward: 4427937.0
Episode 237 return: -4305751.0
Episode: 237, total reward: 4427937.0
each agent reward: 4427937.0
Episode 238 return: -4197384.0
Episode: 238, total reward: 4375372.5
each agent reward: 4375372.5
Episode 239 return: -4203174.0
Episode: 239, total reward: 4375704.5
each agent reward: 4375704.5
Episode 240 return: -4432342.5
Episode: 240, total reward: 4378711.5
each agent reward: 4378711.5
Episode 241 return: -4423744.0
Episode: 241, total reward: 4380645.5
each agent reward: 4380645.5
Episode 242 return: -4489790.0
Episode: 242, total reward: 4380645.5
each agent reward: 4380645.5
Episode 243 return: -4517286.5
Episode: 243, total reward: 4379840.5
each agent reward: 4379840.5
Episode 244 return: -4354782.5
Episode: 244, total reward: 4375704.5
each agent reward: 4375704.5
Episode 245 return: -4457013.0
Episode: 245, total reward: 4374899.5
each agent reward: 4374899.5
Episode 246 return: -4504693.5
Episode: 246, total reward: 4374939.0
each agent reward: 4374939.0
Episode 247 return: -4226421.0
Episode: 247, total reward: 4372876.0
each agent reward: 4372876.0
Episode 248 return: -4041886.75
Episode: 248, total reward: 4372876.0
each agent reward: 4372876.0
Episode 249 return: -4502184.0
Episode: 249, total reward: 4372876.0
each agent reward: 4372876.0
Episode 250 return: -5087101.5
Episode: 250, total reward: 4372876.0
each agent reward: 4372876.0
Episode 251 return: -5984321.5
Episode: 251, total reward: 4365318.5
each agent reward: 4365318.5
Episode 252 return: -4334669.5
Episode: 252, total reward: 4369294.5
each agent reward: 4369294.5
Episode 253 return: -5033362.0
Episode: 253, total reward: 4380645.5
each agent reward: 4380645.5
Episode 254 return: -4027733.5
Episode: 254, total reward: 4373641.5
each agent reward: 4373641.5
Episode 255 return: -4102028.75
Episode: 255, total reward: 4375182.0
each agent reward: 4375182.0
Episode 256 return: -4114893.75
Episode: 256, total reward: 4375182.0
each agent reward: 4375182.0
Episode 257 return: -4609790.5
Episode: 257, total reward: 4375679.5
each agent reward: 4375679.5
Episode 258 return: -4326273.5
Episode: 258, total reward: 4375679.5
each agent reward: 4375679.5
Episode 259 return: -5395176.0
Episode: 259, total reward: 4364676.5
each agent reward: 4364676.5
Episode 260 return: -4449799.5
Episode: 260, total reward: 4353507.5
each agent reward: 4353507.5
Episode 261 return: -4308144.0
Episode: 261, total reward: 4350688.5
each agent reward: 4350688.5
Episode 262 return: -4443804.0
Episode: 262, total reward: 4375283.5
each agent reward: 4375283.5
Episode 263 return: -4449443.0
Episode: 263, total reward: 4375283.5
each agent reward: 4375283.5
Episode 264 return: -4069237.25
Episode: 264, total reward: 4375283.5
each agent reward: 4375283.5
Episode 265 return: -4959232.0
Episode: 265, total reward: 4375283.5
each agent reward: 4375283.5
Episode 266 return: -4189952.5
Episode: 266, total reward: 4374668.5
each agent reward: 4374668.5
Episode 267 return: -4928085.0
Episode: 267, total reward: 4373848.5
each agent reward: 4373848.5
Episode 268 return: -3910205.5
Episode: 268, total reward: 4373616.5
each agent reward: 4373616.5
Episode 269 return: -4699609.5
Episode: 269, total reward: 4373616.5
each agent reward: 4373616.5
Episode 270 return: -5048535.5
Episode: 270, total reward: 4373616.5
each agent reward: 4373616.5
Episode 271 return: -5034124.5
Episode: 271, total reward: 4369814.5
each agent reward: 4369814.5
Episode 272 return: -4059470.75
Episode: 272, total reward: 4434764.5
each agent reward: 4434764.5
Episode 273 return: -4187435.0
Episode: 273, total reward: 4437316.5
each agent reward: 4437316.5
Episode 274 return: -4170954.25
Episode: 274, total reward: 4429360.0
each agent reward: 4429360.0
Episode 275 return: -4215421.0
Episode: 275, total reward: 4373068.0
each agent reward: 4373068.0
Episode 276 return: -4222929.0
Episode: 276, total reward: 4373119.0
each agent reward: 4373119.0
Episode 277 return: -4318751.5
Episode: 277, total reward: 4373119.0
each agent reward: 4373119.0
Episode 278 return: -4257870.5
Episode: 278, total reward: 4375182.0
each agent reward: 4375182.0
Episode 279 return: -4208054.0
Episode: 279, total reward: 4370112.0
each agent reward: 4370112.0
Episode 280 return: -4743845.5
Episode: 280, total reward: 4370479.5
each agent reward: 4370479.5
Episode 281 return: -4013991.5
Episode: 281, total reward: 4373119.0
each agent reward: 4373119.0
Episode 282 return: -4042556.0
Episode: 282, total reward: 4373702.0
each agent reward: 4373702.0
Episode 283 return: -4231436.0
Episode: 283, total reward: 4372627.5
each agent reward: 4372627.5
Episode 284 return: -4486296.5
Episode: 284, total reward: 4370315.5
each agent reward: 4370315.5
Episode 285 return: -3986411.75
Episode: 285, total reward: 4370315.5
each agent reward: 4370315.5
Episode 286 return: -4406705.5
Episode: 286, total reward: 4370315.5
each agent reward: 4370315.5
Episode 287 return: -5016727.5
Episode: 287, total reward: 4370315.5
each agent reward: 4370315.5
Episode 288 return: -4016052.0
Episode: 288, total reward: 4372356.5
each agent reward: 4372356.5
Episode 289 return: -4172046.0
Episode: 289, total reward: 4372232.0
each agent reward: 4372232.0
Episode 290 return: -5243949.5
Episode: 290, total reward: 4372754.5
each agent reward: 4372754.5
Episode 291 return: -4039349.5
Episode: 291, total reward: 4372752.5
each agent reward: 4372752.5
Episode 292 return: -4424189.0
Episode: 292, total reward: 4372232.0
each agent reward: 4372232.0
Episode 293 return: -4590679.5
Episode: 293, total reward: 4372232.0
each agent reward: 4372232.0
Episode 294 return: -4209749.0
Episode: 294, total reward: 4373119.0
each agent reward: 4373119.0
Episode 295 return: -4403148.0
Episode: 295, total reward: 4372700.0
each agent reward: 4372700.0
Episode 296 return: -4813692.0
Episode: 296, total reward: 4370256.0
each agent reward: 4370256.0
Episode 297 return: -5465864.0
Episode: 297, total reward: 4372700.0
each agent reward: 4372700.0
Episode 298 return: -4211335.5
Episode: 298, total reward: 4373616.5
each agent reward: 4373616.5
Episode 299 return: -4264021.0
Episode: 299, total reward: 4373616.5
each agent reward: 4373616.5
Episode 300 return: -4281269.0
Episode: 300, total reward: 4373616.5
each agent reward: 4373616.5
Episode 301 return: -3941570.75
Episode: 301, total reward: 4373008.0
each agent reward: 4373008.0
Episode 302 return: -4753121.5
Episode: 302, total reward: 4374545.0
each agent reward: 4374545.0
Episode 303 return: -4411690.5
Episode: 303, total reward: 4371165.5
each agent reward: 4371165.5
Episode 304 return: -4425518.5
Episode: 304, total reward: 4372232.0
each agent reward: 4372232.0
Episode 305 return: -4368513.0
Episode: 305, total reward: 4373371.0
each agent reward: 4373371.0
Episode 306 return: -4064783.25
Episode: 306, total reward: 4373186.0
each agent reward: 4373186.0
Episode 307 return: -4465760.0
Episode: 307, total reward: 4371273.0
each agent reward: 4371273.0
Episode 308 return: -4352691.5
Episode: 308, total reward: 4370877.5
each agent reward: 4370877.5
Episode 309 return: -4187494.25
Episode: 309, total reward: 4372304.0
each agent reward: 4372304.0
Episode 310 return: -4086564.75
Episode: 310, total reward: 4372205.0
each agent reward: 4372205.0
Episode 311 return: -4199550.0
Episode: 311, total reward: 4372232.0
each agent reward: 4372232.0
Episode 312 return: -4354737.5
Episode: 312, total reward: 4372232.0
each agent reward: 4372232.0
Episode 313 return: -4441536.0
Episode: 313, total reward: 4372724.0
each agent reward: 4372724.0
Episode 314 return: -4253648.5
Episode: 314, total reward: 4371273.0
each agent reward: 4371273.0
Episode 315 return: -4372106.5
Episode: 315, total reward: 4372754.5
each agent reward: 4372754.5
Episode 316 return: -4726484.5
Episode: 316, total reward: 4373143.5
each agent reward: 4373143.5
Episode 317 return: -4244969.5
Episode: 317, total reward: 4371132.0
each agent reward: 4371132.0
Episode 318 return: -4245311.5
Episode: 318, total reward: 4369853.5
each agent reward: 4369853.5
Episode 319 return: -4331357.0
Episode: 319, total reward: 4370765.5
each agent reward: 4370765.5
Episode 320 return: -4131014.0
Episode: 320, total reward: 4368089.5
each agent reward: 4368089.5
Episode 321 return: -4639890.5
Episode: 321, total reward: 4369064.5
each agent reward: 4369064.5
Episode 322 return: -4323946.0
Episode: 322, total reward: 4370419.0
each agent reward: 4370419.0
Episode 323 return: -4557982.5
Episode: 323, total reward: 4369274.0
each agent reward: 4369274.0
Episode 324 return: -4929060.0
Episode: 324, total reward: 4369274.0
each agent reward: 4369274.0
Episode 325 return: -4250874.0
Episode: 325, total reward: 4369274.0
each agent reward: 4369274.0
Episode 326 return: -5199409.5
Episode: 326, total reward: 4369057.5
each agent reward: 4369057.5
Episode 327 return: -4268650.5
Episode: 327, total reward: 4369057.5
each agent reward: 4369057.5
Episode 328 return: -3935176.25
Episode: 328, total reward: 4369057.5
each agent reward: 4369057.5
Episode 329 return: -4591862.5
Episode: 329, total reward: 4368082.5
each agent reward: 4368082.5
Episode 330 return: -4474248.5
Episode: 330, total reward: 4368082.5
each agent reward: 4368082.5
Episode 331 return: -4067190.0
Episode: 331, total reward: 4368082.5
each agent reward: 4368082.5
Episode 332 return: -4275294.5
Episode: 332, total reward: 4370471.5
each agent reward: 4370471.5
Episode 333 return: -4202399.0
Episode: 333, total reward: 4369419.5
each agent reward: 4369419.5
Episode 334 return: -4360950.5
Episode: 334, total reward: 4376326.0
each agent reward: 4376326.0
Episode 335 return: -4320204.0
Episode: 335, total reward: 4370315.5
each agent reward: 4370315.5
Episode 336 return: -5049592.5
Episode: 336, total reward: 4370315.5
each agent reward: 4370315.5
Episode 337 return: -4185245.75
Episode: 337, total reward: 4370870.0
each agent reward: 4370870.0
Episode 338 return: -5031366.5
Episode: 338, total reward: 4370870.0
each agent reward: 4370870.0
Episode 339 return: -4957452.0
Episode: 339, total reward: 4370870.0
each agent reward: 4370870.0
Episode 340 return: -4337787.5
Episode: 340, total reward: 4370870.0
each agent reward: 4370870.0
Episode 341 return: -4409075.0
Episode: 341, total reward: 4370870.0
each agent reward: 4370870.0
Episode 342 return: -4401680.5
Episode: 342, total reward: 4370793.0
each agent reward: 4370793.0
Episode 343 return: -3976728.25
Episode: 343, total reward: 4370870.0
each agent reward: 4370870.0
Episode 344 return: -4603133.5
Episode: 344, total reward: 4370870.0
each agent reward: 4370870.0
Episode 345 return: -5101579.0
Episode: 345, total reward: 4375138.0
each agent reward: 4375138.0
Episode 346 return: -4142365.5
Episode: 346, total reward: 4370870.0
each agent reward: 4370870.0
Episode 347 return: -3969175.5
Episode: 347, total reward: 4369974.0
each agent reward: 4369974.0
Episode 348 return: -4088518.75
Episode: 348, total reward: 4370870.0
each agent reward: 4370870.0
Episode 349 return: -4103552.0
Episode: 349, total reward: 4370748.0
each agent reward: 4370748.0
Episode 350 return: -5289561.5
Episode: 350, total reward: 4369974.0
each agent reward: 4369974.0
Episode 351 return: -4157903.5
Episode: 351, total reward: 4369057.5
each agent reward: 4369057.5
Episode 352 return: -4287585.0
Episode: 352, total reward: 4369419.5
each agent reward: 4369419.5
Episode 353 return: -4296817.5
Episode: 353, total reward: 4369419.5
each agent reward: 4369419.5
Episode 354 return: -4295339.0
Episode: 354, total reward: 4369564.5
each agent reward: 4369564.5
Episode 355 return: -4241258.5
Episode: 355, total reward: 4368648.0
each agent reward: 4368648.0
Episode 356 return: -4197189.5
Episode: 356, total reward: 4368082.5
each agent reward: 4368082.5
Episode 357 return: -4435784.0
Episode: 357, total reward: 4368648.0
each agent reward: 4368648.0
Episode 358 return: -4462857.0
Episode: 358, total reward: 4368503.0
each agent reward: 4368503.0
Episode 359 return: -4730094.0
Episode: 359, total reward: 4369724.5
each agent reward: 4369724.5
Episode 360 return: -4293991.0
Episode: 360, total reward: 4369057.5
each agent reward: 4369057.5
Episode 361 return: -4194806.5
Episode: 361, total reward: 4369974.0
each agent reward: 4369974.0
Episode 362 return: -4330119.5
Episode: 362, total reward: 4368492.0
each agent reward: 4368492.0
Episode 363 return: -4350784.0
Episode: 363, total reward: 4366543.5
each agent reward: 4366543.5
Episode 364 return: -5065126.0
Episode: 364, total reward: 4365502.5
each agent reward: 4365502.5
Episode 365 return: -4129888.75
Episode: 365, total reward: 4364084.5
each agent reward: 4364084.5
Episode 366 return: -4192886.75
Episode: 366, total reward: 4366398.5
each agent reward: 4366398.5
Episode 367 return: -4552905.5
Episode: 367, total reward: 4368834.0
each agent reward: 4368834.0
Episode 368 return: -4950821.0
Episode: 368, total reward: 4368834.0
each agent reward: 4368834.0
Episode 369 return: -4149168.75
Episode: 369, total reward: 4370315.5
each agent reward: 4370315.5
Episode 370 return: -4270464.0
Episode: 370, total reward: 4370315.5
each agent reward: 4370315.5
Episode 371 return: -4635791.0
Episode: 371, total reward: 4375569.5
each agent reward: 4375569.5
Episode 372 return: -4232898.5
Episode: 372, total reward: 4375429.5
each agent reward: 4375429.5
Episode 373 return: -6067765.0
Episode: 373, total reward: 4367528.0
each agent reward: 4367528.0
Episode 374 return: -4779105.5
Episode: 374, total reward: 4365067.5
each agent reward: 4365067.5
Episode 375 return: -4312920.5
Episode: 375, total reward: 4365067.5
each agent reward: 4365067.5
Episode 376 return: -4540362.0
Episode: 376, total reward: 4363096.5
each agent reward: 4363096.5
Episode 377 return: -3859772.25
Episode: 377, total reward: 4333244.5
each agent reward: 4333244.5
Episode 378 return: -4625650.0
Episode: 378, total reward: 4365067.5
each agent reward: 4365067.5
Episode 379 return: -4614646.0
Episode: 379, total reward: 4367528.0
each agent reward: 4367528.0
Episode 380 return: -4472615.5
Episode: 380, total reward: 4368082.5
each agent reward: 4368082.5
Episode 381 return: -4067646.25
Episode: 381, total reward: 4369564.5
each agent reward: 4369564.5
Episode 382 return: -4281188.0
Episode: 382, total reward: 4368082.5
each agent reward: 4368082.5
Episode 383 return: -4321024.0
Episode: 383, total reward: 4367161.0
each agent reward: 4367161.0
Episode 384 return: -4973980.0
Episode: 384, total reward: 4367161.0
each agent reward: 4367161.0
Episode 385 return: -4836969.0
Episode: 385, total reward: 4365622.0
each agent reward: 4365622.0
Episode 386 return: -4220276.5
Episode: 386, total reward: 4367161.0
each agent reward: 4367161.0
Episode 387 return: -4178350.75
Episode: 387, total reward: 4367094.5
each agent reward: 4367094.5
Episode 388 return: -4106692.5
Episode: 388, total reward: 4365850.0
each agent reward: 4365850.0
Episode 389 return: -4094229.5
Episode: 389, total reward: 4367094.5
each agent reward: 4367094.5
Episode 390 return: -4999784.0
Episode: 390, total reward: 4366683.5
each agent reward: 4366683.5
Episode 391 return: -4430632.0
Episode: 391, total reward: 4366617.0
each agent reward: 4366617.0
Episode 392 return: -4165389.5
Episode: 392, total reward: 4367094.5
each agent reward: 4367094.5
Episode 393 return: -4119752.75
Episode: 393, total reward: 4364581.0
each agent reward: 4364581.0
Episode 394 return: -4141159.0
Episode: 394, total reward: 4363270.5
each agent reward: 4363270.5
Episode 395 return: -4027964.0
Episode: 395, total reward: 4363336.5
each agent reward: 4363336.5
Episode 396 return: -3990564.75
Episode: 396, total reward: 4363336.5
each agent reward: 4363336.5
Episode 397 return: -5979305.5
Episode: 397, total reward: 4368082.5
each agent reward: 4368082.5
Episode 398 return: -5035976.5
Episode: 398, total reward: 4368014.5
each agent reward: 4368014.5
Episode 399 return: -3892278.25
Episode: 399, total reward: 4369982.0
each agent reward: 4369982.0
Episode 400 return: -3989086.5
Episode: 400, total reward: 4368834.0
each agent reward: 4368834.0
Episode 401 return: -4611404.5
Episode: 401, total reward: 4369399.5
each agent reward: 4369399.5
Episode 402 return: -4430414.5
Episode: 402, total reward: 4368834.0
each agent reward: 4368834.0
Episode 403 return: -4064958.25
Episode: 403, total reward: 4368834.0
each agent reward: 4368834.0
Episode 404 return: -4114830.5
Episode: 404, total reward: 4369399.5
each agent reward: 4369399.5
Episode 405 return: -4715746.0
Episode: 405, total reward: 4369399.5
each agent reward: 4369399.5
Episode 406 return: -4247873.0
Episode: 406, total reward: 4370315.5
each agent reward: 4370315.5
Episode 407 return: -4233661.0
Episode: 407, total reward: 4370315.5
each agent reward: 4370315.5
Episode 408 return: -5359586.0
Episode: 408, total reward: 4370315.5
each agent reward: 4370315.5
Episode 409 return: -4971163.0
Episode: 409, total reward: 4370315.5
each agent reward: 4370315.5
Episode 410 return: -4255815.5
Episode: 410, total reward: 4370315.5
each agent reward: 4370315.5
Episode 411 return: -4236484.0
Episode: 411, total reward: 4370315.5
each agent reward: 4370315.5
Episode 412 return: -4165298.25
Episode: 412, total reward: 4370610.5
each agent reward: 4370610.5
Episode 413 return: -5015270.0
Episode: 413, total reward: 4370392.5
each agent reward: 4370392.5
Episode 414 return: -4173269.75
Episode: 414, total reward: 4370392.5
each agent reward: 4370392.5
Episode 415 return: -4540701.0
Episode: 415, total reward: 4370392.5
each agent reward: 4370392.5
Episode 416 return: -4080009.5
Episode: 416, total reward: 4370392.5
each agent reward: 4370392.5
Episode 417 return: -4392640.0
Episode: 417, total reward: 4370392.5
each agent reward: 4370392.5
Episode 418 return: -4367785.5
Episode: 418, total reward: 4370728.5
each agent reward: 4370728.5
Episode 419 return: -4182073.0
Episode: 419, total reward: 4370392.5
each agent reward: 4370392.5
Episode 420 return: -4030348.75
Episode: 420, total reward: 4370392.5
each agent reward: 4370392.5
Episode 421 return: -4488909.5
Episode: 421, total reward: 4370728.5
each agent reward: 4370728.5
Episode 422 return: -4256686.5
Episode: 422, total reward: 4370728.5
each agent reward: 4370728.5
Episode 423 return: -4206542.5
Episode: 423, total reward: 4370315.5
each agent reward: 4370315.5
Episode 424 return: -4541993.5
Episode: 424, total reward: 4370315.5
each agent reward: 4370315.5
Episode 425 return: -5010375.0
Episode: 425, total reward: 4370496.5
each agent reward: 4370496.5
Episode 426 return: -4174492.5
Episode: 426, total reward: 4370728.5
each agent reward: 4370728.5
Episode 427 return: -5028508.0
Episode: 427, total reward: 4370617.5
each agent reward: 4370617.5
Episode 428 return: -4227733.5
Episode: 428, total reward: 4370315.5
each agent reward: 4370315.5
Episode 429 return: -4993495.0
Episode: 429, total reward: 4370315.5
each agent reward: 4370315.5
Episode 430 return: -5030570.5
Episode: 430, total reward: 4372928.5
each agent reward: 4372928.5
Episode 431 return: -4163576.75
Episode: 431, total reward: 4372928.5
each agent reward: 4372928.5
Episode 432 return: -4176105.75
Episode: 432, total reward: 4372928.5
each agent reward: 4372928.5
Episode 433 return: -4212746.0
Episode: 433, total reward: 4372928.5
each agent reward: 4372928.5
Episode 434 return: -4491659.0
Episode: 434, total reward: 4370315.5
each agent reward: 4370315.5
Episode 435 return: -4220932.5
Episode: 435, total reward: 4370315.5
each agent reward: 4370315.5
Episode 436 return: -3795714.5
Episode: 436, total reward: 4370315.5
each agent reward: 4370315.5
Episode 437 return: -4415105.5
Episode: 437, total reward: 4370315.5
each agent reward: 4370315.5
Episode 438 return: -4510524.0
Episode: 438, total reward: 4370315.5
each agent reward: 4370315.5
Episode 439 return: -4172259.25
Episode: 439, total reward: 4370315.5
each agent reward: 4370315.5
Episode 440 return: -4828711.0
Episode: 440, total reward: 4370610.5
each agent reward: 4370610.5
Episode 441 return: -4096320.75
Episode: 441, total reward: 4370610.5
each agent reward: 4370610.5
Episode 442 return: -3960335.75
Episode: 442, total reward: 4370610.5
each agent reward: 4370610.5
Episode 443 return: -4166519.75
Episode: 443, total reward: 4370610.5
each agent reward: 4370610.5
Episode 444 return: -5004419.5
Episode: 444, total reward: 4370496.5
each agent reward: 4370496.5
Episode 445 return: -4189943.25
Episode: 445, total reward: 4373119.5
each agent reward: 4373119.5
Episode 446 return: -4949520.0
Episode: 446, total reward: 4373797.5
each agent reward: 4373797.5
Episode 447 return: -5542208.0
Episode: 447, total reward: 4374562.5
each agent reward: 4374562.5
Episode 448 return: -4412353.0
Episode: 448, total reward: 4375379.5
each agent reward: 4375379.5
Episode 449 return: -4882601.5
Episode: 449, total reward: 4373797.5
each agent reward: 4373797.5
Episode 450 return: -3995679.5
Episode: 450, total reward: 4373797.5
each agent reward: 4373797.5
Episode 451 return: -4071356.5
Episode: 451, total reward: 4370315.5
each agent reward: 4370315.5
Episode 452 return: -4197485.0
Episode: 452, total reward: 4370315.5
each agent reward: 4370315.5
Episode 453 return: -4272682.5
Episode: 453, total reward: 4370400.5
each agent reward: 4370400.5
Episode 454 return: -5169126.0
Episode: 454, total reward: 4370315.5
each agent reward: 4370315.5
Episode 455 return: -4099207.25
Episode: 455, total reward: 4370315.5
each agent reward: 4370315.5
Episode 456 return: -4551274.5
Episode: 456, total reward: 4370315.5
each agent reward: 4370315.5
Episode 457 return: -4723245.0
Episode: 457, total reward: 4370315.5
each agent reward: 4370315.5
Episode 458 return: -4118041.0
Episode: 458, total reward: 4370315.5
each agent reward: 4370315.5
Episode 459 return: -5085775.5
Episode: 459, total reward: 4370315.5
each agent reward: 4370315.5
Episode 460 return: -4259950.0
Episode: 460, total reward: 4370315.5
each agent reward: 4370315.5
Episode 461 return: -4881558.5
Episode: 461, total reward: 4370315.5
each agent reward: 4370315.5
Episode 462 return: -4675232.5
Episode: 462, total reward: 4370315.5
each agent reward: 4370315.5
Episode 463 return: -4574202.0
Episode: 463, total reward: 4370315.5
each agent reward: 4370315.5
Episode 464 return: -5052158.0
Episode: 464, total reward: 4372420.5
each agent reward: 4372420.5
Episode 465 return: -5239335.0
Episode: 465, total reward: 4372928.5
each agent reward: 4372928.5
Episode 466 return: -4089013.5
Episode: 466, total reward: 4372928.5
each agent reward: 4372928.5
Episode 467 return: -4046896.5
Episode: 467, total reward: 4373797.5
each agent reward: 4373797.5
Episode 468 return: -4278038.5
Episode: 468, total reward: 4373797.5
each agent reward: 4373797.5
Episode 469 return: -4388090.0
Episode: 469, total reward: 4373797.5
each agent reward: 4373797.5
Episode 470 return: -4730803.5
Episode: 470, total reward: 4373797.5
each agent reward: 4373797.5
Episode 471 return: -4372543.5
Episode: 471, total reward: 4370315.5
each agent reward: 4370315.5
Episode 472 return: -4449342.0
Episode: 472, total reward: 4370315.5
each agent reward: 4370315.5
Episode 473 return: -4256039.5
Episode: 473, total reward: 4370315.5
each agent reward: 4370315.5
Episode 474 return: -4202017.5
Episode: 474, total reward: 4370315.5
each agent reward: 4370315.5
Episode 475 return: -4055952.75
Episode: 475, total reward: 4370315.5
each agent reward: 4370315.5
Episode 476 return: -4610272.0
Episode: 476, total reward: 4370315.5
each agent reward: 4370315.5
Episode 477 return: -4281164.0
Episode: 477, total reward: 4370315.5
each agent reward: 4370315.5
Episode 478 return: -4472898.0
Episode: 478, total reward: 4370315.5
each agent reward: 4370315.5
Episode 479 return: -4322315.0
Episode: 479, total reward: 4373797.5
each agent reward: 4373797.5
Episode 480 return: -4258296.5
Episode: 480, total reward: 4374614.5
each agent reward: 4374614.5
Episode 481 return: -4205009.5
Episode: 481, total reward: 4374614.5
each agent reward: 4374614.5
Episode 482 return: -4338091.0
Episode: 482, total reward: 4374614.5
each agent reward: 4374614.5
Episode 483 return: -4245534.5
Episode: 483, total reward: 4374614.5
each agent reward: 4374614.5
Episode 484 return: -4110065.25
Episode: 484, total reward: 4373797.5
each agent reward: 4373797.5
Episode 485 return: -3965511.75
Episode: 485, total reward: 4373797.5
each agent reward: 4373797.5
Episode 486 return: -4101669.0
Episode: 486, total reward: 4373797.5
each agent reward: 4373797.5
Episode 487 return: -4988519.0
Episode: 487, total reward: 4374614.5
each agent reward: 4374614.5
Episode 488 return: -5111737.0
Episode: 488, total reward: 4370315.5
each agent reward: 4370315.5
Episode 489 return: -4203596.5
Episode: 489, total reward: 4370315.5
each agent reward: 4370315.5
Episode 490 return: -4229002.0
Episode: 490, total reward: 4370315.5
each agent reward: 4370315.5
Episode 491 return: -4009769.5
Episode: 491, total reward: 4370315.5
each agent reward: 4370315.5
Episode 492 return: -4010028.5
Episode: 492, total reward: 4370315.5
each agent reward: 4370315.5
Episode 493 return: -4409230.5
Episode: 493, total reward: 4370315.5
each agent reward: 4370315.5
Episode 494 return: -4354913.0
Episode: 494, total reward: 4370315.5
each agent reward: 4370315.5
Episode 495 return: -4240105.5
Episode: 495, total reward: 4370315.5
each agent reward: 4370315.5
Episode 496 return: -5272353.0
Episode: 496, total reward: 4370315.5
each agent reward: 4370315.5
Episode 497 return: -5029872.5
Episode: 497, total reward: 4370315.5
each agent reward: 4370315.5
Episode 498 return: -4914270.0
Episode: 498, total reward: 4373797.5
each agent reward: 4373797.5
Episode 499 return: -4246320.5
Episode: 499, total reward: 4374614.5
each agent reward: 4374614.5
Episode 500 return: -4769677.5
Episode: 500, total reward: 4374614.5
each agent reward: 4374614.5
Episode 501 return: -4238156.5
Episode: 501, total reward: 4374614.5
each agent reward: 4374614.5
Episode 502 return: -4259330.5
Episode: 502, total reward: 4373797.5
each agent reward: 4373797.5
Episode 503 return: -3963547.25
Episode: 503, total reward: 4370315.5
each agent reward: 4370315.5
Episode 504 return: -4493903.5
Episode: 504, total reward: 4370315.5
each agent reward: 4370315.5
Episode 505 return: -4147460.25
Episode: 505, total reward: 4370315.5
each agent reward: 4370315.5
Episode 506 return: -4130135.25
Episode: 506, total reward: 4371361.5
each agent reward: 4371361.5
Episode 507 return: -4302464.5
Episode: 507, total reward: 4371361.5
each agent reward: 4371361.5
Episode 508 return: -4080792.5
Episode: 508, total reward: 4371361.5
each agent reward: 4371361.5
Episode 509 return: -4610455.5
Episode: 509, total reward: 4370315.5
each agent reward: 4370315.5
Episode 510 return: -4113133.5
Episode: 510, total reward: 4370315.5
each agent reward: 4370315.5
Episode 511 return: -4746791.0
Episode: 511, total reward: 4370315.5
each agent reward: 4370315.5
Episode 512 return: -4412100.0
Episode: 512, total reward: 4373797.5
each agent reward: 4373797.5
Episode 513 return: -4135511.5
Episode: 513, total reward: 4373797.5
each agent reward: 4373797.5
Episode 514 return: -5042624.0
Episode: 514, total reward: 4374614.5
each agent reward: 4374614.5
Episode 515 return: -4208747.5
Episode: 515, total reward: 4374614.5
each agent reward: 4374614.5
Episode 516 return: -4072701.0
Episode: 516, total reward: 4374614.5
each agent reward: 4374614.5
Episode 517 return: -4169424.0
Episode: 517, total reward: 4374614.5
each agent reward: 4374614.5
Episode 518 return: -4038687.25
Episode: 518, total reward: 4375379.5
each agent reward: 4375379.5
Episode 519 return: -4451227.5
Episode: 519, total reward: 4374614.5
each agent reward: 4374614.5
Episode 520 return: -5138204.0
Episode: 520, total reward: 4374247.0
each agent reward: 4374247.0
Episode 521 return: -4183992.5
Episode: 521, total reward: 4374614.5
each agent reward: 4374614.5
Episode 522 return: -5144232.0
Episode: 522, total reward: 4370419.5
each agent reward: 4370419.5
Episode 523 return: -4373420.0
Episode: 523, total reward: 4369948.0
each agent reward: 4369948.0
Episode 524 return: -4111449.0
Episode: 524, total reward: 4372922.0
each agent reward: 4372922.0
Episode 525 return: -4255110.5
Episode: 525, total reward: 4373430.0
each agent reward: 4373430.0
Episode 526 return: -4099609.5
Episode: 526, total reward: 4370052.0
each agent reward: 4370052.0
Episode 527 return: -5004217.0
Episode: 527, total reward: 4370052.0
each agent reward: 4370052.0
Episode 528 return: -5878147.0
Episode: 528, total reward: 4369455.0
each agent reward: 4369455.0
Episode 529 return: -4105718.0
Episode: 529, total reward: 4369455.0
each agent reward: 4369455.0
Episode 530 return: -4434871.0
Episode: 530, total reward: 4369455.0
each agent reward: 4369455.0
Episode 531 return: -4291437.5
Episode: 531, total reward: 4369455.0
each agent reward: 4369455.0
Episode 532 return: -4901244.0
Episode: 532, total reward: 4369455.0
each agent reward: 4369455.0
Episode 533 return: -4094123.0
Episode: 533, total reward: 4369455.0
each agent reward: 4369455.0
Episode 534 return: -4205839.0
Episode: 534, total reward: 4369455.0
each agent reward: 4369455.0
Episode 535 return: -4155230.0
Episode: 535, total reward: 4369455.0
each agent reward: 4369455.0
Episode 536 return: -4169084.5
Episode: 536, total reward: 4369455.0
each agent reward: 4369455.0
Episode 537 return: -4172953.5
Episode: 537, total reward: 4369455.0
each agent reward: 4369455.0
Episode 538 return: -4055465.5
Episode: 538, total reward: 4369455.0
each agent reward: 4369455.0
Episode 539 return: -4227634.0
Episode: 539, total reward: 4373696.0
each agent reward: 4373696.0
Episode 540 return: -4910052.0
Episode: 540, total reward: 4373696.0
each agent reward: 4373696.0
Episode 541 return: -4169764.25
Episode: 541, total reward: 4373696.0
each agent reward: 4373696.0
Episode 542 return: -4466076.5
Episode: 542, total reward: 4373696.0
each agent reward: 4373696.0
Episode 543 return: -4240110.0
Episode: 543, total reward: 4372050.0
each agent reward: 4372050.0
Episode 544 return: -4205602.5
Episode: 544, total reward: 4370484.0
each agent reward: 4370484.0
Episode 545 return: -4158867.75
Episode: 545, total reward: 4371381.0
each agent reward: 4371381.0
Episode 546 return: -4610751.5
Episode: 546, total reward: 4371381.0
each agent reward: 4371381.0
Episode 547 return: -4401981.0
Episode: 547, total reward: 4372811.0
each agent reward: 4372811.0
Episode 548 return: -4371270.0
Episode: 548, total reward: 4372811.0
each agent reward: 4372811.0
Episode 549 return: -4298038.0
Episode: 549, total reward: 4369455.0
each agent reward: 4369455.0
Episode 550 return: -4403837.0
Episode: 550, total reward: 4369455.0
each agent reward: 4369455.0
Episode 551 return: -4774259.0
Episode: 551, total reward: 4369455.0
each agent reward: 4369455.0
Episode 552 return: -4502500.5
Episode: 552, total reward: 4369455.0
each agent reward: 4369455.0
Episode 553 return: -3903824.5
Episode: 553, total reward: 4369455.0
each agent reward: 4369455.0
Episode 554 return: -4393685.5
Episode: 554, total reward: 4369455.0
each agent reward: 4369455.0
Episode 555 return: -4199610.5
Episode: 555, total reward: 4369455.0
each agent reward: 4369455.0
Episode 556 return: -4375659.0
Episode: 556, total reward: 4369455.0
each agent reward: 4369455.0
Episode 557 return: -4220802.0
Episode: 557, total reward: 4369455.0
each agent reward: 4369455.0
Episode 558 return: -4268856.0
Episode: 558, total reward: 4369455.0
each agent reward: 4369455.0
Episode 559 return: -4098724.25
Episode: 559, total reward: 4369455.0
each agent reward: 4369455.0
Episode 560 return: -4280207.5
Episode: 560, total reward: 4369455.0
each agent reward: 4369455.0
Episode 561 return: -4948042.0
Episode: 561, total reward: 4369455.0
each agent reward: 4369455.0
Episode 562 return: -4366415.0
Episode: 562, total reward: 4369455.0
each agent reward: 4369455.0
Episode 563 return: -4317295.0
Episode: 563, total reward: 4369455.0
each agent reward: 4369455.0
Episode 564 return: -4067866.25
Episode: 564, total reward: 4369455.0
each agent reward: 4369455.0
Episode 565 return: -4985464.0
Episode: 565, total reward: 4369455.0
each agent reward: 4369455.0
Episode 566 return: -4604880.0
Episode: 566, total reward: 4371381.0
each agent reward: 4371381.0
Episode 567 return: -5258048.5
Episode: 567, total reward: 4369455.0
each agent reward: 4369455.0
Episode 568 return: -4065046.25
Episode: 568, total reward: 4369455.0
each agent reward: 4369455.0
Episode 569 return: -4192604.0
Episode: 569, total reward: 4369455.0
each agent reward: 4369455.0
Episode 570 return: -4213474.0
Episode: 570, total reward: 4369455.0
each agent reward: 4369455.0
Episode 571 return: -4475857.0
Episode: 571, total reward: 4369455.0
each agent reward: 4369455.0
Episode 572 return: -4087231.75
Episode: 572, total reward: 4369455.0
each agent reward: 4369455.0
Episode 573 return: -4092790.25
Episode: 573, total reward: 4369455.0
each agent reward: 4369455.0
Episode 574 return: -4189442.5
Episode: 574, total reward: 4369455.0
each agent reward: 4369455.0
Episode 575 return: -4221730.5
Episode: 575, total reward: 4369455.0
each agent reward: 4369455.0
Episode 576 return: -4379363.0
Episode: 576, total reward: 4369455.0
each agent reward: 4369455.0
Episode 577 return: -5445198.0
Episode: 577, total reward: 4369455.0
each agent reward: 4369455.0
Episode 578 return: -4241863.0
Episode: 578, total reward: 4369455.0
each agent reward: 4369455.0
Episode 579 return: -4889046.5
Episode: 579, total reward: 4369455.0
each agent reward: 4369455.0
Episode 580 return: -4171109.75
Episode: 580, total reward: 4369455.0
each agent reward: 4369455.0
Episode 581 return: -4510947.0
Episode: 581, total reward: 4369455.0
each agent reward: 4369455.0
Episode 582 return: -4487442.0
Episode: 582, total reward: 4371381.0
each agent reward: 4371381.0
Episode 583 return: -4477030.0
Episode: 583, total reward: 4372142.0
each agent reward: 4372142.0
Episode 584 return: -5088349.0
Episode: 584, total reward: 4372811.0
each agent reward: 4372811.0
Episode 585 return: -4455302.5
Episode: 585, total reward: 4372142.0
each agent reward: 4372142.0
Episode 586 return: -4739612.0
Episode: 586, total reward: 4372142.0
each agent reward: 4372142.0
Episode 587 return: -5058846.5
Episode: 587, total reward: 4369455.0
each agent reward: 4369455.0
Episode 588 return: -4389115.5
Episode: 588, total reward: 4369455.0
each agent reward: 4369455.0
Episode 589 return: -3968854.0
Episode: 589, total reward: 4369455.0
each agent reward: 4369455.0
Episode 590 return: -4603244.5
Episode: 590, total reward: 4369455.0
each agent reward: 4369455.0
Episode 591 return: -4283010.0
Episode: 591, total reward: 4369455.0
each agent reward: 4369455.0
Episode 592 return: -4164167.0
Episode: 592, total reward: 4369455.0
each agent reward: 4369455.0
Episode 593 return: -5087167.0
Episode: 593, total reward: 4369455.0
each agent reward: 4369455.0
Episode 594 return: -4292426.5
Episode: 594, total reward: 4370512.0
each agent reward: 4370512.0
Episode 595 return: -4200990.0
Episode: 595, total reward: 4369455.0
each agent reward: 4369455.0
Episode 596 return: -4252890.5
Episode: 596, total reward: 4369455.0
each agent reward: 4369455.0
Episode 597 return: -4334969.0
Episode: 597, total reward: 4369455.0
each agent reward: 4369455.0
Episode 598 return: -4505877.5
Episode: 598, total reward: 4369455.0
each agent reward: 4369455.0
Episode 599 return: -4438032.5
Episode: 599, total reward: 4369455.0
each agent reward: 4369455.0
Episode 600 return: -4320845.5
Episode: 600, total reward: 4372142.0
each agent reward: 4372142.0
Episode 601 return: -5134270.5
Episode: 601, total reward: 4373696.0
each agent reward: 4373696.0
Episode 602 return: -4389269.5
Episode: 602, total reward: 4373696.0
each agent reward: 4373696.0
Episode 603 return: -4298600.5
Episode: 603, total reward: 4373696.0
each agent reward: 4373696.0
Episode 604 return: -4068071.5
Episode: 604, total reward: 4373696.0
each agent reward: 4373696.0
Episode 605 return: -4426625.0
Episode: 605, total reward: 4374515.0
each agent reward: 4374515.0
Episode 606 return: -4435796.0
Episode: 606, total reward: 4373696.0
each agent reward: 4373696.0
Episode 607 return: -4491610.0
Episode: 607, total reward: 4372811.0
each agent reward: 4372811.0
Episode 608 return: -4059180.25
Episode: 608, total reward: 4373696.0
each agent reward: 4373696.0
Episode 609 return: -4311192.5
Episode: 609, total reward: 4373696.0
each agent reward: 4373696.0
Episode 610 return: -4464889.5
Episode: 610, total reward: 4373696.0
each agent reward: 4373696.0
Episode 611 return: -4196999.0
Episode: 611, total reward: 4373696.0
each agent reward: 4373696.0
Episode 612 return: -4299516.0
Episode: 612, total reward: 4373696.0
each agent reward: 4373696.0
Episode 613 return: -4279265.0
Episode: 613, total reward: 4373696.0
each agent reward: 4373696.0
Episode 614 return: -4346229.0
Episode: 614, total reward: 4372142.0
each agent reward: 4372142.0
Episode 615 return: -4257207.5
Episode: 615, total reward: 4372142.0
each agent reward: 4372142.0
Episode 616 return: -4180372.5
Episode: 616, total reward: 4372142.0
each agent reward: 4372142.0
Episode 617 return: -4052717.5
Episode: 617, total reward: 4372811.0
each agent reward: 4372811.0
Episode 618 return: -4084323.25
Episode: 618, total reward: 4373696.0
each agent reward: 4373696.0
Episode 619 return: -4628428.5
Episode: 619, total reward: 4375531.5
each agent reward: 4375531.5
Episode 620 return: -5138549.0
Episode: 620, total reward: 4375531.5
each agent reward: 4375531.5
Episode 621 return: -4991906.5
Episode: 621, total reward: 4374712.5
each agent reward: 4374712.5
Episode 622 return: -4426162.0
Episode: 622, total reward: 4373696.0
each agent reward: 4373696.0
Episode 623 return: -3995123.5
Episode: 623, total reward: 4373696.0
each agent reward: 4373696.0
Episode 624 return: -4289542.5
Episode: 624, total reward: 4373696.0
each agent reward: 4373696.0
Episode 625 return: -3928411.5
Episode: 625, total reward: 4373696.0
each agent reward: 4373696.0
Episode 626 return: -5226851.5
Episode: 626, total reward: 4373696.0
each agent reward: 4373696.0
Episode 627 return: -4042397.75
Episode: 627, total reward: 4374515.0
each agent reward: 4374515.0
Episode 628 return: -4206527.5
Episode: 628, total reward: 4374515.0
each agent reward: 4374515.0
Episode 629 return: -5129003.0
Episode: 629, total reward: 4375531.5
each agent reward: 4375531.5
Episode 630 return: -4326546.0
Episode: 630, total reward: 4375531.5
each agent reward: 4375531.5
Episode 631 return: -4987644.5
Episode: 631, total reward: 4374515.0
each agent reward: 4374515.0
Episode 632 return: -5417475.5
Episode: 632, total reward: 4373696.0
each agent reward: 4373696.0
Episode 633 return: -4407802.5
Episode: 633, total reward: 4373696.0
each agent reward: 4373696.0
Episode 634 return: -4121335.75
Episode: 634, total reward: 4373696.0
each agent reward: 4373696.0
Episode 635 return: -4113791.75
Episode: 635, total reward: 4373696.0
each agent reward: 4373696.0
Episode 636 return: -4374718.5
Episode: 636, total reward: 4373696.0
each agent reward: 4373696.0
Episode 637 return: -4289670.0
Episode: 637, total reward: 4373696.0
each agent reward: 4373696.0
Episode 638 return: -4258461.0
Episode: 638, total reward: 4373696.0
each agent reward: 4373696.0
Episode 639 return: -4555210.0
Episode: 639, total reward: 4373696.0
each agent reward: 4373696.0
Episode 640 return: -3985898.5
Episode: 640, total reward: 4373696.0
each agent reward: 4373696.0
Episode 641 return: -5146858.0
Episode: 641, total reward: 4373696.0
each agent reward: 4373696.0
Episode 642 return: -4327515.5
Episode: 642, total reward: 4374515.0
each agent reward: 4374515.0
Episode 643 return: -5044565.0
Episode: 643, total reward: 4374515.0
each agent reward: 4374515.0
Episode 644 return: -5110824.5
Episode: 644, total reward: 4373696.0
each agent reward: 4373696.0
Episode 645 return: -4391298.5
Episode: 645, total reward: 4373696.0
each agent reward: 4373696.0
Episode 646 return: -4417621.0
Episode: 646, total reward: 4373696.0
each agent reward: 4373696.0
Episode 647 return: -4156475.0
Episode: 647, total reward: 4373696.0
each agent reward: 4373696.0
Episode 648 return: -4313441.0
Episode: 648, total reward: 4375531.5
each agent reward: 4375531.5
Episode 649 return: -4228748.5
Episode: 649, total reward: 4375531.5
each agent reward: 4375531.5
Episode 650 return: -4078557.0
Episode: 650, total reward: 4375531.5
each agent reward: 4375531.5
Episode 651 return: -4986935.5
Episode: 651, total reward: 4375531.5
each agent reward: 4375531.5
Episode 652 return: -3818543.25
Episode: 652, total reward: 4373696.0
each agent reward: 4373696.0
Episode 653 return: -4440589.5
Episode: 653, total reward: 4374515.0
each agent reward: 4374515.0
Episode 654 return: -4054039.0
Episode: 654, total reward: 4374515.0
each agent reward: 4374515.0
Episode 655 return: -4530224.0
Episode: 655, total reward: 4373696.0
each agent reward: 4373696.0
Episode 656 return: -4082062.0
Episode: 656, total reward: 4373696.0
each agent reward: 4373696.0
Episode 657 return: -4138038.75
Episode: 657, total reward: 4373696.0
each agent reward: 4373696.0
Episode 658 return: -4358311.0
Episode: 658, total reward: 4375531.5
each agent reward: 4375531.5
Episode 659 return: -4571057.0
Episode: 659, total reward: 4375531.5
each agent reward: 4375531.5
Episode 660 return: -4396148.5
Episode: 660, total reward: 4375531.5
each agent reward: 4375531.5
Episode 661 return: -4316412.0
Episode: 661, total reward: 4375531.5
each agent reward: 4375531.5
Episode 662 return: -4016976.25
Episode: 662, total reward: 4375531.5
each agent reward: 4375531.5
Episode 663 return: -4155560.75
Episode: 663, total reward: 4375531.5
each agent reward: 4375531.5
Episode 664 return: -4130527.5
Episode: 664, total reward: 4375531.5
each agent reward: 4375531.5
Episode 665 return: -4176606.25
Episode: 665, total reward: 4375531.5
each agent reward: 4375531.5
Episode 666 return: -4343459.0
Episode: 666, total reward: 4375531.5
each agent reward: 4375531.5
Episode 667 return: -4452201.5
Episode: 667, total reward: 4375531.5
each agent reward: 4375531.5
Episode 668 return: -4235922.5
Episode: 668, total reward: 4375531.5
each agent reward: 4375531.5
Episode 669 return: -4023159.0
Episode: 669, total reward: 4375531.5
each agent reward: 4375531.5
Episode 670 return: -4066767.0
Episode: 670, total reward: 4375531.5
each agent reward: 4375531.5
Episode 671 return: -4785416.0
Episode: 671, total reward: 4375531.5
each agent reward: 4375531.5
Episode 672 return: -5327336.5
Episode: 672, total reward: 4375531.5
each agent reward: 4375531.5
Episode 673 return: -4659371.0
Episode: 673, total reward: 4375531.5
each agent reward: 4375531.5
Episode 674 return: -4084016.75
Episode: 674, total reward: 4373696.0
each agent reward: 4373696.0
Episode 675 return: -4310031.0
Episode: 675, total reward: 4373696.0
each agent reward: 4373696.0
Episode 676 return: -5060725.5
Episode: 676, total reward: 4372811.0
each agent reward: 4372811.0
Episode 677 return: -4345341.5
Episode: 677, total reward: 4372142.0
each agent reward: 4372142.0
Episode 678 return: -5064815.0
Episode: 678, total reward: 4372811.0
each agent reward: 4372811.0
Episode 679 return: -4335925.5
Episode: 679, total reward: 4373696.0
each agent reward: 4373696.0
Episode 680 return: -4125730.0
Episode: 680, total reward: 4373696.0
each agent reward: 4373696.0
Episode 681 return: -4396934.5
Episode: 681, total reward: 4373696.0
each agent reward: 4373696.0
Episode 682 return: -4046695.5
Episode: 682, total reward: 4373696.0
each agent reward: 4373696.0
Episode 683 return: -4364407.5
Episode: 683, total reward: 4372142.0
each agent reward: 4372142.0
Episode 684 return: -5682971.0
Episode: 684, total reward: 4372142.0
each agent reward: 4372142.0
Episode 685 return: -5693890.5
Episode: 685, total reward: 4372142.0
each agent reward: 4372142.0
Episode 686 return: -4043288.25
Episode: 686, total reward: 4372811.0
each agent reward: 4372811.0
Episode 687 return: -4379790.5
Episode: 687, total reward: 4373696.0
each agent reward: 4373696.0
Episode 688 return: -4137250.0
Episode: 688, total reward: 4375531.5
each agent reward: 4375531.5
Episode 689 return: -5018951.5
Episode: 689, total reward: 4375531.5
each agent reward: 4375531.5
Episode 690 return: -4087019.25
Episode: 690, total reward: 4375531.5
each agent reward: 4375531.5
Episode 691 return: -4277199.0
Episode: 691, total reward: 4375531.5
each agent reward: 4375531.5
Episode 692 return: -4293426.5
Episode: 692, total reward: 4373696.0
each agent reward: 4373696.0
Episode 693 return: -4161310.0
Episode: 693, total reward: 4373696.0
each agent reward: 4373696.0
Episode 694 return: -4065228.75
Episode: 694, total reward: 4375531.5
each agent reward: 4375531.5
Episode 695 return: -4477298.0
Episode: 695, total reward: 4375531.5
each agent reward: 4375531.5
Episode 696 return: -4114381.25
Episode: 696, total reward: 4375531.5
each agent reward: 4375531.5
Episode 697 return: -4252071.0
Episode: 697, total reward: 4373696.0
each agent reward: 4373696.0
Episode 698 return: -4063538.0
Episode: 698, total reward: 4375531.5
each agent reward: 4375531.5
Episode 699 return: -4181723.0
Episode: 699, total reward: 4375531.5
each agent reward: 4375531.5
Episode 700 return: -4652439.0
Episode: 700, total reward: 4375531.5
each agent reward: 4375531.5
Episode 701 return: -5023929.5
Episode: 701, total reward: 4375531.5
each agent reward: 4375531.5
Episode 702 return: -4337451.5
Episode: 702, total reward: 4375531.5
each agent reward: 4375531.5
Episode 703 return: -3930408.25
Episode: 703, total reward: 4375531.5
each agent reward: 4375531.5
Episode 704 return: -4557431.5
Episode: 704, total reward: 4375531.5
each agent reward: 4375531.5
Episode 705 return: -4212323.5
Episode: 705, total reward: 4375531.5
each agent reward: 4375531.5
Episode 706 return: -4232502.5
Episode: 706, total reward: 4375531.5
each agent reward: 4375531.5
Episode 707 return: -4258994.5
Episode: 707, total reward: 4375531.5
each agent reward: 4375531.5
Episode 708 return: -4243748.5
Episode: 708, total reward: 4375531.5
each agent reward: 4375531.5
Episode 709 return: -4054273.5
Episode: 709, total reward: 4375531.5
each agent reward: 4375531.5
Episode 710 return: -4359557.0
Episode: 710, total reward: 4375531.5
each agent reward: 4375531.5
Episode 711 return: -4097178.75
Episode: 711, total reward: 4375531.5
each agent reward: 4375531.5
Episode 712 return: -4270834.5
Episode: 712, total reward: 4375531.5
each agent reward: 4375531.5
Episode 713 return: -4248365.0
Episode: 713, total reward: 4375531.5
each agent reward: 4375531.5
Episode 714 return: -5057028.0
Episode: 714, total reward: 4375531.5
each agent reward: 4375531.5
Episode 715 return: -4603163.0
Episode: 715, total reward: 4375531.5
each agent reward: 4375531.5
Episode 716 return: -4711058.0
Episode: 716, total reward: 4375531.5
each agent reward: 4375531.5
Episode 717 return: -4099902.0
Episode: 717, total reward: 4374515.0
each agent reward: 4374515.0
Episode 718 return: -4211778.5
Episode: 718, total reward: 4375531.5
each agent reward: 4375531.5
Episode 719 return: -4208500.0
Episode: 719, total reward: 4375531.5
each agent reward: 4375531.5
Episode 720 return: -4288906.0
Episode: 720, total reward: 4375531.5
each agent reward: 4375531.5
Episode 721 return: -4208145.0
Episode: 721, total reward: 4375531.5
each agent reward: 4375531.5
Episode 722 return: -4220690.5
Episode: 722, total reward: 4373696.0
each agent reward: 4373696.0
Episode 723 return: -4304279.0
Episode: 723, total reward: 4373696.0
each agent reward: 4373696.0
Episode 724 return: -4311818.0
Episode: 724, total reward: 4373696.0
each agent reward: 4373696.0
Episode 725 return: -5275216.5
Episode: 725, total reward: 4373696.0
each agent reward: 4373696.0
Episode 726 return: -4254901.0
Episode: 726, total reward: 4373696.0
each agent reward: 4373696.0
Episode 727 return: -5216117.5
Episode: 727, total reward: 4373696.0
each agent reward: 4373696.0
Episode 728 return: -4094083.5
Episode: 728, total reward: 4373696.0
each agent reward: 4373696.0
Episode 729 return: -4242813.5
Episode: 729, total reward: 4373696.0
each agent reward: 4373696.0
Episode 730 return: -4372907.5
Episode: 730, total reward: 4375531.5
each agent reward: 4375531.5
Episode 731 return: -5157214.5
Episode: 731, total reward: 4375531.5
each agent reward: 4375531.5
Episode 732 return: -4215314.5
Episode: 732, total reward: 4375531.5
each agent reward: 4375531.5
Episode 733 return: -4738763.5
Episode: 733, total reward: 4375531.5
each agent reward: 4375531.5
Episode 734 return: -4147557.25
Episode: 734, total reward: 4375531.5
each agent reward: 4375531.5
Episode 735 return: -4337505.0
Episode: 735, total reward: 4375531.5
each agent reward: 4375531.5
Episode 736 return: -4178249.5
Episode: 736, total reward: 4375531.5
each agent reward: 4375531.5
Episode 737 return: -3938988.75
Episode: 737, total reward: 4375531.5
each agent reward: 4375531.5
Episode 738 return: -4298404.0
Episode: 738, total reward: 4375531.5
each agent reward: 4375531.5
Episode 739 return: -5267478.5
Episode: 739, total reward: 4375531.5
each agent reward: 4375531.5
Episode 740 return: -4700599.5
Episode: 740, total reward: 4374712.5
each agent reward: 4374712.5
Episode 741 return: -5109211.0
Episode: 741, total reward: 4373696.0
each agent reward: 4373696.0
Episode 742 return: -4166799.25
Episode: 742, total reward: 4375531.5
each agent reward: 4375531.5
Episode 743 return: -4614171.0
Episode: 743, total reward: 4375531.5
each agent reward: 4375531.5
Episode 744 return: -4121731.75
Episode: 744, total reward: 4375531.5
each agent reward: 4375531.5
Episode 745 return: -4265565.0
Episode: 745, total reward: 4375531.5
each agent reward: 4375531.5
Episode 746 return: -3964079.0
Episode: 746, total reward: 4375531.5
each agent reward: 4375531.5
Episode 747 return: -4231097.0
Episode: 747, total reward: 4375531.5
each agent reward: 4375531.5
Episode 748 return: -4992331.0
Episode: 748, total reward: 4375531.5
each agent reward: 4375531.5
Episode 749 return: -4527082.0
Episode: 749, total reward: 4375531.5
each agent reward: 4375531.5
Episode 750 return: -4080481.0
Episode: 750, total reward: 4375531.5
each agent reward: 4375531.5
Episode 751 return: -5032848.5
Episode: 751, total reward: 4375531.5
each agent reward: 4375531.5
Episode 752 return: -4356375.0
Episode: 752, total reward: 4375531.5
each agent reward: 4375531.5
Episode 753 return: -4102849.0
Episode: 753, total reward: 4375531.5
each agent reward: 4375531.5
Episode 754 return: -4326633.0
Episode: 754, total reward: 4375531.5
each agent reward: 4375531.5
Episode 755 return: -4328654.0
Episode: 755, total reward: 4375531.5
each agent reward: 4375531.5
Episode 756 return: -4393404.5
Episode: 756, total reward: 4375531.5
each agent reward: 4375531.5
Episode 757 return: -4162802.5
Episode: 757, total reward: 4375531.5
each agent reward: 4375531.5
Episode 758 return: -4056501.0
Episode: 758, total reward: 4375531.5
each agent reward: 4375531.5
Episode 759 return: -4155612.25
Episode: 759, total reward: 4375531.5
each agent reward: 4375531.5
Episode 760 return: -4408806.5
Episode: 760, total reward: 4375531.5
each agent reward: 4375531.5
Episode 761 return: -4887957.5
Episode: 761, total reward: 4375531.5
each agent reward: 4375531.5
Episode 762 return: -4164645.5
Episode: 762, total reward: 4375531.5
each agent reward: 4375531.5
Episode 763 return: -5047811.5
Episode: 763, total reward: 4375531.5
each agent reward: 4375531.5
Episode 764 return: -4291260.0
Episode: 764, total reward: 4375531.5
each agent reward: 4375531.5
Episode 765 return: -5081597.5
Episode: 765, total reward: 4375531.5
each agent reward: 4375531.5
Episode 766 return: -4148812.5
Episode: 766, total reward: 4375531.5
each agent reward: 4375531.5
Episode 767 return: -4229849.5
Episode: 767, total reward: 4375531.5
each agent reward: 4375531.5
Episode 768 return: -4236122.0
Episode: 768, total reward: 4375531.5
each agent reward: 4375531.5
Episode 769 return: -4893220.0
Episode: 769, total reward: 4375531.5
each agent reward: 4375531.5
Episode 770 return: -4199633.5
Episode: 770, total reward: 4375531.5
each agent reward: 4375531.5
Episode 771 return: -4378373.0
Episode: 771, total reward: 4375531.5
each agent reward: 4375531.5
Episode 772 return: -4649277.0
Episode: 772, total reward: 4375531.5
each agent reward: 4375531.5
Episode 773 return: -4113019.5
Episode: 773, total reward: 4375531.5
each agent reward: 4375531.5
Episode 774 return: -6027580.0
Episode: 774, total reward: 4375531.5
each agent reward: 4375531.5
Episode 775 return: -4997741.0
Episode: 775, total reward: 4376462.5
each agent reward: 4376462.5
Episode 776 return: -4362472.5
Episode: 776, total reward: 4376462.5
each agent reward: 4376462.5
Episode 777 return: -4340958.5
Episode: 777, total reward: 4375531.5
each agent reward: 4375531.5
Episode 778 return: -5161035.0
Episode: 778, total reward: 4375531.5
each agent reward: 4375531.5
Episode 779 return: -4257392.0
Episode: 779, total reward: 4375531.5
each agent reward: 4375531.5
Episode 780 return: -4232146.5
Episode: 780, total reward: 4375531.5
each agent reward: 4375531.5
Episode 781 return: -4425738.5
Episode: 781, total reward: 4375531.5
each agent reward: 4375531.5
Episode 782 return: -4418379.0
Episode: 782, total reward: 4376540.5
each agent reward: 4376540.5
Episode 783 return: -4097426.25
Episode: 783, total reward: 4375531.5
each agent reward: 4375531.5
Episode 784 return: -4431778.5
Episode: 784, total reward: 4375531.5
each agent reward: 4375531.5
Episode 785 return: -4284885.5
Episode: 785, total reward: 4375531.5
each agent reward: 4375531.5
Episode 786 return: -5072683.0
Episode: 786, total reward: 4375531.5
each agent reward: 4375531.5
Episode 787 return: -4337383.0
Episode: 787, total reward: 4375531.5
each agent reward: 4375531.5
Episode 788 return: -4934068.5
Episode: 788, total reward: 4376540.5
each agent reward: 4376540.5
Episode 789 return: -4066005.5
Episode: 789, total reward: 4376462.5
each agent reward: 4376462.5
Episode 790 return: -5087532.5
Episode: 790, total reward: 4376462.5
each agent reward: 4376462.5
Episode 791 return: -4396746.5
Episode: 791, total reward: 4376462.5
each agent reward: 4376462.5
Episode 792 return: -4978081.0
Episode: 792, total reward: 4376462.5
each agent reward: 4376462.5
Episode 793 return: -4202541.0
Episode: 793, total reward: 4375531.5
each agent reward: 4375531.5
Episode 794 return: -4136249.25
Episode: 794, total reward: 4375531.5
each agent reward: 4375531.5
Episode 795 return: -4669548.5
Episode: 795, total reward: 4375531.5
each agent reward: 4375531.5
Episode 796 return: -4375148.0
Episode: 796, total reward: 4375531.5
each agent reward: 4375531.5
Episode 797 return: -4385425.0
Episode: 797, total reward: 4375531.5
each agent reward: 4375531.5
Episode 798 return: -4153892.75
Episode: 798, total reward: 4376540.5
each agent reward: 4376540.5
Episode 799 return: -4796651.5
Episode: 799, total reward: 4376329.5
each agent reward: 4376329.5
Episode 800 return: -3798920.0
Episode: 800, total reward: 4376329.5
each agent reward: 4376329.5
Episode 801 return: -4120552.75
Episode: 801, total reward: 4376329.5
each agent reward: 4376329.5
Episode 802 return: -4348684.5
Episode: 802, total reward: 4376329.5
each agent reward: 4376329.5
Episode 803 return: -4017108.75
Episode: 803, total reward: 4376540.5
each agent reward: 4376540.5
Episode 804 return: -4056119.75
Episode: 804, total reward: 4376329.5
each agent reward: 4376329.5
Episode 805 return: -4287085.5
Episode: 805, total reward: 4376186.5
each agent reward: 4376186.5
Episode 806 return: -3948172.5
Episode: 806, total reward: 4376186.5
each agent reward: 4376186.5
Episode 807 return: -4322880.0
Episode: 807, total reward: 4373348.0
each agent reward: 4373348.0
Episode 808 return: -4308223.0
Episode: 808, total reward: 4372308.0
each agent reward: 4372308.0
Episode 809 return: -4210631.5
Episode: 809, total reward: 4376326.0
each agent reward: 4376326.0
Episode 810 return: -4207840.5
Episode: 810, total reward: 4376326.0
each agent reward: 4376326.0
Episode 811 return: -4420470.0
Episode: 811, total reward: 4376326.0
each agent reward: 4376326.0
Episode 812 return: -4306413.0
Episode: 812, total reward: 4371661.0
each agent reward: 4371661.0
Episode 813 return: -4537788.5
Episode: 813, total reward: 4371819.0
each agent reward: 4371819.0
Episode 814 return: -4889229.5
Episode: 814, total reward: 4371819.0
each agent reward: 4371819.0
Episode 815 return: -4145708.5
Episode: 815, total reward: 4371661.0
each agent reward: 4371661.0
Episode 816 return: -4058626.5
Episode: 816, total reward: 4373006.0
each agent reward: 4373006.0
Episode 817 return: -4085839.5
Episode: 817, total reward: 4371661.0
each agent reward: 4371661.0
Episode 818 return: -4222482.5
Episode: 818, total reward: 4369473.0
each agent reward: 4369473.0
Episode 819 return: -4351565.0
Episode: 819, total reward: 4364207.0
each agent reward: 4364207.0
Episode 820 return: -4268963.0
Episode: 820, total reward: 4363414.0
each agent reward: 4363414.0
Episode 821 return: -4052486.75
Episode: 821, total reward: 4364068.0
each agent reward: 4364068.0
Episode 822 return: -4377045.0
Episode: 822, total reward: 4366915.5
each agent reward: 4366915.5
Episode 823 return: -4316046.0
Episode: 823, total reward: 4368938.0
each agent reward: 4368938.0
Episode 824 return: -4130353.75
Episode: 824, total reward: 4367725.5
each agent reward: 4367725.5
Episode 825 return: -4886307.5
Episode: 825, total reward: 4366915.5
each agent reward: 4366915.5
Episode 826 return: -4418372.0
Episode: 826, total reward: 4367705.5
each agent reward: 4367705.5
Episode 827 return: -4138262.25
Episode: 827, total reward: 4370486.5
each agent reward: 4370486.5
Episode 828 return: -4261419.5
Episode: 828, total reward: 4367582.5
each agent reward: 4367582.5
Episode 829 return: -4198237.5
Episode: 829, total reward: 4361969.5
each agent reward: 4361969.5
Episode 830 return: -4090713.75
Episode: 830, total reward: 4361969.5
each agent reward: 4361969.5
Episode 831 return: -4980314.5
Episode: 831, total reward: 4361969.5
each agent reward: 4361969.5
Episode 832 return: -4260913.0
Episode: 832, total reward: 4362109.0
each agent reward: 4362109.0
Episode 833 return: -4773369.5
Episode: 833, total reward: 4362109.0
each agent reward: 4362109.0
Episode 834 return: -5004914.0
Episode: 834, total reward: 4362109.0
each agent reward: 4362109.0
Episode 835 return: -4192564.75
Episode: 835, total reward: 4362109.0
each agent reward: 4362109.0
Episode 836 return: -4156684.5
Episode: 836, total reward: 4362109.0
each agent reward: 4362109.0
Episode 837 return: -4362372.5
Episode: 837, total reward: 4362109.0
each agent reward: 4362109.0
Episode 838 return: -5135452.0
Episode: 838, total reward: 4361969.5
each agent reward: 4361969.5
Episode 839 return: -4923374.5
Episode: 839, total reward: 4361969.5
each agent reward: 4361969.5
Episode 840 return: -4445604.5
Episode: 840, total reward: 4361969.5
each agent reward: 4361969.5
Episode 841 return: -5367025.5
Episode: 841, total reward: 4361811.5
each agent reward: 4361811.5
Episode 842 return: -5357055.5
Episode: 842, total reward: 4361969.5
each agent reward: 4361969.5
Episode 843 return: -4291181.0
Episode: 843, total reward: 4362109.0
each agent reward: 4362109.0
Episode 844 return: -4245948.0
Episode: 844, total reward: 4362109.0
each agent reward: 4362109.0
Episode 845 return: -4268672.5
Episode: 845, total reward: 4362109.0
each agent reward: 4362109.0
Episode 846 return: -4431037.0
Episode: 846, total reward: 4362109.0
each agent reward: 4362109.0
Episode 847 return: -4127564.5
Episode: 847, total reward: 4362109.0
each agent reward: 4362109.0
Episode 848 return: -4647727.0
Episode: 848, total reward: 4362109.0
each agent reward: 4362109.0
Episode 849 return: -5034024.0
Episode: 849, total reward: 4362109.0
each agent reward: 4362109.0
Episode 850 return: -4391389.5
Episode: 850, total reward: 4362109.0
each agent reward: 4362109.0
Episode 851 return: -4084904.75
Episode: 851, total reward: 4362109.0
each agent reward: 4362109.0
Episode 852 return: -4181141.75
Episode: 852, total reward: 4362109.0
each agent reward: 4362109.0
Episode 853 return: -4991930.5
Episode: 853, total reward: 4362109.0
each agent reward: 4362109.0
Episode 854 return: -4389274.5
Episode: 854, total reward: 4362109.0
each agent reward: 4362109.0
Episode 855 return: -5010510.5
Episode: 855, total reward: 4362109.0
each agent reward: 4362109.0
Episode 856 return: -4564021.5
Episode: 856, total reward: 4362109.0
each agent reward: 4362109.0
Episode 857 return: -5024028.5
Episode: 857, total reward: 4362109.0
each agent reward: 4362109.0
Episode 858 return: -4253455.0
Episode: 858, total reward: 4362109.0
each agent reward: 4362109.0
Episode 859 return: -4341807.0
Episode: 859, total reward: 4362109.0
each agent reward: 4362109.0
Episode 860 return: -5341325.5
Episode: 860, total reward: 4362109.0
each agent reward: 4362109.0
Episode 861 return: -4356774.0
Episode: 861, total reward: 4362109.0
each agent reward: 4362109.0
Episode 862 return: -4073783.0
Episode: 862, total reward: 4362109.0
each agent reward: 4362109.0
Episode 863 return: -4781061.0
Episode: 863, total reward: 4362109.0
each agent reward: 4362109.0
Episode 864 return: -3890487.25
Episode: 864, total reward: 4362109.0
each agent reward: 4362109.0
Episode 865 return: -4217336.5
Episode: 865, total reward: 4362109.0
each agent reward: 4362109.0
Episode 866 return: -4203758.5
Episode: 866, total reward: 4362109.0
each agent reward: 4362109.0
Episode 867 return: -4260518.5
Episode: 867, total reward: 4362109.0
each agent reward: 4362109.0
Episode 868 return: -4439857.5
Episode: 868, total reward: 4362109.0
each agent reward: 4362109.0
Episode 869 return: -3943791.0
Episode: 869, total reward: 4362109.0
each agent reward: 4362109.0
Episode 870 return: -4122300.75
Episode: 870, total reward: 4362109.0
each agent reward: 4362109.0
Episode 871 return: -4703592.0
Episode: 871, total reward: 4362109.0
each agent reward: 4362109.0
Episode 872 return: -4569044.0
Episode: 872, total reward: 4362109.0
each agent reward: 4362109.0
Episode 873 return: -5262887.0
Episode: 873, total reward: 4362109.0
each agent reward: 4362109.0
Episode 874 return: -4674201.5
Episode: 874, total reward: 4362109.0
each agent reward: 4362109.0
Episode 875 return: -4149682.25
Episode: 875, total reward: 4362109.0
each agent reward: 4362109.0
Episode 876 return: -4111685.75
Episode: 876, total reward: 4362109.0
each agent reward: 4362109.0
Episode 877 return: -5172216.5
Episode: 877, total reward: 4361811.5
each agent reward: 4361811.5
Episode 878 return: -4912132.0
Episode: 878, total reward: 4361969.5
each agent reward: 4361969.5
Episode 879 return: -4453642.0
Episode: 879, total reward: 4362109.0
each agent reward: 4362109.0
Episode 880 return: -3935982.25
Episode: 880, total reward: 4362109.0
each agent reward: 4362109.0
Episode 881 return: -4515340.5
Episode: 881, total reward: 4362109.0
each agent reward: 4362109.0
Episode 882 return: -4189458.0
Episode: 882, total reward: 4362109.0
each agent reward: 4362109.0
Episode 883 return: -4443123.5
Episode: 883, total reward: 4362109.0
each agent reward: 4362109.0
Episode 884 return: -4735477.5
Episode: 884, total reward: 4362109.0
each agent reward: 4362109.0
Episode 885 return: -4062233.0
Episode: 885, total reward: 4362109.0
each agent reward: 4362109.0
Episode 886 return: -3985072.25
Episode: 886, total reward: 4362109.0
each agent reward: 4362109.0
Episode 887 return: -5785511.0
Episode: 887, total reward: 4362109.0
each agent reward: 4362109.0
Episode 888 return: -4218138.0
Episode: 888, total reward: 4361811.5
each agent reward: 4361811.5
Episode 889 return: -4435916.5
Episode: 889, total reward: 4361969.5
each agent reward: 4361969.5
Episode 890 return: -4209986.5
Episode: 890, total reward: 4361969.5
each agent reward: 4361969.5
Episode 891 return: -4005774.75
Episode: 891, total reward: 4361969.5
each agent reward: 4361969.5
Episode 892 return: -4668122.0
Episode: 892, total reward: 4361969.5
each agent reward: 4361969.5
Episode 893 return: -4392581.5
Episode: 893, total reward: 4361969.5
each agent reward: 4361969.5
Episode 894 return: -4497203.0
Episode: 894, total reward: 4361969.5
each agent reward: 4361969.5
Episode 895 return: -4617953.0
Episode: 895, total reward: 4361811.5
each agent reward: 4361811.5
Episode 896 return: -4255033.5
Episode: 896, total reward: 4361811.5
each agent reward: 4361811.5
Episode 897 return: -3955746.0
Episode: 897, total reward: 4361811.5
each agent reward: 4361811.5
Episode 898 return: -4199093.5
Episode: 898, total reward: 4361811.5
each agent reward: 4361811.5
Episode 899 return: -4289067.0
Episode: 899, total reward: 4361811.5
each agent reward: 4361811.5
Episode 900 return: -5201877.5
Episode: 900, total reward: 4361811.5
each agent reward: 4361811.5
Episode 901 return: -4075855.0
Episode: 901, total reward: 4361811.5
each agent reward: 4361811.5
Episode 902 return: -4836960.0
Episode: 902, total reward: 4361811.5
each agent reward: 4361811.5
Episode 903 return: -3885507.5
Episode: 903, total reward: 4361811.5
each agent reward: 4361811.5
Episode 904 return: -4173755.5
Episode: 904, total reward: 4361811.5
each agent reward: 4361811.5
Episode 905 return: -4405247.0
Episode: 905, total reward: 4361811.5
each agent reward: 4361811.5
Episode 906 return: -5039967.0
Episode: 906, total reward: 4361811.5
each agent reward: 4361811.5
Episode 907 return: -4578888.0
Episode: 907, total reward: 4361811.5
each agent reward: 4361811.5
Episode 908 return: -4194138.0
Episode: 908, total reward: 4361811.5
each agent reward: 4361811.5
Episode 909 return: -3955280.5
Episode: 909, total reward: 4361811.5
each agent reward: 4361811.5
Episode 910 return: -5453370.5
Episode: 910, total reward: 4361811.5
each agent reward: 4361811.5
Episode 911 return: -4077455.25
Episode: 911, total reward: 4361811.5
each agent reward: 4361811.5
Episode 912 return: -4564380.0
Episode: 912, total reward: 4361811.5
each agent reward: 4361811.5
Episode 913 return: -4319478.5
Episode: 913, total reward: 4361811.5
each agent reward: 4361811.5
Episode 914 return: -4077160.5
Episode: 914, total reward: 4361811.5
each agent reward: 4361811.5
Episode 915 return: -4222922.0
Episode: 915, total reward: 4361811.5
each agent reward: 4361811.5
Episode 916 return: -4285585.0
Episode: 916, total reward: 4361047.0
each agent reward: 4361047.0
Episode 917 return: -4026211.0
Episode: 917, total reward: 4361811.5
each agent reward: 4361811.5
Episode 918 return: -4012876.5
Episode: 918, total reward: 4361811.5
each agent reward: 4361811.5
Episode 919 return: -4136694.75
Episode: 919, total reward: 4361811.5
each agent reward: 4361811.5
Episode 920 return: -4162768.75
Episode: 920, total reward: 4361811.5
each agent reward: 4361811.5
Episode 921 return: -3928357.0
Episode: 921, total reward: 4361811.5
each agent reward: 4361811.5
Episode 922 return: -4031897.75
Episode: 922, total reward: 4361811.5
each agent reward: 4361811.5
Episode 923 return: -5099829.0
Episode: 923, total reward: 4361811.5
each agent reward: 4361811.5
Episode 924 return: -4069307.25
Episode: 924, total reward: 4361811.5
each agent reward: 4361811.5
Episode 925 return: -5093200.5
Episode: 925, total reward: 4361811.5
each agent reward: 4361811.5
Episode 926 return: -4218497.0
Episode: 926, total reward: 4361811.5
each agent reward: 4361811.5
Episode 927 return: -4911059.0
Episode: 927, total reward: 4361811.5
each agent reward: 4361811.5
Episode 928 return: -4183924.0
Episode: 928, total reward: 4361811.5
each agent reward: 4361811.5
Episode 929 return: -4081466.5
Episode: 929, total reward: 4361811.5
each agent reward: 4361811.5
Episode 930 return: -4101377.0
Episode: 930, total reward: 4361811.5
each agent reward: 4361811.5
Episode 931 return: -4159512.5
Episode: 931, total reward: 4361811.5
each agent reward: 4361811.5
Episode 932 return: -3950427.75
Episode: 932, total reward: 4361811.5
each agent reward: 4361811.5
Episode 933 return: -4343910.5
Episode: 933, total reward: 4361811.5
each agent reward: 4361811.5
Episode 934 return: -4469738.0
Episode: 934, total reward: 4361811.5
each agent reward: 4361811.5
Episode 935 return: -4329150.5
Episode: 935, total reward: 4361811.5
each agent reward: 4361811.5
Episode 936 return: -4322518.0
Episode: 936, total reward: 4361811.5
each agent reward: 4361811.5
Episode 937 return: -5176397.5
Episode: 937, total reward: 4361811.5
each agent reward: 4361811.5
Episode 938 return: -4241266.5
Episode: 938, total reward: 4361811.5
each agent reward: 4361811.5
Episode 939 return: -4143682.75
Episode: 939, total reward: 4361811.5
each agent reward: 4361811.5
Episode 940 return: -4268961.0
Episode: 940, total reward: 4361811.5
each agent reward: 4361811.5
Episode 941 return: -4235583.0
Episode: 941, total reward: 4361811.5
each agent reward: 4361811.5
Episode 942 return: -4199187.0
Episode: 942, total reward: 4361811.5
each agent reward: 4361811.5
Episode 943 return: -3944536.25
Episode: 943, total reward: 4361811.5
each agent reward: 4361811.5
Episode 944 return: -5349776.0
Episode: 944, total reward: 4361811.5
each agent reward: 4361811.5
Episode 945 return: -5335248.0
Episode: 945, total reward: 4361811.5
each agent reward: 4361811.5
Episode 946 return: -4418456.5
Episode: 946, total reward: 4361811.5
each agent reward: 4361811.5
Episode 947 return: -4175319.5
Episode: 947, total reward: 4361811.5
each agent reward: 4361811.5
Episode 948 return: -4472674.0
Episode: 948, total reward: 4361811.5
each agent reward: 4361811.5
Episode 949 return: -4381305.5
Episode: 949, total reward: 4361811.5
each agent reward: 4361811.5
Episode 950 return: -5021057.5
Episode: 950, total reward: 4361811.5
each agent reward: 4361811.5
Episode 951 return: -4055273.25
Episode: 951, total reward: 4361811.5
each agent reward: 4361811.5
Episode 952 return: -3918114.25
Episode: 952, total reward: 4361811.5
each agent reward: 4361811.5
Episode 953 return: -4948876.0
Episode: 953, total reward: 4361811.5
each agent reward: 4361811.5
Episode 954 return: -5561951.0
Episode: 954, total reward: 4361811.5
each agent reward: 4361811.5
Episode 955 return: -4254528.5
Episode: 955, total reward: 4361811.5
each agent reward: 4361811.5
Episode 956 return: -4332669.5
Episode: 956, total reward: 4361811.5
each agent reward: 4361811.5
Episode 957 return: -4178560.25
Episode: 957, total reward: 4361811.5
each agent reward: 4361811.5
Episode 958 return: -4509751.0
Episode: 958, total reward: 4361811.5
each agent reward: 4361811.5
Episode 959 return: -4192461.0
Episode: 959, total reward: 4361811.5
each agent reward: 4361811.5
Episode 960 return: -4952519.0
Episode: 960, total reward: 4361811.5
each agent reward: 4361811.5
Episode 961 return: -4375426.5
Episode: 961, total reward: 4361811.5
each agent reward: 4361811.5
Episode 962 return: -5404734.5
Episode: 962, total reward: 4361811.5
each agent reward: 4361811.5
Episode 963 return: -4490425.5
Episode: 963, total reward: 4361811.5
each agent reward: 4361811.5
Episode 964 return: -4284892.5
Episode: 964, total reward: 4361811.5
each agent reward: 4361811.5
Episode 965 return: -4096827.75
Episode: 965, total reward: 4361811.5
each agent reward: 4361811.5
Episode 966 return: -4295714.5
Episode: 966, total reward: 4361811.5
each agent reward: 4361811.5
Episode 967 return: -6086985.0
Episode: 967, total reward: 4361811.5
each agent reward: 4361811.5
Episode 968 return: -3828522.0
Episode: 968, total reward: 4361811.5
each agent reward: 4361811.5
Episode 969 return: -3978026.5
Episode: 969, total reward: 4361811.5
each agent reward: 4361811.5
Episode 970 return: -5118584.0
Episode: 970, total reward: 4361811.5
each agent reward: 4361811.5
Episode 971 return: -4149605.25
Episode: 971, total reward: 4361811.5
each agent reward: 4361811.5
Episode 972 return: -3880801.75
Episode: 972, total reward: 4361811.5
each agent reward: 4361811.5
Episode 973 return: -4643001.5
Episode: 973, total reward: 4361811.5
each agent reward: 4361811.5
Episode 974 return: -4292536.5
Episode: 974, total reward: 4361811.5
each agent reward: 4361811.5
Episode 975 return: -4097219.75
Episode: 975, total reward: 4361811.5
each agent reward: 4361811.5
Episode 976 return: -5068859.0
Episode: 976, total reward: 4361811.5
each agent reward: 4361811.5
Episode 977 return: -4398403.0
Episode: 977, total reward: 4361811.5
each agent reward: 4361811.5
Episode 978 return: -4436358.0
Episode: 978, total reward: 4361811.5
each agent reward: 4361811.5
Episode 979 return: -4377673.0
Episode: 979, total reward: 4361811.5
each agent reward: 4361811.5
Episode 980 return: -5698512.0
Episode: 980, total reward: 4361811.5
each agent reward: 4361811.5
Episode 981 return: -4167271.0
Episode: 981, total reward: 4361811.5
each agent reward: 4361811.5
Episode 982 return: -4427077.0
Episode: 982, total reward: 4361811.5
each agent reward: 4361811.5
Episode 983 return: -4395075.5
Episode: 983, total reward: 4361811.5
each agent reward: 4361811.5
Episode 984 return: -4050244.75
Episode: 984, total reward: 4361811.5
each agent reward: 4361811.5
Episode 985 return: -4491320.5
Episode: 985, total reward: 4361811.5
each agent reward: 4361811.5
Episode 986 return: -3803321.25
Episode: 986, total reward: 4361811.5
each agent reward: 4361811.5
Episode 987 return: -4282218.5
Episode: 987, total reward: 4361811.5
each agent reward: 4361811.5
Episode 988 return: -4902357.0
Episode: 988, total reward: 4361811.5
each agent reward: 4361811.5
Episode 989 return: -4424975.0
Episode: 989, total reward: 4361811.5
each agent reward: 4361811.5
Episode 990 return: -4364470.5
Episode: 990, total reward: 4361811.5
each agent reward: 4361811.5
Episode 991 return: -5521659.0
Episode: 991, total reward: 4361811.5
each agent reward: 4361811.5
Episode 992 return: -4409976.5
Episode: 992, total reward: 4361811.5
each agent reward: 4361811.5
Episode 993 return: -4131952.5
Episode: 993, total reward: 4361811.5
each agent reward: 4361811.5
Episode 994 return: -4648510.5
Episode: 994, total reward: 4361811.5
each agent reward: 4361811.5
Episode 995 return: -5025122.0
Episode: 995, total reward: 4361811.5
each agent reward: 4361811.5
Episode 996 return: -3863034.25
Episode: 996, total reward: 4361811.5
each agent reward: 4361811.5
Episode 997 return: -4178194.5
Episode: 997, total reward: 4361811.5
each agent reward: 4361811.5
Episode 998 return: -4403510.5
Episode: 998, total reward: 4361811.5
each agent reward: 4361811.5
Episode 999 return: -4259148.5
Episode: 999, total reward: 4361811.5
each agent reward: 4361811.5
