Episode: -1, total reward: 1314196.875
each agent reward: 1314196.875
Episode: 1, total reward: 248181.265625
each agent reward: 248181.265625
Episode 0 return: -463150.125
Episode: 0, total reward: 248181.265625
each agent reward: 248181.265625
Episode 1 return: -471846.3125
Episode: 1, total reward: 248181.265625
each agent reward: 248181.265625
Episode 2 return: -419933.46875
Episode: 2, total reward: 248181.265625
each agent reward: 248181.265625
Episode 3 return: -448901.5
Episode: 3, total reward: 248181.265625
each agent reward: 248181.265625
Episode 4 return: -493754.0625
Episode: 4, total reward: 248181.265625
each agent reward: 248181.265625
Episode 5 return: -475996.875
Episode: 5, total reward: 248181.265625
each agent reward: 248181.265625
Episode 6 return: -530103.75
Episode: 6, total reward: 248181.265625
each agent reward: 248181.265625
Episode 7 return: -448023.71875
Episode: 7, total reward: 248181.265625
each agent reward: 248181.265625
Episode 8 return: -463460.375
Episode: 8, total reward: 248181.265625
each agent reward: 248181.265625
Episode 9 return: -482205.15625
Episode: 9, total reward: 248181.265625
each agent reward: 248181.265625
Episode 10 return: -489498.90625
Episode: 10, total reward: 248181.265625
each agent reward: 248181.265625
Episode 11 return: -427342.59375
Episode: 11, total reward: 248181.265625
each agent reward: 248181.265625
Episode 12 return: -468724.1875
Episode: 12, total reward: 247974.15625
each agent reward: 247974.15625
Episode 13 return: -526721.1875
Episode: 13, total reward: 247974.15625
each agent reward: 247974.15625
Episode 14 return: -537749.6875
Episode: 14, total reward: 247974.15625
each agent reward: 247974.15625
Episode 15 return: -500854.28125
Episode: 15, total reward: 247974.15625
each agent reward: 247974.15625
Episode 16 return: -448615.0
Episode: 16, total reward: 247974.15625
each agent reward: 247974.15625
Episode 17 return: -463463.71875
Episode: 17, total reward: 247974.15625
each agent reward: 247974.15625
Episode 18 return: -537846.625
Episode: 18, total reward: 247974.15625
each agent reward: 247974.15625
Episode 19 return: -469008.375
Episode: 19, total reward: 247974.15625
each agent reward: 247974.15625
Episode 20 return: -520454.78125
Episode: 20, total reward: 247974.15625
each agent reward: 247974.15625
Episode 21 return: -480726.40625
Episode: 21, total reward: 247974.15625
each agent reward: 247974.15625
Episode 22 return: -541721.875
Episode: 22, total reward: 247974.15625
each agent reward: 247974.15625
Episode 23 return: -490022.21875
Episode: 23, total reward: 247974.15625
each agent reward: 247974.15625
Episode 24 return: -506120.375
Episode: 24, total reward: 247974.15625
each agent reward: 247974.15625
Episode 25 return: -487329.1875
Episode: 25, total reward: 247974.15625
each agent reward: 247974.15625
Episode 26 return: -477657.65625
Episode: 26, total reward: 247974.15625
each agent reward: 247974.15625
Episode 27 return: -463350.65625
Episode: 27, total reward: 247974.15625
each agent reward: 247974.15625
Episode 28 return: -479235.71875
Episode: 28, total reward: 247974.15625
each agent reward: 247974.15625
Episode 29 return: -465732.6875
Episode: 29, total reward: 247974.15625
each agent reward: 247974.15625
Episode 30 return: -558026.0625
Episode: 30, total reward: 247974.15625
each agent reward: 247974.15625
Episode 31 return: -510202.3125
Episode: 31, total reward: 247974.15625
each agent reward: 247974.15625
Episode 32 return: -494510.9375
Episode: 32, total reward: 247974.15625
each agent reward: 247974.15625
Episode 33 return: -517598.34375
Episode: 33, total reward: 247974.15625
each agent reward: 247974.15625
Episode 34 return: -523877.53125
Episode: 34, total reward: 247974.15625
each agent reward: 247974.15625
Episode 35 return: -481436.34375
Episode: 35, total reward: 247974.15625
each agent reward: 247974.15625
Episode 36 return: -464461.78125
Episode: 36, total reward: 247974.15625
each agent reward: 247974.15625
Episode 37 return: -433746.40625
Episode: 37, total reward: 247974.15625
each agent reward: 247974.15625
Episode 38 return: -497042.03125
Episode: 38, total reward: 247974.15625
each agent reward: 247974.15625
Episode 39 return: -547582.6875
Episode: 39, total reward: 247974.15625
each agent reward: 247974.15625
Episode 40 return: -482489.375
Episode: 40, total reward: 247974.15625
each agent reward: 247974.15625
Episode 41 return: -506839.40625
Episode: 41, total reward: 247974.15625
each agent reward: 247974.15625
Episode 42 return: -506653.9375
Episode: 42, total reward: 247974.15625
each agent reward: 247974.15625
Episode 43 return: -582589.125
Episode: 43, total reward: 247974.15625
each agent reward: 247974.15625
Episode 44 return: -503610.25
Episode: 44, total reward: 247974.15625
each agent reward: 247974.15625
Episode 45 return: -532428.0625
Episode: 45, total reward: 247974.15625
each agent reward: 247974.15625
Episode 46 return: -487792.1875
Episode: 46, total reward: 247974.15625
each agent reward: 247974.15625
Episode 47 return: -463111.21875
Episode: 47, total reward: 247974.15625
each agent reward: 247974.15625
Episode 48 return: -494032.8125
Episode: 48, total reward: 247974.15625
each agent reward: 247974.15625
Episode 49 return: -530274.6875
Episode: 49, total reward: 247974.15625
each agent reward: 247974.15625
Episode 50 return: -490031.96875
Episode: 50, total reward: 247974.15625
each agent reward: 247974.15625
Episode 51 return: -542687.375
Episode: 51, total reward: 247974.15625
each agent reward: 247974.15625
Episode 52 return: -507577.65625
Episode: 52, total reward: 247974.15625
each agent reward: 247974.15625
Episode 53 return: -465464.875
Episode: 53, total reward: 247974.15625
each agent reward: 247974.15625
Episode 54 return: -536825.75
Episode: 54, total reward: 247974.15625
each agent reward: 247974.15625
Episode 55 return: -531844.375
Episode: 55, total reward: 247974.15625
each agent reward: 247974.15625
Episode 56 return: -469507.46875
Episode: 56, total reward: 247974.15625
each agent reward: 247974.15625
Episode 57 return: -510148.59375
Episode: 57, total reward: 247974.15625
each agent reward: 247974.15625
Episode 58 return: -458982.375
Episode: 58, total reward: 247974.15625
each agent reward: 247974.15625
Episode 59 return: -499047.75
Episode: 59, total reward: 247974.15625
each agent reward: 247974.15625
Episode 60 return: -485253.4375
Episode: 60, total reward: 247974.15625
each agent reward: 247974.15625
Episode 61 return: -528162.8125
Episode: 61, total reward: 247974.15625
each agent reward: 247974.15625
Episode 62 return: -503874.625
Episode: 62, total reward: 247974.15625
each agent reward: 247974.15625
Episode 63 return: -502539.21875
Episode: 63, total reward: 247974.15625
each agent reward: 247974.15625
Episode 64 return: -511194.5625
Episode: 64, total reward: 247974.15625
each agent reward: 247974.15625
Episode 65 return: -474483.375
Episode: 65, total reward: 247974.15625
each agent reward: 247974.15625
Episode 66 return: -458323.09375
Episode: 66, total reward: 247974.15625
each agent reward: 247974.15625
Episode 67 return: -506416.9375
Episode: 67, total reward: 247974.15625
each agent reward: 247974.15625
Episode 68 return: -460725.71875
Episode: 68, total reward: 247974.15625
each agent reward: 247974.15625
Episode 69 return: -503245.3125
Episode: 69, total reward: 247974.15625
each agent reward: 247974.15625
Episode 70 return: -492149.78125
Episode: 70, total reward: 247974.15625
each agent reward: 247974.15625
Episode 71 return: -494261.15625
Episode: 71, total reward: 247974.15625
each agent reward: 247974.15625
Episode 72 return: -522893.125
Episode: 72, total reward: 247974.15625
each agent reward: 247974.15625
Episode 73 return: -510435.8125
Episode: 73, total reward: 247974.15625
each agent reward: 247974.15625
Episode 74 return: -519010.0625
Episode: 74, total reward: 247974.15625
each agent reward: 247974.15625
Episode 75 return: -465858.0625
Episode: 75, total reward: 247974.15625
each agent reward: 247974.15625
Episode 76 return: -517053.0625
Episode: 76, total reward: 247974.15625
each agent reward: 247974.15625
Episode 77 return: -500049.90625
Episode: 77, total reward: 247974.15625
each agent reward: 247974.15625
Episode 78 return: -465401.65625
Episode: 78, total reward: 247974.15625
each agent reward: 247974.15625
Episode 79 return: -470080.5625
Episode: 79, total reward: 247974.15625
each agent reward: 247974.15625
Episode 80 return: -472028.09375
Episode: 80, total reward: 247974.15625
each agent reward: 247974.15625
Episode 81 return: -522986.5
Episode: 81, total reward: 247974.15625
each agent reward: 247974.15625
Episode 82 return: -528334.1875
Episode: 82, total reward: 247974.15625
each agent reward: 247974.15625
Episode 83 return: -468838.5
Episode: 83, total reward: 247974.15625
each agent reward: 247974.15625
Episode 84 return: -490867.1875
Episode: 84, total reward: 247974.15625
each agent reward: 247974.15625
Episode 85 return: -547384.125
Episode: 85, total reward: 247974.15625
each agent reward: 247974.15625
Episode 86 return: -486575.96875
Episode: 86, total reward: 247974.15625
each agent reward: 247974.15625
Episode 87 return: -542868.625
Episode: 87, total reward: 247974.15625
each agent reward: 247974.15625
Episode 88 return: -442123.65625
Episode: 88, total reward: 247974.15625
each agent reward: 247974.15625
Episode 89 return: -438352.6875
Episode: 89, total reward: 247974.15625
each agent reward: 247974.15625
Episode 90 return: -510151.0625
Episode: 90, total reward: 247974.15625
each agent reward: 247974.15625
Episode 91 return: -484006.65625
Episode: 91, total reward: 247974.15625
each agent reward: 247974.15625
Episode 92 return: -478206.25
Episode: 92, total reward: 247974.15625
each agent reward: 247974.15625
Episode 93 return: -462296.0625
Episode: 93, total reward: 247974.15625
each agent reward: 247974.15625
Episode 94 return: -501003.53125
Episode: 94, total reward: 247974.15625
each agent reward: 247974.15625
Episode 95 return: -503246.4375
Episode: 95, total reward: 247974.15625
each agent reward: 247974.15625
Episode 96 return: -488843.15625
Episode: 96, total reward: 247974.15625
each agent reward: 247974.15625
Episode 97 return: -478214.8125
Episode: 97, total reward: 247974.15625
each agent reward: 247974.15625
Episode 98 return: -486100.4375
Episode: 98, total reward: 248490.640625
each agent reward: 248490.640625
Episode 99 return: -502338.25
Episode: 99, total reward: 248406.328125
each agent reward: 248406.328125
Episode 100 return: -551466.5625
Episode: 100, total reward: 248406.328125
each agent reward: 248406.328125
Episode 101 return: -480309.1875
Episode: 101, total reward: 249184.21875
each agent reward: 249184.21875
Episode 102 return: -503747.65625
Episode: 102, total reward: 249235.796875
each agent reward: 249235.796875
Episode 103 return: -541593.875
Episode: 103, total reward: 249235.796875
each agent reward: 249235.796875
Episode 104 return: -515451.71875
Episode: 104, total reward: 249281.703125
each agent reward: 249281.703125
Episode 105 return: -509578.3125
Episode: 105, total reward: 249281.703125
each agent reward: 249281.703125
Episode 106 return: -477803.09375
Episode: 106, total reward: 249281.703125
each agent reward: 249281.703125
Episode 107 return: -501496.375
Episode: 107, total reward: 249792.359375
each agent reward: 249792.359375
Episode 108 return: -482367.5625
Episode: 108, total reward: 250308.234375
each agent reward: 250308.234375
Episode 109 return: -516705.78125
Episode: 109, total reward: 251068.171875
each agent reward: 251068.171875
Episode 110 return: -487595.875
Episode: 110, total reward: 251068.171875
each agent reward: 251068.171875
Episode 111 return: -479726.71875
Episode: 111, total reward: 252617.3125
each agent reward: 252617.3125
Episode 112 return: -514772.40625
Episode: 112, total reward: 252354.078125
each agent reward: 252354.078125
Episode 113 return: -524560.3125
Episode: 113, total reward: 251240.921875
each agent reward: 251240.921875
Episode 114 return: -494633.28125
Episode: 114, total reward: 251239.25
each agent reward: 251239.25
Episode 115 return: -534059.875
Episode: 115, total reward: 251239.25
each agent reward: 251239.25
Episode 116 return: -506322.875
Episode: 116, total reward: 250784.515625
each agent reward: 250784.515625
Episode 117 return: -535191.75
Episode: 117, total reward: 250784.515625
each agent reward: 250784.515625
Episode 118 return: -522623.46875
Episode: 118, total reward: 250782.046875
each agent reward: 250782.046875
Episode 119 return: -498736.53125
Episode: 119, total reward: 250578.34375
each agent reward: 250578.34375
Episode 120 return: -547563.125
Episode: 120, total reward: 250578.34375
each agent reward: 250578.34375
Episode 121 return: -533501.875
Episode: 121, total reward: 250111.0625
each agent reward: 250111.0625
Episode 122 return: -527296.3125
Episode: 122, total reward: 251254.234375
each agent reward: 251254.234375
Episode 123 return: -510425.0
Episode: 123, total reward: 250757.875
each agent reward: 250757.875
Episode 124 return: -494828.71875
Episode: 124, total reward: 250757.875
each agent reward: 250757.875
Episode 125 return: -576385.625
Episode: 125, total reward: 250757.875
each agent reward: 250757.875
Episode 126 return: -531871.75
Episode: 126, total reward: 250757.875
each agent reward: 250757.875
Episode 127 return: -504433.90625
Episode: 127, total reward: 251131.203125
each agent reward: 251131.203125
Episode 128 return: -559825.1875
Episode: 128, total reward: 250376.53125
each agent reward: 250376.53125
Episode 129 return: -593813.375
Episode: 129, total reward: 251460.765625
each agent reward: 251460.765625
Episode 130 return: -596292.0
Episode: 130, total reward: 251460.765625
each agent reward: 251460.765625
Episode 131 return: -588531.625
Episode: 131, total reward: 251460.765625
each agent reward: 251460.765625
Episode 132 return: -565145.1875
Episode: 132, total reward: 253599.546875
each agent reward: 253599.546875
Episode 133 return: -589843.75
Episode: 133, total reward: 253815.703125
each agent reward: 253815.703125
Episode 134 return: -574043.0
Episode: 134, total reward: 254948.5
each agent reward: 254948.5
Episode 135 return: -662884.5625
Episode: 135, total reward: 254948.5
each agent reward: 254948.5
Episode 136 return: -591776.5
Episode: 136, total reward: 257034.0
each agent reward: 257034.0
Episode 137 return: -661080.1875
Episode: 137, total reward: 257586.59375
each agent reward: 257586.59375
Episode 138 return: -608433.375
Episode: 138, total reward: 258130.53125
each agent reward: 258130.53125
Episode 139 return: -578904.25
Episode: 139, total reward: 255682.1875
each agent reward: 255682.1875
Episode 140 return: -661017.125
Episode: 140, total reward: 255682.1875
each agent reward: 255682.1875
Episode 141 return: -682876.125
Episode: 141, total reward: 255699.28125
each agent reward: 255699.28125
Episode 142 return: -670238.375
Episode: 142, total reward: 254039.71875
each agent reward: 254039.71875
Episode 143 return: -707967.75
Episode: 143, total reward: 252604.15625
each agent reward: 252604.15625
Episode 144 return: -698605.6875
Episode: 144, total reward: 251798.46875
each agent reward: 251798.46875
Episode 145 return: -751341.1875
Episode: 145, total reward: 251798.46875
each agent reward: 251798.46875
Episode 146 return: -812593.25
Episode: 146, total reward: 253884.15625
each agent reward: 253884.15625
Episode 147 return: -713424.75
Episode: 147, total reward: 254569.953125
each agent reward: 254569.953125
Episode 148 return: -663800.0625
Episode: 148, total reward: 256180.421875
each agent reward: 256180.421875
Episode 149 return: -645045.1875
Episode: 149, total reward: 259717.921875
each agent reward: 259717.921875
Episode 150 return: -735893.0625
Episode: 150, total reward: 259717.921875
each agent reward: 259717.921875
Episode 151 return: -790237.4375
Episode: 151, total reward: 261491.703125
each agent reward: 261491.703125
Episode 152 return: -792634.375
Episode: 152, total reward: 262726.78125
each agent reward: 262726.78125
Episode 153 return: -703455.4375
Episode: 153, total reward: 264677.59375
each agent reward: 264677.59375
Episode 154 return: -762067.875
Episode: 154, total reward: 264977.9375
each agent reward: 264977.9375
Episode 155 return: -798332.5625
Episode: 155, total reward: 264977.9375
each agent reward: 264977.9375
Episode 156 return: -734471.6875
Episode: 156, total reward: 264776.0625
each agent reward: 264776.0625
Episode 157 return: -734507.75
Episode: 157, total reward: 265462.0
each agent reward: 265462.0
Episode 158 return: -732170.3125
Episode: 158, total reward: 264942.5625
each agent reward: 264942.5625
Episode 159 return: -815750.0
Episode: 159, total reward: 262359.34375
each agent reward: 262359.34375
Episode 160 return: -860129.6875
Episode: 160, total reward: 262359.34375
each agent reward: 262359.34375
Episode 161 return: -783988.625
Episode: 161, total reward: 259941.1875
each agent reward: 259941.1875
Episode 162 return: -740585.9375
Episode: 162, total reward: 258645.640625
each agent reward: 258645.640625
Episode 163 return: -817655.6875
Episode: 163, total reward: 258832.75
each agent reward: 258832.75
Episode 164 return: -750683.4375
Episode: 164, total reward: 258844.84375
each agent reward: 258844.84375
Episode 165 return: -800514.4375
Episode: 165, total reward: 258844.84375
each agent reward: 258844.84375
Episode 166 return: -766233.9375
Episode: 166, total reward: 259195.765625
each agent reward: 259195.765625
Episode 167 return: -808570.4375
Episode: 167, total reward: 259291.921875
each agent reward: 259291.921875
Episode 168 return: -781068.1875
Episode: 168, total reward: 258103.015625
each agent reward: 258103.015625
Episode 169 return: -759867.75
Episode: 169, total reward: 257240.875
each agent reward: 257240.875
Episode 170 return: -760929.375
Episode: 170, total reward: 257240.875
each agent reward: 257240.875
Episode 171 return: -831455.0625
Episode: 171, total reward: 257169.75
each agent reward: 257169.75
Episode 172 return: -794053.5625
Episode: 172, total reward: 259048.046875
each agent reward: 259048.046875
Episode 173 return: -782494.125
Episode: 173, total reward: 258240.5625
each agent reward: 258240.5625
Episode 174 return: -782320.0
Episode: 174, total reward: 257774.953125
each agent reward: 257774.953125
Episode 175 return: -690021.75
Episode: 175, total reward: 257774.953125
each agent reward: 257774.953125
Episode 176 return: -720898.5
Episode: 176, total reward: 257844.890625
each agent reward: 257844.890625
Episode 177 return: -802311.25
Episode: 177, total reward: 259760.5625
each agent reward: 259760.5625
Episode 178 return: -840832.875
Episode: 178, total reward: 260257.734375
each agent reward: 260257.734375
Episode 179 return: -867772.1875
Episode: 179, total reward: 262134.671875
each agent reward: 262134.671875
Episode 180 return: -733432.25
Episode: 180, total reward: 262134.671875
each agent reward: 262134.671875
Episode 181 return: -781039.4375
Episode: 181, total reward: 264689.625
each agent reward: 264689.625
Episode 182 return: -790140.125
Episode: 182, total reward: 266867.09375
each agent reward: 266867.09375
Episode 183 return: -842710.8125
Episode: 183, total reward: 270468.6875
each agent reward: 270468.6875
Episode 184 return: -777231.25
Episode: 184, total reward: 270579.03125
each agent reward: 270579.03125
Episode 185 return: -666072.625
Episode: 185, total reward: 270579.03125
each agent reward: 270579.03125
Episode 186 return: -740725.0
Episode: 186, total reward: 271899.53125
each agent reward: 271899.53125
Episode 187 return: -761592.625
Episode: 187, total reward: 268285.09375
each agent reward: 268285.09375
Episode 188 return: -745942.5
Episode: 188, total reward: 266853.875
each agent reward: 266853.875
Episode 189 return: -693600.3125
Episode: 189, total reward: 264818.59375
each agent reward: 264818.59375
Episode 190 return: -688788.625
Episode: 190, total reward: 264818.59375
each agent reward: 264818.59375
Episode 191 return: -662798.75
Episode: 191, total reward: 264796.75
each agent reward: 264796.75
Episode 192 return: -568110.5
Episode: 192, total reward: 264733.28125
each agent reward: 264733.28125
Episode 193 return: -571122.625
Episode: 193, total reward: 260106.1875
each agent reward: 260106.1875
Episode 194 return: -593824.375
Episode: 194, total reward: 258929.09375
each agent reward: 258929.09375
Episode 195 return: -628306.375
Episode: 195, total reward: 258929.09375
each agent reward: 258929.09375
Episode 196 return: -529513.5625
Episode: 196, total reward: 259379.875
each agent reward: 259379.875
Episode 197 return: -546070.375
Episode: 197, total reward: 259389.375
each agent reward: 259389.375
Episode 198 return: -604229.0
Episode: 198, total reward: 257894.21875
each agent reward: 257894.21875
Episode 199 return: -617931.0
Episode: 199, total reward: 259744.046875
each agent reward: 259744.046875
Episode 200 return: -552947.4375
Episode: 200, total reward: 259744.046875
each agent reward: 259744.046875
Episode 201 return: -551379.6875
Episode: 201, total reward: 257993.015625
each agent reward: 257993.015625
Episode 202 return: -570147.9375
Episode: 202, total reward: 253746.125
each agent reward: 253746.125
Episode 203 return: -528649.5625
Episode: 203, total reward: 253917.03125
each agent reward: 253917.03125
Episode 204 return: -619819.6875
Episode: 204, total reward: 253982.625
each agent reward: 253982.625
Episode 205 return: -524829.25
Episode: 205, total reward: 253982.625
each agent reward: 253982.625
Episode 206 return: -559207.6875
Episode: 206, total reward: 257240.890625
each agent reward: 257240.890625
Episode 207 return: -639748.375
Episode: 207, total reward: 257291.6875
each agent reward: 257291.6875
Episode 208 return: -592003.3125
Episode: 208, total reward: 253955.359375
each agent reward: 253955.359375
Episode 209 return: -559659.0
Episode: 209, total reward: 252954.171875
each agent reward: 252954.171875
Episode 210 return: -547775.6875
Episode: 210, total reward: 252954.171875
each agent reward: 252954.171875
Episode 211 return: -544745.25
Episode: 211, total reward: 256604.828125
each agent reward: 256604.828125
Episode 212 return: -498039.25
Episode: 212, total reward: 250727.25
each agent reward: 250727.25
Episode 213 return: -554635.5
Episode: 213, total reward: 250179.03125
each agent reward: 250179.03125
Episode 214 return: -469120.59375
Episode: 214, total reward: 248207.015625
each agent reward: 248207.015625
Episode 215 return: -510974.375
Episode: 215, total reward: 248207.015625
each agent reward: 248207.015625
Episode 216 return: -497561.125
Episode: 216, total reward: 253198.671875
each agent reward: 253198.671875
Episode 217 return: -494745.375
Episode: 217, total reward: 254730.3125
each agent reward: 254730.3125
Episode 218 return: -510468.46875
Episode: 218, total reward: 250696.5625
each agent reward: 250696.5625
Episode 219 return: -539027.4375
Episode: 219, total reward: 253543.796875
each agent reward: 253543.796875
Episode 220 return: -536951.0
Episode: 220, total reward: 253543.796875
each agent reward: 253543.796875
Episode 221 return: -551026.0
Episode: 221, total reward: 251709.5
each agent reward: 251709.5
Episode 222 return: -525624.5
Episode: 222, total reward: 252133.734375
each agent reward: 252133.734375
Episode 223 return: -554126.0
Episode: 223, total reward: 251854.59375
each agent reward: 251854.59375
Episode 224 return: -481632.25
Episode: 224, total reward: 249861.5625
each agent reward: 249861.5625
Episode 225 return: -499441.625
Episode: 225, total reward: 249861.5625
each agent reward: 249861.5625
Episode 226 return: -614077.8125
Episode: 226, total reward: 248930.046875
each agent reward: 248930.046875
Episode 227 return: -514363.5
Episode: 227, total reward: 248209.265625
each agent reward: 248209.265625
Episode 228 return: -454933.71875
Episode: 228, total reward: 249030.078125
each agent reward: 249030.078125
Episode 229 return: -543551.75
Episode: 229, total reward: 252634.15625
each agent reward: 252634.15625
Episode 230 return: -504471.15625
Episode: 230, total reward: 252634.15625
each agent reward: 252634.15625
Episode 231 return: -451012.46875
Episode: 231, total reward: 254310.546875
each agent reward: 254310.546875
Episode 232 return: -473669.96875
Episode: 232, total reward: 255329.78125
each agent reward: 255329.78125
Episode 233 return: -554191.125
Episode: 233, total reward: 258510.375
each agent reward: 258510.375
Episode 234 return: -495835.40625
Episode: 234, total reward: 257275.359375
each agent reward: 257275.359375
Episode 235 return: -514156.5
Episode: 235, total reward: 257275.359375
each agent reward: 257275.359375
Episode 236 return: -532661.3125
Episode: 236, total reward: 255988.015625
each agent reward: 255988.015625
Episode 237 return: -486606.0625
Episode: 237, total reward: 255681.203125
each agent reward: 255681.203125
Episode 238 return: -531050.25
Episode: 238, total reward: 255238.5
each agent reward: 255238.5
Episode 239 return: -493135.8125
Episode: 239, total reward: 257369.375
each agent reward: 257369.375
Episode 240 return: -488416.0625
Episode: 240, total reward: 257369.375
each agent reward: 257369.375
Episode 241 return: -532264.25
Episode: 241, total reward: 257045.71875
each agent reward: 257045.71875
Episode 242 return: -518149.9375
Episode: 242, total reward: 257360.359375
each agent reward: 257360.359375
Episode 243 return: -486868.28125
Episode: 243, total reward: 257360.359375
each agent reward: 257360.359375
Episode 244 return: -476155.78125
Episode: 244, total reward: 257981.671875
each agent reward: 257981.671875
Episode 245 return: -510751.21875
Episode: 245, total reward: 257981.671875
each agent reward: 257981.671875
Episode 246 return: -531041.4375
Episode: 246, total reward: 256430.484375
each agent reward: 256430.484375
Episode 247 return: -507218.0625
Episode: 247, total reward: 256558.484375
each agent reward: 256558.484375
Episode 248 return: -454576.5
Episode: 248, total reward: 256899.515625
each agent reward: 256899.515625
Episode 249 return: -548547.25
Episode: 249, total reward: 258113.078125
each agent reward: 258113.078125
Episode 250 return: -534029.9375
Episode: 250, total reward: 258113.078125
each agent reward: 258113.078125
Episode 251 return: -497544.1875
Episode: 251, total reward: 259902.765625
each agent reward: 259902.765625
Episode 252 return: -509203.5
Episode: 252, total reward: 260328.796875
each agent reward: 260328.796875
Episode 253 return: -535435.0
Episode: 253, total reward: 253164.875
each agent reward: 253164.875
Episode 254 return: -523119.125
Episode: 254, total reward: 253341.3125
each agent reward: 253341.3125
Episode 255 return: -567451.25
Episode: 255, total reward: 253341.3125
each agent reward: 253341.3125
Episode 256 return: -557915.0
Episode: 256, total reward: 252967.4375
each agent reward: 252967.4375
Episode 257 return: -540530.5625
Episode: 257, total reward: 258801.0625
each agent reward: 258801.0625
Episode 258 return: -555097.8125
Episode: 258, total reward: 253806.8125
each agent reward: 253806.8125
Episode 259 return: -546551.375
Episode: 259, total reward: 250822.34375
each agent reward: 250822.34375
Episode 260 return: -559004.875
Episode: 260, total reward: 250822.34375
each agent reward: 250822.34375
Episode 261 return: -604769.5625
Episode: 261, total reward: 251984.71875
each agent reward: 251984.71875
Episode 262 return: -588369.125
Episode: 262, total reward: 250434.40625
each agent reward: 250434.40625
Episode 263 return: -508238.3125
Episode: 263, total reward: 248710.4375
each agent reward: 248710.4375
Episode 264 return: -571001.5
Episode: 264, total reward: 252068.734375
each agent reward: 252068.734375
Episode 265 return: -605399.5625
Episode: 265, total reward: 252068.734375
each agent reward: 252068.734375
Episode 266 return: -549263.8125
Episode: 266, total reward: 252849.25
each agent reward: 252849.25
Episode 267 return: -552602.0
Episode: 267, total reward: 253831.28125
each agent reward: 253831.28125
Episode 268 return: -597175.625
Episode: 268, total reward: 253948.25
each agent reward: 253948.25
Episode 269 return: -572237.25
Episode: 269, total reward: 255727.8125
each agent reward: 255727.8125
Episode 270 return: -612265.9375
Episode: 270, total reward: 255727.8125
each agent reward: 255727.8125
Episode 271 return: -646299.1875
Episode: 271, total reward: 252927.890625
each agent reward: 252927.890625
Episode 272 return: -549720.5
Episode: 272, total reward: 252434.34375
each agent reward: 252434.34375
Episode 273 return: -569699.625
Episode: 273, total reward: 251255.5
each agent reward: 251255.5
Episode 274 return: -592282.0
Episode: 274, total reward: 249901.65625
each agent reward: 249901.65625
Episode 275 return: -538353.125
Episode: 275, total reward: 249901.65625
each agent reward: 249901.65625
Episode 276 return: -608077.3125
Episode: 276, total reward: 249997.71875
each agent reward: 249997.71875
Episode 277 return: -611049.25
Episode: 277, total reward: 249323.15625
each agent reward: 249323.15625
Episode 278 return: -686264.75
Episode: 278, total reward: 249870.46875
each agent reward: 249870.46875
Episode 279 return: -572810.125
Episode: 279, total reward: 250422.828125
each agent reward: 250422.828125
Episode 280 return: -611930.5
Episode: 280, total reward: 250422.828125
each agent reward: 250422.828125
Episode 281 return: -590505.0
Episode: 281, total reward: 251235.65625
each agent reward: 251235.65625
Episode 282 return: -646333.375
Episode: 282, total reward: 251489.96875
each agent reward: 251489.96875
Episode 283 return: -652431.375
Episode: 283, total reward: 251040.53125
each agent reward: 251040.53125
Episode 284 return: -602491.375
Episode: 284, total reward: 254424.765625
each agent reward: 254424.765625
Episode 285 return: -654308.125
Episode: 285, total reward: 254424.765625
each agent reward: 254424.765625
Episode 286 return: -597299.75
Episode: 286, total reward: 255050.625
each agent reward: 255050.625
Episode 287 return: -572162.3125
Episode: 287, total reward: 252929.3125
each agent reward: 252929.3125
Episode 288 return: -593700.4375
Episode: 288, total reward: 250345.734375
each agent reward: 250345.734375
Episode 289 return: -528114.625
Episode: 289, total reward: 249484.359375
each agent reward: 249484.359375
Episode 290 return: -621896.25
Episode: 290, total reward: 249484.359375
each agent reward: 249484.359375
Episode 291 return: -573729.4375
Episode: 291, total reward: 249683.765625
each agent reward: 249683.765625
Episode 292 return: -501777.40625
Episode: 292, total reward: 253589.0625
each agent reward: 253589.0625
Episode 293 return: -510710.53125
Episode: 293, total reward: 250794.328125
each agent reward: 250794.328125
Episode 294 return: -507761.25
Episode: 294, total reward: 250121.671875
each agent reward: 250121.671875
Episode 295 return: -517796.8125
Episode: 295, total reward: 250121.671875
each agent reward: 250121.671875
Episode 296 return: -512519.59375
Episode: 296, total reward: 250086.265625
each agent reward: 250086.265625
Episode 297 return: -510035.75
Episode: 297, total reward: 249348.140625
each agent reward: 249348.140625
Episode 298 return: -521884.0
Episode: 298, total reward: 250086.265625
each agent reward: 250086.265625
Episode 299 return: -488817.90625
Episode: 299, total reward: 250849.1875
each agent reward: 250849.1875
Episode 300 return: -520882.90625
Episode: 300, total reward: 250849.1875
each agent reward: 250849.1875
Episode 301 return: -466868.84375
Episode: 301, total reward: 251044.0
each agent reward: 251044.0
Episode 302 return: -506455.34375
Episode: 302, total reward: 249993.234375
each agent reward: 249993.234375
Episode 303 return: -533292.6875
Episode: 303, total reward: 250237.8125
each agent reward: 250237.8125
Episode 304 return: -518655.1875
Episode: 304, total reward: 250615.734375
each agent reward: 250615.734375
Episode 305 return: -510794.84375
Episode: 305, total reward: 250615.734375
each agent reward: 250615.734375
Episode 306 return: -550901.4375
Episode: 306, total reward: 252728.625
each agent reward: 252728.625
Episode 307 return: -542202.125
Episode: 307, total reward: 252099.953125
each agent reward: 252099.953125
Episode 308 return: -555543.625
Episode: 308, total reward: 255491.8125
each agent reward: 255491.8125
Episode 309 return: -555623.0625
Episode: 309, total reward: 252230.6875
each agent reward: 252230.6875
Episode 310 return: -525700.1875
Episode: 310, total reward: 252230.6875
each agent reward: 252230.6875
Episode 311 return: -573627.1875
Episode: 311, total reward: 251950.90625
each agent reward: 251950.90625
Episode 312 return: -533562.8125
Episode: 312, total reward: 255757.46875
each agent reward: 255757.46875
Episode 313 return: -548860.5625
Episode: 313, total reward: 255706.921875
each agent reward: 255706.921875
Episode 314 return: -579535.875
Episode: 314, total reward: 254123.84375
each agent reward: 254123.84375
Episode 315 return: -584887.25
Episode: 315, total reward: 254123.84375
each agent reward: 254123.84375
Episode 316 return: -526913.75
Episode: 316, total reward: 254857.4375
each agent reward: 254857.4375
Episode 317 return: -564276.375
Episode: 317, total reward: 251036.0
each agent reward: 251036.0
Episode 318 return: -525116.5625
Episode: 318, total reward: 248277.046875
each agent reward: 248277.046875
Episode 319 return: -477879.53125
Episode: 319, total reward: 249361.09375
each agent reward: 249361.09375
Episode 320 return: -595400.25
Episode: 320, total reward: 249361.09375
each agent reward: 249361.09375
Episode 321 return: -554271.0
Episode: 321, total reward: 251995.8125
each agent reward: 251995.8125
Episode 322 return: -537489.6875
Episode: 322, total reward: 259210.703125
each agent reward: 259210.703125
Episode 323 return: -506327.375
Episode: 323, total reward: 261494.640625
each agent reward: 261494.640625
Episode 324 return: -578242.9375
Episode: 324, total reward: 260912.515625
each agent reward: 260912.515625
Episode 325 return: -535109.6875
Episode: 325, total reward: 260912.515625
each agent reward: 260912.515625
Episode 326 return: -527032.4375
Episode: 326, total reward: 257166.640625
each agent reward: 257166.640625
Episode 327 return: -480508.90625
Episode: 327, total reward: 257461.484375
each agent reward: 257461.484375
Episode 328 return: -523478.125
Episode: 328, total reward: 258678.671875
each agent reward: 258678.671875
Episode 329 return: -492216.90625
Episode: 329, total reward: 260753.640625
each agent reward: 260753.640625
Episode 330 return: -522057.375
Episode: 330, total reward: 260753.640625
each agent reward: 260753.640625
Episode 331 return: -513365.4375
Episode: 331, total reward: 257058.703125
each agent reward: 257058.703125
Episode 332 return: -478874.875
Episode: 332, total reward: 253001.140625
each agent reward: 253001.140625
Episode 333 return: -511363.90625
Episode: 333, total reward: 250016.875
each agent reward: 250016.875
Episode 334 return: -467265.21875
Episode: 334, total reward: 249245.921875
each agent reward: 249245.921875
Episode 335 return: -544282.5625
Episode: 335, total reward: 249245.921875
each agent reward: 249245.921875
Episode 336 return: -466187.71875
Episode: 336, total reward: 250175.515625
each agent reward: 250175.515625
Episode 337 return: -478815.0
Episode: 337, total reward: 251454.3125
each agent reward: 251454.3125
Episode 338 return: -447984.1875
Episode: 338, total reward: 252156.875
each agent reward: 252156.875
Episode 339 return: -488371.4375
Episode: 339, total reward: 253696.484375
each agent reward: 253696.484375
Episode 340 return: -557745.6875
Episode: 340, total reward: 253696.484375
each agent reward: 253696.484375
Episode 341 return: -503338.09375
Episode: 341, total reward: 254416.765625
each agent reward: 254416.765625
Episode 342 return: -478014.03125
Episode: 342, total reward: 258077.609375
each agent reward: 258077.609375
Episode 343 return: -500234.46875
Episode: 343, total reward: 257991.3125
each agent reward: 257991.3125
Episode 344 return: -482520.28125
Episode: 344, total reward: 255014.5
each agent reward: 255014.5
Episode 345 return: -485925.0
Episode: 345, total reward: 255014.5
each agent reward: 255014.5
Episode 346 return: -549669.25
Episode: 346, total reward: 249637.921875
each agent reward: 249637.921875
Episode 347 return: -479037.21875
Episode: 347, total reward: 249122.796875
each agent reward: 249122.796875
Episode 348 return: -516846.875
Episode: 348, total reward: 251945.6875
each agent reward: 251945.6875
Episode 349 return: -471753.0
Episode: 349, total reward: 250810.875
each agent reward: 250810.875
Episode 350 return: -515722.5625
Episode: 350, total reward: 250810.875
each agent reward: 250810.875
Episode 351 return: -564284.0625
Episode: 351, total reward: 255380.453125
each agent reward: 255380.453125
Episode 352 return: -505659.75
Episode: 352, total reward: 254287.59375
each agent reward: 254287.59375
Episode 353 return: -500752.0
Episode: 353, total reward: 253521.21875
each agent reward: 253521.21875
Episode 354 return: -522450.46875
Episode: 354, total reward: 258500.515625
each agent reward: 258500.515625
Episode 355 return: -506474.3125
Episode: 355, total reward: 258500.515625
each agent reward: 258500.515625
Episode 356 return: -473751.28125
Episode: 356, total reward: 257751.09375
each agent reward: 257751.09375
Episode 357 return: -484101.09375
Episode: 357, total reward: 256121.90625
each agent reward: 256121.90625
Episode 358 return: -485601.59375
Episode: 358, total reward: 255372.46875
each agent reward: 255372.46875
Episode 359 return: -534444.375
Episode: 359, total reward: 255333.3125
each agent reward: 255333.3125
Episode 360 return: -491337.9375
Episode: 360, total reward: 255333.3125
each agent reward: 255333.3125
Episode 361 return: -527729.8125
Episode: 361, total reward: 257429.59375
each agent reward: 257429.59375
Episode 362 return: -488382.9375
Episode: 362, total reward: 254513.84375
each agent reward: 254513.84375
Episode 363 return: -518420.375
Episode: 363, total reward: 256404.703125
each agent reward: 256404.703125
Episode 364 return: -464766.40625
Episode: 364, total reward: 251827.984375
each agent reward: 251827.984375
Episode 365 return: -534388.9375
Episode: 365, total reward: 251827.984375
each agent reward: 251827.984375
Episode 366 return: -540157.125
Episode: 366, total reward: 250455.15625
each agent reward: 250455.15625
Episode 367 return: -498125.1875
Episode: 367, total reward: 248853.125
each agent reward: 248853.125
Episode 368 return: -513299.1875
Episode: 368, total reward: 248004.09375
each agent reward: 248004.09375
Episode 369 return: -513709.78125
Episode: 369, total reward: 248004.09375
each agent reward: 248004.09375
Episode 370 return: -512553.4375
Episode: 370, total reward: 248004.09375
each agent reward: 248004.09375
Episode 371 return: -565527.625
Episode: 371, total reward: 248004.09375
each agent reward: 248004.09375
Episode 372 return: -517212.15625
Episode: 372, total reward: 249343.5625
each agent reward: 249343.5625
Episode 373 return: -524474.5625
Episode: 373, total reward: 250667.734375
each agent reward: 250667.734375
Episode 374 return: -540913.6875
Episode: 374, total reward: 253042.28125
each agent reward: 253042.28125
Episode 375 return: -535279.375
Episode: 375, total reward: 253042.28125
each agent reward: 253042.28125
Episode 376 return: -702298.125
Episode: 376, total reward: 255773.046875
each agent reward: 255773.046875
Episode 377 return: -590713.25
Episode: 377, total reward: 256798.6875
each agent reward: 256798.6875
Episode 378 return: -663861.3125
Episode: 378, total reward: 258342.015625
each agent reward: 258342.015625
Episode 379 return: -604468.875
Episode: 379, total reward: 260245.46875
each agent reward: 260245.46875
Episode 380 return: -678942.625
Episode: 380, total reward: 260245.46875
each agent reward: 260245.46875
Episode 381 return: -732280.25
Episode: 381, total reward: 270697.09375
each agent reward: 270697.09375
Episode 382 return: -608625.5
Episode: 382, total reward: 275917.78125
each agent reward: 275917.78125
Episode 383 return: -692879.5625
Episode: 383, total reward: 295910.09375
each agent reward: 295910.09375
Episode 384 return: -770436.25
Episode: 384, total reward: 270149.15625
each agent reward: 270149.15625
Episode 385 return: -689086.9375
Episode: 385, total reward: 270149.15625
each agent reward: 270149.15625
Episode 386 return: -672283.4375
Episode: 386, total reward: 303254.125
each agent reward: 303254.125
Episode 387 return: -680355.0625
Episode: 387, total reward: 294585.1875
each agent reward: 294585.1875
Episode 388 return: -689714.5625
Episode: 388, total reward: 276587.75
each agent reward: 276587.75
Episode 389 return: -724495.0
Episode: 389, total reward: 267475.03125
each agent reward: 267475.03125
Episode 390 return: -722520.75
Episode: 390, total reward: 267475.03125
each agent reward: 267475.03125
Episode 391 return: -539562.375
Episode: 391, total reward: 254546.9375
each agent reward: 254546.9375
Episode 392 return: -594936.5625
Episode: 392, total reward: 252292.3125
each agent reward: 252292.3125
Episode 393 return: -601962.5625
Episode: 393, total reward: 254248.390625
each agent reward: 254248.390625
Episode 394 return: -587106.125
Episode: 394, total reward: 255733.375
each agent reward: 255733.375
Episode 395 return: -555142.5625
Episode: 395, total reward: 255733.375
each agent reward: 255733.375
Episode 396 return: -520328.71875
Episode: 396, total reward: 253771.59375
each agent reward: 253771.59375
Episode 397 return: -551012.6875
Episode: 397, total reward: 251879.625
each agent reward: 251879.625
Episode 398 return: -548529.375
Episode: 398, total reward: 254760.4375
each agent reward: 254760.4375
Episode 399 return: -528294.3125
Episode: 399, total reward: 257785.828125
each agent reward: 257785.828125
Episode 400 return: -639331.25
Episode: 400, total reward: 257785.828125
each agent reward: 257785.828125
Episode 401 return: -658589.1875
Episode: 401, total reward: 260205.875
each agent reward: 260205.875
Episode 402 return: -576805.9375
Episode: 402, total reward: 264041.75
each agent reward: 264041.75
Episode 403 return: -601733.125
Episode: 403, total reward: 261972.921875
each agent reward: 261972.921875
Episode 404 return: -625832.375
Episode: 404, total reward: 266362.84375
each agent reward: 266362.84375
Episode 405 return: -630102.5625
Episode: 405, total reward: 266362.84375
each agent reward: 266362.84375
Episode 406 return: -684205.6875
Episode: 406, total reward: 263238.78125
each agent reward: 263238.78125
Episode 407 return: -599940.3125
Episode: 407, total reward: 263192.6875
each agent reward: 263192.6875
Episode 408 return: -731886.75
Episode: 408, total reward: 262982.5
each agent reward: 262982.5
Episode 409 return: -635331.5
Episode: 409, total reward: 263416.71875
each agent reward: 263416.71875
Episode 410 return: -752660.3125
Episode: 410, total reward: 263416.71875
each agent reward: 263416.71875
Episode 411 return: -683805.1875
Episode: 411, total reward: 260278.0
each agent reward: 260278.0
Episode 412 return: -764267.75
Episode: 412, total reward: 262082.015625
each agent reward: 262082.015625
Episode 413 return: -758646.8125
Episode: 413, total reward: 263503.03125
each agent reward: 263503.03125
Episode 414 return: -820978.5
Episode: 414, total reward: 260402.6875
each agent reward: 260402.6875
Episode 415 return: -797644.6875
Episode: 415, total reward: 260402.6875
each agent reward: 260402.6875
Episode 416 return: -797185.0
Episode: 416, total reward: 261986.265625
each agent reward: 261986.265625
Episode 417 return: -717196.9375
Episode: 417, total reward: 266156.75
each agent reward: 266156.75
Episode 418 return: -590824.125
Episode: 418, total reward: 260222.125
each agent reward: 260222.125
Episode 419 return: -616776.25
Episode: 419, total reward: 258464.046875
each agent reward: 258464.046875
Episode 420 return: -570689.9375
Episode: 420, total reward: 258464.046875
each agent reward: 258464.046875
Episode 421 return: -566585.1875
Episode: 421, total reward: 257722.0625
each agent reward: 257722.0625
Episode 422 return: -544258.1875
Episode: 422, total reward: 257024.328125
each agent reward: 257024.328125
Episode 423 return: -514214.625
Episode: 423, total reward: 255154.703125
each agent reward: 255154.703125
Episode 424 return: -487385.46875
Episode: 424, total reward: 252227.53125
each agent reward: 252227.53125
Episode 425 return: -541972.625
Episode: 425, total reward: 252227.53125
each agent reward: 252227.53125
Episode 426 return: -498127.625
Episode: 426, total reward: 252796.375
each agent reward: 252796.375
Episode 427 return: -538439.0625
Episode: 427, total reward: 254132.140625
each agent reward: 254132.140625
Episode 428 return: -438159.3125
Episode: 428, total reward: 254713.65625
each agent reward: 254713.65625
Episode 429 return: -479323.3125
Episode: 429, total reward: 253789.578125
each agent reward: 253789.578125
Episode 430 return: -493717.5625
Episode: 430, total reward: 253789.578125
each agent reward: 253789.578125
Episode 431 return: -471335.9375
Episode: 431, total reward: 252866.96875
each agent reward: 252866.96875
Episode 432 return: -510414.25
Episode: 432, total reward: 250444.53125
each agent reward: 250444.53125
Episode 433 return: -509410.8125
Episode: 433, total reward: 252874.140625
each agent reward: 252874.140625
Episode 434 return: -567432.8125
Episode: 434, total reward: 252405.328125
each agent reward: 252405.328125
Episode 435 return: -510259.59375
Episode: 435, total reward: 252405.328125
each agent reward: 252405.328125
Episode 436 return: -534928.3125
Episode: 436, total reward: 251444.546875
each agent reward: 251444.546875
Episode 437 return: -552551.0
Episode: 437, total reward: 253221.296875
each agent reward: 253221.296875
Episode 438 return: -580733.625
Episode: 438, total reward: 250958.09375
each agent reward: 250958.09375
Episode 439 return: -502031.0
Episode: 439, total reward: 254213.078125
each agent reward: 254213.078125
Episode 440 return: -544551.1875
Episode: 440, total reward: 254213.078125
each agent reward: 254213.078125
Episode 441 return: -507854.6875
Episode: 441, total reward: 254050.296875
each agent reward: 254050.296875
Episode 442 return: -455896.71875
Episode: 442, total reward: 252643.40625
each agent reward: 252643.40625
Episode 443 return: -537510.0
Episode: 443, total reward: 255794.484375
each agent reward: 255794.484375
Episode 444 return: -468463.46875
Episode: 444, total reward: 256695.8125
each agent reward: 256695.8125
Episode 445 return: -531548.4375
Episode: 445, total reward: 256695.8125
each agent reward: 256695.8125
Episode 446 return: -499082.78125
Episode: 446, total reward: 255568.015625
each agent reward: 255568.015625
Episode 447 return: -480075.0
Episode: 447, total reward: 252059.421875
each agent reward: 252059.421875
Episode 448 return: -490655.3125
Episode: 448, total reward: 250740.546875
each agent reward: 250740.546875
Episode 449 return: -451018.875
Episode: 449, total reward: 250592.96875
each agent reward: 250592.96875
Episode 450 return: -487211.96875
Episode: 450, total reward: 250592.96875
each agent reward: 250592.96875
Episode 451 return: -518739.8125
Episode: 451, total reward: 251384.328125
each agent reward: 251384.328125
Episode 452 return: -451838.65625
Episode: 452, total reward: 250228.125
each agent reward: 250228.125
Episode 453 return: -449044.375
Episode: 453, total reward: 248071.578125
each agent reward: 248071.578125
Episode 454 return: -477980.25
Episode: 454, total reward: 248439.015625
each agent reward: 248439.015625
Episode 455 return: -433658.46875
Episode: 455, total reward: 248439.015625
each agent reward: 248439.015625
Episode 456 return: -446342.15625
Episode: 456, total reward: 250865.40625
each agent reward: 250865.40625
Episode 457 return: -447194.46875
Episode: 457, total reward: 251058.375
each agent reward: 251058.375
Episode 458 return: -490797.5
Episode: 458, total reward: 250365.625
each agent reward: 250365.625
Episode 459 return: -501426.5
Episode: 459, total reward: 249862.453125
each agent reward: 249862.453125
Episode 460 return: -443823.21875
Episode: 460, total reward: 249862.453125
each agent reward: 249862.453125
Episode 461 return: -518602.59375
Episode: 461, total reward: 249454.0625
each agent reward: 249454.0625
Episode 462 return: -512933.46875
Episode: 462, total reward: 249454.0625
each agent reward: 249454.0625
Episode 463 return: -481580.9375
Episode: 463, total reward: 249454.0625
each agent reward: 249454.0625
Episode 464 return: -460994.6875
Episode: 464, total reward: 249454.0625
each agent reward: 249454.0625
Episode 465 return: -505688.875
Episode: 465, total reward: 249454.0625
each agent reward: 249454.0625
Episode 466 return: -456221.6875
Episode: 466, total reward: 249454.0625
each agent reward: 249454.0625
Episode 467 return: -453865.625
Episode: 467, total reward: 249454.0625
each agent reward: 249454.0625
Episode 468 return: -464514.25
Episode: 468, total reward: 249454.0625
each agent reward: 249454.0625
Episode 469 return: -493791.78125
Episode: 469, total reward: 249454.0625
each agent reward: 249454.0625
Episode 470 return: -469847.875
Episode: 470, total reward: 249454.0625
each agent reward: 249454.0625
Episode 471 return: -459228.03125
Episode: 471, total reward: 249454.0625
each agent reward: 249454.0625
Episode 472 return: -474297.71875
Episode: 472, total reward: 249454.0625
each agent reward: 249454.0625
Episode 473 return: -472574.875
Episode: 473, total reward: 249454.0625
each agent reward: 249454.0625
Episode 474 return: -507993.4375
Episode: 474, total reward: 250201.96875
each agent reward: 250201.96875
Episode 475 return: -511483.75
Episode: 475, total reward: 250201.96875
each agent reward: 250201.96875
Episode 476 return: -486862.78125
Episode: 476, total reward: 251826.609375
each agent reward: 251826.609375
Episode 477 return: -475879.09375
Episode: 477, total reward: 255623.125
each agent reward: 255623.125
Episode 478 return: -524955.5
Episode: 478, total reward: 254926.65625
each agent reward: 254926.65625
Episode 479 return: -439846.5
Episode: 479, total reward: 254374.046875
each agent reward: 254374.046875
Episode 480 return: -459220.71875
Episode: 480, total reward: 254374.046875
each agent reward: 254374.046875
Episode 481 return: -512678.84375
Episode: 481, total reward: 253102.0625
each agent reward: 253102.0625
Episode 482 return: -458640.6875
Episode: 482, total reward: 254742.40625
each agent reward: 254742.40625
Episode 483 return: -484919.375
Episode: 483, total reward: 255063.46875
each agent reward: 255063.46875
Episode 484 return: -490373.03125
Episode: 484, total reward: 257404.8125
each agent reward: 257404.8125
Episode 485 return: -471219.78125
Episode: 485, total reward: 257404.8125
each agent reward: 257404.8125
Episode 486 return: -496230.1875
Episode: 486, total reward: 251720.953125
each agent reward: 251720.953125
Episode 487 return: -542261.375
Episode: 487, total reward: 250204.9375
each agent reward: 250204.9375
Episode 488 return: -466576.53125
Episode: 488, total reward: 250866.828125
each agent reward: 250866.828125
Episode 489 return: -481098.21875
Episode: 489, total reward: 249821.875
each agent reward: 249821.875
Episode 490 return: -520593.15625
Episode: 490, total reward: 249821.875
each agent reward: 249821.875
Episode 491 return: -464257.59375
Episode: 491, total reward: 249821.875
each agent reward: 249821.875
Episode 492 return: -499540.0
Episode: 492, total reward: 249821.875
each agent reward: 249821.875
Episode 493 return: -537583.0625
Episode: 493, total reward: 249074.96875
each agent reward: 249074.96875
Episode 494 return: -542256.5625
Episode: 494, total reward: 250750.703125
each agent reward: 250750.703125
Episode 495 return: -480338.1875
Episode: 495, total reward: 250750.703125
each agent reward: 250750.703125
Episode 496 return: -485232.15625
Episode: 496, total reward: 251228.609375
each agent reward: 251228.609375
Episode 497 return: -507002.65625
Episode: 497, total reward: 249410.796875
each agent reward: 249410.796875
Episode 498 return: -496671.625
Episode: 498, total reward: 249031.328125
each agent reward: 249031.328125
Episode 499 return: -435729.59375
Episode: 499, total reward: 252441.734375
each agent reward: 252441.734375
