Episode: 100, total reward: 212.28999999999996
each agent reward: [58.06, 57.47, 74.86, 0.16, 0.13, 1.97, -0.87, 4.1, 6.95, 5.84, -0.98, 0.46, 4.14]
Episode: 200, total reward: 195.42000000000002
each agent reward: [57.31, 58.15, 74.68, 0.47, 0.2, 1.65, -1.13, 4.79, 0.41, -1.07, -1.02, 0.49, 0.49]
Episode: 300, total reward: 190.42
each agent reward: [58.24, 50.46, 73.69, 3.15, -0.79, -3.48, 0.16, 1.55, 0.26, -0.9, 5.51, 2.03, 0.54]
Episode: 400, total reward: 169.6
each agent reward: [58.13, 49.64, 57.96, 2.51, 2.99, -4.06, 0.24, -3.61, 0.0, 2.48, 1.45, 1.52, 0.35]
Episode: 500, total reward: 179.13999999999996
each agent reward: [58.05, 49.86, 58.07, -0.07, 2.73, -3.5, 1.63, 5.64, 4.03, 0.04, 1.26, 1.15, 0.25]
Episode: 600, total reward: 156.36000000000004
each agent reward: [58.15, 49.81, 49.7, 0.03, 2.73, -3.72, -1.29, -3.76, 5.66, -1.66, -0.1, 0.2, 0.61]
Episode: 700, total reward: 154.60000000000005
each agent reward: [57.8, 49.61, 50.4, 2.83, 0.08, -3.84, -1.7, -0.79, 0.03, -1.23, -2.98, 0.29, 4.1]
Episode: 800, total reward: 155.07
each agent reward: [58.23, 49.8, 49.72, 0.23, -1.41, 0.11, -0.07, -3.78, 0.23, 0.01, -2.76, 0.45, 4.31]
Episode: 900, total reward: 166.59000000000003
each agent reward: [57.93, 50.02, 49.91, 0.0, -1.11, 5.21, -0.13, -1.47, 5.35, 0.24, -1.6, 1.44, 0.8]
Episode: 1000, total reward: 164.66000000000003
each agent reward: [57.52, 49.94, 50.35, 2.73, 1.99, -1.18, 0.12, -3.73, 5.4, -1.43, 0.87, 1.33, 0.75]
Episode: 1100, total reward: 177.73999999999998
each agent reward: [57.93, 50.18, 58.15, -1.49, 2.99, 2.87, -1.21, 5.83, 0.35, 0.0, 1.15, 0.26, 0.73]
Episode: 1200, total reward: 184.81
each agent reward: [58.06, 50.05, 57.82, 0.31, 2.95, 5.33, 2.65, 2.79, 0.02, 0.13, 1.41, 0.19, 3.1]
Episode: 1300, total reward: 170.89
each agent reward: [57.76, 50.23, 57.98, -1.2, -1.29, 5.25, -0.05, -3.36, 0.65, -1.46, 1.5, 1.64, 3.24]
Episode: 1400, total reward: 169.5
each agent reward: [57.51, 49.83, 58.17, 2.75, -1.4, -3.6, 0.19, 5.43, -2.6, 0.18, 1.6, 1.01, 0.43]
Episode: 1500, total reward: 164.42
each agent reward: [57.27, 49.95, 62.57, 0.4, 1.91, -3.14, -0.77, -3.21, -1.62, 0.38, -1.0, 1.22, 0.46]
Episode: 1600, total reward: 180.61
each agent reward: [58.01, 49.71, 65.46, 0.07, 2.77, -3.35, 0.19, 6.69, -2.81, -0.97, 2.31, 0.54, 1.99]
Episode: 1700, total reward: 190.07999999999996
each agent reward: [57.63, 49.75, 68.15, 0.39, 2.6, -0.77, 0.38, 2.99, -2.68, 4.16, 1.45, 1.99, 4.04]
Episode: 1800, total reward: 189.74999999999997
each agent reward: [58.23, 49.56, 65.22, 0.22, 1.45, 1.27, 0.32, 5.48, -1.38, 1.95, 4.1, 2.03, 1.3]
Episode: 1900, total reward: 153.09
each agent reward: [58.23, 50.02, 45.11, 0.24, -3.02, 1.26, -0.1, 5.31, -2.5, -1.24, -1.81, 1.12, 0.47]
Episode: 2000, total reward: 180.38
each agent reward: [57.67, 49.81, 59.8, 1.15, 3.29, 2.17, 0.21, 4.96, -2.68, 0.51, 0.43, 1.34, 1.72]
Episode: 2100, total reward: 180.4
each agent reward: [57.73, 49.74, 63.46, -0.2, -1.07, 5.87, 0.23, 5.47, -2.4, -1.77, -0.48, 1.6, 2.22]
Episode: 2200, total reward: 173.95999999999995
each agent reward: [58.38, 49.67, 58.08, 0.14, 1.7, 3.55, -0.03, 5.5, -2.65, -0.8, -0.59, 1.1, -0.09]
Episode: 2300, total reward: 168.21
each agent reward: [57.51, 50.42, 52.6, -0.42, 1.53, 2.75, -0.11, 4.93, -2.72, 0.57, -1.74, 1.3, 1.59]
Episode: 2400, total reward: 160.48999999999998
each agent reward: [58.13, 49.63, 49.93, -0.1, -0.17, 2.34, -0.06, 4.92, -2.32, -3.3, 0.06, 1.89, -0.46]
Episode: 2500, total reward: 151.33
each agent reward: [58.13, 42.26, 49.96, -1.09, -0.13, 2.6, -0.1, 5.46, -2.5, -3.29, -1.6, 1.37, 0.26]
Episode: 2600, total reward: 148.70999999999998
each agent reward: [58.05, 41.78, 50.23, -1.08, -0.24, 2.77, -0.19, 5.11, -2.43, -3.99, -2.18, 1.39, -0.51]
Episode: 2700, total reward: 154.24999999999997
each agent reward: [66.14, 42.15, 50.31, -1.23, 1.33, 0.07, -0.02, 4.1, -2.74, -4.39, -1.58, 1.44, -1.33]
Episode: 2800, total reward: 147.55999999999997
each agent reward: [66.52, 41.99, 43.79, -1.24, 0.32, -0.56, -0.26, 4.17, -2.72, -2.94, -1.54, 1.32, -1.29]
Episode: 2900, total reward: 137.69
each agent reward: [66.47, 42.05, 37.98, -0.93, -0.52, -0.73, -0.29, 4.1, -2.71, -4.32, -3.02, 0.96, -1.35]
Episode: 3000, total reward: 159.70000000000002
each agent reward: [66.01, 50.04, 43.51, 0.24, 1.41, -0.31, -0.07, 3.73, -2.79, -2.12, -1.66, 1.35, 0.36]
Episode: 3100, total reward: 161.04999999999998
each agent reward: [65.95, 50.0, 45.08, 0.16, 0.33, -0.1, 0.14, 4.04, -2.52, -2.39, -1.08, 1.18, 0.26]
Episode: 3200, total reward: 167.45
each agent reward: [65.43, 57.97, 41.63, 1.44, -0.21, 0.33, 0.0, 4.02, 1.35, -2.29, -2.4, 1.17, -0.99]
Episode: 3300, total reward: 155.06
each agent reward: [65.56, 57.97, 34.11, 1.74, -0.83, 0.52, -0.28, 4.44, 1.09, -7.23, -3.35, 1.12, 0.2]
Episode: 3400, total reward: 174.85000000000002
each agent reward: [66.11, 58.32, 45.99, 1.14, -2.26, 0.59, -0.35, 4.5, 1.79, -2.89, -0.14, 0.98, 1.07]
Episode: 3500, total reward: 186.17999999999995
each agent reward: [65.85, 57.93, 53.49, 1.7, -1.22, 0.63, 0.17, 4.63, 1.4, -1.36, 0.98, 1.14, 0.84]
Episode: 3600, total reward: 174.56999999999996
each agent reward: [65.6, 57.59, 49.1, 1.52, -1.79, 0.66, 0.18, 4.32, 1.23, -3.56, -1.61, 1.04, 0.29]
Episode: 3700, total reward: 183.11999999999998
each agent reward: [65.39, 58.31, 52.76, 2.18, -0.02, 0.67, -0.2, 4.25, 1.26, -2.85, -1.33, 1.25, 1.45]
Episode: 3800, total reward: 189.06
each agent reward: [66.07, 57.91, 57.47, 1.73, 1.21, 0.65, -0.18, 4.16, 0.9, -1.67, -1.03, 1.27, 0.57]
Episode: 3900, total reward: 191.49
each agent reward: [65.98, 57.82, 57.73, 1.3, 0.64, 0.78, 0.23, 4.81, 1.44, -2.09, 0.08, 1.33, 1.44]
Episode: 4000, total reward: 178.64000000000001
each agent reward: [65.32, 57.9, 49.4, 1.68, 2.08, 0.72, -0.55, 4.35, 0.96, -2.92, -2.12, 0.75, 1.07]
Episode: 4100, total reward: 180.51999999999998
each agent reward: [65.99, 58.46, 48.34, 2.18, 2.47, 0.39, 0.23, 4.64, 1.21, -3.54, -2.72, 1.35, 1.52]
Episode: 4200, total reward: 190.95000000000002
each agent reward: [65.9, 57.69, 54.95, 1.53, 2.73, 0.55, 0.1, 4.19, 0.9, 0.14, -0.17, 1.28, 1.16]
Episode: 4300, total reward: 184.03999999999996
each agent reward: [66.53, 58.33, 46.57, 2.93, 2.48, 0.56, -0.11, 3.92, 1.03, -0.46, -0.12, 0.98, 1.4]
Episode: 4400, total reward: 199.40000000000006
each agent reward: [66.52, 57.66, 58.31, 1.53, 3.39, 0.36, 0.31, 4.62, 1.58, 3.61, -1.1, 1.4, 1.21]
Episode: 4500, total reward: 197.82000000000002
each agent reward: [66.18, 57.84, 58.07, 2.71, 2.73, 0.46, -0.15, 4.29, 1.4, 2.55, -1.52, 1.52, 1.74]
Episode: 4600, total reward: 180.38999999999996
each agent reward: [65.86, 58.23, 42.17, 2.66, 2.9, 0.53, -0.33, 4.14, 1.43, -0.11, 0.12, 1.45, 1.34]
Episode: 4700, total reward: 194.22999999999996
each agent reward: [66.22, 57.82, 53.75, 3.1, 2.67, 0.65, -0.23, 4.23, 0.9, 0.1, 2.64, 0.98, 1.4]
Episode: 4800, total reward: 187.93999999999997
each agent reward: [65.88, 58.22, 50.05, 1.29, 2.75, 0.44, -0.47, 2.39, 1.09, 0.3, 4.18, 0.75, 1.07]
Episode: 4900, total reward: 188.79000000000002
each agent reward: [66.43, 58.12, 49.85, 1.27, 2.52, 0.45, -0.06, 2.78, 1.03, 0.21, 4.06, 1.1, 1.03]
Episode: 5000, total reward: 193.05999999999995
each agent reward: [66.11, 58.27, 58.08, 1.67, 2.43, 0.18, -0.08, 2.9, 1.37, 0.41, -1.34, 1.64, 1.42]
Episode: 5100, total reward: 187.82999999999996
each agent reward: [65.91, 58.26, 48.99, 2.43, 2.46, 0.16, -0.05, 2.64, 0.98, 0.2, 3.93, 1.1, 0.82]
Episode: 5200, total reward: 188.69
each agent reward: [66.44, 58.31, 50.04, 1.68, 2.53, 0.3, -0.11, 2.53, 1.17, 0.27, 3.5, 1.21, 0.82]
Episode: 5300, total reward: 192.6
each agent reward: [66.16, 58.56, 58.4, -0.77, 2.79, 0.11, 0.31, 3.45, 1.58, 0.4, -1.07, 1.26, 1.42]
Episode: 5400, total reward: 181.34000000000003
each agent reward: [65.79, 58.06, 47.16, 0.77, 2.37, 0.3, -0.17, 2.65, 0.72, 0.25, 1.18, 1.23, 1.03]
Episode: 5500, total reward: 187.87000000000003
each agent reward: [66.1, 57.92, 50.34, 1.45, 2.34, 0.35, -0.07, 2.91, 0.99, 0.11, 3.96, 0.89, 0.58]
Episode: 5600, total reward: 188.95000000000002
each agent reward: [66.15, 58.05, 50.28, 1.92, 2.54, 0.35, -0.13, 2.69, 0.71, 0.09, 3.93, 1.25, 1.12]
Episode: 5700, total reward: 190.69
each agent reward: [66.6, 58.08, 50.06, 3.09, 2.72, 0.54, 0.0, 2.5, 0.66, 0.19, 4.07, 1.13, 1.05]
Episode: 5800, total reward: 173.95999999999998
each agent reward: [66.19, 57.88, 43.58, 0.26, 2.62, 0.03, -0.03, 2.63, 1.07, 0.3, -2.53, 1.06, 0.9]
Episode: 5900, total reward: 170.79000000000002
each agent reward: [66.03, 57.64, 42.88, -0.9, 2.27, 0.22, -0.14, 2.46, 1.26, 0.26, -2.94, 0.75, 1.0]
Episode: 6000, total reward: 169.94999999999996
each agent reward: [65.94, 57.91, 42.17, -0.24, 2.48, 0.29, -0.17, 2.63, 0.67, 0.05, -3.29, 0.72, 0.79]
Episode: 6100, total reward: 190.75999999999996
each agent reward: [65.61, 58.22, 57.96, 0.25, 2.63, 0.18, -0.05, 3.06, 1.48, 0.39, -1.35, 1.25, 1.13]
Episode: 6200, total reward: 188.55
each agent reward: [66.35, 57.82, 49.91, 1.86, 2.57, 0.44, -0.16, 2.55, 0.9, 0.23, 4.14, 1.11, 0.83]
Episode: 6300, total reward: 187.79000000000002
each agent reward: [66.0, 57.71, 49.9, 1.69, 2.61, 0.41, -0.49, 2.76, 0.89, 0.25, 3.83, 0.93, 1.3]
Episode: 6400, total reward: 172.74999999999994
each agent reward: [66.38, 58.25, 41.91, 0.07, 2.7, 0.13, -0.06, 2.72, 1.26, 0.15, -2.68, 0.98, 0.94]
Episode: 6500, total reward: 172.16
each agent reward: [66.57, 57.77, 42.27, 0.1, 2.54, 0.48, -0.52, 2.44, 0.72, 0.11, -2.53, 1.18, 1.03]
Episode: 6600, total reward: 179.74
each agent reward: [66.54, 58.12, 45.77, 1.55, 2.45, 0.17, 0.24, 2.96, 0.94, 0.18, -1.37, 1.02, 1.17]
Episode: 6700, total reward: 172.59000000000006
each agent reward: [65.91, 58.34, 42.09, 0.68, 2.22, 0.27, -0.54, 2.87, 1.08, -0.02, -2.6, 0.96, 1.33]
Episode: 6800, total reward: 173.95000000000002
each agent reward: [66.43, 58.0, 42.29, 1.23, 2.51, 0.21, 0.02, 2.6, 1.19, 0.24, -2.63, 0.75, 1.11]
Episode: 6900, total reward: 191.95000000000002
each agent reward: [65.86, 57.62, 58.25, 1.02, 2.53, 0.46, -0.15, 3.37, 1.47, 0.33, -1.35, 1.39, 1.15]
Episode: 7000, total reward: 174.07999999999998
each agent reward: [66.29, 57.84, 43.35, 1.67, 2.7, 0.07, -0.48, 2.56, 1.09, 0.04, -2.96, 0.69, 1.22]
Episode: 7100, total reward: 183.34
each agent reward: [66.46, 58.47, 47.61, 1.5, 2.64, 0.75, 0.15, 3.09, 1.47, -0.21, -1.1, 1.33, 1.18]
Episode: 7200, total reward: 181.12
each agent reward: [65.83, 58.51, 48.59, 1.49, 2.44, 0.25, 0.21, 2.98, 1.23, 0.12, -2.71, 1.43, 0.75]
Episode: 7300, total reward: 192.48999999999995
each agent reward: [66.28, 58.02, 54.1, 1.54, 3.0, 0.63, -0.08, 2.79, 0.65, -0.08, 3.13, 1.09, 1.42]
Episode: 7400, total reward: 188.99
each agent reward: [66.1, 58.0, 49.91, 1.78, 2.62, 0.25, 0.01, 2.81, 1.18, 0.16, 3.8, 1.03, 1.34]
Episode: 7500, total reward: 188.21999999999997
each agent reward: [66.29, 58.09, 50.52, 1.41, 2.02, 0.4, 0.01, 2.26, 0.95, 0.01, 4.25, 0.88, 1.13]
Episode: 7600, total reward: 188.3
each agent reward: [66.38, 58.23, 49.99, 1.65, 2.69, 0.34, -0.08, 2.98, 0.97, -0.04, 3.61, 0.75, 0.83]
Episode: 7700, total reward: 189.91000000000005
each agent reward: [66.31, 58.4, 50.14, 1.8, 2.61, 0.15, 0.31, 3.06, 0.86, 0.14, 3.98, 1.36, 0.79]
Episode: 7800, total reward: 188.58
each agent reward: [66.15, 57.45, 50.09, 1.7, 2.64, 0.18, 0.2, 2.68, 0.71, 0.34, 4.08, 1.27, 1.09]
Episode: 7900, total reward: 188.12
each agent reward: [66.06, 58.03, 50.07, 1.6, 2.58, 0.26, -0.03, 2.47, 1.18, 0.37, 3.8, 1.0, 0.73]
Episode: 8000, total reward: 189.37
each agent reward: [66.28, 58.07, 49.79, 1.58, 2.72, 0.31, -0.17, 2.93, 1.21, 0.13, 4.48, 1.0, 1.04]
Episode: 8100, total reward: 175.17000000000002
each agent reward: [66.53, 58.14, 42.48, 1.65, 2.56, 0.31, -0.36, 2.68, 1.43, 0.31, -2.65, 0.74, 1.35]
Episode: 8200, total reward: 175.09
each agent reward: [65.96, 58.12, 43.11, 1.63, 2.53, 0.09, -0.45, 2.61, 0.67, 0.22, -1.54, 0.97, 1.17]
Episode: 8300, total reward: 177.13
each agent reward: [66.06, 58.5, 43.48, 1.67, 2.78, 0.29, -0.42, 2.43, 1.03, 0.09, -1.27, 1.16, 1.33]
Episode: 8400, total reward: 187.57000000000005
each agent reward: [66.26, 57.56, 49.88, 1.53, 2.74, 0.31, -0.44, 2.55, 1.12, 0.22, 3.57, 1.12, 1.15]
Episode: 8500, total reward: 189.49
each agent reward: [65.81, 58.41, 50.0, 1.79, 2.43, 0.31, -0.21, 3.23, 1.11, 0.13, 4.12, 1.08, 1.28]
Episode: 8600, total reward: 190.16000000000003
each agent reward: [66.38, 58.49, 49.63, 1.96, 2.86, 0.25, 0.06, 3.24, 0.97, 0.14, 3.77, 1.17, 1.24]
Episode: 8700, total reward: 187.94
each agent reward: [65.61, 58.31, 49.62, 1.75, 2.78, 0.34, 0.03, 2.71, 0.74, 0.29, 3.95, 0.93, 0.88]
Episode: 8800, total reward: 187.27999999999997
each agent reward: [66.12, 57.45, 49.9, 1.62, 2.32, 0.28, 0.26, 2.23, 0.71, 0.03, 4.19, 1.1, 1.07]
Episode: 8900, total reward: 187.76
each agent reward: [66.14, 57.79, 49.88, 1.64, 2.4, 0.53, -0.38, 2.48, 0.79, 0.31, 4.44, 0.62, 1.12]
Episode: 9000, total reward: 187.77000000000004
each agent reward: [65.96, 57.86, 49.95, 1.74, 2.59, 0.28, -0.23, 2.83, 0.98, 0.08, 3.86, 0.93, 0.94]
Episode: 9100, total reward: 188.08
each agent reward: [65.59, 58.09, 49.88, 1.33, 2.69, 0.32, -0.21, 3.04, 1.3, 0.09, 3.93, 0.97, 1.06]
Episode: 9200, total reward: 188.99999999999994
each agent reward: [65.78, 57.95, 50.28, 1.65, 2.88, 0.15, -0.21, 2.95, 1.14, 0.12, 3.95, 1.16, 1.2]
Episode: 9300, total reward: 189.1
each agent reward: [66.21, 58.3, 50.02, 1.82, 2.54, 0.36, -0.13, 3.04, 0.91, 0.09, 4.1, 0.78, 1.06]
Episode: 9400, total reward: 187.18
each agent reward: [66.15, 57.59, 50.52, 1.35, 2.45, 0.26, -0.27, 2.33, 0.88, 0.27, 4.11, 1.0, 0.54]
Episode: 9500, total reward: 187.21999999999997
each agent reward: [65.78, 57.8, 50.1, 1.82, 2.34, 0.5, 0.1, 2.38, 0.85, 0.12, 3.82, 0.66, 0.95]
Episode: 9600, total reward: 188.47000000000003
each agent reward: [66.23, 58.05, 49.88, 2.07, 2.65, 0.37, -0.2, 3.12, 1.05, 0.03, 3.39, 0.96, 0.87]
Episode: 9700, total reward: 189.76
each agent reward: [66.86, 58.06, 49.91, 1.76, 2.85, 0.26, -0.54, 2.88, 1.08, 0.25, 3.85, 1.43, 1.11]
Episode: 9800, total reward: 188.75000000000003
each agent reward: [65.78, 58.34, 50.37, 1.69, 2.56, 0.35, -0.3, 3.09, 0.86, -0.03, 3.99, 1.21, 0.84]
Episode: 9900, total reward: 187.29000000000002
each agent reward: [65.59, 57.75, 50.3, 1.4, 2.47, 0.43, -0.06, 2.35, 1.03, 0.31, 4.36, 0.83, 0.53]
Episode: 10000, total reward: 188.62000000000003
each agent reward: [65.62, 58.17, 49.94, 1.65, 2.74, 0.18, -0.09, 2.82, 1.13, 0.19, 4.03, 1.19, 1.05]
Episode: 10100, total reward: 189.95
each agent reward: [66.01, 58.42, 50.06, 1.87, 2.68, 0.44, 0.07, 3.07, 1.06, 0.22, 4.07, 1.0, 0.98]
Episode: 10200, total reward: 189.01
each agent reward: [65.92, 58.18, 50.21, 1.44, 3.0, 0.27, 0.0, 2.76, 1.04, 0.21, 3.89, 1.06, 1.03]
Episode: 10300, total reward: 188.64000000000001
each agent reward: [65.94, 58.21, 50.0, 1.79, 2.69, 0.29, -0.01, 2.41, 1.09, 0.24, 3.77, 1.19, 1.03]
Episode: 10400, total reward: 188.22
each agent reward: [66.5, 57.81, 49.96, 1.64, 2.9, 0.47, -0.35, 2.42, 0.93, 0.19, 4.08, 1.01, 0.66]
Episode: 10500, total reward: 188.69999999999996
each agent reward: [65.96, 58.19, 49.93, 1.67, 2.88, 0.42, 0.03, 2.81, 0.53, 0.13, 4.22, 0.97, 0.96]
Episode: 10600, total reward: 186.07000000000002
each agent reward: [66.12, 57.59, 50.0, 1.69, 2.31, 0.36, -0.32, 2.71, 0.64, 0.14, 3.78, 0.68, 0.37]
Episode: 10700, total reward: 188.55
each agent reward: [65.84, 57.96, 50.17, 1.64, 2.59, 0.39, -0.32, 2.97, 1.03, 0.22, 4.0, 1.1, 0.96]
Episode: 10800, total reward: 188.15
each agent reward: [65.72, 57.94, 50.34, 1.61, 2.29, 0.26, -0.39, 2.92, 0.74, 0.15, 4.2, 1.38, 0.99]
Episode: 10900, total reward: 188.55
each agent reward: [66.43, 57.51, 50.01, 1.24, 3.07, 0.46, -0.33, 3.0, 0.78, 0.11, 3.94, 1.37, 0.96]
Episode: 11000, total reward: 189.57000000000002
each agent reward: [66.83, 58.33, 49.89, 1.99, 2.37, 0.34, 0.09, 2.38, 0.98, 0.11, 3.93, 1.32, 1.01]
Episode: 11100, total reward: 188.7
each agent reward: [66.13, 58.63, 49.38, 1.64, 2.63, 0.35, 0.0, 2.56, 1.06, 0.05, 3.81, 1.25, 1.21]
Episode: 11200, total reward: 188.26999999999995
each agent reward: [66.28, 58.07, 49.87, 1.7, 1.95, 0.3, -0.09, 2.75, 1.0, 0.22, 4.23, 0.89, 1.1]
Episode: 11300, total reward: 189.27000000000004
each agent reward: [66.04, 57.9, 50.15, 1.55, 2.62, 0.29, -0.39, 2.93, 1.38, 0.28, 3.8, 1.31, 1.41]
Episode: 11400, total reward: 188.79
each agent reward: [65.7, 57.9, 50.01, 1.46, 2.79, 0.24, -0.1, 2.9, 1.53, 0.01, 4.19, 1.26, 0.9]
Episode: 11500, total reward: 188.39000000000001
each agent reward: [65.99, 58.3, 50.0, 1.47, 2.68, 0.33, -0.13, 2.38, 0.69, 0.26, 4.46, 0.75, 1.21]
Episode: 11600, total reward: 188.41000000000003
each agent reward: [65.49, 58.39, 49.81, 1.79, 2.52, 0.35, 0.15, 2.58, 1.02, 0.17, 3.99, 1.04, 1.11]
Episode: 11700, total reward: 168.19
each agent reward: [65.77, 57.93, 34.07, 1.55, 2.37, 0.24, 0.09, 2.98, 1.1, -0.21, 0.11, 1.3, 0.89]
Episode: 11800, total reward: 167.62000000000003
each agent reward: [66.52, 57.95, 33.91, 1.43, 2.62, 0.36, -0.17, 2.36, 1.13, -0.15, -0.17, 0.91, 0.92]
Episode: 11900, total reward: 168.63
each agent reward: [65.11, 58.14, 34.38, 1.44, 1.62, 0.42, 0.51, 2.72, 0.97, -0.19, 1.43, 1.0, 1.08]
Episode: 12000, total reward: 168.80999999999995
each agent reward: [66.77, 57.46, 34.8, 1.63, 2.53, 0.23, 0.2, 2.63, 1.12, -0.43, -0.46, 1.47, 0.86]
Episode: 12100, total reward: 167.47
each agent reward: [66.22, 58.03, 34.01, 1.1, 1.99, 0.25, 0.03, 2.56, 0.82, -0.17, -0.03, 1.46, 1.2]
Episode: 12200, total reward: 167.29999999999995
each agent reward: [65.39, 57.99, 34.03, 1.55, 2.73, 0.09, 0.07, 2.63, 0.98, -0.12, 0.03, 0.92, 1.01]
Episode: 12300, total reward: 164.65000000000003
each agent reward: [65.54, 57.86, 33.69, 1.01, 1.91, 0.08, 0.11, 2.71, 0.74, -0.38, -0.2, 0.95, 0.63]
Episode: 12400, total reward: 167.92999999999995
each agent reward: [66.46, 57.68, 34.04, 1.7, 2.76, 0.29, 0.09, 2.48, 1.01, -0.29, -0.21, 0.96, 0.96]
Episode: 12500, total reward: 166.73999999999998
each agent reward: [65.92, 57.68, 34.15, 1.34, 2.25, 0.16, -0.1, 2.24, 1.26, -0.28, -0.09, 1.07, 1.14]
Episode: 12600, total reward: 167.07999999999998
each agent reward: [65.74, 58.15, 33.67, 1.06, 2.6, 0.39, 0.08, 3.04, 1.26, -0.3, -0.51, 1.15, 0.75]
Episode: 12700, total reward: 168.30999999999997
each agent reward: [66.0, 57.9, 34.13, 1.57, 2.43, 0.23, 0.39, 2.57, 1.11, -0.04, -0.08, 1.07, 1.03]
Episode: 12800, total reward: 177.39999999999998
each agent reward: [65.58, 58.47, 41.03, 1.42, 2.36, 0.23, -0.04, 3.34, 1.6, -0.09, 1.11, 0.92, 1.47]
Episode: 12900, total reward: 167.64
each agent reward: [65.94, 58.35, 33.61, 1.86, 2.35, 0.03, -0.35, 2.78, 0.99, -0.15, 0.04, 0.73, 1.46]
Episode: 13000, total reward: 167.82000000000002
each agent reward: [66.01, 58.04, 33.78, 1.58, 2.53, 0.15, 0.16, 2.66, 1.09, -0.21, 0.41, 0.79, 0.83]
Episode: 13100, total reward: 168.26000000000002
each agent reward: [66.13, 57.81, 33.96, 1.41, 2.47, 0.34, -0.15, 3.05, 1.34, -0.09, 0.21, 0.75, 1.03]
Episode: 13200, total reward: 167.55999999999997
each agent reward: [65.92, 58.03, 34.16, 1.94, 2.4, 0.4, 0.14, 2.64, 0.92, -0.12, -0.21, 0.79, 0.55]
Episode: 13300, total reward: 166.63999999999996
each agent reward: [66.17, 57.78, 33.69, 1.38, 1.91, 0.48, -0.18, 2.41, 0.61, -0.21, 0.09, 1.29, 1.22]
Episode: 13400, total reward: 188.64999999999995
each agent reward: [65.82, 58.11, 50.45, 1.17, 2.95, 0.3, 0.54, 3.2, 1.31, 0.29, 2.42, 1.18, 0.91]
Episode: 13500, total reward: 173.99
each agent reward: [66.11, 57.92, 40.56, 1.11, 2.27, 0.35, 0.27, 0.43, 1.42, 0.16, 1.19, 1.03, 1.17]
Episode: 13600, total reward: 168.19
each agent reward: [65.59, 58.18, 33.92, 1.62, 2.26, 0.21, 0.17, 3.09, 1.22, -0.17, 0.22, 0.97, 0.91]
Episode: 13700, total reward: 187.81
each agent reward: [65.76, 58.5, 48.83, 1.62, 2.55, 0.35, 0.09, 2.98, 1.57, -0.03, 2.82, 1.61, 1.16]
