Episode: -1, total reward: 1314196.875
each agent reward: 1314196.875
Episode: 1, total reward: 1314196.875
each agent reward: 1314196.875
Episode 0 return: -1336803.625
Episode: 0, total reward: 1314196.875
each agent reward: 1314196.875
Episode 1 return: -1370471.125
Episode: 1, total reward: 1314196.875
each agent reward: 1314196.875
Episode 2 return: -1357324.5
Episode: 2, total reward: 1314196.875
each agent reward: 1314196.875
Episode 3 return: -1346547.25
Episode: 3, total reward: 1314196.875
each agent reward: 1314196.875
Episode 4 return: -1341119.875
Episode: 4, total reward: 1314196.875
each agent reward: 1314196.875
Episode 5 return: -1356046.875
Episode: 5, total reward: 1314196.875
each agent reward: 1314196.875
Episode 6 return: -1378233.25
Episode: 6, total reward: 1314196.875
each agent reward: 1314196.875
Episode 7 return: -1334680.875
Episode: 7, total reward: 1314196.875
each agent reward: 1314196.875
Episode 8 return: -1366168.875
Episode: 8, total reward: 1314196.875
each agent reward: 1314196.875
Episode 9 return: -1367213.0
Episode: 9, total reward: 1314196.875
each agent reward: 1314196.875
Episode 10 return: -1374142.875
Episode: 10, total reward: 1314196.875
each agent reward: 1314196.875
Episode 11 return: -1301806.875
Episode: 11, total reward: 1314196.875
each agent reward: 1314196.875
Episode 12 return: -1539623.625
Episode: 12, total reward: 1786408.25
each agent reward: 1786408.25
Episode 13 return: -1726447.75
Episode: 13, total reward: 1786408.25
each agent reward: 1786408.25
Episode 14 return: -1706394.5
Episode: 14, total reward: 1786408.25
each agent reward: 1786408.25
Episode 15 return: -1714581.75
Episode: 15, total reward: 1786408.25
each agent reward: 1786408.25
Episode 16 return: -1693975.0
Episode: 16, total reward: 1786408.25
each agent reward: 1786408.25
Episode 17 return: -1677969.375
Episode: 17, total reward: 1786408.25
each agent reward: 1786408.25
Episode 18 return: -1825421.25
Episode: 18, total reward: 1786408.25
each agent reward: 1786408.25
Episode 19 return: -1768825.5
Episode: 19, total reward: 1786408.25
each agent reward: 1786408.25
Episode 20 return: -1852484.625
Episode: 20, total reward: 1786408.25
each agent reward: 1786408.25
Episode 21 return: -1759349.75
Episode: 21, total reward: 1786408.25
each agent reward: 1786408.25
Episode 22 return: -1760208.625
Episode: 22, total reward: 1786408.25
each agent reward: 1786408.25
Episode 23 return: -1748634.125
Episode: 23, total reward: 1787152.0
each agent reward: 1787152.0
Episode 24 return: -1814125.25
Episode: 24, total reward: 1787267.25
each agent reward: 1787267.25
Episode 25 return: -1731614.875
Episode: 25, total reward: 1787267.25
each agent reward: 1787267.25
Episode 26 return: -1635498.75
Episode: 26, total reward: 1787610.625
each agent reward: 1787610.625
Episode 27 return: -1787604.0
Episode: 27, total reward: 1787610.625
each agent reward: 1787610.625
Episode 28 return: -1729011.0
Episode: 28, total reward: 1787152.0
each agent reward: 1787152.0
Episode 29 return: -1703488.875
Episode: 29, total reward: 1787267.25
each agent reward: 1787267.25
Episode 30 return: -1775040.625
Episode: 30, total reward: 1787267.25
each agent reward: 1787267.25
Episode 31 return: -1723782.75
Episode: 31, total reward: 1790823.0
each agent reward: 1790823.0
Episode 32 return: -1701241.625
Episode: 32, total reward: 1790645.25
each agent reward: 1790645.25
Episode 33 return: -1748802.375
Episode: 33, total reward: 1786150.0
each agent reward: 1786150.0
Episode 34 return: -1605989.125
Episode: 34, total reward: 1777825.875
each agent reward: 1777825.875
Episode 35 return: -1585699.625
Episode: 35, total reward: 1777825.875
each agent reward: 1777825.875
Episode 36 return: -1673605.375
Episode: 36, total reward: 1749695.625
each agent reward: 1749695.625
Episode 37 return: -1618796.625
Episode: 37, total reward: 1729729.875
each agent reward: 1729729.875
Episode 38 return: -1616178.5
Episode: 38, total reward: 1693624.5
each agent reward: 1693624.5
Episode 39 return: -1650994.375
Episode: 39, total reward: 1643100.75
each agent reward: 1643100.75
Episode 40 return: -1568109.5
Episode: 40, total reward: 1643100.75
each agent reward: 1643100.75
Episode 41 return: -1638643.625
Episode: 41, total reward: 1612149.375
each agent reward: 1612149.375
Episode 42 return: -1644702.875
Episode: 42, total reward: 1578172.75
each agent reward: 1578172.75
Episode 43 return: -1695787.125
Episode: 43, total reward: 1558169.375
each agent reward: 1558169.375
Episode 44 return: -1608260.375
Episode: 44, total reward: 1563027.5
each agent reward: 1563027.5
Episode 45 return: -1570169.625
Episode: 45, total reward: 1563027.5
each agent reward: 1563027.5
Episode 46 return: -1537799.75
Episode: 46, total reward: 1595490.375
each agent reward: 1595490.375
Episode 47 return: -1584217.25
Episode: 47, total reward: 1645676.0
each agent reward: 1645676.0
Episode 48 return: -1599235.0
Episode: 48, total reward: 1674908.75
each agent reward: 1674908.75
Episode 49 return: -1470243.0
Episode: 49, total reward: 1721383.25
each agent reward: 1721383.25
Episode 50 return: -1519306.875
Episode: 50, total reward: 1721383.25
each agent reward: 1721383.25
Episode 51 return: -1530281.25
Episode: 51, total reward: 1732047.625
each agent reward: 1732047.625
Episode 52 return: -1473719.0
Episode: 52, total reward: 1727363.625
each agent reward: 1727363.625
Episode 53 return: -1309969.625
Episode: 53, total reward: 1724110.875
each agent reward: 1724110.875
Episode 54 return: -1511453.5
Episode: 54, total reward: 1720951.625
each agent reward: 1720951.625
Episode 55 return: -1496056.25
Episode: 55, total reward: 1720951.625
each agent reward: 1720951.625
Episode 56 return: -1338404.5
Episode: 56, total reward: 1684455.375
each agent reward: 1684455.375
Episode 57 return: -1414926.875
Episode: 57, total reward: 1617785.5
each agent reward: 1617785.5
Episode 58 return: -1315152.625
Episode: 58, total reward: 1543541.375
each agent reward: 1543541.375
Episode 59 return: -1395015.375
Episode: 59, total reward: 1482419.875
each agent reward: 1482419.875
Episode 60 return: -1294344.875
Episode: 60, total reward: 1482419.875
each agent reward: 1482419.875
Episode 61 return: -1339893.375
Episode: 61, total reward: 1404204.25
each agent reward: 1404204.25
Episode 62 return: -1266143.75
Episode: 62, total reward: 1426796.375
each agent reward: 1426796.375
Episode 63 return: -1291371.625
Episode: 63, total reward: 1423133.75
each agent reward: 1423133.75
Episode 64 return: -1334541.625
Episode: 64, total reward: 1396628.125
each agent reward: 1396628.125
Episode 65 return: -1212587.625
Episode: 65, total reward: 1396628.125
each agent reward: 1396628.125
Episode 66 return: -1235719.375
Episode: 66, total reward: 1386257.5
each agent reward: 1386257.5
Episode 67 return: -1278971.125
Episode: 67, total reward: 1371288.5
each agent reward: 1371288.5
Episode 68 return: -1304719.5
Episode: 68, total reward: 1365567.75
each agent reward: 1365567.75
Episode 69 return: -1246088.375
Episode: 69, total reward: 1368060.375
each agent reward: 1368060.375
Episode 70 return: -1206109.75
Episode: 70, total reward: 1368060.375
each agent reward: 1368060.375
Episode 71 return: -1198866.5
Episode: 71, total reward: 1401580.0
each agent reward: 1401580.0
Episode 72 return: -1239202.375
Episode: 72, total reward: 1414984.25
each agent reward: 1414984.25
Episode 73 return: -1238402.625
Episode: 73, total reward: 1416927.75
each agent reward: 1416927.75
Episode 74 return: -1251991.875
Episode: 74, total reward: 1366518.125
each agent reward: 1366518.125
Episode 75 return: -1219754.375
Episode: 75, total reward: 1366518.125
each agent reward: 1366518.125
Episode 76 return: -1317251.125
Episode: 76, total reward: 1366691.75
each agent reward: 1366691.75
Episode 77 return: -1270488.25
Episode: 77, total reward: 1293402.875
each agent reward: 1293402.875
Episode 78 return: -1306335.5
Episode: 78, total reward: 1258886.375
each agent reward: 1258886.375
Episode 79 return: -1322930.625
Episode: 79, total reward: 1259071.875
each agent reward: 1259071.875
Episode 80 return: -1245494.5
Episode: 80, total reward: 1259071.875
each agent reward: 1259071.875
Episode 81 return: -1374665.5
Episode: 81, total reward: 1273986.25
each agent reward: 1273986.25
Episode 82 return: -1321684.625
Episode: 82, total reward: 1292787.625
each agent reward: 1292787.625
Episode 83 return: -1203260.5
Episode: 83, total reward: 1294014.0
each agent reward: 1294014.0
Episode 84 return: -1296054.125
Episode: 84, total reward: 1284631.0
each agent reward: 1284631.0
Episode 85 return: -1275014.875
Episode: 85, total reward: 1284631.0
each agent reward: 1284631.0
Episode 86 return: -1296062.25
Episode: 86, total reward: 1274756.25
each agent reward: 1274756.25
Episode 87 return: -1373114.125
Episode: 87, total reward: 1249497.875
each agent reward: 1249497.875
Episode 88 return: -1253727.5
Episode: 88, total reward: 1249312.5
each agent reward: 1249312.5
Episode 89 return: -1154429.25
Episode: 89, total reward: 1253742.5
each agent reward: 1253742.5
Episode 90 return: -1166088.0
Episode: 90, total reward: 1253742.5
each agent reward: 1253742.5
Episode 91 return: -1240628.875
Episode: 91, total reward: 1204190.5
each agent reward: 1204190.5
Episode 92 return: -1328292.625
Episode: 92, total reward: 1270030.5
each agent reward: 1270030.5
Episode 93 return: -1249934.75
Episode: 93, total reward: 1290427.75
each agent reward: 1290427.75
Episode 94 return: -1307864.375
Episode: 94, total reward: 1250184.75
each agent reward: 1250184.75
Episode 95 return: -1251261.375
Episode: 95, total reward: 1250184.75
each agent reward: 1250184.75
Episode 96 return: -1210908.875
Episode: 96, total reward: 1191035.25
each agent reward: 1191035.25
Episode 97 return: -1280895.625
Episode: 97, total reward: 1237525.0
each agent reward: 1237525.0
Episode 98 return: -1248911.0
Episode: 98, total reward: 1244016.625
each agent reward: 1244016.625
Episode 99 return: -1213380.0
Episode: 99, total reward: 1246605.75
each agent reward: 1246605.75
Episode 100 return: -1256087.5
Episode: 100, total reward: 1246605.75
each agent reward: 1246605.75
Episode 101 return: -1207706.5
Episode: 101, total reward: 1201602.25
each agent reward: 1201602.25
Episode 102 return: -1218482.5
Episode: 102, total reward: 1206413.875
each agent reward: 1206413.875
Episode 103 return: -1204187.25
Episode: 103, total reward: 1240072.0
each agent reward: 1240072.0
Episode 104 return: -1311162.625
Episode: 104, total reward: 1246531.5
each agent reward: 1246531.5
Episode 105 return: -1259868.125
Episode: 105, total reward: 1246531.5
each agent reward: 1246531.5
Episode 106 return: -1209066.0
Episode: 106, total reward: 1223428.25
each agent reward: 1223428.25
Episode 107 return: -1388820.5
Episode: 107, total reward: 1173778.125
each agent reward: 1173778.125
Episode 108 return: -1253067.625
Episode: 108, total reward: 1143642.75
each agent reward: 1143642.75
Episode 109 return: -1242600.0
Episode: 109, total reward: 1121409.5
each agent reward: 1121409.5
Episode 110 return: -1241952.0
Episode: 110, total reward: 1121409.5
each agent reward: 1121409.5
Episode 111 return: -1186226.375
Episode: 111, total reward: 1092148.875
each agent reward: 1092148.875
Episode 112 return: -1260321.25
Episode: 112, total reward: 1052940.0
each agent reward: 1052940.0
Episode 113 return: -1222323.0
Episode: 113, total reward: 1083443.875
each agent reward: 1083443.875
Episode 114 return: -1206223.125
Episode: 114, total reward: 1047491.875
each agent reward: 1047491.875
Episode 115 return: -1262643.625
Episode: 115, total reward: 1047491.875
each agent reward: 1047491.875
Episode 116 return: -1182247.5
Episode: 116, total reward: 1006604.3125
each agent reward: 1006604.3125
Episode 117 return: -1309268.25
Episode: 117, total reward: 977008.75
each agent reward: 977008.75
Episode 118 return: -1197153.125
Episode: 118, total reward: 942257.4375
each agent reward: 942257.4375
Episode 119 return: -1145793.375
Episode: 119, total reward: 913279.5625
each agent reward: 913279.5625
Episode 120 return: -1340421.125
Episode: 120, total reward: 913279.5625
each agent reward: 913279.5625
Episode 121 return: -1168957.125
Episode: 121, total reward: 873988.375
each agent reward: 873988.375
Episode 122 return: -1195547.125
Episode: 122, total reward: 825310.875
each agent reward: 825310.875
Episode 123 return: -1234204.0
Episode: 123, total reward: 771772.25
each agent reward: 771772.25
Episode 124 return: -1102747.875
Episode: 124, total reward: 742922.0625
each agent reward: 742922.0625
Episode 125 return: -1227395.25
Episode: 125, total reward: 742922.0625
each agent reward: 742922.0625
Episode 126 return: -1065362.0
Episode: 126, total reward: 692396.5
each agent reward: 692396.5
Episode 127 return: -1100755.5
Episode: 127, total reward: 642881.75
each agent reward: 642881.75
Episode 128 return: -1228702.0
Episode: 128, total reward: 622335.0
each agent reward: 622335.0
Episode 129 return: -1217535.875
Episode: 129, total reward: 621829.5625
each agent reward: 621829.5625
Episode 130 return: -1327023.125
Episode: 130, total reward: 621829.5625
each agent reward: 621829.5625
Episode 131 return: -1176147.5
Episode: 131, total reward: 643103.8125
each agent reward: 643103.8125
Episode 132 return: -1155476.625
Episode: 132, total reward: 659731.1875
each agent reward: 659731.1875
Episode 133 return: -1222840.25
Episode: 133, total reward: 656276.5
each agent reward: 656276.5
Episode 134 return: -1098802.75
Episode: 134, total reward: 635968.4375
each agent reward: 635968.4375
Episode 135 return: -1245446.125
Episode: 135, total reward: 635968.4375
each agent reward: 635968.4375
Episode 136 return: -1148767.75
Episode: 136, total reward: 637428.5625
each agent reward: 637428.5625
Episode 137 return: -1200330.25
Episode: 137, total reward: 722700.8125
each agent reward: 722700.8125
Episode 138 return: -1032637.25
Episode: 138, total reward: 742645.4375
each agent reward: 742645.4375
Episode 139 return: -1160581.375
Episode: 139, total reward: 730830.875
each agent reward: 730830.875
Episode 140 return: -1168187.5
Episode: 140, total reward: 730830.875
each agent reward: 730830.875
Episode 141 return: -1025177.3125
Episode: 141, total reward: 748421.4375
each agent reward: 748421.4375
Episode 142 return: -1167762.875
Episode: 142, total reward: 785568.75
each agent reward: 785568.75
Episode 143 return: -1154581.5
Episode: 143, total reward: 761925.5
each agent reward: 761925.5
Episode 144 return: -1090126.875
Episode: 144, total reward: 768800.625
each agent reward: 768800.625
Episode 145 return: -1206348.0
Episode: 145, total reward: 768800.625
each agent reward: 768800.625
Episode 146 return: -1239011.625
Episode: 146, total reward: 753160.875
each agent reward: 753160.875
Episode 147 return: -1185801.75
Episode: 147, total reward: 746149.25
each agent reward: 746149.25
Episode 148 return: -1056782.375
Episode: 148, total reward: 741071.875
each agent reward: 741071.875
Episode 149 return: -1014315.0
Episode: 149, total reward: 661654.3125
each agent reward: 661654.3125
Episode 150 return: -1122832.375
Episode: 150, total reward: 661654.3125
each agent reward: 661654.3125
Episode 151 return: -1177720.875
Episode: 151, total reward: 639685.5625
each agent reward: 639685.5625
Episode 152 return: -1225925.5
Episode: 152, total reward: 616296.25
each agent reward: 616296.25
Episode 153 return: -1134145.0
Episode: 153, total reward: 583805.625
each agent reward: 583805.625
Episode 154 return: -1172995.25
Episode: 154, total reward: 652590.125
each agent reward: 652590.125
Episode 155 return: -1217291.625
Episode: 155, total reward: 652590.125
each agent reward: 652590.125
Episode 156 return: -1230505.875
Episode: 156, total reward: 768349.375
each agent reward: 768349.375
Episode 157 return: -1138234.125
Episode: 157, total reward: 819355.875
each agent reward: 819355.875
Episode 158 return: -1197431.5
Episode: 158, total reward: 790593.8125
each agent reward: 790593.8125
Episode 159 return: -1181003.625
Episode: 159, total reward: 758087.9375
each agent reward: 758087.9375
Episode 160 return: -1287179.625
Episode: 160, total reward: 758087.9375
each agent reward: 758087.9375
Episode 161 return: -1228185.125
Episode: 161, total reward: 735009.75
each agent reward: 735009.75
Episode 162 return: -1088560.875
Episode: 162, total reward: 689876.0
each agent reward: 689876.0
Episode 163 return: -1247084.375
Episode: 163, total reward: 663659.25
each agent reward: 663659.25
Episode 164 return: -1203792.875
Episode: 164, total reward: 660611.5
each agent reward: 660611.5
Episode 165 return: -1153179.625
Episode: 165, total reward: 660611.5
each agent reward: 660611.5
Episode 166 return: -1153515.375
Episode: 166, total reward: 607849.0625
each agent reward: 607849.0625
Episode 167 return: -1150332.875
Episode: 167, total reward: 623161.625
each agent reward: 623161.625
Episode 168 return: -1076007.875
Episode: 168, total reward: 642940.125
each agent reward: 642940.125
Episode 169 return: -1159978.75
Episode: 169, total reward: 685625.5
each agent reward: 685625.5
Episode 170 return: -1145662.375
Episode: 170, total reward: 685625.5
each agent reward: 685625.5
Episode 171 return: -1212072.625
Episode: 171, total reward: 709199.3125
each agent reward: 709199.3125
Episode 172 return: -1207919.5
Episode: 172, total reward: 721121.5625
each agent reward: 721121.5625
Episode 173 return: -1138441.375
Episode: 173, total reward: 706939.5625
each agent reward: 706939.5625
Episode 174 return: -1172583.375
Episode: 174, total reward: 662683.75
each agent reward: 662683.75
Episode 175 return: -1093661.5
Episode: 175, total reward: 662683.75
each agent reward: 662683.75
Episode 176 return: -1171585.875
Episode: 176, total reward: 609267.375
each agent reward: 609267.375
Episode 177 return: -1153021.75
Episode: 177, total reward: 568589.8125
each agent reward: 568589.8125
Episode 178 return: -1232694.875
Episode: 178, total reward: 534963.25
each agent reward: 534963.25
Episode 179 return: -1310250.0
Episode: 179, total reward: 514196.28125
each agent reward: 514196.28125
Episode 180 return: -1100387.625
Episode: 180, total reward: 514196.28125
each agent reward: 514196.28125
Episode 181 return: -1109810.5
Episode: 181, total reward: 493397.5625
each agent reward: 493397.5625
Episode 182 return: -1166833.75
Episode: 182, total reward: 499936.0625
each agent reward: 499936.0625
Episode 183 return: -1136612.125
Episode: 183, total reward: 519364.90625
each agent reward: 519364.90625
Episode 184 return: -1165740.875
Episode: 184, total reward: 487265.25
each agent reward: 487265.25
Episode 185 return: -1065823.5
Episode: 185, total reward: 487265.25
each agent reward: 487265.25
Episode 186 return: -1125848.75
Episode: 186, total reward: 504125.9375
each agent reward: 504125.9375
Episode 187 return: -1168635.75
Episode: 187, total reward: 527468.375
each agent reward: 527468.375
Episode 188 return: -1173103.125
Episode: 188, total reward: 531842.625
each agent reward: 531842.625
Episode 189 return: -1085168.5
Episode: 189, total reward: 536418.875
each agent reward: 536418.875
Episode 190 return: -1121334.875
Episode: 190, total reward: 536418.875
each agent reward: 536418.875
Episode 191 return: -1143836.25
Episode: 191, total reward: 535489.5
each agent reward: 535489.5
Episode 192 return: -1231757.375
Episode: 192, total reward: 528768.1875
each agent reward: 528768.1875
Episode 193 return: -1039035.75
Episode: 193, total reward: 564039.3125
each agent reward: 564039.3125
Episode 194 return: -1065146.875
Episode: 194, total reward: 592716.6875
each agent reward: 592716.6875
Episode 195 return: -1119202.5
Episode: 195, total reward: 592716.6875
each agent reward: 592716.6875
Episode 196 return: -1022499.0
Episode: 196, total reward: 623756.5
each agent reward: 623756.5
Episode 197 return: -1026765.5625
Episode: 197, total reward: 656040.125
each agent reward: 656040.125
Episode 198 return: -1143885.125
Episode: 198, total reward: 655939.25
each agent reward: 655939.25
Episode 199 return: -1107005.75
Episode: 199, total reward: 645666.9375
each agent reward: 645666.9375
Episode 200 return: -1132649.125
Episode: 200, total reward: 645666.9375
each agent reward: 645666.9375
Episode 201 return: -1107627.5
Episode: 201, total reward: 614874.6875
each agent reward: 614874.6875
Episode 202 return: -1064978.375
Episode: 202, total reward: 563354.375
each agent reward: 563354.375
Episode 203 return: -1081816.5
Episode: 203, total reward: 580823.25
each agent reward: 580823.25
Episode 204 return: -1272389.5
Episode: 204, total reward: 625220.3125
each agent reward: 625220.3125
Episode 205 return: -1108599.5
Episode: 205, total reward: 625220.3125
each agent reward: 625220.3125
Episode 206 return: -1056974.625
Episode: 206, total reward: 674539.0625
each agent reward: 674539.0625
Episode 207 return: -1223161.375
Episode: 207, total reward: 741147.0
each agent reward: 741147.0
Episode 208 return: -1231459.875
Episode: 208, total reward: 785900.3125
each agent reward: 785900.3125
Episode 209 return: -1101280.5
Episode: 209, total reward: 851756.5625
each agent reward: 851756.5625
Episode 210 return: -1211108.375
Episode: 210, total reward: 851756.5625
each agent reward: 851756.5625
Episode 211 return: -1196957.625
Episode: 211, total reward: 927898.4375
each agent reward: 927898.4375
Episode 212 return: -1108406.0
Episode: 212, total reward: 962632.0625
each agent reward: 962632.0625
Episode 213 return: -1218700.375
Episode: 213, total reward: 962842.25
each agent reward: 962842.25
Episode 214 return: -1129601.5
Episode: 214, total reward: 936770.75
each agent reward: 936770.75
Episode 215 return: -1217932.625
Episode: 215, total reward: 936770.75
each agent reward: 936770.75
Episode 216 return: -1205463.0
Episode: 216, total reward: 819909.3125
each agent reward: 819909.3125
Episode 217 return: -1126055.125
Episode: 217, total reward: 706130.125
each agent reward: 706130.125
Episode 218 return: -1058564.5
Episode: 218, total reward: 643094.125
each agent reward: 643094.125
Episode 219 return: -1215711.375
Episode: 219, total reward: 551363.375
each agent reward: 551363.375
Episode 220 return: -1163460.875
Episode: 220, total reward: 551363.375
each agent reward: 551363.375
Episode 221 return: -1189540.125
Episode: 221, total reward: 475064.75
each agent reward: 475064.75
Episode 222 return: -1124024.25
Episode: 222, total reward: 450460.0
each agent reward: 450460.0
Episode 223 return: -1164709.5
Episode: 223, total reward: 392789.15625
each agent reward: 392789.15625
Episode 224 return: -1016603.75
Episode: 224, total reward: 413963.40625
each agent reward: 413963.40625
Episode 225 return: -1125502.375
Episode: 225, total reward: 413963.40625
each agent reward: 413963.40625
Episode 226 return: -1174428.0
Episode: 226, total reward: 437008.09375
each agent reward: 437008.09375
Episode 227 return: -1094807.125
Episode: 227, total reward: 497352.96875
each agent reward: 497352.96875
Episode 228 return: -1036465.8125
Episode: 228, total reward: 507882.53125
each agent reward: 507882.53125
Episode 229 return: -1016341.375
Episode: 229, total reward: 578051.25
each agent reward: 578051.25
Episode 230 return: -1043166.5
Episode: 230, total reward: 578051.25
each agent reward: 578051.25
Episode 231 return: -891237.8125
Episode: 231, total reward: 580788.0
each agent reward: 580788.0
Episode 232 return: -967259.1875
Episode: 232, total reward: 550786.125
each agent reward: 550786.125
Episode 233 return: -1084134.75
Episode: 233, total reward: 518295.375
each agent reward: 518295.375
Episode 234 return: -951405.125
Episode: 234, total reward: 527184.125
each agent reward: 527184.125
Episode 235 return: -943704.25
Episode: 235, total reward: 527184.125
each agent reward: 527184.125
Episode 236 return: -1015707.75
Episode: 236, total reward: 507669.15625
each agent reward: 507669.15625
Episode 237 return: -945239.8125
Episode: 237, total reward: 511913.25
each agent reward: 511913.25
Episode 238 return: -999227.375
Episode: 238, total reward: 493597.625
each agent reward: 493597.625
Episode 239 return: -1010373.0
Episode: 239, total reward: 504082.25
each agent reward: 504082.25
Episode 240 return: -944194.0
Episode: 240, total reward: 504082.25
each agent reward: 504082.25
Episode 241 return: -1059631.75
Episode: 241, total reward: 523475.34375
each agent reward: 523475.34375
Episode 242 return: -981494.5625
Episode: 242, total reward: 481417.59375
each agent reward: 481417.59375
Episode 243 return: -951396.375
Episode: 243, total reward: 367609.40625
each agent reward: 367609.40625
Episode 244 return: -904825.0625
Episode: 244, total reward: 352070.84375
each agent reward: 352070.84375
Episode 245 return: -988466.75
Episode: 245, total reward: 352070.84375
each agent reward: 352070.84375
Episode 246 return: -947896.1875
Episode: 246, total reward: 332235.0
each agent reward: 332235.0
Episode 247 return: -968758.625
Episode: 247, total reward: 331713.0
each agent reward: 331713.0
Episode 248 return: -965270.6875
Episode: 248, total reward: 356835.78125
each agent reward: 356835.78125
Episode 249 return: -1008201.375
Episode: 249, total reward: 375513.3125
each agent reward: 375513.3125
Episode 250 return: -986043.25
Episode: 250, total reward: 375513.3125
each agent reward: 375513.3125
Episode 251 return: -1009614.0
Episode: 251, total reward: 407966.84375
each agent reward: 407966.84375
Episode 252 return: -1011183.375
Episode: 252, total reward: 445522.625
each agent reward: 445522.625
Episode 253 return: -1015450.8125
Episode: 253, total reward: 468552.90625
each agent reward: 468552.90625
Episode 254 return: -1058671.5
Episode: 254, total reward: 457009.625
each agent reward: 457009.625
Episode 255 return: -1020768.25
Episode: 255, total reward: 457009.625
each agent reward: 457009.625
Episode 256 return: -1000984.0
Episode: 256, total reward: 418983.03125
each agent reward: 418983.03125
Episode 257 return: -1026309.125
Episode: 257, total reward: 438238.0625
each agent reward: 438238.0625
Episode 258 return: -1061541.5
Episode: 258, total reward: 424181.96875
each agent reward: 424181.96875
Episode 259 return: -1000184.5
Episode: 259, total reward: 453043.625
each agent reward: 453043.625
Episode 260 return: -1096099.375
Episode: 260, total reward: 453043.625
each agent reward: 453043.625
Episode 261 return: -1035769.875
Episode: 261, total reward: 447930.0
each agent reward: 447930.0
Episode 262 return: -1004303.125
Episode: 262, total reward: 452570.40625
each agent reward: 452570.40625
Episode 263 return: -1047836.5625
Episode: 263, total reward: 446772.1875
each agent reward: 446772.1875
Episode 264 return: -1024343.0
Episode: 264, total reward: 430359.75
each agent reward: 430359.75
Episode 265 return: -1075126.375
Episode: 265, total reward: 430359.75
each agent reward: 430359.75
Episode 266 return: -1062592.375
Episode: 266, total reward: 421305.375
each agent reward: 421305.375
Episode 267 return: -1011854.6875
Episode: 267, total reward: 413391.4375
each agent reward: 413391.4375
Episode 268 return: -1082658.25
Episode: 268, total reward: 465312.9375
each agent reward: 465312.9375
Episode 269 return: -1142941.875
Episode: 269, total reward: 496125.125
each agent reward: 496125.125
Episode 270 return: -1115660.625
Episode: 270, total reward: 496125.125
each agent reward: 496125.125
Episode 271 return: -1059456.875
Episode: 271, total reward: 508273.84375
each agent reward: 508273.84375
Episode 272 return: -987052.9375
Episode: 272, total reward: 517480.15625
each agent reward: 517480.15625
Episode 273 return: -984028.5
Episode: 273, total reward: 521258.375
each agent reward: 521258.375
Episode 274 return: -1066439.0
Episode: 274, total reward: 495192.03125
each agent reward: 495192.03125
Episode 275 return: -1022664.8125
Episode: 275, total reward: 495192.03125
each agent reward: 495192.03125
Episode 276 return: -1034714.4375
Episode: 276, total reward: 439998.15625
each agent reward: 439998.15625
Episode 277 return: -1072691.0
Episode: 277, total reward: 413252.71875
each agent reward: 413252.71875
Episode 278 return: -1033845.625
Episode: 278, total reward: 386408.5
each agent reward: 386408.5
Episode 279 return: -928485.375
Episode: 279, total reward: 358987.78125
each agent reward: 358987.78125
Episode 280 return: -912946.125
Episode: 280, total reward: 358987.78125
each agent reward: 358987.78125
Episode 281 return: -929356.875
Episode: 281, total reward: 353373.0
each agent reward: 353373.0
Episode 282 return: -988819.3125
Episode: 282, total reward: 349227.0625
each agent reward: 349227.0625
Episode 283 return: -979157.25
Episode: 283, total reward: 353324.15625
each agent reward: 353324.15625
Episode 284 return: -974224.25
Episode: 284, total reward: 409001.0625
each agent reward: 409001.0625
Episode 285 return: -1052439.625
Episode: 285, total reward: 409001.0625
each agent reward: 409001.0625
Episode 286 return: -946646.1875
Episode: 286, total reward: 437423.875
each agent reward: 437423.875
Episode 287 return: -894062.4375
Episode: 287, total reward: 477271.0
each agent reward: 477271.0
Episode 288 return: -901106.5625
Episode: 288, total reward: 461238.5625
each agent reward: 461238.5625
Episode 289 return: -900850.9375
Episode: 289, total reward: 447759.0625
each agent reward: 447759.0625
Episode 290 return: -976736.9375
Episode: 290, total reward: 447759.0625
each agent reward: 447759.0625
Episode 291 return: -945656.3125
Episode: 291, total reward: 400598.53125
each agent reward: 400598.53125
Episode 292 return: -957344.3125
Episode: 292, total reward: 351268.53125
each agent reward: 351268.53125
Episode 293 return: -901389.9375
Episode: 293, total reward: 321597.03125
each agent reward: 321597.03125
Episode 294 return: -881159.4375
Episode: 294, total reward: 286266.59375
each agent reward: 286266.59375
Episode 295 return: -901496.5
Episode: 295, total reward: 286266.59375
each agent reward: 286266.59375
Episode 296 return: -859214.75
Episode: 296, total reward: 277061.84375
each agent reward: 277061.84375
Episode 297 return: -975316.0
Episode: 297, total reward: 287853.21875
each agent reward: 287853.21875
Episode 298 return: -893864.875
Episode: 298, total reward: 302698.90625
each agent reward: 302698.90625
Episode 299 return: -781418.0
Episode: 299, total reward: 329756.4375
each agent reward: 329756.4375
Episode 300 return: -855990.3125
Episode: 300, total reward: 329756.4375
each agent reward: 329756.4375
Episode 301 return: -811954.25
Episode: 301, total reward: 361702.46875
each agent reward: 361702.46875
Episode 302 return: -888078.375
Episode: 302, total reward: 358489.6875
each agent reward: 358489.6875
Episode 303 return: -804126.8125
Episode: 303, total reward: 347470.21875
each agent reward: 347470.21875
Episode 304 return: -919980.0
Episode: 304, total reward: 338337.71875
each agent reward: 338337.71875
Episode 305 return: -874715.3125
Episode: 305, total reward: 338337.71875
each agent reward: 338337.71875
Episode 306 return: -945423.1875
Episode: 306, total reward: 320331.125
each agent reward: 320331.125
Episode 307 return: -959473.3125
Episode: 307, total reward: 294377.15625
each agent reward: 294377.15625
Episode 308 return: -931523.0625
Episode: 308, total reward: 290584.75
each agent reward: 290584.75
Episode 309 return: -872374.4375
Episode: 309, total reward: 283845.75
each agent reward: 283845.75
Episode 310 return: -863982.125
Episode: 310, total reward: 283845.75
each agent reward: 283845.75
Episode 311 return: -904518.625
Episode: 311, total reward: 265415.78125
each agent reward: 265415.78125
Episode 312 return: -897792.3125
Episode: 312, total reward: 265448.75
each agent reward: 265448.75
Episode 313 return: -1012978.4375
Episode: 313, total reward: 268020.875
each agent reward: 268020.875
Episode 314 return: -926739.25
Episode: 314, total reward: 269401.1875
each agent reward: 269401.1875
Episode 315 return: -948278.1875
Episode: 315, total reward: 269401.1875
each agent reward: 269401.1875
Episode 316 return: -871358.5625
Episode: 316, total reward: 266913.71875
each agent reward: 266913.71875
Episode 317 return: -890973.75
Episode: 317, total reward: 267025.53125
each agent reward: 267025.53125
Episode 318 return: -799058.625
Episode: 318, total reward: 268680.90625
each agent reward: 268680.90625
Episode 319 return: -809469.4375
Episode: 319, total reward: 266983.34375
each agent reward: 266983.34375
Episode 320 return: -909266.1875
Episode: 320, total reward: 266983.34375
each agent reward: 266983.34375
Episode 321 return: -899073.4375
Episode: 321, total reward: 275049.96875
each agent reward: 275049.96875
Episode 322 return: -865860.5
Episode: 322, total reward: 277558.78125
each agent reward: 277558.78125
Episode 323 return: -828680.4375
Episode: 323, total reward: 276823.15625
each agent reward: 276823.15625
Episode 324 return: -903228.4375
Episode: 324, total reward: 275645.0
each agent reward: 275645.0
Episode 325 return: -916786.625
Episode: 325, total reward: 275645.0
each agent reward: 275645.0
Episode 326 return: -857897.0
Episode: 326, total reward: 267750.375
each agent reward: 267750.375
Episode 327 return: -829318.875
Episode: 327, total reward: 268440.5
each agent reward: 268440.5
Episode 328 return: -839958.8125
Episode: 328, total reward: 269500.25
each agent reward: 269500.25
Episode 329 return: -922373.1875
Episode: 329, total reward: 270865.84375
each agent reward: 270865.84375
Episode 330 return: -980898.5
Episode: 330, total reward: 270865.84375
each agent reward: 270865.84375
Episode 331 return: -893752.0625
Episode: 331, total reward: 269418.90625
each agent reward: 269418.90625
Episode 332 return: -831243.375
Episode: 332, total reward: 274368.5
each agent reward: 274368.5
Episode 333 return: -858229.5625
Episode: 333, total reward: 276174.71875
each agent reward: 276174.71875
Episode 334 return: -811930.0625
Episode: 334, total reward: 275083.65625
each agent reward: 275083.65625
Episode 335 return: -907982.25
Episode: 335, total reward: 275083.65625
each agent reward: 275083.65625
Episode 336 return: -853699.125
Episode: 336, total reward: 272667.21875
each agent reward: 272667.21875
Episode 337 return: -833809.125
Episode: 337, total reward: 273557.90625
each agent reward: 273557.90625
Episode 338 return: -845697.375
Episode: 338, total reward: 275326.875
each agent reward: 275326.875
Episode 339 return: -843623.9375
Episode: 339, total reward: 278526.6875
each agent reward: 278526.6875
Episode 340 return: -880135.0
Episode: 340, total reward: 278526.6875
each agent reward: 278526.6875
Episode 341 return: -779512.5625
Episode: 341, total reward: 281099.15625
each agent reward: 281099.15625
Episode 342 return: -763635.0
Episode: 342, total reward: 279113.125
each agent reward: 279113.125
Episode 343 return: -818211.6875
Episode: 343, total reward: 277590.9375
each agent reward: 277590.9375
Episode 344 return: -770966.625
Episode: 344, total reward: 277123.03125
each agent reward: 277123.03125
Episode 345 return: -785915.25
Episode: 345, total reward: 277123.03125
each agent reward: 277123.03125
Episode 346 return: -872243.125
Episode: 346, total reward: 277961.8125
each agent reward: 277961.8125
Episode 347 return: -800365.1875
Episode: 347, total reward: 277277.1875
each agent reward: 277277.1875
Episode 348 return: -845712.5
Episode: 348, total reward: 277880.40625
each agent reward: 277880.40625
Episode 349 return: -761889.25
Episode: 349, total reward: 274972.1875
each agent reward: 274972.1875
Episode 350 return: -812339.375
Episode: 350, total reward: 274972.1875
each agent reward: 274972.1875
Episode 351 return: -856195.1875
Episode: 351, total reward: 289828.90625
each agent reward: 289828.90625
Episode 352 return: -783947.25
Episode: 352, total reward: 288049.34375
each agent reward: 288049.34375
Episode 353 return: -755075.8125
Episode: 353, total reward: 297512.21875
each agent reward: 297512.21875
Episode 354 return: -764751.6875
Episode: 354, total reward: 304878.5
each agent reward: 304878.5
Episode 355 return: -787540.875
Episode: 355, total reward: 304878.5
each agent reward: 304878.5
Episode 356 return: -748582.125
Episode: 356, total reward: 305928.5
each agent reward: 305928.5
Episode 357 return: -786545.4375
Episode: 357, total reward: 308588.53125
each agent reward: 308588.53125
Episode 358 return: -761273.375
Episode: 358, total reward: 324586.09375
each agent reward: 324586.09375
Episode 359 return: -809291.8125
Episode: 359, total reward: 311246.9375
each agent reward: 311246.9375
Episode 360 return: -830078.5625
Episode: 360, total reward: 311246.9375
each agent reward: 311246.9375
Episode 361 return: -895192.8125
Episode: 361, total reward: 308767.4375
each agent reward: 308767.4375
Episode 362 return: -744466.1875
Episode: 362, total reward: 286488.4375
each agent reward: 286488.4375
Episode 363 return: -754540.6875
Episode: 363, total reward: 290491.375
each agent reward: 290491.375
Episode 364 return: -719908.5625
Episode: 364, total reward: 287600.46875
each agent reward: 287600.46875
Episode 365 return: -818158.8125
Episode: 365, total reward: 287600.46875
each agent reward: 287600.46875
Episode 366 return: -834443.25
Episode: 366, total reward: 290011.40625
each agent reward: 290011.40625
Episode 367 return: -720952.875
Episode: 367, total reward: 294946.125
each agent reward: 294946.125
Episode 368 return: -825198.625
Episode: 368, total reward: 292485.78125
each agent reward: 292485.78125
Episode 369 return: -726808.625
Episode: 369, total reward: 290225.90625
each agent reward: 290225.90625
Episode 370 return: -773042.75
Episode: 370, total reward: 290225.90625
each agent reward: 290225.90625
Episode 371 return: -869290.8125
Episode: 371, total reward: 291698.28125
each agent reward: 291698.28125
Episode 372 return: -681900.625
Episode: 372, total reward: 286273.90625
each agent reward: 286273.90625
Episode 373 return: -777330.8125
Episode: 373, total reward: 286806.5625
each agent reward: 286806.5625
Episode 374 return: -724985.25
Episode: 374, total reward: 278627.65625
each agent reward: 278627.65625
Episode 375 return: -691003.0625
Episode: 375, total reward: 278627.65625
each agent reward: 278627.65625
Episode 376 return: -856816.0625
Episode: 376, total reward: 273063.5625
each agent reward: 273063.5625
Episode 377 return: -653681.3125
Episode: 377, total reward: 281631.46875
each agent reward: 281631.46875
Episode 378 return: -705893.0
Episode: 378, total reward: 282604.125
each agent reward: 282604.125
Episode 379 return: -648097.625
Episode: 379, total reward: 289563.625
each agent reward: 289563.625
Episode 380 return: -705920.25
Episode: 380, total reward: 289563.625
each agent reward: 289563.625
Episode 381 return: -749684.0625
Episode: 381, total reward: 286078.34375
each agent reward: 286078.34375
Episode 382 return: -665783.625
Episode: 382, total reward: 286824.8125
each agent reward: 286824.8125
Episode 383 return: -680529.0
Episode: 383, total reward: 288288.59375
each agent reward: 288288.59375
Episode 384 return: -734807.875
Episode: 384, total reward: 280180.78125
each agent reward: 280180.78125
Episode 385 return: -731214.625
Episode: 385, total reward: 280180.78125
each agent reward: 280180.78125
Episode 386 return: -697255.375
Episode: 386, total reward: 276910.875
each agent reward: 276910.875
Episode 387 return: -674238.4375
Episode: 387, total reward: 294591.0
each agent reward: 294591.0
Episode 388 return: -697103.375
Episode: 388, total reward: 291304.28125
each agent reward: 291304.28125
Episode 389 return: -751100.1875
Episode: 389, total reward: 289477.75
each agent reward: 289477.75
Episode 390 return: -826994.6875
Episode: 390, total reward: 289477.75
each agent reward: 289477.75
Episode 391 return: -640398.125
Episode: 391, total reward: 288265.03125
each agent reward: 288265.03125
Episode 392 return: -756975.25
Episode: 392, total reward: 283400.03125
each agent reward: 283400.03125
Episode 393 return: -754205.625
Episode: 393, total reward: 283092.1875
each agent reward: 283092.1875
Episode 394 return: -760728.125
Episode: 394, total reward: 278130.40625
each agent reward: 278130.40625
Episode 395 return: -770810.875
Episode: 395, total reward: 278130.40625
each agent reward: 278130.40625
Episode 396 return: -724033.125
Episode: 396, total reward: 281263.96875
each agent reward: 281263.96875
Episode 397 return: -795877.1875
Episode: 397, total reward: 283464.09375
each agent reward: 283464.09375
Episode 398 return: -798586.125
Episode: 398, total reward: 282951.65625
each agent reward: 282951.65625
Episode 399 return: -786985.375
Episode: 399, total reward: 279083.625
each agent reward: 279083.625
Episode 400 return: -867596.3125
Episode: 400, total reward: 279083.625
each agent reward: 279083.625
Episode 401 return: -891799.0
Episode: 401, total reward: 273131.21875
each agent reward: 273131.21875
Episode 402 return: -777211.6875
Episode: 402, total reward: 270414.9375
each agent reward: 270414.9375
Episode 403 return: -793527.8125
Episode: 403, total reward: 266242.5625
each agent reward: 266242.5625
Episode 404 return: -710685.8125
Episode: 404, total reward: 264800.4375
each agent reward: 264800.4375
Episode 405 return: -763462.375
Episode: 405, total reward: 264800.4375
each agent reward: 264800.4375
Episode 406 return: -792746.375
Episode: 406, total reward: 268232.65625
each agent reward: 268232.65625
Episode 407 return: -720970.0
Episode: 407, total reward: 275815.125
each agent reward: 275815.125
Episode 408 return: -822646.375
Episode: 408, total reward: 276565.0
each agent reward: 276565.0
Episode 409 return: -763781.75
Episode: 409, total reward: 282100.46875
each agent reward: 282100.46875
Episode 410 return: -761264.9375
Episode: 410, total reward: 282100.46875
each agent reward: 282100.46875
Episode 411 return: -676557.9375
Episode: 411, total reward: 296151.8125
each agent reward: 296151.8125
Episode 412 return: -776897.125
Episode: 412, total reward: 301098.375
each agent reward: 301098.375
Episode 413 return: -762078.9375
Episode: 413, total reward: 287478.90625
each agent reward: 287478.90625
Episode 414 return: -775921.4375
Episode: 414, total reward: 281252.09375
each agent reward: 281252.09375
Episode 415 return: -767700.5625
Episode: 415, total reward: 281252.09375
each agent reward: 281252.09375
Episode 416 return: -739263.1875
Episode: 416, total reward: 282549.125
each agent reward: 282549.125
Episode 417 return: -690181.3125
Episode: 417, total reward: 279801.59375
each agent reward: 279801.59375
Episode 418 return: -663404.25
Episode: 418, total reward: 271446.75
each agent reward: 271446.75
Episode 419 return: -716670.3125
Episode: 419, total reward: 273751.28125
each agent reward: 273751.28125
Episode 420 return: -742759.4375
Episode: 420, total reward: 273751.28125
each agent reward: 273751.28125
Episode 421 return: -749489.625
Episode: 421, total reward: 271717.15625
each agent reward: 271717.15625
Episode 422 return: -693917.5625
Episode: 422, total reward: 270185.96875
each agent reward: 270185.96875
Episode 423 return: -702578.125
Episode: 423, total reward: 261781.109375
each agent reward: 261781.109375
Episode 424 return: -689068.9375
Episode: 424, total reward: 256300.96875
each agent reward: 256300.96875
Episode 425 return: -733939.1875
Episode: 425, total reward: 256300.96875
each agent reward: 256300.96875
Episode 426 return: -693520.75
Episode: 426, total reward: 255733.046875
each agent reward: 255733.046875
Episode 427 return: -757436.75
Episode: 427, total reward: 255021.34375
each agent reward: 255021.34375
Episode 428 return: -660880.125
Episode: 428, total reward: 253973.6875
each agent reward: 253973.6875
Episode 429 return: -736370.3125
Episode: 429, total reward: 257644.96875
each agent reward: 257644.96875
Episode 430 return: -796606.75
Episode: 430, total reward: 257644.96875
each agent reward: 257644.96875
Episode 431 return: -711080.25
Episode: 431, total reward: 262861.75
each agent reward: 262861.75
Episode 432 return: -727552.625
Episode: 432, total reward: 266386.875
each agent reward: 266386.875
Episode 433 return: -750700.8125
Episode: 433, total reward: 266539.125
each agent reward: 266539.125
Episode 434 return: -753996.9375
Episode: 434, total reward: 266471.9375
each agent reward: 266471.9375
Episode 435 return: -724406.9375
Episode: 435, total reward: 266471.9375
each agent reward: 266471.9375
Episode 436 return: -739369.75
Episode: 436, total reward: 264845.28125
each agent reward: 264845.28125
Episode 437 return: -729149.5625
Episode: 437, total reward: 264429.65625
each agent reward: 264429.65625
Episode 438 return: -765645.4375
Episode: 438, total reward: 262267.25
each agent reward: 262267.25
Episode 439 return: -642788.75
Episode: 439, total reward: 261027.53125
each agent reward: 261027.53125
Episode 440 return: -756815.375
Episode: 440, total reward: 261027.53125
each agent reward: 261027.53125
Episode 441 return: -666793.1875
Episode: 441, total reward: 260288.140625
each agent reward: 260288.140625
Episode 442 return: -676597.0
Episode: 442, total reward: 291637.46875
each agent reward: 291637.46875
Episode 443 return: -717668.0625
Episode: 443, total reward: 336716.59375
each agent reward: 336716.59375
Episode 444 return: -651633.9375
Episode: 444, total reward: 362304.71875
each agent reward: 362304.71875
Episode 445 return: -735830.0
Episode: 445, total reward: 362304.71875
each agent reward: 362304.71875
Episode 446 return: -738965.0625
Episode: 446, total reward: 344054.90625
each agent reward: 344054.90625
Episode 447 return: -720649.5625
Episode: 447, total reward: 326825.90625
each agent reward: 326825.90625
Episode 448 return: -710337.25
Episode: 448, total reward: 329455.78125
each agent reward: 329455.78125
Episode 449 return: -647662.5
Episode: 449, total reward: 326417.28125
each agent reward: 326417.28125
Episode 450 return: -721860.5625
Episode: 450, total reward: 326417.28125
each agent reward: 326417.28125
Episode 451 return: -717878.75
Episode: 451, total reward: 312345.125
each agent reward: 312345.125
Episode 452 return: -671621.4375
Episode: 452, total reward: 307996.625
each agent reward: 307996.625
Episode 453 return: -716733.1875
Episode: 453, total reward: 306180.1875
each agent reward: 306180.1875
Episode 454 return: -723882.25
Episode: 454, total reward: 271889.15625
each agent reward: 271889.15625
Episode 455 return: -642408.6875
Episode: 455, total reward: 271889.15625
each agent reward: 271889.15625
Episode 456 return: -700178.375
Episode: 456, total reward: 280771.46875
each agent reward: 280771.46875
Episode 457 return: -674934.0625
Episode: 457, total reward: 278990.625
each agent reward: 278990.625
Episode 458 return: -716683.5625
Episode: 458, total reward: 276078.46875
each agent reward: 276078.46875
Episode 459 return: -761646.875
Episode: 459, total reward: 277077.4375
each agent reward: 277077.4375
Episode 460 return: -714002.75
Episode: 460, total reward: 277077.4375
each agent reward: 277077.4375
Episode 461 return: -739164.5625
Episode: 461, total reward: 282220.71875
each agent reward: 282220.71875
Episode 462 return: -744294.4375
Episode: 462, total reward: 284639.6875
each agent reward: 284639.6875
Episode 463 return: -779234.75
Episode: 463, total reward: 282953.9375
each agent reward: 282953.9375
Episode 464 return: -726327.1875
Episode: 464, total reward: 277120.375
each agent reward: 277120.375
Episode 465 return: -762176.6875
Episode: 465, total reward: 277120.375
each agent reward: 277120.375
Episode 466 return: -692109.4375
Episode: 466, total reward: 276986.375
each agent reward: 276986.375
Episode 467 return: -727112.5625
Episode: 467, total reward: 274322.15625
each agent reward: 274322.15625
Episode 468 return: -685337.625
Episode: 468, total reward: 273725.78125
each agent reward: 273725.78125
Episode 469 return: -721320.0
Episode: 469, total reward: 275299.03125
each agent reward: 275299.03125
Episode 470 return: -648791.9375
Episode: 470, total reward: 275299.03125
each agent reward: 275299.03125
Episode 471 return: -652952.75
Episode: 471, total reward: 273435.84375
each agent reward: 273435.84375
Episode 472 return: -638307.875
Episode: 472, total reward: 271753.46875
each agent reward: 271753.46875
Episode 473 return: -650790.5
Episode: 473, total reward: 275078.59375
each agent reward: 275078.59375
Episode 474 return: -698215.625
Episode: 474, total reward: 271302.625
each agent reward: 271302.625
Episode 475 return: -673231.4375
Episode: 475, total reward: 271302.625
each agent reward: 271302.625
Episode 476 return: -623050.8125
Episode: 476, total reward: 262185.25
each agent reward: 262185.25
Episode 477 return: -610735.75
Episode: 477, total reward: 260907.75
each agent reward: 260907.75
Episode 478 return: -641547.5
Episode: 478, total reward: 261374.109375
each agent reward: 261374.109375
Episode 479 return: -553183.125
Episode: 479, total reward: 263886.5625
each agent reward: 263886.5625
Episode 480 return: -567796.75
Episode: 480, total reward: 263886.5625
each agent reward: 263886.5625
Episode 481 return: -606661.6875
Episode: 481, total reward: 260178.265625
each agent reward: 260178.265625
Episode 482 return: -530630.0625
Episode: 482, total reward: 258762.6875
each agent reward: 258762.6875
Episode 483 return: -576928.75
Episode: 483, total reward: 259195.171875
each agent reward: 259195.171875
Episode 484 return: -620323.125
Episode: 484, total reward: 261919.296875
each agent reward: 261919.296875
Episode 485 return: -548325.5
Episode: 485, total reward: 261919.296875
each agent reward: 261919.296875
Episode 486 return: -552003.25
Episode: 486, total reward: 257570.671875
each agent reward: 257570.671875
Episode 487 return: -589084.4375
Episode: 487, total reward: 255196.65625
each agent reward: 255196.65625
Episode 488 return: -520669.8125
Episode: 488, total reward: 256261.9375
each agent reward: 256261.9375
Episode 489 return: -532766.8125
Episode: 489, total reward: 257186.328125
each agent reward: 257186.328125
Episode 490 return: -554506.0
Episode: 490, total reward: 257186.328125
each agent reward: 257186.328125
Episode 491 return: -558291.25
Episode: 491, total reward: 256683.703125
each agent reward: 256683.703125
Episode 492 return: -553481.3125
Episode: 492, total reward: 257876.21875
each agent reward: 257876.21875
Episode 493 return: -593847.75
Episode: 493, total reward: 253660.515625
each agent reward: 253660.515625
Episode 494 return: -630260.875
Episode: 494, total reward: 255330.140625
each agent reward: 255330.140625
Episode 495 return: -536167.75
Episode: 495, total reward: 255330.140625
each agent reward: 255330.140625
Episode 496 return: -585362.375
Episode: 496, total reward: 259264.9375
each agent reward: 259264.9375
Episode 497 return: -588890.625
Episode: 497, total reward: 257375.109375
each agent reward: 257375.109375
Episode 498 return: -602771.9375
Episode: 498, total reward: 258907.25
each agent reward: 258907.25
Episode 499 return: -515154.28125
Episode: 499, total reward: 261761.296875
each agent reward: 261761.296875
