Episode: -1, total reward: 1199648.375
each agent reward: 1199648.375
Episode: 1, total reward: 371944.75
each agent reward: 371944.75
Episode 0 return: -700597.3125
Episode: 0, total reward: 371944.75
each agent reward: 371944.75
Episode 1 return: -748949.75
Episode: 1, total reward: 371944.75
each agent reward: 371944.75
Episode 2 return: -683363.125
Episode: 2, total reward: 371944.75
each agent reward: 371944.75
Episode 3 return: -742515.25
Episode: 3, total reward: 371944.75
each agent reward: 371944.75
Episode 4 return: -690167.1875
Episode: 4, total reward: 371944.75
each agent reward: 371944.75
Episode 5 return: -673270.6875
Episode: 5, total reward: 371944.75
each agent reward: 371944.75
Episode 6 return: -715414.4375
Episode: 6, total reward: 371944.75
each agent reward: 371944.75
Episode 7 return: -721725.1875
Episode: 7, total reward: 371944.75
each agent reward: 371944.75
Episode 8 return: -700420.375
Episode: 8, total reward: 371944.75
each agent reward: 371944.75
Episode 9 return: -657247.5
Episode: 9, total reward: 371944.75
each agent reward: 371944.75
Episode 10 return: -717673.0625
Episode: 10, total reward: 371944.75
each agent reward: 371944.75
Episode 11 return: -734391.5
Episode: 11, total reward: 371944.75
each agent reward: 371944.75
Episode 12 return: -903767.25
Episode: 12, total reward: 1621679.375
each agent reward: 1621679.375
Episode 13 return: -979044.6875
Episode: 13, total reward: 729007.125
each agent reward: 729007.125
Episode 14 return: -956549.6875
Episode: 14, total reward: 729080.375
each agent reward: 729080.375
Episode 15 return: -1059966.0
Episode: 15, total reward: 729080.375
each agent reward: 729080.375
Episode 16 return: -1065181.0
Episode: 16, total reward: 729080.375
each agent reward: 729080.375
Episode 17 return: -988432.625
Episode: 17, total reward: 729080.375
each agent reward: 729080.375
Episode 18 return: -965669.5625
Episode: 18, total reward: 729080.375
each agent reward: 729080.375
Episode 19 return: -992848.875
Episode: 19, total reward: 729080.375
each agent reward: 729080.375
Episode 20 return: -962750.3125
Episode: 20, total reward: 729080.375
each agent reward: 729080.375
Episode 21 return: -985341.625
Episode: 21, total reward: 729080.375
each agent reward: 729080.375
Episode 22 return: -1008300.875
Episode: 22, total reward: 729080.375
each agent reward: 729080.375
Episode 23 return: -979927.8125
Episode: 23, total reward: 729080.375
each agent reward: 729080.375
Episode 24 return: -979565.25
Episode: 24, total reward: 729080.375
each agent reward: 729080.375
Episode 25 return: -972284.5625
Episode: 25, total reward: 729080.375
each agent reward: 729080.375
Episode 26 return: -974092.3125
Episode: 26, total reward: 729080.375
each agent reward: 729080.375
Episode 27 return: -982149.25
Episode: 27, total reward: 729080.375
each agent reward: 729080.375
Episode 28 return: -975223.625
Episode: 28, total reward: 729080.375
each agent reward: 729080.375
Episode 29 return: -988901.4375
Episode: 29, total reward: 729080.375
each agent reward: 729080.375
Episode 30 return: -1027925.75
Episode: 30, total reward: 729080.375
each agent reward: 729080.375
Episode 31 return: -1043147.3125
Episode: 31, total reward: 729080.375
each agent reward: 729080.375
Episode 32 return: -1045691.625
Episode: 32, total reward: 729080.375
each agent reward: 729080.375
Episode 33 return: -1019397.1875
Episode: 33, total reward: 729080.375
each agent reward: 729080.375
Episode 34 return: -1020204.25
Episode: 34, total reward: 729080.375
each agent reward: 729080.375
Episode 35 return: -1879587.625
Episode: 35, total reward: 729080.375
each agent reward: 729080.375
Episode 36 return: -992167.6875
Episode: 36, total reward: 729080.375
each agent reward: 729080.375
Episode 37 return: -1033577.625
Episode: 37, total reward: 729080.375
each agent reward: 729080.375
Episode 38 return: -1011364.625
Episode: 38, total reward: 729080.375
each agent reward: 729080.375
Episode 39 return: -1053739.625
Episode: 39, total reward: 729080.375
each agent reward: 729080.375
Episode 40 return: -1005444.0
Episode: 40, total reward: 729080.375
each agent reward: 729080.375
Episode 41 return: -1006569.5
Episode: 41, total reward: 729080.375
each agent reward: 729080.375
Episode 42 return: -966464.9375
Episode: 42, total reward: 729080.375
each agent reward: 729080.375
Episode 43 return: -991116.6875
Episode: 43, total reward: 729080.375
each agent reward: 729080.375
Episode 44 return: -965717.8125
Episode: 44, total reward: 729080.375
each agent reward: 729080.375
Episode 45 return: -983875.5
Episode: 45, total reward: 729080.375
each agent reward: 729080.375
Episode 46 return: -925425.5
Episode: 46, total reward: 729080.375
each agent reward: 729080.375
Episode 47 return: -980385.125
Episode: 47, total reward: 729080.375
each agent reward: 729080.375
Episode 48 return: -1000407.25
Episode: 48, total reward: 729080.375
each agent reward: 729080.375
Episode 49 return: -972624.25
Episode: 49, total reward: 731141.625
each agent reward: 731141.625
Episode 50 return: -1038647.5
Episode: 50, total reward: 731141.625
each agent reward: 731141.625
Episode 51 return: -993711.5
Episode: 51, total reward: 729741.0625
each agent reward: 729741.0625
Episode 52 return: -1026803.0
Episode: 52, total reward: 729007.125
each agent reward: 729007.125
Episode 53 return: -1053783.875
Episode: 53, total reward: 729007.125
each agent reward: 729007.125
Episode 54 return: -958507.75
Episode: 54, total reward: 729007.125
each agent reward: 729007.125
Episode 55 return: -974227.625
Episode: 55, total reward: 729007.125
each agent reward: 729007.125
Episode 56 return: -999717.9375
Episode: 56, total reward: 729007.125
each agent reward: 729007.125
Episode 57 return: -1027307.0625
Episode: 57, total reward: 729007.125
each agent reward: 729007.125
Episode 58 return: -987376.25
Episode: 58, total reward: 729007.125
each agent reward: 729007.125
Episode 59 return: -986497.0625
Episode: 59, total reward: 729007.125
each agent reward: 729007.125
Episode 60 return: -1002904.5625
Episode: 60, total reward: 729007.125
each agent reward: 729007.125
Episode 61 return: -1014414.0625
Episode: 61, total reward: 729007.125
each agent reward: 729007.125
Episode 62 return: -925696.5625
Episode: 62, total reward: 729007.125
each agent reward: 729007.125
Episode 63 return: -1046466.6875
Episode: 63, total reward: 729007.125
each agent reward: 729007.125
Episode 64 return: -1021159.3125
Episode: 64, total reward: 729007.125
each agent reward: 729007.125
Episode 65 return: -965407.25
Episode: 65, total reward: 729007.125
each agent reward: 729007.125
Episode 66 return: -934397.0
Episode: 66, total reward: 729007.125
each agent reward: 729007.125
Episode 67 return: -970319.25
Episode: 67, total reward: 729007.125
each agent reward: 729007.125
Episode 68 return: -955118.125
Episode: 68, total reward: 729007.125
each agent reward: 729007.125
Episode 69 return: -956828.6875
Episode: 69, total reward: 729007.125
each agent reward: 729007.125
Episode 70 return: -1082677.0
Episode: 70, total reward: 729007.125
each agent reward: 729007.125
Episode 71 return: -991472.625
Episode: 71, total reward: 729007.125
each agent reward: 729007.125
Episode 72 return: -1017387.5
Episode: 72, total reward: 729007.125
each agent reward: 729007.125
Episode 73 return: -963444.5
Episode: 73, total reward: 729007.125
each agent reward: 729007.125
Episode 74 return: -1007704.75
Episode: 74, total reward: 729007.125
each agent reward: 729007.125
Episode 75 return: -949963.1875
Episode: 75, total reward: 729007.125
each agent reward: 729007.125
Episode 76 return: -1041040.125
Episode: 76, total reward: 729007.125
each agent reward: 729007.125
Episode 77 return: -947894.1875
Episode: 77, total reward: 729007.125
each agent reward: 729007.125
Episode 78 return: -965036.0625
Episode: 78, total reward: 729007.125
each agent reward: 729007.125
Episode 79 return: -940327.875
Episode: 79, total reward: 729007.125
each agent reward: 729007.125
Episode 80 return: -961739.625
Episode: 80, total reward: 729007.125
each agent reward: 729007.125
Episode 81 return: -886717.0
Episode: 81, total reward: 729007.125
each agent reward: 729007.125
Episode 82 return: -999847.125
Episode: 82, total reward: 730245.5
each agent reward: 730245.5
Episode 83 return: -946897.6875
Episode: 83, total reward: 730245.5
each agent reward: 730245.5
Episode 84 return: -933789.75
Episode: 84, total reward: 730245.5
each agent reward: 730245.5
Episode 85 return: -917619.875
Episode: 85, total reward: 730245.5
each agent reward: 730245.5
Episode 86 return: -929933.1875
Episode: 86, total reward: 730245.5
each agent reward: 730245.5
Episode 87 return: -939970.125
Episode: 87, total reward: 731252.625
each agent reward: 731252.625
Episode 88 return: -886092.25
Episode: 88, total reward: 731806.5
each agent reward: 731806.5
Episode 89 return: -928542.5
Episode: 89, total reward: 733540.3125
each agent reward: 733540.3125
Episode 90 return: -1011821.375
Episode: 90, total reward: 733540.3125
each agent reward: 733540.3125
Episode 91 return: -940187.75
Episode: 91, total reward: 725761.9375
each agent reward: 725761.9375
Episode 92 return: -893371.625
Episode: 92, total reward: 703984.5
each agent reward: 703984.5
Episode 93 return: -964279.4375
Episode: 93, total reward: 684245.25
each agent reward: 684245.25
Episode 94 return: -917607.5
Episode: 94, total reward: 674830.375
each agent reward: 674830.375
Episode 95 return: -972515.5625
Episode: 95, total reward: 674830.375
each agent reward: 674830.375
Episode 96 return: -1001794.5625
Episode: 96, total reward: 670034.25
each agent reward: 670034.25
Episode 97 return: -900703.0
Episode: 97, total reward: 660666.625
each agent reward: 660666.625
Episode 98 return: -1002120.75
Episode: 98, total reward: 655727.125
each agent reward: 655727.125
Episode 99 return: -987540.0
Episode: 99, total reward: 650788.625
each agent reward: 650788.625
Episode 100 return: -1067134.75
Episode: 100, total reward: 650788.625
each agent reward: 650788.625
Episode 101 return: -972694.375
Episode: 101, total reward: 645873.3125
each agent reward: 645873.3125
Episode 102 return: -1021458.125
Episode: 102, total reward: 651151.1875
each agent reward: 651151.1875
Episode 103 return: -1064395.375
Episode: 103, total reward: 669109.25
each agent reward: 669109.25
Episode 104 return: -984655.25
Episode: 104, total reward: 671438.5
each agent reward: 671438.5
Episode 105 return: -1106177.375
Episode: 105, total reward: 671438.5
each agent reward: 671438.5
Episode 106 return: -1134120.75
Episode: 106, total reward: 675184.875
each agent reward: 675184.875
Episode 107 return: -1104435.125
Episode: 107, total reward: 676141.625
each agent reward: 676141.625
Episode 108 return: -1152346.25
Episode: 108, total reward: 672658.5
each agent reward: 672658.5
Episode 109 return: -1228268.75
Episode: 109, total reward: 667730.75
each agent reward: 667730.75
Episode 110 return: -1171573.25
Episode: 110, total reward: 667730.75
each agent reward: 667730.75
Episode 111 return: -1283825.25
Episode: 111, total reward: 649853.375
each agent reward: 649853.375
Episode 112 return: -1378747.375
Episode: 112, total reward: 642694.9375
each agent reward: 642694.9375
Episode 113 return: -1238284.125
Episode: 113, total reward: 639681.6875
each agent reward: 639681.6875
Episode 114 return: -1407404.625
Episode: 114, total reward: 634013.875
each agent reward: 634013.875
Episode 115 return: -1416402.125
Episode: 115, total reward: 634013.875
each agent reward: 634013.875
Episode 116 return: -1376189.0
Episode: 116, total reward: 625021.8125
each agent reward: 625021.8125
Episode 117 return: -1479231.75
Episode: 117, total reward: 635881.5625
each agent reward: 635881.5625
Episode 118 return: -1507451.625
Episode: 118, total reward: 618076.1875
each agent reward: 618076.1875
Episode 119 return: -1527754.625
Episode: 119, total reward: 614231.8125
each agent reward: 614231.8125
Episode 120 return: -1537930.625
Episode: 120, total reward: 614231.8125
each agent reward: 614231.8125
Episode 121 return: -1495177.375
Episode: 121, total reward: 633216.3125
each agent reward: 633216.3125
Episode 122 return: -1558593.75
Episode: 122, total reward: 583754.625
each agent reward: 583754.625
Episode 123 return: -1505818.625
Episode: 123, total reward: 566172.9375
each agent reward: 566172.9375
Episode 124 return: -1523673.25
Episode: 124, total reward: 559836.875
each agent reward: 559836.875
Episode 125 return: -1491436.5
Episode: 125, total reward: 559836.875
each agent reward: 559836.875
Episode 126 return: -1662181.0
Episode: 126, total reward: 560400.75
each agent reward: 560400.75
Episode 127 return: -1590336.625
Episode: 127, total reward: 597360.875
each agent reward: 597360.875
Episode 128 return: -1592624.25
Episode: 128, total reward: 617939.0625
each agent reward: 617939.0625
Episode 129 return: -1646538.75
Episode: 129, total reward: 623769.0
each agent reward: 623769.0
Episode 130 return: -1611313.375
Episode: 130, total reward: 623769.0
each agent reward: 623769.0
Episode 131 return: -1537953.125
Episode: 131, total reward: 615540.9375
each agent reward: 615540.9375
Episode 132 return: -1586520.5
Episode: 132, total reward: 622171.4375
each agent reward: 622171.4375
Episode 133 return: -1499434.25
Episode: 133, total reward: 636537.3125
each agent reward: 636537.3125
Episode 134 return: -1564319.625
Episode: 134, total reward: 646040.75
each agent reward: 646040.75
Episode 135 return: -1785600.0
Episode: 135, total reward: 646040.75
each agent reward: 646040.75
Episode 136 return: -1720577.0
Episode: 136, total reward: 617406.0
each agent reward: 617406.0
Episode 137 return: -1566900.875
Episode: 137, total reward: 608276.0625
each agent reward: 608276.0625
Episode 138 return: -1774445.75
Episode: 138, total reward: 561641.25
each agent reward: 561641.25
Episode 139 return: -1803703.5
Episode: 139, total reward: 528412.625
each agent reward: 528412.625
Episode 140 return: -1661629.875
Episode: 140, total reward: 528412.625
each agent reward: 528412.625
Episode 141 return: -1656642.5
Episode: 141, total reward: 465865.53125
each agent reward: 465865.53125
Episode 142 return: -1669019.0
Episode: 142, total reward: 413480.09375
each agent reward: 413480.09375
Episode 143 return: -1685040.25
Episode: 143, total reward: 402447.15625
each agent reward: 402447.15625
Episode 144 return: -1583832.5
Episode: 144, total reward: 391873.8125
each agent reward: 391873.8125
Episode 145 return: -1488242.375
Episode: 145, total reward: 391873.8125
each agent reward: 391873.8125
Episode 146 return: -1560016.0
Episode: 146, total reward: 390637.0
each agent reward: 390637.0
Episode 147 return: -1584365.625
Episode: 147, total reward: 391286.8125
each agent reward: 391286.8125
Episode 148 return: -1474389.875
Episode: 148, total reward: 391904.59375
each agent reward: 391904.59375
Episode 149 return: -1581665.75
Episode: 149, total reward: 393176.4375
each agent reward: 393176.4375
Episode 150 return: -1538440.625
Episode: 150, total reward: 393176.4375
each agent reward: 393176.4375
Episode 151 return: -1575519.875
Episode: 151, total reward: 388626.34375
each agent reward: 388626.34375
Episode 152 return: -1482052.125
Episode: 152, total reward: 392362.25
each agent reward: 392362.25
Episode 153 return: -1607583.375
Episode: 153, total reward: 396339.09375
each agent reward: 396339.09375
Episode 154 return: -1624751.0
Episode: 154, total reward: 398056.1875
each agent reward: 398056.1875
Episode 155 return: -1507820.375
Episode: 155, total reward: 398056.1875
each agent reward: 398056.1875
Episode 156 return: -1495847.875
Episode: 156, total reward: 407403.1875
each agent reward: 407403.1875
Episode 157 return: -1424100.125
Episode: 157, total reward: 509114.6875
each agent reward: 509114.6875
Episode 158 return: -1415622.25
Episode: 158, total reward: 560424.875
each agent reward: 560424.875
Episode 159 return: -1521084.0
Episode: 159, total reward: 613394.875
each agent reward: 613394.875
Episode 160 return: -1572242.0
Episode: 160, total reward: 613394.875
each agent reward: 613394.875
Episode 161 return: -1631614.375
Episode: 161, total reward: 623057.125
each agent reward: 623057.125
Episode 162 return: -1452762.625
Episode: 162, total reward: 632233.6875
each agent reward: 632233.6875
Episode 163 return: -1583435.625
Episode: 163, total reward: 616959.5
each agent reward: 616959.5
Episode 164 return: -1608306.0
Episode: 164, total reward: 606873.9375
each agent reward: 606873.9375
Episode 165 return: -1637984.625
Episode: 165, total reward: 606873.9375
each agent reward: 606873.9375
Episode 166 return: -1446837.5
Episode: 166, total reward: 575167.375
each agent reward: 575167.375
Episode 167 return: -1606691.75
Episode: 167, total reward: 525051.75
each agent reward: 525051.75
Episode 168 return: -1381908.0
Episode: 168, total reward: 520341.53125
each agent reward: 520341.53125
Episode 169 return: -1494738.25
Episode: 169, total reward: 505209.6875
each agent reward: 505209.6875
Episode 170 return: -1646052.25
Episode: 170, total reward: 505209.6875
each agent reward: 505209.6875
Episode 171 return: -1448925.625
Episode: 171, total reward: 515696.40625
each agent reward: 515696.40625
Episode 172 return: -1371710.75
Episode: 172, total reward: 520976.125
each agent reward: 520976.125
Episode 173 return: -1496894.5
Episode: 173, total reward: 411425.59375
each agent reward: 411425.59375
Episode 174 return: -1360499.375
Episode: 174, total reward: 409795.1875
each agent reward: 409795.1875
Episode 175 return: -1406161.75
Episode: 175, total reward: 409795.1875
each agent reward: 409795.1875
Episode 176 return: -1278077.25
Episode: 176, total reward: 438695.75
each agent reward: 438695.75
Episode 177 return: -1392405.5
Episode: 177, total reward: 463927.59375
each agent reward: 463927.59375
Episode 178 return: -1304793.375
Episode: 178, total reward: 489173.15625
each agent reward: 489173.15625
Episode 179 return: -1461946.375
Episode: 179, total reward: 485224.96875
each agent reward: 485224.96875
Episode 180 return: -1287665.625
Episode: 180, total reward: 485224.96875
each agent reward: 485224.96875
Episode 181 return: -1363235.375
Episode: 181, total reward: 488276.875
each agent reward: 488276.875
Episode 182 return: -1359708.625
Episode: 182, total reward: 487279.90625
each agent reward: 487279.90625
Episode 183 return: -1262949.25
Episode: 183, total reward: 490189.875
each agent reward: 490189.875
Episode 184 return: -1265732.125
Episode: 184, total reward: 473889.9375
each agent reward: 473889.9375
Episode 185 return: -1157847.375
Episode: 185, total reward: 473889.9375
each agent reward: 473889.9375
Episode 186 return: -1321793.375
Episode: 186, total reward: 506125.625
each agent reward: 506125.625
Episode 187 return: -1390703.5
Episode: 187, total reward: 579709.0
each agent reward: 579709.0
Episode 188 return: -1324434.125
Episode: 188, total reward: 524320.6875
each agent reward: 524320.6875
Episode 189 return: -1434551.375
Episode: 189, total reward: 506966.6875
each agent reward: 506966.6875
Episode 190 return: -1443346.875
Episode: 190, total reward: 506966.6875
each agent reward: 506966.6875
Episode 191 return: -1523348.5
Episode: 191, total reward: 579824.75
each agent reward: 579824.75
Episode 192 return: -1482265.875
Episode: 192, total reward: 571892.1875
each agent reward: 571892.1875
Episode 193 return: -1409227.75
Episode: 193, total reward: 621913.6875
each agent reward: 621913.6875
Episode 194 return: -1431173.0
Episode: 194, total reward: 678514.8125
each agent reward: 678514.8125
Episode 195 return: -1443690.375
Episode: 195, total reward: 678514.8125
each agent reward: 678514.8125
Episode 196 return: -1475086.625
Episode: 196, total reward: 728546.25
each agent reward: 728546.25
Episode 197 return: -1389753.375
Episode: 197, total reward: 760870.375
each agent reward: 760870.375
Episode 198 return: -1290341.625
Episode: 198, total reward: 780886.9375
each agent reward: 780886.9375
Episode 199 return: -1314805.0
Episode: 199, total reward: 659066.375
each agent reward: 659066.375
Episode 200 return: -1312725.5
Episode: 200, total reward: 659066.375
each agent reward: 659066.375
Episode 201 return: -1261318.125
Episode: 201, total reward: 580073.0
each agent reward: 580073.0
Episode 202 return: -1329298.125
Episode: 202, total reward: 533521.375
each agent reward: 533521.375
Episode 203 return: -1364120.5
Episode: 203, total reward: 557636.6875
each agent reward: 557636.6875
Episode 204 return: -1478426.25
Episode: 204, total reward: 664060.875
each agent reward: 664060.875
Episode 205 return: -1347438.5
Episode: 205, total reward: 664060.875
each agent reward: 664060.875
Episode 206 return: -1183271.75
Episode: 206, total reward: 625954.0625
each agent reward: 625954.0625
Episode 207 return: -1165387.625
Episode: 207, total reward: 570887.9375
each agent reward: 570887.9375
Episode 208 return: -1323960.125
Episode: 208, total reward: 500866.9375
each agent reward: 500866.9375
Episode 209 return: -1274596.125
Episode: 209, total reward: 500205.6875
each agent reward: 500205.6875
Episode 210 return: -1300376.125
Episode: 210, total reward: 500205.6875
each agent reward: 500205.6875
Episode 211 return: -1184403.75
Episode: 211, total reward: 376704.75
each agent reward: 376704.75
Episode 212 return: -1230522.125
Episode: 212, total reward: 374701.03125
each agent reward: 374701.03125
Episode 213 return: -1223466.5
Episode: 213, total reward: 375021.4375
each agent reward: 375021.4375
Episode 214 return: -1217784.0
Episode: 214, total reward: 376713.59375
each agent reward: 376713.59375
Episode 215 return: -1194373.25
Episode: 215, total reward: 376713.59375
each agent reward: 376713.59375
Episode 216 return: -1274873.625
Episode: 216, total reward: 372957.84375
each agent reward: 372957.84375
Episode 217 return: -1250590.5
Episode: 217, total reward: 377890.96875
each agent reward: 377890.96875
Episode 218 return: -1178402.125
Episode: 218, total reward: 381205.4375
each agent reward: 381205.4375
Episode 219 return: -1147814.5
Episode: 219, total reward: 384614.8125
each agent reward: 384614.8125
Episode 220 return: -1163746.125
Episode: 220, total reward: 384614.8125
each agent reward: 384614.8125
Episode 221 return: -1076484.25
Episode: 221, total reward: 379775.1875
each agent reward: 379775.1875
Episode 222 return: -1143412.625
Episode: 222, total reward: 380413.90625
each agent reward: 380413.90625
Episode 223 return: -1097507.75
Episode: 223, total reward: 385040.4375
each agent reward: 385040.4375
Episode 224 return: -1140211.875
Episode: 224, total reward: 386803.59375
each agent reward: 386803.59375
Episode 225 return: -1024207.6875
Episode: 225, total reward: 386803.59375
each agent reward: 386803.59375
Episode 226 return: -1097757.75
Episode: 226, total reward: 382821.1875
each agent reward: 382821.1875
Episode 227 return: -1013928.625
Episode: 227, total reward: 380981.375
each agent reward: 380981.375
Episode 228 return: -1023976.9375
Episode: 228, total reward: 387088.59375
each agent reward: 387088.59375
Episode 229 return: -1173934.25
Episode: 229, total reward: 383395.09375
each agent reward: 383395.09375
Episode 230 return: -1068090.125
Episode: 230, total reward: 383395.09375
each agent reward: 383395.09375
Episode 231 return: -965595.625
Episode: 231, total reward: 388871.0
each agent reward: 388871.0
Episode 232 return: -1026198.25
Episode: 232, total reward: 385729.84375
each agent reward: 385729.84375
Episode 233 return: -1018429.8125
Episode: 233, total reward: 386857.65625
each agent reward: 386857.65625
Episode 234 return: -973594.5625
Episode: 234, total reward: 385680.0
each agent reward: 385680.0
Episode 235 return: -962909.375
Episode: 235, total reward: 385680.0
each agent reward: 385680.0
Episode 236 return: -950166.4375
Episode: 236, total reward: 385998.3125
each agent reward: 385998.3125
Episode 237 return: -1033123.6875
Episode: 237, total reward: 384156.15625
each agent reward: 384156.15625
Episode 238 return: -981252.25
Episode: 238, total reward: 384282.59375
each agent reward: 384282.59375
Episode 239 return: -1036030.6875
Episode: 239, total reward: 386195.21875
each agent reward: 386195.21875
Episode 240 return: -1033054.5625
Episode: 240, total reward: 386195.21875
each agent reward: 386195.21875
Episode 241 return: -915151.3125
Episode: 241, total reward: 380054.28125
each agent reward: 380054.28125
Episode 242 return: -984398.6875
Episode: 242, total reward: 384590.5625
each agent reward: 384590.5625
Episode 243 return: -993982.75
Episode: 243, total reward: 382957.53125
each agent reward: 382957.53125
Episode 244 return: -919105.3125
Episode: 244, total reward: 378371.9375
each agent reward: 378371.9375
Episode 245 return: -954924.3125
Episode: 245, total reward: 378371.9375
each agent reward: 378371.9375
Episode 246 return: -1017973.25
Episode: 246, total reward: 378039.8125
each agent reward: 378039.8125
Episode 247 return: -956450.625
Episode: 247, total reward: 384708.28125
each agent reward: 384708.28125
Episode 248 return: -877465.25
Episode: 248, total reward: 382639.4375
each agent reward: 382639.4375
Episode 249 return: -975179.1875
Episode: 249, total reward: 377089.9375
each agent reward: 377089.9375
Episode 250 return: -930010.0625
Episode: 250, total reward: 377089.9375
each agent reward: 377089.9375
Episode 251 return: -838661.3125
Episode: 251, total reward: 379817.84375
each agent reward: 379817.84375
Episode 252 return: -890693.9375
Episode: 252, total reward: 374551.0625
each agent reward: 374551.0625
Episode 253 return: -932212.4375
Episode: 253, total reward: 374386.96875
each agent reward: 374386.96875
Episode 254 return: -909165.5625
Episode: 254, total reward: 377026.0
each agent reward: 377026.0
Episode 255 return: -958509.375
Episode: 255, total reward: 377026.0
each agent reward: 377026.0
Episode 256 return: -838143.25
Episode: 256, total reward: 375252.59375
each agent reward: 375252.59375
Episode 257 return: -833439.25
Episode: 257, total reward: 377583.59375
each agent reward: 377583.59375
Episode 258 return: -814094.5
Episode: 258, total reward: 380684.84375
each agent reward: 380684.84375
Episode 259 return: -805378.3125
Episode: 259, total reward: 377390.65625
each agent reward: 377390.65625
Episode 260 return: -777890.875
Episode: 260, total reward: 377390.65625
each agent reward: 377390.65625
Episode 261 return: -840688.5625
Episode: 261, total reward: 375635.15625
each agent reward: 375635.15625
Episode 262 return: -936294.3125
Episode: 262, total reward: 373051.9375
each agent reward: 373051.9375
Episode 263 return: -868481.75
Episode: 263, total reward: 396765.875
each agent reward: 396765.875
Episode 264 return: -906530.125
Episode: 264, total reward: 392191.25
each agent reward: 392191.25
Episode 265 return: -854657.625
Episode: 265, total reward: 392191.25
each agent reward: 392191.25
Episode 266 return: -775627.6875
Episode: 266, total reward: 377747.1875
each agent reward: 377747.1875
Episode 267 return: -811397.75
Episode: 267, total reward: 374915.4375
each agent reward: 374915.4375
Episode 268 return: -840861.0
Episode: 268, total reward: 376272.625
each agent reward: 376272.625
Episode 269 return: -761559.625
Episode: 269, total reward: 374325.625
each agent reward: 374325.625
Episode 270 return: -888821.125
Episode: 270, total reward: 374325.625
each agent reward: 374325.625
Episode 271 return: -757635.0
Episode: 271, total reward: 374325.625
each agent reward: 374325.625
Episode 272 return: -766957.125
Episode: 272, total reward: 373111.875
each agent reward: 373111.875
Episode 273 return: -827026.6875
Episode: 273, total reward: 375658.3125
each agent reward: 375658.3125
Episode 274 return: -782179.4375
Episode: 274, total reward: 376428.25
each agent reward: 376428.25
Episode 275 return: -737642.0
Episode: 275, total reward: 376428.25
each agent reward: 376428.25
Episode 276 return: -792419.25
Episode: 276, total reward: 374340.25
each agent reward: 374340.25
Episode 277 return: -819999.25
Episode: 277, total reward: 373258.90625
each agent reward: 373258.90625
Episode 278 return: -789152.8125
Episode: 278, total reward: 373258.40625
each agent reward: 373258.40625
Episode 279 return: -785189.625
Episode: 279, total reward: 373186.125
each agent reward: 373186.125
Episode 280 return: -729487.375
Episode: 280, total reward: 373186.125
each agent reward: 373186.125
Episode 281 return: -756398.75
Episode: 281, total reward: 378884.6875
each agent reward: 378884.6875
Episode 282 return: -800167.4375
Episode: 282, total reward: 377638.875
each agent reward: 377638.875
Episode 283 return: -825692.9375
Episode: 283, total reward: 378116.5
each agent reward: 378116.5
Episode 284 return: -833107.125
Episode: 284, total reward: 376486.875
each agent reward: 376486.875
Episode 285 return: -759531.0
Episode: 285, total reward: 376486.875
each agent reward: 376486.875
Episode 286 return: -770016.3125
Episode: 286, total reward: 377304.21875
each agent reward: 377304.21875
Episode 287 return: -839616.0
Episode: 287, total reward: 378460.0625
each agent reward: 378460.0625
Episode 288 return: -862547.375
Episode: 288, total reward: 1297666.0
each agent reward: 1297666.0
Episode 289 return: -760450.5625
Episode: 289, total reward: 376444.4375
each agent reward: 376444.4375
Episode 290 return: -758560.125
Episode: 290, total reward: 376444.4375
each agent reward: 376444.4375
Episode 291 return: -753116.1875
Episode: 291, total reward: 378429.71875
each agent reward: 378429.71875
Episode 292 return: -782483.0
Episode: 292, total reward: 376563.53125
each agent reward: 376563.53125
Episode 293 return: -779065.25
Episode: 293, total reward: 374094.375
each agent reward: 374094.375
Episode 294 return: -739742.8125
Episode: 294, total reward: 373134.0625
each agent reward: 373134.0625
Episode 295 return: -823182.625
Episode: 295, total reward: 373134.0625
each agent reward: 373134.0625
Episode 296 return: -698579.25
Episode: 296, total reward: 374076.625
each agent reward: 374076.625
Episode 297 return: -829151.125
Episode: 297, total reward: 373293.71875
each agent reward: 373293.71875
Episode 298 return: -717128.625
Episode: 298, total reward: 373053.375
each agent reward: 373053.375
Episode 299 return: -779575.6875
Episode: 299, total reward: 374335.90625
each agent reward: 374335.90625
Episode 300 return: -776597.8125
Episode: 300, total reward: 374335.90625
each agent reward: 374335.90625
Episode 301 return: -766469.5
Episode: 301, total reward: 373668.59375
each agent reward: 373668.59375
Episode 302 return: -794765.375
Episode: 302, total reward: 374376.75
each agent reward: 374376.75
Episode 303 return: -841365.75
Episode: 303, total reward: 375436.3125
each agent reward: 375436.3125
Episode 304 return: -776882.125
Episode: 304, total reward: 373933.96875
each agent reward: 373933.96875
Episode 305 return: -768060.6875
Episode: 305, total reward: 373933.96875
each agent reward: 373933.96875
Episode 306 return: -797334.25
Episode: 306, total reward: 377223.53125
each agent reward: 377223.53125
Episode 307 return: -830306.1875
Episode: 307, total reward: 374671.6875
each agent reward: 374671.6875
Episode 308 return: -836597.75
Episode: 308, total reward: 378460.53125
each agent reward: 378460.53125
Episode 309 return: -839526.375
Episode: 309, total reward: 380435.71875
each agent reward: 380435.71875
Episode 310 return: -859402.1875
Episode: 310, total reward: 380435.71875
each agent reward: 380435.71875
Episode 311 return: -855481.125
Episode: 311, total reward: 401459.53125
each agent reward: 401459.53125
Episode 312 return: -850802.1875
Episode: 312, total reward: 437698.875
each agent reward: 437698.875
Episode 313 return: -890879.375
Episode: 313, total reward: 442102.5625
each agent reward: 442102.5625
Episode 314 return: -847978.0625
Episode: 314, total reward: 443866.1875
each agent reward: 443866.1875
Episode 315 return: -892770.5
Episode: 315, total reward: 443866.1875
each agent reward: 443866.1875
Episode 316 return: -841341.375
Episode: 316, total reward: 399097.15625
each agent reward: 399097.15625
Episode 317 return: -927721.3125
Episode: 317, total reward: 382704.25
each agent reward: 382704.25
Episode 318 return: -875327.5
Episode: 318, total reward: 379149.78125
each agent reward: 379149.78125
Episode 319 return: -826876.4375
Episode: 319, total reward: 379277.84375
each agent reward: 379277.84375
Episode 320 return: -838738.375
Episode: 320, total reward: 379277.84375
each agent reward: 379277.84375
Episode 321 return: -898448.25
Episode: 321, total reward: 379253.03125
each agent reward: 379253.03125
Episode 322 return: -825818.5625
Episode: 322, total reward: 381525.71875
each agent reward: 381525.71875
Episode 323 return: -849474.625
Episode: 323, total reward: 378145.15625
each agent reward: 378145.15625
Episode 324 return: -806498.375
Episode: 324, total reward: 374610.46875
each agent reward: 374610.46875
Episode 325 return: -772508.375
Episode: 325, total reward: 374610.46875
each agent reward: 374610.46875
Episode 326 return: -809243.8125
Episode: 326, total reward: 374617.59375
each agent reward: 374617.59375
Episode 327 return: -823766.6875
Episode: 327, total reward: 374975.53125
each agent reward: 374975.53125
Episode 328 return: -774199.1875
Episode: 328, total reward: 375449.53125
each agent reward: 375449.53125
Episode 329 return: -797726.25
Episode: 329, total reward: 383631.28125
each agent reward: 383631.28125
Episode 330 return: -753794.375
Episode: 330, total reward: 383631.28125
each agent reward: 383631.28125
Episode 331 return: -840983.5625
Episode: 331, total reward: 381256.0625
each agent reward: 381256.0625
Episode 332 return: -824548.375
Episode: 332, total reward: 376203.53125
each agent reward: 376203.53125
Episode 333 return: -811040.0
Episode: 333, total reward: 378217.15625
each agent reward: 378217.15625
Episode 334 return: -816963.125
Episode: 334, total reward: 372768.59375
each agent reward: 372768.59375
Episode 335 return: -785254.8125
Episode: 335, total reward: 372768.59375
each agent reward: 372768.59375
Episode 336 return: -752654.6875
Episode: 336, total reward: 372407.53125
each agent reward: 372407.53125
Episode 337 return: -743490.0625
Episode: 337, total reward: 373499.53125
each agent reward: 373499.53125
Episode 338 return: -755123.0625
Episode: 338, total reward: 373162.34375
each agent reward: 373162.34375
Episode 339 return: -764385.5
Episode: 339, total reward: 378918.71875
each agent reward: 378918.71875
Episode 340 return: -777868.5
Episode: 340, total reward: 378918.71875
each agent reward: 378918.71875
Episode 341 return: -786660.1875
Episode: 341, total reward: 377481.71875
each agent reward: 377481.71875
Episode 342 return: -760678.0
Episode: 342, total reward: 375663.125
each agent reward: 375663.125
Episode 343 return: -781408.0625
Episode: 343, total reward: 378419.65625
each agent reward: 378419.65625
Episode 344 return: -768912.25
Episode: 344, total reward: 381082.8125
each agent reward: 381082.8125
Episode 345 return: -761192.375
Episode: 345, total reward: 381082.8125
each agent reward: 381082.8125
Episode 346 return: -805831.125
Episode: 346, total reward: 377009.875
each agent reward: 377009.875
Episode 347 return: -794029.8125
Episode: 347, total reward: 377091.8125
each agent reward: 377091.8125
Episode 348 return: -779674.5625
Episode: 348, total reward: 381252.4375
each agent reward: 381252.4375
Episode 349 return: -846653.75
Episode: 349, total reward: 374522.125
each agent reward: 374522.125
Episode 350 return: -780823.3125
Episode: 350, total reward: 374522.125
each agent reward: 374522.125
Episode 351 return: -701773.3125
Episode: 351, total reward: 378941.5
each agent reward: 378941.5
Episode 352 return: -801658.0625
Episode: 352, total reward: 377674.625
each agent reward: 377674.625
Episode 353 return: -823179.75
Episode: 353, total reward: 378456.34375
each agent reward: 378456.34375
Episode 354 return: -799911.5
Episode: 354, total reward: 377822.65625
each agent reward: 377822.65625
Episode 355 return: -793470.0625
Episode: 355, total reward: 377822.65625
each agent reward: 377822.65625
Episode 356 return: -765065.8125
Episode: 356, total reward: 374664.1875
each agent reward: 374664.1875
Episode 357 return: -819991.75
Episode: 357, total reward: 375614.78125
each agent reward: 375614.78125
Episode 358 return: -771553.8125
Episode: 358, total reward: 375358.15625
each agent reward: 375358.15625
Episode 359 return: -818153.0625
Episode: 359, total reward: 376836.78125
each agent reward: 376836.78125
Episode 360 return: -723924.25
Episode: 360, total reward: 376836.78125
each agent reward: 376836.78125
Episode 361 return: -767353.25
Episode: 361, total reward: 376517.875
each agent reward: 376517.875
Episode 362 return: -816129.875
Episode: 362, total reward: 376960.6875
each agent reward: 376960.6875
Episode 363 return: -797005.4375
Episode: 363, total reward: 375116.28125
each agent reward: 375116.28125
Episode 364 return: -782890.6875
Episode: 364, total reward: 374620.09375
each agent reward: 374620.09375
Episode 365 return: -856489.0625
Episode: 365, total reward: 374620.09375
each agent reward: 374620.09375
Episode 366 return: -840525.5
Episode: 366, total reward: 376097.84375
each agent reward: 376097.84375
Episode 367 return: -804574.5625
Episode: 367, total reward: 375747.53125
each agent reward: 375747.53125
Episode 368 return: -793717.875
Episode: 368, total reward: 377797.46875
each agent reward: 377797.46875
Episode 369 return: -954916.8125
Episode: 369, total reward: 376916.84375
each agent reward: 376916.84375
Episode 370 return: -897369.75
Episode: 370, total reward: 376916.84375
each agent reward: 376916.84375
Episode 371 return: -906462.875
Episode: 371, total reward: 382808.5
each agent reward: 382808.5
Episode 372 return: -871214.9375
Episode: 372, total reward: 383039.28125
each agent reward: 383039.28125
Episode 373 return: -965806.4375
Episode: 373, total reward: 384399.875
each agent reward: 384399.875
Episode 374 return: -991213.6875
Episode: 374, total reward: 388407.21875
each agent reward: 388407.21875
Episode 375 return: -967427.0625
Episode: 375, total reward: 388407.21875
each agent reward: 388407.21875
Episode 376 return: -1033917.6875
Episode: 376, total reward: 384659.6875
each agent reward: 384659.6875
Episode 377 return: -1099284.625
Episode: 377, total reward: 381336.34375
each agent reward: 381336.34375
Episode 378 return: -1019696.9375
Episode: 378, total reward: 380545.625
each agent reward: 380545.625
Episode 379 return: -869105.125
Episode: 379, total reward: 384479.65625
each agent reward: 384479.65625
Episode 380 return: -1034328.9375
Episode: 380, total reward: 384479.65625
each agent reward: 384479.65625
Episode 381 return: -921664.0625
Episode: 381, total reward: 380511.8125
each agent reward: 380511.8125
Episode 382 return: -981737.75
Episode: 382, total reward: 377791.875
each agent reward: 377791.875
Episode 383 return: -955212.0
Episode: 383, total reward: 376049.375
each agent reward: 376049.375
Episode 384 return: -987057.6875
Episode: 384, total reward: 377497.625
each agent reward: 377497.625
Episode 385 return: -974832.8125
Episode: 385, total reward: 377497.625
each agent reward: 377497.625
Episode 386 return: -957562.6875
Episode: 386, total reward: 379269.15625
each agent reward: 379269.15625
Episode 387 return: -881932.125
Episode: 387, total reward: 379631.71875
each agent reward: 379631.71875
Episode 388 return: -902713.1875
Episode: 388, total reward: 374521.625
each agent reward: 374521.625
Episode 389 return: -924628.625
Episode: 389, total reward: 381912.3125
each agent reward: 381912.3125
Episode 390 return: -854906.375
Episode: 390, total reward: 381912.3125
each agent reward: 381912.3125
Episode 391 return: -863341.3125
Episode: 391, total reward: 383939.4375
each agent reward: 383939.4375
Episode 392 return: -856559.625
Episode: 392, total reward: 383088.71875
each agent reward: 383088.71875
Episode 393 return: -794188.8125
Episode: 393, total reward: 389790.53125
each agent reward: 389790.53125
Episode 394 return: -755894.1875
Episode: 394, total reward: 380853.0
each agent reward: 380853.0
Episode 395 return: -777906.6875
Episode: 395, total reward: 380853.0
each agent reward: 380853.0
Episode 396 return: -851703.25
Episode: 396, total reward: 384882.78125
each agent reward: 384882.78125
Episode 397 return: -787767.4375
Episode: 397, total reward: 380266.75
each agent reward: 380266.75
Episode 398 return: -748240.1875
Episode: 398, total reward: 381447.90625
each agent reward: 381447.90625
Episode 399 return: -803712.9375
Episode: 399, total reward: 380667.5625
each agent reward: 380667.5625
Episode 400 return: -800546.6875
Episode: 400, total reward: 380667.5625
each agent reward: 380667.5625
Episode 401 return: -796679.0625
Episode: 401, total reward: 381200.875
each agent reward: 381200.875
Episode 402 return: -823749.1875
Episode: 402, total reward: 379192.71875
each agent reward: 379192.71875
Episode 403 return: -833156.8125
Episode: 403, total reward: 376873.0
each agent reward: 376873.0
Episode 404 return: -812664.6875
Episode: 404, total reward: 377893.1875
each agent reward: 377893.1875
Episode 405 return: -872435.375
Episode: 405, total reward: 377893.1875
each agent reward: 377893.1875
Episode 406 return: -775222.1875
Episode: 406, total reward: 376936.25
each agent reward: 376936.25
Episode 407 return: -811819.0625
Episode: 407, total reward: 376055.4375
each agent reward: 376055.4375
Episode 408 return: -856973.3125
Episode: 408, total reward: 377055.875
each agent reward: 377055.875
Episode 409 return: -774106.375
Episode: 409, total reward: 378836.75
each agent reward: 378836.75
Episode 410 return: -739521.25
Episode: 410, total reward: 378836.75
each agent reward: 378836.75
Episode 411 return: -763914.25
Episode: 411, total reward: 379594.875
each agent reward: 379594.875
Episode 412 return: -765808.4375
Episode: 412, total reward: 382677.40625
each agent reward: 382677.40625
Episode 413 return: -727901.125
Episode: 413, total reward: 383954.09375
each agent reward: 383954.09375
Episode 414 return: -704373.125
Episode: 414, total reward: 383589.59375
each agent reward: 383589.59375
Episode 415 return: -759176.0625
Episode: 415, total reward: 383589.59375
each agent reward: 383589.59375
Episode 416 return: -717449.375
Episode: 416, total reward: 382684.53125
each agent reward: 382684.53125
Episode 417 return: -816649.5
Episode: 417, total reward: 379699.3125
each agent reward: 379699.3125
Episode 418 return: -783438.625
Episode: 418, total reward: 379274.9375
each agent reward: 379274.9375
Episode 419 return: -748228.25
Episode: 419, total reward: 380366.75
each agent reward: 380366.75
Episode 420 return: -779950.9375
Episode: 420, total reward: 380366.75
each agent reward: 380366.75
Episode 421 return: -871728.8125
Episode: 421, total reward: 381949.09375
each agent reward: 381949.09375
Episode 422 return: -771023.375
Episode: 422, total reward: 381395.6875
each agent reward: 381395.6875
Episode 423 return: -1684795.625
Episode: 423, total reward: 1274873.0
each agent reward: 1274873.0
Episode 424 return: -881371.9375
Episode: 424, total reward: 380697.75
each agent reward: 380697.75
Episode 425 return: -844508.5
Episode: 425, total reward: 380697.75
each agent reward: 380697.75
Episode 426 return: -792239.5
Episode: 426, total reward: 377885.5625
each agent reward: 377885.5625
Episode 427 return: -832668.6875
Episode: 427, total reward: 375449.625
each agent reward: 375449.625
Episode 428 return: -927381.0625
Episode: 428, total reward: 375351.1875
each agent reward: 375351.1875
Episode 429 return: -917253.0
Episode: 429, total reward: 375351.1875
each agent reward: 375351.1875
Episode 430 return: -926536.3125
Episode: 430, total reward: 375351.1875
each agent reward: 375351.1875
Episode 431 return: -892651.625
Episode: 431, total reward: 376341.9375
each agent reward: 376341.9375
Episode 432 return: -830399.375
Episode: 432, total reward: 379988.03125
each agent reward: 379988.03125
Episode 433 return: -855493.875
Episode: 433, total reward: 381109.75
each agent reward: 381109.75
Episode 434 return: -931870.8125
Episode: 434, total reward: 383744.3125
each agent reward: 383744.3125
Episode 435 return: -838037.625
Episode: 435, total reward: 383744.3125
each agent reward: 383744.3125
Episode 436 return: -785856.0625
Episode: 436, total reward: 379378.28125
each agent reward: 379378.28125
Episode 437 return: -832156.9375
Episode: 437, total reward: 377864.625
each agent reward: 377864.625
Episode 438 return: -837274.0625
Episode: 438, total reward: 380192.40625
each agent reward: 380192.40625
Episode 439 return: -835861.5625
Episode: 439, total reward: 377118.59375
each agent reward: 377118.59375
Episode 440 return: -859303.25
Episode: 440, total reward: 377118.59375
each agent reward: 377118.59375
Episode 441 return: -847013.625
Episode: 441, total reward: 378343.15625
each agent reward: 378343.15625
Episode 442 return: -869131.1875
Episode: 442, total reward: 383805.96875
each agent reward: 383805.96875
Episode 443 return: -918603.5625
Episode: 443, total reward: 382065.125
each agent reward: 382065.125
Episode 444 return: -855952.9375
Episode: 444, total reward: 384744.15625
each agent reward: 384744.15625
Episode 445 return: -889714.75
Episode: 445, total reward: 384744.15625
each agent reward: 384744.15625
Episode 446 return: -914199.25
Episode: 446, total reward: 387052.25
each agent reward: 387052.25
Episode 447 return: -893238.125
Episode: 447, total reward: 382378.03125
each agent reward: 382378.03125
Episode 448 return: -857343.0
Episode: 448, total reward: 381167.28125
each agent reward: 381167.28125
Episode 449 return: -823851.4375
Episode: 449, total reward: 378121.53125
each agent reward: 378121.53125
Episode 450 return: -853923.3125
Episode: 450, total reward: 378121.53125
each agent reward: 378121.53125
Episode 451 return: -811632.3125
Episode: 451, total reward: 378632.5625
each agent reward: 378632.5625
Episode 452 return: -1680516.75
Episode: 452, total reward: 378516.5625
each agent reward: 378516.5625
Episode 453 return: -778554.0
Episode: 453, total reward: 385712.625
each agent reward: 385712.625
Episode 454 return: -821366.8125
Episode: 454, total reward: 382844.9375
each agent reward: 382844.9375
Episode 455 return: -807305.6875
Episode: 455, total reward: 382844.9375
each agent reward: 382844.9375
Episode 456 return: -754782.1875
Episode: 456, total reward: 378575.78125
each agent reward: 378575.78125
Episode 457 return: -788585.625
Episode: 457, total reward: 382346.8125
each agent reward: 382346.8125
Episode 458 return: -780893.0
Episode: 458, total reward: 376195.78125
each agent reward: 376195.78125
Episode 459 return: -761143.125
Episode: 459, total reward: 376561.78125
each agent reward: 376561.78125
Episode 460 return: -711601.625
Episode: 460, total reward: 376561.78125
each agent reward: 376561.78125
Episode 461 return: -718087.1875
Episode: 461, total reward: 378102.84375
each agent reward: 378102.84375
Episode 462 return: -777678.875
Episode: 462, total reward: 379523.71875
each agent reward: 379523.71875
Episode 463 return: -776715.5
Episode: 463, total reward: 374491.25
each agent reward: 374491.25
Episode 464 return: -758429.0
Episode: 464, total reward: 374038.90625
each agent reward: 374038.90625
Episode 465 return: -774870.9375
Episode: 465, total reward: 374038.90625
each agent reward: 374038.90625
Episode 466 return: -788234.5
Episode: 466, total reward: 384560.9375
each agent reward: 384560.9375
Episode 467 return: -799489.4375
Episode: 467, total reward: 380295.375
each agent reward: 380295.375
Episode 468 return: -737504.125
Episode: 468, total reward: 378806.96875
each agent reward: 378806.96875
Episode 469 return: -744322.8125
Episode: 469, total reward: 376549.375
each agent reward: 376549.375
Episode 470 return: -771339.9375
Episode: 470, total reward: 376549.375
each agent reward: 376549.375
Episode 471 return: -743042.6875
Episode: 471, total reward: 377062.3125
each agent reward: 377062.3125
Episode 472 return: -760274.75
Episode: 472, total reward: 377788.21875
each agent reward: 377788.21875
Episode 473 return: -746065.9375
Episode: 473, total reward: 379141.78125
each agent reward: 379141.78125
Episode 474 return: -698045.875
Episode: 474, total reward: 377958.8125
each agent reward: 377958.8125
Episode 475 return: -666417.125
Episode: 475, total reward: 377958.8125
each agent reward: 377958.8125
Episode 476 return: -729560.0625
Episode: 476, total reward: 376576.375
each agent reward: 376576.375
Episode 477 return: -779395.4375
Episode: 477, total reward: 374500.5625
each agent reward: 374500.5625
Episode 478 return: -790124.25
Episode: 478, total reward: 373265.0
each agent reward: 373265.0
Episode 479 return: -725700.375
Episode: 479, total reward: 372574.4375
each agent reward: 372574.4375
Episode 480 return: -705891.0625
Episode: 480, total reward: 372574.4375
each agent reward: 372574.4375
Episode 481 return: -634125.8125
Episode: 481, total reward: 373248.8125
each agent reward: 373248.8125
Episode 482 return: -768491.875
Episode: 482, total reward: 377171.15625
each agent reward: 377171.15625
Episode 483 return: -738970.6875
Episode: 483, total reward: 372595.96875
each agent reward: 372595.96875
Episode 484 return: -742406.375
Episode: 484, total reward: 375376.375
each agent reward: 375376.375
Episode 485 return: -748378.6875
Episode: 485, total reward: 375376.375
each agent reward: 375376.375
Episode 486 return: -694481.9375
Episode: 486, total reward: 374634.03125
each agent reward: 374634.03125
Episode 487 return: -718306.375
Episode: 487, total reward: 378256.46875
each agent reward: 378256.46875
Episode 488 return: -743501.9375
Episode: 488, total reward: 376035.34375
each agent reward: 376035.34375
Episode 489 return: -788637.0
Episode: 489, total reward: 375246.875
each agent reward: 375246.875
Episode 490 return: -743192.5
Episode: 490, total reward: 375246.875
each agent reward: 375246.875
Episode 491 return: -686298.8125
Episode: 491, total reward: 375744.28125
each agent reward: 375744.28125
Episode 492 return: -706378.8125
Episode: 492, total reward: 376524.8125
each agent reward: 376524.8125
Episode 493 return: -771888.3125
Episode: 493, total reward: 377889.28125
each agent reward: 377889.28125
Episode 494 return: -675873.8125
Episode: 494, total reward: 377427.125
each agent reward: 377427.125
Episode 495 return: -759386.5625
Episode: 495, total reward: 377427.125
each agent reward: 377427.125
Episode 496 return: -747690.4375
Episode: 496, total reward: 375422.09375
each agent reward: 375422.09375
Episode 497 return: -720737.75
Episode: 497, total reward: 376179.4375
each agent reward: 376179.4375
Episode 498 return: -689478.625
Episode: 498, total reward: 378750.625
each agent reward: 378750.625
Episode 499 return: -758433.125
Episode: 499, total reward: 381537.6875
each agent reward: 381537.6875
Episode 500 return: -725534.6875
Episode: 500, total reward: 381537.6875
each agent reward: 381537.6875
Episode 501 return: -760139.125
Episode: 501, total reward: 377098.25
each agent reward: 377098.25
Episode 502 return: -794281.25
Episode: 502, total reward: 375989.46875
each agent reward: 375989.46875
Episode 503 return: -725444.0625
Episode: 503, total reward: 378135.46875
each agent reward: 378135.46875
Episode 504 return: -676863.3125
Episode: 504, total reward: 377813.46875
each agent reward: 377813.46875
Episode 505 return: -716513.875
Episode: 505, total reward: 377813.46875
each agent reward: 377813.46875
Episode 506 return: -769958.0
Episode: 506, total reward: 377060.875
each agent reward: 377060.875
Episode 507 return: -687654.375
Episode: 507, total reward: 375800.59375
each agent reward: 375800.59375
Episode 508 return: -783657.3125
Episode: 508, total reward: 375959.125
each agent reward: 375959.125
Episode 509 return: -710015.375
Episode: 509, total reward: 375622.6875
each agent reward: 375622.6875
Episode 510 return: -723749.4375
Episode: 510, total reward: 375622.6875
each agent reward: 375622.6875
Episode 511 return: -686832.125
Episode: 511, total reward: 375602.25
each agent reward: 375602.25
Episode 512 return: -742027.875
Episode: 512, total reward: 373689.28125
each agent reward: 373689.28125
Episode 513 return: -647507.3125
Episode: 513, total reward: 373490.8125
each agent reward: 373490.8125
Episode 514 return: -711059.875
Episode: 514, total reward: 373524.375
each agent reward: 373524.375
Episode 515 return: -712878.4375
Episode: 515, total reward: 373524.375
each agent reward: 373524.375
Episode 516 return: -741032.5
Episode: 516, total reward: 374859.25
each agent reward: 374859.25
Episode 517 return: -790798.0625
Episode: 517, total reward: 375311.25
each agent reward: 375311.25
Episode 518 return: -710011.75
Episode: 518, total reward: 374447.84375
each agent reward: 374447.84375
Episode 519 return: -751022.1875
Episode: 519, total reward: 377245.8125
each agent reward: 377245.8125
Episode 520 return: -701892.8125
Episode: 520, total reward: 377245.8125
each agent reward: 377245.8125
Episode 521 return: -733768.5625
Episode: 521, total reward: 378294.03125
each agent reward: 378294.03125
Episode 522 return: -677218.875
Episode: 522, total reward: 376056.9375
each agent reward: 376056.9375
Episode 523 return: -755749.375
Episode: 523, total reward: 377416.0
each agent reward: 377416.0
Episode 524 return: -688421.9375
Episode: 524, total reward: 374950.90625
each agent reward: 374950.90625
Episode 525 return: -664885.4375
Episode: 525, total reward: 374950.90625
each agent reward: 374950.90625
Episode 526 return: -769824.875
Episode: 526, total reward: 375756.28125
each agent reward: 375756.28125
Episode 527 return: -747329.25
Episode: 527, total reward: 376349.3125
each agent reward: 376349.3125
Episode 528 return: -704430.75
Episode: 528, total reward: 376215.78125
each agent reward: 376215.78125
Episode 529 return: -751810.875
Episode: 529, total reward: 375144.90625
each agent reward: 375144.90625
Episode 530 return: -720820.75
Episode: 530, total reward: 375144.90625
each agent reward: 375144.90625
Episode 531 return: -761941.5
Episode: 531, total reward: 374572.59375
each agent reward: 374572.59375
Episode 532 return: -673199.8125
Episode: 532, total reward: 374572.59375
each agent reward: 374572.59375
Episode 533 return: -683132.0625
Episode: 533, total reward: 375341.9375
each agent reward: 375341.9375
Episode 534 return: -779699.375
Episode: 534, total reward: 378119.6875
each agent reward: 378119.6875
Episode 535 return: -689905.125
Episode: 535, total reward: 378119.6875
each agent reward: 378119.6875
Episode 536 return: -719443.8125
Episode: 536, total reward: 382207.28125
each agent reward: 382207.28125
Episode 537 return: -745406.75
Episode: 537, total reward: 377646.6875
each agent reward: 377646.6875
Episode 538 return: -754103.0
Episode: 538, total reward: 377864.71875
each agent reward: 377864.71875
Episode 539 return: -803348.0
Episode: 539, total reward: 378631.71875
each agent reward: 378631.71875
Episode 540 return: -735883.8125
Episode: 540, total reward: 378631.71875
each agent reward: 378631.71875
Episode 541 return: -819880.1875
Episode: 541, total reward: 378927.0625
each agent reward: 378927.0625
Episode 542 return: -763327.1875
Episode: 542, total reward: 380027.625
each agent reward: 380027.625
Episode 543 return: -787578.0
Episode: 543, total reward: 379407.03125
each agent reward: 379407.03125
Episode 544 return: -823563.125
Episode: 544, total reward: 377264.875
each agent reward: 377264.875
Episode 545 return: -765478.4375
Episode: 545, total reward: 377264.875
each agent reward: 377264.875
Episode 546 return: -768613.875
Episode: 546, total reward: 375459.03125
each agent reward: 375459.03125
Episode 547 return: -765219.1875
Episode: 547, total reward: 375945.3125
each agent reward: 375945.3125
Episode 548 return: -812669.5625
Episode: 548, total reward: 376356.21875
each agent reward: 376356.21875
Episode 549 return: -762970.5
Episode: 549, total reward: 373691.9375
each agent reward: 373691.9375
Episode 550 return: -743177.25
Episode: 550, total reward: 373691.9375
each agent reward: 373691.9375
Episode 551 return: -721560.875
Episode: 551, total reward: 377326.03125
each agent reward: 377326.03125
Episode 552 return: -754443.5625
Episode: 552, total reward: 376090.5625
each agent reward: 376090.5625
Episode 553 return: -799771.875
Episode: 553, total reward: 379966.9375
each agent reward: 379966.9375
Episode 554 return: -761820.3125
Episode: 554, total reward: 376971.59375
each agent reward: 376971.59375
Episode 555 return: -809603.8125
Episode: 555, total reward: 376971.59375
each agent reward: 376971.59375
Episode 556 return: -816106.6875
Episode: 556, total reward: 374822.5
each agent reward: 374822.5
Episode 557 return: -696297.625
Episode: 557, total reward: 374174.25
each agent reward: 374174.25
Episode 558 return: -768240.625
Episode: 558, total reward: 379035.65625
each agent reward: 379035.65625
Episode 559 return: -766281.75
Episode: 559, total reward: 377533.5
each agent reward: 377533.5
Episode 560 return: -820426.375
Episode: 560, total reward: 377533.5
each agent reward: 377533.5
Episode 561 return: -774326.875
Episode: 561, total reward: 377376.625
each agent reward: 377376.625
Episode 562 return: -783191.0
Episode: 562, total reward: 374459.3125
each agent reward: 374459.3125
Episode 563 return: -803232.5625
Episode: 563, total reward: 374980.21875
each agent reward: 374980.21875
Episode 564 return: -798903.5625
Episode: 564, total reward: 376211.25
each agent reward: 376211.25
Episode 565 return: -774504.1875
Episode: 565, total reward: 376211.25
each agent reward: 376211.25
Episode 566 return: -772806.5625
Episode: 566, total reward: 376250.0
each agent reward: 376250.0
Episode 567 return: -732381.3125
Episode: 567, total reward: 377169.5625
each agent reward: 377169.5625
Episode 568 return: -815967.4375
Episode: 568, total reward: 377869.53125
each agent reward: 377869.53125
Episode 569 return: -799905.5625
Episode: 569, total reward: 380509.75
each agent reward: 380509.75
Episode 570 return: -786888.4375
Episode: 570, total reward: 380509.75
each agent reward: 380509.75
Episode 571 return: -799527.5625
Episode: 571, total reward: 383353.90625
each agent reward: 383353.90625
Episode 572 return: -758569.6875
Episode: 572, total reward: 383246.1875
each agent reward: 383246.1875
Episode 573 return: -692587.375
Episode: 573, total reward: 384832.09375
each agent reward: 384832.09375
Episode 574 return: -756050.5625
Episode: 574, total reward: 384379.9375
each agent reward: 384379.9375
Episode 575 return: -748312.6875
Episode: 575, total reward: 384379.9375
each agent reward: 384379.9375
Episode 576 return: -692176.8125
Episode: 576, total reward: 381170.0625
each agent reward: 381170.0625
Episode 577 return: -773012.0
Episode: 577, total reward: 380666.4375
each agent reward: 380666.4375
Episode 578 return: -764100.125
Episode: 578, total reward: 377477.46875
each agent reward: 377477.46875
Episode 579 return: -737034.625
Episode: 579, total reward: 375233.90625
each agent reward: 375233.90625
Episode 580 return: -743698.875
Episode: 580, total reward: 375233.90625
each agent reward: 375233.90625
Episode 581 return: -789877.875
Episode: 581, total reward: 376156.0625
each agent reward: 376156.0625
Episode 582 return: -721086.625
Episode: 582, total reward: 376172.65625
each agent reward: 376172.65625
Episode 583 return: -722461.8125
Episode: 583, total reward: 376172.9375
each agent reward: 376172.9375
Episode 584 return: -701965.9375
Episode: 584, total reward: 377379.84375
each agent reward: 377379.84375
Episode 585 return: -714373.875
Episode: 585, total reward: 377379.84375
each agent reward: 377379.84375
Episode 586 return: -737942.0625
Episode: 586, total reward: 377961.625
each agent reward: 377961.625
Episode 587 return: -724931.375
Episode: 587, total reward: 378073.53125
each agent reward: 378073.53125
Episode 588 return: -783226.3125
Episode: 588, total reward: 378301.71875
each agent reward: 378301.71875
Episode 589 return: -814749.8125
Episode: 589, total reward: 378301.71875
each agent reward: 378301.71875
Episode 590 return: -776950.5
Episode: 590, total reward: 378301.71875
each agent reward: 378301.71875
Episode 591 return: -816282.6875
Episode: 591, total reward: 377912.15625
each agent reward: 377912.15625
Episode 592 return: -764783.6875
Episode: 592, total reward: 378091.34375
each agent reward: 378091.34375
Episode 593 return: -725329.375
Episode: 593, total reward: 377667.3125
each agent reward: 377667.3125
Episode 594 return: -774642.875
Episode: 594, total reward: 376979.125
each agent reward: 376979.125
Episode 595 return: -715107.5
Episode: 595, total reward: 376979.125
each agent reward: 376979.125
Episode 596 return: -768277.5
Episode: 596, total reward: 380920.59375
each agent reward: 380920.59375
Episode 597 return: -770499.625
Episode: 597, total reward: 375989.25
each agent reward: 375989.25
Episode 598 return: -750409.5625
Episode: 598, total reward: 378187.25
each agent reward: 378187.25
Episode 599 return: -788054.4375
Episode: 599, total reward: 378793.53125
each agent reward: 378793.53125
