Episode: -1, total reward: 10253825.0
each agent reward: 10253825.0
Episode: 1, total reward: 10246451.0
each agent reward: 10246451.0
Episode 0 return: -10957380.0
Episode: 0, total reward: 10246451.0
each agent reward: 10246451.0
Episode 1 return: -10914775.0
Episode: 1, total reward: 10246451.0
each agent reward: 10246451.0
Episode 2 return: -10922559.0
Episode: 2, total reward: 10246451.0
each agent reward: 10246451.0
Episode 3 return: -10551091.0
Episode: 3, total reward: 10246451.0
each agent reward: 10246451.0
Episode 4 return: -10593085.0
Episode: 4, total reward: 10246451.0
each agent reward: 10246451.0
Episode 5 return: -10857878.0
Episode: 5, total reward: 10246451.0
each agent reward: 10246451.0
Episode 6 return: -10866256.0
Episode: 6, total reward: 10246451.0
each agent reward: 10246451.0
Episode 7 return: -10681647.0
Episode: 7, total reward: 10246451.0
each agent reward: 10246451.0
Episode 8 return: -10449066.0
Episode: 8, total reward: 10246451.0
each agent reward: 10246451.0
Episode 9 return: -10865954.0
Episode: 9, total reward: 10246451.0
each agent reward: 10246451.0
Episode 10 return: -10543524.0
Episode: 10, total reward: 10246451.0
each agent reward: 10246451.0
Episode 11 return: -10565936.0
Episode: 11, total reward: 10246451.0
each agent reward: 10246451.0
Episode 12 return: -11128472.0
Episode: 12, total reward: 10195706.0
each agent reward: 10195706.0
Episode 13 return: -10370339.0
Episode: 13, total reward: 9895108.0
each agent reward: 9895108.0
Episode 14 return: -10055439.0
Episode: 14, total reward: 9613593.0
each agent reward: 9613593.0
Episode 15 return: -9745782.0
Episode: 15, total reward: 8886886.0
each agent reward: 8886886.0
Episode 16 return: -10388998.0
Episode: 16, total reward: 9087850.0
each agent reward: 9087850.0
Episode 17 return: -9962317.0
Episode: 17, total reward: 9182983.0
each agent reward: 9182983.0
Episode 18 return: -9488689.0
Episode: 18, total reward: 9555613.0
each agent reward: 9555613.0
Episode 19 return: -9701042.0
Episode: 19, total reward: 9368839.0
each agent reward: 9368839.0
Episode 20 return: -10206306.0
Episode: 20, total reward: 9177602.0
each agent reward: 9177602.0
Episode 21 return: -9614320.0
Episode: 21, total reward: 9004110.0
each agent reward: 9004110.0
Episode 22 return: -9635146.0
Episode: 22, total reward: 8738715.0
each agent reward: 8738715.0
Episode 23 return: -10348482.0
Episode: 23, total reward: 8894928.0
each agent reward: 8894928.0
Episode 24 return: -10192934.0
Episode: 24, total reward: 8698343.0
each agent reward: 8698343.0
Episode 25 return: -9601434.0
Episode: 25, total reward: 8636174.0
each agent reward: 8636174.0
Episode 26 return: -10128388.0
Episode: 26, total reward: 7847628.0
each agent reward: 7847628.0
Episode 27 return: -9832072.0
Episode: 27, total reward: 7626294.0
each agent reward: 7626294.0
Episode 28 return: -9768406.0
Episode: 28, total reward: 7565816.0
each agent reward: 7565816.0
Episode 29 return: -9775340.0
Episode: 29, total reward: 7524507.0
each agent reward: 7524507.0
Episode 30 return: -10057002.0
Episode: 30, total reward: 7634607.0
each agent reward: 7634607.0
Episode 31 return: -8669475.0
Episode: 31, total reward: 7091904.0
each agent reward: 7091904.0
Episode 32 return: -9493364.0
Episode: 32, total reward: 6356852.5
each agent reward: 6356852.5
Episode 33 return: -9177867.0
Episode: 33, total reward: 6293216.0
each agent reward: 6293216.0
Episode 34 return: -10254227.0
Episode: 34, total reward: 6178060.5
each agent reward: 6178060.5
Episode 35 return: -9123071.0
Episode: 35, total reward: 5998381.5
each agent reward: 5998381.5
Episode 36 return: -10203454.0
Episode: 36, total reward: 6290422.5
each agent reward: 6290422.5
Episode 37 return: -9689097.0
Episode: 37, total reward: 6062888.0
each agent reward: 6062888.0
Episode 38 return: -9129707.0
Episode: 38, total reward: 5604957.0
each agent reward: 5604957.0
Episode 39 return: -9386688.0
Episode: 39, total reward: 5794735.0
each agent reward: 5794735.0
Episode 40 return: -10099041.0
Episode: 40, total reward: 5010556.0
each agent reward: 5010556.0
Episode 41 return: -9965583.0
Episode: 41, total reward: 5418363.0
each agent reward: 5418363.0
Episode 42 return: -9406065.0
Episode: 42, total reward: 5084942.5
each agent reward: 5084942.5
Episode 43 return: -9627582.0
Episode: 43, total reward: 5229597.0
each agent reward: 5229597.0
Episode 44 return: -9538713.0
Episode: 44, total reward: 5253459.5
each agent reward: 5253459.5
Episode 45 return: -9575212.0
Episode: 45, total reward: 4415566.5
each agent reward: 4415566.5
Episode 46 return: -9145417.0
Episode: 46, total reward: 4574787.5
each agent reward: 4574787.5
Episode 47 return: -9421813.0
Episode: 47, total reward: 4697785.0
each agent reward: 4697785.0
Episode 48 return: -9469736.0
Episode: 48, total reward: 4214941.0
each agent reward: 4214941.0
Episode 49 return: -9057324.0
Episode: 49, total reward: 4278599.0
each agent reward: 4278599.0
Episode 50 return: -9189894.0
Episode: 50, total reward: 5090465.5
each agent reward: 5090465.5
Episode 51 return: -9430161.0
Episode: 51, total reward: 5445968.5
each agent reward: 5445968.5
Episode 52 return: -9101079.0
Episode: 52, total reward: 4754391.5
each agent reward: 4754391.5
Episode 53 return: -9065662.0
Episode: 53, total reward: 4423513.5
each agent reward: 4423513.5
Episode 54 return: -10373553.0
Episode: 54, total reward: 4368346.5
each agent reward: 4368346.5
Episode 55 return: -9542189.0
Episode: 55, total reward: 4107917.0
each agent reward: 4107917.0
Episode 56 return: -9829740.0
Episode: 56, total reward: 4099667.75
each agent reward: 4099667.75
Episode 57 return: -8504031.0
Episode: 57, total reward: 4395880.0
each agent reward: 4395880.0
Episode 58 return: -9735805.0
Episode: 58, total reward: 3918462.25
each agent reward: 3918462.25
Episode 59 return: -8822873.0
Episode: 59, total reward: 3639312.0
each agent reward: 3639312.0
Episode 60 return: -9499487.0
Episode: 60, total reward: 3259393.0
each agent reward: 3259393.0
Episode 61 return: -8933630.0
Episode: 61, total reward: 3363556.0
each agent reward: 3363556.0
Episode 62 return: -9128910.0
Episode: 62, total reward: 3583765.5
each agent reward: 3583765.5
Episode 63 return: -8564521.0
Episode: 63, total reward: 3612536.0
each agent reward: 3612536.0
Episode 64 return: -8908736.0
Episode: 64, total reward: 3549117.5
each agent reward: 3549117.5
Episode 65 return: -9194740.0
Episode: 65, total reward: 3318661.25
each agent reward: 3318661.25
Episode 66 return: -8957273.0
Episode: 66, total reward: 3257097.0
each agent reward: 3257097.0
Episode 67 return: -8772826.0
Episode: 67, total reward: 3259478.25
each agent reward: 3259478.25
Episode 68 return: -8679366.0
Episode: 68, total reward: 3325291.25
each agent reward: 3325291.25
Episode 69 return: -9069376.0
Episode: 69, total reward: 3102058.25
each agent reward: 3102058.25
Episode 70 return: -8545277.0
Episode: 70, total reward: 3067199.5
each agent reward: 3067199.5
Episode 71 return: -8545255.0
Episode: 71, total reward: 3059584.5
each agent reward: 3059584.5
Episode 72 return: -8790694.0
Episode: 72, total reward: 3132065.5
each agent reward: 3132065.5
Episode 73 return: -8322841.0
Episode: 73, total reward: 3180366.75
each agent reward: 3180366.75
Episode 74 return: -8272354.5
Episode: 74, total reward: 3239916.5
each agent reward: 3239916.5
Episode 75 return: -8024522.5
Episode: 75, total reward: 3415878.25
each agent reward: 3415878.25
Episode 76 return: -7595504.5
Episode: 76, total reward: 3144805.75
each agent reward: 3144805.75
Episode 77 return: -8084815.0
Episode: 77, total reward: 3138969.5
each agent reward: 3138969.5
Episode 78 return: -8274320.0
Episode: 78, total reward: 3105062.75
each agent reward: 3105062.75
Episode 79 return: -7765951.5
Episode: 79, total reward: 3078160.75
each agent reward: 3078160.75
Episode 80 return: -7791782.0
Episode: 80, total reward: 3074249.25
each agent reward: 3074249.25
Episode 81 return: -7822898.0
Episode: 81, total reward: 3088644.25
each agent reward: 3088644.25
Episode 82 return: -7676022.5
Episode: 82, total reward: 3067912.0
each agent reward: 3067912.0
Episode 83 return: -8093747.5
Episode: 83, total reward: 3051857.0
each agent reward: 3051857.0
Episode 84 return: -7794053.0
Episode: 84, total reward: 3046582.5
each agent reward: 3046582.5
Episode 85 return: -7713170.0
Episode: 85, total reward: 3033335.0
each agent reward: 3033335.0
Episode 86 return: -7654125.0
Episode: 86, total reward: 3034125.5
each agent reward: 3034125.5
Episode 87 return: -7368514.0
Episode: 87, total reward: 3033069.25
each agent reward: 3033069.25
Episode 88 return: -7413816.0
Episode: 88, total reward: 3064539.0
each agent reward: 3064539.0
Episode 89 return: -7491398.5
Episode: 89, total reward: 3082515.75
each agent reward: 3082515.75
Episode 90 return: -7375259.0
Episode: 90, total reward: 3075487.75
each agent reward: 3075487.75
Episode 91 return: -7247366.5
Episode: 91, total reward: 3063220.0
each agent reward: 3063220.0
Episode 92 return: -7191138.0
Episode: 92, total reward: 3050821.25
each agent reward: 3050821.25
Episode 93 return: -7137535.0
Episode: 93, total reward: 3027596.75
each agent reward: 3027596.75
Episode 94 return: -7001157.0
Episode: 94, total reward: 3016073.75
each agent reward: 3016073.75
Episode 95 return: -6992799.0
Episode: 95, total reward: 2998861.75
each agent reward: 2998861.75
Episode 96 return: -7219411.5
Episode: 96, total reward: 3001266.75
each agent reward: 3001266.75
Episode 97 return: -6841317.0
Episode: 97, total reward: 2989067.75
each agent reward: 2989067.75
Episode 98 return: -6074956.5
Episode: 98, total reward: 2981925.75
each agent reward: 2981925.75
Episode 99 return: -6668260.5
Episode: 99, total reward: 2979942.5
each agent reward: 2979942.5
Episode 100 return: -6182596.5
Episode: 100, total reward: 2986701.25
each agent reward: 2986701.25
Episode 101 return: -6247627.5
Episode: 101, total reward: 3041769.0
each agent reward: 3041769.0
Episode 102 return: -6478307.0
Episode: 102, total reward: 3055465.0
each agent reward: 3055465.0
Episode 103 return: -6714762.0
Episode: 103, total reward: 3065362.25
each agent reward: 3065362.25
Episode 104 return: -6371591.0
Episode: 104, total reward: 3079414.0
each agent reward: 3079414.0
Episode 105 return: -5823345.0
Episode: 105, total reward: 3070711.5
each agent reward: 3070711.5
Episode 106 return: -6194777.5
Episode: 106, total reward: 3052412.5
each agent reward: 3052412.5
Episode 107 return: -5942868.5
Episode: 107, total reward: 3053041.0
each agent reward: 3053041.0
Episode 108 return: -5873759.0
Episode: 108, total reward: 3042664.5
each agent reward: 3042664.5
Episode 109 return: -6380636.5
Episode: 109, total reward: 3037902.5
each agent reward: 3037902.5
Episode 110 return: -6370300.5
Episode: 110, total reward: 3053001.5
each agent reward: 3053001.5
Episode 111 return: -5930436.0
Episode: 111, total reward: 3075151.25
each agent reward: 3075151.25
Episode 112 return: -5397644.5
Episode: 112, total reward: 3060735.75
each agent reward: 3060735.75
Episode 113 return: -5979683.5
Episode: 113, total reward: 3057953.25
each agent reward: 3057953.25
Episode 114 return: -6321863.5
Episode: 114, total reward: 3091501.0
each agent reward: 3091501.0
Episode 115 return: -5376927.5
Episode: 115, total reward: 3093893.75
each agent reward: 3093893.75
Episode 116 return: -6210014.5
Episode: 116, total reward: 3066197.25
each agent reward: 3066197.25
Episode 117 return: -5668519.5
Episode: 117, total reward: 3079387.0
each agent reward: 3079387.0
Episode 118 return: -5763538.0
Episode: 118, total reward: 3084482.5
each agent reward: 3084482.5
Episode 119 return: -5484674.5
Episode: 119, total reward: 3074931.75
each agent reward: 3074931.75
Episode 120 return: -5753861.5
Episode: 120, total reward: 3084454.75
each agent reward: 3084454.75
Episode 121 return: -5793079.0
Episode: 121, total reward: 3018070.25
each agent reward: 3018070.25
Episode 122 return: -5466429.0
Episode: 122, total reward: 3011550.5
each agent reward: 3011550.5
Episode 123 return: -5177446.0
Episode: 123, total reward: 3033032.75
each agent reward: 3033032.75
Episode 124 return: -5606560.5
Episode: 124, total reward: 3033665.0
each agent reward: 3033665.0
Episode 125 return: -5563720.5
Episode: 125, total reward: 3040318.75
each agent reward: 3040318.75
Episode 126 return: -5119926.5
Episode: 126, total reward: 3045970.25
each agent reward: 3045970.25
Episode 127 return: -5357188.0
Episode: 127, total reward: 3012909.5
each agent reward: 3012909.5
Episode 128 return: -5338967.5
Episode: 128, total reward: 3017040.75
each agent reward: 3017040.75
Episode 129 return: -4734921.0
Episode: 129, total reward: 3033151.0
each agent reward: 3033151.0
Episode 130 return: -5256982.5
Episode: 130, total reward: 3062438.75
each agent reward: 3062438.75
Episode 131 return: -5123318.0
Episode: 131, total reward: 3046831.75
each agent reward: 3046831.75
Episode 132 return: -4677210.0
Episode: 132, total reward: 3044494.5
each agent reward: 3044494.5
Episode 133 return: -4834380.0
Episode: 133, total reward: 3100269.0
each agent reward: 3100269.0
Episode 134 return: -4911470.5
Episode: 134, total reward: 3119678.5
each agent reward: 3119678.5
Episode 135 return: -5284377.0
Episode: 135, total reward: 3087821.0
each agent reward: 3087821.0
Episode 136 return: -4507439.0
Episode: 136, total reward: 3102921.25
each agent reward: 3102921.25
Episode 137 return: -4972586.5
Episode: 137, total reward: 3155243.25
each agent reward: 3155243.25
Episode 138 return: -4760336.0
Episode: 138, total reward: 3141556.0
each agent reward: 3141556.0
Episode 139 return: -4866255.0
Episode: 139, total reward: 3110987.5
each agent reward: 3110987.5
Episode 140 return: -4878664.0
Episode: 140, total reward: 3130695.5
each agent reward: 3130695.5
Episode 141 return: -5313188.5
Episode: 141, total reward: 3132254.5
each agent reward: 3132254.5
Episode 142 return: -5288168.0
Episode: 142, total reward: 3150486.0
each agent reward: 3150486.0
Episode 143 return: -5024289.5
Episode: 143, total reward: 3123412.5
each agent reward: 3123412.5
Episode 144 return: -4900497.0
Episode: 144, total reward: 3109458.5
each agent reward: 3109458.5
Episode 145 return: -4540176.0
Episode: 145, total reward: 3087444.25
each agent reward: 3087444.25
Episode 146 return: -5008911.0
Episode: 146, total reward: 3068111.5
each agent reward: 3068111.5
Episode 147 return: -4785066.5
Episode: 147, total reward: 3053345.25
each agent reward: 3053345.25
Episode 148 return: -4451212.5
Episode: 148, total reward: 3059974.0
each agent reward: 3059974.0
Episode 149 return: -4810854.5
Episode: 149, total reward: 3052519.5
each agent reward: 3052519.5
Episode 150 return: -4582317.5
Episode: 150, total reward: 3085242.5
each agent reward: 3085242.5
Episode 151 return: -4464636.0
Episode: 151, total reward: 3052337.0
each agent reward: 3052337.0
Episode 152 return: -5079243.0
Episode: 152, total reward: 3064735.75
each agent reward: 3064735.75
Episode 153 return: -5143925.0
Episode: 153, total reward: 3069540.0
each agent reward: 3069540.0
Episode 154 return: -4702724.5
Episode: 154, total reward: 3069206.0
each agent reward: 3069206.0
Episode 155 return: -4447709.5
Episode: 155, total reward: 3055878.5
each agent reward: 3055878.5
Episode 156 return: -4365128.0
Episode: 156, total reward: 3035615.5
each agent reward: 3035615.5
Episode 157 return: -4795256.5
Episode: 157, total reward: 3042080.25
each agent reward: 3042080.25
Episode 158 return: -4356728.0
Episode: 158, total reward: 3055779.25
each agent reward: 3055779.25
Episode 159 return: -4736934.0
Episode: 159, total reward: 3042406.5
each agent reward: 3042406.5
Episode 160 return: -4533446.5
Episode: 160, total reward: 3041963.0
each agent reward: 3041963.0
Episode 161 return: -4599073.5
Episode: 161, total reward: 3042096.5
each agent reward: 3042096.5
Episode 162 return: -4915480.0
Episode: 162, total reward: 3050784.0
each agent reward: 3050784.0
Episode 163 return: -4834040.0
Episode: 163, total reward: 3044224.25
each agent reward: 3044224.25
Episode 164 return: -4416826.0
Episode: 164, total reward: 3050272.0
each agent reward: 3050272.0
Episode 165 return: -4466835.0
Episode: 165, total reward: 3079151.25
each agent reward: 3079151.25
Episode 166 return: -4502483.5
Episode: 166, total reward: 3092294.5
each agent reward: 3092294.5
Episode 167 return: -4274887.5
Episode: 167, total reward: 3110957.25
each agent reward: 3110957.25
Episode 168 return: -4689581.5
Episode: 168, total reward: 3119438.0
each agent reward: 3119438.0
Episode 169 return: -4575114.0
Episode: 169, total reward: 3124512.25
each agent reward: 3124512.25
Episode 170 return: -4359271.5
Episode: 170, total reward: 3101025.25
each agent reward: 3101025.25
Episode 171 return: -4328244.5
Episode: 171, total reward: 3086122.5
each agent reward: 3086122.5
Episode 172 return: -4722273.5
Episode: 172, total reward: 3061692.0
each agent reward: 3061692.0
Episode 173 return: -4628025.0
Episode: 173, total reward: 3048866.0
each agent reward: 3048866.0
Episode 174 return: -4613070.5
Episode: 174, total reward: 3042635.5
each agent reward: 3042635.5
Episode 175 return: -4939822.0
Episode: 175, total reward: 3056371.0
each agent reward: 3056371.0
Episode 176 return: -4545563.5
Episode: 176, total reward: 3052474.0
each agent reward: 3052474.0
Episode 177 return: -4466307.5
Episode: 177, total reward: 3059501.0
each agent reward: 3059501.0
Episode 178 return: -4562322.5
Episode: 178, total reward: 3040622.25
each agent reward: 3040622.25
Episode 179 return: -4283023.0
Episode: 179, total reward: 3036130.0
each agent reward: 3036130.0
Episode 180 return: -4065616.75
Episode: 180, total reward: 3039409.5
each agent reward: 3039409.5
Episode 181 return: -4798376.0
Episode: 181, total reward: 3051683.0
each agent reward: 3051683.0
Episode 182 return: -4505653.0
Episode: 182, total reward: 3064135.25
each agent reward: 3064135.25
Episode 183 return: -4171206.25
Episode: 183, total reward: 3054251.75
each agent reward: 3054251.75
Episode 184 return: -4595618.0
Episode: 184, total reward: 3060041.75
each agent reward: 3060041.75
Episode 185 return: -4496142.0
Episode: 185, total reward: 3059883.5
each agent reward: 3059883.5
Episode 186 return: -4568804.5
Episode: 186, total reward: 3053525.5
each agent reward: 3053525.5
Episode 187 return: -4546770.5
Episode: 187, total reward: 3051156.75
each agent reward: 3051156.75
Episode 188 return: -4381003.5
Episode: 188, total reward: 3050756.5
each agent reward: 3050756.5
Episode 189 return: -4472144.5
Episode: 189, total reward: 3048156.75
each agent reward: 3048156.75
Episode 190 return: -4682110.0
Episode: 190, total reward: 3055642.5
each agent reward: 3055642.5
Episode 191 return: -4583957.0
Episode: 191, total reward: 3048824.25
each agent reward: 3048824.25
Episode 192 return: -4385494.5
Episode: 192, total reward: 3048829.5
each agent reward: 3048829.5
Episode 193 return: -4268233.5
Episode: 193, total reward: 3044581.5
each agent reward: 3044581.5
Episode 194 return: -4874086.0
Episode: 194, total reward: 3052647.5
each agent reward: 3052647.5
Episode 195 return: -4294984.5
Episode: 195, total reward: 3062984.0
each agent reward: 3062984.0
Episode 196 return: -4428802.5
Episode: 196, total reward: 3072744.5
each agent reward: 3072744.5
Episode 197 return: -4413152.0
Episode: 197, total reward: 3075107.25
each agent reward: 3075107.25
Episode 198 return: -4534850.5
Episode: 198, total reward: 3077750.75
each agent reward: 3077750.75
Episode 199 return: -4354417.0
Episode: 199, total reward: 3077942.75
each agent reward: 3077942.75
Episode 200 return: -4811296.0
Episode: 200, total reward: 3063910.25
each agent reward: 3063910.25
Episode 201 return: -4512820.0
Episode: 201, total reward: 3047403.25
each agent reward: 3047403.25
Episode 202 return: -4687466.5
Episode: 202, total reward: 3056964.5
each agent reward: 3056964.5
Episode 203 return: -4228706.5
Episode: 203, total reward: 3051328.75
each agent reward: 3051328.75
Episode 204 return: -4577462.0
Episode: 204, total reward: 3052921.75
each agent reward: 3052921.75
Episode 205 return: -4002652.25
Episode: 205, total reward: 3042486.25
each agent reward: 3042486.25
Episode 206 return: -4661996.0
Episode: 206, total reward: 3061363.75
each agent reward: 3061363.75
Episode 207 return: -4499995.5
Episode: 207, total reward: 3065407.75
each agent reward: 3065407.75
Episode 208 return: -4669262.0
Episode: 208, total reward: 3055618.5
each agent reward: 3055618.5
Episode 209 return: -4239086.0
Episode: 209, total reward: 3056313.25
each agent reward: 3056313.25
Episode 210 return: -4112493.0
Episode: 210, total reward: 3066062.25
each agent reward: 3066062.25
Episode 211 return: -4243643.5
Episode: 211, total reward: 3060243.25
each agent reward: 3060243.25
Episode 212 return: -4517625.5
Episode: 212, total reward: 3067353.25
each agent reward: 3067353.25
Episode 213 return: -4446992.5
Episode: 213, total reward: 3069778.5
each agent reward: 3069778.5
Episode 214 return: -4412096.5
Episode: 214, total reward: 3075867.0
each agent reward: 3075867.0
Episode 215 return: -4374254.0
Episode: 215, total reward: 3064591.5
each agent reward: 3064591.5
Episode 216 return: -4591845.5
Episode: 216, total reward: 3057493.5
each agent reward: 3057493.5
Episode 217 return: -4697798.5
Episode: 217, total reward: 3069187.25
each agent reward: 3069187.25
Episode 218 return: -4424151.5
Episode: 218, total reward: 3067882.25
each agent reward: 3067882.25
Episode 219 return: -4206669.0
Episode: 219, total reward: 3067296.0
each agent reward: 3067296.0
Episode 220 return: -4529667.5
Episode: 220, total reward: 3071480.75
each agent reward: 3071480.75
Episode 221 return: -4203391.5
Episode: 221, total reward: 3068187.0
each agent reward: 3068187.0
Episode 222 return: -4193518.25
Episode: 222, total reward: 3068511.5
each agent reward: 3068511.5
Episode 223 return: -4645331.0
Episode: 223, total reward: 3057824.0
each agent reward: 3057824.0
Episode 224 return: -4283559.5
Episode: 224, total reward: 3063682.75
each agent reward: 3063682.75
Episode 225 return: -4447330.0
Episode: 225, total reward: 3064742.0
each agent reward: 3064742.0
Episode 226 return: -4670019.0
Episode: 226, total reward: 3058122.0
each agent reward: 3058122.0
Episode 227 return: -4420356.0
Episode: 227, total reward: 3072764.25
each agent reward: 3072764.25
Episode 228 return: -4681426.0
Episode: 228, total reward: 3055109.0
each agent reward: 3055109.0
Episode 229 return: -4532340.0
Episode: 229, total reward: 3064958.25
each agent reward: 3064958.25
Episode 230 return: -4543280.0
Episode: 230, total reward: 3055034.75
each agent reward: 3055034.75
Episode 231 return: -4653527.0
Episode: 231, total reward: 3062166.0
each agent reward: 3062166.0
Episode 232 return: -4716272.5
Episode: 232, total reward: 3062583.25
each agent reward: 3062583.25
Episode 233 return: -4127783.75
Episode: 233, total reward: 3068918.75
each agent reward: 3068918.75
Episode 234 return: -4640168.5
Episode: 234, total reward: 3077047.5
each agent reward: 3077047.5
Episode 235 return: -4497550.0
Episode: 235, total reward: 3070120.5
each agent reward: 3070120.5
Episode 236 return: -4464977.5
Episode: 236, total reward: 3067779.0
each agent reward: 3067779.0
Episode 237 return: -4415424.5
Episode: 237, total reward: 3075588.25
each agent reward: 3075588.25
Episode 238 return: -4326466.0
Episode: 238, total reward: 3068777.75
each agent reward: 3068777.75
Episode 239 return: -4305277.0
Episode: 239, total reward: 3070903.25
each agent reward: 3070903.25
Episode 240 return: -4646319.0
Episode: 240, total reward: 3056682.25
each agent reward: 3056682.25
Episode 241 return: -4671864.0
Episode: 241, total reward: 3065024.25
each agent reward: 3065024.25
Episode 242 return: -4632152.5
Episode: 242, total reward: 3059767.5
each agent reward: 3059767.5
Episode 243 return: -4583950.0
Episode: 243, total reward: 3057546.75
each agent reward: 3057546.75
Episode 244 return: -4451046.0
Episode: 244, total reward: 3064926.0
each agent reward: 3064926.0
Episode 245 return: -4551141.5
Episode: 245, total reward: 3068781.75
each agent reward: 3068781.75
Episode 246 return: -4709964.5
Episode: 246, total reward: 3070937.5
each agent reward: 3070937.5
Episode 247 return: -4324829.0
Episode: 247, total reward: 3080503.25
each agent reward: 3080503.25
Episode 248 return: -4173439.75
Episode: 248, total reward: 3075599.0
each agent reward: 3075599.0
Episode 249 return: -4693869.5
Episode: 249, total reward: 3065698.0
each agent reward: 3065698.0
Episode 250 return: -4475354.5
Episode: 250, total reward: 3064758.75
each agent reward: 3064758.75
Episode 251 return: -4681346.0
Episode: 251, total reward: 3065181.75
each agent reward: 3065181.75
Episode 252 return: -4589906.0
Episode: 252, total reward: 3068812.5
each agent reward: 3068812.5
Episode 253 return: -4309308.0
Episode: 253, total reward: 3074468.25
each agent reward: 3074468.25
Episode 254 return: -4215098.5
Episode: 254, total reward: 3068675.75
each agent reward: 3068675.75
Episode 255 return: -4275164.5
Episode: 255, total reward: 3072637.5
each agent reward: 3072637.5
Episode 256 return: -4346060.5
Episode: 256, total reward: 3063351.0
each agent reward: 3063351.0
Episode 257 return: -4779251.5
Episode: 257, total reward: 3052381.75
each agent reward: 3052381.75
Episode 258 return: -4528089.5
Episode: 258, total reward: 3072286.0
each agent reward: 3072286.0
Episode 259 return: -4796207.5
Episode: 259, total reward: 3073559.75
each agent reward: 3073559.75
Episode 260 return: -4647952.5
Episode: 260, total reward: 3070466.0
each agent reward: 3070466.0
Episode 261 return: -4404168.0
Episode: 261, total reward: 3074539.5
each agent reward: 3074539.5
Episode 262 return: -4644442.0
Episode: 262, total reward: 3076542.5
each agent reward: 3076542.5
Episode 263 return: -4552794.0
Episode: 263, total reward: 3061282.0
each agent reward: 3061282.0
Episode 264 return: -4258763.5
Episode: 264, total reward: 3061056.0
each agent reward: 3061056.0
Episode 265 return: -4364825.5
Episode: 265, total reward: 3070889.5
each agent reward: 3070889.5
Episode 266 return: -4334075.5
Episode: 266, total reward: 3064691.0
each agent reward: 3064691.0
Episode 267 return: -4337420.0
Episode: 267, total reward: 3063489.25
each agent reward: 3063489.25
Episode 268 return: -4135556.75
Episode: 268, total reward: 3067673.0
each agent reward: 3067673.0
Episode 269 return: -4794756.5
Episode: 269, total reward: 3068040.75
each agent reward: 3068040.75
Episode 270 return: -4486283.0
Episode: 270, total reward: 3063779.5
each agent reward: 3063779.5
Episode 271 return: -4494945.5
Episode: 271, total reward: 3070418.25
each agent reward: 3070418.25
Episode 272 return: -4239574.5
Episode: 272, total reward: 3074686.5
each agent reward: 3074686.5
Episode 273 return: -4370289.0
Episode: 273, total reward: 3077765.25
each agent reward: 3077765.25
Episode 274 return: -4331229.0
Episode: 274, total reward: 3074261.0
each agent reward: 3074261.0
Episode 275 return: -4343625.0
Episode: 275, total reward: 3071931.75
each agent reward: 3071931.75
Episode 276 return: -4298009.0
Episode: 276, total reward: 3083408.5
each agent reward: 3083408.5
Episode 277 return: -4385971.0
Episode: 277, total reward: 3080912.0
each agent reward: 3080912.0
Episode 278 return: -4327987.0
Episode: 278, total reward: 3077982.0
each agent reward: 3077982.0
Episode 279 return: -4361012.5
Episode: 279, total reward: 3072494.5
each agent reward: 3072494.5
Episode 280 return: -4949327.0
Episode: 280, total reward: 3062054.25
each agent reward: 3062054.25
Episode 281 return: -4200497.0
Episode: 281, total reward: 3051505.25
each agent reward: 3051505.25
Episode 282 return: -4260974.5
Episode: 282, total reward: 3057028.5
each agent reward: 3057028.5
Episode 283 return: -4353526.5
Episode: 283, total reward: 3055265.0
each agent reward: 3055265.0
Episode 284 return: -4608021.0
Episode: 284, total reward: 3056555.5
each agent reward: 3056555.5
Episode 285 return: -4184510.0
Episode: 285, total reward: 3059162.75
each agent reward: 3059162.75
Episode 286 return: -4604380.5
Episode: 286, total reward: 3074762.0
each agent reward: 3074762.0
Episode 287 return: -4416181.0
Episode: 287, total reward: 3070606.0
each agent reward: 3070606.0
Episode 288 return: -4176298.25
Episode: 288, total reward: 3078984.5
each agent reward: 3078984.5
Episode 289 return: -4336846.0
Episode: 289, total reward: 3070660.5
each agent reward: 3070660.5
Episode 290 return: -4550965.0
Episode: 290, total reward: 3070688.25
each agent reward: 3070688.25
Episode 291 return: -4256813.5
Episode: 291, total reward: 3075164.25
each agent reward: 3075164.25
Episode 292 return: -4599569.5
Episode: 292, total reward: 3070410.75
each agent reward: 3070410.75
Episode 293 return: -4735302.0
Episode: 293, total reward: 3071485.5
each agent reward: 3071485.5
Episode 294 return: -4440520.5
Episode: 294, total reward: 3068464.25
each agent reward: 3068464.25
Episode 295 return: -4588982.5
Episode: 295, total reward: 3072601.75
each agent reward: 3072601.75
Episode 296 return: -4281885.0
Episode: 296, total reward: 3073408.75
each agent reward: 3073408.75
Episode 297 return: -4846155.5
Episode: 297, total reward: 3067568.0
each agent reward: 3067568.0
Episode 298 return: -4390934.5
Episode: 298, total reward: 3076489.5
each agent reward: 3076489.5
Episode 299 return: -4452916.5
Episode: 299, total reward: 3077986.25
each agent reward: 3077986.25
Episode 300 return: -4437483.0
Episode: 300, total reward: 3076785.75
each agent reward: 3076785.75
Episode 301 return: -4136538.0
Episode: 301, total reward: 3075106.75
each agent reward: 3075106.75
Episode 302 return: -4756803.5
Episode: 302, total reward: 3070107.25
each agent reward: 3070107.25
Episode 303 return: -4599617.0
Episode: 303, total reward: 3069189.0
each agent reward: 3069189.0
Episode 304 return: -4497270.5
Episode: 304, total reward: 3070003.0
each agent reward: 3070003.0
Episode 305 return: -4552669.0
Episode: 305, total reward: 3070563.5
each agent reward: 3070563.5
Episode 306 return: -4231598.0
Episode: 306, total reward: 3069105.75
each agent reward: 3069105.75
Episode 307 return: -4573639.5
Episode: 307, total reward: 3065436.5
each agent reward: 3065436.5
Episode 308 return: -4515588.0
Episode: 308, total reward: 3065571.5
each agent reward: 3065571.5
Episode 309 return: -4339180.5
Episode: 309, total reward: 3074308.25
each agent reward: 3074308.25
Episode 310 return: -4299696.5
Episode: 310, total reward: 3067967.25
each agent reward: 3067967.25
Episode 311 return: -4305567.0
Episode: 311, total reward: 3070645.25
each agent reward: 3070645.25
Episode 312 return: -4556272.0
Episode: 312, total reward: 3060451.0
each agent reward: 3060451.0
Episode 313 return: -4555339.5
Episode: 313, total reward: 3065900.25
each agent reward: 3065900.25
Episode 314 return: -4428081.5
Episode: 314, total reward: 3073913.25
each agent reward: 3073913.25
Episode 315 return: -4537440.5
Episode: 315, total reward: 3079667.75
each agent reward: 3079667.75
Episode 316 return: -4953323.0
Episode: 316, total reward: 3080120.5
each agent reward: 3080120.5
Episode 317 return: -4450728.0
Episode: 317, total reward: 3080992.0
each agent reward: 3080992.0
Episode 318 return: -4459533.0
Episode: 318, total reward: 3086491.75
each agent reward: 3086491.75
Episode 319 return: -4542386.0
Episode: 319, total reward: 3088063.0
each agent reward: 3088063.0
Episode 320 return: -4342392.5
Episode: 320, total reward: 3079391.5
each agent reward: 3079391.5
Episode 321 return: -4087599.75
Episode: 321, total reward: 3074402.0
each agent reward: 3074402.0
Episode 322 return: -4522265.5
Episode: 322, total reward: 3072322.0
each agent reward: 3072322.0
Episode 323 return: -4753249.0
Episode: 323, total reward: 3072673.25
each agent reward: 3072673.25
Episode 324 return: -4414918.5
Episode: 324, total reward: 3072603.0
each agent reward: 3072603.0
Episode 325 return: -4470454.5
Episode: 325, total reward: 3071986.5
each agent reward: 3071986.5
Episode 326 return: -4624424.5
Episode: 326, total reward: 3061627.25
each agent reward: 3061627.25
Episode 327 return: -4442358.0
Episode: 327, total reward: 3061934.5
each agent reward: 3061934.5
Episode 328 return: -4128648.25
Episode: 328, total reward: 3064347.0
each agent reward: 3064347.0
Episode 329 return: -4794588.5
Episode: 329, total reward: 3062778.75
each agent reward: 3062778.75
Episode 330 return: -4638419.5
Episode: 330, total reward: 3063362.5
each agent reward: 3063362.5
Episode 331 return: -4273354.0
Episode: 331, total reward: 3064023.0
each agent reward: 3064023.0
Episode 332 return: -4497669.5
Episode: 332, total reward: 3065034.25
each agent reward: 3065034.25
Episode 333 return: -4430570.0
Episode: 333, total reward: 3069127.5
each agent reward: 3069127.5
Episode 334 return: -4572266.5
Episode: 334, total reward: 3074938.25
each agent reward: 3074938.25
Episode 335 return: -4543720.0
Episode: 335, total reward: 3077692.25
each agent reward: 3077692.25
Episode 336 return: -4426494.5
Episode: 336, total reward: 3075733.5
each agent reward: 3075733.5
Episode 337 return: -4388868.0
Episode: 337, total reward: 3075775.5
each agent reward: 3075775.5
Episode 338 return: -4464494.0
Episode: 338, total reward: 3076666.0
each agent reward: 3076666.0
Episode 339 return: -4307861.0
Episode: 339, total reward: 3079577.75
each agent reward: 3079577.75
Episode 340 return: -4502630.0
Episode: 340, total reward: 3077179.5
each agent reward: 3077179.5
Episode 341 return: -4590536.0
Episode: 341, total reward: 3069782.0
each agent reward: 3069782.0
Episode 342 return: -4510493.0
Episode: 342, total reward: 3069782.0
each agent reward: 3069782.0
Episode 343 return: -4178619.0
Episode: 343, total reward: 3070711.5
each agent reward: 3070711.5
Episode 344 return: -4796551.0
Episode: 344, total reward: 3073253.0
each agent reward: 3073253.0
Episode 345 return: -4530988.5
Episode: 345, total reward: 3073232.25
each agent reward: 3073232.25
Episode 346 return: -4343259.5
Episode: 346, total reward: 3073265.25
each agent reward: 3073265.25
Episode 347 return: -4162233.0
Episode: 347, total reward: 3072220.0
each agent reward: 3072220.0
Episode 348 return: -4270494.5
Episode: 348, total reward: 3072079.5
each agent reward: 3072079.5
Episode 349 return: -4299330.0
Episode: 349, total reward: 3071261.5
each agent reward: 3071261.5
Episode 350 return: -4646802.0
Episode: 350, total reward: 3072860.0
each agent reward: 3072860.0
Episode 351 return: -4358631.0
Episode: 351, total reward: 3073647.75
each agent reward: 3073647.75
Episode 352 return: -4496223.5
Episode: 352, total reward: 3073647.75
each agent reward: 3073647.75
Episode 353 return: -4506645.5
Episode: 353, total reward: 3072766.0
each agent reward: 3072766.0
Episode 354 return: -4505260.0
Episode: 354, total reward: 3071313.25
each agent reward: 3071313.25
Episode 355 return: -4463674.0
Episode: 355, total reward: 3073920.0
each agent reward: 3073920.0
Episode 356 return: -4354461.5
Episode: 356, total reward: 3075031.0
each agent reward: 3075031.0
Episode 357 return: -4613113.0
Episode: 357, total reward: 3073468.5
each agent reward: 3073468.5
Episode 358 return: -4642874.0
Episode: 358, total reward: 3074103.5
each agent reward: 3074103.5
Episode 359 return: -4896513.0
Episode: 359, total reward: 3073021.75
each agent reward: 3073021.75
Episode 360 return: -4513927.0
Episode: 360, total reward: 3073618.0
each agent reward: 3073618.0
Episode 361 return: -4410430.5
Episode: 361, total reward: 3075164.75
each agent reward: 3075164.75
Episode 362 return: -4545077.0
Episode: 362, total reward: 3074103.5
each agent reward: 3074103.5
Episode 363 return: -4548098.0
Episode: 363, total reward: 3072238.0
each agent reward: 3072238.0
Episode 364 return: -4499209.5
Episode: 364, total reward: 3074103.5
each agent reward: 3074103.5
Episode 365 return: -4350242.0
Episode: 365, total reward: 3074119.25
each agent reward: 3074119.25
Episode 366 return: -4400440.5
Episode: 366, total reward: 3074522.0
each agent reward: 3074522.0
Episode 367 return: -4755668.0
Episode: 367, total reward: 3073449.25
each agent reward: 3073449.25
Episode 368 return: -4438575.0
Episode: 368, total reward: 3074653.25
each agent reward: 3074653.25
Episode 369 return: -4344303.5
Episode: 369, total reward: 3074653.25
each agent reward: 3074653.25
Episode 370 return: -4438609.0
Episode: 370, total reward: 3073449.25
each agent reward: 3073449.25
Episode 371 return: -4850100.5
Episode: 371, total reward: 3075256.0
each agent reward: 3075256.0
Episode 372 return: -4444538.0
Episode: 372, total reward: 3074337.5
each agent reward: 3074337.5
Episode 373 return: -4760782.5
Episode: 373, total reward: 3075256.0
each agent reward: 3075256.0
Episode 374 return: -4229291.5
Episode: 374, total reward: 3075256.0
each agent reward: 3075256.0
Episode 375 return: -4545893.0
Episode: 375, total reward: 3074653.25
each agent reward: 3074653.25
Episode 376 return: -4724056.0
Episode: 376, total reward: 3074653.25
each agent reward: 3074653.25
Episode 377 return: -4084069.25
Episode: 377, total reward: 3072477.0
each agent reward: 3072477.0
Episode 378 return: -4823326.0
Episode: 378, total reward: 3072477.0
each agent reward: 3072477.0
Episode 379 return: -4823735.0
Episode: 379, total reward: 3073076.5
each agent reward: 3073076.5
Episode 380 return: -3918043.25
Episode: 380, total reward: 3072960.25
each agent reward: 3072960.25
Episode 381 return: -4269898.0
Episode: 381, total reward: 3073322.25
each agent reward: 3073322.25
Episode 382 return: -4494832.5
Episode: 382, total reward: 3073322.25
each agent reward: 3073322.25
Episode 383 return: -4542903.5
Episode: 383, total reward: 3072960.25
each agent reward: 3072960.25
Episode 384 return: -4438426.5
Episode: 384, total reward: 3072960.25
each agent reward: 3072960.25
Episode 385 return: -4283168.5
Episode: 385, total reward: 3072477.0
each agent reward: 3072477.0
Episode 386 return: -4423573.5
Episode: 386, total reward: 3075256.0
each agent reward: 3075256.0
Episode 387 return: -4342939.0
Episode: 387, total reward: 3074653.25
each agent reward: 3074653.25
Episode 388 return: -4315153.0
Episode: 388, total reward: 3072922.5
each agent reward: 3072922.5
Episode 389 return: -4307568.5
Episode: 389, total reward: 3071959.75
each agent reward: 3071959.75
Episode 390 return: -4336409.5
Episode: 390, total reward: 3072922.5
each agent reward: 3072922.5
Episode 391 return: -4624837.0
Episode: 391, total reward: 3073425.25
each agent reward: 3073425.25
Episode 392 return: -4361923.0
Episode: 392, total reward: 3074570.25
each agent reward: 3074570.25
Episode 393 return: -4343358.5
Episode: 393, total reward: 3074069.5
each agent reward: 3074069.5
Episode 394 return: -4345142.5
Episode: 394, total reward: 3073560.5
each agent reward: 3073560.5
Episode 395 return: -4253130.5
Episode: 395, total reward: 3073745.75
each agent reward: 3073745.75
Episode 396 return: -4203281.0
Episode: 396, total reward: 3073745.75
each agent reward: 3073745.75
Episode 397 return: -4616306.5
Episode: 397, total reward: 3073745.75
each agent reward: 3073745.75
Episode 398 return: -4453831.0
Episode: 398, total reward: 3075019.25
each agent reward: 3075019.25
Episode 399 return: -4120607.25
Episode: 399, total reward: 3075019.25
each agent reward: 3075019.25
Episode 400 return: -4189600.25
Episode: 400, total reward: 3075019.25
each agent reward: 3075019.25
Episode 401 return: -4819023.0
Episode: 401, total reward: 3075019.25
each agent reward: 3075019.25
Episode 402 return: -4639092.5
Episode: 402, total reward: 3075019.25
each agent reward: 3075019.25
Episode 403 return: -4280881.5
Episode: 403, total reward: 3075019.25
each agent reward: 3075019.25
Episode 404 return: -4329461.0
Episode: 404, total reward: 3075019.25
each agent reward: 3075019.25
Episode 405 return: -4918147.5
Episode: 405, total reward: 3075019.25
each agent reward: 3075019.25
Episode 406 return: -4442540.0
Episode: 406, total reward: 3075019.25
each agent reward: 3075019.25
Episode 407 return: -4431708.0
Episode: 407, total reward: 3075019.25
each agent reward: 3075019.25
Episode 408 return: -4784213.5
Episode: 408, total reward: 3075019.25
each agent reward: 3075019.25
Episode 409 return: -4440804.5
Episode: 409, total reward: 3075019.25
each agent reward: 3075019.25
Episode 410 return: -4484624.0
Episode: 410, total reward: 3075019.25
each agent reward: 3075019.25
Episode 411 return: -4430400.0
Episode: 411, total reward: 3075019.25
each agent reward: 3075019.25
Episode 412 return: -4379871.5
Episode: 412, total reward: 3075019.25
each agent reward: 3075019.25
Episode 413 return: -4413180.5
Episode: 413, total reward: 3075019.25
each agent reward: 3075019.25
Episode 414 return: -4401998.5
Episode: 414, total reward: 3075019.25
each agent reward: 3075019.25
Episode 415 return: -4751866.5
Episode: 415, total reward: 3075019.25
each agent reward: 3075019.25
Episode 416 return: -4296182.0
Episode: 416, total reward: 3075019.25
each agent reward: 3075019.25
Episode 417 return: -4582743.0
Episode: 417, total reward: 3075019.25
each agent reward: 3075019.25
Episode 418 return: -4554584.0
Episode: 418, total reward: 3075019.25
each agent reward: 3075019.25
Episode 419 return: -4394542.0
Episode: 419, total reward: 3075019.25
each agent reward: 3075019.25
Episode 420 return: -4252079.0
Episode: 420, total reward: 3075019.25
each agent reward: 3075019.25
Episode 421 return: -4690542.0
Episode: 421, total reward: 3075019.25
each agent reward: 3075019.25
Episode 422 return: -4469555.5
Episode: 422, total reward: 3075019.25
each agent reward: 3075019.25
Episode 423 return: -4376999.5
Episode: 423, total reward: 3075019.25
each agent reward: 3075019.25
Episode 424 return: -4753780.0
Episode: 424, total reward: 3075019.25
each agent reward: 3075019.25
Episode 425 return: -4335853.0
Episode: 425, total reward: 3075019.25
each agent reward: 3075019.25
Episode 426 return: -4395908.5
Episode: 426, total reward: 3075019.25
each agent reward: 3075019.25
Episode 427 return: -4417707.5
Episode: 427, total reward: 3075019.25
each agent reward: 3075019.25
Episode 428 return: -4411140.5
Episode: 428, total reward: 3075019.25
each agent reward: 3075019.25
Episode 429 return: -4446198.5
Episode: 429, total reward: 3075019.25
each agent reward: 3075019.25
Episode 430 return: -4454987.5
Episode: 430, total reward: 3075019.25
each agent reward: 3075019.25
Episode 431 return: -4366708.5
Episode: 431, total reward: 3075019.25
each agent reward: 3075019.25
Episode 432 return: -4375175.5
Episode: 432, total reward: 3075019.25
each agent reward: 3075019.25
Episode 433 return: -4414128.0
Episode: 433, total reward: 3069461.75
each agent reward: 3069461.75
Episode 434 return: -4689764.0
Episode: 434, total reward: 3074558.0
each agent reward: 3074558.0
Episode 435 return: -4421985.0
Episode: 435, total reward: 3075019.25
each agent reward: 3075019.25
Episode 436 return: -4018863.0
Episode: 436, total reward: 3069023.5
each agent reward: 3069023.5
Episode 437 return: -4628384.5
Episode: 437, total reward: 3066000.5
each agent reward: 3066000.5
Episode 438 return: -4697741.5
Episode: 438, total reward: 3066000.5
each agent reward: 3066000.5
Episode 439 return: -4376878.5
Episode: 439, total reward: 3066000.5
each agent reward: 3066000.5
Episode 440 return: -4193899.0
Episode: 440, total reward: 3075019.25
each agent reward: 3075019.25
Episode 441 return: -4280742.0
Episode: 441, total reward: 3075019.25
each agent reward: 3075019.25
Episode 442 return: -4173580.5
Episode: 442, total reward: 3075019.25
each agent reward: 3075019.25
Episode 443 return: -4369480.5
Episode: 443, total reward: 3075019.25
each agent reward: 3075019.25
Episode 444 return: -4431727.0
Episode: 444, total reward: 3075019.25
each agent reward: 3075019.25
Episode 445 return: -4399421.5
Episode: 445, total reward: 3075019.25
each agent reward: 3075019.25
Episode 446 return: -4372594.5
Episode: 446, total reward: 3075019.25
each agent reward: 3075019.25
Episode 447 return: -4211724.5
Episode: 447, total reward: 3075019.25
each agent reward: 3075019.25
Episode 448 return: -4602915.0
Episode: 448, total reward: 3075019.25
each agent reward: 3075019.25
Episode 449 return: -4323478.5
Episode: 449, total reward: 3075019.25
each agent reward: 3075019.25
Episode 450 return: -4213573.0
Episode: 450, total reward: 3075019.25
each agent reward: 3075019.25
Episode 451 return: -4268047.0
Episode: 451, total reward: 3075019.25
each agent reward: 3075019.25
Episode 452 return: -4399794.0
Episode: 452, total reward: 3075019.25
each agent reward: 3075019.25
Episode 453 return: -4471674.5
Episode: 453, total reward: 3075019.25
each agent reward: 3075019.25
Episode 454 return: -4634823.0
Episode: 454, total reward: 3075019.25
each agent reward: 3075019.25
Episode 455 return: -4310820.0
Episode: 455, total reward: 3075019.25
each agent reward: 3075019.25
Episode 456 return: -4740532.5
Episode: 456, total reward: 3075019.25
each agent reward: 3075019.25
Episode 457 return: -4146528.0
Episode: 457, total reward: 3075019.25
each agent reward: 3075019.25
Episode 458 return: -4312823.5
Episode: 458, total reward: 3075019.25
each agent reward: 3075019.25
Episode 459 return: -4499987.0
Episode: 459, total reward: 3075019.25
each agent reward: 3075019.25
Episode 460 return: -4467954.0
Episode: 460, total reward: 3075019.25
each agent reward: 3075019.25
Episode 461 return: -4328983.0
Episode: 461, total reward: 3066000.5
each agent reward: 3066000.5
Episode 462 return: -4092135.5
Episode: 462, total reward: 3075019.25
each agent reward: 3075019.25
Episode 463 return: -4760690.0
Episode: 463, total reward: 3075019.25
each agent reward: 3075019.25
Episode 464 return: -4512820.5
Episode: 464, total reward: 3066000.5
each agent reward: 3066000.5
Episode 465 return: -4617913.5
Episode: 465, total reward: 3066000.5
each agent reward: 3066000.5
Episode 466 return: -4287030.5
Episode: 466, total reward: 3066000.5
each agent reward: 3066000.5
Episode 467 return: -4245526.0
Episode: 467, total reward: 3066000.5
each agent reward: 3066000.5
Episode 468 return: -4471418.5
Episode: 468, total reward: 3066000.5
each agent reward: 3066000.5
Episode 469 return: -4583830.5
Episode: 469, total reward: 3066000.5
each agent reward: 3066000.5
Episode 470 return: -4214760.5
Episode: 470, total reward: 3066000.5
each agent reward: 3066000.5
Episode 471 return: -4569623.0
Episode: 471, total reward: 3066000.5
each agent reward: 3066000.5
Episode 472 return: -4641536.0
Episode: 472, total reward: 3074560.25
each agent reward: 3074560.25
Episode 473 return: -4471162.0
Episode: 473, total reward: 3074560.25
each agent reward: 3074560.25
Episode 474 return: -4421950.0
Episode: 474, total reward: 3068237.0
each agent reward: 3068237.0
Episode 475 return: -4268944.5
Episode: 475, total reward: 3066000.5
each agent reward: 3066000.5
Episode 476 return: -4042586.0
Episode: 476, total reward: 3074560.25
each agent reward: 3074560.25
Episode 477 return: -4474582.0
Episode: 477, total reward: 3074560.25
each agent reward: 3074560.25
Episode 478 return: -4675011.5
Episode: 478, total reward: 3074560.25
each agent reward: 3074560.25
Episode 479 return: -4510690.0
Episode: 479, total reward: 3074560.25
each agent reward: 3074560.25
Episode 480 return: -4468079.0
Episode: 480, total reward: 3074560.25
each agent reward: 3074560.25
Episode 481 return: -4403041.5
Episode: 481, total reward: 3074560.25
each agent reward: 3074560.25
Episode 482 return: -4543572.0
Episode: 482, total reward: 3067357.5
each agent reward: 3067357.5
Episode 483 return: -4438013.5
Episode: 483, total reward: 3075019.25
each agent reward: 3075019.25
Episode 484 return: -4312851.0
Episode: 484, total reward: 3066000.5
each agent reward: 3066000.5
Episode 485 return: -4170205.25
Episode: 485, total reward: 3066000.5
each agent reward: 3066000.5
Episode 486 return: -4323025.0
Episode: 486, total reward: 3066000.5
each agent reward: 3066000.5
Episode 487 return: -4452763.5
Episode: 487, total reward: 3066000.5
each agent reward: 3066000.5
Episode 488 return: -4534232.0
Episode: 488, total reward: 3066000.5
each agent reward: 3066000.5
Episode 489 return: -4377025.5
Episode: 489, total reward: 3066000.5
each agent reward: 3066000.5
Episode 490 return: -4407437.5
Episode: 490, total reward: 3066000.5
each agent reward: 3066000.5
Episode 491 return: -4199714.0
Episode: 491, total reward: 3066000.5
each agent reward: 3066000.5
Episode 492 return: -4215107.0
Episode: 492, total reward: 3066000.5
each agent reward: 3066000.5
Episode 493 return: -4611009.0
Episode: 493, total reward: 3066000.5
each agent reward: 3066000.5
Episode 494 return: -4543102.5
Episode: 494, total reward: 3067105.75
each agent reward: 3067105.75
Episode 495 return: -4430044.5
Episode: 495, total reward: 3066000.5
each agent reward: 3066000.5
Episode 496 return: -4698748.5
Episode: 496, total reward: 3074560.25
each agent reward: 3074560.25
Episode 497 return: -4476487.5
Episode: 497, total reward: 3074560.25
each agent reward: 3074560.25
Episode 498 return: -4305561.0
Episode: 498, total reward: 3074560.25
each agent reward: 3074560.25
Episode 499 return: -4451251.5
Episode: 499, total reward: 3074560.25
each agent reward: 3074560.25
