Episode: -1, total reward: 10200042.0
each agent reward: 10200042.0
Episode: 1, total reward: 10066605.0
each agent reward: 10066605.0
Episode 0 return: -10543809.0
Episode: 0, total reward: 10066605.0
each agent reward: 10066605.0
Episode 1 return: -10573927.0
Episode: 1, total reward: 10066605.0
each agent reward: 10066605.0
Episode 2 return: -10533776.0
Episode: 2, total reward: 10066605.0
each agent reward: 10066605.0
Episode 3 return: -10205614.0
Episode: 3, total reward: 10066605.0
each agent reward: 10066605.0
Episode 4 return: -10340051.0
Episode: 4, total reward: 10066605.0
each agent reward: 10066605.0
Episode 5 return: -10503462.0
Episode: 5, total reward: 10066605.0
each agent reward: 10066605.0
Episode 6 return: -10287057.0
Episode: 6, total reward: 10066605.0
each agent reward: 10066605.0
Episode 7 return: -10230293.0
Episode: 7, total reward: 10066605.0
each agent reward: 10066605.0
Episode 8 return: -10127422.0
Episode: 8, total reward: 10066605.0
each agent reward: 10066605.0
Episode 9 return: -10516453.0
Episode: 9, total reward: 10066605.0
each agent reward: 10066605.0
Episode 10 return: -10084082.0
Episode: 10, total reward: 10066605.0
each agent reward: 10066605.0
Episode 11 return: -10228393.0
Episode: 11, total reward: 10066605.0
each agent reward: 10066605.0
Episode 12 return: -10808306.0
Episode: 12, total reward: 10132750.0
each agent reward: 10132750.0
Episode 13 return: -10537214.0
Episode: 13, total reward: 10343144.0
each agent reward: 10343144.0
Episode 14 return: -10253444.0
Episode: 14, total reward: 9894254.0
each agent reward: 9894254.0
Episode 15 return: -9652138.0
Episode: 15, total reward: 9926267.0
each agent reward: 9926267.0
Episode 16 return: -10097392.0
Episode: 16, total reward: 10022990.0
each agent reward: 10022990.0
Episode 17 return: -10164108.0
Episode: 17, total reward: 10624640.0
each agent reward: 10624640.0
Episode 18 return: -9355280.0
Episode: 18, total reward: 11394522.0
each agent reward: 11394522.0
Episode 19 return: -10044331.0
Episode: 19, total reward: 11727564.0
each agent reward: 11727564.0
Episode 20 return: -10305656.0
Episode: 20, total reward: 11189846.0
each agent reward: 11189846.0
Episode 21 return: -9414493.0
Episode: 21, total reward: 11028774.0
each agent reward: 11028774.0
Episode 22 return: -9741687.0
Episode: 22, total reward: 10420215.0
each agent reward: 10420215.0
Episode 23 return: -10449939.0
Episode: 23, total reward: 9880428.0
each agent reward: 9880428.0
Episode 24 return: -10152231.0
Episode: 24, total reward: 9806357.0
each agent reward: 9806357.0
Episode 25 return: -9606199.0
Episode: 25, total reward: 9732911.0
each agent reward: 9732911.0
Episode 26 return: -10299521.0
Episode: 26, total reward: 9270832.0
each agent reward: 9270832.0
Episode 27 return: -9991913.0
Episode: 27, total reward: 8627962.0
each agent reward: 8627962.0
Episode 28 return: -9900224.0
Episode: 28, total reward: 7978983.0
each agent reward: 7978983.0
Episode 29 return: -9717109.0
Episode: 29, total reward: 7927914.0
each agent reward: 7927914.0
Episode 30 return: -10140951.0
Episode: 30, total reward: 7953582.0
each agent reward: 7953582.0
Episode 31 return: -8622460.0
Episode: 31, total reward: 7808270.0
each agent reward: 7808270.0
Episode 32 return: -9568887.0
Episode: 32, total reward: 7536611.5
each agent reward: 7536611.5
Episode 33 return: -9145923.0
Episode: 33, total reward: 6868712.0
each agent reward: 6868712.0
Episode 34 return: -10159110.0
Episode: 34, total reward: 6248569.5
each agent reward: 6248569.5
Episode 35 return: -9091529.0
Episode: 35, total reward: 5768145.5
each agent reward: 5768145.5
Episode 36 return: -10270194.0
Episode: 36, total reward: 5977996.5
each agent reward: 5977996.5
Episode 37 return: -9737825.0
Episode: 37, total reward: 6401688.0
each agent reward: 6401688.0
Episode 38 return: -9302500.0
Episode: 38, total reward: 6639601.5
each agent reward: 6639601.5
Episode 39 return: -9515625.0
Episode: 39, total reward: 6773431.5
each agent reward: 6773431.5
Episode 40 return: -10044468.0
Episode: 40, total reward: 6483543.0
each agent reward: 6483543.0
Episode 41 return: -9861065.0
Episode: 41, total reward: 6568021.0
each agent reward: 6568021.0
Episode 42 return: -9548371.0
Episode: 42, total reward: 5556271.0
each agent reward: 5556271.0
Episode 43 return: -9543593.0
Episode: 43, total reward: 4949779.0
each agent reward: 4949779.0
Episode 44 return: -9528914.0
Episode: 44, total reward: 5469419.5
each agent reward: 5469419.5
Episode 45 return: -9642972.0
Episode: 45, total reward: 5292311.5
each agent reward: 5292311.5
Episode 46 return: -9464823.0
Episode: 46, total reward: 4534761.5
each agent reward: 4534761.5
Episode 47 return: -9443959.0
Episode: 47, total reward: 3982392.0
each agent reward: 3982392.0
Episode 48 return: -9665654.0
Episode: 48, total reward: 4182043.75
each agent reward: 4182043.75
Episode 49 return: -9405137.0
Episode: 49, total reward: 4447713.5
each agent reward: 4447713.5
Episode 50 return: -9273825.0
Episode: 50, total reward: 4424381.0
each agent reward: 4424381.0
Episode 51 return: -9494845.0
Episode: 51, total reward: 4658074.0
each agent reward: 4658074.0
Episode 52 return: -9075508.0
Episode: 52, total reward: 4132124.0
each agent reward: 4132124.0
Episode 53 return: -9416689.0
Episode: 53, total reward: 3803484.0
each agent reward: 3803484.0
Episode 54 return: -10493776.0
Episode: 54, total reward: 4090611.0
each agent reward: 4090611.0
Episode 55 return: -9787506.0
Episode: 55, total reward: 4125847.0
each agent reward: 4125847.0
Episode 56 return: -9942720.0
Episode: 56, total reward: 4379003.5
each agent reward: 4379003.5
Episode 57 return: -8682685.0
Episode: 57, total reward: 4129814.5
each agent reward: 4129814.5
Episode 58 return: -9830281.0
Episode: 58, total reward: 4248495.5
each agent reward: 4248495.5
Episode 59 return: -8746527.0
Episode: 59, total reward: 3746077.25
each agent reward: 3746077.25
Episode 60 return: -9615726.0
Episode: 60, total reward: 3444887.25
each agent reward: 3444887.25
Episode 61 return: -8880377.0
Episode: 61, total reward: 3123279.0
each agent reward: 3123279.0
Episode 62 return: -9244329.0
Episode: 62, total reward: 3161888.25
each agent reward: 3161888.25
Episode 63 return: -8626719.0
Episode: 63, total reward: 3255683.75
each agent reward: 3255683.75
Episode 64 return: -8864412.0
Episode: 64, total reward: 3312437.0
each agent reward: 3312437.0
Episode 65 return: -9101919.0
Episode: 65, total reward: 3233226.25
each agent reward: 3233226.25
Episode 66 return: -8859646.0
Episode: 66, total reward: 3058395.0
each agent reward: 3058395.0
Episode 67 return: -8734742.0
Episode: 67, total reward: 3078309.0
each agent reward: 3078309.0
Episode 68 return: -8684563.0
Episode: 68, total reward: 3100429.0
each agent reward: 3100429.0
Episode 69 return: -9342119.0
Episode: 69, total reward: 3090460.0
each agent reward: 3090460.0
Episode 70 return: -8716291.0
Episode: 70, total reward: 3112918.5
each agent reward: 3112918.5
Episode 71 return: -8926565.0
Episode: 71, total reward: 3227072.75
each agent reward: 3227072.75
Episode 72 return: -9185358.0
Episode: 72, total reward: 3245978.75
each agent reward: 3245978.75
Episode 73 return: -8726255.0
Episode: 73, total reward: 3236557.5
each agent reward: 3236557.5
Episode 74 return: -8765540.0
Episode: 74, total reward: 3126171.5
each agent reward: 3126171.5
Episode 75 return: -8633982.0
Episode: 75, total reward: 3114284.5
each agent reward: 3114284.5
Episode 76 return: -7826015.5
Episode: 76, total reward: 3107518.5
each agent reward: 3107518.5
Episode 77 return: -8130993.5
Episode: 77, total reward: 3096027.25
each agent reward: 3096027.25
Episode 78 return: -8517547.0
Episode: 78, total reward: 3007996.75
each agent reward: 3007996.75
Episode 79 return: -8122261.5
Episode: 79, total reward: 3044774.0
each agent reward: 3044774.0
Episode 80 return: -7983309.0
Episode: 80, total reward: 2921897.5
each agent reward: 2921897.5
Episode 81 return: -7992353.0
Episode: 81, total reward: 2942507.0
each agent reward: 2942507.0
Episode 82 return: -8037157.0
Episode: 82, total reward: 2964202.0
each agent reward: 2964202.0
Episode 83 return: -7765785.0
Episode: 83, total reward: 2970200.25
each agent reward: 2970200.25
Episode 84 return: -7831509.5
Episode: 84, total reward: 2944888.0
each agent reward: 2944888.0
Episode 85 return: -8010566.5
Episode: 85, total reward: 2965868.25
each agent reward: 2965868.25
Episode 86 return: -7993763.5
Episode: 86, total reward: 2962092.25
each agent reward: 2962092.25
Episode 87 return: -7663445.5
Episode: 87, total reward: 2973070.75
each agent reward: 2973070.75
Episode 88 return: -7661633.0
Episode: 88, total reward: 2984181.25
each agent reward: 2984181.25
Episode 89 return: -8021973.0
Episode: 89, total reward: 3069641.0
each agent reward: 3069641.0
Episode 90 return: -7735869.0
Episode: 90, total reward: 2964568.25
each agent reward: 2964568.25
Episode 91 return: -7787566.5
Episode: 91, total reward: 2949319.0
each agent reward: 2949319.0
Episode 92 return: -7549240.0
Episode: 92, total reward: 2963235.25
each agent reward: 2963235.25
Episode 93 return: -7270569.0
Episode: 93, total reward: 2966544.25
each agent reward: 2966544.25
Episode 94 return: -7613585.0
Episode: 94, total reward: 2976330.25
each agent reward: 2976330.25
Episode 95 return: -6892726.0
Episode: 95, total reward: 2979135.0
each agent reward: 2979135.0
Episode 96 return: -7188131.0
Episode: 96, total reward: 2971988.75
each agent reward: 2971988.75
Episode 97 return: -7084213.5
Episode: 97, total reward: 3297383.75
each agent reward: 3297383.75
Episode 98 return: -6518982.0
Episode: 98, total reward: 3334816.25
each agent reward: 3334816.25
Episode 99 return: -6830514.5
Episode: 99, total reward: 3261252.5
each agent reward: 3261252.5
Episode 100 return: -6364421.5
Episode: 100, total reward: 3041281.75
each agent reward: 3041281.75
Episode 101 return: -6494930.0
Episode: 101, total reward: 3047578.25
each agent reward: 3047578.25
Episode 102 return: -6353808.0
Episode: 102, total reward: 3016569.75
each agent reward: 3016569.75
Episode 103 return: -6640038.0
Episode: 103, total reward: 3008946.5
each agent reward: 3008946.5
Episode 104 return: -6543196.0
Episode: 104, total reward: 3009547.5
each agent reward: 3009547.5
Episode 105 return: -5915695.5
Episode: 105, total reward: 3022442.25
each agent reward: 3022442.25
Episode 106 return: -6436270.0
Episode: 106, total reward: 2988001.75
each agent reward: 2988001.75
Episode 107 return: -6322905.0
Episode: 107, total reward: 2969401.75
each agent reward: 2969401.75
Episode 108 return: -6661978.0
Episode: 108, total reward: 2966085.75
each agent reward: 2966085.75
Episode 109 return: -6650335.0
Episode: 109, total reward: 2975014.75
each agent reward: 2975014.75
Episode 110 return: -6666119.0
Episode: 110, total reward: 2964472.0
each agent reward: 2964472.0
Episode 111 return: -6140626.0
Episode: 111, total reward: 2949555.75
each agent reward: 2949555.75
Episode 112 return: -5809376.5
Episode: 112, total reward: 2917740.0
each agent reward: 2917740.0
Episode 113 return: -6151479.5
Episode: 113, total reward: 2923917.75
each agent reward: 2923917.75
Episode 114 return: -6287385.5
Episode: 114, total reward: 2945268.5
each agent reward: 2945268.5
Episode 115 return: -5948117.0
Episode: 115, total reward: 2948891.75
each agent reward: 2948891.75
Episode 116 return: -6014739.0
Episode: 116, total reward: 2956196.5
each agent reward: 2956196.5
Episode 117 return: -5588997.5
Episode: 117, total reward: 2953239.25
each agent reward: 2953239.25
Episode 118 return: -5777211.0
Episode: 118, total reward: 2969281.75
each agent reward: 2969281.75
Episode 119 return: -5226791.0
Episode: 119, total reward: 2976076.5
each agent reward: 2976076.5
Episode 120 return: -5650720.5
Episode: 120, total reward: 2950442.5
each agent reward: 2950442.5
Episode 121 return: -5607990.5
Episode: 121, total reward: 2991555.25
each agent reward: 2991555.25
Episode 122 return: -5533930.0
Episode: 122, total reward: 3001097.0
each agent reward: 3001097.0
Episode 123 return: -5106179.0
Episode: 123, total reward: 2996769.25
each agent reward: 2996769.25
Episode 124 return: -5642706.0
Episode: 124, total reward: 2977208.0
each agent reward: 2977208.0
Episode 125 return: -5609591.5
Episode: 125, total reward: 2960858.5
each agent reward: 2960858.5
Episode 126 return: -5318968.5
Episode: 126, total reward: 2961377.5
each agent reward: 2961377.5
Episode 127 return: -5535188.0
Episode: 127, total reward: 2961345.5
each agent reward: 2961345.5
Episode 128 return: -5266647.0
Episode: 128, total reward: 2946689.25
each agent reward: 2946689.25
Episode 129 return: -4931183.0
Episode: 129, total reward: 2953013.25
each agent reward: 2953013.25
Episode 130 return: -5624663.5
Episode: 130, total reward: 2957693.25
each agent reward: 2957693.25
Episode 131 return: -5358438.5
Episode: 131, total reward: 2926901.25
each agent reward: 2926901.25
Episode 132 return: -5137741.5
Episode: 132, total reward: 2916975.5
each agent reward: 2916975.5
Episode 133 return: -5315784.5
Episode: 133, total reward: 2939411.0
each agent reward: 2939411.0
Episode 134 return: -5412874.0
Episode: 134, total reward: 2928606.75
each agent reward: 2928606.75
Episode 135 return: -5615744.0
Episode: 135, total reward: 2924026.5
each agent reward: 2924026.5
Episode 136 return: -4634605.0
Episode: 136, total reward: 2969201.5
each agent reward: 2969201.5
Episode 137 return: -4904492.0
Episode: 137, total reward: 2987170.25
each agent reward: 2987170.25
Episode 138 return: -4744299.5
Episode: 138, total reward: 2978363.75
each agent reward: 2978363.75
Episode 139 return: -4962998.0
Episode: 139, total reward: 2983943.5
each agent reward: 2983943.5
Episode 140 return: -4486106.5
Episode: 140, total reward: 3011314.75
each agent reward: 3011314.75
Episode 141 return: -5354152.5
Episode: 141, total reward: 2976384.0
each agent reward: 2976384.0
Episode 142 return: -4836261.0
Episode: 142, total reward: 2997458.5
each agent reward: 2997458.5
Episode 143 return: -4704146.5
Episode: 143, total reward: 3006923.75
each agent reward: 3006923.75
Episode 144 return: -4712121.0
Episode: 144, total reward: 2976446.25
each agent reward: 2976446.25
Episode 145 return: -4336243.5
Episode: 145, total reward: 2949077.5
each agent reward: 2949077.5
Episode 146 return: -5215430.0
Episode: 146, total reward: 2999823.25
each agent reward: 2999823.25
Episode 147 return: -4690136.0
Episode: 147, total reward: 2995318.25
each agent reward: 2995318.25
Episode 148 return: -4500153.0
Episode: 148, total reward: 2978694.0
each agent reward: 2978694.0
Episode 149 return: -4919966.0
Episode: 149, total reward: 2975949.0
each agent reward: 2975949.0
Episode 150 return: -4715717.5
Episode: 150, total reward: 2960308.25
each agent reward: 2960308.25
Episode 151 return: -4435760.0
Episode: 151, total reward: 2994157.5
each agent reward: 2994157.5
Episode 152 return: -4823579.0
Episode: 152, total reward: 2976346.75
each agent reward: 2976346.75
Episode 153 return: -4688465.5
Episode: 153, total reward: 2982557.5
each agent reward: 2982557.5
Episode 154 return: -4527321.0
Episode: 154, total reward: 2975703.25
each agent reward: 2975703.25
Episode 155 return: -4478560.5
Episode: 155, total reward: 2975266.0
each agent reward: 2975266.0
Episode 156 return: -4400017.0
Episode: 156, total reward: 2971928.5
each agent reward: 2971928.5
Episode 157 return: -4883061.5
Episode: 157, total reward: 2977615.25
each agent reward: 2977615.25
Episode 158 return: -4361109.0
Episode: 158, total reward: 2980913.75
each agent reward: 2980913.75
Episode 159 return: -4797823.0
Episode: 159, total reward: 2985883.75
each agent reward: 2985883.75
Episode 160 return: -4631099.0
Episode: 160, total reward: 2988000.0
each agent reward: 2988000.0
Episode 161 return: -4609658.5
Episode: 161, total reward: 2971281.5
each agent reward: 2971281.5
Episode 162 return: -5118489.5
Episode: 162, total reward: 2972872.0
each agent reward: 2972872.0
Episode 163 return: -4992357.0
Episode: 163, total reward: 2982271.0
each agent reward: 2982271.0
Episode 164 return: -4361650.0
Episode: 164, total reward: 2986481.5
each agent reward: 2986481.5
Episode 165 return: -4453920.5
Episode: 165, total reward: 2986208.0
each agent reward: 2986208.0
Episode 166 return: -4668517.5
Episode: 166, total reward: 2987291.75
each agent reward: 2987291.75
Episode 167 return: -4345059.0
Episode: 167, total reward: 2969341.75
each agent reward: 2969341.75
Episode 168 return: -4775872.5
Episode: 168, total reward: 2991151.25
each agent reward: 2991151.25
Episode 169 return: -4879259.0
Episode: 169, total reward: 3010601.0
each agent reward: 3010601.0
Episode 170 return: -4537213.0
Episode: 170, total reward: 3019278.0
each agent reward: 3019278.0
Episode 171 return: -4557640.0
Episode: 171, total reward: 2998895.75
each agent reward: 2998895.75
Episode 172 return: -4880143.0
Episode: 172, total reward: 2990067.25
each agent reward: 2990067.25
Episode 173 return: -4750087.0
Episode: 173, total reward: 2995767.5
each agent reward: 2995767.5
Episode 174 return: -4769423.0
Episode: 174, total reward: 3033692.0
each agent reward: 3033692.0
Episode 175 return: -4968226.5
Episode: 175, total reward: 2999537.25
each agent reward: 2999537.25
Episode 176 return: -4565270.0
Episode: 176, total reward: 2953464.5
each agent reward: 2953464.5
Episode 177 return: -4422192.5
Episode: 177, total reward: 2939997.25
each agent reward: 2939997.25
Episode 178 return: -4529968.0
Episode: 178, total reward: 2923851.0
each agent reward: 2923851.0
Episode 179 return: -4153175.0
Episode: 179, total reward: 2943543.25
each agent reward: 2943543.25
Episode 180 return: -3973731.0
Episode: 180, total reward: 2958865.25
each agent reward: 2958865.25
Episode 181 return: -4782627.5
Episode: 181, total reward: 2975067.25
each agent reward: 2975067.25
Episode 182 return: -4578529.0
Episode: 182, total reward: 2964385.5
each agent reward: 2964385.5
Episode 183 return: -4336765.0
Episode: 183, total reward: 2962720.0
each agent reward: 2962720.0
Episode 184 return: -4638593.0
Episode: 184, total reward: 2949696.75
each agent reward: 2949696.75
Episode 185 return: -4483100.5
Episode: 185, total reward: 2938096.25
each agent reward: 2938096.25
Episode 186 return: -4577982.0
Episode: 186, total reward: 2956355.75
each agent reward: 2956355.75
Episode 187 return: -4586297.5
Episode: 187, total reward: 2954795.5
each agent reward: 2954795.5
Episode 188 return: -4403190.0
Episode: 188, total reward: 2947657.0
each agent reward: 2947657.0
Episode 189 return: -4496888.5
Episode: 189, total reward: 2958407.75
each agent reward: 2958407.75
Episode 190 return: -4738775.5
Episode: 190, total reward: 2962731.75
each agent reward: 2962731.75
Episode 191 return: -4558490.5
Episode: 191, total reward: 2948822.25
each agent reward: 2948822.25
Episode 192 return: -4339666.0
Episode: 192, total reward: 2944221.0
each agent reward: 2944221.0
Episode 193 return: -4252642.5
Episode: 193, total reward: 2948071.25
each agent reward: 2948071.25
Episode 194 return: -4833977.5
Episode: 194, total reward: 2961557.0
each agent reward: 2961557.0
Episode 195 return: -4327854.0
Episode: 195, total reward: 2968115.0
each agent reward: 2968115.0
Episode 196 return: -4347958.0
Episode: 196, total reward: 2952734.0
each agent reward: 2952734.0
Episode 197 return: -4410016.0
Episode: 197, total reward: 2949668.0
each agent reward: 2949668.0
Episode 198 return: -4462575.0
Episode: 198, total reward: 2966830.75
each agent reward: 2966830.75
Episode 199 return: -4333934.5
Episode: 199, total reward: 2948539.5
each agent reward: 2948539.5
Episode 200 return: -4807675.0
Episode: 200, total reward: 2945618.5
each agent reward: 2945618.5
Episode 201 return: -4491057.0
Episode: 201, total reward: 2950060.75
each agent reward: 2950060.75
Episode 202 return: -4697251.5
Episode: 202, total reward: 2949294.5
each agent reward: 2949294.5
Episode 203 return: -4129428.25
Episode: 203, total reward: 2952694.5
each agent reward: 2952694.5
Episode 204 return: -4456921.5
Episode: 204, total reward: 2958118.0
each agent reward: 2958118.0
Episode 205 return: -3920023.5
Episode: 205, total reward: 2956057.25
each agent reward: 2956057.25
Episode 206 return: -4668007.0
Episode: 206, total reward: 2951070.25
each agent reward: 2951070.25
Episode 207 return: -4522650.5
Episode: 207, total reward: 2947184.0
each agent reward: 2947184.0
Episode 208 return: -4668275.0
Episode: 208, total reward: 2944472.0
each agent reward: 2944472.0
Episode 209 return: -4268774.0
Episode: 209, total reward: 2945100.0
each agent reward: 2945100.0
Episode 210 return: -4094213.5
Episode: 210, total reward: 2945122.75
each agent reward: 2945122.75
Episode 211 return: -4222661.5
Episode: 211, total reward: 2956152.5
each agent reward: 2956152.5
Episode 212 return: -4527447.0
Episode: 212, total reward: 2956058.25
each agent reward: 2956058.25
Episode 213 return: -4484474.0
Episode: 213, total reward: 2989252.75
each agent reward: 2989252.75
Episode 214 return: -4344893.5
Episode: 214, total reward: 2981015.5
each agent reward: 2981015.5
Episode 215 return: -4325240.5
Episode: 215, total reward: 2974293.25
each agent reward: 2974293.25
Episode 216 return: -4638069.5
Episode: 216, total reward: 2959636.25
each agent reward: 2959636.25
Episode 217 return: -4691295.5
Episode: 217, total reward: 2967823.0
each agent reward: 2967823.0
Episode 218 return: -4495860.5
Episode: 218, total reward: 2974882.0
each agent reward: 2974882.0
Episode 219 return: -4263691.5
Episode: 219, total reward: 2970174.75
each agent reward: 2970174.75
Episode 220 return: -4513256.5
Episode: 220, total reward: 2945419.0
each agent reward: 2945419.0
Episode 221 return: -4118795.25
Episode: 221, total reward: 2944259.25
each agent reward: 2944259.25
Episode 222 return: -4131757.25
Episode: 222, total reward: 2961151.5
each agent reward: 2961151.5
Episode 223 return: -4546630.0
Episode: 223, total reward: 2967206.25
each agent reward: 2967206.25
Episode 224 return: -4271467.5
Episode: 224, total reward: 2980399.75
each agent reward: 2980399.75
Episode 225 return: -4449339.5
Episode: 225, total reward: 2973805.25
each agent reward: 2973805.25
Episode 226 return: -4722919.0
Episode: 226, total reward: 2973604.5
each agent reward: 2973604.5
Episode 227 return: -4421258.5
Episode: 227, total reward: 2969954.25
each agent reward: 2969954.25
Episode 228 return: -4594986.0
Episode: 228, total reward: 2972719.25
each agent reward: 2972719.25
Episode 229 return: -4481133.0
Episode: 229, total reward: 2964006.25
each agent reward: 2964006.25
Episode 230 return: -4537108.0
Episode: 230, total reward: 2950720.5
each agent reward: 2950720.5
Episode 231 return: -4648321.0
Episode: 231, total reward: 2956815.5
each agent reward: 2956815.5
Episode 232 return: -4648851.0
Episode: 232, total reward: 2969418.5
each agent reward: 2969418.5
Episode 233 return: -4044816.5
Episode: 233, total reward: 2952828.75
each agent reward: 2952828.75
Episode 234 return: -4640004.0
Episode: 234, total reward: 2958345.0
each agent reward: 2958345.0
Episode 235 return: -4508310.0
Episode: 235, total reward: 2959897.25
each agent reward: 2959897.25
Episode 236 return: -4455245.5
Episode: 236, total reward: 2970931.5
each agent reward: 2970931.5
Episode 237 return: -4397835.0
Episode: 237, total reward: 2969582.5
each agent reward: 2969582.5
Episode 238 return: -4227007.0
Episode: 238, total reward: 2954413.75
each agent reward: 2954413.75
Episode 239 return: -4311599.0
Episode: 239, total reward: 2970404.0
each agent reward: 2970404.0
Episode 240 return: -4667716.5
Episode: 240, total reward: 2976898.25
each agent reward: 2976898.25
Episode 241 return: -4668669.0
Episode: 241, total reward: 2970297.5
each agent reward: 2970297.5
Episode 242 return: -4630039.5
Episode: 242, total reward: 2975685.0
each agent reward: 2975685.0
Episode 243 return: -4591931.5
Episode: 243, total reward: 2969644.25
each agent reward: 2969644.25
Episode 244 return: -4459905.5
Episode: 244, total reward: 2958614.0
each agent reward: 2958614.0
Episode 245 return: -4558104.0
Episode: 245, total reward: 2966858.75
each agent reward: 2966858.75
Episode 246 return: -4684832.5
Episode: 246, total reward: 2963691.0
each agent reward: 2963691.0
Episode 247 return: -4366546.5
Episode: 247, total reward: 2952770.0
each agent reward: 2952770.0
Episode 248 return: -4122184.75
Episode: 248, total reward: 2976984.0
each agent reward: 2976984.0
Episode 249 return: -4615217.5
Episode: 249, total reward: 2974944.5
each agent reward: 2974944.5
Episode 250 return: -4437683.5
Episode: 250, total reward: 2985652.25
each agent reward: 2985652.25
Episode 251 return: -4625622.5
Episode: 251, total reward: 2976227.5
each agent reward: 2976227.5
Episode 252 return: -4555150.5
Episode: 252, total reward: 2967838.0
each agent reward: 2967838.0
Episode 253 return: -4279556.0
Episode: 253, total reward: 2968136.0
each agent reward: 2968136.0
Episode 254 return: -4171839.75
Episode: 254, total reward: 2958096.0
each agent reward: 2958096.0
Episode 255 return: -4340826.0
Episode: 255, total reward: 2959429.75
each agent reward: 2959429.75
Episode 256 return: -4299001.0
Episode: 256, total reward: 2959069.5
each agent reward: 2959069.5
Episode 257 return: -4737600.5
Episode: 257, total reward: 2970860.5
each agent reward: 2970860.5
Episode 258 return: -4495920.0
Episode: 258, total reward: 2969454.25
each agent reward: 2969454.25
Episode 259 return: -4748682.0
Episode: 259, total reward: 2966516.0
each agent reward: 2966516.0
Episode 260 return: -4594139.5
Episode: 260, total reward: 2964416.5
each agent reward: 2964416.5
Episode 261 return: -4356665.0
Episode: 261, total reward: 2967721.5
each agent reward: 2967721.5
Episode 262 return: -4569174.0
Episode: 262, total reward: 2968274.0
each agent reward: 2968274.0
Episode 263 return: -4534257.0
Episode: 263, total reward: 2975056.0
each agent reward: 2975056.0
Episode 264 return: -4206390.0
Episode: 264, total reward: 2974022.0
each agent reward: 2974022.0
Episode 265 return: -4350843.5
Episode: 265, total reward: 2965439.0
each agent reward: 2965439.0
Episode 266 return: -4237627.5
Episode: 266, total reward: 2958240.75
each agent reward: 2958240.75
Episode 267 return: -4269848.0
Episode: 267, total reward: 2968809.0
each agent reward: 2968809.0
Episode 268 return: -4048420.75
Episode: 268, total reward: 2959041.5
each agent reward: 2959041.5
Episode 269 return: -4708288.5
Episode: 269, total reward: 2959041.5
each agent reward: 2959041.5
Episode 270 return: -4420682.5
Episode: 270, total reward: 2946896.75
each agent reward: 2946896.75
Episode 271 return: -4451177.5
Episode: 271, total reward: 2988561.25
each agent reward: 2988561.25
Episode 272 return: -4220441.5
Episode: 272, total reward: 2956826.0
each agent reward: 2956826.0
Episode 273 return: -4280123.5
Episode: 273, total reward: 2968303.5
each agent reward: 2968303.5
Episode 274 return: -4287110.0
Episode: 274, total reward: 2965735.75
each agent reward: 2965735.75
Episode 275 return: -4252329.5
Episode: 275, total reward: 2965735.75
each agent reward: 2965735.75
Episode 276 return: -4240695.0
Episode: 276, total reward: 2969110.0
each agent reward: 2969110.0
Episode 277 return: -4281543.0
Episode: 277, total reward: 2971920.75
each agent reward: 2971920.75
Episode 278 return: -4272049.0
Episode: 278, total reward: 2969698.0
each agent reward: 2969698.0
Episode 279 return: -4273951.5
Episode: 279, total reward: 2972591.75
each agent reward: 2972591.75
Episode 280 return: -4875104.5
Episode: 280, total reward: 2975688.75
each agent reward: 2975688.75
Episode 281 return: -4126316.5
Episode: 281, total reward: 2974782.25
each agent reward: 2974782.25
Episode 282 return: -4184777.0
Episode: 282, total reward: 2977599.25
each agent reward: 2977599.25
Episode 283 return: -4256046.0
Episode: 283, total reward: 2964318.5
each agent reward: 2964318.5
Episode 284 return: -4554367.0
Episode: 284, total reward: 2966234.5
each agent reward: 2966234.5
Episode 285 return: -4109514.75
Episode: 285, total reward: 2972244.25
each agent reward: 2972244.25
Episode 286 return: -4493310.0
Episode: 286, total reward: 2951941.25
each agent reward: 2951941.25
Episode 287 return: -4309139.5
Episode: 287, total reward: 2953946.0
each agent reward: 2953946.0
Episode 288 return: -4082480.75
Episode: 288, total reward: 2959189.0
each agent reward: 2959189.0
Episode 289 return: -4242175.5
Episode: 289, total reward: 2967676.75
each agent reward: 2967676.75
Episode 290 return: -4468279.5
Episode: 290, total reward: 2971376.5
each agent reward: 2971376.5
Episode 291 return: -4165001.25
Episode: 291, total reward: 2976335.5
each agent reward: 2976335.5
Episode 292 return: -4495971.5
Episode: 292, total reward: 2976465.25
each agent reward: 2976465.25
Episode 293 return: -4652818.0
Episode: 293, total reward: 2969790.0
each agent reward: 2969790.0
Episode 294 return: -4336861.0
Episode: 294, total reward: 2970448.25
each agent reward: 2970448.25
Episode 295 return: -4506239.0
Episode: 295, total reward: 2971985.75
each agent reward: 2971985.75
Episode 296 return: -4204638.5
Episode: 296, total reward: 2968252.75
each agent reward: 2968252.75
Episode 297 return: -4763874.5
Episode: 297, total reward: 2967999.75
each agent reward: 2967999.75
Episode 298 return: -4308177.5
Episode: 298, total reward: 2971912.5
each agent reward: 2971912.5
Episode 299 return: -4356588.0
Episode: 299, total reward: 2968744.0
each agent reward: 2968744.0
Episode 300 return: -4339373.0
Episode: 300, total reward: 2969382.75
each agent reward: 2969382.75
Episode 301 return: -4040598.0
Episode: 301, total reward: 2967781.5
each agent reward: 2967781.5
Episode 302 return: -4686509.5
Episode: 302, total reward: 2967113.75
each agent reward: 2967113.75
Episode 303 return: -4537162.0
Episode: 303, total reward: 2966660.5
each agent reward: 2966660.5
Episode 304 return: -4403292.0
Episode: 304, total reward: 2966662.5
each agent reward: 2966662.5
Episode 305 return: -4474051.5
Episode: 305, total reward: 2957899.75
each agent reward: 2957899.75
Episode 306 return: -4154547.75
Episode: 306, total reward: 2955903.75
each agent reward: 2955903.75
Episode 307 return: -4486934.0
Episode: 307, total reward: 2967532.75
each agent reward: 2967532.75
Episode 308 return: -4439844.5
Episode: 308, total reward: 2967532.75
each agent reward: 2967532.75
Episode 309 return: -4256648.5
Episode: 309, total reward: 2968290.5
each agent reward: 2968290.5
Episode 310 return: -4197037.5
Episode: 310, total reward: 2975690.75
each agent reward: 2975690.75
Episode 311 return: -4229976.5
Episode: 311, total reward: 2975690.75
each agent reward: 2975690.75
Episode 312 return: -4467226.0
Episode: 312, total reward: 2975196.5
each agent reward: 2975196.5
Episode 313 return: -4448646.5
Episode: 313, total reward: 2975937.25
each agent reward: 2975937.25
Episode 314 return: -4357383.5
Episode: 314, total reward: 2980175.75
each agent reward: 2980175.75
Episode 315 return: -4458575.0
Episode: 315, total reward: 2975196.5
each agent reward: 2975196.5
Episode 316 return: -4874674.0
Episode: 316, total reward: 2973815.25
each agent reward: 2973815.25
Episode 317 return: -4401987.0
Episode: 317, total reward: 2982035.75
each agent reward: 2982035.75
Episode 318 return: -4372738.0
Episode: 318, total reward: 2984477.75
each agent reward: 2984477.75
Episode 319 return: -4444394.0
Episode: 319, total reward: 2986782.25
each agent reward: 2986782.25
Episode 320 return: -4235145.0
Episode: 320, total reward: 2987519.5
each agent reward: 2987519.5
Episode 321 return: -4009068.75
Episode: 321, total reward: 2989638.5
each agent reward: 2989638.5
Episode 322 return: -4442421.0
Episode: 322, total reward: 2978596.5
each agent reward: 2978596.5
Episode 323 return: -4671507.5
Episode: 323, total reward: 2984561.0
each agent reward: 2984561.0
Episode 324 return: -4348763.5
Episode: 324, total reward: 2984561.0
each agent reward: 2984561.0
Episode 325 return: -4388754.0
Episode: 325, total reward: 2986872.5
each agent reward: 2986872.5
Episode 326 return: -4518478.0
Episode: 326, total reward: 2986628.0
each agent reward: 2986628.0
Episode 327 return: -4367691.5
Episode: 327, total reward: 2988845.5
each agent reward: 2988845.5
Episode 328 return: -4056257.5
Episode: 328, total reward: 2977275.5
each agent reward: 2977275.5
Episode 329 return: -4683501.0
Episode: 329, total reward: 2977275.5
each agent reward: 2977275.5
Episode 330 return: -4571740.5
Episode: 330, total reward: 2977275.5
each agent reward: 2977275.5
Episode 331 return: -4183863.75
Episode: 331, total reward: 2977275.5
each agent reward: 2977275.5
Episode 332 return: -4441740.5
Episode: 332, total reward: 2977443.25
each agent reward: 2977443.25
Episode 333 return: -4346714.0
Episode: 333, total reward: 2977761.5
each agent reward: 2977761.5
Episode 334 return: -4496093.5
Episode: 334, total reward: 2985359.75
each agent reward: 2985359.75
Episode 335 return: -4444663.0
Episode: 335, total reward: 2986219.25
each agent reward: 2986219.25
Episode 336 return: -4368741.0
Episode: 336, total reward: 2984275.5
each agent reward: 2984275.5
Episode 337 return: -4304124.0
Episode: 337, total reward: 2984855.75
each agent reward: 2984855.75
Episode 338 return: -4373061.0
Episode: 338, total reward: 2984526.0
each agent reward: 2984526.0
Episode 339 return: -4235215.5
Episode: 339, total reward: 2985359.75
each agent reward: 2985359.75
Episode 340 return: -4406456.5
Episode: 340, total reward: 2987239.5
each agent reward: 2987239.5
Episode 341 return: -4520991.5
Episode: 341, total reward: 2987910.0
each agent reward: 2987910.0
Episode 342 return: -4435116.5
Episode: 342, total reward: 2984561.0
each agent reward: 2984561.0
Episode 343 return: -4093582.0
Episode: 343, total reward: 2984561.0
each agent reward: 2984561.0
Episode 344 return: -4719065.5
Episode: 344, total reward: 2987910.0
each agent reward: 2987910.0
Episode 345 return: -4457461.5
Episode: 345, total reward: 2985359.75
each agent reward: 2985359.75
Episode 346 return: -4272509.5
Episode: 346, total reward: 2984358.75
each agent reward: 2984358.75
Episode 347 return: -4076461.75
Episode: 347, total reward: 2984358.75
each agent reward: 2984358.75
Episode 348 return: -4176604.5
Episode: 348, total reward: 2976695.25
each agent reward: 2976695.25
Episode 349 return: -4220072.5
Episode: 349, total reward: 2976695.25
each agent reward: 2976695.25
Episode 350 return: -4562756.5
Episode: 350, total reward: 2976695.25
each agent reward: 2976695.25
Episode 351 return: -4275256.5
Episode: 351, total reward: 2976695.25
each agent reward: 2976695.25
Episode 352 return: -4412670.0
Episode: 352, total reward: 2976695.25
each agent reward: 2976695.25
Episode 353 return: -4413149.0
Episode: 353, total reward: 2976695.25
each agent reward: 2976695.25
Episode 354 return: -4411982.0
Episode: 354, total reward: 2976695.25
each agent reward: 2976695.25
Episode 355 return: -4368064.5
Episode: 355, total reward: 2976253.75
each agent reward: 2976253.75
Episode 356 return: -4270371.0
Episode: 356, total reward: 2976253.75
each agent reward: 2976253.75
Episode 357 return: -4540179.0
Episode: 357, total reward: 2979048.75
each agent reward: 2979048.75
Episode 358 return: -4561774.0
Episode: 358, total reward: 2977331.75
each agent reward: 2977331.75
Episode 359 return: -4792220.5
Episode: 359, total reward: 2979702.5
each agent reward: 2979702.5
Episode 360 return: -4407415.5
Episode: 360, total reward: 2979496.0
each agent reward: 2979496.0
Episode 361 return: -4346094.0
Episode: 361, total reward: 2985274.5
each agent reward: 2985274.5
Episode 362 return: -4456639.0
Episode: 362, total reward: 2984358.75
each agent reward: 2984358.75
Episode 363 return: -4471394.5
Episode: 363, total reward: 2984358.75
each agent reward: 2984358.75
Episode 364 return: -4406800.5
Episode: 364, total reward: 2976695.25
each agent reward: 2976695.25
Episode 365 return: -4265319.0
Episode: 365, total reward: 2976695.25
each agent reward: 2976695.25
Episode 366 return: -4288693.5
Episode: 366, total reward: 2976695.25
each agent reward: 2976695.25
Episode 367 return: -4669204.0
Episode: 367, total reward: 2976695.25
each agent reward: 2976695.25
Episode 368 return: -4370075.5
Episode: 368, total reward: 2976695.25
each agent reward: 2976695.25
Episode 369 return: -4281419.0
Episode: 369, total reward: 2976695.25
each agent reward: 2976695.25
Episode 370 return: -4362261.5
Episode: 370, total reward: 2976695.25
each agent reward: 2976695.25
Episode 371 return: -4781734.5
Episode: 371, total reward: 2976695.25
each agent reward: 2976695.25
Episode 372 return: -4376582.0
Episode: 372, total reward: 2976695.25
each agent reward: 2976695.25
Episode 373 return: -4681831.0
Episode: 373, total reward: 2976695.25
each agent reward: 2976695.25
Episode 374 return: -4151020.0
Episode: 374, total reward: 2976695.25
each agent reward: 2976695.25
Episode 375 return: -4467244.0
Episode: 375, total reward: 2965942.0
each agent reward: 2965942.0
Episode 376 return: -4634416.0
Episode: 376, total reward: 2964656.75
each agent reward: 2964656.75
Episode 377 return: -3992281.25
Episode: 377, total reward: 2964656.75
each agent reward: 2964656.75
Episode 378 return: -4750744.0
Episode: 378, total reward: 2965091.0
each agent reward: 2965091.0
Episode 379 return: -4739743.0
Episode: 379, total reward: 2958070.0
each agent reward: 2958070.0
Episode 380 return: -3824646.5
Episode: 380, total reward: 2958070.0
each agent reward: 2958070.0
Episode 381 return: -4193414.5
Episode: 381, total reward: 2958070.0
each agent reward: 2958070.0
Episode 382 return: -4382257.5
Episode: 382, total reward: 2958070.0
each agent reward: 2958070.0
Episode 383 return: -4433445.0
Episode: 383, total reward: 2972545.75
each agent reward: 2972545.75
Episode 384 return: -4350989.0
Episode: 384, total reward: 2983640.25
each agent reward: 2983640.25
Episode 385 return: -4210946.0
Episode: 385, total reward: 2983640.25
each agent reward: 2983640.25
Episode 386 return: -4320188.0
Episode: 386, total reward: 2983640.25
each agent reward: 2983640.25
Episode 387 return: -4250592.0
Episode: 387, total reward: 2983640.25
each agent reward: 2983640.25
Episode 388 return: -4233844.5
Episode: 388, total reward: 2982304.25
each agent reward: 2982304.25
Episode 389 return: -4213165.0
Episode: 389, total reward: 2971502.25
each agent reward: 2971502.25
Episode 390 return: -4254410.0
Episode: 390, total reward: 2971502.25
each agent reward: 2971502.25
Episode 391 return: -4578584.5
Episode: 391, total reward: 2971502.25
each agent reward: 2971502.25
Episode 392 return: -4278009.0
Episode: 392, total reward: 2958985.0
each agent reward: 2958985.0
Episode 393 return: -4241719.0
Episode: 393, total reward: 2959207.5
each agent reward: 2959207.5
Episode 394 return: -4265236.0
Episode: 394, total reward: 2970208.25
each agent reward: 2970208.25
Episode 395 return: -4179063.25
Episode: 395, total reward: 2970208.25
each agent reward: 2970208.25
Episode 396 return: -4116522.75
Episode: 396, total reward: 2970104.25
each agent reward: 2970104.25
Episode 397 return: -4539865.5
Episode: 397, total reward: 2959207.5
each agent reward: 2959207.5
Episode 398 return: -4377634.5
Episode: 398, total reward: 2959207.5
each agent reward: 2959207.5
Episode 399 return: -4018040.0
Episode: 399, total reward: 2959207.5
each agent reward: 2959207.5
Episode 400 return: -4102260.75
Episode: 400, total reward: 2965447.0
each agent reward: 2965447.0
Episode 401 return: -4726314.0
Episode: 401, total reward: 2964703.5
each agent reward: 2964703.5
Episode 402 return: -4553149.0
Episode: 402, total reward: 2959207.5
each agent reward: 2959207.5
Episode 403 return: -4190105.25
Episode: 403, total reward: 2965469.5
each agent reward: 2965469.5
Episode 404 return: -4265747.0
Episode: 404, total reward: 2964277.0
each agent reward: 2964277.0
Episode 405 return: -4849163.0
Episode: 405, total reward: 2962087.75
each agent reward: 2962087.75
Episode 406 return: -4354534.0
Episode: 406, total reward: 2964703.5
each agent reward: 2964703.5
Episode 407 return: -4344765.5
Episode: 407, total reward: 2958434.75
each agent reward: 2958434.75
Episode 408 return: -4698818.5
Episode: 408, total reward: 2957417.25
each agent reward: 2957417.25
Episode 409 return: -4389978.0
Episode: 409, total reward: 2958500.75
each agent reward: 2958500.75
Episode 410 return: -4395060.5
Episode: 410, total reward: 2957966.75
each agent reward: 2957966.75
Episode 411 return: -4378543.0
Episode: 411, total reward: 2958113.25
each agent reward: 2958113.25
Episode 412 return: -4294963.5
Episode: 412, total reward: 2957966.75
each agent reward: 2957966.75
Episode 413 return: -4353562.0
Episode: 413, total reward: 2957453.75
each agent reward: 2957453.75
Episode 414 return: -4297325.0
Episode: 414, total reward: 2968287.25
each agent reward: 2968287.25
Episode 415 return: -4670462.5
Episode: 415, total reward: 2967507.25
each agent reward: 2967507.25
Episode 416 return: -4193389.0
Episode: 416, total reward: 2967556.75
each agent reward: 2967556.75
Episode 417 return: -4525371.0
Episode: 417, total reward: 2968797.5
each agent reward: 2968797.5
Episode 418 return: -4460238.0
Episode: 418, total reward: 2968797.5
each agent reward: 2968797.5
Episode 419 return: -4306691.0
Episode: 419, total reward: 2968797.5
each agent reward: 2968797.5
Episode 420 return: -4149027.75
Episode: 420, total reward: 2968797.5
each agent reward: 2968797.5
Episode 421 return: -4572341.5
Episode: 421, total reward: 2970208.25
each agent reward: 2970208.25
Episode 422 return: -4403868.5
Episode: 422, total reward: 2968797.5
each agent reward: 2968797.5
Episode 423 return: -4310528.5
Episode: 423, total reward: 2970208.25
each agent reward: 2970208.25
Episode 424 return: -4650660.0
Episode: 424, total reward: 2970208.25
each agent reward: 2970208.25
Episode 425 return: -4250115.0
Episode: 425, total reward: 2970208.25
each agent reward: 2970208.25
Episode 426 return: -4293250.5
Episode: 426, total reward: 2970208.25
each agent reward: 2970208.25
Episode 427 return: -4317751.5
Episode: 427, total reward: 2970208.25
each agent reward: 2970208.25
Episode 428 return: -4351141.0
Episode: 428, total reward: 2976448.0
each agent reward: 2976448.0
Episode 429 return: -4375873.0
Episode: 429, total reward: 2974112.5
each agent reward: 2974112.5
Episode 430 return: -4368468.0
Episode: 430, total reward: 2968967.75
each agent reward: 2968967.75
Episode 431 return: -4276815.5
Episode: 431, total reward: 2971923.75
each agent reward: 2971923.75
Episode 432 return: -4278290.0
Episode: 432, total reward: 2973182.75
each agent reward: 2973182.75
Episode 433 return: -4330153.5
Episode: 433, total reward: 2974112.5
each agent reward: 2974112.5
Episode 434 return: -4618945.5
Episode: 434, total reward: 2973182.75
each agent reward: 2973182.75
Episode 435 return: -4359290.0
Episode: 435, total reward: 2957965.75
each agent reward: 2957965.75
Episode 436 return: -3919391.0
Episode: 436, total reward: 2957966.75
each agent reward: 2957966.75
Episode 437 return: -4543506.5
Episode: 437, total reward: 2957966.75
each agent reward: 2957966.75
Episode 438 return: -4617020.0
Episode: 438, total reward: 2968967.75
each agent reward: 2968967.75
Episode 439 return: -4288528.5
Episode: 439, total reward: 2968967.75
each agent reward: 2968967.75
Episode 440 return: -4093658.25
Episode: 440, total reward: 2968967.75
each agent reward: 2968967.75
Episode 441 return: -4171906.5
Episode: 441, total reward: 2968967.75
each agent reward: 2968967.75
Episode 442 return: -4097887.0
Episode: 442, total reward: 2968967.75
each agent reward: 2968967.75
Episode 443 return: -4290299.0
Episode: 443, total reward: 2968967.75
each agent reward: 2968967.75
Episode 444 return: -4338098.0
Episode: 444, total reward: 2968967.75
each agent reward: 2968967.75
Episode 445 return: -4315846.0
Episode: 445, total reward: 2968967.75
each agent reward: 2968967.75
Episode 446 return: -4281087.5
Episode: 446, total reward: 2968967.75
each agent reward: 2968967.75
Episode 447 return: -4118706.5
Episode: 447, total reward: 2968967.75
each agent reward: 2968967.75
Episode 448 return: -4513035.0
Episode: 448, total reward: 2968967.75
each agent reward: 2968967.75
Episode 449 return: -4225761.5
Episode: 449, total reward: 2964753.75
each agent reward: 2964753.75
Episode 450 return: -4114836.25
Episode: 450, total reward: 2964753.75
each agent reward: 2964753.75
Episode 451 return: -4196256.0
Episode: 451, total reward: 2964753.75
each agent reward: 2964753.75
Episode 452 return: -4324948.5
Episode: 452, total reward: 2966572.0
each agent reward: 2966572.0
Episode 453 return: -4378102.5
Episode: 453, total reward: 2974112.5
each agent reward: 2974112.5
Episode 454 return: -4546205.5
Episode: 454, total reward: 2974099.25
each agent reward: 2974099.25
Episode 455 return: -4201274.5
Episode: 455, total reward: 2974099.25
each agent reward: 2974099.25
Episode 456 return: -4656313.0
Episode: 456, total reward: 2974099.25
each agent reward: 2974099.25
Episode 457 return: -4070948.0
Episode: 457, total reward: 2974112.5
each agent reward: 2974112.5
Episode 458 return: -4232629.5
Episode: 458, total reward: 2972701.5
each agent reward: 2972701.5
Episode 459 return: -4426574.5
Episode: 459, total reward: 2971771.75
each agent reward: 2971771.75
Episode 460 return: -4388678.5
Episode: 460, total reward: 2967556.75
each agent reward: 2967556.75
Episode 461 return: -4246108.0
Episode: 461, total reward: 2967556.75
each agent reward: 2967556.75
Episode 462 return: -3999487.0
Episode: 462, total reward: 2954413.25
each agent reward: 2954413.25
Episode 463 return: -4683565.5
Episode: 463, total reward: 2954675.25
each agent reward: 2954675.25
Episode 464 return: -4412141.5
Episode: 464, total reward: 2954675.25
each agent reward: 2954675.25
Episode 465 return: -4512097.5
Episode: 465, total reward: 2954675.25
each agent reward: 2954675.25
Episode 466 return: -4205236.5
Episode: 466, total reward: 2953499.25
each agent reward: 2953499.25
Episode 467 return: -4159953.75
Episode: 467, total reward: 2952251.25
each agent reward: 2952251.25
Episode 468 return: -4376588.5
Episode: 468, total reward: 2952251.25
each agent reward: 2952251.25
Episode 469 return: -4495765.5
Episode: 469, total reward: 2952251.25
each agent reward: 2952251.25
Episode 470 return: -4112645.5
Episode: 470, total reward: 2952251.25
each agent reward: 2952251.25
Episode 471 return: -4483982.5
Episode: 471, total reward: 2952251.25
each agent reward: 2952251.25
Episode 472 return: -4554806.5
Episode: 472, total reward: 2954675.25
each agent reward: 2954675.25
Episode 473 return: -4373753.5
Episode: 473, total reward: 2954675.25
each agent reward: 2954675.25
Episode 474 return: -4327725.5
Episode: 474, total reward: 2954675.25
each agent reward: 2954675.25
Episode 475 return: -4182119.75
Episode: 475, total reward: 2954675.25
each agent reward: 2954675.25
Episode 476 return: -3963223.25
Episode: 476, total reward: 2956970.75
each agent reward: 2956970.75
Episode 477 return: -4392792.5
Episode: 477, total reward: 2959820.25
each agent reward: 2959820.25
Episode 478 return: -4585459.0
Episode: 478, total reward: 2959820.25
each agent reward: 2959820.25
Episode 479 return: -4430610.5
Episode: 479, total reward: 2959820.25
each agent reward: 2959820.25
Episode 480 return: -4371856.0
Episode: 480, total reward: 2959820.25
each agent reward: 2959820.25
Episode 481 return: -4308875.5
Episode: 481, total reward: 2959820.25
each agent reward: 2959820.25
Episode 482 return: -4455334.0
Episode: 482, total reward: 2954675.25
each agent reward: 2954675.25
Episode 483 return: -4367674.5
Episode: 483, total reward: 2959820.25
each agent reward: 2959820.25
Episode 484 return: -4212912.0
Episode: 484, total reward: 2969885.75
each agent reward: 2969885.75
Episode 485 return: -4092277.0
Episode: 485, total reward: 2956346.0
each agent reward: 2956346.0
Episode 486 return: -4218644.5
Episode: 486, total reward: 2956346.0
each agent reward: 2956346.0
Episode 487 return: -4354374.5
Episode: 487, total reward: 2955429.5
each agent reward: 2955429.5
Episode 488 return: -4436596.5
Episode: 488, total reward: 2967992.75
each agent reward: 2967992.75
Episode 489 return: -4322188.0
Episode: 489, total reward: 2967992.75
each agent reward: 2967992.75
Episode 490 return: -4323575.0
Episode: 490, total reward: 2967049.25
each agent reward: 2967049.25
Episode 491 return: -4123488.5
Episode: 491, total reward: 2968969.0
each agent reward: 2968969.0
Episode 492 return: -4111276.0
Episode: 492, total reward: 2964753.75
each agent reward: 2964753.75
Episode 493 return: -4537076.0
Episode: 493, total reward: 2961481.25
each agent reward: 2961481.25
Episode 494 return: -4475558.0
Episode: 494, total reward: 2957259.75
each agent reward: 2957259.75
Episode 495 return: -4355530.0
Episode: 495, total reward: 2954675.25
each agent reward: 2954675.25
Episode 496 return: -4588076.0
Episode: 496, total reward: 2954675.25
each agent reward: 2954675.25
Episode 497 return: -4372817.5
Episode: 497, total reward: 2953629.5
each agent reward: 2953629.5
Episode 498 return: -4211544.0
Episode: 498, total reward: 2963708.0
each agent reward: 2963708.0
Episode 499 return: -4383689.0
Episode: 499, total reward: 2964753.75
each agent reward: 2964753.75
Episode 500 return: -4082298.25
Episode: 500, total reward: 2955429.5
each agent reward: 2955429.5
Episode 501 return: -4348883.0
Episode: 501, total reward: 2956359.25
each agent reward: 2956359.25
Episode 502 return: -4371485.5
Episode: 502, total reward: 2955429.5
each agent reward: 2955429.5
Episode 503 return: -4075691.0
Episode: 503, total reward: 2951214.5
each agent reward: 2951214.5
Episode 504 return: -4598410.5
Episode: 504, total reward: 2951214.5
each agent reward: 2951214.5
Episode 505 return: -4274841.5
Episode: 505, total reward: 2948887.5
each agent reward: 2948887.5
Episode 506 return: -4230217.0
Episode: 506, total reward: 2950057.75
each agent reward: 2950057.75
Episode 507 return: -4421080.0
Episode: 507, total reward: 2940269.75
each agent reward: 2940269.75
Episode 508 return: -4176519.75
Episode: 508, total reward: 2938334.75
each agent reward: 2938334.75
Episode 509 return: -4721154.0
Episode: 509, total reward: 2944368.75
each agent reward: 2944368.75
Episode 510 return: -4250533.0
Episode: 510, total reward: 2945401.25
each agent reward: 2945401.25
Episode 511 return: -4049932.5
Episode: 511, total reward: 2955893.75
each agent reward: 2955893.75
Episode 512 return: -4531872.0
Episode: 512, total reward: 2956359.25
each agent reward: 2956359.25
Episode 513 return: -4261457.5
Episode: 513, total reward: 2954948.25
each agent reward: 2954948.25
Episode 514 return: -4379797.5
Episode: 514, total reward: 2942020.75
each agent reward: 2942020.75
Episode 515 return: -4339204.5
Episode: 515, total reward: 2939725.0
each agent reward: 2939725.0
Episode 516 return: -4178454.0
Episode: 516, total reward: 2928780.25
each agent reward: 2928780.25
Episode 517 return: -4275451.0
Episode: 517, total reward: 2927891.0
each agent reward: 2927891.0
Episode 518 return: -4148834.0
Episode: 518, total reward: 2926878.0
each agent reward: 2926878.0
Episode 519 return: -4552998.0
Episode: 519, total reward: 2930374.25
each agent reward: 2930374.25
Episode 520 return: -4558891.0
Episode: 520, total reward: 2930374.25
each agent reward: 2930374.25
Episode 521 return: -4289077.5
Episode: 521, total reward: 2930374.25
each agent reward: 2930374.25
Episode 522 return: -4470998.0
Episode: 522, total reward: 2939380.5
each agent reward: 2939380.5
Episode 523 return: -4468113.0
Episode: 523, total reward: 2939380.5
each agent reward: 2939380.5
Episode 524 return: -4189665.0
Episode: 524, total reward: 2939380.5
each agent reward: 2939380.5
Episode 525 return: -4330872.5
Episode: 525, total reward: 2939380.5
each agent reward: 2939380.5
Episode 526 return: -4220661.5
Episode: 526, total reward: 2937969.5
each agent reward: 2937969.5
Episode 527 return: -4350151.5
Episode: 527, total reward: 2941187.25
each agent reward: 2941187.25
Episode 528 return: -4443466.0
Episode: 528, total reward: 2943114.25
each agent reward: 2943114.25
Episode 529 return: -4200181.0
Episode: 529, total reward: 2944512.0
each agent reward: 2944512.0
Episode 530 return: -4514417.0
Episode: 530, total reward: 2944512.0
each agent reward: 2944512.0
Episode 531 return: -4404967.5
Episode: 531, total reward: 2944512.0
each agent reward: 2944512.0
Episode 532 return: -4248386.0
Episode: 532, total reward: 2944512.0
each agent reward: 2944512.0
Episode 533 return: -4192839.0
Episode: 533, total reward: 2944512.0
each agent reward: 2944512.0
Episode 534 return: -4330069.5
Episode: 534, total reward: 2944525.25
each agent reward: 2944525.25
Episode 535 return: -4248727.0
Episode: 535, total reward: 2944512.0
each agent reward: 2944512.0
Episode 536 return: -4254416.5
Episode: 536, total reward: 2944512.0
each agent reward: 2944512.0
Episode 537 return: -4283060.5
Episode: 537, total reward: 2944512.0
each agent reward: 2944512.0
Episode 538 return: -4143376.25
Episode: 538, total reward: 2944525.25
each agent reward: 2944525.25
Episode 539 return: -4317823.0
Episode: 539, total reward: 2944512.0
each agent reward: 2944512.0
Episode 540 return: -4267382.0
Episode: 540, total reward: 2944512.0
each agent reward: 2944512.0
Episode 541 return: -4270054.0
Episode: 541, total reward: 2944512.0
each agent reward: 2944512.0
Episode 542 return: -4545667.5
Episode: 542, total reward: 2944512.0
each agent reward: 2944512.0
Episode 543 return: -4329682.0
Episode: 543, total reward: 2944512.0
each agent reward: 2944512.0
Episode 544 return: -4301862.5
Episode: 544, total reward: 2944512.0
each agent reward: 2944512.0
Episode 545 return: -4255357.0
Episode: 545, total reward: 2944512.0
each agent reward: 2944512.0
Episode 546 return: -4703008.5
Episode: 546, total reward: 2944512.0
each agent reward: 2944512.0
Episode 547 return: -4486311.0
Episode: 547, total reward: 2944512.0
each agent reward: 2944512.0
Episode 548 return: -4457542.5
Episode: 548, total reward: 2944512.0
each agent reward: 2944512.0
Episode 549 return: -4393470.5
Episode: 549, total reward: 2944525.25
each agent reward: 2944525.25
Episode 550 return: -4486838.0
Episode: 550, total reward: 2943595.5
each agent reward: 2943595.5
Episode 551 return: -4075625.75
Episode: 551, total reward: 2939380.5
each agent reward: 2939380.5
Episode 552 return: -4590832.5
Episode: 552, total reward: 2939380.5
each agent reward: 2939380.5
Episode 553 return: -3996044.5
Episode: 553, total reward: 2939380.5
each agent reward: 2939380.5
Episode 554 return: -4490036.5
Episode: 554, total reward: 2939380.5
each agent reward: 2939380.5
Episode 555 return: -4304888.5
Episode: 555, total reward: 2943595.5
each agent reward: 2943595.5
Episode 556 return: -4444808.5
Episode: 556, total reward: 2943101.0
each agent reward: 2943101.0
Episode 557 return: -4328571.0
Episode: 557, total reward: 2943101.0
each agent reward: 2943101.0
Episode 558 return: -4352543.0
Episode: 558, total reward: 2943101.0
each agent reward: 2943101.0
Episode 559 return: -4202046.5
Episode: 559, total reward: 2943101.0
each agent reward: 2943101.0
Episode 560 return: -4387978.0
Episode: 560, total reward: 2943101.0
each agent reward: 2943101.0
Episode 561 return: -4251426.5
Episode: 561, total reward: 2943101.0
each agent reward: 2943101.0
Episode 562 return: -4508961.5
Episode: 562, total reward: 2943101.0
each agent reward: 2943101.0
Episode 563 return: -4385606.0
Episode: 563, total reward: 2943101.0
each agent reward: 2943101.0
Episode 564 return: -4174679.0
Episode: 564, total reward: 2944512.0
each agent reward: 2944512.0
Episode 565 return: -4331879.5
Episode: 565, total reward: 2944512.0
each agent reward: 2944512.0
Episode 566 return: -4690817.0
Episode: 566, total reward: 2944512.0
each agent reward: 2944512.0
Episode 567 return: -4630556.0
Episode: 567, total reward: 2944512.0
each agent reward: 2944512.0
Episode 568 return: -4160286.5
Episode: 568, total reward: 2944512.0
each agent reward: 2944512.0
Episode 569 return: -4276963.0
Episode: 569, total reward: 2944155.0
each agent reward: 2944155.0
Episode 570 return: -4312156.5
Episode: 570, total reward: 2943212.25
each agent reward: 2943212.25
Episode 571 return: -4569105.0
Episode: 571, total reward: 2944244.75
each agent reward: 2944244.75
Episode 572 return: -4168075.75
Episode: 572, total reward: 2944244.75
each agent reward: 2944244.75
Episode 573 return: -4191327.5
Episode: 573, total reward: 2944244.75
each agent reward: 2944244.75
Episode 574 return: -4293443.0
Episode: 574, total reward: 2944244.75
each agent reward: 2944244.75
Episode 575 return: -4326086.5
Episode: 575, total reward: 2939254.0
each agent reward: 2939254.0
Episode 576 return: -4500671.0
Episode: 576, total reward: 2938726.25
each agent reward: 2938726.25
Episode 577 return: -4770380.0
Episode: 577, total reward: 2938726.25
each agent reward: 2938726.25
Episode 578 return: -4345583.5
Episode: 578, total reward: 2937582.5
each agent reward: 2937582.5
Episode 579 return: -4239052.5
Episode: 579, total reward: 2943011.25
each agent reward: 2943011.25
Episode 580 return: -4282169.5
Episode: 580, total reward: 2943101.0
each agent reward: 2943101.0
Episode 581 return: -4613709.5
Episode: 581, total reward: 2943257.0
each agent reward: 2943257.0
Episode 582 return: -4577256.0
Episode: 582, total reward: 2942184.5
each agent reward: 2942184.5
Episode 583 return: -4576142.5
Episode: 583, total reward: 2938125.5
each agent reward: 2938125.5
Episode 584 return: -4405550.5
Episode: 584, total reward: 2938125.5
each agent reward: 2938125.5
Episode 585 return: -4538139.5
Episode: 585, total reward: 2936180.75
each agent reward: 2936180.75
Episode 586 return: -4843160.0
Episode: 586, total reward: 2934153.75
each agent reward: 2934153.75
Episode 587 return: -4345120.5
Episode: 587, total reward: 2934827.0
each agent reward: 2934827.0
Episode 588 return: -4448569.5
Episode: 588, total reward: 2938726.25
each agent reward: 2938726.25
Episode 589 return: -4042421.5
Episode: 589, total reward: 2938726.25
each agent reward: 2938726.25
Episode 590 return: -4712540.5
Episode: 590, total reward: 2938726.25
each agent reward: 2938726.25
Episode 591 return: -4387179.5
Episode: 591, total reward: 2937738.5
each agent reward: 2937738.5
Episode 592 return: -4265888.5
Episode: 592, total reward: 2934333.0
each agent reward: 2934333.0
Episode 593 return: -4356948.0
Episode: 593, total reward: 2931967.25
each agent reward: 2931967.25
Episode 594 return: -4384724.0
Episode: 594, total reward: 2928124.25
each agent reward: 2928124.25
Episode 595 return: -4320032.5
Episode: 595, total reward: 2928124.25
each agent reward: 2928124.25
Episode 596 return: -4341060.5
Episode: 596, total reward: 2929625.75
each agent reward: 2929625.75
Episode 597 return: -4415228.0
Episode: 597, total reward: 2928533.25
each agent reward: 2928533.25
Episode 598 return: -4599244.5
Episode: 598, total reward: 2934208.0
each agent reward: 2934208.0
Episode 599 return: -4520455.5
Episode: 599, total reward: 2936024.75
each agent reward: 2936024.75
Episode 600 return: -4387616.5
Episode: 600, total reward: 2932280.75
each agent reward: 2932280.75
Episode 601 return: -4424998.5
Episode: 601, total reward: 2934505.25
each agent reward: 2934505.25
Episode 602 return: -4469796.5
Episode: 602, total reward: 2929478.25
each agent reward: 2929478.25
Episode 603 return: -4382421.0
Episode: 603, total reward: 2928124.25
each agent reward: 2928124.25
Episode 604 return: -4149677.0
Episode: 604, total reward: 2927495.25
each agent reward: 2927495.25
Episode 605 return: -4503138.0
Episode: 605, total reward: 2929625.75
each agent reward: 2929625.75
Episode 606 return: -4557141.0
Episode: 606, total reward: 2933151.5
each agent reward: 2933151.5
Episode 607 return: -4593561.0
Episode: 607, total reward: 2929625.75
each agent reward: 2929625.75
Episode 608 return: -4139355.75
Episode: 608, total reward: 2929625.75
each agent reward: 2929625.75
Episode 609 return: -4445789.0
Episode: 609, total reward: 2933287.0
each agent reward: 2933287.0
Episode 610 return: -4570614.0
Episode: 610, total reward: 2931246.75
each agent reward: 2931246.75
Episode 611 return: -4273285.5
Episode: 611, total reward: 2934827.0
each agent reward: 2934827.0
Episode 612 return: -4379296.5
Episode: 612, total reward: 2936384.75
each agent reward: 2936384.75
Episode 613 return: -4382841.0
Episode: 613, total reward: 2936384.75
each agent reward: 2936384.75
Episode 614 return: -4416301.5
Episode: 614, total reward: 2936384.75
each agent reward: 2936384.75
Episode 615 return: -4341196.0
Episode: 615, total reward: 2938726.25
each agent reward: 2938726.25
Episode 616 return: -4274429.5
Episode: 616, total reward: 2936384.75
each agent reward: 2936384.75
Episode 617 return: -4145755.0
Episode: 617, total reward: 2935442.0
each agent reward: 2935442.0
Episode 618 return: -4176561.5
Episode: 618, total reward: 2934349.25
each agent reward: 2934349.25
Episode 619 return: -4721379.5
Episode: 619, total reward: 2927031.75
each agent reward: 2927031.75
Episode 620 return: -4484267.0
Episode: 620, total reward: 2927031.75
each agent reward: 2927031.75
Episode 621 return: -4319283.5
Episode: 621, total reward: 2933734.25
each agent reward: 2933734.25
Episode 622 return: -4494566.5
Episode: 622, total reward: 2934647.0
each agent reward: 2934647.0
Episode 623 return: -4074800.75
Episode: 623, total reward: 2937780.25
each agent reward: 2937780.25
Episode 624 return: -4389212.0
Episode: 624, total reward: 2936288.75
each agent reward: 2936288.75
Episode 625 return: -4026620.75
Episode: 625, total reward: 2927031.75
each agent reward: 2927031.75
Episode 626 return: -4513698.5
Episode: 626, total reward: 2927031.75
each agent reward: 2927031.75
Episode 627 return: -4151262.0
Episode: 627, total reward: 2927031.75
each agent reward: 2927031.75
Episode 628 return: -4305215.0
Episode: 628, total reward: 2934349.25
each agent reward: 2934349.25
Episode 629 return: -4450632.0
Episode: 629, total reward: 2934349.25
each agent reward: 2934349.25
Episode 630 return: -4407751.5
Episode: 630, total reward: 2932194.25
each agent reward: 2932194.25
Episode 631 return: -4256448.0
Episode: 631, total reward: 2927031.75
each agent reward: 2927031.75
Episode 632 return: -4606744.5
Episode: 632, total reward: 2928124.25
each agent reward: 2928124.25
Episode 633 return: -4495446.5
Episode: 633, total reward: 2928124.25
each agent reward: 2928124.25
Episode 634 return: -4229055.5
Episode: 634, total reward: 2929625.75
each agent reward: 2929625.75
Episode 635 return: -4208061.5
Episode: 635, total reward: 2927755.75
each agent reward: 2927755.75
Episode 636 return: -4480123.0
Episode: 636, total reward: 2917415.75
each agent reward: 2917415.75
Episode 637 return: -4377854.5
Episode: 637, total reward: 2913764.75
each agent reward: 2913764.75
Episode 638 return: -4362475.5
Episode: 638, total reward: 2913764.75
each agent reward: 2913764.75
Episode 639 return: -4660466.0
Episode: 639, total reward: 2913764.75
each agent reward: 2913764.75
Episode 640 return: -4082946.0
Episode: 640, total reward: 2913764.75
each agent reward: 2913764.75
Episode 641 return: -4466895.5
Episode: 641, total reward: 2927031.75
each agent reward: 2927031.75
Episode 642 return: -4435232.0
Episode: 642, total reward: 2932058.75
each agent reward: 2932058.75
Episode 643 return: -4327156.0
Episode: 643, total reward: 2921082.5
each agent reward: 2921082.5
Episode 644 return: -4387477.5
Episode: 644, total reward: 2920825.75
each agent reward: 2920825.75
Episode 645 return: -4480593.0
Episode: 645, total reward: 2920825.75
each agent reward: 2920825.75
Episode 646 return: -4487141.0
Episode: 646, total reward: 2933673.0
each agent reward: 2933673.0
Episode 647 return: -4255703.0
Episode: 647, total reward: 2920825.75
each agent reward: 2920825.75
Episode 648 return: -4427750.0
Episode: 648, total reward: 2922025.25
each agent reward: 2922025.25
Episode 649 return: -4320888.0
Episode: 649, total reward: 2921082.5
each agent reward: 2921082.5
Episode 650 return: -4196811.0
Episode: 650, total reward: 2934349.25
each agent reward: 2934349.25
Episode 651 return: -4287898.5
Episode: 651, total reward: 2920467.5
each agent reward: 2920467.5
Episode 652 return: -3919653.0
Episode: 652, total reward: 2919504.75
each agent reward: 2919504.75
Episode 653 return: -4538511.0
Episode: 653, total reward: 2921082.5
each agent reward: 2921082.5
Episode 654 return: -4149858.25
Episode: 654, total reward: 2915266.25
each agent reward: 2915266.25
Episode 655 return: -4625868.5
Episode: 655, total reward: 2915266.25
each agent reward: 2915266.25
Episode 656 return: -4171252.75
Episode: 656, total reward: 2921082.5
each agent reward: 2921082.5
Episode 657 return: -4232775.5
Episode: 657, total reward: 2922372.75
each agent reward: 2922372.75
Episode 658 return: -4425513.0
Episode: 658, total reward: 2922602.0
each agent reward: 2922602.0
Episode 659 return: -4657198.5
Episode: 659, total reward: 2922602.0
each agent reward: 2922602.0
Episode 660 return: -4474417.0
Episode: 660, total reward: 2920825.75
each agent reward: 2920825.75
Episode 661 return: -4414365.0
Episode: 661, total reward: 2920825.75
each agent reward: 2920825.75
Episode 662 return: -4088057.5
Episode: 662, total reward: 2920825.75
each agent reward: 2920825.75
Episode 663 return: -4254264.0
Episode: 663, total reward: 2920825.75
each agent reward: 2920825.75
Episode 664 return: -4198319.5
Episode: 664, total reward: 2920825.75
each agent reward: 2920825.75
Episode 665 return: -4277898.5
Episode: 665, total reward: 2921306.75
each agent reward: 2921306.75
Episode 666 return: -4434503.0
Episode: 666, total reward: 2922602.0
each agent reward: 2922602.0
Episode 667 return: -4528547.0
Episode: 667, total reward: 2922602.0
each agent reward: 2922602.0
Episode 668 return: -4309599.5
Episode: 668, total reward: 2920825.75
each agent reward: 2920825.75
Episode 669 return: -4111484.5
Episode: 669, total reward: 2922602.0
each agent reward: 2922602.0
Episode 670 return: -4133642.5
Episode: 670, total reward: 2922602.0
each agent reward: 2922602.0
Episode 671 return: -4137825.25
Episode: 671, total reward: 2924174.75
each agent reward: 2924174.75
Episode 672 return: -4585470.5
Episode: 672, total reward: 2923232.0
each agent reward: 2923232.0
Episode 673 return: -3949429.25
Episode: 673, total reward: 2923232.0
each agent reward: 2923232.0
Episode 674 return: -4138427.0
Episode: 674, total reward: 2923232.0
each agent reward: 2923232.0
Episode 675 return: -4397946.5
Episode: 675, total reward: 2923232.0
each agent reward: 2923232.0
Episode 676 return: -4356020.0
Episode: 676, total reward: 2924174.75
each agent reward: 2924174.75
Episode 677 return: -4447885.0
Episode: 677, total reward: 2935554.5
each agent reward: 2935554.5
Episode 678 return: -4355485.5
Episode: 678, total reward: 2922602.0
each agent reward: 2922602.0
Episode 679 return: -4413151.0
Episode: 679, total reward: 2922602.0
each agent reward: 2922602.0
Episode 680 return: -4223800.0
Episode: 680, total reward: 2922602.0
each agent reward: 2922602.0
Episode 681 return: -4502781.5
Episode: 681, total reward: 2923434.5
each agent reward: 2923434.5
Episode 682 return: -4135794.5
Episode: 682, total reward: 2922602.0
each agent reward: 2922602.0
Episode 683 return: -4449834.0
Episode: 683, total reward: 2922602.0
each agent reward: 2922602.0
Episode 684 return: -4213901.0
Episode: 684, total reward: 2922602.0
each agent reward: 2922602.0
Episode 685 return: -4136510.25
Episode: 685, total reward: 2922602.0
each agent reward: 2922602.0
Episode 686 return: -4088700.25
Episode: 686, total reward: 2922602.0
each agent reward: 2922602.0
Episode 687 return: -4473626.5
Episode: 687, total reward: 2922602.0
each agent reward: 2922602.0
Episode 688 return: -4221172.5
Episode: 688, total reward: 2922602.0
each agent reward: 2922602.0
Episode 689 return: -4317100.5
Episode: 689, total reward: 2921306.75
each agent reward: 2921306.75
Episode 690 return: -4154144.5
Episode: 690, total reward: 2922602.0
each agent reward: 2922602.0
Episode 691 return: -4364757.5
Episode: 691, total reward: 2922602.0
each agent reward: 2922602.0
Episode 692 return: -4369857.5
Episode: 692, total reward: 2922602.0
each agent reward: 2922602.0
Episode 693 return: -4258149.0
Episode: 693, total reward: 2922602.0
each agent reward: 2922602.0
Episode 694 return: -4153580.0
Episode: 694, total reward: 2922602.0
each agent reward: 2922602.0
Episode 695 return: -4578202.0
Episode: 695, total reward: 2922602.0
each agent reward: 2922602.0
Episode 696 return: -4216858.0
Episode: 696, total reward: 2920825.75
each agent reward: 2920825.75
Episode 697 return: -4355516.0
Episode: 697, total reward: 2920825.75
each agent reward: 2920825.75
Episode 698 return: -4163273.75
Episode: 698, total reward: 2920825.75
each agent reward: 2920825.75
Episode 699 return: -4292975.0
Episode: 699, total reward: 2920825.75
each agent reward: 2920825.75
Episode 700 return: -4729183.5
Episode: 700, total reward: 2920825.75
each agent reward: 2920825.75
Episode 701 return: -4376617.0
Episode: 701, total reward: 2920825.75
each agent reward: 2920825.75
Episode 702 return: -4408807.0
Episode: 702, total reward: 2920825.75
each agent reward: 2920825.75
Episode 703 return: -4045716.0
Episode: 703, total reward: 2920825.75
each agent reward: 2920825.75
Episode 704 return: -4638610.0
Episode: 704, total reward: 2920825.75
each agent reward: 2920825.75
Episode 705 return: -4304291.5
Episode: 705, total reward: 2920825.75
each agent reward: 2920825.75
Episode 706 return: -4305751.0
Episode: 706, total reward: 2920825.75
each agent reward: 2920825.75
Episode 707 return: -4343670.5
Episode: 707, total reward: 2920825.75
each agent reward: 2920825.75
Episode 708 return: -4324309.0
Episode: 708, total reward: 2920825.75
each agent reward: 2920825.75
Episode 709 return: -4120937.5
Episode: 709, total reward: 2919883.0
each agent reward: 2919883.0
Episode 710 return: -4450888.0
Episode: 710, total reward: 2914066.75
each agent reward: 2914066.75
Episode 711 return: -4177260.25
Episode: 711, total reward: 2914066.75
each agent reward: 2914066.75
Episode 712 return: -4346056.0
Episode: 712, total reward: 2915327.5
each agent reward: 2915327.5
Episode 713 return: -4335198.0
Episode: 713, total reward: 2919883.0
each agent reward: 2919883.0
Episode 714 return: -4378103.0
Episode: 714, total reward: 2919883.0
each agent reward: 2919883.0
Episode 715 return: -4677250.0
Episode: 715, total reward: 2914066.75
each agent reward: 2914066.75
Episode 716 return: -4040660.75
Episode: 716, total reward: 2919883.0
each agent reward: 2919883.0
Episode 717 return: -4175827.25
Episode: 717, total reward: 2919883.0
each agent reward: 2919883.0
Episode 718 return: -4287082.5
Episode: 718, total reward: 2919883.0
each agent reward: 2919883.0
Episode 719 return: -4309229.0
Episode: 719, total reward: 2919883.0
each agent reward: 2919883.0
Episode 720 return: -4364525.0
Episode: 720, total reward: 2919883.0
each agent reward: 2919883.0
Episode 721 return: -4278243.0
Episode: 721, total reward: 2920825.75
each agent reward: 2920825.75
Episode 722 return: -4310554.0
Episode: 722, total reward: 2922602.0
each agent reward: 2922602.0
Episode 723 return: -4390095.0
Episode: 723, total reward: 2922602.0
each agent reward: 2922602.0
Episode 724 return: -4376373.5
Episode: 724, total reward: 2922602.0
each agent reward: 2922602.0
Episode 725 return: -4605728.5
Episode: 725, total reward: 2920825.75
each agent reward: 2920825.75
Episode 726 return: -4359671.5
Episode: 726, total reward: 2917606.0
each agent reward: 2917606.0
Episode 727 return: -4520966.5
Episode: 727, total reward: 2922602.0
each agent reward: 2922602.0
Episode 728 return: -4197268.0
Episode: 728, total reward: 2922602.0
each agent reward: 2922602.0
Episode 729 return: -4311295.0
Episode: 729, total reward: 2912574.5
each agent reward: 2912574.5
Episode 730 return: -4461558.5
Episode: 730, total reward: 2911395.75
each agent reward: 2911395.75
Episode 731 return: -4482479.5
Episode: 731, total reward: 2911395.75
each agent reward: 2911395.75
Episode 732 return: -4292539.0
Episode: 732, total reward: 2911395.75
each agent reward: 2911395.75
Episode 733 return: -4071542.75
Episode: 733, total reward: 2911395.75
each agent reward: 2911395.75
Episode 734 return: -4243045.5
Episode: 734, total reward: 2911395.75
each agent reward: 2911395.75
Episode 735 return: -4410263.5
Episode: 735, total reward: 2911395.75
each agent reward: 2911395.75
Episode 736 return: -4276134.0
Episode: 736, total reward: 2911395.75
each agent reward: 2911395.75
Episode 737 return: -4034981.75
Episode: 737, total reward: 2911395.75
each agent reward: 2911395.75
Episode 738 return: -4365120.0
Episode: 738, total reward: 2911395.75
each agent reward: 2911395.75
Episode 739 return: -4570612.0
Episode: 739, total reward: 2911395.75
each agent reward: 2911395.75
Episode 740 return: -4782338.0
Episode: 740, total reward: 2911395.75
each agent reward: 2911395.75
Episode 741 return: -4441270.5
Episode: 741, total reward: 2911395.75
each agent reward: 2911395.75
Episode 742 return: -4242533.5
Episode: 742, total reward: 2911395.75
each agent reward: 2911395.75
Episode 743 return: -4691979.0
Episode: 743, total reward: 2911395.75
each agent reward: 2911395.75
Episode 744 return: -4207564.0
Episode: 744, total reward: 2911395.75
each agent reward: 2911395.75
Episode 745 return: -4304531.5
Episode: 745, total reward: 2911395.75
each agent reward: 2911395.75
Episode 746 return: -4059684.0
Episode: 746, total reward: 2911395.75
each agent reward: 2911395.75
Episode 747 return: -4296611.0
Episode: 747, total reward: 2911395.75
each agent reward: 2911395.75
Episode 748 return: -4308617.5
Episode: 748, total reward: 2911395.75
each agent reward: 2911395.75
Episode 749 return: -4605654.0
Episode: 749, total reward: 2911395.75
each agent reward: 2911395.75
Episode 750 return: -4139260.75
Episode: 750, total reward: 2912105.5
each agent reward: 2912105.5
Episode 751 return: -4358563.0
Episode: 751, total reward: 2913172.0
each agent reward: 2913172.0
Episode 752 return: -4451024.5
Episode: 752, total reward: 2913172.0
each agent reward: 2913172.0
Episode 753 return: -4191572.75
Episode: 753, total reward: 2913172.0
each agent reward: 2913172.0
Episode 754 return: -4383911.5
Episode: 754, total reward: 2913172.0
each agent reward: 2913172.0
Episode 755 return: -4394788.0
Episode: 755, total reward: 2911624.25
each agent reward: 2911624.25
Episode 756 return: -4495814.0
Episode: 756, total reward: 2911395.75
each agent reward: 2911395.75
Episode 757 return: -4210133.0
Episode: 757, total reward: 2911395.75
each agent reward: 2911395.75
Episode 758 return: -4150818.75
Episode: 758, total reward: 2911395.75
each agent reward: 2911395.75
Episode 759 return: -4219725.0
Episode: 759, total reward: 2911395.75
each agent reward: 2911395.75
Episode 760 return: -4480624.0
Episode: 760, total reward: 2911395.75
each agent reward: 2911395.75
Episode 761 return: -4174851.0
Episode: 761, total reward: 2911395.75
each agent reward: 2911395.75
Episode 762 return: -4214224.0
Episode: 762, total reward: 2911395.75
each agent reward: 2911395.75
Episode 763 return: -4384846.5
Episode: 763, total reward: 2911395.75
each agent reward: 2911395.75
Episode 764 return: -4366490.0
Episode: 764, total reward: 2911395.75
each agent reward: 2911395.75
Episode 765 return: -4372991.5
Episode: 765, total reward: 2911395.75
each agent reward: 2911395.75
Episode 766 return: -4218664.5
Episode: 766, total reward: 2911395.75
each agent reward: 2911395.75
Episode 767 return: -4308442.5
Episode: 767, total reward: 2911395.75
each agent reward: 2911395.75
Episode 768 return: -4322849.5
Episode: 768, total reward: 2911395.75
each agent reward: 2911395.75
Episode 769 return: -4981573.5
Episode: 769, total reward: 2911395.75
each agent reward: 2911395.75
Episode 770 return: -4262579.5
Episode: 770, total reward: 2911395.75
each agent reward: 2911395.75
Episode 771 return: -4480759.5
Episode: 771, total reward: 2911395.75
each agent reward: 2911395.75
Episode 772 return: -4723657.0
Episode: 772, total reward: 2911395.75
each agent reward: 2911395.75
Episode 773 return: -4198550.5
Episode: 773, total reward: 2911395.75
each agent reward: 2911395.75
Episode 774 return: -4578768.0
Episode: 774, total reward: 2903147.75
each agent reward: 2903147.75
Episode 775 return: -4280508.5
Episode: 775, total reward: 2903147.75
each agent reward: 2903147.75
Episode 776 return: -4427140.5
Episode: 776, total reward: 2904923.75
each agent reward: 2904923.75
Episode 777 return: -4403524.5
Episode: 777, total reward: 2904923.75
each agent reward: 2904923.75
Episode 778 return: -4478044.0
Episode: 778, total reward: 2904923.75
each agent reward: 2904923.75
Episode 779 return: -4343270.5
Episode: 779, total reward: 2904923.75
each agent reward: 2904923.75
Episode 780 return: -4310997.0
Episode: 780, total reward: 2904360.0
each agent reward: 2904360.0
Episode 781 return: -4505999.0
Episode: 781, total reward: 2903147.75
each agent reward: 2903147.75
Episode 782 return: -4493985.5
Episode: 782, total reward: 2903147.75
each agent reward: 2903147.75
Episode 783 return: -4816669.5
Episode: 783, total reward: 2903147.75
each agent reward: 2903147.75
Episode 784 return: -4482374.0
Episode: 784, total reward: 2903147.75
each agent reward: 2903147.75
Episode 785 return: -4383005.0
Episode: 785, total reward: 2903147.75
each agent reward: 2903147.75
Episode 786 return: -4350738.0
Episode: 786, total reward: 2903147.75
each agent reward: 2903147.75
Episode 787 return: -4413978.5
Episode: 787, total reward: 2903147.75
each agent reward: 2903147.75
Episode 788 return: -4200819.0
Episode: 788, total reward: 2903147.75
each agent reward: 2903147.75
Episode 789 return: -4119370.25
Episode: 789, total reward: 2903147.75
each agent reward: 2903147.75
Episode 790 return: -4420108.5
Episode: 790, total reward: 2903147.75
each agent reward: 2903147.75
Episode 791 return: -4467473.0
Episode: 791, total reward: 2903147.75
each agent reward: 2903147.75
Episode 792 return: -4270975.0
Episode: 792, total reward: 2901932.75
each agent reward: 2901932.75
Episode 793 return: -4278343.0
Episode: 793, total reward: 2903052.75
each agent reward: 2903052.75
Episode 794 return: -4203994.0
Episode: 794, total reward: 2903147.75
each agent reward: 2903147.75
Episode 795 return: -4740388.5
Episode: 795, total reward: 2903147.75
each agent reward: 2903147.75
Episode 796 return: -4426458.0
Episode: 796, total reward: 2903147.75
each agent reward: 2903147.75
Episode 797 return: -4465393.0
Episode: 797, total reward: 2903628.25
each agent reward: 2903628.25
Episode 798 return: -4252165.0
Episode: 798, total reward: 2904360.0
each agent reward: 2904360.0
Episode 799 return: -4103033.5
Episode: 799, total reward: 2903396.5
each agent reward: 2903396.5
Episode 800 return: -3853232.0
Episode: 800, total reward: 2903147.75
each agent reward: 2903147.75
Episode 801 return: -4181271.5
Episode: 801, total reward: 2904360.0
each agent reward: 2904360.0
Episode 802 return: -4423808.5
Episode: 802, total reward: 2904923.75
each agent reward: 2904923.75
Episode 803 return: -4088606.0
Episode: 803, total reward: 2904923.75
each agent reward: 2904923.75
Episode 804 return: -4119809.25
Episode: 804, total reward: 2904923.75
each agent reward: 2904923.75
Episode 805 return: -4334631.5
Episode: 805, total reward: 2904923.75
each agent reward: 2904923.75
Episode 806 return: -4004787.75
Episode: 806, total reward: 2904923.75
each agent reward: 2904923.75
Episode 807 return: -4411033.5
Episode: 807, total reward: 2904923.75
each agent reward: 2904923.75
Episode 808 return: -4366044.0
Episode: 808, total reward: 2904923.75
each agent reward: 2904923.75
Episode 809 return: -4282330.0
Episode: 809, total reward: 2903147.75
each agent reward: 2903147.75
Episode 810 return: -4281042.0
Episode: 810, total reward: 2903147.75
each agent reward: 2903147.75
Episode 811 return: -4489761.5
Episode: 811, total reward: 2903147.75
each agent reward: 2903147.75
Episode 812 return: -4384851.0
Episode: 812, total reward: 2903147.75
each agent reward: 2903147.75
Episode 813 return: -3879515.75
Episode: 813, total reward: 2904246.25
each agent reward: 2904246.25
Episode 814 return: -4157795.5
Episode: 814, total reward: 2903166.5
each agent reward: 2903166.5
Episode 815 return: -4218919.5
Episode: 815, total reward: 2903166.5
each agent reward: 2903166.5
Episode 816 return: -4128892.75
Episode: 816, total reward: 2903166.5
each agent reward: 2903166.5
Episode 817 return: -4144366.75
Episode: 817, total reward: 2902440.75
each agent reward: 2902440.75
Episode 818 return: -4282621.5
Episode: 818, total reward: 2902162.25
each agent reward: 2902162.25
Episode 819 return: -4416222.0
Episode: 819, total reward: 2901932.75
each agent reward: 2901932.75
Episode 820 return: -4297375.0
Episode: 820, total reward: 2901932.75
each agent reward: 2901932.75
Episode 821 return: -4138568.5
Episode: 821, total reward: 2901932.75
each agent reward: 2901932.75
Episode 822 return: -4446185.0
Episode: 822, total reward: 2903147.75
each agent reward: 2903147.75
Episode 823 return: -4396162.5
Episode: 823, total reward: 2903147.75
each agent reward: 2903147.75
Episode 824 return: -4228709.5
Episode: 824, total reward: 2903052.75
each agent reward: 2903052.75
Episode 825 return: -4126905.25
Episode: 825, total reward: 2901932.75
each agent reward: 2901932.75
Episode 826 return: -4490577.0
Episode: 826, total reward: 2903096.25
each agent reward: 2903096.25
Episode 827 return: -4208051.5
Episode: 827, total reward: 2903166.5
each agent reward: 2903166.5
Episode 828 return: -4305523.5
Episode: 828, total reward: 2903166.5
each agent reward: 2903166.5
Episode 829 return: -4260600.0
Episode: 829, total reward: 2903166.5
each agent reward: 2903166.5
Episode 830 return: -4168486.25
Episode: 830, total reward: 2903166.5
each agent reward: 2903166.5
Episode 831 return: -4244627.0
Episode: 831, total reward: 2904759.5
each agent reward: 2904759.5
Episode 832 return: -4337361.0
Episode: 832, total reward: 2905162.75
each agent reward: 2905162.75
Episode 833 return: -4074609.75
Episode: 833, total reward: 2903628.25
each agent reward: 2903628.25
Episode 834 return: -4306283.0
Episode: 834, total reward: 2903147.75
each agent reward: 2903147.75
Episode 835 return: -4260101.5
Episode: 835, total reward: 2903147.75
each agent reward: 2903147.75
Episode 836 return: -4231824.0
Episode: 836, total reward: 2892050.75
each agent reward: 2892050.75
Episode 837 return: -4451772.5
Episode: 837, total reward: 2889527.25
each agent reward: 2889527.25
Episode 838 return: -4395019.0
Episode: 838, total reward: 2889527.25
each agent reward: 2889527.25
Episode 839 return: -4205715.0
Episode: 839, total reward: 2889681.75
each agent reward: 2889681.75
Episode 840 return: -4518779.0
Episode: 840, total reward: 2892662.25
each agent reward: 2892662.25
Episode 841 return: -4696794.0
Episode: 841, total reward: 2892662.25
each agent reward: 2892662.25
Episode 842 return: -4590565.0
Episode: 842, total reward: 2892662.25
each agent reward: 2892662.25
Episode 843 return: -4361243.5
Episode: 843, total reward: 2892662.25
each agent reward: 2892662.25
Episode 844 return: -4312561.5
Episode: 844, total reward: 2892662.25
each agent reward: 2892662.25
Episode 845 return: -4360295.0
Episode: 845, total reward: 2893304.25
each agent reward: 2893304.25
Episode 846 return: -4497260.5
Episode: 846, total reward: 2893139.25
each agent reward: 2893139.25
Episode 847 return: -4210199.5
Episode: 847, total reward: 2893570.0
each agent reward: 2893570.0
Episode 848 return: -4709907.0
Episode: 848, total reward: 2892464.5
each agent reward: 2892464.5
Episode 849 return: -4348394.5
Episode: 849, total reward: 2892258.5
each agent reward: 2892258.5
Episode 850 return: -4447515.5
Episode: 850, total reward: 2894589.75
each agent reward: 2894589.75
Episode 851 return: -4144175.75
Episode: 851, total reward: 2892464.5
each agent reward: 2892464.5
Episode 852 return: -4270901.5
Episode: 852, total reward: 2891367.25
each agent reward: 2891367.25
Episode 853 return: -4249288.0
Episode: 853, total reward: 2890871.25
each agent reward: 2890871.25
Episode 854 return: -4449554.5
Episode: 854, total reward: 2890871.25
each agent reward: 2890871.25
Episode 855 return: -4335505.0
Episode: 855, total reward: 2890871.25
each agent reward: 2890871.25
Episode 856 return: -4639636.0
Episode: 856, total reward: 2890871.25
each agent reward: 2890871.25
Episode 857 return: -4261089.5
Episode: 857, total reward: 2891222.75
each agent reward: 2891222.75
Episode 858 return: -4312499.0
Episode: 858, total reward: 2894001.5
each agent reward: 2894001.5
Episode 859 return: -4419590.5
Episode: 859, total reward: 2893697.25
each agent reward: 2893697.25
Episode 860 return: -4613395.5
Episode: 860, total reward: 2893697.25
each agent reward: 2893697.25
Episode 861 return: -4417633.5
Episode: 861, total reward: 2884622.0
each agent reward: 2884622.0
Episode 862 return: -4163149.5
Episode: 862, total reward: 2882346.0
each agent reward: 2882346.0
Episode 863 return: -4121874.75
Episode: 863, total reward: 2879448.75
each agent reward: 2879448.75
Episode 864 return: -3954244.75
Episode: 864, total reward: 2879461.25
each agent reward: 2879461.25
Episode 865 return: -4271283.0
Episode: 865, total reward: 2892464.5
each agent reward: 2892464.5
Episode 866 return: -4282310.0
Episode: 866, total reward: 2891244.25
each agent reward: 2891244.25
Episode 867 return: -4331029.5
Episode: 867, total reward: 2890774.75
each agent reward: 2890774.75
Episode 868 return: -4485209.5
Episode: 868, total reward: 2890774.75
each agent reward: 2890774.75
Episode 869 return: -4027585.5
Episode: 869, total reward: 2890774.75
each agent reward: 2890774.75
Episode 870 return: -4194531.0
Episode: 870, total reward: 2890774.75
each agent reward: 2890774.75
Episode 871 return: -4057391.0
Episode: 871, total reward: 2892050.75
each agent reward: 2892050.75
Episode 872 return: -4617220.5
Episode: 872, total reward: 2892050.75
each agent reward: 2892050.75
Episode 873 return: -4521398.0
Episode: 873, total reward: 2892449.75
each agent reward: 2892449.75
Episode 874 return: -4008318.75
Episode: 874, total reward: 2899008.25
each agent reward: 2899008.25
Episode 875 return: -4229831.5
Episode: 875, total reward: 2900697.75
each agent reward: 2900697.75
Episode 876 return: -4849101.0
Episode: 876, total reward: 2900697.75
each agent reward: 2900697.75
Episode 877 return: -5118664.0
Episode: 877, total reward: 2900348.5
each agent reward: 2900348.5
Episode 878 return: -4197521.5
Episode: 878, total reward: 2899008.25
each agent reward: 2899008.25
Episode 879 return: -4526512.5
Episode: 879, total reward: 2896506.75
each agent reward: 2896506.75
Episode 880 return: -4005414.0
Episode: 880, total reward: 2896506.75
each agent reward: 2896506.75
Episode 881 return: -4608790.5
Episode: 881, total reward: 2897748.0
each agent reward: 2897748.0
Episode 882 return: -4275325.5
Episode: 882, total reward: 2897403.25
each agent reward: 2897403.25
Episode 883 return: -3833551.75
Episode: 883, total reward: 2898099.0
each agent reward: 2898099.0
Episode 884 return: -4005595.75
Episode: 884, total reward: 2897760.5
each agent reward: 2897760.5
Episode 885 return: -4125120.25
Episode: 885, total reward: 2897760.5
each agent reward: 2897760.5
Episode 886 return: -4047636.75
Episode: 886, total reward: 2898099.0
each agent reward: 2898099.0
Episode 887 return: -4293638.5
Episode: 887, total reward: 2896630.75
each agent reward: 2896630.75
Episode 888 return: -4314248.0
Episode: 888, total reward: 2896506.75
each agent reward: 2896506.75
Episode 889 return: -4511895.5
Episode: 889, total reward: 2896506.75
each agent reward: 2896506.75
Episode 890 return: -4306437.0
Episode: 890, total reward: 2906753.5
each agent reward: 2906753.5
Episode 891 return: -4076280.25
Episode: 891, total reward: 2908142.5
each agent reward: 2908142.5
Episode 892 return: -4029587.25
Episode: 892, total reward: 2896506.75
each agent reward: 2896506.75
Episode 893 return: -4472043.0
Episode: 893, total reward: 2899104.5
each agent reward: 2899104.5
Episode 894 return: -4578915.0
Episode: 894, total reward: 2898383.0
each agent reward: 2898383.0
Episode 895 return: -3977016.0
Episode: 895, total reward: 2886656.75
each agent reward: 2886656.75
Episode 896 return: -4322202.5
Episode: 896, total reward: 2888647.5
each agent reward: 2888647.5
Episode 897 return: -4006846.75
Episode: 897, total reward: 2886656.75
each agent reward: 2886656.75
Episode 898 return: -4293410.0
Episode: 898, total reward: 2886656.75
each agent reward: 2886656.75
Episode 899 return: -4357913.0
Episode: 899, total reward: 2886656.75
each agent reward: 2886656.75
Episode 900 return: -4452640.5
Episode: 900, total reward: 2886656.75
each agent reward: 2886656.75
Episode 901 return: -4154083.0
Episode: 901, total reward: 2886656.75
each agent reward: 2886656.75
Episode 902 return: -4162994.0
Episode: 902, total reward: 2886656.75
each agent reward: 2886656.75
Episode 903 return: -4006706.0
Episode: 903, total reward: 2886656.75
each agent reward: 2886656.75
Episode 904 return: -4246850.5
Episode: 904, total reward: 2886656.75
each agent reward: 2886656.75
Episode 905 return: -4467348.0
Episode: 905, total reward: 2886656.75
each agent reward: 2886656.75
Episode 906 return: -4262238.0
Episode: 906, total reward: 2886656.75
each agent reward: 2886656.75
Episode 907 return: -4637974.5
Episode: 907, total reward: 2886656.75
each agent reward: 2886656.75
Episode 908 return: -4260315.0
Episode: 908, total reward: 2884333.25
each agent reward: 2884333.25
Episode 909 return: -4035948.75
Episode: 909, total reward: 2884333.25
each agent reward: 2884333.25
Episode 910 return: -4675749.0
Episode: 910, total reward: 2884333.25
each agent reward: 2884333.25
Episode 911 return: -4128452.75
Episode: 911, total reward: 2885214.0
each agent reward: 2885214.0
Episode 912 return: -4632828.0
Episode: 912, total reward: 2886656.75
each agent reward: 2886656.75
Episode 913 return: -4409559.0
Episode: 913, total reward: 2886656.75
each agent reward: 2886656.75
Episode 914 return: -4170573.25
Episode: 914, total reward: 2886656.75
each agent reward: 2886656.75
Episode 915 return: -4297086.0
Episode: 915, total reward: 2888448.0
each agent reward: 2888448.0
Episode 916 return: -4315485.0
Episode: 916, total reward: 2888448.0
each agent reward: 2888448.0
Episode 917 return: -4107464.0
Episode: 917, total reward: 2886656.75
each agent reward: 2886656.75
Episode 918 return: -4111026.0
Episode: 918, total reward: 2886656.75
each agent reward: 2886656.75
Episode 919 return: -4209242.5
Episode: 919, total reward: 2886656.75
each agent reward: 2886656.75
Episode 920 return: -4258137.0
Episode: 920, total reward: 2886656.75
each agent reward: 2886656.75
Episode 921 return: -3994683.5
Episode: 921, total reward: 2886656.75
each agent reward: 2886656.75
Episode 922 return: -4086862.0
Episode: 922, total reward: 2886656.75
each agent reward: 2886656.75
Episode 923 return: -4436028.5
Episode: 923, total reward: 2886656.75
each agent reward: 2886656.75
Episode 924 return: -4135754.0
Episode: 924, total reward: 2886656.75
each agent reward: 2886656.75
Episode 925 return: -4379721.5
Episode: 925, total reward: 2886656.75
each agent reward: 2886656.75
Episode 926 return: -4302223.5
Episode: 926, total reward: 2886656.75
each agent reward: 2886656.75
Episode 927 return: -4185921.0
Episode: 927, total reward: 2886656.75
each agent reward: 2886656.75
Episode 928 return: -4263837.5
Episode: 928, total reward: 2888327.75
each agent reward: 2888327.75
Episode 929 return: -4150332.0
Episode: 929, total reward: 2888327.75
each agent reward: 2888327.75
Episode 930 return: -4186896.5
Episode: 930, total reward: 2888327.75
each agent reward: 2888327.75
Episode 931 return: -4236926.5
Episode: 931, total reward: 2888828.75
each agent reward: 2888828.75
Episode 932 return: -4042935.25
Episode: 932, total reward: 2887557.75
each agent reward: 2887557.75
Episode 933 return: -4428020.0
Episode: 933, total reward: 2888337.75
each agent reward: 2888337.75
Episode 934 return: -4558101.5
Episode: 934, total reward: 2886656.75
each agent reward: 2886656.75
Episode 935 return: -4392351.0
Episode: 935, total reward: 2886656.75
each agent reward: 2886656.75
Episode 936 return: -4416400.0
Episode: 936, total reward: 2886656.75
each agent reward: 2886656.75
Episode 937 return: -4467051.0
Episode: 937, total reward: 2886656.75
each agent reward: 2886656.75
Episode 938 return: -4325586.0
Episode: 938, total reward: 2886656.75
each agent reward: 2886656.75
Episode 939 return: -4214298.0
Episode: 939, total reward: 2889918.25
each agent reward: 2889918.25
Episode 940 return: -4345925.0
Episode: 940, total reward: 2890426.0
each agent reward: 2890426.0
Episode 941 return: -4328251.5
Episode: 941, total reward: 2885367.5
each agent reward: 2885367.5
Episode 942 return: -4258301.5
Episode: 942, total reward: 2885367.5
each agent reward: 2885367.5
Episode 943 return: -4034861.5
Episode: 943, total reward: 2888268.75
each agent reward: 2888268.75
Episode 944 return: -4607692.0
Episode: 944, total reward: 2888327.75
each agent reward: 2888327.75
Episode 945 return: -4663331.0
Episode: 945, total reward: 2888327.75
each agent reward: 2888327.75
Episode 946 return: -4496499.0
Episode: 946, total reward: 2888327.75
each agent reward: 2888327.75
Episode 947 return: -4237139.0
Episode: 947, total reward: 2888327.75
each agent reward: 2888327.75
Episode 948 return: -4545071.0
Episode: 948, total reward: 2888587.0
each agent reward: 2888587.0
Episode 949 return: -4449735.0
Episode: 949, total reward: 2888327.75
each agent reward: 2888327.75
Episode 950 return: -4334200.0
Episode: 950, total reward: 2888327.75
each agent reward: 2888327.75
Episode 951 return: -4126859.5
Episode: 951, total reward: 2888327.75
each agent reward: 2888327.75
Episode 952 return: -4003362.25
Episode: 952, total reward: 2888327.75
each agent reward: 2888327.75
Episode 953 return: -4201625.5
Episode: 953, total reward: 2888327.75
each agent reward: 2888327.75
Episode 954 return: -4033262.5
Episode: 954, total reward: 2889557.5
each agent reward: 2889557.5
Episode 955 return: -4309733.5
Episode: 955, total reward: 2892986.25
each agent reward: 2892986.25
Episode 956 return: -4425808.0
Episode: 956, total reward: 2893084.5
each agent reward: 2893084.5
Episode 957 return: -4248010.0
Episode: 957, total reward: 2893084.5
each agent reward: 2893084.5
Episode 958 return: -4617008.0
Episode: 958, total reward: 2893084.5
each agent reward: 2893084.5
Episode 959 return: -4270106.0
Episode: 959, total reward: 2893084.5
each agent reward: 2893084.5
Episode 960 return: -4301133.5
Episode: 960, total reward: 2893084.5
each agent reward: 2893084.5
Episode 961 return: -4448176.5
Episode: 961, total reward: 2893084.5
each agent reward: 2893084.5
Episode 962 return: -4674659.5
Episode: 962, total reward: 2893084.5
each agent reward: 2893084.5
Episode 963 return: -4564985.0
Episode: 963, total reward: 2893084.5
each agent reward: 2893084.5
Episode 964 return: -4374797.0
Episode: 964, total reward: 2893084.5
each agent reward: 2893084.5
Episode 965 return: -4148738.25
Episode: 965, total reward: 2893084.5
each agent reward: 2893084.5
Episode 966 return: -4347726.5
Episode: 966, total reward: 2893084.5
each agent reward: 2893084.5
Episode 967 return: -4602609.5
Episode: 967, total reward: 2893084.5
each agent reward: 2893084.5
Episode 968 return: -3916961.5
Episode: 968, total reward: 2893084.5
each agent reward: 2893084.5
Episode 969 return: -4031234.75
Episode: 969, total reward: 2893084.5
each agent reward: 2893084.5
Episode 970 return: -4382657.0
Episode: 970, total reward: 2893084.5
each agent reward: 2893084.5
Episode 971 return: -4208031.5
Episode: 971, total reward: 2893084.5
each agent reward: 2893084.5
Episode 972 return: -3958480.25
Episode: 972, total reward: 2893084.5
each agent reward: 2893084.5
Episode 973 return: -3914599.0
Episode: 973, total reward: 2893084.5
each agent reward: 2893084.5
Episode 974 return: -4379273.0
Episode: 974, total reward: 2893084.5
each agent reward: 2893084.5
Episode 975 return: -4183825.0
Episode: 975, total reward: 2893084.5
each agent reward: 2893084.5
Episode 976 return: -4456893.5
Episode: 976, total reward: 2893084.5
each agent reward: 2893084.5
Episode 977 return: -4468838.5
Episode: 977, total reward: 2893084.5
each agent reward: 2893084.5
Episode 978 return: -4507465.0
Episode: 978, total reward: 2893084.5
each agent reward: 2893084.5
Episode 979 return: -4447727.0
Episode: 979, total reward: 2893084.5
each agent reward: 2893084.5
Episode 980 return: -4270578.0
Episode: 980, total reward: 2893084.5
each agent reward: 2893084.5
Episode 981 return: -4226083.0
Episode: 981, total reward: 2890124.25
each agent reward: 2890124.25
Episode 982 return: -4500416.5
Episode: 982, total reward: 2890124.25
each agent reward: 2890124.25
Episode 983 return: -4471122.5
Episode: 983, total reward: 2893084.5
each agent reward: 2893084.5
Episode 984 return: -4121162.75
Episode: 984, total reward: 2893084.5
each agent reward: 2893084.5
Episode 985 return: -4542593.5
Episode: 985, total reward: 2893084.5
each agent reward: 2893084.5
Episode 986 return: -3871493.75
Episode: 986, total reward: 2893084.5
each agent reward: 2893084.5
Episode 987 return: -4361753.0
Episode: 987, total reward: 2893084.5
each agent reward: 2893084.5
Episode 988 return: -4160190.5
Episode: 988, total reward: 2893084.5
each agent reward: 2893084.5
Episode 989 return: -4468083.5
Episode: 989, total reward: 2893084.5
each agent reward: 2893084.5
Episode 990 return: -4432280.0
Episode: 990, total reward: 2893084.5
each agent reward: 2893084.5
Episode 991 return: -4083811.0
Episode: 991, total reward: 2893084.5
each agent reward: 2893084.5
Episode 992 return: -4480751.0
Episode: 992, total reward: 2893084.5
each agent reward: 2893084.5
Episode 993 return: -4217917.5
Episode: 993, total reward: 2893084.5
each agent reward: 2893084.5
Episode 994 return: -4702125.5
Episode: 994, total reward: 2893084.5
each agent reward: 2893084.5
Episode 995 return: -4329181.5
Episode: 995, total reward: 2893084.5
each agent reward: 2893084.5
Episode 996 return: -3964665.5
Episode: 996, total reward: 2893084.5
each agent reward: 2893084.5
Episode 997 return: -4243411.0
Episode: 997, total reward: 2893084.5
each agent reward: 2893084.5
Episode 998 return: -4477104.5
Episode: 998, total reward: 2893084.5
each agent reward: 2893084.5
Episode 999 return: -4332452.0
Episode: 999, total reward: 2893084.5
each agent reward: 2893084.5
