Episode: -1, total reward: 10253825.0
each agent reward: 10253825.0
Episode: 1, total reward: 3554761.5
each agent reward: 3554761.5
Episode 0 return: -5541661.0
Episode: 0, total reward: 3554761.5
each agent reward: 3554761.5
Episode 1 return: -5319917.0
Episode: 1, total reward: 3554761.5
each agent reward: 3554761.5
Episode 2 return: -5395831.5
Episode: 2, total reward: 3554761.5
each agent reward: 3554761.5
Episode 3 return: -5000791.5
Episode: 3, total reward: 3554761.5
each agent reward: 3554761.5
Episode 4 return: -5146997.5
Episode: 4, total reward: 3554761.5
each agent reward: 3554761.5
Episode 5 return: -5115458.0
Episode: 5, total reward: 3554761.5
each agent reward: 3554761.5
Episode 6 return: -5132490.0
Episode: 6, total reward: 3554761.5
each agent reward: 3554761.5
Episode 7 return: -5016325.5
Episode: 7, total reward: 3554761.5
each agent reward: 3554761.5
Episode 8 return: -4783731.0
Episode: 8, total reward: 3554761.5
each agent reward: 3554761.5
Episode 9 return: -5371318.5
Episode: 9, total reward: 3554761.5
each agent reward: 3554761.5
Episode 10 return: -4916257.5
Episode: 10, total reward: 3554761.5
each agent reward: 3554761.5
Episode 11 return: -5010082.5
Episode: 11, total reward: 3554761.5
each agent reward: 3554761.5
Episode 12 return: -5572658.0
Episode: 12, total reward: 4179626.5
each agent reward: 4179626.5
Episode 13 return: -5518663.0
Episode: 13, total reward: 4179626.5
each agent reward: 4179626.5
Episode 14 return: -5574268.0
Episode: 14, total reward: 4179626.5
each agent reward: 4179626.5
Episode 15 return: -5555010.5
Episode: 15, total reward: 4179626.5
each agent reward: 4179626.5
Episode 16 return: -5430561.5
Episode: 16, total reward: 4179626.5
each agent reward: 4179626.5
Episode 17 return: -5467299.0
Episode: 17, total reward: 4179626.5
each agent reward: 4179626.5
Episode 18 return: -5166075.0
Episode: 18, total reward: 4179626.5
each agent reward: 4179626.5
Episode 19 return: -5469895.0
Episode: 19, total reward: 4179626.5
each agent reward: 4179626.5
Episode 20 return: -5626069.0
Episode: 20, total reward: 4179626.5
each agent reward: 4179626.5
Episode 21 return: -5588860.0
Episode: 21, total reward: 4179626.5
each agent reward: 4179626.5
Episode 22 return: -5526534.0
Episode: 22, total reward: 4179626.5
each agent reward: 4179626.5
Episode 23 return: -5858408.5
Episode: 23, total reward: 4179626.5
each agent reward: 4179626.5
Episode 24 return: -5288636.0
Episode: 24, total reward: 4179626.5
each agent reward: 4179626.5
Episode 25 return: -5429287.5
Episode: 25, total reward: 4179626.5
each agent reward: 4179626.5
Episode 26 return: -5202998.0
Episode: 26, total reward: 4179626.5
each agent reward: 4179626.5
Episode 27 return: -5195909.5
Episode: 27, total reward: 4179626.5
each agent reward: 4179626.5
Episode 28 return: -5233794.0
Episode: 28, total reward: 4179626.5
each agent reward: 4179626.5
Episode 29 return: -5854833.5
Episode: 29, total reward: 4179626.5
each agent reward: 4179626.5
Episode 30 return: -5611148.5
Episode: 30, total reward: 4179626.5
each agent reward: 4179626.5
Episode 31 return: -5516062.5
Episode: 31, total reward: 4179626.5
each agent reward: 4179626.5
Episode 32 return: -5487472.0
Episode: 32, total reward: 4179626.5
each agent reward: 4179626.5
Episode 33 return: -5126777.0
Episode: 33, total reward: 4185164.5
each agent reward: 4185164.5
Episode 34 return: -5170870.0
Episode: 34, total reward: 3532424.75
each agent reward: 3532424.75
Episode 35 return: -4885449.0
Episode: 35, total reward: 3532424.75
each agent reward: 3532424.75
Episode 36 return: -5367363.0
Episode: 36, total reward: 3532424.75
each agent reward: 3532424.75
Episode 37 return: -4974402.0
Episode: 37, total reward: 3532424.75
each agent reward: 3532424.75
Episode 38 return: -4953728.0
Episode: 38, total reward: 3532424.75
each agent reward: 3532424.75
Episode 39 return: -4988117.5
Episode: 39, total reward: 3532424.75
each agent reward: 3532424.75
Episode 40 return: -5077373.5
Episode: 40, total reward: 3532424.75
each agent reward: 3532424.75
Episode 41 return: -5079634.0
Episode: 41, total reward: 3532424.75
each agent reward: 3532424.75
Episode 42 return: -4763820.0
Episode: 42, total reward: 3532424.75
each agent reward: 3532424.75
Episode 43 return: -4959996.0
Episode: 43, total reward: 3532424.75
each agent reward: 3532424.75
Episode 44 return: -5147815.5
Episode: 44, total reward: 3532424.75
each agent reward: 3532424.75
Episode 45 return: -5112611.0
Episode: 45, total reward: 3532424.75
each agent reward: 3532424.75
Episode 46 return: -5153739.5
Episode: 46, total reward: 3532424.75
each agent reward: 3532424.75
Episode 47 return: -5056283.0
Episode: 47, total reward: 3532424.75
each agent reward: 3532424.75
Episode 48 return: -5122106.5
Episode: 48, total reward: 3532424.75
each agent reward: 3532424.75
Episode 49 return: -5221311.5
Episode: 49, total reward: 3532424.75
each agent reward: 3532424.75
Episode 50 return: -5197090.0
Episode: 50, total reward: 3532424.75
each agent reward: 3532424.75
Episode 51 return: -4950996.5
Episode: 51, total reward: 3532424.75
each agent reward: 3532424.75
Episode 52 return: -5176955.5
Episode: 52, total reward: 3532424.75
each agent reward: 3532424.75
Episode 53 return: -5326983.0
Episode: 53, total reward: 3532424.75
each agent reward: 3532424.75
Episode 54 return: -5115130.0
Episode: 54, total reward: 3532424.75
each agent reward: 3532424.75
Episode 55 return: -5428879.0
Episode: 55, total reward: 3532424.75
each agent reward: 3532424.75
Episode 56 return: -4984998.0
Episode: 56, total reward: 3532424.75
each agent reward: 3532424.75
Episode 57 return: -4704988.5
Episode: 57, total reward: 3532424.75
each agent reward: 3532424.75
Episode 58 return: -5354257.0
Episode: 58, total reward: 3532424.75
each agent reward: 3532424.75
Episode 59 return: -5005044.0
Episode: 59, total reward: 3532424.75
each agent reward: 3532424.75
Episode 60 return: -5164293.0
Episode: 60, total reward: 3532424.75
each agent reward: 3532424.75
Episode 61 return: -4969486.0
Episode: 61, total reward: 3550911.5
each agent reward: 3550911.5
Episode 62 return: -5073462.5
Episode: 62, total reward: 3550911.5
each agent reward: 3550911.5
Episode 63 return: -4940951.5
Episode: 63, total reward: 3550911.5
each agent reward: 3550911.5
Episode 64 return: -5096136.0
Episode: 64, total reward: 3550911.5
each agent reward: 3550911.5
Episode 65 return: -5004712.5
Episode: 65, total reward: 3550911.5
each agent reward: 3550911.5
Episode 66 return: -4980246.0
Episode: 66, total reward: 3550911.5
each agent reward: 3550911.5
Episode 67 return: -4903794.5
Episode: 67, total reward: 3550911.5
each agent reward: 3550911.5
Episode 68 return: -5055480.0
Episode: 68, total reward: 3550911.5
each agent reward: 3550911.5
Episode 69 return: -5145026.0
Episode: 69, total reward: 3550911.5
each agent reward: 3550911.5
Episode 70 return: -5282047.5
Episode: 70, total reward: 3550911.5
each agent reward: 3550911.5
Episode 71 return: -4956995.5
Episode: 71, total reward: 3550911.5
each agent reward: 3550911.5
Episode 72 return: -5288320.0
Episode: 72, total reward: 3550911.5
each agent reward: 3550911.5
Episode 73 return: -5260951.0
Episode: 73, total reward: 3550911.5
each agent reward: 3550911.5
Episode 74 return: -5067559.0
Episode: 74, total reward: 3550911.5
each agent reward: 3550911.5
Episode 75 return: -5183134.0
Episode: 75, total reward: 3550911.5
each agent reward: 3550911.5
Episode 76 return: -5075036.0
Episode: 76, total reward: 3550911.5
each agent reward: 3550911.5
Episode 77 return: -5335004.5
Episode: 77, total reward: 3550911.5
each agent reward: 3550911.5
Episode 78 return: -5124896.5
Episode: 78, total reward: 3550911.5
each agent reward: 3550911.5
Episode 79 return: -5182710.5
Episode: 79, total reward: 3550911.5
each agent reward: 3550911.5
Episode 80 return: -4847129.0
Episode: 80, total reward: 3550911.5
each agent reward: 3550911.5
Episode 81 return: -4963717.0
Episode: 81, total reward: 3550911.5
each agent reward: 3550911.5
Episode 82 return: -5019922.0
Episode: 82, total reward: 3550911.5
each agent reward: 3550911.5
Episode 83 return: -5178464.5
Episode: 83, total reward: 3550911.5
each agent reward: 3550911.5
Episode 84 return: -5002027.0
Episode: 84, total reward: 3550911.5
each agent reward: 3550911.5
Episode 85 return: -5176481.0
Episode: 85, total reward: 3550911.5
each agent reward: 3550911.5
Episode 86 return: -5165131.0
Episode: 86, total reward: 3550911.5
each agent reward: 3550911.5
Episode 87 return: -4928075.5
Episode: 87, total reward: 3550911.5
each agent reward: 3550911.5
Episode 88 return: -4901966.5
Episode: 88, total reward: 3550911.5
each agent reward: 3550911.5
Episode 89 return: -5064236.0
Episode: 89, total reward: 3551674.5
each agent reward: 3551674.5
Episode 90 return: -4992599.0
Episode: 90, total reward: 3551674.5
each agent reward: 3551674.5
Episode 91 return: -5395564.0
Episode: 91, total reward: 3553618.0
each agent reward: 3553618.0
Episode 92 return: -4891921.0
Episode: 92, total reward: 3558691.0
each agent reward: 3558691.0
Episode 93 return: -4951521.5
Episode: 93, total reward: 3561961.25
each agent reward: 3561961.25
Episode 94 return: -5279942.5
Episode: 94, total reward: 3562588.0
each agent reward: 3562588.0
Episode 95 return: -5318833.0
Episode: 95, total reward: 3562588.0
each agent reward: 3562588.0
Episode 96 return: -5080676.0
Episode: 96, total reward: 3562770.5
each agent reward: 3562770.5
Episode 97 return: -5410163.0
Episode: 97, total reward: 3560047.0
each agent reward: 3560047.0
Episode 98 return: -4957799.5
Episode: 98, total reward: 3558929.75
each agent reward: 3558929.75
Episode 99 return: -5167895.5
Episode: 99, total reward: 3558929.75
each agent reward: 3558929.75
Episode 100 return: -4790412.5
Episode: 100, total reward: 3558929.75
each agent reward: 3558929.75
Episode 101 return: -4743652.0
Episode: 101, total reward: 3558964.25
each agent reward: 3558964.25
Episode 102 return: -5269428.0
Episode: 102, total reward: 3558708.25
each agent reward: 3558708.25
Episode 103 return: -5410205.5
Episode: 103, total reward: 3558155.5
each agent reward: 3558155.5
Episode 104 return: -5067307.5
Episode: 104, total reward: 3558155.5
each agent reward: 3558155.5
Episode 105 return: -5110124.0
Episode: 105, total reward: 3558155.5
each agent reward: 3558155.5
Episode 106 return: -5099473.0
Episode: 106, total reward: 3557224.0
each agent reward: 3557224.0
Episode 107 return: -5269253.5
Episode: 107, total reward: 3557224.0
each agent reward: 3557224.0
Episode 108 return: -5303977.0
Episode: 108, total reward: 3557224.0
each agent reward: 3557224.0
Episode 109 return: -5807128.5
Episode: 109, total reward: 3557224.0
each agent reward: 3557224.0
Episode 110 return: -5927293.0
Episode: 110, total reward: 3557224.0
each agent reward: 3557224.0
Episode 111 return: -5821228.5
Episode: 111, total reward: 3558155.5
each agent reward: 3558155.5
Episode 112 return: -5141303.0
Episode: 112, total reward: 3558606.5
each agent reward: 3558606.5
Episode 113 return: -5424031.0
Episode: 113, total reward: 3558825.5
each agent reward: 3558825.5
Episode 114 return: -5693793.0
Episode: 114, total reward: 3558825.5
each agent reward: 3558825.5
Episode 115 return: -5860206.5
Episode: 115, total reward: 3558825.5
each agent reward: 3558825.5
Episode 116 return: -5788165.0
Episode: 116, total reward: 3558825.5
each agent reward: 3558825.5
Episode 117 return: -5518251.5
Episode: 117, total reward: 3558825.5
each agent reward: 3558825.5
Episode 118 return: -6025158.5
Episode: 118, total reward: 3558828.0
each agent reward: 3558828.0
Episode 119 return: -5798614.0
Episode: 119, total reward: 3558828.0
each agent reward: 3558828.0
Episode 120 return: -5945366.0
Episode: 120, total reward: 3558828.0
each agent reward: 3558828.0
Episode 121 return: -6427133.5
Episode: 121, total reward: 3559291.5
each agent reward: 3559291.5
Episode 122 return: -6520463.5
Episode: 122, total reward: 3559965.0
each agent reward: 3559965.0
Episode 123 return: -6271014.5
Episode: 123, total reward: 3560966.5
each agent reward: 3560966.5
Episode 124 return: -6486307.0
Episode: 124, total reward: 3561184.75
each agent reward: 3561184.75
Episode 125 return: -7075263.5
Episode: 125, total reward: 3561184.75
each agent reward: 3561184.75
Episode 126 return: -6545871.0
Episode: 126, total reward: 3561184.75
each agent reward: 3561184.75
Episode 127 return: -6746394.0
Episode: 127, total reward: 3561449.75
each agent reward: 3561449.75
Episode 128 return: -6809174.5
Episode: 128, total reward: 3561549.0
each agent reward: 3561549.0
Episode 129 return: -6772894.5
Episode: 129, total reward: 3561889.25
each agent reward: 3561889.25
Episode 130 return: -7996429.5
Episode: 130, total reward: 3561889.25
each agent reward: 3561889.25
Episode 131 return: -7203139.5
Episode: 131, total reward: 3557867.75
each agent reward: 3557867.75
Episode 132 return: -7459783.0
Episode: 132, total reward: 3558223.5
each agent reward: 3558223.5
Episode 133 return: -8013215.0
Episode: 133, total reward: 3557035.5
each agent reward: 3557035.5
Episode 134 return: -7930786.0
Episode: 134, total reward: 3553582.0
each agent reward: 3553582.0
Episode 135 return: -8213539.5
Episode: 135, total reward: 3553582.0
each agent reward: 3553582.0
Episode 136 return: -8035973.0
Episode: 136, total reward: 3583356.75
each agent reward: 3583356.75
Episode 137 return: -8790208.0
Episode: 137, total reward: 3581118.0
each agent reward: 3581118.0
Episode 138 return: -7530552.5
Episode: 138, total reward: 3582561.0
each agent reward: 3582561.0
Episode 139 return: -8285888.0
Episode: 139, total reward: 3581054.25
each agent reward: 3581054.25
Episode 140 return: -8489034.0
Episode: 140, total reward: 3581054.25
each agent reward: 3581054.25
Episode 141 return: -9138644.0
Episode: 141, total reward: 3552164.0
each agent reward: 3552164.0
Episode 142 return: -8346500.5
Episode: 142, total reward: 3494942.75
each agent reward: 3494942.75
Episode 143 return: -9102036.0
Episode: 143, total reward: 3494653.75
each agent reward: 3494653.75
Episode 144 return: -8794444.0
Episode: 144, total reward: 3552148.75
each agent reward: 3552148.75
Episode 145 return: -8506482.0
Episode: 145, total reward: 3552148.75
each agent reward: 3552148.75
Episode 146 return: -8881973.0
Episode: 146, total reward: 3493792.25
each agent reward: 3493792.25
Episode 147 return: -8827422.0
Episode: 147, total reward: 3407862.75
each agent reward: 3407862.75
Episode 148 return: -9015664.0
Episode: 148, total reward: 3371182.0
each agent reward: 3371182.0
Episode 149 return: -9453211.0
Episode: 149, total reward: 3371894.25
each agent reward: 3371894.25
Episode 150 return: -8884041.0
Episode: 150, total reward: 3371894.25
each agent reward: 3371894.25
Episode 151 return: -9031539.0
Episode: 151, total reward: 3226510.75
each agent reward: 3226510.75
Episode 152 return: -9438136.0
Episode: 152, total reward: 3242287.25
each agent reward: 3242287.25
Episode 153 return: -9148554.0
Episode: 153, total reward: 3185103.75
each agent reward: 3185103.75
Episode 154 return: -8655424.0
Episode: 154, total reward: 3206746.75
each agent reward: 3206746.75
Episode 155 return: -9258714.0
Episode: 155, total reward: 3206746.75
each agent reward: 3206746.75
Episode 156 return: -9007209.0
Episode: 156, total reward: 3206098.25
each agent reward: 3206098.25
Episode 157 return: -9563022.0
Episode: 157, total reward: 3257467.0
each agent reward: 3257467.0
Episode 158 return: -10013814.0
Episode: 158, total reward: 3203773.25
each agent reward: 3203773.25
Episode 159 return: -9402002.0
Episode: 159, total reward: 3202762.0
each agent reward: 3202762.0
Episode 160 return: -9648690.0
Episode: 160, total reward: 3202762.0
each agent reward: 3202762.0
Episode 161 return: -9049914.0
Episode: 161, total reward: 3124141.75
each agent reward: 3124141.75
Episode 162 return: -9546510.0
Episode: 162, total reward: 3070726.75
each agent reward: 3070726.75
Episode 163 return: -9686571.0
Episode: 163, total reward: 3009863.5
each agent reward: 3009863.5
Episode 164 return: -9448654.0
Episode: 164, total reward: 3038059.75
each agent reward: 3038059.75
Episode 165 return: -9231098.0
Episode: 165, total reward: 3038059.75
each agent reward: 3038059.75
Episode 166 return: -9100635.0
Episode: 166, total reward: 3067729.75
each agent reward: 3067729.75
Episode 167 return: -8585783.0
Episode: 167, total reward: 3007131.75
each agent reward: 3007131.75
Episode 168 return: -10304020.0
Episode: 168, total reward: 3006978.25
each agent reward: 3006978.25
Episode 169 return: -9582987.0
Episode: 169, total reward: 2986014.25
each agent reward: 2986014.25
Episode 170 return: -8651062.0
Episode: 170, total reward: 2986014.25
each agent reward: 2986014.25
Episode 171 return: -8995409.0
Episode: 171, total reward: 2927509.5
each agent reward: 2927509.5
Episode 172 return: -9462779.0
Episode: 172, total reward: 2925833.5
each agent reward: 2925833.5
Episode 173 return: -9954926.0
Episode: 173, total reward: 2895672.5
each agent reward: 2895672.5
Episode 174 return: -9789426.0
Episode: 174, total reward: 2896485.25
each agent reward: 2896485.25
Episode 175 return: -9386491.0
Episode: 175, total reward: 2896485.25
each agent reward: 2896485.25
Episode 176 return: -9343342.0
Episode: 176, total reward: 2896402.25
each agent reward: 2896402.25
Episode 177 return: -9157085.0
Episode: 177, total reward: 2892547.0
each agent reward: 2892547.0
Episode 178 return: -8955259.0
Episode: 178, total reward: 2921973.0
each agent reward: 2921973.0
Episode 179 return: -8725454.0
Episode: 179, total reward: 2893457.5
each agent reward: 2893457.5
Episode 180 return: -8846193.0
Episode: 180, total reward: 2893457.5
each agent reward: 2893457.5
Episode 181 return: -9568030.0
Episode: 181, total reward: 2895074.0
each agent reward: 2895074.0
Episode 182 return: -9738095.0
Episode: 182, total reward: 2951307.75
each agent reward: 2951307.75
Episode 183 return: -9412319.0
Episode: 183, total reward: 2894881.0
each agent reward: 2894881.0
Episode 184 return: -9341549.0
Episode: 184, total reward: 2889280.75
each agent reward: 2889280.75
Episode 185 return: -9989135.0
Episode: 185, total reward: 2889280.75
each agent reward: 2889280.75
Episode 186 return: -9540309.0
Episode: 186, total reward: 2890520.5
each agent reward: 2890520.5
Episode 187 return: -9057226.0
Episode: 187, total reward: 3028926.5
each agent reward: 3028926.5
Episode 188 return: -9142245.0
Episode: 188, total reward: 3035105.0
each agent reward: 3035105.0
Episode 189 return: -8777469.0
Episode: 189, total reward: 3031124.75
each agent reward: 3031124.75
Episode 190 return: -9193260.0
Episode: 190, total reward: 3031124.75
each agent reward: 3031124.75
Episode 191 return: -8959369.0
Episode: 191, total reward: 3031089.75
each agent reward: 3031089.75
Episode 192 return: -8984268.0
Episode: 192, total reward: 3029943.0
each agent reward: 3029943.0
Episode 193 return: -8948170.0
Episode: 193, total reward: 3009417.5
each agent reward: 3009417.5
Episode 194 return: -9575295.0
Episode: 194, total reward: 3039307.25
each agent reward: 3039307.25
Episode 195 return: -8543733.0
Episode: 195, total reward: 3039307.25
each agent reward: 3039307.25
Episode 196 return: -8854469.0
Episode: 196, total reward: 3007037.25
each agent reward: 3007037.25
Episode 197 return: -9571517.0
Episode: 197, total reward: 3011686.75
each agent reward: 3011686.75
Episode 198 return: -8716569.0
Episode: 198, total reward: 3013678.0
each agent reward: 3013678.0
Episode 199 return: -9383552.0
Episode: 199, total reward: 3019372.5
each agent reward: 3019372.5
Episode 200 return: -9943710.0
Episode: 200, total reward: 3019372.5
each agent reward: 3019372.5
Episode 201 return: -9318181.0
Episode: 201, total reward: 3025662.75
each agent reward: 3025662.75
Episode 202 return: -9394869.0
Episode: 202, total reward: 2969414.75
each agent reward: 2969414.75
Episode 203 return: -8670984.0
Episode: 203, total reward: 3023522.5
each agent reward: 3023522.5
Episode 204 return: -8885034.0
Episode: 204, total reward: 2997559.0
each agent reward: 2997559.0
Episode 205 return: -8994149.0
Episode: 205, total reward: 2997559.0
each agent reward: 2997559.0
Episode 206 return: -9425002.0
Episode: 206, total reward: 3022852.5
each agent reward: 3022852.5
Episode 207 return: -9802055.0
Episode: 207, total reward: 3020183.5
each agent reward: 3020183.5
Episode 208 return: -8959341.0
Episode: 208, total reward: 3015555.5
each agent reward: 3015555.5
Episode 209 return: -9374596.0
Episode: 209, total reward: 2990855.0
each agent reward: 2990855.0
Episode 210 return: -8952168.0
Episode: 210, total reward: 2990855.0
each agent reward: 2990855.0
Episode 211 return: -9197282.0
Episode: 211, total reward: 3017445.5
each agent reward: 3017445.5
Episode 212 return: -9045031.0
Episode: 212, total reward: 3013717.5
each agent reward: 3013717.5
Episode 213 return: -9433551.0
Episode: 213, total reward: 3125271.5
each agent reward: 3125271.5
Episode 214 return: -8709108.0
Episode: 214, total reward: 3096452.25
each agent reward: 3096452.25
Episode 215 return: -9146187.0
Episode: 215, total reward: 3096452.25
each agent reward: 3096452.25
Episode 216 return: -9670148.0
Episode: 216, total reward: 3039362.75
each agent reward: 3039362.75
Episode 217 return: -9693147.0
Episode: 217, total reward: 2958160.25
each agent reward: 2958160.25
Episode 218 return: -9420174.0
Episode: 218, total reward: 2926669.0
each agent reward: 2926669.0
Episode 219 return: -9396925.0
Episode: 219, total reward: 2902055.0
each agent reward: 2902055.0
Episode 220 return: -8723469.0
Episode: 220, total reward: 2902055.0
each agent reward: 2902055.0
Episode 221 return: -9330945.0
Episode: 221, total reward: 3008558.0
each agent reward: 3008558.0
Episode 222 return: -8853365.0
Episode: 222, total reward: 2986115.25
each agent reward: 2986115.25
Episode 223 return: -9283814.0
Episode: 223, total reward: 2986699.75
each agent reward: 2986699.75
Episode 224 return: -9341450.0
Episode: 224, total reward: 3018203.25
each agent reward: 3018203.25
Episode 225 return: -9230337.0
Episode: 225, total reward: 3018203.25
each agent reward: 3018203.25
Episode 226 return: -9151847.0
Episode: 226, total reward: 3074100.0
each agent reward: 3074100.0
Episode 227 return: -8694336.0
Episode: 227, total reward: 3101166.25
each agent reward: 3101166.25
Episode 228 return: -8733790.0
Episode: 228, total reward: 3040316.0
each agent reward: 3040316.0
Episode 229 return: -9207321.0
Episode: 229, total reward: 3131787.75
each agent reward: 3131787.75
Episode 230 return: -8926630.0
Episode: 230, total reward: 3131787.75
each agent reward: 3131787.75
Episode 231 return: -8808280.0
Episode: 231, total reward: 3131128.0
each agent reward: 3131128.0
Episode 232 return: -8783669.0
Episode: 232, total reward: 3217082.0
each agent reward: 3217082.0
Episode 233 return: -8922565.0
Episode: 233, total reward: 3272518.25
each agent reward: 3272518.25
Episode 234 return: -8887200.0
Episode: 234, total reward: 3357040.5
each agent reward: 3357040.5
Episode 235 return: -8936867.0
Episode: 235, total reward: 3357040.5
each agent reward: 3357040.5
Episode 236 return: -9638050.0
Episode: 236, total reward: 3417372.75
each agent reward: 3417372.75
Episode 237 return: -8805909.0
Episode: 237, total reward: 3358820.5
each agent reward: 3358820.5
Episode 238 return: -8567342.0
Episode: 238, total reward: 3361979.0
each agent reward: 3361979.0
Episode 239 return: -9938094.0
Episode: 239, total reward: 3309857.25
each agent reward: 3309857.25
Episode 240 return: -8879694.0
Episode: 240, total reward: 3309857.25
each agent reward: 3309857.25
Episode 241 return: -9273600.0
Episode: 241, total reward: 3370007.5
each agent reward: 3370007.5
Episode 242 return: -8738927.0
Episode: 242, total reward: 3372404.75
each agent reward: 3372404.75
Episode 243 return: -9164648.0
Episode: 243, total reward: 3484045.75
each agent reward: 3484045.75
Episode 244 return: -9482831.0
Episode: 244, total reward: 3567901.0
each agent reward: 3567901.0
Episode 245 return: -8950864.0
Episode: 245, total reward: 3567901.0
each agent reward: 3567901.0
Episode 246 return: -9421869.0
Episode: 246, total reward: 3748238.75
each agent reward: 3748238.75
Episode 247 return: -9177282.0
Episode: 247, total reward: 3754325.5
each agent reward: 3754325.5
Episode 248 return: -8623975.0
Episode: 248, total reward: 3676216.5
each agent reward: 3676216.5
Episode 249 return: -9706194.0
Episode: 249, total reward: 3669285.25
each agent reward: 3669285.25
Episode 250 return: -8947634.0
Episode: 250, total reward: 3669285.25
each agent reward: 3669285.25
Episode 251 return: -8654260.0
Episode: 251, total reward: 3564505.0
each agent reward: 3564505.0
Episode 252 return: -9259484.0
Episode: 252, total reward: 3484269.5
each agent reward: 3484269.5
Episode 253 return: -9231092.0
Episode: 253, total reward: 3398129.0
each agent reward: 3398129.0
Episode 254 return: -8777163.0
Episode: 254, total reward: 3209357.5
each agent reward: 3209357.5
Episode 255 return: -8633520.0
Episode: 255, total reward: 3209357.5
each agent reward: 3209357.5
Episode 256 return: -8841219.0
Episode: 256, total reward: 3219087.5
each agent reward: 3219087.5
Episode 257 return: -8934417.0
Episode: 257, total reward: 3250003.5
each agent reward: 3250003.5
Episode 258 return: -9639960.0
Episode: 258, total reward: 3332396.5
each agent reward: 3332396.5
Episode 259 return: -9276270.0
Episode: 259, total reward: 3359260.25
each agent reward: 3359260.25
Episode 260 return: -9614445.0
Episode: 260, total reward: 3359260.25
each agent reward: 3359260.25
Episode 261 return: -8914839.0
Episode: 261, total reward: 3331808.75
each agent reward: 3331808.75
Episode 262 return: -9138473.0
Episode: 262, total reward: 3410216.75
each agent reward: 3410216.75
Episode 263 return: -9339049.0
Episode: 263, total reward: 3381819.25
each agent reward: 3381819.25
Episode 264 return: -9369202.0
Episode: 264, total reward: 3439734.75
each agent reward: 3439734.75
Episode 265 return: -8685944.0
Episode: 265, total reward: 3439734.75
each agent reward: 3439734.75
Episode 266 return: -9166622.0
Episode: 266, total reward: 3518063.25
each agent reward: 3518063.25
Episode 267 return: -9416101.0
Episode: 267, total reward: 3649100.5
each agent reward: 3649100.5
Episode 268 return: -9235977.0
Episode: 268, total reward: 3677393.25
each agent reward: 3677393.25
Episode 269 return: -9871506.0
Episode: 269, total reward: 3594674.25
each agent reward: 3594674.25
Episode 270 return: -8994240.0
Episode: 270, total reward: 3594674.25
each agent reward: 3594674.25
Episode 271 return: -9320989.0
Episode: 271, total reward: 3567955.0
each agent reward: 3567955.0
Episode 272 return: -9326089.0
Episode: 272, total reward: 3390345.75
each agent reward: 3390345.75
Episode 273 return: -8465430.0
Episode: 273, total reward: 3335769.75
each agent reward: 3335769.75
Episode 274 return: -9247120.0
Episode: 274, total reward: 3283310.25
each agent reward: 3283310.25
Episode 275 return: -8841229.0
Episode: 275, total reward: 3283310.25
each agent reward: 3283310.25
Episode 276 return: -9293609.0
Episode: 276, total reward: 3197608.5
each agent reward: 3197608.5
Episode 277 return: -9397771.0
Episode: 277, total reward: 3190712.25
each agent reward: 3190712.25
Episode 278 return: -8916788.0
Episode: 278, total reward: 3130661.0
each agent reward: 3130661.0
Episode 279 return: -8910672.0
Episode: 279, total reward: 3274844.5
each agent reward: 3274844.5
Episode 280 return: -9704301.0
Episode: 280, total reward: 3274844.5
each agent reward: 3274844.5
Episode 281 return: -8490273.0
Episode: 281, total reward: 3320399.0
each agent reward: 3320399.0
Episode 282 return: -8713974.0
Episode: 282, total reward: 4052344.5
each agent reward: 4052344.5
Episode 283 return: -9310624.0
Episode: 283, total reward: 3347179.0
each agent reward: 3347179.0
Episode 284 return: -9055348.0
Episode: 284, total reward: 4073950.75
each agent reward: 4073950.75
Episode 285 return: -8518024.0
Episode: 285, total reward: 4073950.75
each agent reward: 4073950.75
Episode 286 return: -9157823.0
Episode: 286, total reward: 3410535.0
each agent reward: 3410535.0
Episode 287 return: -8970597.0
Episode: 287, total reward: 3350354.0
each agent reward: 3350354.0
Episode 288 return: -8437438.0
Episode: 288, total reward: 3239368.5
each agent reward: 3239368.5
Episode 289 return: -8724989.0
Episode: 289, total reward: 3132188.5
each agent reward: 3132188.5
Episode 290 return: -9004208.0
Episode: 290, total reward: 3132188.5
each agent reward: 3132188.5
Episode 291 return: -8118407.0
Episode: 291, total reward: 3273462.25
each agent reward: 3273462.25
Episode 292 return: -9345777.0
Episode: 292, total reward: 3276243.25
each agent reward: 3276243.25
Episode 293 return: -9097670.0
Episode: 293, total reward: 3363943.0
each agent reward: 3363943.0
Episode 294 return: -9482751.0
Episode: 294, total reward: 3543298.25
each agent reward: 3543298.25
Episode 295 return: -9070131.0
Episode: 295, total reward: 3543298.25
each agent reward: 3543298.25
Episode 296 return: -9057923.0
Episode: 296, total reward: 3654600.0
each agent reward: 3654600.0
Episode 297 return: -9547490.0
Episode: 297, total reward: 4500367.5
each agent reward: 4500367.5
Episode 298 return: -9211402.0
Episode: 298, total reward: 4634053.5
each agent reward: 4634053.5
Episode 299 return: -8798693.0
Episode: 299, total reward: 3977730.75
each agent reward: 3977730.75
Episode 300 return: -8325871.0
Episode: 300, total reward: 3977730.75
each agent reward: 3977730.75
Episode 301 return: -8381757.5
Episode: 301, total reward: 3987321.25
each agent reward: 3987321.25
Episode 302 return: -9469535.0
Episode: 302, total reward: 3853222.75
each agent reward: 3853222.75
Episode 303 return: -8647988.0
Episode: 303, total reward: 3826071.25
each agent reward: 3826071.25
Episode 304 return: -8108083.5
Episode: 304, total reward: 3645324.0
each agent reward: 3645324.0
Episode 305 return: -8783913.0
Episode: 305, total reward: 3645324.0
each agent reward: 3645324.0
Episode 306 return: -8996186.0
Episode: 306, total reward: 3567703.25
each agent reward: 3567703.25
Episode 307 return: -8908901.0
Episode: 307, total reward: 3380584.75
each agent reward: 3380584.75
Episode 308 return: -8412899.0
Episode: 308, total reward: 3236722.25
each agent reward: 3236722.25
Episode 309 return: -8256760.5
Episode: 309, total reward: 3116982.5
each agent reward: 3116982.5
Episode 310 return: -8573657.0
Episode: 310, total reward: 3116982.5
each agent reward: 3116982.5
Episode 311 return: -8759419.0
Episode: 311, total reward: 3023825.0
each agent reward: 3023825.0
Episode 312 return: -9506216.0
Episode: 312, total reward: 3021666.5
each agent reward: 3021666.5
Episode 313 return: -8758050.0
Episode: 313, total reward: 3156369.25
each agent reward: 3156369.25
Episode 314 return: -8397685.0
Episode: 314, total reward: 3162623.0
each agent reward: 3162623.0
Episode 315 return: -8574462.0
Episode: 315, total reward: 3162623.0
each agent reward: 3162623.0
Episode 316 return: -9482086.0
Episode: 316, total reward: 3102394.5
each agent reward: 3102394.5
Episode 317 return: -9138395.0
Episode: 317, total reward: 3078357.5
each agent reward: 3078357.5
Episode 318 return: -9022870.0
Episode: 318, total reward: 3014374.5
each agent reward: 3014374.5
Episode 319 return: -8250228.0
Episode: 319, total reward: 3020709.75
each agent reward: 3020709.75
Episode 320 return: -8747712.0
Episode: 320, total reward: 3020709.75
each agent reward: 3020709.75
Episode 321 return: -8456672.0
Episode: 321, total reward: 2988923.75
each agent reward: 2988923.75
Episode 322 return: -8927595.0
Episode: 322, total reward: 2957472.25
each agent reward: 2957472.25
Episode 323 return: -8810183.0
Episode: 323, total reward: 2897209.75
each agent reward: 2897209.75
Episode 324 return: -8282872.0
Episode: 324, total reward: 2890254.0
each agent reward: 2890254.0
Episode 325 return: -9131110.0
Episode: 325, total reward: 2890254.0
each agent reward: 2890254.0
Episode 326 return: -8438027.0
Episode: 326, total reward: 2886300.75
each agent reward: 2886300.75
Episode 327 return: -9305091.0
Episode: 327, total reward: 2864455.75
each agent reward: 2864455.75
Episode 328 return: -8792833.0
Episode: 328, total reward: 2862812.75
each agent reward: 2862812.75
Episode 329 return: -9242733.0
Episode: 329, total reward: 2863505.75
each agent reward: 2863505.75
Episode 330 return: -7845343.0
Episode: 330, total reward: 2863505.75
each agent reward: 2863505.75
Episode 331 return: -8565766.0
Episode: 331, total reward: 2858330.25
each agent reward: 2858330.25
Episode 332 return: -8175586.0
Episode: 332, total reward: 2859858.0
each agent reward: 2859858.0
Episode 333 return: -8312094.5
Episode: 333, total reward: 2861993.0
each agent reward: 2861993.0
Episode 334 return: -8736841.0
Episode: 334, total reward: 2859172.5
each agent reward: 2859172.5
Episode 335 return: -8262624.5
Episode: 335, total reward: 2859172.5
each agent reward: 2859172.5
Episode 336 return: -8470470.0
Episode: 336, total reward: 2861095.75
each agent reward: 2861095.75
Episode 337 return: -8352772.5
Episode: 337, total reward: 2888528.75
each agent reward: 2888528.75
Episode 338 return: -8854763.0
Episode: 338, total reward: 2886990.75
each agent reward: 2886990.75
Episode 339 return: -8533320.0
Episode: 339, total reward: 2856145.5
each agent reward: 2856145.5
Episode 340 return: -8060527.0
Episode: 340, total reward: 2856145.5
each agent reward: 2856145.5
Episode 341 return: -8867065.0
Episode: 341, total reward: 2879512.75
each agent reward: 2879512.75
Episode 342 return: -8435497.0
Episode: 342, total reward: 2878423.25
each agent reward: 2878423.25
Episode 343 return: -8141340.0
Episode: 343, total reward: 2878149.5
each agent reward: 2878149.5
Episode 344 return: -8550984.0
Episode: 344, total reward: 2874739.5
each agent reward: 2874739.5
Episode 345 return: -8618823.0
Episode: 345, total reward: 2874739.5
each agent reward: 2874739.5
Episode 346 return: -9267110.0
Episode: 346, total reward: 2879129.25
each agent reward: 2879129.25
Episode 347 return: -8785366.0
Episode: 347, total reward: 3754016.75
each agent reward: 3754016.75
Episode 348 return: -7817218.5
Episode: 348, total reward: 3781995.5
each agent reward: 3781995.5
Episode 349 return: -8425851.0
Episode: 349, total reward: 4659741.5
each agent reward: 4659741.5
Episode 350 return: -8379017.5
Episode: 350, total reward: 4659741.5
each agent reward: 4659741.5
Episode 351 return: -8148644.0
Episode: 351, total reward: 4652560.0
each agent reward: 4652560.0
Episode 352 return: -8131490.5
Episode: 352, total reward: 4637159.5
each agent reward: 4637159.5
Episode 353 return: -8373598.0
Episode: 353, total reward: 3888206.5
each agent reward: 3888206.5
Episode 354 return: -8690010.0
Episode: 354, total reward: 3857923.0
each agent reward: 3857923.0
Episode 355 return: -8677911.0
Episode: 355, total reward: 3857923.0
each agent reward: 3857923.0
Episode 356 return: -8707836.0
Episode: 356, total reward: 3801046.75
each agent reward: 3801046.75
Episode 357 return: -8374907.0
Episode: 357, total reward: 3749422.0
each agent reward: 3749422.0
Episode 358 return: -8706315.0
Episode: 358, total reward: 3720865.0
each agent reward: 3720865.0
Episode 359 return: -8563128.0
Episode: 359, total reward: 3749614.25
each agent reward: 3749614.25
Episode 360 return: -8559414.0
Episode: 360, total reward: 3749614.25
each agent reward: 3749614.25
Episode 361 return: -8248417.5
Episode: 361, total reward: 3721099.5
each agent reward: 3721099.5
Episode 362 return: -7998138.0
Episode: 362, total reward: 3694053.0
each agent reward: 3694053.0
Episode 363 return: -7858545.5
Episode: 363, total reward: 3722270.25
each agent reward: 3722270.25
Episode 364 return: -8179753.0
Episode: 364, total reward: 3723081.5
each agent reward: 3723081.5
Episode 365 return: -7792409.0
Episode: 365, total reward: 3723081.5
each agent reward: 3723081.5
Episode 366 return: -8318066.0
Episode: 366, total reward: 3751825.0
each agent reward: 3751825.0
Episode 367 return: -8409015.0
Episode: 367, total reward: 2987854.25
each agent reward: 2987854.25
Episode 368 return: -7990078.0
Episode: 368, total reward: 3015325.0
each agent reward: 3015325.0
Episode 369 return: -8550918.0
Episode: 369, total reward: 3021982.75
each agent reward: 3021982.75
Episode 370 return: -8209019.0
Episode: 370, total reward: 3021982.75
each agent reward: 3021982.75
Episode 371 return: -8571064.0
Episode: 371, total reward: 3053449.0
each agent reward: 3053449.0
Episode 372 return: -8045409.0
Episode: 372, total reward: 3056648.25
each agent reward: 3056648.25
Episode 373 return: -8643568.0
Episode: 373, total reward: 3083139.75
each agent reward: 3083139.75
Episode 374 return: -7938377.0
Episode: 374, total reward: 3082310.0
each agent reward: 3082310.0
Episode 375 return: -8386754.0
Episode: 375, total reward: 3082310.0
each agent reward: 3082310.0
Episode 376 return: -7803990.0
Episode: 376, total reward: 3079883.75
each agent reward: 3079883.75
Episode 377 return: -7683746.0
Episode: 377, total reward: 3075120.0
each agent reward: 3075120.0
Episode 378 return: -8584487.0
Episode: 378, total reward: 3076898.0
each agent reward: 3076898.0
Episode 379 return: -8124074.0
Episode: 379, total reward: 3075311.5
each agent reward: 3075311.5
Episode 380 return: -7317085.0
Episode: 380, total reward: 3075311.5
each agent reward: 3075311.5
Episode 381 return: -7815811.0
Episode: 381, total reward: 3046548.25
each agent reward: 3046548.25
Episode 382 return: -8199872.5
Episode: 382, total reward: 3048376.75
each agent reward: 3048376.75
Episode 383 return: -7338064.5
Episode: 383, total reward: 3017523.0
each agent reward: 3017523.0
Episode 384 return: -8001506.0
Episode: 384, total reward: 3018933.5
each agent reward: 3018933.5
Episode 385 return: -7510334.5
Episode: 385, total reward: 3018933.5
each agent reward: 3018933.5
Episode 386 return: -7661135.5
Episode: 386, total reward: 3019417.0
each agent reward: 3019417.0
Episode 387 return: -7846480.5
Episode: 387, total reward: 3018176.0
each agent reward: 3018176.0
Episode 388 return: -7456632.5
Episode: 388, total reward: 3012048.75
each agent reward: 3012048.75
Episode 389 return: -7805902.0
Episode: 389, total reward: 3001709.5
each agent reward: 3001709.5
Episode 390 return: -8173249.5
Episode: 390, total reward: 3001709.5
each agent reward: 3001709.5
Episode 391 return: -8235492.0
Episode: 391, total reward: 3765040.25
each agent reward: 3765040.25
Episode 392 return: -7886861.5
Episode: 392, total reward: 3784437.5
each agent reward: 3784437.5
Episode 393 return: -7759079.5
Episode: 393, total reward: 3786356.5
each agent reward: 3786356.5
Episode 394 return: -7668808.5
Episode: 394, total reward: 3799888.75
each agent reward: 3799888.75
Episode 395 return: -7684749.0
Episode: 395, total reward: 3799888.75
each agent reward: 3799888.75
Episode 396 return: -7377414.0
Episode: 396, total reward: 4603344.0
each agent reward: 4603344.0
Episode 397 return: -7701944.0
Episode: 397, total reward: 4593209.0
each agent reward: 4593209.0
Episode 398 return: -7050161.5
Episode: 398, total reward: 3757032.0
each agent reward: 3757032.0
Episode 399 return: -7808641.0
Episode: 399, total reward: 3757408.75
each agent reward: 3757408.75
Episode 400 return: -7990592.5
Episode: 400, total reward: 3757408.75
each agent reward: 3757408.75
Episode 401 return: -8545940.0
Episode: 401, total reward: 3730177.75
each agent reward: 3730177.75
Episode 402 return: -8398040.0
Episode: 402, total reward: 3732645.0
each agent reward: 3732645.0
Episode 403 return: -8269755.0
Episode: 403, total reward: 4459621.0
each agent reward: 4459621.0
Episode 404 return: -8267950.5
Episode: 404, total reward: 4374490.0
each agent reward: 4374490.0
Episode 405 return: -8437884.0
Episode: 405, total reward: 4374490.0
each agent reward: 4374490.0
Episode 406 return: -8320293.0
Episode: 406, total reward: 3598526.75
each agent reward: 3598526.75
Episode 407 return: -8303881.0
Episode: 407, total reward: 3569773.0
each agent reward: 3569773.0
Episode 408 return: -7801844.5
Episode: 408, total reward: 3577184.25
each agent reward: 3577184.25
Episode 409 return: -8071407.0
Episode: 409, total reward: 3744745.5
each agent reward: 3744745.5
Episode 410 return: -8159942.0
Episode: 410, total reward: 3744745.5
each agent reward: 3744745.5
Episode 411 return: -8211309.5
Episode: 411, total reward: 3772810.75
each agent reward: 3772810.75
Episode 412 return: -8294708.0
Episode: 412, total reward: 3772984.25
each agent reward: 3772984.25
Episode 413 return: -7887343.5
Episode: 413, total reward: 4506056.5
each agent reward: 4506056.5
Episode 414 return: -8007161.5
Episode: 414, total reward: 4482312.5
each agent reward: 4482312.5
Episode 415 return: -7926710.0
Episode: 415, total reward: 4482312.5
each agent reward: 4482312.5
Episode 416 return: -7899775.5
Episode: 416, total reward: 4424077.5
each agent reward: 4424077.5
Episode 417 return: -7744673.0
Episode: 417, total reward: 3614432.5
each agent reward: 3614432.5
Episode 418 return: -7489059.0
Episode: 418, total reward: 4418569.5
each agent reward: 4418569.5
Episode 419 return: -8002860.5
Episode: 419, total reward: 4395528.5
each agent reward: 4395528.5
Episode 420 return: -7357787.0
Episode: 420, total reward: 4395528.5
each agent reward: 4395528.5
Episode 421 return: -8185234.5
Episode: 421, total reward: 3612985.0
each agent reward: 3612985.0
Episode 422 return: -7398419.0
Episode: 422, total reward: 3610876.0
each agent reward: 3610876.0
Episode 423 return: -7944697.0
Episode: 423, total reward: 3609310.25
each agent reward: 3609310.25
Episode 424 return: -8241002.5
Episode: 424, total reward: 3604549.5
each agent reward: 3604549.5
Episode 425 return: -7645966.0
Episode: 425, total reward: 3604549.5
each agent reward: 3604549.5
Episode 426 return: -8035568.5
Episode: 426, total reward: 3606974.0
each agent reward: 3606974.0
Episode 427 return: -7499631.0
Episode: 427, total reward: 3607028.25
each agent reward: 3607028.25
Episode 428 return: -7742331.5
Episode: 428, total reward: 2848701.5
each agent reward: 2848701.5
Episode 429 return: -7915208.0
Episode: 429, total reward: 2847021.25
each agent reward: 2847021.25
Episode 430 return: -7585840.5
Episode: 430, total reward: 2847021.25
each agent reward: 2847021.25
Episode 431 return: -8053565.0
Episode: 431, total reward: 3610735.5
each agent reward: 3610735.5
Episode 432 return: -7630310.5
Episode: 432, total reward: 3650985.5
each agent reward: 3650985.5
Episode 433 return: -8289282.0
Episode: 433, total reward: 3671710.5
each agent reward: 3671710.5
Episode 434 return: -8169487.0
Episode: 434, total reward: 2855639.5
each agent reward: 2855639.5
Episode 435 return: -7544887.5
Episode: 435, total reward: 2855639.5
each agent reward: 2855639.5
Episode 436 return: -7867850.0
Episode: 436, total reward: 2856678.25
each agent reward: 2856678.25
Episode 437 return: -7983498.0
Episode: 437, total reward: 2857212.0
each agent reward: 2857212.0
Episode 438 return: -7892988.5
Episode: 438, total reward: 2858281.0
each agent reward: 2858281.0
Episode 439 return: -8326362.0
Episode: 439, total reward: 2860114.0
each agent reward: 2860114.0
Episode 440 return: -7801189.0
Episode: 440, total reward: 2860114.0
each agent reward: 2860114.0
Episode 441 return: -7928188.0
Episode: 441, total reward: 2854742.25
each agent reward: 2854742.25
Episode 442 return: -7656511.5
Episode: 442, total reward: 2858267.25
each agent reward: 2858267.25
Episode 443 return: -7736758.5
Episode: 443, total reward: 2861167.0
each agent reward: 2861167.0
Episode 444 return: -8159202.0
Episode: 444, total reward: 2866036.75
each agent reward: 2866036.75
Episode 445 return: -7841351.0
Episode: 445, total reward: 2866036.75
each agent reward: 2866036.75
Episode 446 return: -7961006.5
Episode: 446, total reward: 2945857.0
each agent reward: 2945857.0
Episode 447 return: -8331818.0
Episode: 447, total reward: 2945490.0
each agent reward: 2945490.0
Episode 448 return: -8156127.0
Episode: 448, total reward: 2947714.25
each agent reward: 2947714.25
Episode 449 return: -7979473.5
Episode: 449, total reward: 2949211.0
each agent reward: 2949211.0
Episode 450 return: -7535662.0
Episode: 450, total reward: 2949211.0
each agent reward: 2949211.0
Episode 451 return: -7688723.5
Episode: 451, total reward: 2947353.0
each agent reward: 2947353.0
Episode 452 return: -8104945.5
Episode: 452, total reward: 2917929.75
each agent reward: 2917929.75
Episode 453 return: -8085881.5
Episode: 453, total reward: 2913624.0
each agent reward: 2913624.0
Episode 454 return: -8235298.0
Episode: 454, total reward: 2914339.0
each agent reward: 2914339.0
Episode 455 return: -7656197.0
Episode: 455, total reward: 2914339.0
each agent reward: 2914339.0
Episode 456 return: -7741065.5
Episode: 456, total reward: 2915043.5
each agent reward: 2915043.5
Episode 457 return: -7579223.5
Episode: 457, total reward: 2915765.75
each agent reward: 2915765.75
Episode 458 return: -7632926.0
Episode: 458, total reward: 2911157.5
each agent reward: 2911157.5
Episode 459 return: -7994015.0
Episode: 459, total reward: 2911510.5
each agent reward: 2911510.5
Episode 460 return: -7582616.5
Episode: 460, total reward: 2911510.5
each agent reward: 2911510.5
Episode 461 return: -7363750.0
Episode: 461, total reward: 2881217.25
each agent reward: 2881217.25
Episode 462 return: -7076985.5
Episode: 462, total reward: 2881596.5
each agent reward: 2881596.5
Episode 463 return: -7384971.0
Episode: 463, total reward: 2853552.5
each agent reward: 2853552.5
Episode 464 return: -7648551.0
Episode: 464, total reward: 2856926.25
each agent reward: 2856926.25
Episode 465 return: -7450918.0
Episode: 465, total reward: 2856926.25
each agent reward: 2856926.25
Episode 466 return: -6417111.0
Episode: 466, total reward: 2857046.0
each agent reward: 2857046.0
Episode 467 return: -6949143.0
Episode: 467, total reward: 2854071.0
each agent reward: 2854071.0
Episode 468 return: -6864566.5
Episode: 468, total reward: 2879825.25
each agent reward: 2879825.25
Episode 469 return: -7143344.5
Episode: 469, total reward: 2846607.75
each agent reward: 2846607.75
Episode 470 return: -6944135.5
Episode: 470, total reward: 2846607.75
each agent reward: 2846607.75
Episode 471 return: -7146613.5
Episode: 471, total reward: 2845270.5
each agent reward: 2845270.5
Episode 472 return: -7112523.0
Episode: 472, total reward: 2839592.75
each agent reward: 2839592.75
Episode 473 return: -6458942.0
Episode: 473, total reward: 2837519.75
each agent reward: 2837519.75
Episode 474 return: -6816590.5
Episode: 474, total reward: 2839446.25
each agent reward: 2839446.25
Episode 475 return: -6433123.0
Episode: 475, total reward: 2839446.25
each agent reward: 2839446.25
Episode 476 return: -6463347.5
Episode: 476, total reward: 2840728.0
each agent reward: 2840728.0
Episode 477 return: -6498273.0
Episode: 477, total reward: 2843666.0
each agent reward: 2843666.0
Episode 478 return: -6821766.5
Episode: 478, total reward: 2844291.75
each agent reward: 2844291.75
Episode 479 return: -6616822.5
Episode: 479, total reward: 2843771.25
each agent reward: 2843771.25
Episode 480 return: -6626844.5
Episode: 480, total reward: 2843771.25
each agent reward: 2843771.25
Episode 481 return: -6304393.0
Episode: 481, total reward: 2844054.25
each agent reward: 2844054.25
Episode 482 return: -6669071.0
Episode: 482, total reward: 2843269.0
each agent reward: 2843269.0
Episode 483 return: -6558891.5
Episode: 483, total reward: 2843520.5
each agent reward: 2843520.5
Episode 484 return: -6596731.0
Episode: 484, total reward: 2842294.0
each agent reward: 2842294.0
Episode 485 return: -6173908.0
Episode: 485, total reward: 2842294.0
each agent reward: 2842294.0
Episode 486 return: -6373287.0
Episode: 486, total reward: 2843127.75
each agent reward: 2843127.75
Episode 487 return: -6524774.5
Episode: 487, total reward: 2843022.25
each agent reward: 2843022.25
Episode 488 return: -6423830.0
Episode: 488, total reward: 2843488.25
each agent reward: 2843488.25
Episode 489 return: -6397271.0
Episode: 489, total reward: 2841251.25
each agent reward: 2841251.25
Episode 490 return: -6219456.5
Episode: 490, total reward: 2841251.25
each agent reward: 2841251.25
Episode 491 return: -5707080.0
Episode: 491, total reward: 2843994.0
each agent reward: 2843994.0
Episode 492 return: -6132013.0
Episode: 492, total reward: 2842571.25
each agent reward: 2842571.25
Episode 493 return: -6821386.5
Episode: 493, total reward: 2844885.25
each agent reward: 2844885.25
Episode 494 return: -6629732.5
Episode: 494, total reward: 2842267.25
each agent reward: 2842267.25
Episode 495 return: -6473725.0
Episode: 495, total reward: 2842267.25
each agent reward: 2842267.25
Episode 496 return: -6639274.5
Episode: 496, total reward: 2842183.25
each agent reward: 2842183.25
Episode 497 return: -6410116.0
Episode: 497, total reward: 2847326.75
each agent reward: 2847326.75
Episode 498 return: -5999729.5
Episode: 498, total reward: 2847796.0
each agent reward: 2847796.0
Episode 499 return: -6469923.0
Episode: 499, total reward: 2843978.0
each agent reward: 2843978.0
Episode 500 return: -6354550.0
Episode: 500, total reward: 2843978.0
each agent reward: 2843978.0
Episode 501 return: -6379045.5
Episode: 501, total reward: 2844691.0
each agent reward: 2844691.0
Episode 502 return: -6297118.5
Episode: 502, total reward: 2845002.75
each agent reward: 2845002.75
Episode 503 return: -6240140.5
Episode: 503, total reward: 2845660.25
each agent reward: 2845660.25
Episode 504 return: -7042985.0
Episode: 504, total reward: 2848887.0
each agent reward: 2848887.0
Episode 505 return: -6546297.0
Episode: 505, total reward: 2848887.0
each agent reward: 2848887.0
Episode 506 return: -6378215.5
Episode: 506, total reward: 2850076.75
each agent reward: 2850076.75
Episode 507 return: -6572133.5
Episode: 507, total reward: 2850293.75
each agent reward: 2850293.75
Episode 508 return: -6294391.5
Episode: 508, total reward: 2860468.0
each agent reward: 2860468.0
Episode 509 return: -6410908.0
Episode: 509, total reward: 2858198.5
each agent reward: 2858198.5
Episode 510 return: -6449044.5
Episode: 510, total reward: 2858198.5
each agent reward: 2858198.5
Episode 511 return: -6030464.0
Episode: 511, total reward: 2857338.5
each agent reward: 2857338.5
Episode 512 return: -6098836.5
Episode: 512, total reward: 2857346.0
each agent reward: 2857346.0
Episode 513 return: -6379293.5
Episode: 513, total reward: 2856401.25
each agent reward: 2856401.25
Episode 514 return: -6139216.0
Episode: 514, total reward: 2856689.5
each agent reward: 2856689.5
Episode 515 return: -5502923.5
Episode: 515, total reward: 2856689.5
each agent reward: 2856689.5
Episode 516 return: -6235910.5
Episode: 516, total reward: 2856678.0
each agent reward: 2856678.0
Episode 517 return: -6220332.0
Episode: 517, total reward: 2851443.5
each agent reward: 2851443.5
Episode 518 return: -5786214.5
Episode: 518, total reward: 2851438.0
each agent reward: 2851438.0
Episode 519 return: -6651347.5
Episode: 519, total reward: 2849662.5
each agent reward: 2849662.5
Episode 520 return: -6402500.5
Episode: 520, total reward: 2849662.5
each agent reward: 2849662.5
Episode 521 return: -6214125.5
Episode: 521, total reward: 2844946.25
each agent reward: 2844946.25
Episode 522 return: -6161503.0
Episode: 522, total reward: 2841594.5
each agent reward: 2841594.5
Episode 523 return: -6620308.5
Episode: 523, total reward: 2839953.25
each agent reward: 2839953.25
Episode 524 return: -5947123.5
Episode: 524, total reward: 2845717.75
each agent reward: 2845717.75
Episode 525 return: -6116369.0
Episode: 525, total reward: 2845717.75
each agent reward: 2845717.75
Episode 526 return: -6086451.0
Episode: 526, total reward: 2849188.25
each agent reward: 2849188.25
Episode 527 return: -5967477.5
Episode: 527, total reward: 2851091.5
each agent reward: 2851091.5
Episode 528 return: -6410529.0
Episode: 528, total reward: 2851178.75
each agent reward: 2851178.75
Episode 529 return: -6089616.5
Episode: 529, total reward: 2852507.5
each agent reward: 2852507.5
Episode 530 return: -6348785.0
Episode: 530, total reward: 2852507.5
each agent reward: 2852507.5
Episode 531 return: -5811365.5
Episode: 531, total reward: 2851458.0
each agent reward: 2851458.0
Episode 532 return: -6055711.5
Episode: 532, total reward: 2851077.75
each agent reward: 2851077.75
Episode 533 return: -5709634.0
Episode: 533, total reward: 2847368.0
each agent reward: 2847368.0
Episode 534 return: -6188960.5
Episode: 534, total reward: 2845940.75
each agent reward: 2845940.75
Episode 535 return: -6126735.0
Episode: 535, total reward: 2845940.75
each agent reward: 2845940.75
Episode 536 return: -6037850.5
Episode: 536, total reward: 2845332.5
each agent reward: 2845332.5
Episode 537 return: -6297065.0
Episode: 537, total reward: 2843273.25
each agent reward: 2843273.25
Episode 538 return: -6469510.0
Episode: 538, total reward: 2844497.75
each agent reward: 2844497.75
Episode 539 return: -6328765.5
Episode: 539, total reward: 2845002.5
each agent reward: 2845002.5
Episode 540 return: -5933397.0
Episode: 540, total reward: 2845002.5
each agent reward: 2845002.5
Episode 541 return: -5972477.5
Episode: 541, total reward: 2845992.75
each agent reward: 2845992.75
Episode 542 return: -6009959.5
Episode: 542, total reward: 2845239.25
each agent reward: 2845239.25
Episode 543 return: -5582844.0
Episode: 543, total reward: 2845574.75
each agent reward: 2845574.75
Episode 544 return: -5900554.0
Episode: 544, total reward: 2846335.75
each agent reward: 2846335.75
Episode 545 return: -5940743.5
Episode: 545, total reward: 2846335.75
each agent reward: 2846335.75
Episode 546 return: -6239017.5
Episode: 546, total reward: 2846380.5
each agent reward: 2846380.5
Episode 547 return: -6321878.0
Episode: 547, total reward: 2847645.25
each agent reward: 2847645.25
Episode 548 return: -6534377.5
Episode: 548, total reward: 2847762.5
each agent reward: 2847762.5
Episode 549 return: -5820258.0
Episode: 549, total reward: 2850699.5
each agent reward: 2850699.5
Episode 550 return: -5809928.0
Episode: 550, total reward: 2850699.5
each agent reward: 2850699.5
Episode 551 return: -5602101.0
Episode: 551, total reward: 2849785.0
each agent reward: 2849785.0
Episode 552 return: -6522600.0
Episode: 552, total reward: 2853107.5
each agent reward: 2853107.5
Episode 553 return: -5600472.0
Episode: 553, total reward: 2857110.5
each agent reward: 2857110.5
Episode 554 return: -6351218.5
Episode: 554, total reward: 2856279.25
each agent reward: 2856279.25
Episode 555 return: -6016950.0
Episode: 555, total reward: 2856279.25
each agent reward: 2856279.25
Episode 556 return: -6154568.0
Episode: 556, total reward: 2857917.5
each agent reward: 2857917.5
Episode 557 return: -6293820.5
Episode: 557, total reward: 2858298.75
each agent reward: 2858298.75
Episode 558 return: -6251727.5
Episode: 558, total reward: 2854725.0
each agent reward: 2854725.0
Episode 559 return: -6000757.0
Episode: 559, total reward: 2847849.75
each agent reward: 2847849.75
Episode 560 return: -5929293.0
Episode: 560, total reward: 2847849.75
each agent reward: 2847849.75
Episode 561 return: -5805371.0
Episode: 561, total reward: 2845280.25
each agent reward: 2845280.25
Episode 562 return: -5996702.0
Episode: 562, total reward: 2841745.75
each agent reward: 2841745.75
Episode 563 return: -5817626.0
Episode: 563, total reward: 2840867.75
each agent reward: 2840867.75
Episode 564 return: -5513616.0
Episode: 564, total reward: 2841809.5
each agent reward: 2841809.5
Episode 565 return: -6053251.5
Episode: 565, total reward: 2841809.5
each agent reward: 2841809.5
Episode 566 return: -5919679.5
Episode: 566, total reward: 2842180.5
each agent reward: 2842180.5
Episode 567 return: -6172478.5
Episode: 567, total reward: 2842412.0
each agent reward: 2842412.0
Episode 568 return: -5496635.5
Episode: 568, total reward: 2843376.5
each agent reward: 2843376.5
Episode 569 return: -6000588.5
Episode: 569, total reward: 2845588.25
each agent reward: 2845588.25
Episode 570 return: -5974998.5
Episode: 570, total reward: 2845588.25
each agent reward: 2845588.25
Episode 571 return: -6197872.5
Episode: 571, total reward: 2843879.0
each agent reward: 2843879.0
Episode 572 return: -5880745.5
Episode: 572, total reward: 2838961.0
each agent reward: 2838961.0
Episode 573 return: -5762238.5
Episode: 573, total reward: 2841951.0
each agent reward: 2841951.0
Episode 574 return: -5770685.5
Episode: 574, total reward: 2843377.25
each agent reward: 2843377.25
Episode 575 return: -5163528.0
Episode: 575, total reward: 2843377.25
each agent reward: 2843377.25
Episode 576 return: -6289959.0
Episode: 576, total reward: 2843593.5
each agent reward: 2843593.5
Episode 577 return: -6216373.5
Episode: 577, total reward: 2843840.5
each agent reward: 2843840.5
Episode 578 return: -5735782.5
Episode: 578, total reward: 2852538.0
each agent reward: 2852538.0
Episode 579 return: -5408098.0
Episode: 579, total reward: 2855256.75
each agent reward: 2855256.75
Episode 580 return: -5839728.5
Episode: 580, total reward: 2855256.75
each agent reward: 2855256.75
Episode 581 return: -6268754.5
Episode: 581, total reward: 2858167.0
each agent reward: 2858167.0
Episode 582 return: -5627515.5
Episode: 582, total reward: 2857683.0
each agent reward: 2857683.0
Episode 583 return: -6219009.5
Episode: 583, total reward: 2856021.75
each agent reward: 2856021.75
Episode 584 return: -6014101.0
Episode: 584, total reward: 2852703.75
each agent reward: 2852703.75
Episode 585 return: -5970367.5
Episode: 585, total reward: 2852703.75
each agent reward: 2852703.75
Episode 586 return: -6197860.0
Episode: 586, total reward: 2850078.0
each agent reward: 2850078.0
Episode 587 return: -5797767.5
Episode: 587, total reward: 2847102.0
each agent reward: 2847102.0
Episode 588 return: -6294897.5
Episode: 588, total reward: 2847275.0
each agent reward: 2847275.0
Episode 589 return: -5430819.0
Episode: 589, total reward: 2846280.5
each agent reward: 2846280.5
Episode 590 return: -5888928.0
Episode: 590, total reward: 2846280.5
each agent reward: 2846280.5
Episode 591 return: -5593526.0
Episode: 591, total reward: 2849604.0
each agent reward: 2849604.0
Episode 592 return: -5597145.5
Episode: 592, total reward: 2850657.75
each agent reward: 2850657.75
Episode 593 return: -5968330.0
Episode: 593, total reward: 2844202.75
each agent reward: 2844202.75
Episode 594 return: -5741817.0
Episode: 594, total reward: 2840885.5
each agent reward: 2840885.5
Episode 595 return: -5317466.0
Episode: 595, total reward: 2840885.5
each agent reward: 2840885.5
Episode 596 return: -5690635.0
Episode: 596, total reward: 2827897.0
each agent reward: 2827897.0
Episode 597 return: -5348435.5
Episode: 597, total reward: 2825378.0
each agent reward: 2825378.0
Episode 598 return: -5650079.5
Episode: 598, total reward: 2827035.0
each agent reward: 2827035.0
Episode 599 return: -5937108.0
Episode: 599, total reward: 2833301.25
each agent reward: 2833301.25
Episode 600 return: -5486515.0
Episode: 600, total reward: 2833301.25
each agent reward: 2833301.25
Episode 601 return: -5513941.0
Episode: 601, total reward: 2834548.0
each agent reward: 2834548.0
Episode 602 return: -5794483.0
Episode: 602, total reward: 2834677.75
each agent reward: 2834677.75
Episode 603 return: -5389557.0
Episode: 603, total reward: 2835847.75
each agent reward: 2835847.75
Episode 604 return: -5050648.5
Episode: 604, total reward: 2837675.75
each agent reward: 2837675.75
Episode 605 return: -5727209.5
Episode: 605, total reward: 2837675.75
each agent reward: 2837675.75
Episode 606 return: -5765860.5
Episode: 606, total reward: 3603236.25
each agent reward: 3603236.25
Episode 607 return: -5649424.0
Episode: 607, total reward: 3601963.0
each agent reward: 3601963.0
Episode 608 return: -5232654.0
Episode: 608, total reward: 3597069.5
each agent reward: 3597069.5
Episode 609 return: -5566124.0
Episode: 609, total reward: 3615406.75
each agent reward: 3615406.75
Episode 610 return: -5312690.0
Episode: 610, total reward: 3615406.75
each agent reward: 3615406.75
Episode 611 return: -5243582.0
Episode: 611, total reward: 3614277.75
each agent reward: 3614277.75
Episode 612 return: -5748597.0
Episode: 612, total reward: 3611537.0
each agent reward: 3611537.0
Episode 613 return: -5560307.5
Episode: 613, total reward: 2828104.5
each agent reward: 2828104.5
Episode 614 return: -5439360.0
Episode: 614, total reward: 2826046.5
each agent reward: 2826046.5
Episode 615 return: -5501831.0
Episode: 615, total reward: 2826046.5
each agent reward: 2826046.5
Episode 616 return: -5520168.5
Episode: 616, total reward: 2827710.25
each agent reward: 2827710.25
Episode 617 return: -5079459.5
Episode: 617, total reward: 2827874.25
each agent reward: 2827874.25
Episode 618 return: -5170602.0
Episode: 618, total reward: 2827224.75
each agent reward: 2827224.75
Episode 619 return: -5966797.0
Episode: 619, total reward: 2831568.5
each agent reward: 2831568.5
Episode 620 return: -5643557.0
Episode: 620, total reward: 2831568.5
each agent reward: 2831568.5
Episode 621 return: -5447597.0
Episode: 621, total reward: 2838375.5
each agent reward: 2838375.5
Episode 622 return: -5637716.5
Episode: 622, total reward: 2842673.0
each agent reward: 2842673.0
Episode 623 return: -5132493.0
Episode: 623, total reward: 2845246.0
each agent reward: 2845246.0
Episode 624 return: -5159007.0
Episode: 624, total reward: 2844997.5
each agent reward: 2844997.5
Episode 625 return: -4999370.5
Episode: 625, total reward: 2844997.5
each agent reward: 2844997.5
Episode 626 return: -5266073.5
Episode: 626, total reward: 2839827.5
each agent reward: 2839827.5
Episode 627 return: -4961942.5
Episode: 627, total reward: 2838900.75
each agent reward: 2838900.75
Episode 628 return: -5140193.0
Episode: 628, total reward: 2838788.25
each agent reward: 2838788.25
Episode 629 return: -5474978.0
Episode: 629, total reward: 2838788.25
each agent reward: 2838788.25
Episode 630 return: -5469101.0
Episode: 630, total reward: 2838788.25
each agent reward: 2838788.25
Episode 631 return: -5164380.5
Episode: 631, total reward: 2839452.5
each agent reward: 2839452.5
Episode 632 return: -5656874.5
Episode: 632, total reward: 2844760.5
each agent reward: 2844760.5
Episode 633 return: -5414054.0
Episode: 633, total reward: 2851058.75
each agent reward: 2851058.75
Episode 634 return: -4911237.0
Episode: 634, total reward: 2852118.0
each agent reward: 2852118.0
Episode 635 return: -5002799.0
Episode: 635, total reward: 2852118.0
each agent reward: 2852118.0
Episode 636 return: -5551668.5
Episode: 636, total reward: 2852689.0
each agent reward: 2852689.0
Episode 637 return: -5440230.5
Episode: 637, total reward: 2849046.25
each agent reward: 2849046.25
Episode 638 return: -5232347.5
Episode: 638, total reward: 2847696.25
each agent reward: 2847696.25
Episode 639 return: -5488360.5
Episode: 639, total reward: 2849148.0
each agent reward: 2849148.0
Episode 640 return: -4951751.0
Episode: 640, total reward: 2849148.0
each agent reward: 2849148.0
Episode 641 return: -5516921.0
Episode: 641, total reward: 2845001.5
each agent reward: 2845001.5
Episode 642 return: -5259710.0
Episode: 642, total reward: 2846684.75
each agent reward: 2846684.75
Episode 643 return: -5413588.5
Episode: 643, total reward: 2845539.0
each agent reward: 2845539.0
Episode 644 return: -5491398.5
Episode: 644, total reward: 2843539.0
each agent reward: 2843539.0
Episode 645 return: -5370607.5
Episode: 645, total reward: 2843539.0
each agent reward: 2843539.0
Episode 646 return: -5323326.5
Episode: 646, total reward: 2844093.75
each agent reward: 2844093.75
Episode 647 return: -5350244.0
Episode: 647, total reward: 2839820.75
each agent reward: 2839820.75
Episode 648 return: -5642189.0
Episode: 648, total reward: 2845228.75
each agent reward: 2845228.75
Episode 649 return: -5030510.0
Episode: 649, total reward: 2841873.75
each agent reward: 2841873.75
Episode 650 return: -5263866.0
Episode: 650, total reward: 2841873.75
each agent reward: 2841873.75
Episode 651 return: -5266828.0
Episode: 651, total reward: 2847861.5
each agent reward: 2847861.5
Episode 652 return: -4845944.0
Episode: 652, total reward: 2849269.5
each agent reward: 2849269.5
Episode 653 return: -5408333.0
Episode: 653, total reward: 2851641.5
each agent reward: 2851641.5
Episode 654 return: -5082292.0
Episode: 654, total reward: 2845578.0
each agent reward: 2845578.0
Episode 655 return: -5522841.5
Episode: 655, total reward: 2845578.0
each agent reward: 2845578.0
Episode 656 return: -5272985.5
Episode: 656, total reward: 2846658.5
each agent reward: 2846658.5
Episode 657 return: -4928754.0
Episode: 657, total reward: 2845295.5
each agent reward: 2845295.5
Episode 658 return: -5489659.0
Episode: 658, total reward: 2845525.5
each agent reward: 2845525.5
Episode 659 return: -5743495.0
Episode: 659, total reward: 2840971.0
each agent reward: 2840971.0
Episode 660 return: -5357641.0
Episode: 660, total reward: 2840971.0
each agent reward: 2840971.0
Episode 661 return: -5232979.5
Episode: 661, total reward: 2840191.5
each agent reward: 2840191.5
Episode 662 return: -5083474.0
Episode: 662, total reward: 2835035.5
each agent reward: 2835035.5
Episode 663 return: -5056352.0
Episode: 663, total reward: 2834860.75
each agent reward: 2834860.75
Episode 664 return: -5002917.5
Episode: 664, total reward: 2843378.25
each agent reward: 2843378.25
Episode 665 return: -5144288.0
Episode: 665, total reward: 2843378.25
each agent reward: 2843378.25
Episode 666 return: -5160774.0
Episode: 666, total reward: 2844284.25
each agent reward: 2844284.25
Episode 667 return: -5244384.0
Episode: 667, total reward: 2844384.75
each agent reward: 2844384.75
Episode 668 return: -4943112.5
Episode: 668, total reward: 2846644.5
each agent reward: 2846644.5
Episode 669 return: -4916163.0
Episode: 669, total reward: 2841867.0
each agent reward: 2841867.0
Episode 670 return: -4700509.0
Episode: 670, total reward: 2841867.0
each agent reward: 2841867.0
Episode 671 return: -4938557.0
Episode: 671, total reward: 2839907.0
each agent reward: 2839907.0
Episode 672 return: -5063695.5
Episode: 672, total reward: 2837154.75
each agent reward: 2837154.75
Episode 673 return: -4454877.5
Episode: 673, total reward: 2835200.5
each agent reward: 2835200.5
Episode 674 return: -4850335.0
Episode: 674, total reward: 2837649.75
each agent reward: 2837649.75
Episode 675 return: -4925647.5
Episode: 675, total reward: 2837649.75
each agent reward: 2837649.75
Episode 676 return: -5183632.0
Episode: 676, total reward: 2838596.25
each agent reward: 2838596.25
Episode 677 return: -5089680.0
Episode: 677, total reward: 2842689.25
each agent reward: 2842689.25
Episode 678 return: -4978854.5
Episode: 678, total reward: 2843565.5
each agent reward: 2843565.5
Episode 679 return: -4906476.5
Episode: 679, total reward: 2843809.0
each agent reward: 2843809.0
Episode 680 return: -4714970.0
Episode: 680, total reward: 2843809.0
each agent reward: 2843809.0
Episode 681 return: -4929398.0
Episode: 681, total reward: 2843378.0
each agent reward: 2843378.0
Episode 682 return: -4618237.0
Episode: 682, total reward: 2843694.25
each agent reward: 2843694.25
Episode 683 return: -5012591.5
Episode: 683, total reward: 2843816.25
each agent reward: 2843816.25
Episode 684 return: -4619395.5
Episode: 684, total reward: 2842261.25
each agent reward: 2842261.25
Episode 685 return: -4798583.0
Episode: 685, total reward: 2842261.25
each agent reward: 2842261.25
Episode 686 return: -4466078.0
Episode: 686, total reward: 2840828.25
each agent reward: 2840828.25
Episode 687 return: -4989307.5
Episode: 687, total reward: 2840439.75
each agent reward: 2840439.75
Episode 688 return: -4575352.5
Episode: 688, total reward: 2840569.75
each agent reward: 2840569.75
Episode 689 return: -4713442.0
Episode: 689, total reward: 2843594.5
each agent reward: 2843594.5
Episode 690 return: -4776534.0
Episode: 690, total reward: 2843594.5
each agent reward: 2843594.5
Episode 691 return: -4791889.5
Episode: 691, total reward: 2846616.25
each agent reward: 2846616.25
Episode 692 return: -4751521.5
Episode: 692, total reward: 2847323.75
each agent reward: 2847323.75
Episode 693 return: -4689995.0
Episode: 693, total reward: 2847323.75
each agent reward: 2847323.75
Episode 694 return: -4554853.0
Episode: 694, total reward: 2847071.0
each agent reward: 2847071.0
Episode 695 return: -4954764.5
Episode: 695, total reward: 2847071.0
each agent reward: 2847071.0
Episode 696 return: -4827239.5
Episode: 696, total reward: 2846594.5
each agent reward: 2846594.5
Episode 697 return: -4883961.0
Episode: 697, total reward: 2846594.5
each agent reward: 2846594.5
Episode 698 return: -4654170.0
Episode: 698, total reward: 2845744.75
each agent reward: 2845744.75
Episode 699 return: -4757267.0
Episode: 699, total reward: 2845902.75
each agent reward: 2845902.75
Episode 700 return: -5066021.5
Episode: 700, total reward: 2845902.75
each agent reward: 2845902.75
Episode 701 return: -4872385.0
Episode: 701, total reward: 2845902.75
each agent reward: 2845902.75
Episode 702 return: -4741013.0
Episode: 702, total reward: 2846050.75
each agent reward: 2846050.75
Episode 703 return: -4368352.5
Episode: 703, total reward: 2846050.75
each agent reward: 2846050.75
Episode 704 return: -5146089.5
Episode: 704, total reward: 2844918.5
each agent reward: 2844918.5
Episode 705 return: -4716259.5
Episode: 705, total reward: 2844918.5
each agent reward: 2844918.5
Episode 706 return: -5000840.5
Episode: 706, total reward: 2847985.0
each agent reward: 2847985.0
Episode 707 return: -4622675.0
Episode: 707, total reward: 2846594.75
each agent reward: 2846594.75
Episode 708 return: -4970920.5
Episode: 708, total reward: 2847007.75
each agent reward: 2847007.75
Episode 709 return: -4702320.5
Episode: 709, total reward: 2845085.0
each agent reward: 2845085.0
Episode 710 return: -5110748.0
Episode: 710, total reward: 2845085.0
each agent reward: 2845085.0
Episode 711 return: -4770147.5
Episode: 711, total reward: 2844995.0
each agent reward: 2844995.0
Episode 712 return: -4833062.0
Episode: 712, total reward: 2844767.5
each agent reward: 2844767.5
Episode 713 return: -4818690.0
Episode: 713, total reward: 2845488.0
each agent reward: 2845488.0
Episode 714 return: -5867547.5
Episode: 714, total reward: 2845423.75
each agent reward: 2845423.75
Episode 715 return: -5069723.5
Episode: 715, total reward: 2845423.75
each agent reward: 2845423.75
Episode 716 return: -4762222.0
Episode: 716, total reward: 2846804.25
each agent reward: 2846804.25
Episode 717 return: -4801754.0
Episode: 717, total reward: 2856210.75
each agent reward: 2856210.75
Episode 718 return: -4692332.0
Episode: 718, total reward: 2863342.0
each agent reward: 2863342.0
Episode 719 return: -4910177.0
Episode: 719, total reward: 2863037.0
each agent reward: 2863037.0
Episode 720 return: -4801374.5
Episode: 720, total reward: 2863037.0
each agent reward: 2863037.0
Episode 721 return: -4731365.5
Episode: 721, total reward: 2867133.75
each agent reward: 2867133.75
Episode 722 return: -4851220.0
Episode: 722, total reward: 2866353.75
each agent reward: 2866353.75
Episode 723 return: -4820923.5
Episode: 723, total reward: 2862871.75
each agent reward: 2862871.75
Episode 724 return: -4798506.5
Episode: 724, total reward: 2857650.0
each agent reward: 2857650.0
Episode 725 return: -4869331.0
Episode: 725, total reward: 2857650.0
each agent reward: 2857650.0
Episode 726 return: -4893048.0
Episode: 726, total reward: 2850633.25
each agent reward: 2850633.25
Episode 727 return: -5165540.0
Episode: 727, total reward: 2850452.5
each agent reward: 2850452.5
Episode 728 return: -4737588.0
Episode: 728, total reward: 2849891.0
each agent reward: 2849891.0
Episode 729 return: -4615977.5
Episode: 729, total reward: 2851792.5
each agent reward: 2851792.5
Episode 730 return: -4807196.5
Episode: 730, total reward: 2851792.5
each agent reward: 2851792.5
Episode 731 return: -5048422.0
Episode: 731, total reward: 2853177.5
each agent reward: 2853177.5
Episode 732 return: -4930179.0
Episode: 732, total reward: 2852115.75
each agent reward: 2852115.75
Episode 733 return: -4542301.0
Episode: 733, total reward: 2852487.75
each agent reward: 2852487.75
Episode 734 return: -4838739.5
Episode: 734, total reward: 2848367.0
each agent reward: 2848367.0
Episode 735 return: -5137216.0
Episode: 735, total reward: 2848367.0
each agent reward: 2848367.0
Episode 736 return: -4721010.5
Episode: 736, total reward: 2850974.25
each agent reward: 2850974.25
Episode 737 return: -4515166.0
Episode: 737, total reward: 2851032.5
each agent reward: 2851032.5
Episode 738 return: -5010001.5
Episode: 738, total reward: 2849871.25
each agent reward: 2849871.25
Episode 739 return: -5110797.5
Episode: 739, total reward: 2847153.25
each agent reward: 2847153.25
Episode 740 return: -5249698.5
Episode: 740, total reward: 2847153.25
each agent reward: 2847153.25
Episode 741 return: -5722685.5
Episode: 741, total reward: 2847076.25
each agent reward: 2847076.25
Episode 742 return: -4845697.5
Episode: 742, total reward: 2847955.0
each agent reward: 2847955.0
Episode 743 return: -5194788.5
Episode: 743, total reward: 2845755.25
each agent reward: 2845755.25
Episode 744 return: -4640724.0
Episode: 744, total reward: 2845755.25
each agent reward: 2845755.25
Episode 745 return: -4978941.5
Episode: 745, total reward: 2845755.25
each agent reward: 2845755.25
Episode 746 return: -4498476.0
Episode: 746, total reward: 2846315.25
each agent reward: 2846315.25
Episode 747 return: -4757037.0
Episode: 747, total reward: 2846584.75
each agent reward: 2846584.75
Episode 748 return: -4888981.0
Episode: 748, total reward: 2848139.75
each agent reward: 2848139.75
Episode 749 return: -5181432.0
Episode: 749, total reward: 2848976.0
each agent reward: 2848976.0
Episode 750 return: -4752513.0
Episode: 750, total reward: 2848976.0
each agent reward: 2848976.0
Episode 751 return: -5153135.5
Episode: 751, total reward: 2849265.25
each agent reward: 2849265.25
Episode 752 return: -5008686.0
Episode: 752, total reward: 2848753.75
each agent reward: 2848753.75
Episode 753 return: -4815611.0
Episode: 753, total reward: 2848753.75
each agent reward: 2848753.75
Episode 754 return: -5045920.0
Episode: 754, total reward: 2850533.75
each agent reward: 2850533.75
Episode 755 return: -4949127.0
Episode: 755, total reward: 2850533.75
each agent reward: 2850533.75
Episode 756 return: -5090525.0
Episode: 756, total reward: 2849389.0
each agent reward: 2849389.0
Episode 757 return: -4822119.0
Episode: 757, total reward: 2848478.25
each agent reward: 2848478.25
Episode 758 return: -4629527.5
Episode: 758, total reward: 2847002.0
each agent reward: 2847002.0
Episode 759 return: -4646339.0
Episode: 759, total reward: 2848647.75
each agent reward: 2848647.75
Episode 760 return: -5018023.5
Episode: 760, total reward: 2848647.75
each agent reward: 2848647.75
Episode 761 return: -4678886.5
Episode: 761, total reward: 2847307.75
each agent reward: 2847307.75
Episode 762 return: -4666607.5
Episode: 762, total reward: 2832316.5
each agent reward: 2832316.5
Episode 763 return: -4716337.0
Episode: 763, total reward: 2829501.75
each agent reward: 2829501.75
Episode 764 return: -4837428.5
Episode: 764, total reward: 2832558.75
each agent reward: 2832558.75
Episode 765 return: -4967026.5
Episode: 765, total reward: 2832558.75
each agent reward: 2832558.75
Episode 766 return: -4642809.0
Episode: 766, total reward: 2833597.5
each agent reward: 2833597.5
Episode 767 return: -4515131.5
Episode: 767, total reward: 2836228.75
each agent reward: 2836228.75
Episode 768 return: -4534481.5
Episode: 768, total reward: 2833176.0
each agent reward: 2833176.0
Episode 769 return: -5227250.5
Episode: 769, total reward: 2836645.5
each agent reward: 2836645.5
Episode 770 return: -4510949.5
Episode: 770, total reward: 2836645.5
each agent reward: 2836645.5
Episode 771 return: -4727217.0
Episode: 771, total reward: 2836444.0
each agent reward: 2836444.0
Episode 772 return: -4992713.0
Episode: 772, total reward: 2839008.75
each agent reward: 2839008.75
Episode 773 return: -4382774.5
Episode: 773, total reward: 2838101.0
each agent reward: 2838101.0
Episode 774 return: -4753514.5
Episode: 774, total reward: 2835695.5
each agent reward: 2835695.5
Episode 775 return: -4578837.5
Episode: 775, total reward: 2835695.5
each agent reward: 2835695.5
Episode 776 return: -4635087.0
Episode: 776, total reward: 2837261.25
each agent reward: 2837261.25
Episode 777 return: -4679563.0
Episode: 777, total reward: 2837119.75
each agent reward: 2837119.75
Episode 778 return: -4643999.0
Episode: 778, total reward: 2835403.0
each agent reward: 2835403.0
Episode 779 return: -4596096.5
Episode: 779, total reward: 2835726.5
each agent reward: 2835726.5
Episode 780 return: -4452138.0
Episode: 780, total reward: 2835726.5
each agent reward: 2835726.5
Episode 781 return: -4681675.0
Episode: 781, total reward: 2837286.75
each agent reward: 2837286.75
Episode 782 return: -4753769.5
Episode: 782, total reward: 2836192.25
each agent reward: 2836192.25
Episode 783 return: -4318850.0
Episode: 783, total reward: 2838224.75
each agent reward: 2838224.75
Episode 784 return: -4667478.0
Episode: 784, total reward: 2834600.75
each agent reward: 2834600.75
Episode 785 return: -4577669.5
Episode: 785, total reward: 2834600.75
each agent reward: 2834600.75
Episode 786 return: -4544665.5
Episode: 786, total reward: 2834205.75
each agent reward: 2834205.75
Episode 787 return: -4715811.5
Episode: 787, total reward: 2832530.75
each agent reward: 2832530.75
Episode 788 return: -5159968.5
Episode: 788, total reward: 2826834.5
each agent reward: 2826834.5
Episode 789 return: -4584295.0
Episode: 789, total reward: 2826603.25
each agent reward: 2826603.25
Episode 790 return: -4679049.0
Episode: 790, total reward: 2826603.25
each agent reward: 2826603.25
Episode 791 return: -4789228.5
Episode: 791, total reward: 2826786.5
each agent reward: 2826786.5
Episode 792 return: -5397865.0
Episode: 792, total reward: 2827400.5
each agent reward: 2827400.5
Episode 793 return: -4704165.5
Episode: 793, total reward: 2829725.25
each agent reward: 2829725.25
Episode 794 return: -4569263.0
Episode: 794, total reward: 2832942.5
each agent reward: 2832942.5
Episode 795 return: -5189164.5
Episode: 795, total reward: 2832942.5
each agent reward: 2832942.5
Episode 796 return: -4816074.5
Episode: 796, total reward: 2836703.0
each agent reward: 2836703.0
Episode 797 return: -4772594.0
Episode: 797, total reward: 2836700.0
each agent reward: 2836700.0
Episode 798 return: -4559001.0
Episode: 798, total reward: 2837366.0
each agent reward: 2837366.0
Episode 799 return: -4614878.0
Episode: 799, total reward: 2836919.75
each agent reward: 2836919.75
Episode 800 return: -4294378.0
Episode: 800, total reward: 2836919.75
each agent reward: 2836919.75
Episode 801 return: -5500276.5
Episode: 801, total reward: 2838141.5
each agent reward: 2838141.5
Episode 802 return: -4809471.5
Episode: 802, total reward: 3606688.25
each agent reward: 3606688.25
Episode 803 return: -4530638.5
Episode: 803, total reward: 3607424.25
each agent reward: 3607424.25
Episode 804 return: -4652600.5
Episode: 804, total reward: 3605108.75
each agent reward: 3605108.75
Episode 805 return: -4842468.5
Episode: 805, total reward: 3605108.75
each agent reward: 3605108.75
Episode 806 return: -4652035.0
Episode: 806, total reward: 3606159.75
each agent reward: 3606159.75
Episode 807 return: -4964995.5
Episode: 807, total reward: 3601939.5
each agent reward: 3601939.5
Episode 808 return: -4775845.5
Episode: 808, total reward: 3601013.5
each agent reward: 3601013.5
Episode 809 return: -4915648.5
Episode: 809, total reward: 2827097.75
each agent reward: 2827097.75
Episode 810 return: -4818045.0
Episode: 810, total reward: 2827097.75
each agent reward: 2827097.75
Episode 811 return: -5001942.0
Episode: 811, total reward: 2824182.75
each agent reward: 2824182.75
Episode 812 return: -5005481.0
Episode: 812, total reward: 3584258.75
each agent reward: 3584258.75
Episode 813 return: -4641130.5
Episode: 813, total reward: 3587188.75
each agent reward: 3587188.75
Episode 814 return: -4708747.0
Episode: 814, total reward: 3588907.75
each agent reward: 3588907.75
Episode 815 return: -4720552.5
Episode: 815, total reward: 3588907.75
each agent reward: 3588907.75
Episode 816 return: -4751530.5
Episode: 816, total reward: 3588343.25
each agent reward: 3588343.25
Episode 817 return: -4949426.0
Episode: 817, total reward: 2825053.5
each agent reward: 2825053.5
Episode 818 return: -4831844.5
Episode: 818, total reward: 2827690.0
each agent reward: 2827690.0
Episode 819 return: -5127359.0
Episode: 819, total reward: 2826407.75
each agent reward: 2826407.75
Episode 820 return: -4578318.5
Episode: 820, total reward: 2826407.75
each agent reward: 2826407.75
Episode 821 return: -4663278.0
Episode: 821, total reward: 2826875.25
each agent reward: 2826875.25
Episode 822 return: -4971615.5
Episode: 822, total reward: 2829795.5
each agent reward: 2829795.5
Episode 823 return: -4977879.5
Episode: 823, total reward: 2831503.25
each agent reward: 2831503.25
Episode 824 return: -4802155.5
Episode: 824, total reward: 2829336.0
each agent reward: 2829336.0
Episode 825 return: -4758467.0
Episode: 825, total reward: 2829336.0
each agent reward: 2829336.0
Episode 826 return: -4995383.0
Episode: 826, total reward: 2830330.5
each agent reward: 2830330.5
Episode 827 return: -4695918.0
Episode: 827, total reward: 2830573.25
each agent reward: 2830573.25
Episode 828 return: -4762920.0
Episode: 828, total reward: 2831281.25
each agent reward: 2831281.25
Episode 829 return: -4884335.5
Episode: 829, total reward: 2834991.75
each agent reward: 2834991.75
Episode 830 return: -4810908.5
Episode: 830, total reward: 2834991.75
each agent reward: 2834991.75
Episode 831 return: -4906426.0
Episode: 831, total reward: 2836795.0
each agent reward: 2836795.0
Episode 832 return: -4885527.0
Episode: 832, total reward: 3625388.75
each agent reward: 3625388.75
Episode 833 return: -4747561.0
Episode: 833, total reward: 3591754.25
each agent reward: 3591754.25
Episode 834 return: -4704239.5
Episode: 834, total reward: 2836086.0
each agent reward: 2836086.0
Episode 835 return: -4589641.0
Episode: 835, total reward: 2836086.0
each agent reward: 2836086.0
Episode 836 return: -4715793.5
Episode: 836, total reward: 2835557.25
each agent reward: 2835557.25
Episode 837 return: -4695705.5
Episode: 837, total reward: 2837091.25
each agent reward: 2837091.25
Episode 838 return: -4650389.5
Episode: 838, total reward: 2836476.5
each agent reward: 2836476.5
Episode 839 return: -4476655.5
Episode: 839, total reward: 2830918.0
each agent reward: 2830918.0
Episode 840 return: -4869147.0
Episode: 840, total reward: 2830918.0
each agent reward: 2830918.0
Episode 841 return: -4870141.0
Episode: 841, total reward: 2835081.75
each agent reward: 2835081.75
Episode 842 return: -4787830.0
Episode: 842, total reward: 2836891.5
each agent reward: 2836891.5
Episode 843 return: -4591320.0
Episode: 843, total reward: 2833868.0
each agent reward: 2833868.0
Episode 844 return: -4565596.5
Episode: 844, total reward: 2836744.0
each agent reward: 2836744.0
Episode 845 return: -4461849.0
Episode: 845, total reward: 2836744.0
each agent reward: 2836744.0
Episode 846 return: -4697412.5
Episode: 846, total reward: 2838862.5
each agent reward: 2838862.5
Episode 847 return: -4356965.0
Episode: 847, total reward: 2836744.0
each agent reward: 2836744.0
Episode 848 return: -4969186.5
Episode: 848, total reward: 2838488.25
each agent reward: 2838488.25
Episode 849 return: -4597809.0
Episode: 849, total reward: 2837583.75
each agent reward: 2837583.75
Episode 850 return: -4806226.5
Episode: 850, total reward: 2837583.75
each agent reward: 2837583.75
Episode 851 return: -4303402.0
Episode: 851, total reward: 2836175.75
each agent reward: 2836175.75
Episode 852 return: -4414863.5
Episode: 852, total reward: 2835941.5
each agent reward: 2835941.5
Episode 853 return: -4372645.5
Episode: 853, total reward: 2834917.5
each agent reward: 2834917.5
Episode 854 return: -4698458.0
Episode: 854, total reward: 2831366.25
each agent reward: 2831366.25
Episode 855 return: -4435203.0
Episode: 855, total reward: 2831366.25
each agent reward: 2831366.25
Episode 856 return: -4747406.5
Episode: 856, total reward: 2829864.75
each agent reward: 2829864.75
Episode 857 return: -4325099.0
Episode: 857, total reward: 2828634.0
each agent reward: 2828634.0
Episode 858 return: -4444845.0
Episode: 858, total reward: 2827998.5
each agent reward: 2827998.5
Episode 859 return: -4515136.5
Episode: 859, total reward: 2827998.5
each agent reward: 2827998.5
Episode 860 return: -4758284.5
Episode: 860, total reward: 2827998.5
each agent reward: 2827998.5
Episode 861 return: -4609368.5
Episode: 861, total reward: 2828489.75
each agent reward: 2828489.75
Episode 862 return: -4318855.5
Episode: 862, total reward: 2837339.5
each agent reward: 2837339.5
Episode 863 return: -4208857.0
Episode: 863, total reward: 2848277.25
each agent reward: 2848277.25
Episode 864 return: -4064014.0
Episode: 864, total reward: 2846600.25
each agent reward: 2846600.25
Episode 865 return: -4383935.0
Episode: 865, total reward: 2846600.25
each agent reward: 2846600.25
Episode 866 return: -4315336.5
Episode: 866, total reward: 2842079.5
each agent reward: 2842079.5
Episode 867 return: -4467283.5
Episode: 867, total reward: 2837426.0
each agent reward: 2837426.0
Episode 868 return: -4554943.5
Episode: 868, total reward: 2841570.5
each agent reward: 2841570.5
Episode 869 return: -4196890.0
Episode: 869, total reward: 2842644.0
each agent reward: 2842644.0
Episode 870 return: -4281710.5
Episode: 870, total reward: 2842644.0
each agent reward: 2842644.0
Episode 871 return: -4242666.5
Episode: 871, total reward: 2842038.5
each agent reward: 2842038.5
Episode 872 return: -4667214.0
Episode: 872, total reward: 2843217.0
each agent reward: 2843217.0
Episode 873 return: -4603555.5
Episode: 873, total reward: 2848279.5
each agent reward: 2848279.5
Episode 874 return: -4110508.25
Episode: 874, total reward: 2846402.25
each agent reward: 2846402.25
Episode 875 return: -4394851.5
Episode: 875, total reward: 2846402.25
each agent reward: 2846402.25
Episode 876 return: -4279535.5
Episode: 876, total reward: 2843835.75
each agent reward: 2843835.75
Episode 877 return: -4638132.0
Episode: 877, total reward: 2843798.75
each agent reward: 2843798.75
Episode 878 return: -4286551.0
Episode: 878, total reward: 2842075.75
each agent reward: 2842075.75
Episode 879 return: -4596971.0
Episode: 879, total reward: 2836778.25
each agent reward: 2836778.25
Episode 880 return: -4122171.0
Episode: 880, total reward: 2836778.25
each agent reward: 2836778.25
Episode 881 return: -4628249.0
Episode: 881, total reward: 2835268.75
each agent reward: 2835268.75
Episode 882 return: -4345751.5
Episode: 882, total reward: 2836237.5
each agent reward: 2836237.5
Episode 883 return: -3964430.5
Episode: 883, total reward: 2840103.0
each agent reward: 2840103.0
Episode 884 return: -5002762.0
Episode: 884, total reward: 2841325.0
each agent reward: 2841325.0
Episode 885 return: -4256255.5
Episode: 885, total reward: 2841325.0
each agent reward: 2841325.0
Episode 886 return: -4064044.5
Episode: 886, total reward: 2843147.75
each agent reward: 2843147.75
Episode 887 return: -4414525.0
Episode: 887, total reward: 2844011.75
each agent reward: 2844011.75
Episode 888 return: -4398029.5
Episode: 888, total reward: 2846041.5
each agent reward: 2846041.5
Episode 889 return: -4626192.5
Episode: 889, total reward: 2860928.25
each agent reward: 2860928.25
Episode 890 return: -4355476.0
Episode: 890, total reward: 2860928.25
each agent reward: 2860928.25
Episode 891 return: -4292054.5
Episode: 891, total reward: 2860062.75
each agent reward: 2860062.75
Episode 892 return: -4149854.0
Episode: 892, total reward: 2859202.75
each agent reward: 2859202.75
Episode 893 return: -4649160.0
Episode: 893, total reward: 2853636.25
each agent reward: 2853636.25
Episode 894 return: -4592034.0
Episode: 894, total reward: 2853636.25
each agent reward: 2853636.25
Episode 895 return: -4073783.5
Episode: 895, total reward: 2853636.25
each agent reward: 2853636.25
Episode 896 return: -4400592.0
Episode: 896, total reward: 2853636.25
each agent reward: 2853636.25
Episode 897 return: -4077060.0
Episode: 897, total reward: 2853636.25
each agent reward: 2853636.25
Episode 898 return: -4306587.5
Episode: 898, total reward: 2850831.25
each agent reward: 2850831.25
Episode 899 return: -4518793.5
Episode: 899, total reward: 2847561.25
each agent reward: 2847561.25
Episode 900 return: -4527056.0
Episode: 900, total reward: 2847561.25
each agent reward: 2847561.25
Episode 901 return: -4304754.5
Episode: 901, total reward: 2850784.25
each agent reward: 2850784.25
Episode 902 return: -4237984.5
Episode: 902, total reward: 3611750.5
each agent reward: 3611750.5
Episode 903 return: -4145768.0
Episode: 903, total reward: 3610367.5
each agent reward: 3610367.5
Episode 904 return: -4278528.0
Episode: 904, total reward: 3611114.0
each agent reward: 3611114.0
Episode 905 return: -4597139.0
Episode: 905, total reward: 3611114.0
each agent reward: 3611114.0
Episode 906 return: -5147678.0
Episode: 906, total reward: 3611114.0
each agent reward: 3611114.0
Episode 907 return: -4755654.0
Episode: 907, total reward: 2847610.25
each agent reward: 2847610.25
Episode 908 return: -4329020.5
Episode: 908, total reward: 2850734.25
each agent reward: 2850734.25
Episode 909 return: -4100859.5
Episode: 909, total reward: 2853199.5
each agent reward: 2853199.5
Episode 910 return: -4771233.5
Episode: 910, total reward: 2853199.5
each agent reward: 2853199.5
Episode 911 return: -4250750.5
Episode: 911, total reward: 2849923.75
each agent reward: 2849923.75
Episode 912 return: -4714687.5
Episode: 912, total reward: 2840484.0
each agent reward: 2840484.0
Episode 913 return: -4487840.5
Episode: 913, total reward: 2841982.0
each agent reward: 2841982.0
Episode 914 return: -4320869.5
Episode: 914, total reward: 2845727.0
each agent reward: 2845727.0
Episode 915 return: -4368323.0
Episode: 915, total reward: 2845727.0
each agent reward: 2845727.0
Episode 916 return: -4442742.5
Episode: 916, total reward: 2846098.75
each agent reward: 2846098.75
Episode 917 return: -4163773.0
Episode: 917, total reward: 2847207.5
each agent reward: 2847207.5
Episode 918 return: -4132148.25
Episode: 918, total reward: 2846985.0
each agent reward: 2846985.0
Episode 919 return: -4394752.5
Episode: 919, total reward: 2847136.25
each agent reward: 2847136.25
Episode 920 return: -4302916.5
Episode: 920, total reward: 2847136.25
each agent reward: 2847136.25
Episode 921 return: -4138883.5
Episode: 921, total reward: 2847171.25
each agent reward: 2847171.25
Episode 922 return: -4191023.0
Episode: 922, total reward: 2846929.0
each agent reward: 2846929.0
Episode 923 return: -4512242.5
Episode: 923, total reward: 2844361.0
each agent reward: 2844361.0
Episode 924 return: -4237874.0
Episode: 924, total reward: 2845143.25
each agent reward: 2845143.25
Episode 925 return: -4519301.0
Episode: 925, total reward: 2845143.25
each agent reward: 2845143.25
Episode 926 return: -4313040.5
Episode: 926, total reward: 2842409.75
each agent reward: 2842409.75
Episode 927 return: -4263513.5
Episode: 927, total reward: 2838329.5
each agent reward: 2838329.5
Episode 928 return: -4287661.0
Episode: 928, total reward: 2835108.25
each agent reward: 2835108.25
Episode 929 return: -4197160.0
Episode: 929, total reward: 2837129.75
each agent reward: 2837129.75
Episode 930 return: -4363865.0
Episode: 930, total reward: 2837129.75
each agent reward: 2837129.75
Episode 931 return: -4303837.5
Episode: 931, total reward: 2838586.75
each agent reward: 2838586.75
Episode 932 return: -4340939.5
Episode: 932, total reward: 2840050.0
each agent reward: 2840050.0
Episode 933 return: -4479147.0
Episode: 933, total reward: 2836700.25
each agent reward: 2836700.25
Episode 934 return: -4637207.5
Episode: 934, total reward: 2835897.0
each agent reward: 2835897.0
Episode 935 return: -4568211.5
Episode: 935, total reward: 2835897.0
each agent reward: 2835897.0
Episode 936 return: -4553943.0
Episode: 936, total reward: 2838061.5
each agent reward: 2838061.5
Episode 937 return: -4556322.5
Episode: 937, total reward: 2841303.75
each agent reward: 2841303.75
Episode 938 return: -4421870.5
Episode: 938, total reward: 2842331.25
each agent reward: 2842331.25
Episode 939 return: -4282862.0
Episode: 939, total reward: 2848868.0
each agent reward: 2848868.0
Episode 940 return: -4411024.5
Episode: 940, total reward: 2848868.0
each agent reward: 2848868.0
Episode 941 return: -5141183.5
Episode: 941, total reward: 2851957.75
each agent reward: 2851957.75
Episode 942 return: -4328884.5
Episode: 942, total reward: 2855208.0
each agent reward: 2855208.0
Episode 943 return: -4078110.0
Episode: 943, total reward: 2859457.0
each agent reward: 2859457.0
Episode 944 return: -4636318.0
Episode: 944, total reward: 2859063.5
each agent reward: 2859063.5
Episode 945 return: -4773108.0
Episode: 945, total reward: 2859063.5
each agent reward: 2859063.5
Episode 946 return: -4576980.5
Episode: 946, total reward: 2856877.0
each agent reward: 2856877.0
Episode 947 return: -4382639.5
Episode: 947, total reward: 2855143.0
each agent reward: 2855143.0
Episode 948 return: -4583710.5
Episode: 948, total reward: 2857908.0
each agent reward: 2857908.0
Episode 949 return: -4563621.0
Episode: 949, total reward: 2859059.5
each agent reward: 2859059.5
Episode 950 return: -4460076.5
Episode: 950, total reward: 2859059.5
each agent reward: 2859059.5
Episode 951 return: -4298722.0
Episode: 951, total reward: 2857598.5
each agent reward: 2857598.5
Episode 952 return: -4193384.25
Episode: 952, total reward: 2850445.5
each agent reward: 2850445.5
Episode 953 return: -4383536.5
Episode: 953, total reward: 2843133.5
each agent reward: 2843133.5
Episode 954 return: -4147316.5
Episode: 954, total reward: 2843882.75
each agent reward: 2843882.75
Episode 955 return: -4388846.0
Episode: 955, total reward: 2843882.75
each agent reward: 2843882.75
Episode 956 return: -4522274.0
Episode: 956, total reward: 2843177.75
each agent reward: 2843177.75
Episode 957 return: -4340997.5
Episode: 957, total reward: 2844173.75
each agent reward: 2844173.75
Episode 958 return: -4750637.5
Episode: 958, total reward: 2842535.75
each agent reward: 2842535.75
Episode 959 return: -4404702.0
Episode: 959, total reward: 2837386.75
each agent reward: 2837386.75
Episode 960 return: -4480649.5
Episode: 960, total reward: 2837386.75
each agent reward: 2837386.75
Episode 961 return: -4618779.0
Episode: 961, total reward: 2836254.25
each agent reward: 2836254.25
Episode 962 return: -4742533.0
Episode: 962, total reward: 2836803.0
each agent reward: 2836803.0
Episode 963 return: -4857103.0
Episode: 963, total reward: 2837217.5
each agent reward: 2837217.5
Episode 964 return: -4541946.5
Episode: 964, total reward: 2838816.75
each agent reward: 2838816.75
Episode 965 return: -4545338.5
Episode: 965, total reward: 2838816.75
each agent reward: 2838816.75
Episode 966 return: -4538279.5
Episode: 966, total reward: 2847144.25
each agent reward: 2847144.25
Episode 967 return: -5035133.5
Episode: 967, total reward: 2846818.5
each agent reward: 2846818.5
Episode 968 return: -4316607.5
Episode: 968, total reward: 2845830.0
each agent reward: 2845830.0
Episode 969 return: -4236348.5
Episode: 969, total reward: 2844638.75
each agent reward: 2844638.75
Episode 970 return: -4614776.0
Episode: 970, total reward: 2844638.75
each agent reward: 2844638.75
Episode 971 return: -4398592.5
Episode: 971, total reward: 2843991.0
each agent reward: 2843991.0
Episode 972 return: -4044406.0
Episode: 972, total reward: 2844912.75
each agent reward: 2844912.75
Episode 973 return: -3979314.0
Episode: 973, total reward: 2844912.75
each agent reward: 2844912.75
Episode 974 return: -5259878.5
Episode: 974, total reward: 2844912.75
each agent reward: 2844912.75
Episode 975 return: -4301316.0
Episode: 975, total reward: 2844912.75
each agent reward: 2844912.75
Episode 976 return: -4580372.5
Episode: 976, total reward: 2843284.0
each agent reward: 2843284.0
Episode 977 return: -4638697.0
Episode: 977, total reward: 2839040.25
each agent reward: 2839040.25
Episode 978 return: -4630969.5
Episode: 978, total reward: 2836225.75
each agent reward: 2836225.75
Episode 979 return: -4570805.5
Episode: 979, total reward: 2835440.0
each agent reward: 2835440.0
Episode 980 return: -4387399.0
Episode: 980, total reward: 2835440.0
each agent reward: 2835440.0
Episode 981 return: -4312403.5
Episode: 981, total reward: 2835440.0
each agent reward: 2835440.0
Episode 982 return: -4619395.0
Episode: 982, total reward: 2835440.0
each agent reward: 2835440.0
Episode 983 return: -4536831.5
Episode: 983, total reward: 2835440.0
each agent reward: 2835440.0
Episode 984 return: -4281382.5
Episode: 984, total reward: 2835440.0
each agent reward: 2835440.0
Episode 985 return: -4757820.0
Episode: 985, total reward: 2835440.0
each agent reward: 2835440.0
Episode 986 return: -4049024.5
Episode: 986, total reward: 2835440.0
each agent reward: 2835440.0
Episode 987 return: -4463113.0
Episode: 987, total reward: 2837890.25
each agent reward: 2837890.25
Episode 988 return: -4341445.0
Episode: 988, total reward: 2840521.0
each agent reward: 2840521.0
Episode 989 return: -5405634.5
Episode: 989, total reward: 2845972.5
each agent reward: 2845972.5
Episode 990 return: -4466366.0
Episode: 990, total reward: 2845972.5
each agent reward: 2845972.5
Episode 991 return: -4249170.5
Episode: 991, total reward: 2847243.0
each agent reward: 2847243.0
Episode 992 return: -4585259.5
Episode: 992, total reward: 2847176.25
each agent reward: 2847176.25
Episode 993 return: -4252152.5
Episode: 993, total reward: 2846866.0
each agent reward: 2846866.0
Episode 994 return: -4736863.5
Episode: 994, total reward: 2846985.0
each agent reward: 2846985.0
Episode 995 return: -4409327.5
Episode: 995, total reward: 2846985.0
each agent reward: 2846985.0
Episode 996 return: -4041461.5
Episode: 996, total reward: 2847604.75
each agent reward: 2847604.75
Episode 997 return: -4293241.0
Episode: 997, total reward: 2845924.0
each agent reward: 2845924.0
Episode 998 return: -4583995.0
Episode: 998, total reward: 2845492.5
each agent reward: 2845492.5
Episode 999 return: -4336820.5
Episode: 999, total reward: 2845134.0
each agent reward: 2845134.0
