Episode: -1, total reward: 1199648.375
each agent reward: 1199648.375
Episode: 1, total reward: 496208.21875
each agent reward: 496208.21875
Episode 0 return: -827331.75
Episode: 0, total reward: 496208.21875
each agent reward: 496208.21875
Episode 1 return: -923012.75
Episode: 1, total reward: 496208.21875
each agent reward: 496208.21875
Episode 2 return: -843853.625
Episode: 2, total reward: 496208.21875
each agent reward: 496208.21875
Episode 3 return: -909549.4375
Episode: 3, total reward: 496208.21875
each agent reward: 496208.21875
Episode 4 return: -900587.4375
Episode: 4, total reward: 496208.21875
each agent reward: 496208.21875
Episode 5 return: -849580.9375
Episode: 5, total reward: 496208.21875
each agent reward: 496208.21875
Episode 6 return: -876059.125
Episode: 6, total reward: 496208.21875
each agent reward: 496208.21875
Episode 7 return: -864654.3125
Episode: 7, total reward: 496208.21875
each agent reward: 496208.21875
Episode 8 return: -871863.125
Episode: 8, total reward: 496208.21875
each agent reward: 496208.21875
Episode 9 return: -823996.5
Episode: 9, total reward: 496208.21875
each agent reward: 496208.21875
Episode 10 return: -862190.4375
Episode: 10, total reward: 496208.21875
each agent reward: 496208.21875
Episode 11 return: -913227.5625
Episode: 11, total reward: 496208.21875
each agent reward: 496208.21875
Episode 12 return: -1002160.6875
Episode: 12, total reward: 726190.6875
each agent reward: 726190.6875
Episode 13 return: -1016346.625
Episode: 13, total reward: 726190.6875
each agent reward: 726190.6875
Episode 14 return: -999274.0625
Episode: 14, total reward: 726190.6875
each agent reward: 726190.6875
Episode 15 return: -1075756.75
Episode: 15, total reward: 726190.6875
each agent reward: 726190.6875
Episode 16 return: -1122546.875
Episode: 16, total reward: 726437.875
each agent reward: 726437.875
Episode 17 return: -1020793.25
Episode: 17, total reward: 726437.875
each agent reward: 726437.875
Episode 18 return: -991867.75
Episode: 18, total reward: 726437.875
each agent reward: 726437.875
Episode 19 return: -1011868.25
Episode: 19, total reward: 726437.875
each agent reward: 726437.875
Episode 20 return: -1001483.4375
Episode: 20, total reward: 726437.875
each agent reward: 726437.875
Episode 21 return: -993026.3125
Episode: 21, total reward: 726437.875
each agent reward: 726437.875
Episode 22 return: -1007623.1875
Episode: 22, total reward: 726437.875
each agent reward: 726437.875
Episode 23 return: -995958.875
Episode: 23, total reward: 726437.875
each agent reward: 726437.875
Episode 24 return: -993842.375
Episode: 24, total reward: 726437.875
each agent reward: 726437.875
Episode 25 return: -986289.4375
Episode: 25, total reward: 726437.875
each agent reward: 726437.875
Episode 26 return: -1009070.9375
Episode: 26, total reward: 726437.875
each agent reward: 726437.875
Episode 27 return: -1008250.9375
Episode: 27, total reward: 726437.875
each agent reward: 726437.875
Episode 28 return: -990671.75
Episode: 28, total reward: 726437.875
each agent reward: 726437.875
Episode 29 return: -988014.25
Episode: 29, total reward: 726437.875
each agent reward: 726437.875
Episode 30 return: -1043920.0625
Episode: 30, total reward: 726437.875
each agent reward: 726437.875
Episode 31 return: -1029013.9375
Episode: 31, total reward: 726437.875
each agent reward: 726437.875
Episode 32 return: -1029334.625
Episode: 32, total reward: 726437.875
each agent reward: 726437.875
Episode 33 return: -1051773.875
Episode: 33, total reward: 726437.875
each agent reward: 726437.875
Episode 34 return: -1074509.875
Episode: 34, total reward: 726437.875
each agent reward: 726437.875
Episode 35 return: -1059423.0
Episode: 35, total reward: 726437.875
each agent reward: 726437.875
Episode 36 return: -1027251.375
Episode: 36, total reward: 726437.875
each agent reward: 726437.875
Episode 37 return: -1043441.8125
Episode: 37, total reward: 726437.875
each agent reward: 726437.875
Episode 38 return: -1010677.125
Episode: 38, total reward: 726437.875
each agent reward: 726437.875
Episode 39 return: -1074179.625
Episode: 39, total reward: 726437.875
each agent reward: 726437.875
Episode 40 return: -1038484.375
Episode: 40, total reward: 726437.875
each agent reward: 726437.875
Episode 41 return: -1017959.5625
Episode: 41, total reward: 726437.875
each agent reward: 726437.875
Episode 42 return: -947956.0
Episode: 42, total reward: 726437.875
each agent reward: 726437.875
Episode 43 return: -970179.75
Episode: 43, total reward: 726437.875
each agent reward: 726437.875
Episode 44 return: -974473.75
Episode: 44, total reward: 726437.875
each agent reward: 726437.875
Episode 45 return: -1005533.375
Episode: 45, total reward: 726437.875
each agent reward: 726437.875
Episode 46 return: -949135.5625
Episode: 46, total reward: 726437.875
each agent reward: 726437.875
Episode 47 return: -986471.375
Episode: 47, total reward: 726437.875
each agent reward: 726437.875
Episode 48 return: -1038193.125
Episode: 48, total reward: 726437.875
each agent reward: 726437.875
Episode 49 return: -983503.0
Episode: 49, total reward: 726437.875
each agent reward: 726437.875
Episode 50 return: -1093115.875
Episode: 50, total reward: 726437.875
each agent reward: 726437.875
Episode 51 return: -1007788.875
Episode: 51, total reward: 726437.875
each agent reward: 726437.875
Episode 52 return: -1028065.875
Episode: 52, total reward: 726437.875
each agent reward: 726437.875
Episode 53 return: -1084042.875
Episode: 53, total reward: 726437.875
each agent reward: 726437.875
Episode 54 return: -992498.25
Episode: 54, total reward: 726437.875
each agent reward: 726437.875
Episode 55 return: -1003343.875
Episode: 55, total reward: 726437.875
each agent reward: 726437.875
Episode 56 return: -1034571.0
Episode: 56, total reward: 726437.875
each agent reward: 726437.875
Episode 57 return: -1029644.3125
Episode: 57, total reward: 726437.875
each agent reward: 726437.875
Episode 58 return: -976311.9375
Episode: 58, total reward: 726437.875
each agent reward: 726437.875
Episode 59 return: -974070.5
Episode: 59, total reward: 726437.875
each agent reward: 726437.875
Episode 60 return: -1015244.5
Episode: 60, total reward: 726437.875
each agent reward: 726437.875
Episode 61 return: -980849.0
Episode: 61, total reward: 726437.875
each agent reward: 726437.875
Episode 62 return: -940126.4375
Episode: 62, total reward: 726437.875
each agent reward: 726437.875
Episode 63 return: -1006496.125
Episode: 63, total reward: 727492.6875
each agent reward: 727492.6875
Episode 64 return: -1022665.25
Episode: 64, total reward: 729510.0625
each agent reward: 729510.0625
Episode 65 return: -970694.9375
Episode: 65, total reward: 729510.0625
each agent reward: 729510.0625
Episode 66 return: -985658.625
Episode: 66, total reward: 729072.375
each agent reward: 729072.375
Episode 67 return: -963868.8125
Episode: 67, total reward: 727054.0
each agent reward: 727054.0
Episode 68 return: -966282.8125
Episode: 68, total reward: 726093.4375
each agent reward: 726093.4375
Episode 69 return: -945449.375
Episode: 69, total reward: 726093.4375
each agent reward: 726093.4375
Episode 70 return: -1079153.625
Episode: 70, total reward: 726093.4375
each agent reward: 726093.4375
Episode 71 return: -945530.75
Episode: 71, total reward: 726093.4375
each agent reward: 726093.4375
Episode 72 return: -1012308.6875
Episode: 72, total reward: 726093.4375
each agent reward: 726093.4375
Episode 73 return: -944868.0
Episode: 73, total reward: 682418.5
each agent reward: 682418.5
Episode 74 return: -967475.9375
Episode: 74, total reward: 612894.125
each agent reward: 612894.125
Episode 75 return: -957202.4375
Episode: 75, total reward: 612894.125
each agent reward: 612894.125
Episode 76 return: -1047846.875
Episode: 76, total reward: 608781.0
each agent reward: 608781.0
Episode 77 return: -940054.9375
Episode: 77, total reward: 610237.875
each agent reward: 610237.875
Episode 78 return: -956396.6875
Episode: 78, total reward: 607725.0
each agent reward: 607725.0
Episode 79 return: -949084.4375
Episode: 79, total reward: 608625.625
each agent reward: 608625.625
Episode 80 return: -922651.8125
Episode: 80, total reward: 608625.625
each agent reward: 608625.625
Episode 81 return: -946771.3125
Episode: 81, total reward: 608193.25
each agent reward: 608193.25
Episode 82 return: -979695.4375
Episode: 82, total reward: 596733.0
each agent reward: 596733.0
Episode 83 return: -950841.875
Episode: 83, total reward: 493426.3125
each agent reward: 493426.3125
Episode 84 return: -926144.1875
Episode: 84, total reward: 493301.875
each agent reward: 493301.875
Episode 85 return: -882910.0
Episode: 85, total reward: 493301.875
each agent reward: 493301.875
Episode 86 return: -910352.0625
Episode: 86, total reward: 492171.125
each agent reward: 492171.125
Episode 87 return: -881819.9375
Episode: 87, total reward: 491211.1875
each agent reward: 491211.1875
Episode 88 return: -875148.75
Episode: 88, total reward: 491813.15625
each agent reward: 491813.15625
Episode 89 return: -906761.375
Episode: 89, total reward: 490507.9375
each agent reward: 490507.9375
Episode 90 return: -959042.8125
Episode: 90, total reward: 490507.9375
each agent reward: 490507.9375
Episode 91 return: -930344.9375
Episode: 91, total reward: 489869.3125
each agent reward: 489869.3125
Episode 92 return: -865483.8125
Episode: 92, total reward: 489869.3125
each agent reward: 489869.3125
Episode 93 return: -881603.5625
Episode: 93, total reward: 489869.3125
each agent reward: 489869.3125
Episode 94 return: -921484.1875
Episode: 94, total reward: 489869.3125
each agent reward: 489869.3125
Episode 95 return: -961753.75
Episode: 95, total reward: 489869.3125
each agent reward: 489869.3125
Episode 96 return: -935391.4375
Episode: 96, total reward: 489869.3125
each agent reward: 489869.3125
Episode 97 return: -885570.3125
Episode: 97, total reward: 489869.3125
each agent reward: 489869.3125
Episode 98 return: -946734.75
Episode: 98, total reward: 489869.3125
each agent reward: 489869.3125
Episode 99 return: -949424.5625
Episode: 99, total reward: 490311.84375
each agent reward: 490311.84375
Episode 100 return: -1051776.875
Episode: 100, total reward: 490311.84375
each agent reward: 490311.84375
Episode 101 return: -891264.9375
Episode: 101, total reward: 491058.71875
each agent reward: 491058.71875
Episode 102 return: -925181.0
Episode: 102, total reward: 492625.65625
each agent reward: 492625.65625
Episode 103 return: -974278.875
Episode: 103, total reward: 493226.625
each agent reward: 493226.625
Episode 104 return: -887601.4375
Episode: 104, total reward: 492770.375
each agent reward: 492770.375
Episode 105 return: -992629.75
Episode: 105, total reward: 492770.375
each agent reward: 492770.375
Episode 106 return: -975333.4375
Episode: 106, total reward: 491499.46875
each agent reward: 491499.46875
Episode 107 return: -913240.3125
Episode: 107, total reward: 492426.0625
each agent reward: 492426.0625
Episode 108 return: -964727.8125
Episode: 108, total reward: 492139.1875
each agent reward: 492139.1875
Episode 109 return: -975585.8125
Episode: 109, total reward: 497811.4375
each agent reward: 497811.4375
Episode 110 return: -988976.625
Episode: 110, total reward: 497811.4375
each agent reward: 497811.4375
Episode 111 return: -1020725.3125
Episode: 111, total reward: 497838.5625
each agent reward: 497838.5625
Episode 112 return: -1063697.5
Episode: 112, total reward: 500522.5
each agent reward: 500522.5
Episode 113 return: -959838.25
Episode: 113, total reward: 506927.8125
each agent reward: 506927.8125
Episode 114 return: -1054133.0
Episode: 114, total reward: 499390.4375
each agent reward: 499390.4375
Episode 115 return: -1086936.5
Episode: 115, total reward: 499390.4375
each agent reward: 499390.4375
Episode 116 return: -1137114.125
Episode: 116, total reward: 498901.125
each agent reward: 498901.125
Episode 117 return: -1139023.125
Episode: 117, total reward: 498447.375
each agent reward: 498447.375
Episode 118 return: -1130402.875
Episode: 118, total reward: 515933.71875
each agent reward: 515933.71875
Episode 119 return: -1244781.0
Episode: 119, total reward: 512326.96875
each agent reward: 512326.96875
Episode 120 return: -1270704.75
Episode: 120, total reward: 512326.96875
each agent reward: 512326.96875
Episode 121 return: -1205215.5
Episode: 121, total reward: 517990.09375
each agent reward: 517990.09375
Episode 122 return: -1258802.5
Episode: 122, total reward: 516915.09375
each agent reward: 516915.09375
Episode 123 return: -1228245.75
Episode: 123, total reward: 539757.875
each agent reward: 539757.875
Episode 124 return: -1331344.625
Episode: 124, total reward: 542579.375
each agent reward: 542579.375
Episode 125 return: -1276317.75
Episode: 125, total reward: 542579.375
each agent reward: 542579.375
Episode 126 return: -1409320.875
Episode: 126, total reward: 493605.5
each agent reward: 493605.5
Episode 127 return: -1383962.25
Episode: 127, total reward: 507698.6875
each agent reward: 507698.6875
Episode 128 return: -1429390.25
Episode: 128, total reward: 498944.59375
each agent reward: 498944.59375
Episode 129 return: -1436676.625
Episode: 129, total reward: 502853.125
each agent reward: 502853.125
Episode 130 return: -1443843.25
Episode: 130, total reward: 502853.125
each agent reward: 502853.125
Episode 131 return: -1403921.625
Episode: 131, total reward: 550296.75
each agent reward: 550296.75
Episode 132 return: -1416809.875
Episode: 132, total reward: 448469.5
each agent reward: 448469.5
Episode 133 return: -1450629.375
Episode: 133, total reward: 438324.46875
each agent reward: 438324.46875
Episode 134 return: -1501703.0
Episode: 134, total reward: 412634.125
each agent reward: 412634.125
Episode 135 return: -1650901.875
Episode: 135, total reward: 412634.125
each agent reward: 412634.125
Episode 136 return: -1577375.125
Episode: 136, total reward: 442520.3125
each agent reward: 442520.3125
Episode 137 return: -1466569.375
Episode: 137, total reward: 425913.5
each agent reward: 425913.5
Episode 138 return: -1654236.125
Episode: 138, total reward: 401205.96875
each agent reward: 401205.96875
Episode 139 return: -1692421.75
Episode: 139, total reward: 408182.09375
each agent reward: 408182.09375
Episode 140 return: -1591258.875
Episode: 140, total reward: 408182.09375
each agent reward: 408182.09375
Episode 141 return: -1636642.25
Episode: 141, total reward: 412423.59375
each agent reward: 412423.59375
Episode 142 return: -1568160.125
Episode: 142, total reward: 406100.59375
each agent reward: 406100.59375
Episode 143 return: -1615987.0
Episode: 143, total reward: 443627.71875
each agent reward: 443627.71875
Episode 144 return: -1569561.875
Episode: 144, total reward: 491716.71875
each agent reward: 491716.71875
Episode 145 return: -1505548.5
Episode: 145, total reward: 491716.71875
each agent reward: 491716.71875
Episode 146 return: -1568517.625
Episode: 146, total reward: 491929.4375
each agent reward: 491929.4375
Episode 147 return: -1617157.375
Episode: 147, total reward: 469178.28125
each agent reward: 469178.28125
Episode 148 return: -1490101.25
Episode: 148, total reward: 425946.8125
each agent reward: 425946.8125
Episode 149 return: -1565674.5
Episode: 149, total reward: 448484.03125
each agent reward: 448484.03125
Episode 150 return: -1532003.375
Episode: 150, total reward: 448484.03125
each agent reward: 448484.03125
Episode 151 return: -1581470.5
Episode: 151, total reward: 475246.53125
each agent reward: 475246.53125
Episode 152 return: -1528637.5
Episode: 152, total reward: 512095.0
each agent reward: 512095.0
Episode 153 return: -1604063.0
Episode: 153, total reward: 523151.21875
each agent reward: 523151.21875
Episode 154 return: -1656631.875
Episode: 154, total reward: 453409.25
each agent reward: 453409.25
Episode 155 return: -1554014.75
Episode: 155, total reward: 453409.25
each agent reward: 453409.25
Episode 156 return: -1579325.875
Episode: 156, total reward: 457636.15625
each agent reward: 457636.15625
Episode 157 return: -1522721.625
Episode: 157, total reward: 407351.59375
each agent reward: 407351.59375
Episode 158 return: -1491680.875
Episode: 158, total reward: 390723.4375
each agent reward: 390723.4375
Episode 159 return: -1572040.25
Episode: 159, total reward: 461782.6875
each agent reward: 461782.6875
Episode 160 return: -1568651.75
Episode: 160, total reward: 461782.6875
each agent reward: 461782.6875
Episode 161 return: -1568223.375
Episode: 161, total reward: 578064.9375
each agent reward: 578064.9375
Episode 162 return: -1404141.75
Episode: 162, total reward: 605820.25
each agent reward: 605820.25
Episode 163 return: -1599676.875
Episode: 163, total reward: 586362.75
each agent reward: 586362.75
Episode 164 return: -1561912.625
Episode: 164, total reward: 554783.75
each agent reward: 554783.75
Episode 165 return: -1670699.0
Episode: 165, total reward: 554783.75
each agent reward: 554783.75
Episode 166 return: -1495468.0
Episode: 166, total reward: 548349.875
each agent reward: 548349.875
Episode 167 return: -1636989.0
Episode: 167, total reward: 447962.46875
each agent reward: 447962.46875
Episode 168 return: -1399504.625
Episode: 168, total reward: 418021.875
each agent reward: 418021.875
Episode 169 return: -1526075.125
Episode: 169, total reward: 396037.8125
each agent reward: 396037.8125
Episode 170 return: -1666567.5
Episode: 170, total reward: 396037.8125
each agent reward: 396037.8125
Episode 171 return: -1474262.25
Episode: 171, total reward: 472782.46875
each agent reward: 472782.46875
Episode 172 return: -1390237.125
Episode: 172, total reward: 487786.15625
each agent reward: 487786.15625
Episode 173 return: -1561841.875
Episode: 173, total reward: 493129.84375
each agent reward: 493129.84375
Episode 174 return: -1332157.375
Episode: 174, total reward: 492752.3125
each agent reward: 492752.3125
Episode 175 return: -1461479.875
Episode: 175, total reward: 492752.3125
each agent reward: 492752.3125
Episode 176 return: -1316382.0
Episode: 176, total reward: 495326.0
each agent reward: 495326.0
Episode 177 return: -1481972.5
Episode: 177, total reward: 511297.34375
each agent reward: 511297.34375
Episode 178 return: -1425209.5
Episode: 178, total reward: 539279.6875
each agent reward: 539279.6875
Episode 179 return: -1614569.125
Episode: 179, total reward: 515072.6875
each agent reward: 515072.6875
Episode 180 return: -1432710.125
Episode: 180, total reward: 515072.6875
each agent reward: 515072.6875
Episode 181 return: -1465925.75
Episode: 181, total reward: 552544.5
each agent reward: 552544.5
Episode 182 return: -1529707.75
Episode: 182, total reward: 491851.5625
each agent reward: 491851.5625
Episode 183 return: -1373741.25
Episode: 183, total reward: 413261.5
each agent reward: 413261.5
Episode 184 return: -1461078.5
Episode: 184, total reward: 462609.78125
each agent reward: 462609.78125
Episode 185 return: -1367012.875
Episode: 185, total reward: 462609.78125
each agent reward: 462609.78125
Episode 186 return: -1421583.5
Episode: 186, total reward: 428248.125
each agent reward: 428248.125
Episode 187 return: -1466685.5
Episode: 187, total reward: 382632.25
each agent reward: 382632.25
Episode 188 return: -1397004.625
Episode: 188, total reward: 543052.625
each agent reward: 543052.625
Episode 189 return: -1491514.75
Episode: 189, total reward: 636326.5625
each agent reward: 636326.5625
Episode 190 return: -1498024.125
Episode: 190, total reward: 636326.5625
each agent reward: 636326.5625
Episode 191 return: -1516733.375
Episode: 191, total reward: 702879.25
each agent reward: 702879.25
Episode 192 return: -1529318.375
Episode: 192, total reward: 782776.0
each agent reward: 782776.0
Episode 193 return: -1505338.625
Episode: 193, total reward: 672807.3125
each agent reward: 672807.3125
Episode 194 return: -1495037.5
Episode: 194, total reward: 776860.9375
each agent reward: 776860.9375
Episode 195 return: -1477402.75
Episode: 195, total reward: 776860.9375
each agent reward: 776860.9375
Episode 196 return: -1501046.5
Episode: 196, total reward: 815982.0625
each agent reward: 815982.0625
Episode 197 return: -1484169.625
Episode: 197, total reward: 783380.625
each agent reward: 783380.625
Episode 198 return: -1341639.375
Episode: 198, total reward: 698505.75
each agent reward: 698505.75
Episode 199 return: -1442234.75
Episode: 199, total reward: 629976.125
each agent reward: 629976.125
Episode 200 return: -1372092.5
Episode: 200, total reward: 629976.125
each agent reward: 629976.125
Episode 201 return: -1343155.75
Episode: 201, total reward: 620739.0625
each agent reward: 620739.0625
Episode 202 return: -1453719.25
Episode: 202, total reward: 630867.9375
each agent reward: 630867.9375
Episode 203 return: -1510111.0
Episode: 203, total reward: 552189.5625
each agent reward: 552189.5625
Episode 204 return: -1560118.25
Episode: 204, total reward: 510017.59375
each agent reward: 510017.59375
Episode 205 return: -1431637.5
Episode: 205, total reward: 510017.59375
each agent reward: 510017.59375
Episode 206 return: -1307974.625
Episode: 206, total reward: 508393.46875
each agent reward: 508393.46875
Episode 207 return: -1313726.5
Episode: 207, total reward: 502186.3125
each agent reward: 502186.3125
Episode 208 return: -1379766.625
Episode: 208, total reward: 502999.03125
each agent reward: 502999.03125
Episode 209 return: -1368233.625
Episode: 209, total reward: 507546.3125
each agent reward: 507546.3125
Episode 210 return: -1339539.375
Episode: 210, total reward: 507546.3125
each agent reward: 507546.3125
Episode 211 return: -1307247.875
Episode: 211, total reward: 543992.625
each agent reward: 543992.625
Episode 212 return: -1302861.75
Episode: 212, total reward: 622962.875
each agent reward: 622962.875
Episode 213 return: -1412092.875
Episode: 213, total reward: 660744.6875
each agent reward: 660744.6875
Episode 214 return: -1459464.375
Episode: 214, total reward: 764417.0625
each agent reward: 764417.0625
Episode 215 return: -1353296.25
Episode: 215, total reward: 764417.0625
each agent reward: 764417.0625
Episode 216 return: -1432451.75
Episode: 216, total reward: 781358.1875
each agent reward: 781358.1875
Episode 217 return: -1475371.375
Episode: 217, total reward: 770226.8125
each agent reward: 770226.8125
Episode 218 return: -1331728.125
Episode: 218, total reward: 747177.125
each agent reward: 747177.125
Episode 219 return: -1383176.875
Episode: 219, total reward: 745978.75
each agent reward: 745978.75
Episode 220 return: -1379100.25
Episode: 220, total reward: 745978.75
each agent reward: 745978.75
Episode 221 return: -1311347.625
Episode: 221, total reward: 819648.5
each agent reward: 819648.5
Episode 222 return: -1410365.5
Episode: 222, total reward: 911513.75
each agent reward: 911513.75
Episode 223 return: -1404483.25
Episode: 223, total reward: 1123399.0
each agent reward: 1123399.0
Episode 224 return: -1434905.125
Episode: 224, total reward: 1123205.5
each agent reward: 1123205.5
Episode 225 return: -1359697.0
Episode: 225, total reward: 1123205.5
each agent reward: 1123205.5
Episode 226 return: -1444908.375
Episode: 226, total reward: 883260.5
each agent reward: 883260.5
Episode 227 return: -1342600.375
Episode: 227, total reward: 875330.25
each agent reward: 875330.25
Episode 228 return: -1358557.5
Episode: 228, total reward: 863933.0
each agent reward: 863933.0
Episode 229 return: -1465186.875
Episode: 229, total reward: 852363.75
each agent reward: 852363.75
Episode 230 return: -1257690.0
Episode: 230, total reward: 852363.75
each agent reward: 852363.75
Episode 231 return: -1262843.75
Episode: 231, total reward: 743214.25
each agent reward: 743214.25
Episode 232 return: -1313142.25
Episode: 232, total reward: 742773.875
each agent reward: 742773.875
Episode 233 return: -1246312.625
Episode: 233, total reward: 703594.0
each agent reward: 703594.0
Episode 234 return: -1221650.75
Episode: 234, total reward: 641339.375
each agent reward: 641339.375
Episode 235 return: -1212184.125
Episode: 235, total reward: 641339.375
each agent reward: 641339.375
Episode 236 return: -1242553.625
Episode: 236, total reward: 625096.0
each agent reward: 625096.0
Episode 237 return: -1302570.25
Episode: 237, total reward: 626220.875
each agent reward: 626220.875
Episode 238 return: -1256628.25
Episode: 238, total reward: 692525.375
each agent reward: 692525.375
Episode 239 return: -1311190.625
Episode: 239, total reward: 721664.0625
each agent reward: 721664.0625
Episode 240 return: -1323446.375
Episode: 240, total reward: 721664.0625
each agent reward: 721664.0625
Episode 241 return: -1264636.75
Episode: 241, total reward: 688571.625
each agent reward: 688571.625
Episode 242 return: -1288162.375
Episode: 242, total reward: 609014.8125
each agent reward: 609014.8125
Episode 243 return: -1291906.75
Episode: 243, total reward: 518901.875
each agent reward: 518901.875
Episode 244 return: -1184777.25
Episode: 244, total reward: 499424.71875
each agent reward: 499424.71875
Episode 245 return: -1199825.5
Episode: 245, total reward: 499424.71875
each agent reward: 499424.71875
Episode 246 return: -1291514.0
Episode: 246, total reward: 445436.4375
each agent reward: 445436.4375
Episode 247 return: -1283681.5
Episode: 247, total reward: 390384.625
each agent reward: 390384.625
Episode 248 return: -1261453.0
Episode: 248, total reward: 383050.1875
each agent reward: 383050.1875
Episode 249 return: -1217829.0
Episode: 249, total reward: 388391.5
each agent reward: 388391.5
Episode 250 return: -1185515.5
Episode: 250, total reward: 388391.5
each agent reward: 388391.5
Episode 251 return: -1219526.375
Episode: 251, total reward: 414290.46875
each agent reward: 414290.46875
Episode 252 return: -1205926.5
Episode: 252, total reward: 439374.46875
each agent reward: 439374.46875
Episode 253 return: -1227387.25
Episode: 253, total reward: 463972.96875
each agent reward: 463972.96875
Episode 254 return: -1229539.625
Episode: 254, total reward: 454416.40625
each agent reward: 454416.40625
Episode 255 return: -1235451.875
Episode: 255, total reward: 454416.40625
each agent reward: 454416.40625
Episode 256 return: -1132032.0
Episode: 256, total reward: 456717.4375
each agent reward: 456717.4375
Episode 257 return: -1234766.25
Episode: 257, total reward: 427231.09375
each agent reward: 427231.09375
Episode 258 return: -1204350.75
Episode: 258, total reward: 384130.40625
each agent reward: 384130.40625
Episode 259 return: -1170872.125
Episode: 259, total reward: 382943.625
each agent reward: 382943.625
Episode 260 return: -1172036.125
Episode: 260, total reward: 382943.625
each agent reward: 382943.625
Episode 261 return: -1151236.125
Episode: 261, total reward: 375904.28125
each agent reward: 375904.28125
Episode 262 return: -1280028.625
Episode: 262, total reward: 381620.375
each agent reward: 381620.375
Episode 263 return: -1081795.25
Episode: 263, total reward: 382339.375
each agent reward: 382339.375
Episode 264 return: -1060900.375
Episode: 264, total reward: 404322.5625
each agent reward: 404322.5625
Episode 265 return: -1015266.0625
Episode: 265, total reward: 404322.5625
each agent reward: 404322.5625
Episode 266 return: -935603.8125
Episode: 266, total reward: 415077.78125
each agent reward: 415077.78125
Episode 267 return: -940380.6875
Episode: 267, total reward: 415460.125
each agent reward: 415460.125
Episode 268 return: -983577.1875
Episode: 268, total reward: 410387.375
each agent reward: 410387.375
Episode 269 return: -873975.25
Episode: 269, total reward: 416006.3125
each agent reward: 416006.3125
Episode 270 return: -966603.1875
Episode: 270, total reward: 416006.3125
each agent reward: 416006.3125
Episode 271 return: -916387.875
Episode: 271, total reward: 414172.96875
each agent reward: 414172.96875
Episode 272 return: -863298.6875
Episode: 272, total reward: 430058.6875
each agent reward: 430058.6875
Episode 273 return: -981401.9375
Episode: 273, total reward: 375782.84375
each agent reward: 375782.84375
Episode 274 return: -873546.25
Episode: 274, total reward: 374931.4375
each agent reward: 374931.4375
Episode 275 return: -847494.875
Episode: 275, total reward: 374931.4375
each agent reward: 374931.4375
Episode 276 return: -970766.1875
Episode: 276, total reward: 374156.59375
each agent reward: 374156.59375
Episode 277 return: -962991.6875
Episode: 277, total reward: 374742.8125
each agent reward: 374742.8125
Episode 278 return: -912139.3125
Episode: 278, total reward: 374302.5625
each agent reward: 374302.5625
Episode 279 return: -969859.5625
Episode: 279, total reward: 378473.875
each agent reward: 378473.875
Episode 280 return: -946936.8125
Episode: 280, total reward: 378473.875
each agent reward: 378473.875
Episode 281 return: -910463.625
Episode: 281, total reward: 379639.65625
each agent reward: 379639.65625
Episode 282 return: -973460.0625
Episode: 282, total reward: 379582.78125
each agent reward: 379582.78125
Episode 283 return: -971728.875
Episode: 283, total reward: 376990.125
each agent reward: 376990.125
Episode 284 return: -926556.5625
Episode: 284, total reward: 378610.65625
each agent reward: 378610.65625
Episode 285 return: -849980.75
Episode: 285, total reward: 378610.65625
each agent reward: 378610.65625
Episode 286 return: -892828.5625
Episode: 286, total reward: 385905.0
each agent reward: 385905.0
Episode 287 return: -970035.125
Episode: 287, total reward: 401806.28125
each agent reward: 401806.28125
Episode 288 return: -1005277.375
Episode: 288, total reward: 444805.40625
each agent reward: 444805.40625
Episode 289 return: -965426.0625
Episode: 289, total reward: 494590.34375
each agent reward: 494590.34375
Episode 290 return: -990148.125
Episode: 290, total reward: 494590.34375
each agent reward: 494590.34375
Episode 291 return: -1011438.5625
Episode: 291, total reward: 492067.9375
each agent reward: 492067.9375
Episode 292 return: -1024307.0625
Episode: 292, total reward: 502018.75
each agent reward: 502018.75
Episode 293 return: -1068342.875
Episode: 293, total reward: 512787.34375
each agent reward: 512787.34375
Episode 294 return: -985278.625
Episode: 294, total reward: 507574.4375
each agent reward: 507574.4375
Episode 295 return: -1142484.5
Episode: 295, total reward: 507574.4375
each agent reward: 507574.4375
Episode 296 return: -1039141.75
Episode: 296, total reward: 506320.3125
each agent reward: 506320.3125
Episode 297 return: -1055210.75
Episode: 297, total reward: 500899.9375
each agent reward: 500899.9375
Episode 298 return: -1065561.5
Episode: 298, total reward: 501118.90625
each agent reward: 501118.90625
Episode 299 return: -1134688.875
Episode: 299, total reward: 493769.71875
each agent reward: 493769.71875
Episode 300 return: -1108344.125
Episode: 300, total reward: 493769.71875
each agent reward: 493769.71875
Episode 301 return: -1000571.125
Episode: 301, total reward: 501858.34375
each agent reward: 501858.34375
Episode 302 return: -1143952.5
Episode: 302, total reward: 501485.125
each agent reward: 501485.125
Episode 303 return: -1131043.5
Episode: 303, total reward: 497189.6875
each agent reward: 497189.6875
Episode 304 return: -988588.0625
Episode: 304, total reward: 471509.96875
each agent reward: 471509.96875
Episode 305 return: -954935.375
Episode: 305, total reward: 471509.96875
each agent reward: 471509.96875
Episode 306 return: -992770.0625
Episode: 306, total reward: 415032.90625
each agent reward: 415032.90625
Episode 307 return: -920996.8125
Episode: 307, total reward: 399290.90625
each agent reward: 399290.90625
Episode 308 return: -921233.5625
Episode: 308, total reward: 375092.8125
each agent reward: 375092.8125
Episode 309 return: -918657.125
Episode: 309, total reward: 375014.34375
each agent reward: 375014.34375
Episode 310 return: -911705.25
Episode: 310, total reward: 375014.34375
each agent reward: 375014.34375
Episode 311 return: -882473.625
Episode: 311, total reward: 373626.96875
each agent reward: 373626.96875
Episode 312 return: -890298.9375
Episode: 312, total reward: 375274.8125
each agent reward: 375274.8125
Episode 313 return: -912544.1875
Episode: 313, total reward: 376397.96875
each agent reward: 376397.96875
Episode 314 return: -859358.0
Episode: 314, total reward: 380553.96875
each agent reward: 380553.96875
Episode 315 return: -893516.75
Episode: 315, total reward: 380553.96875
each agent reward: 380553.96875
Episode 316 return: -858314.5625
Episode: 316, total reward: 383844.5
each agent reward: 383844.5
Episode 317 return: -930002.5
Episode: 317, total reward: 377980.625
each agent reward: 377980.625
Episode 318 return: -893246.8125
Episode: 318, total reward: 375189.3125
each agent reward: 375189.3125
Episode 319 return: -834970.125
Episode: 319, total reward: 373154.75
each agent reward: 373154.75
Episode 320 return: -864527.75
Episode: 320, total reward: 373154.75
each agent reward: 373154.75
Episode 321 return: -911624.5
Episode: 321, total reward: 373702.5
each agent reward: 373702.5
Episode 322 return: -869049.3125
Episode: 322, total reward: 373733.125
each agent reward: 373733.125
Episode 323 return: -882795.1875
Episode: 323, total reward: 381993.03125
each agent reward: 381993.03125
Episode 324 return: -839777.1875
Episode: 324, total reward: 376278.875
each agent reward: 376278.875
Episode 325 return: -781057.1875
Episode: 325, total reward: 376278.875
each agent reward: 376278.875
Episode 326 return: -893738.75
Episode: 326, total reward: 375532.0
each agent reward: 375532.0
Episode 327 return: -882227.75
Episode: 327, total reward: 373504.90625
each agent reward: 373504.90625
Episode 328 return: -812131.8125
Episode: 328, total reward: 374310.84375
each agent reward: 374310.84375
Episode 329 return: -842718.1875
Episode: 329, total reward: 378812.59375
each agent reward: 378812.59375
Episode 330 return: -829547.0
Episode: 330, total reward: 378812.59375
each agent reward: 378812.59375
Episode 331 return: -901813.5
Episode: 331, total reward: 375575.875
each agent reward: 375575.875
Episode 332 return: -893729.4375
Episode: 332, total reward: 371459.71875
each agent reward: 371459.71875
Episode 333 return: -876735.4375
Episode: 333, total reward: 371459.71875
each agent reward: 371459.71875
Episode 334 return: -848743.5625
Episode: 334, total reward: 372990.03125
each agent reward: 372990.03125
Episode 335 return: -829887.375
Episode: 335, total reward: 372990.03125
each agent reward: 372990.03125
Episode 336 return: -784908.125
Episode: 336, total reward: 373939.34375
each agent reward: 373939.34375
Episode 337 return: -838654.0
Episode: 337, total reward: 374199.6875
each agent reward: 374199.6875
Episode 338 return: -829241.875
Episode: 338, total reward: 374700.5
each agent reward: 374700.5
Episode 339 return: -869029.625
Episode: 339, total reward: 374886.0625
each agent reward: 374886.0625
Episode 340 return: -877277.5
Episode: 340, total reward: 374886.0625
each agent reward: 374886.0625
Episode 341 return: -887504.25
Episode: 341, total reward: 378675.875
each agent reward: 378675.875
Episode 342 return: -824575.875
Episode: 342, total reward: 377665.5625
each agent reward: 377665.5625
Episode 343 return: -876348.0
Episode: 343, total reward: 372321.84375
each agent reward: 372321.84375
Episode 344 return: -832307.125
Episode: 344, total reward: 373065.03125
each agent reward: 373065.03125
Episode 345 return: -832567.875
Episode: 345, total reward: 373065.03125
each agent reward: 373065.03125
Episode 346 return: -890817.875
Episode: 346, total reward: 378307.375
each agent reward: 378307.375
Episode 347 return: -907258.375
Episode: 347, total reward: 374195.1875
each agent reward: 374195.1875
Episode 348 return: -884828.375
Episode: 348, total reward: 373548.03125
each agent reward: 373548.03125
Episode 349 return: -992482.375
Episode: 349, total reward: 376958.65625
each agent reward: 376958.65625
Episode 350 return: -852371.6875
Episode: 350, total reward: 376958.65625
each agent reward: 376958.65625
Episode 351 return: -822507.0
Episode: 351, total reward: 377534.34375
each agent reward: 377534.34375
Episode 352 return: -949550.75
Episode: 352, total reward: 379679.46875
each agent reward: 379679.46875
Episode 353 return: -957846.1875
Episode: 353, total reward: 380172.9375
each agent reward: 380172.9375
Episode 354 return: -911249.25
Episode: 354, total reward: 388538.125
each agent reward: 388538.125
Episode 355 return: -923141.4375
Episode: 355, total reward: 388538.125
each agent reward: 388538.125
Episode 356 return: -858975.5
Episode: 356, total reward: 410930.6875
each agent reward: 410930.6875
Episode 357 return: -973139.0
Episode: 357, total reward: 414354.4375
each agent reward: 414354.4375
Episode 358 return: -906495.6875
Episode: 358, total reward: 474458.90625
each agent reward: 474458.90625
Episode 359 return: -987229.0625
Episode: 359, total reward: 493354.0625
each agent reward: 493354.0625
Episode 360 return: -938418.4375
Episode: 360, total reward: 493354.0625
each agent reward: 493354.0625
Episode 361 return: -1019658.875
Episode: 361, total reward: 492835.40625
each agent reward: 492835.40625
Episode 362 return: -1049410.25
Episode: 362, total reward: 497045.625
each agent reward: 497045.625
Episode 363 return: -1087145.125
Episode: 363, total reward: 499017.8125
each agent reward: 499017.8125
Episode 364 return: -1001435.1875
Episode: 364, total reward: 400803.0625
each agent reward: 400803.0625
Episode 365 return: -1101327.625
Episode: 365, total reward: 400803.0625
each agent reward: 400803.0625
Episode 366 return: -1040519.3125
Episode: 366, total reward: 487650.28125
each agent reward: 487650.28125
Episode 367 return: -1065076.75
Episode: 367, total reward: 503882.96875
each agent reward: 503882.96875
Episode 368 return: -996429.625
Episode: 368, total reward: 505143.84375
each agent reward: 505143.84375
Episode 369 return: -1153156.375
Episode: 369, total reward: 495175.0
each agent reward: 495175.0
Episode 370 return: -1021039.625
Episode: 370, total reward: 495175.0
each agent reward: 495175.0
Episode 371 return: -944331.875
Episode: 371, total reward: 499395.375
each agent reward: 499395.375
Episode 372 return: -891212.4375
Episode: 372, total reward: 500295.4375
each agent reward: 500295.4375
Episode 373 return: -977588.6875
Episode: 373, total reward: 501930.125
each agent reward: 501930.125
Episode 374 return: -1076281.0
Episode: 374, total reward: 499210.25
each agent reward: 499210.25
Episode 375 return: -1042388.3125
Episode: 375, total reward: 499210.25
each agent reward: 499210.25
Episode 376 return: -1046899.6875
Episode: 376, total reward: 520819.53125
each agent reward: 520819.53125
Episode 377 return: -1097747.875
Episode: 377, total reward: 544896.125
each agent reward: 544896.125
Episode 378 return: -1094799.0
Episode: 378, total reward: 547158.0
each agent reward: 547158.0
Episode 379 return: -982715.625
Episode: 379, total reward: 540692.3125
each agent reward: 540692.3125
Episode 380 return: -1180864.0
Episode: 380, total reward: 540692.3125
each agent reward: 540692.3125
Episode 381 return: -1035008.4375
Episode: 381, total reward: 541193.1875
each agent reward: 541193.1875
Episode 382 return: -1098406.75
Episode: 382, total reward: 547497.125
each agent reward: 547497.125
Episode 383 return: -1021463.4375
Episode: 383, total reward: 540305.25
each agent reward: 540305.25
Episode 384 return: -1158080.25
Episode: 384, total reward: 538175.4375
each agent reward: 538175.4375
Episode 385 return: -1027939.75
Episode: 385, total reward: 538175.4375
each agent reward: 538175.4375
Episode 386 return: -1047446.0
Episode: 386, total reward: 540164.375
each agent reward: 540164.375
Episode 387 return: -971655.125
Episode: 387, total reward: 544520.125
each agent reward: 544520.125
Episode 388 return: -1002958.875
Episode: 388, total reward: 535599.1875
each agent reward: 535599.1875
Episode 389 return: -1038660.9375
Episode: 389, total reward: 544418.75
each agent reward: 544418.75
Episode 390 return: -1009869.5625
Episode: 390, total reward: 544418.75
each agent reward: 544418.75
Episode 391 return: -989880.6875
Episode: 391, total reward: 531441.1875
each agent reward: 531441.1875
Episode 392 return: -962451.875
Episode: 392, total reward: 507029.78125
each agent reward: 507029.78125
Episode 393 return: -887889.125
Episode: 393, total reward: 500420.53125
each agent reward: 500420.53125
Episode 394 return: -918989.0625
Episode: 394, total reward: 504062.15625
each agent reward: 504062.15625
Episode 395 return: -964901.0625
Episode: 395, total reward: 504062.15625
each agent reward: 504062.15625
Episode 396 return: -999262.3125
Episode: 396, total reward: 499690.90625
each agent reward: 499690.90625
Episode 397 return: -1007375.0
Episode: 397, total reward: 501398.0625
each agent reward: 501398.0625
Episode 398 return: -946087.5625
Episode: 398, total reward: 494954.71875
each agent reward: 494954.71875
Episode 399 return: -972102.0
Episode: 399, total reward: 495370.0625
each agent reward: 495370.0625
Episode 400 return: -1006461.4375
Episode: 400, total reward: 495370.0625
each agent reward: 495370.0625
Episode 401 return: -987022.625
Episode: 401, total reward: 498402.375
each agent reward: 498402.375
Episode 402 return: -938157.375
Episode: 402, total reward: 498870.15625
each agent reward: 498870.15625
Episode 403 return: -937585.5625
Episode: 403, total reward: 495116.5
each agent reward: 495116.5
Episode 404 return: -998828.5625
Episode: 404, total reward: 499392.40625
each agent reward: 499392.40625
Episode 405 return: -1053442.0
Episode: 405, total reward: 499392.40625
each agent reward: 499392.40625
Episode 406 return: -923688.0
Episode: 406, total reward: 501836.34375
each agent reward: 501836.34375
Episode 407 return: -1025925.6875
Episode: 407, total reward: 501151.6875
each agent reward: 501151.6875
Episode 408 return: -1042893.625
Episode: 408, total reward: 501966.0625
each agent reward: 501966.0625
Episode 409 return: -978670.0
Episode: 409, total reward: 502240.71875
each agent reward: 502240.71875
Episode 410 return: -964515.25
Episode: 410, total reward: 502240.71875
each agent reward: 502240.71875
Episode 411 return: -1025047.3125
Episode: 411, total reward: 497325.8125
each agent reward: 497325.8125
Episode 412 return: -1031281.375
Episode: 412, total reward: 498010.78125
each agent reward: 498010.78125
Episode 413 return: -943053.625
Episode: 413, total reward: 499561.8125
each agent reward: 499561.8125
Episode 414 return: -899181.8125
Episode: 414, total reward: 504875.375
each agent reward: 504875.375
Episode 415 return: -916717.25
Episode: 415, total reward: 504875.375
each agent reward: 504875.375
Episode 416 return: -945796.9375
Episode: 416, total reward: 507152.5625
each agent reward: 507152.5625
Episode 417 return: -988425.375
Episode: 417, total reward: 509557.03125
each agent reward: 509557.03125
Episode 418 return: -933317.625
Episode: 418, total reward: 491742.625
each agent reward: 491742.625
Episode 419 return: -894239.8125
Episode: 419, total reward: 388436.75
each agent reward: 388436.75
Episode 420 return: -928628.875
Episode: 420, total reward: 388436.75
each agent reward: 388436.75
Episode 421 return: -1036138.75
Episode: 421, total reward: 387714.0
each agent reward: 387714.0
Episode 422 return: -896033.75
Episode: 422, total reward: 381095.0625
each agent reward: 381095.0625
Episode 423 return: -913379.5625
Episode: 423, total reward: 378977.15625
each agent reward: 378977.15625
Episode 424 return: -927490.8125
Episode: 424, total reward: 382768.46875
each agent reward: 382768.46875
Episode 425 return: -899769.4375
Episode: 425, total reward: 382768.46875
each agent reward: 382768.46875
Episode 426 return: -865152.5
Episode: 426, total reward: 383662.9375
each agent reward: 383662.9375
Episode 427 return: -924008.875
Episode: 427, total reward: 382662.40625
each agent reward: 382662.40625
Episode 428 return: -988818.375
Episode: 428, total reward: 382617.28125
each agent reward: 382617.28125
Episode 429 return: -980502.6875
Episode: 429, total reward: 378951.375
each agent reward: 378951.375
Episode 430 return: -988087.8125
Episode: 430, total reward: 378951.375
each agent reward: 378951.375
Episode 431 return: -947599.3125
Episode: 431, total reward: 381799.125
each agent reward: 381799.125
Episode 432 return: -894116.25
Episode: 432, total reward: 384577.5
each agent reward: 384577.5
Episode 433 return: -887865.0625
Episode: 433, total reward: 388911.34375
each agent reward: 388911.34375
Episode 434 return: -960654.25
Episode: 434, total reward: 392544.34375
each agent reward: 392544.34375
Episode 435 return: -865095.625
Episode: 435, total reward: 392544.34375
each agent reward: 392544.34375
Episode 436 return: -885081.375
Episode: 436, total reward: 386410.875
each agent reward: 386410.875
Episode 437 return: -917734.8125
Episode: 437, total reward: 378924.46875
each agent reward: 378924.46875
Episode 438 return: -943393.4375
Episode: 438, total reward: 378949.96875
each agent reward: 378949.96875
Episode 439 return: -877354.4375
Episode: 439, total reward: 379805.65625
each agent reward: 379805.65625
Episode 440 return: -916728.6875
Episode: 440, total reward: 379805.65625
each agent reward: 379805.65625
Episode 441 return: -900784.375
Episode: 441, total reward: 377105.34375
each agent reward: 377105.34375
Episode 442 return: -869229.3125
Episode: 442, total reward: 377439.625
each agent reward: 377439.625
Episode 443 return: -870602.0
Episode: 443, total reward: 380029.03125
each agent reward: 380029.03125
Episode 444 return: -798059.5
Episode: 444, total reward: 378597.40625
each agent reward: 378597.40625
Episode 445 return: -854754.75
Episode: 445, total reward: 378597.40625
each agent reward: 378597.40625
Episode 446 return: -870574.375
Episode: 446, total reward: 379390.90625
each agent reward: 379390.90625
Episode 447 return: -872767.4375
Episode: 447, total reward: 378089.71875
each agent reward: 378089.71875
Episode 448 return: -808484.625
Episode: 448, total reward: 381185.3125
each agent reward: 381185.3125
Episode 449 return: -783557.0625
Episode: 449, total reward: 379248.59375
each agent reward: 379248.59375
Episode 450 return: -822817.3125
Episode: 450, total reward: 379248.59375
each agent reward: 379248.59375
Episode 451 return: -809993.25
Episode: 451, total reward: 420451.0
each agent reward: 420451.0
Episode 452 return: -793097.0625
Episode: 452, total reward: 432091.71875
each agent reward: 432091.71875
Episode 453 return: -774756.5625
Episode: 453, total reward: 431325.84375
each agent reward: 431325.84375
Episode 454 return: -777826.4375
Episode: 454, total reward: 427251.75
each agent reward: 427251.75
Episode 455 return: -828371.625
Episode: 455, total reward: 427251.75
each agent reward: 427251.75
Episode 456 return: -752663.875
Episode: 456, total reward: 440763.0625
each agent reward: 440763.0625
Episode 457 return: -831684.125
Episode: 457, total reward: 436119.71875
each agent reward: 436119.71875
Episode 458 return: -841867.0
Episode: 458, total reward: 442392.0
each agent reward: 442392.0
Episode 459 return: -776994.8125
Episode: 459, total reward: 491513.0
each agent reward: 491513.0
Episode 460 return: -723767.75
Episode: 460, total reward: 491513.0
each agent reward: 491513.0
Episode 461 return: -757255.625
Episode: 461, total reward: 493069.84375
each agent reward: 493069.84375
Episode 462 return: -807223.3125
Episode: 462, total reward: 496563.59375
each agent reward: 496563.59375
Episode 463 return: -803372.75
Episode: 463, total reward: 497325.5
each agent reward: 497325.5
Episode 464 return: -808128.8125
Episode: 464, total reward: 490496.84375
each agent reward: 490496.84375
Episode 465 return: -794771.625
Episode: 465, total reward: 490496.84375
each agent reward: 490496.84375
Episode 466 return: -822925.5
Episode: 466, total reward: 484931.84375
each agent reward: 484931.84375
Episode 467 return: -833966.5625
Episode: 467, total reward: 456391.625
each agent reward: 456391.625
Episode 468 return: -774658.75
Episode: 468, total reward: 448400.03125
each agent reward: 448400.03125
Episode 469 return: -809620.875
Episode: 469, total reward: 450429.21875
each agent reward: 450429.21875
Episode 470 return: -782259.875
Episode: 470, total reward: 450429.21875
each agent reward: 450429.21875
Episode 471 return: -785590.4375
Episode: 471, total reward: 449551.25
each agent reward: 449551.25
Episode 472 return: -803779.125
Episode: 472, total reward: 448282.875
each agent reward: 448282.875
Episode 473 return: -774579.5
Episode: 473, total reward: 449318.9375
each agent reward: 449318.9375
Episode 474 return: -713665.5625
Episode: 474, total reward: 459196.125
each agent reward: 459196.125
Episode 475 return: -719944.25
Episode: 475, total reward: 459196.125
each agent reward: 459196.125
Episode 476 return: -787797.625
Episode: 476, total reward: 465722.25
each agent reward: 465722.25
Episode 477 return: -833147.5625
Episode: 477, total reward: 466055.46875
each agent reward: 466055.46875
Episode 478 return: -830956.3125
Episode: 478, total reward: 480518.53125
each agent reward: 480518.53125
Episode 479 return: -786271.8125
Episode: 479, total reward: 500975.84375
each agent reward: 500975.84375
Episode 480 return: -763604.75
Episode: 480, total reward: 500975.84375
each agent reward: 500975.84375
Episode 481 return: -686701.75
Episode: 481, total reward: 499226.21875
each agent reward: 499226.21875
Episode 482 return: -821105.5
Episode: 482, total reward: 495105.84375
each agent reward: 495105.84375
Episode 483 return: -818650.0
Episode: 483, total reward: 497844.75
each agent reward: 497844.75
Episode 484 return: -821023.1875
Episode: 484, total reward: 498375.59375
each agent reward: 498375.59375
Episode 485 return: -828170.625
Episode: 485, total reward: 498375.59375
each agent reward: 498375.59375
Episode 486 return: -790669.6875
Episode: 486, total reward: 498232.46875
each agent reward: 498232.46875
Episode 487 return: -808102.25
Episode: 487, total reward: 497973.28125
each agent reward: 497973.28125
Episode 488 return: -821789.875
Episode: 488, total reward: 496936.46875
each agent reward: 496936.46875
Episode 489 return: -876311.0
Episode: 489, total reward: 495778.125
each agent reward: 495778.125
Episode 490 return: -809311.5
Episode: 490, total reward: 495778.125
each agent reward: 495778.125
Episode 491 return: -755086.8125
Episode: 491, total reward: 499511.75
each agent reward: 499511.75
Episode 492 return: -782524.5625
Episode: 492, total reward: 500765.90625
each agent reward: 500765.90625
Episode 493 return: -821316.1875
Episode: 493, total reward: 452503.59375
each agent reward: 452503.59375
Episode 494 return: -772746.625
Episode: 494, total reward: 437861.59375
each agent reward: 437861.59375
Episode 495 return: -807560.0
Episode: 495, total reward: 437861.59375
each agent reward: 437861.59375
Episode 496 return: -800546.6875
Episode: 496, total reward: 429928.21875
each agent reward: 429928.21875
Episode 497 return: -781533.4375
Episode: 497, total reward: 429067.625
each agent reward: 429067.625
Episode 498 return: -740881.375
Episode: 498, total reward: 429932.34375
each agent reward: 429932.34375
Episode 499 return: -809010.25
Episode: 499, total reward: 420326.59375
each agent reward: 420326.59375
Episode 500 return: -766338.75
Episode: 500, total reward: 420326.59375
each agent reward: 420326.59375
Episode 501 return: -777881.1875
Episode: 501, total reward: 387045.375
each agent reward: 387045.375
Episode 502 return: -810986.9375
Episode: 502, total reward: 382880.90625
each agent reward: 382880.90625
Episode 503 return: -747659.375
Episode: 503, total reward: 375874.34375
each agent reward: 375874.34375
Episode 504 return: -705251.1875
Episode: 504, total reward: 378601.34375
each agent reward: 378601.34375
Episode 505 return: -728145.1875
Episode: 505, total reward: 378601.34375
each agent reward: 378601.34375
Episode 506 return: -811717.625
Episode: 506, total reward: 417112.6875
each agent reward: 417112.6875
Episode 507 return: -734077.5
Episode: 507, total reward: 425320.5625
each agent reward: 425320.5625
Episode 508 return: -824224.4375
Episode: 508, total reward: 429718.96875
each agent reward: 429718.96875
Episode 509 return: -751348.4375
Episode: 509, total reward: 436936.40625
each agent reward: 436936.40625
Episode 510 return: -781679.875
Episode: 510, total reward: 436936.40625
each agent reward: 436936.40625
Episode 511 return: -776497.875
Episode: 511, total reward: 442421.84375
each agent reward: 442421.84375
Episode 512 return: -838780.9375
Episode: 512, total reward: 444154.09375
each agent reward: 444154.09375
Episode 513 return: -705390.6875
Episode: 513, total reward: 406188.03125
each agent reward: 406188.03125
Episode 514 return: -756937.375
Episode: 514, total reward: 384746.9375
each agent reward: 384746.9375
Episode 515 return: -755777.4375
Episode: 515, total reward: 384746.9375
each agent reward: 384746.9375
Episode 516 return: -767286.375
Episode: 516, total reward: 385100.4375
each agent reward: 385100.4375
Episode 517 return: -811287.8125
Episode: 517, total reward: 380598.6875
each agent reward: 380598.6875
Episode 518 return: -732241.6875
Episode: 518, total reward: 381829.0
each agent reward: 381829.0
Episode 519 return: -758635.1875
Episode: 519, total reward: 376651.375
each agent reward: 376651.375
Episode 520 return: -705693.125
Episode: 520, total reward: 376651.375
each agent reward: 376651.375
Episode 521 return: -714133.25
Episode: 521, total reward: 378035.5
each agent reward: 378035.5
Episode 522 return: -673506.0625
Episode: 522, total reward: 377906.65625
each agent reward: 377906.65625
Episode 523 return: -758746.8125
Episode: 523, total reward: 380366.75
each agent reward: 380366.75
Episode 524 return: -687556.1875
Episode: 524, total reward: 383698.0625
each agent reward: 383698.0625
Episode 525 return: -669130.5625
Episode: 525, total reward: 383698.0625
each agent reward: 383698.0625
Episode 526 return: -773449.5625
Episode: 526, total reward: 386221.28125
each agent reward: 386221.28125
Episode 527 return: -747645.5
Episode: 527, total reward: 383542.46875
each agent reward: 383542.46875
Episode 528 return: -706604.9375
Episode: 528, total reward: 383703.53125
each agent reward: 383703.53125
Episode 529 return: -746432.875
Episode: 529, total reward: 380282.84375
each agent reward: 380282.84375
Episode 530 return: -717692.75
Episode: 530, total reward: 380282.84375
each agent reward: 380282.84375
Episode 531 return: -758812.75
Episode: 531, total reward: 376555.65625
each agent reward: 376555.65625
Episode 532 return: -665049.625
Episode: 532, total reward: 381399.46875
each agent reward: 381399.46875
Episode 533 return: -676941.75
Episode: 533, total reward: 377091.84375
each agent reward: 377091.84375
Episode 534 return: -763216.75
Episode: 534, total reward: 373198.625
each agent reward: 373198.625
Episode 535 return: -687620.9375
Episode: 535, total reward: 373198.625
each agent reward: 373198.625
Episode 536 return: -687281.3125
Episode: 536, total reward: 374527.9375
each agent reward: 374527.9375
Episode 537 return: -725653.6875
Episode: 537, total reward: 379855.53125
each agent reward: 379855.53125
Episode 538 return: -721117.1875
Episode: 538, total reward: 379830.78125
each agent reward: 379830.78125
Episode 539 return: -756388.3125
Episode: 539, total reward: 376556.0
each agent reward: 376556.0
Episode 540 return: -689460.875
Episode: 540, total reward: 376556.0
each agent reward: 376556.0
Episode 541 return: -783531.5625
Episode: 541, total reward: 378233.78125
each agent reward: 378233.78125
Episode 542 return: -726913.375
Episode: 542, total reward: 374532.3125
each agent reward: 374532.3125
Episode 543 return: -786371.5
Episode: 543, total reward: 376550.5
each agent reward: 376550.5
Episode 544 return: -810998.0
Episode: 544, total reward: 381662.75
each agent reward: 381662.75
Episode 545 return: -764129.625
Episode: 545, total reward: 381662.75
each agent reward: 381662.75
Episode 546 return: -770541.9375
Episode: 546, total reward: 381583.15625
each agent reward: 381583.15625
Episode 547 return: -753654.0625
Episode: 547, total reward: 381469.875
each agent reward: 381469.875
Episode 548 return: -789558.625
Episode: 548, total reward: 375641.125
each agent reward: 375641.125
Episode 549 return: -787008.9375
Episode: 549, total reward: 379086.46875
each agent reward: 379086.46875
Episode 550 return: -816104.875
Episode: 550, total reward: 379086.46875
each agent reward: 379086.46875
Episode 551 return: -769717.5
Episode: 551, total reward: 385704.90625
each agent reward: 385704.90625
Episode 552 return: -782206.25
Episode: 552, total reward: 383728.09375
each agent reward: 383728.09375
Episode 553 return: -836064.125
Episode: 553, total reward: 384921.3125
each agent reward: 384921.3125
Episode 554 return: -761987.625
Episode: 554, total reward: 383926.21875
each agent reward: 383926.21875
Episode 555 return: -817676.6875
Episode: 555, total reward: 383926.21875
each agent reward: 383926.21875
Episode 556 return: -823594.4375
Episode: 556, total reward: 381796.9375
each agent reward: 381796.9375
Episode 557 return: -705287.3125
Episode: 557, total reward: 377848.25
each agent reward: 377848.25
Episode 558 return: -789298.8125
Episode: 558, total reward: 378510.625
each agent reward: 378510.625
Episode 559 return: -759200.5625
Episode: 559, total reward: 375948.1875
each agent reward: 375948.1875
Episode 560 return: -786125.375
Episode: 560, total reward: 375948.1875
each agent reward: 375948.1875
Episode 561 return: -746480.75
Episode: 561, total reward: 376075.625
each agent reward: 376075.625
Episode 562 return: -761122.8125
Episode: 562, total reward: 374862.875
each agent reward: 374862.875
Episode 563 return: -785565.125
Episode: 563, total reward: 375732.8125
each agent reward: 375732.8125
Episode 564 return: -773453.5625
Episode: 564, total reward: 376926.3125
each agent reward: 376926.3125
Episode 565 return: -733788.875
Episode: 565, total reward: 376926.3125
each agent reward: 376926.3125
Episode 566 return: -760248.0
Episode: 566, total reward: 380455.59375
each agent reward: 380455.59375
Episode 567 return: -709536.6875
Episode: 567, total reward: 385051.6875
each agent reward: 385051.6875
Episode 568 return: -741480.0
Episode: 568, total reward: 388227.03125
each agent reward: 388227.03125
Episode 569 return: -768957.625
Episode: 569, total reward: 384564.21875
each agent reward: 384564.21875
Episode 570 return: -762066.25
Episode: 570, total reward: 384564.21875
each agent reward: 384564.21875
Episode 571 return: -795795.5
Episode: 571, total reward: 380285.46875
each agent reward: 380285.46875
Episode 572 return: -749078.75
Episode: 572, total reward: 379558.4375
each agent reward: 379558.4375
Episode 573 return: -669989.1875
Episode: 573, total reward: 379014.625
each agent reward: 379014.625
Episode 574 return: -727631.1875
Episode: 574, total reward: 381739.96875
each agent reward: 381739.96875
Episode 575 return: -743370.4375
Episode: 575, total reward: 381739.96875
each agent reward: 381739.96875
Episode 576 return: -683958.625
Episode: 576, total reward: 374954.71875
each agent reward: 374954.71875
Episode 577 return: -720972.9375
Episode: 577, total reward: 376452.625
each agent reward: 376452.625
Episode 578 return: -755337.6875
Episode: 578, total reward: 378180.5625
each agent reward: 378180.5625
Episode 579 return: -704470.75
Episode: 579, total reward: 378963.5
each agent reward: 378963.5
Episode 580 return: -736964.625
Episode: 580, total reward: 378963.5
each agent reward: 378963.5
Episode 581 return: -756154.25
Episode: 581, total reward: 374706.9375
each agent reward: 374706.9375
Episode 582 return: -710762.6875
Episode: 582, total reward: 376853.21875
each agent reward: 376853.21875
Episode 583 return: -716807.3125
Episode: 583, total reward: 373644.28125
each agent reward: 373644.28125
Episode 584 return: -683641.9375
Episode: 584, total reward: 373954.4375
each agent reward: 373954.4375
Episode 585 return: -700046.5625
Episode: 585, total reward: 373954.4375
each agent reward: 373954.4375
Episode 586 return: -721078.375
Episode: 586, total reward: 373354.9375
each agent reward: 373354.9375
Episode 587 return: -721774.0
Episode: 587, total reward: 378048.40625
each agent reward: 378048.40625
Episode 588 return: -775997.9375
Episode: 588, total reward: 380807.5625
each agent reward: 380807.5625
Episode 589 return: -828159.8125
Episode: 589, total reward: 382059.34375
each agent reward: 382059.34375
Episode 590 return: -762629.5
Episode: 590, total reward: 382059.34375
each agent reward: 382059.34375
Episode 591 return: -783895.8125
Episode: 591, total reward: 377804.125
each agent reward: 377804.125
Episode 592 return: -757151.3125
Episode: 592, total reward: 378496.4375
each agent reward: 378496.4375
Episode 593 return: -735977.4375
Episode: 593, total reward: 381574.4375
each agent reward: 381574.4375
Episode 594 return: -759180.125
Episode: 594, total reward: 381190.6875
each agent reward: 381190.6875
Episode 595 return: -703842.9375
Episode: 595, total reward: 381190.6875
each agent reward: 381190.6875
Episode 596 return: -765685.4375
Episode: 596, total reward: 379982.6875
each agent reward: 379982.6875
Episode 597 return: -767679.625
Episode: 597, total reward: 379441.3125
each agent reward: 379441.3125
Episode 598 return: -736693.8125
Episode: 598, total reward: 385619.71875
each agent reward: 385619.71875
Episode 599 return: -746351.3125
Episode: 599, total reward: 381683.71875
each agent reward: 381683.71875
