Episode: -1, total reward: 2791246.25
each agent reward: 2791246.25
Episode: 1, total reward: 2502935.75
each agent reward: 2502935.75
Episode 0 return: -2653784.0
Episode: 0, total reward: 2502935.75
each agent reward: 2502935.75
Episode 1 return: -2627064.75
Episode: 1, total reward: 2502935.75
each agent reward: 2502935.75
Episode 2 return: -2611321.0
Episode: 2, total reward: 2502935.75
each agent reward: 2502935.75
Episode 3 return: -3057728.0
Episode: 3, total reward: 2502935.75
each agent reward: 2502935.75
Episode 4 return: -2583253.5
Episode: 4, total reward: 2502935.75
each agent reward: 2502935.75
Episode 5 return: -2630909.25
Episode: 5, total reward: 2502935.75
each agent reward: 2502935.75
Episode 6 return: -2627490.75
Episode: 6, total reward: 2502935.75
each agent reward: 2502935.75
Episode 7 return: -2582111.0
Episode: 7, total reward: 2502935.75
each agent reward: 2502935.75
Episode 8 return: -2611947.25
Episode: 8, total reward: 2502935.75
each agent reward: 2502935.75
Episode 9 return: -2620283.0
Episode: 9, total reward: 2502935.75
each agent reward: 2502935.75
Episode 10 return: -2637918.0
Episode: 10, total reward: 2502935.75
each agent reward: 2502935.75
Episode 11 return: -2622963.25
Episode: 11, total reward: 2502935.75
each agent reward: 2502935.75
Episode 12 return: -2627566.0
Episode: 12, total reward: 2563566.75
each agent reward: 2563566.75
Episode 13 return: -2663598.5
Episode: 13, total reward: 2580566.75
each agent reward: 2580566.75
Episode 14 return: -2692320.25
Episode: 14, total reward: 2598119.0
each agent reward: 2598119.0
Episode 15 return: -2699556.25
Episode: 15, total reward: 2587850.0
each agent reward: 2587850.0
Episode 16 return: -2735543.25
Episode: 16, total reward: 2591941.0
each agent reward: 2591941.0
Episode 17 return: -2765197.0
Episode: 17, total reward: 2600007.0
each agent reward: 2600007.0
Episode 18 return: -2810781.25
Episode: 18, total reward: 2608431.25
each agent reward: 2608431.25
Episode 19 return: -2805761.5
Episode: 19, total reward: 2599893.0
each agent reward: 2599893.0
Episode 20 return: -2859283.0
Episode: 20, total reward: 2618541.5
each agent reward: 2618541.5
Episode 21 return: -2832363.75
Episode: 21, total reward: 2633556.0
each agent reward: 2633556.0
Episode 22 return: -2871930.5
Episode: 22, total reward: 2714495.0
each agent reward: 2714495.0
Episode 23 return: -2854693.5
Episode: 23, total reward: 2669415.5
each agent reward: 2669415.5
Episode 24 return: -2844489.5
Episode: 24, total reward: 2791135.75
each agent reward: 2791135.75
Episode 25 return: -2888999.25
Episode: 25, total reward: 2871920.0
each agent reward: 2871920.0
Episode 26 return: -2778153.5
Episode: 26, total reward: 2910966.25
each agent reward: 2910966.25
Episode 27 return: -2894023.75
Episode: 27, total reward: 2815746.25
each agent reward: 2815746.25
Episode 28 return: -2799214.75
Episode: 28, total reward: 2742904.25
each agent reward: 2742904.25
Episode 29 return: -2833261.75
Episode: 29, total reward: 2717910.0
each agent reward: 2717910.0
Episode 30 return: -2838965.75
Episode: 30, total reward: 2709878.0
each agent reward: 2709878.0
Episode 31 return: -2874850.25
Episode: 31, total reward: 2721208.5
each agent reward: 2721208.5
Episode 32 return: -2831337.5
Episode: 32, total reward: 2737884.0
each agent reward: 2737884.0
Episode 33 return: -2884867.0
Episode: 33, total reward: 2696686.0
each agent reward: 2696686.0
Episode 34 return: -2852746.0
Episode: 34, total reward: 2710573.0
each agent reward: 2710573.0
Episode 35 return: -2905896.25
Episode: 35, total reward: 2707830.5
each agent reward: 2707830.5
Episode 36 return: -2852983.5
Episode: 36, total reward: 2633731.75
each agent reward: 2633731.75
Episode 37 return: -2864925.25
Episode: 37, total reward: 2695253.75
each agent reward: 2695253.75
Episode 38 return: -2808371.5
Episode: 38, total reward: 2737940.25
each agent reward: 2737940.25
Episode 39 return: -2816932.75
Episode: 39, total reward: 2654315.75
each agent reward: 2654315.75
Episode 40 return: -2812351.75
Episode: 40, total reward: 2529051.25
each agent reward: 2529051.25
Episode 41 return: -2786324.25
Episode: 41, total reward: 2467995.75
each agent reward: 2467995.75
Episode 42 return: -2817469.25
Episode: 42, total reward: 2578835.0
each agent reward: 2578835.0
Episode 43 return: -2840408.0
Episode: 43, total reward: 2497820.75
each agent reward: 2497820.75
Episode 44 return: -2840116.0
Episode: 44, total reward: 2496453.5
each agent reward: 2496453.5
Episode 45 return: -2851562.0
Episode: 45, total reward: 2540702.5
each agent reward: 2540702.5
Episode 46 return: -2772665.25
Episode: 46, total reward: 2517978.5
each agent reward: 2517978.5
Episode 47 return: -2866258.5
Episode: 47, total reward: 2527041.5
each agent reward: 2527041.5
Episode 48 return: -2842488.25
Episode: 48, total reward: 2488093.5
each agent reward: 2488093.5
Episode 49 return: -2830904.0
Episode: 49, total reward: 2615737.0
each agent reward: 2615737.0
Episode 50 return: -2867534.5
Episode: 50, total reward: 2628820.0
each agent reward: 2628820.0
Episode 51 return: -2841908.25
Episode: 51, total reward: 2468450.25
each agent reward: 2468450.25
Episode 52 return: -2816245.75
Episode: 52, total reward: 2471352.0
each agent reward: 2471352.0
Episode 53 return: -2818688.25
Episode: 53, total reward: 2482933.75
each agent reward: 2482933.75
Episode 54 return: -2748758.0
Episode: 54, total reward: 2452290.0
each agent reward: 2452290.0
Episode 55 return: -2829285.0
Episode: 55, total reward: 2432061.25
each agent reward: 2432061.25
Episode 56 return: -2813341.25
Episode: 56, total reward: 2450619.5
each agent reward: 2450619.5
Episode 57 return: -2809464.25
Episode: 57, total reward: 2493780.0
each agent reward: 2493780.0
Episode 58 return: -2832939.0
Episode: 58, total reward: 2490516.75
each agent reward: 2490516.75
Episode 59 return: -2847108.0
Episode: 59, total reward: 2483695.5
each agent reward: 2483695.5
Episode 60 return: -2806006.25
Episode: 60, total reward: 2420168.0
each agent reward: 2420168.0
Episode 61 return: -2777718.0
Episode: 61, total reward: 2440447.25
each agent reward: 2440447.25
Episode 62 return: -2815498.75
Episode: 62, total reward: 2453929.5
each agent reward: 2453929.5
Episode 63 return: -2774159.75
Episode: 63, total reward: 2400146.5
each agent reward: 2400146.5
Episode 64 return: -2753914.75
Episode: 64, total reward: 2409761.75
each agent reward: 2409761.75
Episode 65 return: -2772883.5
Episode: 65, total reward: 2422873.0
each agent reward: 2422873.0
Episode 66 return: -2852841.25
Episode: 66, total reward: 2474061.75
each agent reward: 2474061.75
Episode 67 return: -2829068.25
Episode: 67, total reward: 2501938.0
each agent reward: 2501938.0
Episode 68 return: -2819375.75
Episode: 68, total reward: 2467041.0
each agent reward: 2467041.0
Episode 69 return: -2778138.5
Episode: 69, total reward: 2378547.5
each agent reward: 2378547.5
Episode 70 return: -2811072.5
Episode: 70, total reward: 2359659.0
each agent reward: 2359659.0
Episode 71 return: -2779202.5
Episode: 71, total reward: 2381800.75
each agent reward: 2381800.75
Episode 72 return: -2762070.0
Episode: 72, total reward: 2413378.25
each agent reward: 2413378.25
Episode 73 return: -2783890.75
Episode: 73, total reward: 2433141.5
each agent reward: 2433141.5
Episode 74 return: -2775803.75
Episode: 74, total reward: 2428785.75
each agent reward: 2428785.75
Episode 75 return: -2727979.0
Episode: 75, total reward: 2434366.5
each agent reward: 2434366.5
Episode 76 return: -2699324.75
Episode: 76, total reward: 2432378.5
each agent reward: 2432378.5
Episode 77 return: -2716622.0
Episode: 77, total reward: 2425182.0
each agent reward: 2425182.0
Episode 78 return: -2738374.5
Episode: 78, total reward: 2426700.75
each agent reward: 2426700.75
Episode 79 return: -2743441.5
Episode: 79, total reward: 2444852.25
each agent reward: 2444852.25
Episode 80 return: -2764243.0
Episode: 80, total reward: 2436095.0
each agent reward: 2436095.0
Episode 81 return: -2757046.25
Episode: 81, total reward: 2406153.5
each agent reward: 2406153.5
Episode 82 return: -2819358.25
Episode: 82, total reward: 2459218.75
each agent reward: 2459218.75
Episode 83 return: -2782269.5
Episode: 83, total reward: 2470622.5
each agent reward: 2470622.5
Episode 84 return: -2758154.5
Episode: 84, total reward: 2420496.0
each agent reward: 2420496.0
Episode 85 return: -2735375.25
Episode: 85, total reward: 2460283.0
each agent reward: 2460283.0
Episode 86 return: -2764728.0
Episode: 86, total reward: 2405551.5
each agent reward: 2405551.5
Episode 87 return: -2800481.0
Episode: 87, total reward: 2414726.75
each agent reward: 2414726.75
Episode 88 return: -2727968.75
Episode: 88, total reward: 2402357.25
each agent reward: 2402357.25
Episode 89 return: -2749234.75
Episode: 89, total reward: 2408686.25
each agent reward: 2408686.25
Episode 90 return: -2748862.25
Episode: 90, total reward: 2461322.25
each agent reward: 2461322.25
Episode 91 return: -2733543.25
Episode: 91, total reward: 2346834.0
each agent reward: 2346834.0
Episode 92 return: -2783702.5
Episode: 92, total reward: 2357416.75
each agent reward: 2357416.75
Episode 93 return: -2767573.75
Episode: 93, total reward: 2372760.0
each agent reward: 2372760.0
Episode 94 return: -2735742.0
Episode: 94, total reward: 2361348.5
each agent reward: 2361348.5
Episode 95 return: -2667701.25
Episode: 95, total reward: 2394006.25
each agent reward: 2394006.25
Episode 96 return: -2664519.75
Episode: 96, total reward: 2414812.5
each agent reward: 2414812.5
Episode 97 return: -2699483.75
Episode: 97, total reward: 2393463.0
each agent reward: 2393463.0
Episode 98 return: -2650008.0
Episode: 98, total reward: 2357710.25
each agent reward: 2357710.25
Episode 99 return: -2671267.5
Episode: 99, total reward: 2363542.25
each agent reward: 2363542.25
Episode 100 return: -2645921.75
Episode: 100, total reward: 2367578.75
each agent reward: 2367578.75
Episode 101 return: -2650126.25
Episode: 101, total reward: 2358904.0
each agent reward: 2358904.0
Episode 102 return: -2688806.75
Episode: 102, total reward: 2378077.5
each agent reward: 2378077.5
Episode 103 return: -2664544.75
Episode: 103, total reward: 2367271.5
each agent reward: 2367271.5
Episode 104 return: -2668885.75
Episode: 104, total reward: 2356570.75
each agent reward: 2356570.75
Episode 105 return: -2650996.75
Episode: 105, total reward: 2357896.75
each agent reward: 2357896.75
Episode 106 return: -2636943.0
Episode: 106, total reward: 2340591.0
each agent reward: 2340591.0
Episode 107 return: -2622793.5
Episode: 107, total reward: 2338193.75
each agent reward: 2338193.75
Episode 108 return: -2557596.0
Episode: 108, total reward: 2329231.5
each agent reward: 2329231.5
Episode 109 return: -2581823.0
Episode: 109, total reward: 2346850.5
each agent reward: 2346850.5
Episode 110 return: -2625403.75
Episode: 110, total reward: 2354443.0
each agent reward: 2354443.0
Episode 111 return: -2536582.5
Episode: 111, total reward: 2310426.75
each agent reward: 2310426.75
Episode 112 return: -2597862.25
Episode: 112, total reward: 2321579.25
each agent reward: 2321579.25
Episode 113 return: -2600310.75
Episode: 113, total reward: 2361972.75
each agent reward: 2361972.75
Episode 114 return: -2624972.75
Episode: 114, total reward: 2348105.0
each agent reward: 2348105.0
Episode 115 return: -2680569.75
Episode: 115, total reward: 2331015.5
each agent reward: 2331015.5
Episode 116 return: -2705465.25
Episode: 116, total reward: 2354103.0
each agent reward: 2354103.0
Episode 117 return: -2665517.0
Episode: 117, total reward: 2382423.25
each agent reward: 2382423.25
Episode 118 return: -2655792.75
Episode: 118, total reward: 2381297.0
each agent reward: 2381297.0
Episode 119 return: -2600159.5
Episode: 119, total reward: 2385220.0
each agent reward: 2385220.0
Episode 120 return: -2638378.0
Episode: 120, total reward: 2379924.0
each agent reward: 2379924.0
Episode 121 return: -2593702.25
Episode: 121, total reward: 2394089.25
each agent reward: 2394089.25
Episode 122 return: -2604653.0
Episode: 122, total reward: 2383939.0
each agent reward: 2383939.0
Episode 123 return: -2578802.0
Episode: 123, total reward: 2418127.5
each agent reward: 2418127.5
Episode 124 return: -2634827.25
Episode: 124, total reward: 2280883.25
each agent reward: 2280883.25
Episode 125 return: -2626830.0
Episode: 125, total reward: 2303507.0
each agent reward: 2303507.0
Episode 126 return: -2593090.75
Episode: 126, total reward: 2307107.75
each agent reward: 2307107.75
Episode 127 return: -2590672.0
Episode: 127, total reward: 2288461.75
each agent reward: 2288461.75
Episode 128 return: -2570672.25
Episode: 128, total reward: 2297439.0
each agent reward: 2297439.0
Episode 129 return: -2532497.0
Episode: 129, total reward: 2294938.5
each agent reward: 2294938.5
Episode 130 return: -2531231.25
Episode: 130, total reward: 2299879.25
each agent reward: 2299879.25
Episode 131 return: -2532589.5
Episode: 131, total reward: 2290397.75
each agent reward: 2290397.75
Episode 132 return: -2484240.5
Episode: 132, total reward: 2283258.25
each agent reward: 2283258.25
Episode 133 return: -2520638.0
Episode: 133, total reward: 2286931.0
each agent reward: 2286931.0
Episode 134 return: -2504061.75
Episode: 134, total reward: 2277239.25
each agent reward: 2277239.25
Episode 135 return: -2543249.5
Episode: 135, total reward: 2293475.5
each agent reward: 2293475.5
Episode 136 return: -2498285.25
Episode: 136, total reward: 2290474.25
each agent reward: 2290474.25
Episode 137 return: -2511888.75
Episode: 137, total reward: 2274170.0
each agent reward: 2274170.0
Episode 138 return: -2492441.0
Episode: 138, total reward: 2271569.0
each agent reward: 2271569.0
Episode 139 return: -2494318.75
Episode: 139, total reward: 2272008.75
each agent reward: 2272008.75
Episode 140 return: -2501151.0
Episode: 140, total reward: 2267362.25
each agent reward: 2267362.25
Episode 141 return: -2511632.75
Episode: 141, total reward: 2272855.5
each agent reward: 2272855.5
Episode 142 return: -2492312.25
Episode: 142, total reward: 2261349.75
each agent reward: 2261349.75
Episode 143 return: -2519507.0
Episode: 143, total reward: 2266427.75
each agent reward: 2266427.75
Episode 144 return: -2479135.25
Episode: 144, total reward: 2270424.5
each agent reward: 2270424.5
Episode 145 return: -2439260.0
Episode: 145, total reward: 2273194.5
each agent reward: 2273194.5
Episode 146 return: -2455447.5
Episode: 146, total reward: 2272514.75
each agent reward: 2272514.75
Episode 147 return: -2455074.5
Episode: 147, total reward: 2271597.25
each agent reward: 2271597.25
Episode 148 return: -2439139.5
Episode: 148, total reward: 2272966.0
each agent reward: 2272966.0
Episode 149 return: -2438426.75
Episode: 149, total reward: 2272054.0
each agent reward: 2272054.0
Episode 150 return: -2438544.5
Episode: 150, total reward: 2268875.5
each agent reward: 2268875.5
Episode 151 return: -2481603.0
Episode: 151, total reward: 2268595.5
each agent reward: 2268595.5
Episode 152 return: -2473596.25
Episode: 152, total reward: 2271435.0
each agent reward: 2271435.0
Episode 153 return: -2470122.5
Episode: 153, total reward: 2267649.25
each agent reward: 2267649.25
Episode 154 return: -2497893.25
Episode: 154, total reward: 2281177.25
each agent reward: 2281177.25
Episode 155 return: -2453215.25
Episode: 155, total reward: 2281732.25
each agent reward: 2281732.25
Episode 156 return: -2461856.0
Episode: 156, total reward: 2281413.75
each agent reward: 2281413.75
Episode 157 return: -2444182.25
Episode: 157, total reward: 2279348.75
each agent reward: 2279348.75
Episode 158 return: -2492025.0
Episode: 158, total reward: 2276417.75
each agent reward: 2276417.75
Episode 159 return: -2450278.5
Episode: 159, total reward: 2276927.0
each agent reward: 2276927.0
Episode 160 return: -2421155.75
Episode: 160, total reward: 2276937.75
each agent reward: 2276937.75
Episode 161 return: -2469807.75
Episode: 161, total reward: 2271980.0
each agent reward: 2271980.0
Episode 162 return: -2452660.25
Episode: 162, total reward: 2265822.0
each agent reward: 2265822.0
Episode 163 return: -2402523.75
Episode: 163, total reward: 2263326.0
each agent reward: 2263326.0
Episode 164 return: -2455004.5
Episode: 164, total reward: 2262994.0
each agent reward: 2262994.0
Episode 165 return: -2513529.25
Episode: 165, total reward: 2277895.75
each agent reward: 2277895.75
Episode 166 return: -2474568.75
Episode: 166, total reward: 2275047.5
each agent reward: 2275047.5
Episode 167 return: -2479996.5
Episode: 167, total reward: 2269551.5
each agent reward: 2269551.5
Episode 168 return: -2444495.5
Episode: 168, total reward: 2270559.5
each agent reward: 2270559.5
Episode 169 return: -2461773.75
Episode: 169, total reward: 2270610.75
each agent reward: 2270610.75
Episode 170 return: -2427625.75
Episode: 170, total reward: 2275534.25
each agent reward: 2275534.25
Episode 171 return: -2473046.0
Episode: 171, total reward: 2276559.75
each agent reward: 2276559.75
Episode 172 return: -2452070.25
Episode: 172, total reward: 2277464.75
each agent reward: 2277464.75
Episode 173 return: -2433431.25
Episode: 173, total reward: 2272810.5
each agent reward: 2272810.5
Episode 174 return: -2439437.25
Episode: 174, total reward: 2262893.75
each agent reward: 2262893.75
Episode 175 return: -2447692.25
Episode: 175, total reward: 2257615.5
each agent reward: 2257615.5
Episode 176 return: -2463173.0
Episode: 176, total reward: 2272200.5
each agent reward: 2272200.5
Episode 177 return: -2463585.0
Episode: 177, total reward: 2278267.75
each agent reward: 2278267.75
Episode 178 return: -2479728.5
Episode: 178, total reward: 2272983.5
each agent reward: 2272983.5
Episode 179 return: -2436669.75
Episode: 179, total reward: 2278143.75
each agent reward: 2278143.75
Episode 180 return: -2472627.75
Episode: 180, total reward: 2271806.75
each agent reward: 2271806.75
Episode 181 return: -2471337.25
Episode: 181, total reward: 2277936.0
each agent reward: 2277936.0
Episode 182 return: -2461335.0
Episode: 182, total reward: 2275213.75
each agent reward: 2275213.75
Episode 183 return: -2425877.75
Episode: 183, total reward: 2273359.25
each agent reward: 2273359.25
Episode 184 return: -2424714.25
Episode: 184, total reward: 2279505.25
each agent reward: 2279505.25
Episode 185 return: -2455440.75
Episode: 185, total reward: 2278276.25
each agent reward: 2278276.25
Episode 186 return: -2434118.75
Episode: 186, total reward: 2280933.0
each agent reward: 2280933.0
Episode 187 return: -2434389.5
Episode: 187, total reward: 2273758.0
each agent reward: 2273758.0
Episode 188 return: -2459661.25
Episode: 188, total reward: 2272012.5
each agent reward: 2272012.5
Episode 189 return: -2460565.0
Episode: 189, total reward: 2269186.0
each agent reward: 2269186.0
Episode 190 return: -2508729.25
Episode: 190, total reward: 2271904.0
each agent reward: 2271904.0
Episode 191 return: -2427942.25
Episode: 191, total reward: 2271904.5
each agent reward: 2271904.5
Episode 192 return: -2427976.25
Episode: 192, total reward: 2264612.5
each agent reward: 2264612.5
Episode 193 return: -2438907.5
Episode: 193, total reward: 2266068.75
each agent reward: 2266068.75
Episode 194 return: -2470402.0
Episode: 194, total reward: 2271890.75
each agent reward: 2271890.75
Episode 195 return: -2443827.0
Episode: 195, total reward: 2272092.25
each agent reward: 2272092.25
Episode 196 return: -2399167.5
Episode: 196, total reward: 2272690.0
each agent reward: 2272690.0
Episode 197 return: -2455207.5
Episode: 197, total reward: 2272690.0
each agent reward: 2272690.0
Episode 198 return: -2435601.5
Episode: 198, total reward: 2272486.0
each agent reward: 2272486.0
Episode 199 return: -2441536.0
Episode: 199, total reward: 2265453.0
each agent reward: 2265453.0
Episode 200 return: -2439503.5
Episode: 200, total reward: 2273214.0
each agent reward: 2273214.0
Episode 201 return: -2437707.75
Episode: 201, total reward: 2265779.5
each agent reward: 2265779.5
Episode 202 return: -2443349.0
Episode: 202, total reward: 2269178.75
each agent reward: 2269178.75
Episode 203 return: -2450128.75
Episode: 203, total reward: 2265197.75
each agent reward: 2265197.75
Episode 204 return: -2446928.5
Episode: 204, total reward: 2267194.0
each agent reward: 2267194.0
Episode 205 return: -2442611.0
Episode: 205, total reward: 2274297.5
each agent reward: 2274297.5
Episode 206 return: -2433375.5
Episode: 206, total reward: 2273842.5
each agent reward: 2273842.5
Episode 207 return: -2419701.0
Episode: 207, total reward: 2272092.0
each agent reward: 2272092.0
Episode 208 return: -2466078.5
Episode: 208, total reward: 2268702.75
each agent reward: 2268702.75
Episode 209 return: -2454785.0
Episode: 209, total reward: 2272092.0
each agent reward: 2272092.0
Episode 210 return: -2446026.75
Episode: 210, total reward: 2265657.5
each agent reward: 2265657.5
Episode 211 return: -2424017.25
Episode: 211, total reward: 2264923.5
each agent reward: 2264923.5
Episode 212 return: -2465224.25
Episode: 212, total reward: 2265636.75
each agent reward: 2265636.75
Episode 213 return: -2459228.5
Episode: 213, total reward: 2266272.5
each agent reward: 2266272.5
Episode 214 return: -2429249.25
Episode: 214, total reward: 2264923.5
each agent reward: 2264923.5
Episode 215 return: -2433342.25
Episode: 215, total reward: 2270559.5
each agent reward: 2270559.5
Episode 216 return: -2456443.5
Episode: 216, total reward: 2270559.5
each agent reward: 2270559.5
Episode 217 return: -2452406.75
Episode: 217, total reward: 2270991.25
each agent reward: 2270991.25
Episode 218 return: -2455117.25
Episode: 218, total reward: 2269718.5
each agent reward: 2269718.5
Episode 219 return: -2444329.5
Episode: 219, total reward: 2272928.75
each agent reward: 2272928.75
Episode 220 return: -2467227.0
Episode: 220, total reward: 2274355.0
each agent reward: 2274355.0
Episode 221 return: -2434035.0
Episode: 221, total reward: 2273970.75
each agent reward: 2273970.75
Episode 222 return: -2434024.5
Episode: 222, total reward: 2274205.75
each agent reward: 2274205.75
Episode 223 return: -2435710.0
Episode: 223, total reward: 2272544.5
each agent reward: 2272544.5
Episode 224 return: -2454426.0
Episode: 224, total reward: 2272928.75
each agent reward: 2272928.75
Episode 225 return: -2424302.75
Episode: 225, total reward: 2273278.5
each agent reward: 2273278.5
Episode 226 return: -2468647.25
Episode: 226, total reward: 2274665.75
each agent reward: 2274665.75
Episode 227 return: -2455438.25
Episode: 227, total reward: 2267400.25
each agent reward: 2267400.25
Episode 228 return: -2445415.75
Episode: 228, total reward: 2267400.25
each agent reward: 2267400.25
Episode 229 return: -2449603.5
Episode: 229, total reward: 2267400.25
each agent reward: 2267400.25
Episode 230 return: -2413839.75
Episode: 230, total reward: 2267797.0
each agent reward: 2267797.0
Episode 231 return: -2426422.75
Episode: 231, total reward: 2274217.25
each agent reward: 2274217.25
Episode 232 return: -2405826.25
Episode: 232, total reward: 2256873.25
each agent reward: 2256873.25
Episode 233 return: -2420861.75
Episode: 233, total reward: 2255150.25
each agent reward: 2255150.25
Episode 234 return: -2407743.5
Episode: 234, total reward: 2254023.5
each agent reward: 2254023.5
Episode 235 return: -2436225.5
Episode: 235, total reward: 2254023.5
each agent reward: 2254023.5
Episode 236 return: -2403474.25
Episode: 236, total reward: 2254023.5
each agent reward: 2254023.5
Episode 237 return: -2416336.5
Episode: 237, total reward: 2255150.25
each agent reward: 2255150.25
Episode 238 return: -2434939.25
Episode: 238, total reward: 2262995.5
each agent reward: 2262995.5
Episode 239 return: -2433551.75
Episode: 239, total reward: 2261786.0
each agent reward: 2261786.0
Episode 240 return: -2421566.75
Episode: 240, total reward: 2265251.25
each agent reward: 2265251.25
Episode 241 return: -2462437.0
Episode: 241, total reward: 2264954.25
each agent reward: 2264954.25
Episode 242 return: -2403045.75
Episode: 242, total reward: 2262404.75
each agent reward: 2262404.75
Episode 243 return: -2456186.25
Episode: 243, total reward: 2322428.25
each agent reward: 2322428.25
Episode 244 return: -2434036.25
Episode: 244, total reward: 2285297.75
each agent reward: 2285297.75
Episode 245 return: -2429320.5
Episode: 245, total reward: 2275128.25
each agent reward: 2275128.25
Episode 246 return: -2433237.75
Episode: 246, total reward: 2273958.25
each agent reward: 2273958.25
Episode 247 return: -2419889.5
Episode: 247, total reward: 2270430.5
each agent reward: 2270430.5
Episode 248 return: -2425907.75
Episode: 248, total reward: 2270358.0
each agent reward: 2270358.0
Episode 249 return: -2437281.0
Episode: 249, total reward: 2270358.0
each agent reward: 2270358.0
Episode 250 return: -2451358.0
Episode: 250, total reward: 2266308.25
each agent reward: 2266308.25
Episode 251 return: -2464729.5
Episode: 251, total reward: 2266068.75
each agent reward: 2266068.75
Episode 252 return: -2454903.0
Episode: 252, total reward: 2266068.75
each agent reward: 2266068.75
Episode 253 return: -2462523.0
Episode: 253, total reward: 2264246.5
each agent reward: 2264246.5
Episode 254 return: -2458197.75
Episode: 254, total reward: 2266539.25
each agent reward: 2266539.25
Episode 255 return: -2432848.75
Episode: 255, total reward: 2266539.25
each agent reward: 2266539.25
Episode 256 return: -2463237.25
Episode: 256, total reward: 2263870.25
each agent reward: 2263870.25
Episode 257 return: -2486296.25
Episode: 257, total reward: 2264100.25
each agent reward: 2264100.25
Episode 258 return: -2444944.0
Episode: 258, total reward: 2265540.5
each agent reward: 2265540.5
Episode 259 return: -2454728.75
Episode: 259, total reward: 2263300.25
each agent reward: 2263300.25
Episode 260 return: -2456194.5
Episode: 260, total reward: 2264246.5
each agent reward: 2264246.5
Episode 261 return: -2449325.75
Episode: 261, total reward: 2266157.25
each agent reward: 2266157.25
Episode 262 return: -2432786.5
Episode: 262, total reward: 2267063.0
each agent reward: 2267063.0
Episode 263 return: -2455261.0
Episode: 263, total reward: 2267063.0
each agent reward: 2267063.0
Episode 264 return: -2406908.25
Episode: 264, total reward: 2264924.0
each agent reward: 2264924.0
Episode 265 return: -2429004.75
Episode: 265, total reward: 2267063.0
each agent reward: 2267063.0
Episode 266 return: -2436659.5
Episode: 266, total reward: 2313521.0
each agent reward: 2313521.0
Episode 267 return: -2448447.5
Episode: 267, total reward: 2313521.0
each agent reward: 2313521.0
Episode 268 return: -2461233.0
Episode: 268, total reward: 2312623.0
each agent reward: 2312623.0
Episode 269 return: -2432863.0
Episode: 269, total reward: 2266165.25
each agent reward: 2266165.25
Episode 270 return: -2427915.5
Episode: 270, total reward: 2266165.25
each agent reward: 2266165.25
Episode 271 return: -2868318.25
Episode: 271, total reward: 2262955.5
each agent reward: 2262955.5
Episode 272 return: -2446126.75
Episode: 272, total reward: 2264543.0
each agent reward: 2264543.0
Episode 273 return: -2441940.25
Episode: 273, total reward: 2262848.0
each agent reward: 2262848.0
Episode 274 return: -2441605.75
Episode: 274, total reward: 2311311.75
each agent reward: 2311311.75
Episode 275 return: -2401768.75
Episode: 275, total reward: 2266666.25
each agent reward: 2266666.25
Episode 276 return: -2432482.75
Episode: 276, total reward: 2266666.25
each agent reward: 2266666.25
Episode 277 return: -2422426.75
Episode: 277, total reward: 2306756.25
each agent reward: 2306756.25
Episode 278 return: -2437972.25
Episode: 278, total reward: 2264984.25
each agent reward: 2264984.25
Episode 279 return: -2415438.75
Episode: 279, total reward: 2266666.25
each agent reward: 2266666.25
Episode 280 return: -2433742.0
Episode: 280, total reward: 2267839.75
each agent reward: 2267839.75
Episode 281 return: -2445081.5
Episode: 281, total reward: 2266740.25
each agent reward: 2266740.25
Episode 282 return: -2428814.25
Episode: 282, total reward: 2266740.25
each agent reward: 2266740.25
Episode 283 return: -2435081.5
Episode: 283, total reward: 2265636.75
each agent reward: 2265636.75
Episode 284 return: -2398494.5
Episode: 284, total reward: 2265636.75
each agent reward: 2265636.75
Episode 285 return: -2410078.0
Episode: 285, total reward: 2265636.75
each agent reward: 2265636.75
Episode 286 return: -2455836.75
Episode: 286, total reward: 2264577.5
each agent reward: 2264577.5
Episode 287 return: -2415569.25
Episode: 287, total reward: 2265484.75
each agent reward: 2265484.75
Episode 288 return: -2427827.25
Episode: 288, total reward: 2266666.25
each agent reward: 2266666.25
Episode 289 return: -2418958.5
Episode: 289, total reward: 2264980.0
each agent reward: 2264980.0
Episode 290 return: -2429545.75
Episode: 290, total reward: 2264060.5
each agent reward: 2264060.5
Episode 291 return: -2449720.25
Episode: 291, total reward: 2266125.5
each agent reward: 2266125.5
Episode 292 return: -2439386.5
Episode: 292, total reward: 2266680.0
each agent reward: 2266680.0
Episode 293 return: -2427760.25
Episode: 293, total reward: 2267063.0
each agent reward: 2267063.0
Episode 294 return: -2426936.0
Episode: 294, total reward: 2270062.5
each agent reward: 2270062.5
Episode 295 return: -2434266.0
Episode: 295, total reward: 2269124.5
each agent reward: 2269124.5
Episode 296 return: -2432103.5
Episode: 296, total reward: 2267816.25
each agent reward: 2267816.25
Episode 297 return: -2417924.5
Episode: 297, total reward: 2267063.0
each agent reward: 2267063.0
Episode 298 return: -2448248.5
Episode: 298, total reward: 2267063.0
each agent reward: 2267063.0
Episode 299 return: -2457742.25
Episode: 299, total reward: 2267816.25
each agent reward: 2267816.25
Episode 300 return: -2392902.5
Episode: 300, total reward: 2270072.0
each agent reward: 2270072.0
Episode 301 return: -2431299.25
Episode: 301, total reward: 2274355.0
each agent reward: 2274355.0
Episode 302 return: -2436724.75
Episode: 302, total reward: 2274355.0
each agent reward: 2274355.0
Episode 303 return: -2418092.5
Episode: 303, total reward: 2272928.75
each agent reward: 2272928.75
Episode 304 return: -2431530.75
Episode: 304, total reward: 2268748.0
each agent reward: 2268748.0
Episode 305 return: -2433974.5
Episode: 305, total reward: 2273613.75
each agent reward: 2273613.75
Episode 306 return: -2494600.0
Episode: 306, total reward: 2272327.25
each agent reward: 2272327.25
Episode 307 return: -2426552.75
Episode: 307, total reward: 2273641.75
each agent reward: 2273641.75
Episode 308 return: -2447160.5
Episode: 308, total reward: 2273627.75
each agent reward: 2273627.75
Episode 309 return: -2426619.0
Episode: 309, total reward: 2270062.5
each agent reward: 2270062.5
Episode 310 return: -2484369.75
Episode: 310, total reward: 2267063.0
each agent reward: 2267063.0
Episode 311 return: -2424723.5
Episode: 311, total reward: 2267063.0
each agent reward: 2267063.0
Episode 312 return: -2408401.0
Episode: 312, total reward: 2267063.0
each agent reward: 2267063.0
Episode 313 return: -2424769.25
Episode: 313, total reward: 2267059.25
each agent reward: 2267059.25
Episode 314 return: -2428222.5
Episode: 314, total reward: 2263435.25
each agent reward: 2263435.25
Episode 315 return: -2433098.0
Episode: 315, total reward: 2267080.25
each agent reward: 2267080.25
Episode 316 return: -2441092.25
Episode: 316, total reward: 2267063.0
each agent reward: 2267063.0
Episode 317 return: -2436257.75
Episode: 317, total reward: 2267063.0
each agent reward: 2267063.0
Episode 318 return: -2416310.25
Episode: 318, total reward: 2267808.25
each agent reward: 2267808.25
Episode 319 return: -2426562.25
Episode: 319, total reward: 2267808.25
each agent reward: 2267808.25
Episode 320 return: -2416562.5
Episode: 320, total reward: 2267063.0
each agent reward: 2267063.0
Episode 321 return: -2421404.5
Episode: 321, total reward: 2266666.25
each agent reward: 2266666.25
Episode 322 return: -2454854.75
Episode: 322, total reward: 2266666.25
each agent reward: 2266666.25
Episode 323 return: -2413542.75
Episode: 323, total reward: 2266666.25
each agent reward: 2266666.25
Episode 324 return: -2464162.75
Episode: 324, total reward: 2267419.5
each agent reward: 2267419.5
Episode 325 return: -2446307.75
Episode: 325, total reward: 2268952.5
each agent reward: 2268952.5
Episode 326 return: -2417310.25
Episode: 326, total reward: 2274480.5
each agent reward: 2274480.5
Episode 327 return: -2424468.5
Episode: 327, total reward: 2271800.25
each agent reward: 2271800.25
Episode 328 return: -2486505.0
Episode: 328, total reward: 2273422.75
each agent reward: 2273422.75
Episode 329 return: -2426188.75
Episode: 329, total reward: 2269665.75
each agent reward: 2269665.75
Episode 330 return: -2402167.5
Episode: 330, total reward: 2266666.25
each agent reward: 2266666.25
Episode 331 return: -2426009.25
Episode: 331, total reward: 2266660.5
each agent reward: 2266660.5
Episode 332 return: -2393757.75
Episode: 332, total reward: 2267455.5
each agent reward: 2267455.5
Episode 333 return: -2438274.0
Episode: 333, total reward: 2268404.75
each agent reward: 2268404.75
Episode 334 return: -2406191.25
Episode: 334, total reward: 2268178.0
each agent reward: 2268178.0
Episode 335 return: -2425734.75
Episode: 335, total reward: 2267183.0
each agent reward: 2267183.0
Episode 336 return: -2470155.75
Episode: 336, total reward: 2266706.5
each agent reward: 2266706.5
Episode 337 return: -2444193.25
Episode: 337, total reward: 2267826.25
each agent reward: 2267826.25
Episode 338 return: -2438802.75
Episode: 338, total reward: 2265723.25
each agent reward: 2265723.25
Episode 339 return: -2440107.5
Episode: 339, total reward: 2266666.5
each agent reward: 2266666.5
Episode 340 return: -2419429.0
Episode: 340, total reward: 2266666.25
each agent reward: 2266666.25
Episode 341 return: -2440790.5
Episode: 341, total reward: 2266666.5
each agent reward: 2266666.5
Episode 342 return: -2452101.75
Episode: 342, total reward: 2266666.5
each agent reward: 2266666.5
Episode 343 return: -2424921.25
Episode: 343, total reward: 2266666.25
each agent reward: 2266666.25
Episode 344 return: -2429771.5
Episode: 344, total reward: 2267419.5
each agent reward: 2267419.5
Episode 345 return: -2386879.0
Episode: 345, total reward: 2266666.25
each agent reward: 2266666.25
Episode 346 return: -2440056.0
Episode: 346, total reward: 2266666.25
each agent reward: 2266666.25
Episode 347 return: -2404407.25
Episode: 347, total reward: 2266666.25
each agent reward: 2266666.25
Episode 348 return: -2454669.5
Episode: 348, total reward: 2266901.25
each agent reward: 2266901.25
Episode 349 return: -2436522.25
Episode: 349, total reward: 2268118.0
each agent reward: 2268118.0
Episode 350 return: -2442668.75
Episode: 350, total reward: 2267294.25
each agent reward: 2267294.25
Episode 351 return: -2451866.25
Episode: 351, total reward: 2267144.25
each agent reward: 2267144.25
Episode 352 return: -2420021.75
Episode: 352, total reward: 2268159.25
each agent reward: 2268159.25
Episode 353 return: -2428778.0
Episode: 353, total reward: 2266957.5
each agent reward: 2266957.5
Episode 354 return: -2427427.75
Episode: 354, total reward: 2265325.0
each agent reward: 2265325.0
Episode 355 return: -2420537.25
Episode: 355, total reward: 2265357.0
each agent reward: 2265357.0
Episode 356 return: -2476612.0
Episode: 356, total reward: 2265622.5
each agent reward: 2265622.5
Episode 357 return: -2456277.0
Episode: 357, total reward: 2266124.75
each agent reward: 2266124.75
Episode 358 return: -2420112.25
Episode: 358, total reward: 2267092.75
each agent reward: 2267092.75
Episode 359 return: -2459746.25
Episode: 359, total reward: 2267173.5
each agent reward: 2267173.5
Episode 360 return: -2411081.0
Episode: 360, total reward: 2266637.0
each agent reward: 2266637.0
Episode 361 return: -2436351.25
Episode: 361, total reward: 2266666.25
each agent reward: 2266666.25
Episode 362 return: -2450486.25
Episode: 362, total reward: 2266666.25
each agent reward: 2266666.25
Episode 363 return: -2429512.0
Episode: 363, total reward: 2267419.5
each agent reward: 2267419.5
Episode 364 return: -2431333.5
Episode: 364, total reward: 2269281.5
each agent reward: 2269281.5
Episode 365 return: -2419322.25
Episode: 365, total reward: 2270261.75
each agent reward: 2270261.75
Episode 366 return: -2439671.5
Episode: 366, total reward: 2267646.5
each agent reward: 2267646.5
Episode 367 return: -2432648.75
Episode: 367, total reward: 2267646.5
each agent reward: 2267646.5
Episode 368 return: -2438296.25
Episode: 368, total reward: 2267028.0
each agent reward: 2267028.0
Episode 369 return: -2439021.25
Episode: 369, total reward: 2267854.25
each agent reward: 2267854.25
Episode 370 return: -2477223.0
Episode: 370, total reward: 2266055.5
each agent reward: 2266055.5
Episode 371 return: -2400281.75
Episode: 371, total reward: 2266541.5
each agent reward: 2266541.5
Episode 372 return: -2424077.0
Episode: 372, total reward: 2265570.5
each agent reward: 2265570.5
Episode 373 return: -2426619.0
Episode: 373, total reward: 2265844.75
each agent reward: 2265844.75
Episode 374 return: -2501628.75
Episode: 374, total reward: 2267403.75
each agent reward: 2267403.75
Episode 375 return: -2434111.5
Episode: 375, total reward: 2266431.75
each agent reward: 2266431.75
Episode 376 return: -2433956.5
Episode: 376, total reward: 2264422.75
each agent reward: 2264422.75
Episode 377 return: -2479599.5
Episode: 377, total reward: 2264107.0
each agent reward: 2264107.0
Episode 378 return: -2459305.75
Episode: 378, total reward: 2265035.0
each agent reward: 2265035.0
Episode 379 return: -2419785.25
Episode: 379, total reward: 2264261.25
each agent reward: 2264261.25
Episode 380 return: -2418610.5
Episode: 380, total reward: 2264808.0
each agent reward: 2264808.0
Episode 381 return: -2368598.5
Episode: 381, total reward: 2264403.5
each agent reward: 2264403.5
Episode 382 return: -2456670.0
Episode: 382, total reward: 2263553.5
each agent reward: 2263553.5
Episode 383 return: -2449542.75
Episode: 383, total reward: 2263553.5
each agent reward: 2263553.5
Episode 384 return: -2458887.0
Episode: 384, total reward: 2264976.5
each agent reward: 2264976.5
Episode 385 return: -2445539.75
Episode: 385, total reward: 2264422.75
each agent reward: 2264422.75
Episode 386 return: -2429581.75
Episode: 386, total reward: 2264800.25
each agent reward: 2264800.25
Episode 387 return: -2412476.5
Episode: 387, total reward: 2264799.25
each agent reward: 2264799.25
Episode 388 return: -2437423.25
Episode: 388, total reward: 2264811.75
each agent reward: 2264811.75
Episode 389 return: -2448351.5
Episode: 389, total reward: 2266626.0
each agent reward: 2266626.0
Episode 390 return: -2448799.25
Episode: 390, total reward: 2264444.5
each agent reward: 2264444.5
Episode 391 return: -2436883.75
Episode: 391, total reward: 2264422.75
each agent reward: 2264422.75
Episode 392 return: -2412193.5
Episode: 392, total reward: 2264422.75
each agent reward: 2264422.75
Episode 393 return: -2442424.25
Episode: 393, total reward: 2264422.75
each agent reward: 2264422.75
Episode 394 return: -2428306.5
Episode: 394, total reward: 2263788.5
each agent reward: 2263788.5
Episode 395 return: -2429655.0
Episode: 395, total reward: 2263788.5
each agent reward: 2263788.5
Episode 396 return: -2416001.0
Episode: 396, total reward: 2265178.25
each agent reward: 2265178.25
Episode 397 return: -2426511.75
Episode: 397, total reward: 2266374.0
each agent reward: 2266374.0
Episode 398 return: -2410417.75
Episode: 398, total reward: 2264533.75
each agent reward: 2264533.75
Episode 399 return: -2434874.0
Episode: 399, total reward: 2265403.0
each agent reward: 2265403.0
Episode 400 return: -2437471.0
Episode: 400, total reward: 2264422.75
each agent reward: 2264422.75
Episode 401 return: -2463133.25
Episode: 401, total reward: 2265285.0
each agent reward: 2265285.0
Episode 402 return: -2412440.25
Episode: 402, total reward: 2264429.25
each agent reward: 2264429.25
Episode 403 return: -2421411.0
Episode: 403, total reward: 2263553.5
each agent reward: 2263553.5
Episode 404 return: -2386148.0
Episode: 404, total reward: 2264422.75
each agent reward: 2264422.75
Episode 405 return: -2419640.25
Episode: 405, total reward: 2264412.5
each agent reward: 2264412.5
Episode 406 return: -2402680.0
Episode: 406, total reward: 2264440.75
each agent reward: 2264440.75
Episode 407 return: -2448513.0
Episode: 407, total reward: 2264422.75
each agent reward: 2264422.75
Episode 408 return: -2451357.75
Episode: 408, total reward: 2264422.75
each agent reward: 2264422.75
Episode 409 return: -2408731.5
Episode: 409, total reward: 2264422.75
each agent reward: 2264422.75
Episode 410 return: -2443958.5
Episode: 410, total reward: 2264422.75
each agent reward: 2264422.75
Episode 411 return: -2428248.75
Episode: 411, total reward: 2264422.75
each agent reward: 2264422.75
Episode 412 return: -2405944.25
Episode: 412, total reward: 2264422.75
each agent reward: 2264422.75
Episode 413 return: -2460596.25
Episode: 413, total reward: 2265176.0
each agent reward: 2265176.0
Episode 414 return: -2443803.0
Episode: 414, total reward: 2265176.0
each agent reward: 2265176.0
Episode 415 return: -2403227.75
Episode: 415, total reward: 2264422.75
each agent reward: 2264422.75
Episode 416 return: -2407364.5
Episode: 416, total reward: 2264422.75
each agent reward: 2264422.75
Episode 417 return: -2462272.75
Episode: 417, total reward: 2264422.75
each agent reward: 2264422.75
Episode 418 return: -2445873.0
Episode: 418, total reward: 2264422.75
each agent reward: 2264422.75
Episode 419 return: -2442225.0
Episode: 419, total reward: 2264422.75
each agent reward: 2264422.75
Episode 420 return: -2387988.25
Episode: 420, total reward: 2263553.5
each agent reward: 2263553.5
Episode 421 return: -2441457.5
Episode: 421, total reward: 2263553.5
each agent reward: 2263553.5
Episode 422 return: -2419310.75
Episode: 422, total reward: 2263553.5
each agent reward: 2263553.5
Episode 423 return: -2442117.5
Episode: 423, total reward: 2263537.75
each agent reward: 2263537.75
Episode 424 return: -2402221.75
Episode: 424, total reward: 2263984.5
each agent reward: 2263984.5
Episode 425 return: -2428463.5
Episode: 425, total reward: 2263536.0
each agent reward: 2263536.0
Episode 426 return: -2427723.5
Episode: 426, total reward: 2263546.25
each agent reward: 2263546.25
Episode 427 return: -2451462.25
Episode: 427, total reward: 2263548.75
each agent reward: 2263548.75
Episode 428 return: -2449376.25
Episode: 428, total reward: 2263115.5
each agent reward: 2263115.5
Episode 429 return: -2442855.25
Episode: 429, total reward: 2264696.5
each agent reward: 2264696.5
Episode 430 return: -2424667.75
Episode: 430, total reward: 2264809.75
each agent reward: 2264809.75
Episode 431 return: -2400711.25
Episode: 431, total reward: 2263896.5
each agent reward: 2263896.5
Episode 432 return: -2460710.75
Episode: 432, total reward: 2263896.5
each agent reward: 2263896.5
Episode 433 return: -2416979.5
Episode: 433, total reward: 2263539.5
each agent reward: 2263539.5
Episode 434 return: -2418457.25
Episode: 434, total reward: 2263542.25
each agent reward: 2263542.25
Episode 435 return: -2484265.0
Episode: 435, total reward: 2263523.5
each agent reward: 2263523.5
Episode 436 return: -2441189.5
Episode: 436, total reward: 2264044.75
each agent reward: 2264044.75
Episode 437 return: -2448121.0
Episode: 437, total reward: 2263972.0
each agent reward: 2263972.0
Episode 438 return: -2420601.25
Episode: 438, total reward: 2263523.5
each agent reward: 2263523.5
Episode 439 return: -2414074.75
Episode: 439, total reward: 2263758.5
each agent reward: 2263758.5
Episode 440 return: -2428358.25
Episode: 440, total reward: 2263523.5
each agent reward: 2263523.5
Episode 441 return: -2430090.5
Episode: 441, total reward: 2263523.5
each agent reward: 2263523.5
Episode 442 return: -2431560.25
Episode: 442, total reward: 2264044.75
each agent reward: 2264044.75
Episode 443 return: -2423576.75
Episode: 443, total reward: 2264405.75
each agent reward: 2264405.75
Episode 444 return: -2396188.75
Episode: 444, total reward: 2264422.75
each agent reward: 2264422.75
Episode 445 return: -2444368.75
Episode: 445, total reward: 2264422.75
each agent reward: 2264422.75
Episode 446 return: -2417875.25
Episode: 446, total reward: 2264446.25
each agent reward: 2264446.25
Episode 447 return: -2428069.0
Episode: 447, total reward: 2263370.75
each agent reward: 2263370.75
Episode 448 return: -2437247.25
Episode: 448, total reward: 2264238.0
each agent reward: 2264238.0
Episode 449 return: -2468368.75
Episode: 449, total reward: 2264245.5
each agent reward: 2264245.5
Episode 450 return: -2457894.5
Episode: 450, total reward: 2264422.75
each agent reward: 2264422.75
Episode 451 return: -2413936.75
Episode: 451, total reward: 2264422.75
each agent reward: 2264422.75
Episode 452 return: -2446436.75
Episode: 452, total reward: 2264422.75
each agent reward: 2264422.75
Episode 453 return: -2415136.75
Episode: 453, total reward: 2264422.75
each agent reward: 2264422.75
Episode 454 return: -2434791.25
Episode: 454, total reward: 2264422.75
each agent reward: 2264422.75
Episode 455 return: -2426096.0
Episode: 455, total reward: 2264405.75
each agent reward: 2264405.75
Episode 456 return: -2424746.0
Episode: 456, total reward: 2265537.75
each agent reward: 2265537.75
Episode 457 return: -2438896.75
Episode: 457, total reward: 2264907.75
each agent reward: 2264907.75
Episode 458 return: -2401742.0
Episode: 458, total reward: 2264907.75
each agent reward: 2264907.75
Episode 459 return: -2424649.25
Episode: 459, total reward: 2264422.75
each agent reward: 2264422.75
Episode 460 return: -2395613.25
Episode: 460, total reward: 2264422.75
each agent reward: 2264422.75
Episode 461 return: -2458156.25
Episode: 461, total reward: 2264422.75
each agent reward: 2264422.75
Episode 462 return: -2438935.75
Episode: 462, total reward: 2263681.75
each agent reward: 2263681.75
Episode 463 return: -2426111.0
Episode: 463, total reward: 2262350.5
each agent reward: 2262350.5
Episode 464 return: -2441102.25
Episode: 464, total reward: 2262350.5
each agent reward: 2262350.5
Episode 465 return: -2447228.75
Episode: 465, total reward: 2262857.75
each agent reward: 2262857.75
Episode 466 return: -2434020.0
Episode: 466, total reward: 2262350.5
each agent reward: 2262350.5
Episode 467 return: -2415441.75
Episode: 467, total reward: 2262585.5
each agent reward: 2262585.5
Episode 468 return: -2431392.5
Episode: 468, total reward: 2262585.5
each agent reward: 2262585.5
Episode 469 return: -2417050.25
Episode: 469, total reward: 2264423.25
each agent reward: 2264423.25
Episode 470 return: -2407206.5
Episode: 470, total reward: 2263553.5
each agent reward: 2263553.5
Episode 471 return: -2391785.5
Episode: 471, total reward: 2265377.75
each agent reward: 2265377.75
Episode 472 return: -2431828.5
Episode: 472, total reward: 2265313.5
each agent reward: 2265313.5
Episode 473 return: -2438568.75
Episode: 473, total reward: 2263614.0
each agent reward: 2263614.0
Episode 474 return: -2432741.0
Episode: 474, total reward: 2262109.75
each agent reward: 2262109.75
Episode 475 return: -2466251.75
Episode: 475, total reward: 2262109.75
each agent reward: 2262109.75
Episode 476 return: -2428832.5
Episode: 476, total reward: 2263226.25
each agent reward: 2263226.25
Episode 477 return: -2451409.5
Episode: 477, total reward: 2263219.5
each agent reward: 2263219.5
Episode 478 return: -2473085.75
Episode: 478, total reward: 2263193.25
each agent reward: 2263193.25
Episode 479 return: -2430595.5
Episode: 479, total reward: 2262361.25
each agent reward: 2262361.25
Episode 480 return: -2427236.5
Episode: 480, total reward: 2262326.75
each agent reward: 2262326.75
Episode 481 return: -2456486.0
Episode: 481, total reward: 2262350.5
each agent reward: 2262350.5
Episode 482 return: -2423892.5
Episode: 482, total reward: 2262350.5
each agent reward: 2262350.5
Episode 483 return: -2414964.0
Episode: 483, total reward: 2262350.5
each agent reward: 2262350.5
Episode 484 return: -2408548.75
Episode: 484, total reward: 2262350.5
each agent reward: 2262350.5
Episode 485 return: -2466694.0
Episode: 485, total reward: 2262350.5
each agent reward: 2262350.5
Episode 486 return: -2430664.0
Episode: 486, total reward: 2262350.5
each agent reward: 2262350.5
Episode 487 return: -2450595.5
Episode: 487, total reward: 2262350.5
each agent reward: 2262350.5
Episode 488 return: -2432721.75
Episode: 488, total reward: 2262350.5
each agent reward: 2262350.5
Episode 489 return: -2459632.5
Episode: 489, total reward: 2262350.5
each agent reward: 2262350.5
Episode 490 return: -2416632.75
Episode: 490, total reward: 2262350.5
each agent reward: 2262350.5
Episode 491 return: -2434642.0
Episode: 491, total reward: 2262350.5
each agent reward: 2262350.5
Episode 492 return: -2414334.5
Episode: 492, total reward: 2262820.75
each agent reward: 2262820.75
Episode 493 return: -2410246.5
Episode: 493, total reward: 2262111.75
each agent reward: 2262111.75
Episode 494 return: -2420315.25
Episode: 494, total reward: 2262359.25
each agent reward: 2262359.25
Episode 495 return: -2407064.5
Episode: 495, total reward: 2262359.25
each agent reward: 2262359.25
Episode 496 return: -2440649.5
Episode: 496, total reward: 2262359.25
each agent reward: 2262359.25
Episode 497 return: -2422865.25
Episode: 497, total reward: 2262820.75
each agent reward: 2262820.75
Episode 498 return: -2427327.25
Episode: 498, total reward: 2262350.5
each agent reward: 2262350.5
Episode 499 return: -2427309.75
Episode: 499, total reward: 2262350.5
each agent reward: 2262350.5
Episode 500 return: -2423004.0
Episode: 500, total reward: 2263343.75
each agent reward: 2263343.75
Episode 501 return: -2442045.25
Episode: 501, total reward: 2263389.75
each agent reward: 2263389.75
Episode 502 return: -2417233.75
Episode: 502, total reward: 2263196.5
each agent reward: 2263196.5
Episode 503 return: -2412218.5
Episode: 503, total reward: 2263219.25
each agent reward: 2263219.25
Episode 504 return: -2423118.75
Episode: 504, total reward: 2263219.5
each agent reward: 2263219.5
Episode 505 return: -2445909.75
Episode: 505, total reward: 2263219.5
each agent reward: 2263219.5
Episode 506 return: -2409873.75
Episode: 506, total reward: 2262857.75
each agent reward: 2262857.75
Episode 507 return: -2413227.0
Episode: 507, total reward: 2262359.25
each agent reward: 2262359.25
Episode 508 return: -2437925.0
Episode: 508, total reward: 2263158.75
each agent reward: 2263158.75
Episode 509 return: -2447593.5
Episode: 509, total reward: 2262326.75
each agent reward: 2262326.75
Episode 510 return: -2422913.75
Episode: 510, total reward: 2262359.25
each agent reward: 2262359.25
Episode 511 return: -2422814.0
Episode: 511, total reward: 2262361.25
each agent reward: 2262361.25
Episode 512 return: -2446127.5
Episode: 512, total reward: 2263219.5
each agent reward: 2263219.5
Episode 513 return: -2411828.25
Episode: 513, total reward: 2263219.5
each agent reward: 2263219.5
Episode 514 return: -2426688.25
Episode: 514, total reward: 2263219.5
each agent reward: 2263219.5
Episode 515 return: -2449040.25
Episode: 515, total reward: 2263219.5
each agent reward: 2263219.5
Episode 516 return: -2411447.0
Episode: 516, total reward: 2263219.5
each agent reward: 2263219.5
Episode 517 return: -2855276.75
Episode: 517, total reward: 2263219.5
each agent reward: 2263219.5
Episode 518 return: -2402956.0
Episode: 518, total reward: 2263219.5
each agent reward: 2263219.5
Episode 519 return: -2457349.0
Episode: 519, total reward: 2263217.5
each agent reward: 2263217.5
Episode 520 return: -2451665.75
Episode: 520, total reward: 2263206.25
each agent reward: 2263206.25
Episode 521 return: -2441672.0
Episode: 521, total reward: 2263219.5
each agent reward: 2263219.5
Episode 522 return: -2439290.25
Episode: 522, total reward: 2263219.5
each agent reward: 2263219.5
Episode 523 return: -2449139.0
Episode: 523, total reward: 2263219.5
each agent reward: 2263219.5
Episode 524 return: -2458206.25
Episode: 524, total reward: 2264487.0
each agent reward: 2264487.0
Episode 525 return: -2393337.5
Episode: 525, total reward: 2264422.75
each agent reward: 2264422.75
Episode 526 return: -2428778.0
Episode: 526, total reward: 2264429.25
each agent reward: 2264429.25
Episode 527 return: -2403820.75
Episode: 527, total reward: 2263219.5
each agent reward: 2263219.5
Episode 528 return: -2425188.0
Episode: 528, total reward: 2263219.5
each agent reward: 2263219.5
Episode 529 return: -2428104.75
Episode: 529, total reward: 2263213.0
each agent reward: 2263213.0
Episode 530 return: -2454443.0
Episode: 530, total reward: 2263219.5
each agent reward: 2263219.5
Episode 531 return: -2423564.5
Episode: 531, total reward: 2263219.5
each agent reward: 2263219.5
Episode 532 return: -2452413.75
Episode: 532, total reward: 2262350.5
each agent reward: 2262350.5
Episode 533 return: -2412382.0
Episode: 533, total reward: 2262350.5
each agent reward: 2262350.5
Episode 534 return: -2467872.0
Episode: 534, total reward: 2262350.5
each agent reward: 2262350.5
Episode 535 return: -2420471.0
Episode: 535, total reward: 2262350.5
each agent reward: 2262350.5
Episode 536 return: -2462535.0
Episode: 536, total reward: 2262326.75
each agent reward: 2262326.75
Episode 537 return: -2436303.25
Episode: 537, total reward: 2262350.5
each agent reward: 2262350.5
Episode 538 return: -2426395.25
Episode: 538, total reward: 2262350.5
each agent reward: 2262350.5
Episode 539 return: -2421230.75
Episode: 539, total reward: 2262350.5
each agent reward: 2262350.5
Episode 540 return: -2427770.5
Episode: 540, total reward: 2262359.25
each agent reward: 2262359.25
Episode 541 return: -2452801.75
Episode: 541, total reward: 2262368.0
each agent reward: 2262368.0
Episode 542 return: -2458556.0
Episode: 542, total reward: 2262368.0
each agent reward: 2262368.0
Episode 543 return: -2461206.75
Episode: 543, total reward: 2262320.5
each agent reward: 2262320.5
Episode 544 return: -2433840.5
Episode: 544, total reward: 2262350.5
each agent reward: 2262350.5
Episode 545 return: -2428177.75
Episode: 545, total reward: 2262350.5
each agent reward: 2262350.5
Episode 546 return: -2452517.25
Episode: 546, total reward: 2263219.5
each agent reward: 2263219.5
Episode 547 return: -2417043.0
Episode: 547, total reward: 2262350.5
each agent reward: 2262350.5
Episode 548 return: -2454352.25
Episode: 548, total reward: 2262350.5
each agent reward: 2262350.5
Episode 549 return: -2421582.5
Episode: 549, total reward: 2262350.5
each agent reward: 2262350.5
Episode 550 return: -2399658.75
Episode: 550, total reward: 2262350.5
each agent reward: 2262350.5
Episode 551 return: -2391868.5
Episode: 551, total reward: 2262350.5
each agent reward: 2262350.5
Episode 552 return: -2423694.75
Episode: 552, total reward: 2262350.5
each agent reward: 2262350.5
Episode 553 return: -2428280.25
Episode: 553, total reward: 2262350.5
each agent reward: 2262350.5
Episode 554 return: -2899146.0
Episode: 554, total reward: 2262350.5
each agent reward: 2262350.5
Episode 555 return: -2391629.0
Episode: 555, total reward: 2262350.5
each agent reward: 2262350.5
Episode 556 return: -2426038.25
Episode: 556, total reward: 2262350.5
each agent reward: 2262350.5
Episode 557 return: -2460966.75
Episode: 557, total reward: 2263219.5
each agent reward: 2263219.5
Episode 558 return: -2449361.25
Episode: 558, total reward: 2262350.5
each agent reward: 2262350.5
Episode 559 return: -2421303.75
Episode: 559, total reward: 2262350.5
each agent reward: 2262350.5
Episode 560 return: -2430796.0
Episode: 560, total reward: 2262350.5
each agent reward: 2262350.5
Episode 561 return: -2417645.25
Episode: 561, total reward: 2262350.5
each agent reward: 2262350.5
Episode 562 return: -2429647.0
Episode: 562, total reward: 2262350.5
each agent reward: 2262350.5
Episode 563 return: -2435029.5
Episode: 563, total reward: 2262350.5
each agent reward: 2262350.5
Episode 564 return: -2444654.0
Episode: 564, total reward: 2262350.5
each agent reward: 2262350.5
Episode 565 return: -2392579.75
Episode: 565, total reward: 2263196.5
each agent reward: 2263196.5
Episode 566 return: -2414102.25
Episode: 566, total reward: 2266367.5
each agent reward: 2266367.5
Episode 567 return: -2444201.25
Episode: 567, total reward: 2265367.75
each agent reward: 2265367.75
Episode 568 return: -2426208.0
Episode: 568, total reward: 2263237.25
each agent reward: 2263237.25
Episode 569 return: -2416166.5
Episode: 569, total reward: 2263219.5
each agent reward: 2263219.5
Episode 570 return: -2446701.75
Episode: 570, total reward: 2263219.5
each agent reward: 2263219.5
Episode 571 return: -2451203.5
Episode: 571, total reward: 2263219.5
each agent reward: 2263219.5
Episode 572 return: -2424242.25
Episode: 572, total reward: 2263219.5
each agent reward: 2263219.5
Episode 573 return: -2419822.5
Episode: 573, total reward: 2263219.5
each agent reward: 2263219.5
Episode 574 return: -2448496.25
Episode: 574, total reward: 2263219.5
each agent reward: 2263219.5
Episode 575 return: -2418332.0
Episode: 575, total reward: 2263219.5
each agent reward: 2263219.5
Episode 576 return: -2411744.25
Episode: 576, total reward: 2263219.5
each agent reward: 2263219.5
Episode 577 return: -2410334.5
Episode: 577, total reward: 2261156.0
each agent reward: 2261156.0
Episode 578 return: -2419841.75
Episode: 578, total reward: 2260617.75
each agent reward: 2260617.75
Episode 579 return: -2412383.5
Episode: 579, total reward: 2261485.75
each agent reward: 2261485.75
Episode 580 return: -2424000.25
Episode: 580, total reward: 2261485.75
each agent reward: 2261485.75
Episode 581 return: -2426405.5
Episode: 581, total reward: 2261156.0
each agent reward: 2261156.0
Episode 582 return: -2410074.75
Episode: 582, total reward: 2262762.25
each agent reward: 2262762.25
Episode 583 return: -2422258.75
Episode: 583, total reward: 2261510.5
each agent reward: 2261510.5
Episode 584 return: -2401995.25
Episode: 584, total reward: 2261510.5
each agent reward: 2261510.5
Episode 585 return: -2414390.5
Episode: 585, total reward: 2261510.5
each agent reward: 2261510.5
Episode 586 return: -2449420.25
Episode: 586, total reward: 2261510.5
each agent reward: 2261510.5
Episode 587 return: -2419502.75
Episode: 587, total reward: 2263219.5
each agent reward: 2263219.5
Episode 588 return: -2433370.0
Episode: 588, total reward: 2263219.5
each agent reward: 2263219.5
Episode 589 return: -2435140.0
Episode: 589, total reward: 2263219.5
each agent reward: 2263219.5
Episode 590 return: -2422792.0
Episode: 590, total reward: 2263219.5
each agent reward: 2263219.5
Episode 591 return: -2386567.75
Episode: 591, total reward: 2263686.75
each agent reward: 2263686.75
Episode 592 return: -2427478.0
Episode: 592, total reward: 2262350.5
each agent reward: 2262350.5
Episode 593 return: -2419401.5
Episode: 593, total reward: 2262350.5
each agent reward: 2262350.5
Episode 594 return: -2442928.75
Episode: 594, total reward: 2263566.5
each agent reward: 2263566.5
Episode 595 return: -2425764.5
Episode: 595, total reward: 2264325.75
each agent reward: 2264325.75
Episode 596 return: -2397150.5
Episode: 596, total reward: 2261510.5
each agent reward: 2261510.5
Episode 597 return: -2443436.0
Episode: 597, total reward: 2261510.5
each agent reward: 2261510.5
Episode 598 return: -2462673.75
Episode: 598, total reward: 2261510.5
each agent reward: 2261510.5
Episode 599 return: -2432283.25
Episode: 599, total reward: 2262872.0
each agent reward: 2262872.0
Episode 600 return: -2418797.0
Episode: 600, total reward: 2263219.5
each agent reward: 2263219.5
Episode 601 return: -2412293.5
Episode: 601, total reward: 2263219.5
each agent reward: 2263219.5
Episode 602 return: -2441117.25
Episode: 602, total reward: 2261510.5
each agent reward: 2261510.5
Episode 603 return: -2430213.0
Episode: 603, total reward: 2262872.0
each agent reward: 2262872.0
Episode 604 return: -2455609.0
Episode: 604, total reward: 2263219.5
each agent reward: 2263219.5
Episode 605 return: -2449282.25
Episode: 605, total reward: 2263978.75
each agent reward: 2263978.75
Episode 606 return: -2419512.0
Episode: 606, total reward: 2262350.5
each agent reward: 2262350.5
Episode 607 return: -2427977.0
Episode: 607, total reward: 2263566.25
each agent reward: 2263566.25
Episode 608 return: -2413607.25
Episode: 608, total reward: 2263219.5
each agent reward: 2263219.5
Episode 609 return: -2384999.0
Episode: 609, total reward: 2263219.5
each agent reward: 2263219.5
Episode 610 return: -2445714.0
Episode: 610, total reward: 2263219.5
each agent reward: 2263219.5
Episode 611 return: -2425472.5
Episode: 611, total reward: 2263454.5
each agent reward: 2263454.5
Episode 612 return: -2432231.0
Episode: 612, total reward: 2263219.5
each agent reward: 2263219.5
Episode 613 return: -2438316.0
Episode: 613, total reward: 2264310.5
each agent reward: 2264310.5
Episode 614 return: -2443457.25
Episode: 614, total reward: 2263454.5
each agent reward: 2263454.5
Episode 615 return: -2467556.25
Episode: 615, total reward: 2263454.5
each agent reward: 2263454.5
Episode 616 return: -2434353.0
Episode: 616, total reward: 2263200.25
each agent reward: 2263200.25
Episode 617 return: -2424111.75
Episode: 617, total reward: 2263566.25
each agent reward: 2263566.25
Episode 618 return: -2448384.75
Episode: 618, total reward: 2263219.5
each agent reward: 2263219.5
Episode 619 return: -2414639.5
Episode: 619, total reward: 2263219.5
each agent reward: 2263219.5
Episode 620 return: -2434725.25
Episode: 620, total reward: 2263219.5
each agent reward: 2263219.5
Episode 621 return: -2432798.75
Episode: 621, total reward: 2263454.5
each agent reward: 2263454.5
Episode 622 return: -2396254.5
Episode: 622, total reward: 2263454.5
each agent reward: 2263454.5
Episode 623 return: -2424340.5
Episode: 623, total reward: 2263454.5
each agent reward: 2263454.5
Episode 624 return: -2408431.75
Episode: 624, total reward: 2263219.5
each agent reward: 2263219.5
Episode 625 return: -2454551.0
Episode: 625, total reward: 2263219.5
each agent reward: 2263219.5
Episode 626 return: -2415650.0
Episode: 626, total reward: 2263211.25
each agent reward: 2263211.25
Episode 627 return: -2428481.0
Episode: 627, total reward: 2262861.0
each agent reward: 2262861.0
Episode 628 return: -2442736.75
Episode: 628, total reward: 2260652.0
each agent reward: 2260652.0
Episode 629 return: -2417011.25
Episode: 629, total reward: 2260615.0
each agent reward: 2260615.0
Episode 630 return: -2408651.75
Episode: 630, total reward: 2260617.75
each agent reward: 2260617.75
Episode 631 return: -2413212.5
Episode: 631, total reward: 2260617.75
each agent reward: 2260617.75
Episode 632 return: -2443768.0
Episode: 632, total reward: 2261195.0
each agent reward: 2261195.0
Episode 633 return: -2409812.25
Episode: 633, total reward: 2261467.5
each agent reward: 2261467.5
Episode 634 return: -2415125.5
Episode: 634, total reward: 2261510.5
each agent reward: 2261510.5
Episode 635 return: -2435826.25
Episode: 635, total reward: 2262360.0
each agent reward: 2262360.0
Episode 636 return: -2455610.0
Episode: 636, total reward: 2262884.0
each agent reward: 2262884.0
Episode 637 return: -2435268.25
Episode: 637, total reward: 2262356.5
each agent reward: 2262356.5
Episode 638 return: -2431470.25
Episode: 638, total reward: 2264191.0
each agent reward: 2264191.0
Episode 639 return: -2415044.5
Episode: 639, total reward: 2263219.5
each agent reward: 2263219.5
Episode 640 return: -2418909.0
Episode: 640, total reward: 2263226.25
each agent reward: 2263226.25
Episode 641 return: -2429601.25
Episode: 641, total reward: 2263219.5
each agent reward: 2263219.5
Episode 642 return: -2457982.25
Episode: 642, total reward: 2263219.5
each agent reward: 2263219.5
Episode 643 return: -2460847.75
Episode: 643, total reward: 2263219.5
each agent reward: 2263219.5
Episode 644 return: -2439229.25
Episode: 644, total reward: 2263219.5
each agent reward: 2263219.5
Episode 645 return: -2428898.5
Episode: 645, total reward: 2263219.5
each agent reward: 2263219.5
Episode 646 return: -2461681.75
Episode: 646, total reward: 2263219.5
each agent reward: 2263219.5
Episode 647 return: -2419462.0
Episode: 647, total reward: 2263186.5
each agent reward: 2263186.5
Episode 648 return: -2393827.0
Episode: 648, total reward: 2263205.75
each agent reward: 2263205.75
Episode 649 return: -2414263.5
Episode: 649, total reward: 2263219.5
each agent reward: 2263219.5
Episode 650 return: -2443846.25
Episode: 650, total reward: 2263219.5
each agent reward: 2263219.5
Episode 651 return: -2402323.0
Episode: 651, total reward: 2263566.25
each agent reward: 2263566.25
Episode 652 return: -2428368.0
Episode: 652, total reward: 2264802.25
each agent reward: 2264802.25
Episode 653 return: -2449272.75
Episode: 653, total reward: 2263200.25
each agent reward: 2263200.25
Episode 654 return: -2495379.25
Episode: 654, total reward: 2263219.5
each agent reward: 2263219.5
Episode 655 return: -2415324.0
Episode: 655, total reward: 2263219.5
each agent reward: 2263219.5
Episode 656 return: -2444299.25
Episode: 656, total reward: 2263219.5
each agent reward: 2263219.5
Episode 657 return: -2430361.0
Episode: 657, total reward: 2263454.5
each agent reward: 2263454.5
Episode 658 return: -2429431.25
Episode: 658, total reward: 2263454.5
each agent reward: 2263454.5
Episode 659 return: -2410908.5
Episode: 659, total reward: 2264960.0
each agent reward: 2264960.0
Episode 660 return: -2431020.5
Episode: 660, total reward: 2263200.25
each agent reward: 2263200.25
Episode 661 return: -2391523.25
Episode: 661, total reward: 2263211.25
each agent reward: 2263211.25
Episode 662 return: -2396400.25
Episode: 662, total reward: 2263454.5
each agent reward: 2263454.5
Episode 663 return: -2434555.25
Episode: 663, total reward: 2264422.75
each agent reward: 2264422.75
Episode 664 return: -2408185.75
Episode: 664, total reward: 2264468.75
each agent reward: 2264468.75
Episode 665 return: -2391477.75
Episode: 665, total reward: 2264296.25
each agent reward: 2264296.25
Episode 666 return: -2456827.5
Episode: 666, total reward: 2263219.5
each agent reward: 2263219.5
Episode 667 return: -2411543.25
Episode: 667, total reward: 2263219.5
each agent reward: 2263219.5
Episode 668 return: -2440593.25
Episode: 668, total reward: 2263219.5
each agent reward: 2263219.5
Episode 669 return: -2399290.75
Episode: 669, total reward: 2262346.75
each agent reward: 2262346.75
Episode 670 return: -2456459.0
Episode: 670, total reward: 2261510.5
each agent reward: 2261510.5
Episode 671 return: -2459034.25
Episode: 671, total reward: 2261510.5
each agent reward: 2261510.5
Episode 672 return: -2413359.0
Episode: 672, total reward: 2261510.5
each agent reward: 2261510.5
Episode 673 return: -2421275.25
Episode: 673, total reward: 2261745.5
each agent reward: 2261745.5
Episode 674 return: -2437962.0
Episode: 674, total reward: 2261745.5
each agent reward: 2261745.5
Episode 675 return: -2419940.75
Episode: 675, total reward: 2261745.5
each agent reward: 2261745.5
Episode 676 return: -2430094.25
Episode: 676, total reward: 2261394.5
each agent reward: 2261394.5
Episode 677 return: -2407768.0
Episode: 677, total reward: 2261745.5
each agent reward: 2261745.5
Episode 678 return: -2428050.75
Episode: 678, total reward: 2261745.5
each agent reward: 2261745.5
Episode 679 return: -2419511.25
Episode: 679, total reward: 2261745.5
each agent reward: 2261745.5
Episode 680 return: -2488934.5
Episode: 680, total reward: 2261510.5
each agent reward: 2261510.5
Episode 681 return: -2460000.25
Episode: 681, total reward: 2261510.5
each agent reward: 2261510.5
Episode 682 return: -2413701.25
Episode: 682, total reward: 2262712.75
each agent reward: 2262712.75
Episode 683 return: -2434841.75
Episode: 683, total reward: 2264486.25
each agent reward: 2264486.25
Episode 684 return: -2448369.5
Episode: 684, total reward: 2264370.5
each agent reward: 2264370.5
Episode 685 return: -2446341.5
Episode: 685, total reward: 2261510.5
each agent reward: 2261510.5
Episode 686 return: -2438657.75
Episode: 686, total reward: 2261510.5
each agent reward: 2261510.5
Episode 687 return: -2425571.5
Episode: 687, total reward: 2261510.5
each agent reward: 2261510.5
Episode 688 return: -2438994.5
Episode: 688, total reward: 2263219.5
each agent reward: 2263219.5
Episode 689 return: -2409183.5
Episode: 689, total reward: 2263219.5
each agent reward: 2263219.5
Episode 690 return: -2453916.5
Episode: 690, total reward: 2263454.5
each agent reward: 2263454.5
Episode 691 return: -2445114.0
Episode: 691, total reward: 2263454.5
each agent reward: 2263454.5
Episode 692 return: -2423586.75
Episode: 692, total reward: 2263303.25
each agent reward: 2263303.25
Episode 693 return: -2439178.0
Episode: 693, total reward: 2261510.5
each agent reward: 2261510.5
Episode 694 return: -2456281.0
Episode: 694, total reward: 2261510.5
each agent reward: 2261510.5
Episode 695 return: -2410073.25
Episode: 695, total reward: 2261510.5
each agent reward: 2261510.5
Episode 696 return: -2433636.25
Episode: 696, total reward: 2261510.5
each agent reward: 2261510.5
Episode 697 return: -2396127.5
Episode: 697, total reward: 2261510.5
each agent reward: 2261510.5
Episode 698 return: -2426707.25
Episode: 698, total reward: 2261510.5
each agent reward: 2261510.5
Episode 699 return: -2467954.0
Episode: 699, total reward: 2261510.5
each agent reward: 2261510.5
Episode 700 return: -2464602.0
Episode: 700, total reward: 2261510.5
each agent reward: 2261510.5
Episode 701 return: -2412351.0
Episode: 701, total reward: 2263219.5
each agent reward: 2263219.5
Episode 702 return: -2395179.5
Episode: 702, total reward: 2263219.5
each agent reward: 2263219.5
Episode 703 return: -2437321.5
Episode: 703, total reward: 2263219.5
each agent reward: 2263219.5
Episode 704 return: -2487934.75
Episode: 704, total reward: 2263219.5
each agent reward: 2263219.5
Episode 705 return: -2406828.75
Episode: 705, total reward: 2263219.5
each agent reward: 2263219.5
Episode 706 return: -2422725.75
Episode: 706, total reward: 2263219.5
each agent reward: 2263219.5
Episode 707 return: -2411831.0
Episode: 707, total reward: 2263226.25
each agent reward: 2263226.25
Episode 708 return: -2473363.25
Episode: 708, total reward: 2262344.5
each agent reward: 2262344.5
Episode 709 return: -2411395.0
Episode: 709, total reward: 2261510.5
each agent reward: 2261510.5
Episode 710 return: -2418478.0
Episode: 710, total reward: 2261510.5
each agent reward: 2261510.5
Episode 711 return: -2423329.25
Episode: 711, total reward: 2261508.5
each agent reward: 2261508.5
Episode 712 return: -2450515.25
Episode: 712, total reward: 2261481.0
each agent reward: 2261481.0
Episode 713 return: -2443025.5
Episode: 713, total reward: 2261499.0
each agent reward: 2261499.0
Episode 714 return: -2430776.75
Episode: 714, total reward: 2261394.5
each agent reward: 2261394.5
Episode 715 return: -2417553.75
Episode: 715, total reward: 2259905.0
each agent reward: 2259905.0
Episode 716 return: -2403615.75
Episode: 716, total reward: 2259905.0
each agent reward: 2259905.0
Episode 717 return: -2423051.25
Episode: 717, total reward: 2259905.0
each agent reward: 2259905.0
Episode 718 return: -2442876.25
Episode: 718, total reward: 2261745.5
each agent reward: 2261745.5
Episode 719 return: -2413719.5
Episode: 719, total reward: 2261510.5
each agent reward: 2261510.5
Episode 720 return: -2408975.0
Episode: 720, total reward: 2261510.5
each agent reward: 2261510.5
Episode 721 return: -2433376.5
Episode: 721, total reward: 2261510.5
each agent reward: 2261510.5
Episode 722 return: -2454527.25
Episode: 722, total reward: 2261510.5
each agent reward: 2261510.5
Episode 723 return: -2456481.75
Episode: 723, total reward: 2261474.75
each agent reward: 2261474.75
Episode 724 return: -2416707.75
Episode: 724, total reward: 2261508.75
each agent reward: 2261508.75
Episode 725 return: -2445080.25
Episode: 725, total reward: 2261503.5
each agent reward: 2261503.5
Episode 726 return: -2417879.25
Episode: 726, total reward: 2261510.5
each agent reward: 2261510.5
Episode 727 return: -2430764.0
Episode: 727, total reward: 2261510.5
each agent reward: 2261510.5
Episode 728 return: -2443195.25
Episode: 728, total reward: 2259905.0
each agent reward: 2259905.0
Episode 729 return: -2435280.5
Episode: 729, total reward: 2259905.0
each agent reward: 2259905.0
Episode 730 return: -2472135.0
Episode: 730, total reward: 2259905.0
each agent reward: 2259905.0
Episode 731 return: -2449063.25
Episode: 731, total reward: 2259905.0
each agent reward: 2259905.0
Episode 732 return: -2416855.0
Episode: 732, total reward: 2259905.0
each agent reward: 2259905.0
Episode 733 return: -2386574.0
Episode: 733, total reward: 2259905.0
each agent reward: 2259905.0
Episode 734 return: -2439154.5
Episode: 734, total reward: 2259905.0
each agent reward: 2259905.0
Episode 735 return: -2408749.25
Episode: 735, total reward: 2259905.0
each agent reward: 2259905.0
Episode 736 return: -2390088.75
Episode: 736, total reward: 2260739.0
each agent reward: 2260739.0
Episode 737 return: -2437856.5
Episode: 737, total reward: 2261697.75
each agent reward: 2261697.75
Episode 738 return: -2411422.75
Episode: 738, total reward: 2261614.0
each agent reward: 2261614.0
Episode 739 return: -2453535.0
Episode: 739, total reward: 2261746.75
each agent reward: 2261746.75
Episode 740 return: -2459125.5
Episode: 740, total reward: 2261092.25
each agent reward: 2261092.25
Episode 741 return: -2426877.0
Episode: 741, total reward: 2261307.0
each agent reward: 2261307.0
Episode 742 return: -2381588.5
Episode: 742, total reward: 2261745.5
each agent reward: 2261745.5
Episode 743 return: -2414356.0
Episode: 743, total reward: 2264605.5
each agent reward: 2264605.5
Episode 744 return: -2428391.75
Episode: 744, total reward: 2261614.0
each agent reward: 2261614.0
Episode 745 return: -2415047.0
Episode: 745, total reward: 2261614.0
each agent reward: 2261614.0
Episode 746 return: -2434349.75
Episode: 746, total reward: 2261614.0
each agent reward: 2261614.0
Episode 747 return: -2439356.75
Episode: 747, total reward: 2261697.75
each agent reward: 2261697.75
Episode 748 return: -2437458.0
Episode: 748, total reward: 2262049.0
each agent reward: 2262049.0
Episode 749 return: -2448016.75
Episode: 749, total reward: 2260256.25
each agent reward: 2260256.25
Episode 750 return: -2412430.0
Episode: 750, total reward: 2260256.25
each agent reward: 2260256.25
Episode 751 return: -2481327.5
Episode: 751, total reward: 2261107.25
each agent reward: 2261107.25
Episode 752 return: -2421708.25
Episode: 752, total reward: 2261156.25
each agent reward: 2261156.25
Episode 753 return: -2403254.0
Episode: 753, total reward: 2259905.0
each agent reward: 2259905.0
Episode 754 return: -2415043.75
Episode: 754, total reward: 2259905.0
each agent reward: 2259905.0
Episode 755 return: -2454734.0
Episode: 755, total reward: 2259905.0
each agent reward: 2259905.0
Episode 756 return: -2470397.5
Episode: 756, total reward: 2259905.0
each agent reward: 2259905.0
Episode 757 return: -2453721.5
Episode: 757, total reward: 2259905.0
each agent reward: 2259905.0
Episode 758 return: -2424507.5
Episode: 758, total reward: 2259905.0
each agent reward: 2259905.0
Episode 759 return: -2461435.25
Episode: 759, total reward: 2259905.0
each agent reward: 2259905.0
Episode 760 return: -2423037.0
Episode: 760, total reward: 2259905.0
each agent reward: 2259905.0
Episode 761 return: -2426875.25
Episode: 761, total reward: 2259905.0
each agent reward: 2259905.0
Episode 762 return: -2436007.0
Episode: 762, total reward: 2259905.0
each agent reward: 2259905.0
Episode 763 return: -2405470.5
Episode: 763, total reward: 2259905.0
each agent reward: 2259905.0
Episode 764 return: -2441695.75
Episode: 764, total reward: 2259905.0
each agent reward: 2259905.0
Episode 765 return: -2427237.5
Episode: 765, total reward: 2259905.0
each agent reward: 2259905.0
Episode 766 return: -2426882.5
Episode: 766, total reward: 2259905.0
each agent reward: 2259905.0
Episode 767 return: -2423253.75
Episode: 767, total reward: 2259905.0
each agent reward: 2259905.0
Episode 768 return: -2420807.5
Episode: 768, total reward: 2259905.0
each agent reward: 2259905.0
Episode 769 return: -2445370.5
Episode: 769, total reward: 2259905.0
each agent reward: 2259905.0
Episode 770 return: -2427846.25
Episode: 770, total reward: 2259905.0
each agent reward: 2259905.0
Episode 771 return: -2441887.5
Episode: 771, total reward: 2259905.0
each agent reward: 2259905.0
Episode 772 return: -2405559.0
Episode: 772, total reward: 2259905.0
each agent reward: 2259905.0
Episode 773 return: -2414498.75
Episode: 773, total reward: 2259905.0
each agent reward: 2259905.0
Episode 774 return: -2432426.0
Episode: 774, total reward: 2259905.0
each agent reward: 2259905.0
Episode 775 return: -2423915.75
Episode: 775, total reward: 2259905.0
each agent reward: 2259905.0
Episode 776 return: -2444100.25
Episode: 776, total reward: 2259905.0
each agent reward: 2259905.0
Episode 777 return: -2861572.0
Episode: 777, total reward: 2259905.0
each agent reward: 2259905.0
Episode 778 return: -2469989.0
Episode: 778, total reward: 2259905.0
each agent reward: 2259905.0
Episode 779 return: -2416048.75
Episode: 779, total reward: 2259903.5
each agent reward: 2259903.5
Episode 780 return: -2438776.25
Episode: 780, total reward: 2260744.5
each agent reward: 2260744.5
Episode 781 return: -2420161.5
Episode: 781, total reward: 2259914.75
each agent reward: 2259914.75
Episode 782 return: -2475606.75
Episode: 782, total reward: 2259900.0
each agent reward: 2259900.0
Episode 783 return: -2437837.5
Episode: 783, total reward: 2260267.75
each agent reward: 2260267.75
Episode 784 return: -2425103.0
Episode: 784, total reward: 2259897.25
each agent reward: 2259897.25
Episode 785 return: -2436834.5
Episode: 785, total reward: 2259897.25
each agent reward: 2259897.25
Episode 786 return: -2456741.25
Episode: 786, total reward: 2260741.25
each agent reward: 2260741.25
Episode 787 return: -2436039.25
Episode: 787, total reward: 2261697.75
each agent reward: 2261697.75
Episode 788 return: -2412946.25
Episode: 788, total reward: 2261614.0
each agent reward: 2261614.0
Episode 789 return: -2425313.25
Episode: 789, total reward: 2261614.0
each agent reward: 2261614.0
Episode 790 return: -2452058.25
Episode: 790, total reward: 2261614.0
each agent reward: 2261614.0
Episode 791 return: -2440111.25
Episode: 791, total reward: 2261614.0
each agent reward: 2261614.0
Episode 792 return: -2422071.5
Episode: 792, total reward: 2261614.0
each agent reward: 2261614.0
Episode 793 return: -2442291.5
Episode: 793, total reward: 2261697.75
each agent reward: 2261697.75
Episode 794 return: -2417341.5
Episode: 794, total reward: 2261697.75
each agent reward: 2261697.75
Episode 795 return: -2436521.25
Episode: 795, total reward: 2261697.75
each agent reward: 2261697.75
Episode 796 return: -2410947.5
Episode: 796, total reward: 2261697.75
each agent reward: 2261697.75
Episode 797 return: -2402545.25
Episode: 797, total reward: 2262736.5
each agent reward: 2262736.5
Episode 798 return: -2416677.75
Episode: 798, total reward: 2261697.75
each agent reward: 2261697.75
Episode 799 return: -2441486.0
Episode: 799, total reward: 2261697.75
each agent reward: 2261697.75
Episode 800 return: -2425567.25
Episode: 800, total reward: 2261697.75
each agent reward: 2261697.75
Episode 801 return: -2397133.5
Episode: 801, total reward: 2262736.5
each agent reward: 2262736.5
Episode 802 return: -2436300.75
Episode: 802, total reward: 2261098.25
each agent reward: 2261098.25
Episode 803 return: -2417638.0
Episode: 803, total reward: 2260739.0
each agent reward: 2260739.0
Episode 804 return: -2418644.25
Episode: 804, total reward: 2259905.0
each agent reward: 2259905.0
Episode 805 return: -2416946.25
Episode: 805, total reward: 2259905.0
each agent reward: 2259905.0
Episode 806 return: -2422878.5
Episode: 806, total reward: 2259905.0
each agent reward: 2259905.0
Episode 807 return: -2408362.75
Episode: 807, total reward: 2260732.75
each agent reward: 2260732.75
Episode 808 return: -2457789.25
Episode: 808, total reward: 2261614.0
each agent reward: 2261614.0
Episode 809 return: -2432727.0
Episode: 809, total reward: 2261620.75
each agent reward: 2261620.75
Episode 810 return: -2451179.75
Episode: 810, total reward: 2262736.5
each agent reward: 2262736.5
Episode 811 return: -2417609.25
Episode: 811, total reward: 2259905.0
each agent reward: 2259905.0
Episode 812 return: -2453334.25
Episode: 812, total reward: 2259903.5
each agent reward: 2259903.5
Episode 813 return: -2447287.5
Episode: 813, total reward: 2259898.75
each agent reward: 2259898.75
Episode 814 return: -2435769.0
Episode: 814, total reward: 2259905.0
each agent reward: 2259905.0
Episode 815 return: -2402979.0
Episode: 815, total reward: 2259905.0
each agent reward: 2259905.0
Episode 816 return: -2434380.0
Episode: 816, total reward: 2259905.0
each agent reward: 2259905.0
Episode 817 return: -2448805.25
Episode: 817, total reward: 2259905.0
each agent reward: 2259905.0
Episode 818 return: -2418984.75
Episode: 818, total reward: 2259905.0
each agent reward: 2259905.0
Episode 819 return: -2410197.5
Episode: 819, total reward: 2259905.0
each agent reward: 2259905.0
Episode 820 return: -2418492.75
Episode: 820, total reward: 2260148.0
each agent reward: 2260148.0
Episode 821 return: -2448567.0
Episode: 821, total reward: 2260148.0
each agent reward: 2260148.0
Episode 822 return: -2408605.0
Episode: 822, total reward: 2260975.75
each agent reward: 2260975.75
Episode 823 return: -2446959.0
Episode: 823, total reward: 2261824.5
each agent reward: 2261824.5
Episode 824 return: -2414918.25
Episode: 824, total reward: 2261107.25
each agent reward: 2261107.25
Episode 825 return: -2433404.0
Episode: 825, total reward: 2262765.25
each agent reward: 2262765.25
Episode 826 return: -2404551.0
Episode: 826, total reward: 2261107.25
each agent reward: 2261107.25
Episode 827 return: -2458974.25
Episode: 827, total reward: 2260298.0
each agent reward: 2260298.0
Episode 828 return: -2429050.0
Episode: 828, total reward: 2260148.0
each agent reward: 2260148.0
Episode 829 return: -2404726.75
Episode: 829, total reward: 2261125.75
each agent reward: 2261125.75
Episode 830 return: -2434555.5
Episode: 830, total reward: 2260732.75
each agent reward: 2260732.75
Episode 831 return: -2440060.5
Episode: 831, total reward: 2259905.0
each agent reward: 2259905.0
Episode 832 return: -2416782.0
Episode: 832, total reward: 2259905.0
each agent reward: 2259905.0
Episode 833 return: -2462207.0
Episode: 833, total reward: 2259905.0
each agent reward: 2259905.0
Episode 834 return: -2403315.5
Episode: 834, total reward: 2259905.0
each agent reward: 2259905.0
Episode 835 return: -2448886.25
Episode: 835, total reward: 2259905.0
each agent reward: 2259905.0
Episode 836 return: -2405218.5
Episode: 836, total reward: 2259905.0
each agent reward: 2259905.0
Episode 837 return: -2403026.25
Episode: 837, total reward: 2259905.0
each agent reward: 2259905.0
Episode 838 return: -2435388.75
Episode: 838, total reward: 2259905.0
each agent reward: 2259905.0
Episode 839 return: -2437903.75
Episode: 839, total reward: 2260732.75
each agent reward: 2260732.75
Episode 840 return: -2425534.25
Episode: 840, total reward: 2259905.0
each agent reward: 2259905.0
Episode 841 return: -2401985.5
Episode: 841, total reward: 2259905.0
each agent reward: 2259905.0
Episode 842 return: -2429943.5
Episode: 842, total reward: 2259905.0
each agent reward: 2259905.0
Episode 843 return: -2422973.25
Episode: 843, total reward: 2260148.0
each agent reward: 2260148.0
Episode 844 return: -2449888.75
Episode: 844, total reward: 2259905.0
each agent reward: 2259905.0
Episode 845 return: -2456929.75
Episode: 845, total reward: 2259905.0
each agent reward: 2259905.0
Episode 846 return: -2438739.75
Episode: 846, total reward: 2259896.0
each agent reward: 2259896.0
Episode 847 return: -2432543.75
Episode: 847, total reward: 2260148.0
each agent reward: 2260148.0
Episode 848 return: -2443371.0
Episode: 848, total reward: 2260148.0
each agent reward: 2260148.0
Episode 849 return: -2396762.0
Episode: 849, total reward: 2260148.0
each agent reward: 2260148.0
Episode 850 return: -2436382.5
Episode: 850, total reward: 2260148.0
each agent reward: 2260148.0
Episode 851 return: -2414212.25
Episode: 851, total reward: 2260148.0
each agent reward: 2260148.0
Episode 852 return: -2421794.25
Episode: 852, total reward: 2260148.0
each agent reward: 2260148.0
Episode 853 return: -2419001.5
Episode: 853, total reward: 2260148.0
each agent reward: 2260148.0
Episode 854 return: -2407365.5
Episode: 854, total reward: 2259905.0
each agent reward: 2259905.0
Episode 855 return: -2404315.5
Episode: 855, total reward: 2259905.0
each agent reward: 2259905.0
Episode 856 return: -2371155.0
Episode: 856, total reward: 2259905.0
each agent reward: 2259905.0
Episode 857 return: -2462000.0
Episode: 857, total reward: 2259699.25
each agent reward: 2259699.25
Episode 858 return: -2416260.0
Episode: 858, total reward: 2259418.0
each agent reward: 2259418.0
Episode 859 return: -2426933.0
Episode: 859, total reward: 2259529.25
each agent reward: 2259529.25
Episode 860 return: -2452569.25
Episode: 860, total reward: 2259433.5
each agent reward: 2259433.5
Episode 861 return: -2426638.75
Episode: 861, total reward: 2259703.5
each agent reward: 2259703.5
Episode 862 return: -2419884.25
Episode: 862, total reward: 2258869.0
each agent reward: 2258869.0
Episode 863 return: -2451243.5
Episode: 863, total reward: 2258869.0
each agent reward: 2258869.0
Episode 864 return: -2414710.5
Episode: 864, total reward: 2258869.0
each agent reward: 2258869.0
Episode 865 return: -2421125.0
Episode: 865, total reward: 2258869.0
each agent reward: 2258869.0
Episode 866 return: -2442167.25
Episode: 866, total reward: 2258869.0
each agent reward: 2258869.0
Episode 867 return: -2441247.25
Episode: 867, total reward: 2258869.0
each agent reward: 2258869.0
Episode 868 return: -2407174.75
Episode: 868, total reward: 2258869.0
each agent reward: 2258869.0
Episode 869 return: -2404445.75
Episode: 869, total reward: 2258869.0
each agent reward: 2258869.0
Episode 870 return: -2443664.25
Episode: 870, total reward: 2258869.0
each agent reward: 2258869.0
Episode 871 return: -2390233.75
Episode: 871, total reward: 2258869.0
each agent reward: 2258869.0
Episode 872 return: -2446920.75
Episode: 872, total reward: 2258869.0
each agent reward: 2258869.0
Episode 873 return: -2397073.25
Episode: 873, total reward: 2258869.0
each agent reward: 2258869.0
Episode 874 return: -2420359.75
Episode: 874, total reward: 2258869.0
each agent reward: 2258869.0
Episode 875 return: -2400025.75
Episode: 875, total reward: 2258869.0
each agent reward: 2258869.0
Episode 876 return: -2422317.25
Episode: 876, total reward: 2258869.0
each agent reward: 2258869.0
Episode 877 return: -2409511.0
Episode: 877, total reward: 2258869.0
each agent reward: 2258869.0
Episode 878 return: -2426783.5
Episode: 878, total reward: 2258869.0
each agent reward: 2258869.0
Episode 879 return: -2448492.25
Episode: 879, total reward: 2259262.0
each agent reward: 2259262.0
Episode 880 return: -2413823.75
Episode: 880, total reward: 2259696.75
each agent reward: 2259696.75
Episode 881 return: -2431960.5
Episode: 881, total reward: 2260360.25
each agent reward: 2260360.25
Episode 882 return: -2415289.25
Episode: 882, total reward: 2260726.75
each agent reward: 2260726.75
Episode 883 return: -2422788.5
Episode: 883, total reward: 2260425.75
each agent reward: 2260425.75
Episode 884 return: -2423453.0
Episode: 884, total reward: 2258869.0
each agent reward: 2258869.0
Episode 885 return: -2419603.75
Episode: 885, total reward: 2258869.0
each agent reward: 2258869.0
Episode 886 return: -2426522.25
Episode: 886, total reward: 2258869.0
each agent reward: 2258869.0
Episode 887 return: -2392940.75
Episode: 887, total reward: 2259112.0
each agent reward: 2259112.0
Episode 888 return: -2383578.25
Episode: 888, total reward: 2259394.0
each agent reward: 2259394.0
Episode 889 return: -2404815.75
Episode: 889, total reward: 2259394.0
each agent reward: 2259394.0
Episode 890 return: -2408195.5
Episode: 890, total reward: 2259394.0
each agent reward: 2259394.0
Episode 891 return: -2380847.0
Episode: 891, total reward: 2259112.0
each agent reward: 2259112.0
Episode 892 return: -2417891.25
Episode: 892, total reward: 2258869.0
each agent reward: 2258869.0
Episode 893 return: -2440560.0
Episode: 893, total reward: 2258869.0
each agent reward: 2258869.0
Episode 894 return: -2422275.5
Episode: 894, total reward: 2258869.0
each agent reward: 2258869.0
Episode 895 return: -2445942.75
Episode: 895, total reward: 2258869.0
each agent reward: 2258869.0
Episode 896 return: -2421944.5
Episode: 896, total reward: 2258869.0
each agent reward: 2258869.0
Episode 897 return: -2402997.0
Episode: 897, total reward: 2258869.0
each agent reward: 2258869.0
Episode 898 return: -2423914.25
Episode: 898, total reward: 2258869.0
each agent reward: 2258869.0
Episode 899 return: -2387422.25
Episode: 899, total reward: 2258869.0
each agent reward: 2258869.0
Episode 900 return: -2430670.0
Episode: 900, total reward: 2258869.0
each agent reward: 2258869.0
Episode 901 return: -2422796.5
Episode: 901, total reward: 2258869.0
each agent reward: 2258869.0
Episode 902 return: -2449590.25
Episode: 902, total reward: 2259112.0
each agent reward: 2259112.0
Episode 903 return: -2442198.0
Episode: 903, total reward: 2259394.0
each agent reward: 2259394.0
Episode 904 return: -2413171.25
Episode: 904, total reward: 2259112.0
each agent reward: 2259112.0
Episode 905 return: -2438806.0
Episode: 905, total reward: 2259112.0
each agent reward: 2259112.0
Episode 906 return: -2433716.0
Episode: 906, total reward: 2259112.0
each agent reward: 2259112.0
Episode 907 return: -2383466.0
Episode: 907, total reward: 2259262.0
each agent reward: 2259262.0
Episode 908 return: -2425572.0
Episode: 908, total reward: 2258869.0
each agent reward: 2258869.0
Episode 909 return: -2407659.5
Episode: 909, total reward: 2258869.0
each agent reward: 2258869.0
Episode 910 return: -2431199.75
Episode: 910, total reward: 2258869.0
each agent reward: 2258869.0
Episode 911 return: -2395744.5
Episode: 911, total reward: 2258869.0
each agent reward: 2258869.0
Episode 912 return: -2441370.75
Episode: 912, total reward: 2258869.0
each agent reward: 2258869.0
Episode 913 return: -2422337.5
Episode: 913, total reward: 2258869.0
each agent reward: 2258869.0
Episode 914 return: -2390605.75
Episode: 914, total reward: 2258869.0
each agent reward: 2258869.0
Episode 915 return: -2395888.0
Episode: 915, total reward: 2258869.0
each agent reward: 2258869.0
Episode 916 return: -2418073.0
Episode: 916, total reward: 2258869.0
each agent reward: 2258869.0
Episode 917 return: -2394962.5
Episode: 917, total reward: 2258869.0
each agent reward: 2258869.0
Episode 918 return: -2418224.5
Episode: 918, total reward: 2258869.0
each agent reward: 2258869.0
Episode 919 return: -2410987.0
Episode: 919, total reward: 2259112.0
each agent reward: 2259112.0
Episode 920 return: -2438946.75
Episode: 920, total reward: 2259112.0
each agent reward: 2259112.0
Episode 921 return: -2403455.5
Episode: 921, total reward: 2259112.0
each agent reward: 2259112.0
Episode 922 return: -2400214.5
Episode: 922, total reward: 2259112.0
each agent reward: 2259112.0
Episode 923 return: -2405194.0
Episode: 923, total reward: 2259112.0
each agent reward: 2259112.0
Episode 924 return: -2418115.5
Episode: 924, total reward: 2258860.0
each agent reward: 2258860.0
Episode 925 return: -2415013.25
Episode: 925, total reward: 2258869.0
each agent reward: 2258869.0
Episode 926 return: -2417696.5
Episode: 926, total reward: 2258869.0
each agent reward: 2258869.0
Episode 927 return: -2416361.25
Episode: 927, total reward: 2258869.0
each agent reward: 2258869.0
Episode 928 return: -2445393.25
Episode: 928, total reward: 2259112.0
each agent reward: 2259112.0
Episode 929 return: -2403580.25
Episode: 929, total reward: 2258869.0
each agent reward: 2258869.0
Episode 930 return: -2424663.25
Episode: 930, total reward: 2259696.75
each agent reward: 2259696.75
Episode 931 return: -2432788.75
Episode: 931, total reward: 2258869.0
each agent reward: 2258869.0
Episode 932 return: -2422474.75
Episode: 932, total reward: 2258869.0
each agent reward: 2258869.0
Episode 933 return: -2428346.0
Episode: 933, total reward: 2258869.0
each agent reward: 2258869.0
Episode 934 return: -2392847.5
Episode: 934, total reward: 2259262.0
each agent reward: 2259262.0
Episode 935 return: -2415087.0
Episode: 935, total reward: 2258869.0
each agent reward: 2258869.0
Episode 936 return: -2381818.75
Episode: 936, total reward: 2258869.0
each agent reward: 2258869.0
Episode 937 return: -2475824.25
Episode: 937, total reward: 2258869.0
each agent reward: 2258869.0
Episode 938 return: -2400731.25
Episode: 938, total reward: 2258869.0
each agent reward: 2258869.0
Episode 939 return: -2391337.25
Episode: 939, total reward: 2258869.0
each agent reward: 2258869.0
Episode 940 return: -2396461.0
Episode: 940, total reward: 2258869.0
each agent reward: 2258869.0
Episode 941 return: -2402134.0
Episode: 941, total reward: 2258860.0
each agent reward: 2258860.0
Episode 942 return: -2424339.0
Episode: 942, total reward: 2259034.75
each agent reward: 2259034.75
Episode 943 return: -2386889.75
Episode: 943, total reward: 2259394.0
each agent reward: 2259394.0
Episode 944 return: -2425171.25
Episode: 944, total reward: 2259394.0
each agent reward: 2259394.0
Episode 945 return: -2414062.75
Episode: 945, total reward: 2259394.0
each agent reward: 2259394.0
Episode 946 return: -2377802.75
Episode: 946, total reward: 2259394.0
each agent reward: 2259394.0
Episode 947 return: -2439541.5
Episode: 947, total reward: 2259394.0
each agent reward: 2259394.0
Episode 948 return: -2411165.5
Episode: 948, total reward: 2259394.0
each agent reward: 2259394.0
Episode 949 return: -2392703.75
Episode: 949, total reward: 2259394.0
each agent reward: 2259394.0
Episode 950 return: -2453734.5
Episode: 950, total reward: 2260326.0
each agent reward: 2260326.0
Episode 951 return: -2396549.5
Episode: 951, total reward: 2259394.0
each agent reward: 2259394.0
Episode 952 return: -2445113.75
Episode: 952, total reward: 2259394.0
each agent reward: 2259394.0
Episode 953 return: -2394104.75
Episode: 953, total reward: 2259112.0
each agent reward: 2259112.0
Episode 954 return: -2420621.0
Episode: 954, total reward: 2259112.0
each agent reward: 2259112.0
Episode 955 return: -2420593.75
Episode: 955, total reward: 2259112.0
each agent reward: 2259112.0
Episode 956 return: -2424295.0
Episode: 956, total reward: 2259394.0
each agent reward: 2259394.0
Episode 957 return: -2391935.25
Episode: 957, total reward: 2259394.0
each agent reward: 2259394.0
Episode 958 return: -2429117.75
Episode: 958, total reward: 2259394.0
each agent reward: 2259394.0
Episode 959 return: -2403492.0
Episode: 959, total reward: 2259394.0
each agent reward: 2259394.0
Episode 960 return: -2430726.0
Episode: 960, total reward: 2259394.0
each agent reward: 2259394.0
Episode 961 return: -2443294.25
Episode: 961, total reward: 2259394.0
each agent reward: 2259394.0
Episode 962 return: -2418205.0
Episode: 962, total reward: 2259859.5
each agent reward: 2259859.5
Episode 963 return: -2417982.5
Episode: 963, total reward: 2259859.5
each agent reward: 2259859.5
Episode 964 return: -2437561.25
Episode: 964, total reward: 2260326.0
each agent reward: 2260326.0
Episode 965 return: -2418202.0
Episode: 965, total reward: 2259859.5
each agent reward: 2259859.5
Episode 966 return: -2429662.75
Episode: 966, total reward: 2259859.5
each agent reward: 2259859.5
Episode 967 return: -2409049.5
Episode: 967, total reward: 2259527.0
each agent reward: 2259527.0
Episode 968 return: -2402198.5
Episode: 968, total reward: 2259527.0
each agent reward: 2259527.0
Episode 969 return: -2435649.75
Episode: 969, total reward: 2259527.0
each agent reward: 2259527.0
Episode 970 return: -2416769.0
Episode: 970, total reward: 2260326.0
each agent reward: 2260326.0
Episode 971 return: -2427300.0
Episode: 971, total reward: 2260326.0
each agent reward: 2260326.0
Episode 972 return: -2431679.25
Episode: 972, total reward: 2259394.0
each agent reward: 2259394.0
Episode 973 return: -2398100.5
Episode: 973, total reward: 2260326.0
each agent reward: 2260326.0
Episode 974 return: -2427102.0
Episode: 974, total reward: 2260326.0
each agent reward: 2260326.0
Episode 975 return: -2415706.25
Episode: 975, total reward: 2260326.0
each agent reward: 2260326.0
Episode 976 return: -2421605.0
Episode: 976, total reward: 2260326.0
each agent reward: 2260326.0
Episode 977 return: -2440058.0
Episode: 977, total reward: 2259859.5
each agent reward: 2259859.5
Episode 978 return: -2415226.5
Episode: 978, total reward: 2260326.0
each agent reward: 2260326.0
Episode 979 return: -2394540.0
Episode: 979, total reward: 2259394.0
each agent reward: 2259394.0
Episode 980 return: -2383851.25
Episode: 980, total reward: 2259394.0
each agent reward: 2259394.0
Episode 981 return: -2457985.0
Episode: 981, total reward: 2260326.0
each agent reward: 2260326.0
Episode 982 return: -2443081.75
Episode: 982, total reward: 2259859.5
each agent reward: 2259859.5
Episode 983 return: -2430401.75
Episode: 983, total reward: 2259859.5
each agent reward: 2259859.5
Episode 984 return: -2417127.75
Episode: 984, total reward: 2259527.0
each agent reward: 2259527.0
Episode 985 return: -2428291.75
Episode: 985, total reward: 2259527.0
each agent reward: 2259527.0
Episode 986 return: -2404338.0
Episode: 986, total reward: 2259859.5
each agent reward: 2259859.5
Episode 987 return: -2448795.25
Episode: 987, total reward: 2260326.0
each agent reward: 2260326.0
Episode 988 return: -2424603.0
Episode: 988, total reward: 2260326.0
each agent reward: 2260326.0
Episode 989 return: -2448856.0
Episode: 989, total reward: 2259527.0
each agent reward: 2259527.0
Episode 990 return: -2416685.75
Episode: 990, total reward: 2259527.0
each agent reward: 2259527.0
Episode 991 return: -2440876.25
Episode: 991, total reward: 2260326.0
each agent reward: 2260326.0
Episode 992 return: -2401166.5
Episode: 992, total reward: 2259394.0
each agent reward: 2259394.0
Episode 993 return: -2438620.75
Episode: 993, total reward: 2259394.0
each agent reward: 2259394.0
Episode 994 return: -2384322.25
Episode: 994, total reward: 2260326.0
each agent reward: 2260326.0
Episode 995 return: -2443632.25
Episode: 995, total reward: 2260326.0
each agent reward: 2260326.0
Episode 996 return: -2442917.0
Episode: 996, total reward: 2260326.0
each agent reward: 2260326.0
Episode 997 return: -2430352.0
Episode: 997, total reward: 2260326.0
each agent reward: 2260326.0
Episode 998 return: -2430044.0
Episode: 998, total reward: 2259527.0
each agent reward: 2259527.0
Episode 999 return: -2450942.0
Episode: 999, total reward: 2259527.0
each agent reward: 2259527.0
