Episode: 100, total reward: 125.06
each agent reward: [41.96, 66.15, 33.99, -2.7, -5.05, -5.56, -0.15, -0.6, -0.26, 0.37, 1.34, 1.04, -5.47]
Episode: 200, total reward: 85.44999999999999
each agent reward: [42.03, 34.67, 34.39, -2.6, -0.47, -4.37, -0.44, -6.15, 0.86, -3.01, -1.17, -2.87, -5.42]
Episode: 300, total reward: 76.59
each agent reward: [25.82, 33.65, 34.03, -0.27, -0.62, -0.39, -2.83, -0.66, -3.1, -5.95, -1.86, -0.93, -0.3]
Episode: 400, total reward: 138.11999999999998
each agent reward: [50.04, 58.03, 34.01, 4.02, -0.44, -0.08, 1.19, -3.07, 0.76, -0.25, 0.25, -0.53, -5.81]
Episode: 500, total reward: 137.15999999999997
each agent reward: [50.34, 58.0, 34.09, 4.11, -5.36, 2.54, 1.47, -1.61, -4.53, -0.19, -1.27, -0.22, -0.21]
Episode: 600, total reward: 107.67000000000002
each agent reward: [50.26, 33.84, 32.95, -1.52, 0.01, 0.89, -2.8, -0.32, 1.4, 1.03, 0.85, -3.25, -5.67]
Episode: 700, total reward: 109.1
each agent reward: [50.32, 33.61, 34.08, -1.6, 0.05, 0.84, -0.5, -1.9, 1.2, 0.82, -4.23, -3.11, -0.48]
Episode: 800, total reward: 104.57
each agent reward: [49.76, 34.31, 34.15, -1.63, -5.49, -0.42, -0.41, -0.43, 2.46, -0.37, -1.45, -0.6, -5.31]
Episode: 900, total reward: 105.63999999999997
each agent reward: [50.54, 34.36, 34.01, -4.08, 2.24, -3.98, -2.79, -1.65, 2.54, 1.22, -3.56, -3.03, -0.18]
Episode: 1000, total reward: 101.74000000000001
each agent reward: [49.93, 34.12, 34.58, -4.07, -0.25, -1.54, -3.43, -0.58, 1.18, -0.63, -1.58, -0.58, -5.41]
Episode: 1100, total reward: 127.35
each agent reward: [58.11, 34.48, 33.76, 0.89, -5.71, 1.16, 5.14, 1.13, 1.42, -0.21, -0.09, -2.38, -0.35]
Episode: 1200, total reward: 152.27000000000004
each agent reward: [57.65, 33.72, 56.39, 1.12, 0.99, 0.24, 0.3, 0.78, 5.57, -2.64, -3.66, 0.15, 1.66]
Episode: 1300, total reward: 99.88000000000001
each agent reward: [41.9, 33.6, 33.84, -4.8, -0.16, -1.73, -0.51, -1.35, 5.26, -1.79, -3.21, -1.51, 0.34]
Episode: 1400, total reward: 105.9
each agent reward: [52.5, 33.87, 34.33, -4.12, -1.64, -0.49, -2.95, 0.63, 0.5, -0.35, 2.18, -3.14, -5.42]
Episode: 1500, total reward: 114.78
each agent reward: [56.88, 33.97, 33.77, 0.26, -1.58, -0.18, -3.2, 1.34, 1.12, -2.9, -3.08, -1.94, 0.32]
Episode: 1600, total reward: 118.22
each agent reward: [57.24, 33.8, 33.09, 2.24, -0.16, -1.47, -0.4, 0.59, -5.59, -0.36, 3.68, -2.89, -1.55]
Episode: 1700, total reward: 112.18999999999998
each agent reward: [58.07, 34.05, 34.32, -3.23, -0.01, -1.23, 0.26, 1.35, -2.94, -0.28, -2.76, -2.49, -2.92]
Episode: 1800, total reward: 116.42000000000002
each agent reward: [57.91, 34.09, 33.79, -4.77, -2.52, 0.4, -2.19, -0.05, 1.02, 0.39, 3.31, -3.6, -1.36]
Episode: 1900, total reward: 112.71000000000001
each agent reward: [57.7, 33.77, 33.81, -2.88, -2.09, -1.73, -3.28, 0.73, 1.59, -0.25, 1.34, -3.43, -2.57]
Episode: 2000, total reward: 122.43999999999998
each agent reward: [57.63, 34.22, 34.17, 1.28, -0.93, -0.81, -0.38, 0.23, -2.97, 0.05, 2.85, -3.18, 0.28]
Episode: 2100, total reward: 116.36
each agent reward: [58.0, 34.34, 34.31, -3.02, -2.52, -1.51, -0.95, 0.38, 0.32, -2.36, 3.72, -3.55, -0.8]
Episode: 2200, total reward: 117.47999999999998
each agent reward: [57.58, 33.94, 33.5, -2.93, -2.67, -0.81, -2.42, 0.74, 1.46, -1.59, 3.51, -3.13, 0.3]
Episode: 2300, total reward: 115.58
each agent reward: [58.16, 34.56, 33.44, -2.63, -2.74, -2.04, -2.28, 0.87, -0.37, -1.97, 4.16, -3.41, -0.17]
Episode: 2400, total reward: 115.32000000000001
each agent reward: [57.94, 33.77, 34.17, -2.36, -2.57, -1.62, -1.15, 0.44, -0.56, -1.45, 3.79, -2.8, -2.28]
Episode: 2500, total reward: 113.11
each agent reward: [57.55, 33.45, 34.28, -2.75, -2.55, -1.41, -2.14, 0.47, -0.53, -2.23, 3.36, -3.77, -0.62]
Episode: 2600, total reward: 114.80000000000001
each agent reward: [57.65, 33.77, 33.92, -2.68, -2.74, -1.74, -1.75, 0.39, -0.25, -1.64, 3.73, -3.59, -0.27]
Episode: 2700, total reward: 114.31
each agent reward: [57.92, 33.55, 33.81, -0.76, -2.69, -1.83, -2.09, 0.23, -0.05, -2.5, 4.05, -3.08, -2.25]
Episode: 2800, total reward: 112.77
each agent reward: [57.41, 33.7, 33.9, -1.46, -2.84, -1.96, -2.37, 0.48, -0.16, -1.48, 0.97, -3.25, -0.17]
Episode: 2900, total reward: 114.49
each agent reward: [58.24, 33.89, 33.57, -0.97, -2.32, -1.88, -1.98, 0.02, -2.4, -0.89, 3.68, -3.22, -1.25]
Episode: 3000, total reward: 114.96999999999998
each agent reward: [58.23, 34.16, 34.19, -1.05, -2.2, -2.06, -2.27, 0.08, -2.2, -0.45, 3.54, -3.69, -1.31]
Episode: 3100, total reward: 111.60000000000001
each agent reward: [57.9, 33.97, 33.86, -2.03, -2.75, -2.14, -2.37, -0.38, -2.8, -0.88, 3.67, -3.04, -1.41]
Episode: 3200, total reward: 113.76999999999997
each agent reward: [57.44, 34.2, 34.12, -1.65, -2.67, -2.38, -1.89, 0.34, -2.14, -0.48, 3.82, -3.43, -1.51]
Episode: 3300, total reward: 112.90000000000002
each agent reward: [58.13, 33.95, 33.47, -2.19, -2.9, -1.78, -1.41, -0.35, -2.22, -1.46, 4.12, -2.92, -1.54]
Episode: 3400, total reward: 113.95999999999997
each agent reward: [57.91, 34.06, 34.05, -1.39, -2.86, -2.14, -1.43, -0.28, -2.12, -1.68, 4.19, -3.31, -1.04]
Episode: 3500, total reward: 113.60000000000001
each agent reward: [58.15, 33.84, 34.13, -2.22, -2.8, -1.98, -1.12, -0.49, -2.19, -0.86, 3.75, -3.51, -1.1]
Episode: 3600, total reward: 114.61999999999999
each agent reward: [58.22, 34.25, 34.44, -1.56, -2.65, -1.8, -1.09, -0.55, -2.11, -1.37, 3.5, -3.14, -1.52]
Episode: 3700, total reward: 114.11999999999999
each agent reward: [57.78, 34.14, 34.04, -1.56, -3.02, -1.48, -1.39, -0.54, -1.85, -1.04, 3.59, -3.51, -1.04]
Episode: 3800, total reward: 136.42
each agent reward: [57.9, 33.98, 49.95, -1.28, -2.99, -1.84, 1.03, 0.13, -1.66, 0.12, 3.6, -1.48, -1.04]
Episode: 3900, total reward: 138.35999999999999
each agent reward: [57.65, 34.11, 49.88, -1.31, -2.73, -0.54, 1.39, 0.41, -1.57, 0.61, 3.94, -2.4, -1.08]
Episode: 4000, total reward: 138.49
each agent reward: [56.94, 34.28, 49.99, -1.21, -2.31, -0.59, 2.83, -0.42, -1.6, -0.11, 3.79, -2.48, -0.62]
Episode: 4100, total reward: 137.73999999999992
each agent reward: [57.78, 33.85, 50.08, -1.25, -2.61, -1.69, 2.35, -0.11, -1.75, 1.25, 3.2, -2.0, -1.36]
Episode: 4200, total reward: 139.17000000000004
each agent reward: [57.89, 33.59, 49.88, -1.21, -2.07, -0.88, 2.14, -0.45, -1.72, 0.74, 4.22, -1.82, -1.14]
Episode: 4300, total reward: 138.97999999999996
each agent reward: [57.39, 34.97, 49.89, -1.11, -2.66, 0.23, 0.85, 0.04, -1.7, -0.52, 4.17, -1.75, -0.82]
Episode: 4400, total reward: 138.25
each agent reward: [57.73, 34.07, 50.27, -0.8, -2.73, -0.45, 0.5, -0.36, -1.51, 0.44, 4.31, -2.23, -0.99]
Episode: 4500, total reward: 138.83
each agent reward: [57.73, 34.45, 50.39, -0.23, -2.3, -1.75, 1.61, -0.46, -1.7, -0.44, 4.29, -1.73, -1.03]
Episode: 4600, total reward: 137.13
each agent reward: [58.05, 33.88, 49.78, -1.21, -2.75, -0.31, 0.58, 0.25, -1.83, 0.55, 3.53, -1.99, -1.4]
Episode: 4700, total reward: 139.91000000000003
each agent reward: [57.9, 33.81, 50.08, -0.61, -2.54, -0.48, 2.05, 0.1, -1.62, -0.1, 4.07, -1.66, -1.09]
Episode: 4800, total reward: 139.66999999999996
each agent reward: [57.69, 34.2, 49.72, -1.09, -2.71, -0.78, 1.57, -0.05, -1.19, 0.7, 4.2, -1.55, -1.04]
Episode: 4900, total reward: 138.05000000000004
each agent reward: [57.69, 33.64, 50.07, -1.13, -2.58, -0.42, 0.74, -0.26, -1.46, -0.03, 4.15, -1.48, -0.88]
Episode: 5000, total reward: 140.63000000000002
each agent reward: [57.66, 33.44, 50.09, -0.3, -2.7, -0.17, 1.99, 0.25, -1.54, 0.69, 4.16, -1.9, -1.04]
Episode: 5100, total reward: 137.59
each agent reward: [57.47, 34.21, 49.82, -0.84, -2.7, -1.07, 1.46, 0.2, -1.94, -0.61, 4.13, -1.54, -1.0]
Episode: 5200, total reward: 143.07
each agent reward: [57.48, 34.25, 49.96, 0.1, -2.2, -0.25, 1.64, -0.22, -1.76, 0.51, 4.22, -0.78, 0.12]
Episode: 5300, total reward: 141.38000000000002
each agent reward: [57.92, 34.29, 49.95, -0.47, -2.78, 0.13, 1.55, -0.33, -1.23, 0.17, 4.35, -1.64, -0.53]
Episode: 5400, total reward: 134.77
each agent reward: [57.63, 34.53, 49.24, -1.05, -2.85, -0.48, 0.41, 0.42, -1.73, -0.51, 4.18, -1.69, -3.33]
Episode: 5500, total reward: 138.59000000000003
each agent reward: [57.6, 33.66, 49.9, -2.38, -2.8, -0.59, 1.43, 0.27, -1.76, -0.04, 4.24, -1.27, 0.33]
Episode: 5600, total reward: 139.21000000000004
each agent reward: [57.95, 34.05, 50.17, -1.07, -2.78, 0.09, 1.27, -0.69, -1.38, -0.18, 4.45, -1.28, -1.39]
Episode: 5700, total reward: 136.39999999999998
each agent reward: [57.95, 33.67, 49.54, -0.4, -2.56, -1.34, 0.57, -0.62, -1.78, -0.27, 4.46, -2.18, -0.64]
Episode: 5800, total reward: 140.63
each agent reward: [57.93, 34.61, 49.8, -1.28, -2.5, 1.0, 1.27, 0.23, -1.38, -0.88, 4.3, -1.77, -0.7]
Episode: 5900, total reward: 139.54
each agent reward: [58.32, 33.51, 49.99, -1.14, -2.44, 0.51, 1.8, 0.19, -2.02, -1.07, 4.26, -1.27, -1.1]
Episode: 6000, total reward: 140.46
each agent reward: [57.41, 34.43, 49.91, -1.08, -2.64, 0.26, 1.37, 0.46, -1.34, 0.32, 4.08, -1.82, -0.9]
Episode: 6100, total reward: 139.79999999999998
each agent reward: [57.86, 33.88, 50.0, -1.49, -2.16, 1.11, 1.26, -0.84, -1.34, -0.13, 4.07, -1.71, -0.71]
Episode: 6200, total reward: 140.8
each agent reward: [58.22, 34.09, 49.7, -0.92, -2.57, -0.4, 1.55, 0.36, -1.23, -0.81, 4.42, -1.43, -0.18]
Episode: 6300, total reward: 138.54
each agent reward: [57.52, 34.28, 49.94, -1.07, -2.51, 0.61, 1.1, -0.36, -1.55, -1.36, 3.78, -1.33, -0.51]
Episode: 6400, total reward: 140.88
each agent reward: [57.63, 34.11, 49.98, -1.62, -2.74, 0.82, 1.07, 0.51, -1.32, -0.39, 4.41, -1.26, -0.32]
Episode: 6500, total reward: 141.69
each agent reward: [58.03, 34.14, 49.93, -1.06, -2.7, 0.64, 1.46, 0.13, -1.2, -0.67, 4.63, -1.37, -0.27]
Episode: 6600, total reward: 138.29999999999995
each agent reward: [57.88, 33.74, 49.85, -0.09, -2.24, -2.3, 1.14, 0.51, -1.31, -0.69, 3.91, -0.75, -1.35]
Episode: 6700, total reward: 139.24000000000004
each agent reward: [57.77, 33.8, 49.94, -0.96, -2.51, 1.46, 0.96, -0.37, -1.78, -0.6, 3.93, -1.48, -0.92]
Episode: 6800, total reward: 137.73000000000002
each agent reward: [58.5, 34.01, 49.9, -1.2, -2.38, -2.24, 1.11, -0.64, -1.61, -1.03, 4.98, -1.47, -0.2]
Episode: 6900, total reward: 141.53000000000003
each agent reward: [58.04, 33.56, 50.26, -1.1, -2.76, 0.81, 1.32, 0.74, -1.16, -0.41, 4.08, -1.17, -0.68]
Episode: 7000, total reward: 141.08999999999997
each agent reward: [57.48, 34.12, 50.29, -1.3, -2.62, 1.13, 1.43, -0.53, -1.38, -0.4, 4.23, -1.63, 0.27]
Episode: 7100, total reward: 139.97000000000003
each agent reward: [57.6, 34.26, 50.02, -1.16, -2.7, 0.92, 1.57, -0.63, -1.0, -1.04, 4.08, -1.01, -0.94]
Episode: 7200, total reward: 141.63
each agent reward: [58.22, 34.41, 49.8, -1.64, -2.77, 1.28, 1.49, 0.42, -1.33, -0.38, 4.05, -1.52, -0.4]
Episode: 7300, total reward: 139.26000000000002
each agent reward: [57.56, 34.21, 49.79, -1.47, -2.62, 0.56, 1.18, 0.39, -1.5, -0.44, 4.33, -1.66, -1.07]
Episode: 7400, total reward: 141.79999999999998
each agent reward: [57.76, 35.0, 50.47, -0.96, -2.77, 1.46, 1.86, -0.4, -1.05, -1.0, 4.03, -1.57, -1.03]
Episode: 7500, total reward: 140.48999999999998
each agent reward: [57.48, 33.68, 50.24, -0.42, -3.01, 1.01, 1.89, 0.44, -1.78, -0.04, 4.1, -1.77, -1.33]
Episode: 7600, total reward: 140.25
each agent reward: [57.52, 34.53, 49.98, -1.39, -2.4, 0.98, 1.34, -0.44, -1.13, -0.58, 4.15, -1.26, -1.05]
Episode: 7700, total reward: 141.9
each agent reward: [58.2, 34.15, 49.98, -0.59, -2.19, 1.17, 1.46, 0.11, -1.63, -0.52, 4.07, -1.42, -0.89]
Episode: 7800, total reward: 141.40999999999997
each agent reward: [58.2, 33.96, 49.98, 0.03, -2.56, 1.26, 1.33, -0.51, -1.21, -1.1, 4.14, -2.08, -0.03]
Episode: 7900, total reward: 143.35000000000002
each agent reward: [57.61, 34.13, 50.1, -0.03, -2.73, 0.84, 1.31, 0.53, -1.28, -0.31, 4.4, -1.41, 0.19]
Episode: 8000, total reward: 142.69
each agent reward: [57.4, 34.92, 49.75, -0.32, -2.63, 0.87, 1.13, 1.01, -1.14, -0.08, 4.02, -1.11, -1.13]
Episode: 8100, total reward: 141.85
each agent reward: [57.65, 33.4, 49.79, -0.87, -2.11, 1.17, 1.59, 0.08, -1.13, -0.98, 4.5, -1.31, 0.07]
Episode: 8200, total reward: 141.51
each agent reward: [57.71, 33.92, 50.09, -0.43, -2.84, 1.09, 1.84, 0.07, -0.95, -0.69, 4.44, -1.59, -1.15]
Episode: 8300, total reward: 140.88000000000002
each agent reward: [57.67, 34.03, 49.93, -0.2, -2.8, 1.21, 1.51, 0.08, -1.4, -0.63, 4.27, -1.95, -0.84]
Episode: 8400, total reward: 142.81999999999994
each agent reward: [57.72, 33.98, 49.91, -0.02, -2.79, 1.22, 1.23, 0.39, -1.41, -0.19, 4.32, -1.02, -0.52]
Episode: 8500, total reward: 139.47000000000003
each agent reward: [57.46, 33.07, 50.32, -0.68, -2.39, 0.68, 1.24, -0.08, -1.37, -1.1, 4.22, -0.89, -1.01]
Episode: 8600, total reward: 139.85999999999999
each agent reward: [57.6, 33.47, 49.64, -0.07, -2.73, 0.78, 1.36, 0.45, -1.3, -0.71, 3.94, -1.47, -1.1]
Episode: 8700, total reward: 140.21
each agent reward: [57.98, 33.57, 49.89, -0.12, -2.23, 0.81, 0.93, 0.25, -1.71, -1.2, 4.52, -2.05, -0.43]
Episode: 8800, total reward: 141.42000000000004
each agent reward: [57.81, 34.23, 49.95, -0.42, -2.04, 0.99, 1.56, -0.32, -1.39, -0.49, 4.04, -1.82, -0.68]
Episode: 8900, total reward: 142.58999999999995
each agent reward: [57.69, 34.07, 50.16, -0.35, -2.33, 1.39, 1.44, 0.29, -1.34, -0.94, 4.32, -1.49, -0.32]
Episode: 9000, total reward: 138.46
each agent reward: [57.15, 33.98, 49.88, -0.35, -2.78, 0.83, 1.44, -0.64, -1.34, -0.91, 3.59, -1.28, -1.11]
Episode: 9100, total reward: 141.23000000000002
each agent reward: [57.74, 33.76, 49.99, -0.21, -2.78, 1.3, 1.4, 0.36, -1.33, -0.69, 3.62, -1.52, -0.41]
Episode: 9200, total reward: 142.06999999999996
each agent reward: [57.72, 33.8, 50.25, -0.33, -2.59, 1.12, 1.63, 0.21, -1.21, -0.06, 4.04, -1.42, -1.09]
Episode: 9300, total reward: 141.27
each agent reward: [57.72, 33.41, 50.25, -0.38, -2.47, 1.12, 1.45, 0.33, -1.33, -0.97, 4.58, -1.7, -0.74]
Episode: 9400, total reward: 142.54
each agent reward: [58.19, 34.36, 50.01, 0.27, -2.63, 1.57, 1.09, 0.14, -1.35, -0.92, 4.45, -2.06, -0.58]
Episode: 9500, total reward: 138.6
each agent reward: [57.15, 33.69, 50.06, -0.12, -2.72, 0.6, 1.47, -0.61, -1.09, -0.59, 3.75, -1.64, -1.35]
Episode: 9600, total reward: 141.60999999999999
each agent reward: [57.82, 33.77, 50.1, 0.44, -2.68, 0.95, 0.98, 0.4, -1.29, -1.07, 4.2, -0.92, -1.09]
Episode: 9700, total reward: 141.99999999999997
each agent reward: [57.55, 33.94, 50.11, 0.91, -2.39, 0.83, 1.23, -0.11, -1.18, -0.59, 3.89, -0.98, -1.21]
Episode: 9800, total reward: 142.25
each agent reward: [57.81, 34.51, 50.21, -0.34, -2.48, 1.35, 1.21, 0.22, -1.23, -1.22, 4.32, -0.9, -1.21]
Episode: 9900, total reward: 142.54
each agent reward: [57.75, 34.05, 49.68, 0.76, -2.34, 0.7, 1.31, 0.24, -1.55, -0.57, 4.19, -0.89, -0.79]
Episode: 10000, total reward: 138.65000000000006
each agent reward: [57.32, 34.36, 49.92, -0.73, -2.65, 0.79, 1.37, -0.45, -1.14, -0.93, 4.12, -1.41, -1.92]
